[0.080s] DEBUG:colcon:Command line arguments: ['/usr/bin/colcon', 'build']
[0.080s] DEBUG:colcon:Parsed command line arguments: Namespace(log_base=None, log_level=None, verb_name='build', build_base='build', install_base='install', merge_install=False, symlink_install=False, test_result_base=None, continue_on_error=False, executor='parallel', parallel_workers=12, event_handlers=None, ignore_user_meta=False, metas=['./colcon.meta'], base_paths=['.'], packages_ignore=None, packages_ignore_regex=None, paths=None, packages_up_to=None, packages_up_to_regex=None, packages_above=None, packages_above_and_dependencies=None, packages_above_depth=None, packages_select_by_dep=None, packages_skip_by_dep=None, packages_skip_up_to=None, packages_select_build_failed=False, packages_skip_build_finished=False, packages_select_test_failures=False, packages_skip_test_passed=False, packages_select=None, packages_skip=None, packages_select_regex=None, packages_skip_regex=None, packages_start=None, packages_end=None, allow_overriding=[], cmake_args=None, cmake_target=None, cmake_target_skip_unavailable=False, cmake_clean_cache=False, cmake_clean_first=False, cmake_force_configure=False, ament_cmake_args=None, catkin_cmake_args=None, catkin_skip_building_tests=False, mixin_files=None, mixin=None, verb_parser=<colcon_mixin.mixin.mixin_argument.MixinArgumentDecorator object at 0x753698a52b00>, verb_extension=<colcon_core.verb.build.BuildVerb object at 0x753698a100d0>, main=<bound method BuildVerb.main of <colcon_core.verb.build.BuildVerb object at 0x753698a100d0>>, mixin_verb=('build',))
[0.216s] Level 1:colcon.colcon_core.package_discovery:discover_packages(colcon_meta) check parameters
[0.216s] Level 1:colcon.colcon_core.package_discovery:discover_packages(recursive) check parameters
[0.216s] Level 1:colcon.colcon_core.package_discovery:discover_packages(ignore) check parameters
[0.216s] Level 1:colcon.colcon_core.package_discovery:discover_packages(path) check parameters
[0.216s] Level 1:colcon.colcon_core.package_discovery:discover_packages(colcon_meta) discover
[0.216s] Level 1:colcon.colcon_core.package_discovery:discover_packages(recursive) discover
[0.216s] INFO:colcon.colcon_core.package_discovery:Crawling recursively for packages in '/home/strazi/RINS-kappa/workspace'
[0.216s] Level 1:colcon.colcon_core.package_identification:_identify(.) by extensions ['ignore', 'ignore_ament_install']
[0.216s] Level 1:colcon.colcon_core.package_identification:_identify(.) by extension 'ignore'
[0.216s] Level 1:colcon.colcon_core.package_identification:_identify(.) by extension 'ignore_ament_install'
[0.216s] Level 1:colcon.colcon_core.package_identification:_identify(.) by extensions ['colcon_pkg']
[0.216s] Level 1:colcon.colcon_core.package_identification:_identify(.) by extension 'colcon_pkg'
[0.216s] Level 1:colcon.colcon_core.package_identification:_identify(.) by extensions ['colcon_meta']
[0.216s] Level 1:colcon.colcon_core.package_identification:_identify(.) by extension 'colcon_meta'
[0.217s] Level 1:colcon.colcon_core.package_identification:_identify(.) by extensions ['ros']
[0.217s] Level 1:colcon.colcon_core.package_identification:_identify(.) by extension 'ros'
[0.224s] Level 1:colcon.colcon_core.package_identification:_identify(.) by extensions ['cmake', 'python']
[0.224s] Level 1:colcon.colcon_core.package_identification:_identify(.) by extension 'cmake'
[0.224s] Level 1:colcon.colcon_core.package_identification:_identify(.) by extension 'python'
[0.224s] Level 1:colcon.colcon_core.package_identification:_identify(.) by extensions ['python_setup_py']
[0.224s] Level 1:colcon.colcon_core.package_identification:_identify(.) by extension 'python_setup_py'
[0.225s] Level 1:colcon.colcon_core.package_identification:_identify(build) by extensions ['ignore', 'ignore_ament_install']
[0.225s] Level 1:colcon.colcon_core.package_identification:_identify(build) by extension 'ignore'
[0.225s] Level 1:colcon.colcon_core.package_identification:_identify(build) ignored
[0.225s] Level 1:colcon.colcon_core.package_identification:_identify(install) by extensions ['ignore', 'ignore_ament_install']
[0.225s] Level 1:colcon.colcon_core.package_identification:_identify(install) by extension 'ignore'
[0.225s] Level 1:colcon.colcon_core.package_identification:_identify(install) ignored
[0.225s] Level 1:colcon.colcon_core.package_identification:_identify(log) by extensions ['ignore', 'ignore_ament_install']
[0.225s] Level 1:colcon.colcon_core.package_identification:_identify(log) by extension 'ignore'
[0.225s] Level 1:colcon.colcon_core.package_identification:_identify(log) ignored
[0.225s] Level 1:colcon.colcon_core.package_identification:_identify(src) by extensions ['ignore', 'ignore_ament_install']
[0.225s] Level 1:colcon.colcon_core.package_identification:_identify(src) by extension 'ignore'
[0.225s] Level 1:colcon.colcon_core.package_identification:_identify(src) by extension 'ignore_ament_install'
[0.225s] Level 1:colcon.colcon_core.package_identification:_identify(src) by extensions ['colcon_pkg']
[0.225s] Level 1:colcon.colcon_core.package_identification:_identify(src) by extension 'colcon_pkg'
[0.225s] Level 1:colcon.colcon_core.package_identification:_identify(src) by extensions ['colcon_meta']
[0.225s] Level 1:colcon.colcon_core.package_identification:_identify(src) by extension 'colcon_meta'
[0.225s] Level 1:colcon.colcon_core.package_identification:_identify(src) by extensions ['ros']
[0.225s] Level 1:colcon.colcon_core.package_identification:_identify(src) by extension 'ros'
[0.225s] Level 1:colcon.colcon_core.package_identification:_identify(src) by extensions ['cmake', 'python']
[0.225s] Level 1:colcon.colcon_core.package_identification:_identify(src) by extension 'cmake'
[0.225s] Level 1:colcon.colcon_core.package_identification:_identify(src) by extension 'python'
[0.225s] Level 1:colcon.colcon_core.package_identification:_identify(src) by extensions ['python_setup_py']
[0.226s] Level 1:colcon.colcon_core.package_identification:_identify(src) by extension 'python_setup_py'
[0.226s] Level 1:colcon.colcon_core.package_identification:_identify(src/custom_messages) by extensions ['ignore', 'ignore_ament_install']
[0.226s] Level 1:colcon.colcon_core.package_identification:_identify(src/custom_messages) by extension 'ignore'
[0.226s] Level 1:colcon.colcon_core.package_identification:_identify(src/custom_messages) by extension 'ignore_ament_install'
[0.226s] Level 1:colcon.colcon_core.package_identification:_identify(src/custom_messages) by extensions ['colcon_pkg']
[0.226s] Level 1:colcon.colcon_core.package_identification:_identify(src/custom_messages) by extension 'colcon_pkg'
[0.226s] Level 1:colcon.colcon_core.package_identification:_identify(src/custom_messages) by extensions ['colcon_meta']
[0.226s] Level 1:colcon.colcon_core.package_identification:_identify(src/custom_messages) by extension 'colcon_meta'
[0.226s] Level 1:colcon.colcon_core.package_identification:_identify(src/custom_messages) by extensions ['ros']
[0.226s] Level 1:colcon.colcon_core.package_identification:_identify(src/custom_messages) by extension 'ros'
[0.228s] DEBUG:colcon.colcon_core.package_identification:Package 'src/custom_messages' with type 'ros.ament_cmake' and name 'custom_messages'
[0.228s] Level 1:colcon.colcon_core.package_identification:_identify(src/dis_tutorial1) by extensions ['ignore', 'ignore_ament_install']
[0.228s] Level 1:colcon.colcon_core.package_identification:_identify(src/dis_tutorial1) by extension 'ignore'
[0.228s] Level 1:colcon.colcon_core.package_identification:_identify(src/dis_tutorial1) by extension 'ignore_ament_install'
[0.228s] Level 1:colcon.colcon_core.package_identification:_identify(src/dis_tutorial1) by extensions ['colcon_pkg']
[0.228s] Level 1:colcon.colcon_core.package_identification:_identify(src/dis_tutorial1) by extension 'colcon_pkg'
[0.228s] Level 1:colcon.colcon_core.package_identification:_identify(src/dis_tutorial1) by extensions ['colcon_meta']
[0.228s] Level 1:colcon.colcon_core.package_identification:_identify(src/dis_tutorial1) by extension 'colcon_meta'
[0.228s] Level 1:colcon.colcon_core.package_identification:_identify(src/dis_tutorial1) by extensions ['ros']
[0.228s] Level 1:colcon.colcon_core.package_identification:_identify(src/dis_tutorial1) by extension 'ros'
[0.229s] DEBUG:colcon.colcon_core.package_identification:Package 'src/dis_tutorial1' with type 'ros.ament_cmake' and name 'dis_tutorial1'
[0.229s] Level 1:colcon.colcon_core.package_identification:_identify(src/dis_tutorial2) by extensions ['ignore', 'ignore_ament_install']
[0.229s] Level 1:colcon.colcon_core.package_identification:_identify(src/dis_tutorial2) by extension 'ignore'
[0.229s] Level 1:colcon.colcon_core.package_identification:_identify(src/dis_tutorial2) by extension 'ignore_ament_install'
[0.229s] Level 1:colcon.colcon_core.package_identification:_identify(src/dis_tutorial2) by extensions ['colcon_pkg']
[0.229s] Level 1:colcon.colcon_core.package_identification:_identify(src/dis_tutorial2) by extension 'colcon_pkg'
[0.229s] Level 1:colcon.colcon_core.package_identification:_identify(src/dis_tutorial2) by extensions ['colcon_meta']
[0.229s] Level 1:colcon.colcon_core.package_identification:_identify(src/dis_tutorial2) by extension 'colcon_meta'
[0.229s] Level 1:colcon.colcon_core.package_identification:_identify(src/dis_tutorial2) by extensions ['ros']
[0.229s] Level 1:colcon.colcon_core.package_identification:_identify(src/dis_tutorial2) by extension 'ros'
[0.230s] DEBUG:colcon.colcon_core.package_identification:Package 'src/dis_tutorial2' with type 'ros.ament_python' and name 'dis_tutorial2'
[0.230s] Level 1:colcon.colcon_core.package_identification:_identify(src/dis_tutorial3) by extensions ['ignore', 'ignore_ament_install']
[0.230s] Level 1:colcon.colcon_core.package_identification:_identify(src/dis_tutorial3) by extension 'ignore'
[0.230s] Level 1:colcon.colcon_core.package_identification:_identify(src/dis_tutorial3) by extension 'ignore_ament_install'
[0.231s] Level 1:colcon.colcon_core.package_identification:_identify(src/dis_tutorial3) by extensions ['colcon_pkg']
[0.231s] Level 1:colcon.colcon_core.package_identification:_identify(src/dis_tutorial3) by extension 'colcon_pkg'
[0.231s] Level 1:colcon.colcon_core.package_identification:_identify(src/dis_tutorial3) by extensions ['colcon_meta']
[0.231s] Level 1:colcon.colcon_core.package_identification:_identify(src/dis_tutorial3) by extension 'colcon_meta'
[0.231s] Level 1:colcon.colcon_core.package_identification:_identify(src/dis_tutorial3) by extensions ['ros']
[0.231s] Level 1:colcon.colcon_core.package_identification:_identify(src/dis_tutorial3) by extension 'ros'
[0.231s] DEBUG:colcon.colcon_core.package_identification:Package 'src/dis_tutorial3' with type 'ros.ament_cmake' and name 'dis_tutorial3'
[0.231s] Level 1:colcon.colcon_core.package_identification:_identify(src/dis_tutorial4) by extensions ['ignore', 'ignore_ament_install']
[0.231s] Level 1:colcon.colcon_core.package_identification:_identify(src/dis_tutorial4) by extension 'ignore'
[0.232s] Level 1:colcon.colcon_core.package_identification:_identify(src/dis_tutorial4) by extension 'ignore_ament_install'
[0.232s] Level 1:colcon.colcon_core.package_identification:_identify(src/dis_tutorial4) by extensions ['colcon_pkg']
[0.232s] Level 1:colcon.colcon_core.package_identification:_identify(src/dis_tutorial4) by extension 'colcon_pkg'
[0.232s] Level 1:colcon.colcon_core.package_identification:_identify(src/dis_tutorial4) by extensions ['colcon_meta']
[0.232s] Level 1:colcon.colcon_core.package_identification:_identify(src/dis_tutorial4) by extension 'colcon_meta'
[0.232s] Level 1:colcon.colcon_core.package_identification:_identify(src/dis_tutorial4) by extensions ['ros']
[0.232s] Level 1:colcon.colcon_core.package_identification:_identify(src/dis_tutorial4) by extension 'ros'
[0.232s] DEBUG:colcon.colcon_core.package_identification:Package 'src/dis_tutorial4' with type 'ros.ament_cmake' and name 'dis_tutorial4'
[0.232s] Level 1:colcon.colcon_core.package_discovery:discover_packages(recursive) using defaults
[0.232s] Level 1:colcon.colcon_core.package_discovery:discover_packages(ignore) discover
[0.232s] Level 1:colcon.colcon_core.package_discovery:discover_packages(ignore) using defaults
[0.232s] Level 1:colcon.colcon_core.package_discovery:discover_packages(path) discover
[0.232s] Level 1:colcon.colcon_core.package_discovery:discover_packages(path) using defaults
[0.253s] Level 1:colcon.colcon_core.package_discovery:discover_packages(prefix_path) check parameters
[0.253s] Level 1:colcon.colcon_core.package_discovery:discover_packages(prefix_path) discover
[0.254s] DEBUG:colcon.colcon_installed_package_information.package_discovery:Found 5 installed packages in /home/strazi/RINS-kappa/workspace/install
[0.256s] DEBUG:colcon.colcon_installed_package_information.package_discovery:Found 386 installed packages in /opt/ros/humble
[0.257s] Level 1:colcon.colcon_core.package_discovery:discover_packages(prefix_path) using defaults
[0.295s] Level 5:colcon.colcon_core.verb:set package 'custom_messages' build argument 'cmake_args' from command line to 'None'
[0.295s] Level 5:colcon.colcon_core.verb:set package 'custom_messages' build argument 'cmake_target' from command line to 'None'
[0.295s] Level 5:colcon.colcon_core.verb:set package 'custom_messages' build argument 'cmake_target_skip_unavailable' from command line to 'False'
[0.295s] Level 5:colcon.colcon_core.verb:set package 'custom_messages' build argument 'cmake_clean_cache' from command line to 'False'
[0.295s] Level 5:colcon.colcon_core.verb:set package 'custom_messages' build argument 'cmake_clean_first' from command line to 'False'
[0.295s] Level 5:colcon.colcon_core.verb:set package 'custom_messages' build argument 'cmake_force_configure' from command line to 'False'
[0.295s] Level 5:colcon.colcon_core.verb:set package 'custom_messages' build argument 'ament_cmake_args' from command line to 'None'
[0.295s] Level 5:colcon.colcon_core.verb:set package 'custom_messages' build argument 'catkin_cmake_args' from command line to 'None'
[0.295s] Level 5:colcon.colcon_core.verb:set package 'custom_messages' build argument 'catkin_skip_building_tests' from command line to 'False'
[0.295s] DEBUG:colcon.colcon_core.verb:Building package 'custom_messages' with the following arguments: {'ament_cmake_args': None, 'build_base': '/home/strazi/RINS-kappa/workspace/build/custom_messages', 'catkin_cmake_args': None, 'catkin_skip_building_tests': False, 'cmake_args': None, 'cmake_clean_cache': False, 'cmake_clean_first': False, 'cmake_force_configure': False, 'cmake_target': None, 'cmake_target_skip_unavailable': False, 'install_base': '/home/strazi/RINS-kappa/workspace/install/custom_messages', 'merge_install': False, 'path': '/home/strazi/RINS-kappa/workspace/src/custom_messages', 'symlink_install': False, 'test_result_base': None}
[0.295s] Level 5:colcon.colcon_core.verb:set package 'dis_tutorial1' build argument 'cmake_args' from command line to 'None'
[0.295s] Level 5:colcon.colcon_core.verb:set package 'dis_tutorial1' build argument 'cmake_target' from command line to 'None'
[0.296s] Level 5:colcon.colcon_core.verb:set package 'dis_tutorial1' build argument 'cmake_target_skip_unavailable' from command line to 'False'
[0.296s] Level 5:colcon.colcon_core.verb:set package 'dis_tutorial1' build argument 'cmake_clean_cache' from command line to 'False'
[0.296s] Level 5:colcon.colcon_core.verb:set package 'dis_tutorial1' build argument 'cmake_clean_first' from command line to 'False'
[0.296s] Level 5:colcon.colcon_core.verb:set package 'dis_tutorial1' build argument 'cmake_force_configure' from command line to 'False'
[0.296s] Level 5:colcon.colcon_core.verb:set package 'dis_tutorial1' build argument 'ament_cmake_args' from command line to 'None'
[0.296s] Level 5:colcon.colcon_core.verb:set package 'dis_tutorial1' build argument 'catkin_cmake_args' from command line to 'None'
[0.296s] Level 5:colcon.colcon_core.verb:set package 'dis_tutorial1' build argument 'catkin_skip_building_tests' from command line to 'False'
[0.296s] DEBUG:colcon.colcon_core.verb:Building package 'dis_tutorial1' with the following arguments: {'ament_cmake_args': None, 'build_base': '/home/strazi/RINS-kappa/workspace/build/dis_tutorial1', 'catkin_cmake_args': None, 'catkin_skip_building_tests': False, 'cmake_args': None, 'cmake_clean_cache': False, 'cmake_clean_first': False, 'cmake_force_configure': False, 'cmake_target': None, 'cmake_target_skip_unavailable': False, 'install_base': '/home/strazi/RINS-kappa/workspace/install/dis_tutorial1', 'merge_install': False, 'path': '/home/strazi/RINS-kappa/workspace/src/dis_tutorial1', 'symlink_install': False, 'test_result_base': None}
[0.296s] Level 5:colcon.colcon_core.verb:set package 'dis_tutorial2' build argument 'cmake_args' from command line to 'None'
[0.296s] Level 5:colcon.colcon_core.verb:set package 'dis_tutorial2' build argument 'cmake_target' from command line to 'None'
[0.296s] Level 5:colcon.colcon_core.verb:set package 'dis_tutorial2' build argument 'cmake_target_skip_unavailable' from command line to 'False'
[0.296s] Level 5:colcon.colcon_core.verb:set package 'dis_tutorial2' build argument 'cmake_clean_cache' from command line to 'False'
[0.296s] Level 5:colcon.colcon_core.verb:set package 'dis_tutorial2' build argument 'cmake_clean_first' from command line to 'False'
[0.296s] Level 5:colcon.colcon_core.verb:set package 'dis_tutorial2' build argument 'cmake_force_configure' from command line to 'False'
[0.296s] Level 5:colcon.colcon_core.verb:set package 'dis_tutorial2' build argument 'ament_cmake_args' from command line to 'None'
[0.296s] Level 5:colcon.colcon_core.verb:set package 'dis_tutorial2' build argument 'catkin_cmake_args' from command line to 'None'
[0.296s] Level 5:colcon.colcon_core.verb:set package 'dis_tutorial2' build argument 'catkin_skip_building_tests' from command line to 'False'
[0.296s] DEBUG:colcon.colcon_core.verb:Building package 'dis_tutorial2' with the following arguments: {'ament_cmake_args': None, 'build_base': '/home/strazi/RINS-kappa/workspace/build/dis_tutorial2', 'catkin_cmake_args': None, 'catkin_skip_building_tests': False, 'cmake_args': None, 'cmake_clean_cache': False, 'cmake_clean_first': False, 'cmake_force_configure': False, 'cmake_target': None, 'cmake_target_skip_unavailable': False, 'install_base': '/home/strazi/RINS-kappa/workspace/install/dis_tutorial2', 'merge_install': False, 'path': '/home/strazi/RINS-kappa/workspace/src/dis_tutorial2', 'symlink_install': False, 'test_result_base': None}
[0.296s] Level 5:colcon.colcon_core.verb:set package 'dis_tutorial3' build argument 'cmake_args' from command line to 'None'
[0.296s] Level 5:colcon.colcon_core.verb:set package 'dis_tutorial3' build argument 'cmake_target' from command line to 'None'
[0.296s] Level 5:colcon.colcon_core.verb:set package 'dis_tutorial3' build argument 'cmake_target_skip_unavailable' from command line to 'False'
[0.296s] Level 5:colcon.colcon_core.verb:set package 'dis_tutorial3' build argument 'cmake_clean_cache' from command line to 'False'
[0.296s] Level 5:colcon.colcon_core.verb:set package 'dis_tutorial3' build argument 'cmake_clean_first' from command line to 'False'
[0.296s] Level 5:colcon.colcon_core.verb:set package 'dis_tutorial3' build argument 'cmake_force_configure' from command line to 'False'
[0.296s] Level 5:colcon.colcon_core.verb:set package 'dis_tutorial3' build argument 'ament_cmake_args' from command line to 'None'
[0.296s] Level 5:colcon.colcon_core.verb:set package 'dis_tutorial3' build argument 'catkin_cmake_args' from command line to 'None'
[0.296s] Level 5:colcon.colcon_core.verb:set package 'dis_tutorial3' build argument 'catkin_skip_building_tests' from command line to 'False'
[0.296s] DEBUG:colcon.colcon_core.verb:Building package 'dis_tutorial3' with the following arguments: {'ament_cmake_args': None, 'build_base': '/home/strazi/RINS-kappa/workspace/build/dis_tutorial3', 'catkin_cmake_args': None, 'catkin_skip_building_tests': False, 'cmake_args': None, 'cmake_clean_cache': False, 'cmake_clean_first': False, 'cmake_force_configure': False, 'cmake_target': None, 'cmake_target_skip_unavailable': False, 'install_base': '/home/strazi/RINS-kappa/workspace/install/dis_tutorial3', 'merge_install': False, 'path': '/home/strazi/RINS-kappa/workspace/src/dis_tutorial3', 'symlink_install': False, 'test_result_base': None}
[0.297s] Level 5:colcon.colcon_core.verb:set package 'dis_tutorial4' build argument 'cmake_args' from command line to 'None'
[0.297s] Level 5:colcon.colcon_core.verb:set package 'dis_tutorial4' build argument 'cmake_target' from command line to 'None'
[0.297s] Level 5:colcon.colcon_core.verb:set package 'dis_tutorial4' build argument 'cmake_target_skip_unavailable' from command line to 'False'
[0.297s] Level 5:colcon.colcon_core.verb:set package 'dis_tutorial4' build argument 'cmake_clean_cache' from command line to 'False'
[0.297s] Level 5:colcon.colcon_core.verb:set package 'dis_tutorial4' build argument 'cmake_clean_first' from command line to 'False'
[0.297s] Level 5:colcon.colcon_core.verb:set package 'dis_tutorial4' build argument 'cmake_force_configure' from command line to 'False'
[0.297s] Level 5:colcon.colcon_core.verb:set package 'dis_tutorial4' build argument 'ament_cmake_args' from command line to 'None'
[0.297s] Level 5:colcon.colcon_core.verb:set package 'dis_tutorial4' build argument 'catkin_cmake_args' from command line to 'None'
[0.297s] Level 5:colcon.colcon_core.verb:set package 'dis_tutorial4' build argument 'catkin_skip_building_tests' from command line to 'False'
[0.297s] DEBUG:colcon.colcon_core.verb:Building package 'dis_tutorial4' with the following arguments: {'ament_cmake_args': None, 'build_base': '/home/strazi/RINS-kappa/workspace/build/dis_tutorial4', 'catkin_cmake_args': None, 'catkin_skip_building_tests': False, 'cmake_args': None, 'cmake_clean_cache': False, 'cmake_clean_first': False, 'cmake_force_configure': False, 'cmake_target': None, 'cmake_target_skip_unavailable': False, 'install_base': '/home/strazi/RINS-kappa/workspace/install/dis_tutorial4', 'merge_install': False, 'path': '/home/strazi/RINS-kappa/workspace/src/dis_tutorial4', 'symlink_install': False, 'test_result_base': None}
[0.297s] INFO:colcon.colcon_core.executor:Executing jobs using 'parallel' executor
[0.298s] DEBUG:colcon.colcon_parallel_executor.executor.parallel:run_until_complete
[0.298s] INFO:colcon.colcon_ros.task.ament_cmake.build:Building ROS package in '/home/strazi/RINS-kappa/workspace/src/custom_messages' with build type 'ament_cmake'
[0.298s] INFO:colcon.colcon_cmake.task.cmake.build:Building CMake package in '/home/strazi/RINS-kappa/workspace/src/custom_messages'
[0.300s] INFO:colcon.colcon_core.plugin_system:Skipping extension 'colcon_core.shell.bat': Not used on non-Windows systems
[0.300s] INFO:colcon.colcon_core.shell:Skip shell extension 'powershell' for command environment: Not usable outside of PowerShell
[0.300s] DEBUG:colcon.colcon_core.shell:Skip shell extension 'dsv' for command environment
[0.303s] INFO:colcon.colcon_ros.task.ament_cmake.build:Building ROS package in '/home/strazi/RINS-kappa/workspace/src/dis_tutorial1' with build type 'ament_cmake'
[0.303s] INFO:colcon.colcon_cmake.task.cmake.build:Building CMake package in '/home/strazi/RINS-kappa/workspace/src/dis_tutorial1'
[0.304s] INFO:colcon.colcon_core.shell:Skip shell extension 'powershell' for command environment: Not usable outside of PowerShell
[0.304s] DEBUG:colcon.colcon_core.shell:Skip shell extension 'dsv' for command environment
[0.307s] INFO:colcon.colcon_ros.task.ament_python.build:Building ROS package in '/home/strazi/RINS-kappa/workspace/src/dis_tutorial2' with build type 'ament_python'
[0.307s] Level 1:colcon.colcon_core.shell:create_environment_hook('dis_tutorial2', 'ament_prefix_path')
[0.307s] INFO:colcon.colcon_core.shell:Creating environment hook '/home/strazi/RINS-kappa/workspace/install/dis_tutorial2/share/dis_tutorial2/hook/ament_prefix_path.ps1'
[0.307s] INFO:colcon.colcon_core.shell:Creating environment descriptor '/home/strazi/RINS-kappa/workspace/install/dis_tutorial2/share/dis_tutorial2/hook/ament_prefix_path.dsv'
[0.308s] INFO:colcon.colcon_core.shell:Creating environment hook '/home/strazi/RINS-kappa/workspace/install/dis_tutorial2/share/dis_tutorial2/hook/ament_prefix_path.sh'
[0.308s] INFO:colcon.colcon_core.shell:Skip shell extension 'powershell' for command environment: Not usable outside of PowerShell
[0.308s] DEBUG:colcon.colcon_core.shell:Skip shell extension 'dsv' for command environment
[0.311s] INFO:colcon.colcon_ros.task.ament_cmake.build:Building ROS package in '/home/strazi/RINS-kappa/workspace/src/dis_tutorial3' with build type 'ament_cmake'
[0.311s] INFO:colcon.colcon_cmake.task.cmake.build:Building CMake package in '/home/strazi/RINS-kappa/workspace/src/dis_tutorial3'
[0.311s] INFO:colcon.colcon_core.shell:Skip shell extension 'powershell' for command environment: Not usable outside of PowerShell
[0.311s] DEBUG:colcon.colcon_core.shell:Skip shell extension 'dsv' for command environment
[0.314s] INFO:colcon.colcon_ros.task.ament_cmake.build:Building ROS package in '/home/strazi/RINS-kappa/workspace/src/dis_tutorial4' with build type 'ament_cmake'
[0.314s] INFO:colcon.colcon_cmake.task.cmake.build:Building CMake package in '/home/strazi/RINS-kappa/workspace/src/dis_tutorial4'
[0.315s] INFO:colcon.colcon_core.shell:Skip shell extension 'powershell' for command environment: Not usable outside of PowerShell
[0.315s] DEBUG:colcon.colcon_core.shell:Skip shell extension 'dsv' for command environment
[0.322s] DEBUG:colcon.colcon_core.event_handler.log_command:Invoking command in '/home/strazi/RINS-kappa/workspace/build/custom_messages': CMAKE_PREFIX_PATH=${CMAKE_PREFIX_PATH}:/home/strazi/RINS-kappa/workspace/install/dis_tutorial2:/opt/ros/humble /usr/bin/cmake --build /home/strazi/RINS-kappa/workspace/build/custom_messages -- -j12 -l12
[0.325s] DEBUG:colcon.colcon_core.event_handler.log_command:Invoking command in '/home/strazi/RINS-kappa/workspace/build/dis_tutorial1': CMAKE_PREFIX_PATH=${CMAKE_PREFIX_PATH}:/home/strazi/RINS-kappa/workspace/install/dis_tutorial2:/opt/ros/humble /usr/bin/cmake --build /home/strazi/RINS-kappa/workspace/build/dis_tutorial1 -- -j12 -l12
[0.542s] INFO:colcon.colcon_core.task.python.build:Building Python package in '/home/strazi/RINS-kappa/workspace/src/dis_tutorial2'
[0.542s] INFO:colcon.colcon_core.shell:Skip shell extension 'powershell' for command environment: Not usable outside of PowerShell
[0.542s] DEBUG:colcon.colcon_core.shell:Skip shell extension 'dsv' for command environment
[0.550s] DEBUG:colcon.colcon_core.event_handler.log_command:Invoking command in '/home/strazi/RINS-kappa/workspace/build/dis_tutorial3': CMAKE_PREFIX_PATH=${CMAKE_PREFIX_PATH}:/home/strazi/RINS-kappa/workspace/install/dis_tutorial2:/opt/ros/humble /usr/bin/cmake --build /home/strazi/RINS-kappa/workspace/build/dis_tutorial3 -- -j12 -l12
[0.556s] DEBUG:colcon.colcon_core.event_handler.log_command:Invoking command in '/home/strazi/RINS-kappa/workspace/build/dis_tutorial4': CMAKE_PREFIX_PATH=${CMAKE_PREFIX_PATH}:/home/strazi/RINS-kappa/workspace/install/dis_tutorial2:/opt/ros/humble /usr/bin/cmake --build /home/strazi/RINS-kappa/workspace/build/dis_tutorial4 -- -j12 -l12
[0.587s] DEBUG:colcon.colcon_core.event_handler.log_command:Invoked command in '/home/strazi/RINS-kappa/workspace/build/dis_tutorial3' returned '0': CMAKE_PREFIX_PATH=${CMAKE_PREFIX_PATH}:/home/strazi/RINS-kappa/workspace/install/dis_tutorial2:/opt/ros/humble /usr/bin/cmake --build /home/strazi/RINS-kappa/workspace/build/dis_tutorial3 -- -j12 -l12
[0.597s] DEBUG:colcon.colcon_core.event_handler.log_command:Invoking command in '/home/strazi/RINS-kappa/workspace/build/dis_tutorial3': CMAKE_PREFIX_PATH=${CMAKE_PREFIX_PATH}:/home/strazi/RINS-kappa/workspace/install/dis_tutorial2:/opt/ros/humble /usr/bin/cmake --install /home/strazi/RINS-kappa/workspace/build/dis_tutorial3
[0.598s] DEBUG:colcon.colcon_core.event_handler.log_command:Invoked command in '/home/strazi/RINS-kappa/workspace/build/dis_tutorial4' returned '0': CMAKE_PREFIX_PATH=${CMAKE_PREFIX_PATH}:/home/strazi/RINS-kappa/workspace/install/dis_tutorial2:/opt/ros/humble /usr/bin/cmake --build /home/strazi/RINS-kappa/workspace/build/dis_tutorial4 -- -j12 -l12
[0.599s] DEBUG:colcon.colcon_core.event_handler.log_command:Invoking command in '/home/strazi/RINS-kappa/workspace/build/dis_tutorial4': CMAKE_PREFIX_PATH=${CMAKE_PREFIX_PATH}:/home/strazi/RINS-kappa/workspace/install/dis_tutorial2:/opt/ros/humble /usr/bin/cmake --install /home/strazi/RINS-kappa/workspace/build/dis_tutorial4
[0.609s] Level 1:colcon.colcon_core.environment:create_environment_scripts_only(dis_tutorial4)
[0.618s] DEBUG:colcon.colcon_core.event_handler.log_command:Invoked command in '/home/strazi/RINS-kappa/workspace/build/dis_tutorial4' returned '0': CMAKE_PREFIX_PATH=${CMAKE_PREFIX_PATH}:/home/strazi/RINS-kappa/workspace/install/dis_tutorial2:/opt/ros/humble /usr/bin/cmake --install /home/strazi/RINS-kappa/workspace/build/dis_tutorial4
[0.620s] Level 1:colcon.colcon_core.environment:checking '/home/strazi/RINS-kappa/workspace/install/dis_tutorial4' for CMake module files
[0.621s] Level 1:colcon.colcon_core.environment:checking '/home/strazi/RINS-kappa/workspace/install/dis_tutorial4' for CMake config files
[0.621s] Level 1:colcon.colcon_core.shell:create_environment_hook('dis_tutorial4', 'cmake_prefix_path')
[0.621s] INFO:colcon.colcon_core.shell:Creating environment hook '/home/strazi/RINS-kappa/workspace/install/dis_tutorial4/share/dis_tutorial4/hook/cmake_prefix_path.ps1'
[0.621s] INFO:colcon.colcon_core.shell:Creating environment descriptor '/home/strazi/RINS-kappa/workspace/install/dis_tutorial4/share/dis_tutorial4/hook/cmake_prefix_path.dsv'
[0.622s] INFO:colcon.colcon_core.shell:Creating environment hook '/home/strazi/RINS-kappa/workspace/install/dis_tutorial4/share/dis_tutorial4/hook/cmake_prefix_path.sh'
[0.622s] Level 1:colcon.colcon_core.environment:checking '/home/strazi/RINS-kappa/workspace/install/dis_tutorial4/lib'
[0.622s] Level 1:colcon.colcon_core.environment:checking '/home/strazi/RINS-kappa/workspace/install/dis_tutorial4/bin'
[0.622s] Level 1:colcon.colcon_core.environment:checking '/home/strazi/RINS-kappa/workspace/install/dis_tutorial4/lib/pkgconfig/dis_tutorial4.pc'
[0.622s] Level 1:colcon.colcon_core.environment:checking '/home/strazi/RINS-kappa/workspace/install/dis_tutorial4/lib/python3.10/site-packages'
[0.623s] Level 1:colcon.colcon_core.environment:checking '/home/strazi/RINS-kappa/workspace/install/dis_tutorial4/bin'
[0.623s] INFO:colcon.colcon_core.shell:Creating package script '/home/strazi/RINS-kappa/workspace/install/dis_tutorial4/share/dis_tutorial4/package.ps1'
[0.623s] INFO:colcon.colcon_core.shell:Creating package descriptor '/home/strazi/RINS-kappa/workspace/install/dis_tutorial4/share/dis_tutorial4/package.dsv'
[0.624s] INFO:colcon.colcon_core.shell:Creating package script '/home/strazi/RINS-kappa/workspace/install/dis_tutorial4/share/dis_tutorial4/package.sh'
[0.625s] INFO:colcon.colcon_core.shell:Creating package script '/home/strazi/RINS-kappa/workspace/install/dis_tutorial4/share/dis_tutorial4/package.bash'
[0.626s] INFO:colcon.colcon_core.shell:Creating package script '/home/strazi/RINS-kappa/workspace/install/dis_tutorial4/share/dis_tutorial4/package.zsh'
[0.627s] Level 1:colcon.colcon_core.environment:create_file_with_runtime_dependencies(/home/strazi/RINS-kappa/workspace/install/dis_tutorial4/share/colcon-core/packages/dis_tutorial4)
[0.627s] Level 1:colcon.colcon_core.environment:create_environment_scripts_only(dis_tutorial4)
[0.628s] Level 1:colcon.colcon_core.environment:checking '/home/strazi/RINS-kappa/workspace/install/dis_tutorial4' for CMake module files
[0.628s] Level 1:colcon.colcon_core.environment:checking '/home/strazi/RINS-kappa/workspace/install/dis_tutorial4' for CMake config files
[0.629s] Level 1:colcon.colcon_core.shell:create_environment_hook('dis_tutorial4', 'cmake_prefix_path')
[0.629s] INFO:colcon.colcon_core.shell:Creating environment hook '/home/strazi/RINS-kappa/workspace/install/dis_tutorial4/share/dis_tutorial4/hook/cmake_prefix_path.ps1'
[0.630s] INFO:colcon.colcon_core.shell:Creating environment descriptor '/home/strazi/RINS-kappa/workspace/install/dis_tutorial4/share/dis_tutorial4/hook/cmake_prefix_path.dsv'
[0.630s] INFO:colcon.colcon_core.shell:Creating environment hook '/home/strazi/RINS-kappa/workspace/install/dis_tutorial4/share/dis_tutorial4/hook/cmake_prefix_path.sh'
[0.631s] Level 1:colcon.colcon_core.environment:checking '/home/strazi/RINS-kappa/workspace/install/dis_tutorial4/lib'
[0.631s] Level 1:colcon.colcon_core.environment:checking '/home/strazi/RINS-kappa/workspace/install/dis_tutorial4/bin'
[0.631s] Level 1:colcon.colcon_core.environment:checking '/home/strazi/RINS-kappa/workspace/install/dis_tutorial4/lib/pkgconfig/dis_tutorial4.pc'
[0.631s] Level 1:colcon.colcon_core.environment:checking '/home/strazi/RINS-kappa/workspace/install/dis_tutorial4/lib/python3.10/site-packages'
[0.632s] Level 1:colcon.colcon_core.environment:checking '/home/strazi/RINS-kappa/workspace/install/dis_tutorial4/bin'
[0.632s] INFO:colcon.colcon_core.shell:Creating package script '/home/strazi/RINS-kappa/workspace/install/dis_tutorial4/share/dis_tutorial4/package.ps1'
[0.633s] INFO:colcon.colcon_core.shell:Creating package descriptor '/home/strazi/RINS-kappa/workspace/install/dis_tutorial4/share/dis_tutorial4/package.dsv'
[0.634s] INFO:colcon.colcon_core.shell:Creating package script '/home/strazi/RINS-kappa/workspace/install/dis_tutorial4/share/dis_tutorial4/package.sh'
[0.634s] INFO:colcon.colcon_core.shell:Creating package script '/home/strazi/RINS-kappa/workspace/install/dis_tutorial4/share/dis_tutorial4/package.bash'
[0.635s] INFO:colcon.colcon_core.shell:Creating package script '/home/strazi/RINS-kappa/workspace/install/dis_tutorial4/share/dis_tutorial4/package.zsh'
[0.635s] Level 1:colcon.colcon_core.environment:create_file_with_runtime_dependencies(/home/strazi/RINS-kappa/workspace/install/dis_tutorial4/share/colcon-core/packages/dis_tutorial4)
[0.637s] Level 1:colcon.colcon_core.environment:create_environment_scripts_only(dis_tutorial3)
[0.637s] Level 1:colcon.colcon_core.environment:checking '/home/strazi/RINS-kappa/workspace/install/dis_tutorial3' for CMake module files
[0.638s] DEBUG:colcon.colcon_core.event_handler.log_command:Invoked command in '/home/strazi/RINS-kappa/workspace/build/dis_tutorial3' returned '0': CMAKE_PREFIX_PATH=${CMAKE_PREFIX_PATH}:/home/strazi/RINS-kappa/workspace/install/dis_tutorial2:/opt/ros/humble /usr/bin/cmake --install /home/strazi/RINS-kappa/workspace/build/dis_tutorial3
[0.639s] Level 1:colcon.colcon_core.environment:checking '/home/strazi/RINS-kappa/workspace/install/dis_tutorial3' for CMake config files
[0.639s] Level 1:colcon.colcon_core.shell:create_environment_hook('dis_tutorial3', 'cmake_prefix_path')
[0.639s] INFO:colcon.colcon_core.shell:Creating environment hook '/home/strazi/RINS-kappa/workspace/install/dis_tutorial3/share/dis_tutorial3/hook/cmake_prefix_path.ps1'
[0.640s] INFO:colcon.colcon_core.shell:Creating environment descriptor '/home/strazi/RINS-kappa/workspace/install/dis_tutorial3/share/dis_tutorial3/hook/cmake_prefix_path.dsv'
[0.641s] INFO:colcon.colcon_core.shell:Creating environment hook '/home/strazi/RINS-kappa/workspace/install/dis_tutorial3/share/dis_tutorial3/hook/cmake_prefix_path.sh'
[0.641s] Level 1:colcon.colcon_core.environment:checking '/home/strazi/RINS-kappa/workspace/install/dis_tutorial3/lib'
[0.642s] Level 1:colcon.colcon_core.environment:checking '/home/strazi/RINS-kappa/workspace/install/dis_tutorial3/bin'
[0.642s] Level 1:colcon.colcon_core.environment:checking '/home/strazi/RINS-kappa/workspace/install/dis_tutorial3/lib/pkgconfig/dis_tutorial3.pc'
[0.642s] Level 1:colcon.colcon_core.environment:checking '/home/strazi/RINS-kappa/workspace/install/dis_tutorial3/lib/python3.10/site-packages'
[0.642s] Level 1:colcon.colcon_core.environment:checking '/home/strazi/RINS-kappa/workspace/install/dis_tutorial3/bin'
[0.643s] INFO:colcon.colcon_core.shell:Creating package script '/home/strazi/RINS-kappa/workspace/install/dis_tutorial3/share/dis_tutorial3/package.ps1'
[0.643s] INFO:colcon.colcon_core.shell:Creating package descriptor '/home/strazi/RINS-kappa/workspace/install/dis_tutorial3/share/dis_tutorial3/package.dsv'
[0.644s] INFO:colcon.colcon_core.shell:Creating package script '/home/strazi/RINS-kappa/workspace/install/dis_tutorial3/share/dis_tutorial3/package.sh'
[0.644s] INFO:colcon.colcon_core.shell:Creating package script '/home/strazi/RINS-kappa/workspace/install/dis_tutorial3/share/dis_tutorial3/package.bash'
[0.645s] INFO:colcon.colcon_core.shell:Creating package script '/home/strazi/RINS-kappa/workspace/install/dis_tutorial3/share/dis_tutorial3/package.zsh'
[0.645s] Level 1:colcon.colcon_core.environment:create_file_with_runtime_dependencies(/home/strazi/RINS-kappa/workspace/install/dis_tutorial3/share/colcon-core/packages/dis_tutorial3)
[0.646s] Level 1:colcon.colcon_core.environment:create_environment_scripts_only(dis_tutorial3)
[0.646s] Level 1:colcon.colcon_core.environment:checking '/home/strazi/RINS-kappa/workspace/install/dis_tutorial3' for CMake module files
[0.647s] Level 1:colcon.colcon_core.environment:checking '/home/strazi/RINS-kappa/workspace/install/dis_tutorial3' for CMake config files
[0.647s] Level 1:colcon.colcon_core.shell:create_environment_hook('dis_tutorial3', 'cmake_prefix_path')
[0.648s] INFO:colcon.colcon_core.shell:Creating environment hook '/home/strazi/RINS-kappa/workspace/install/dis_tutorial3/share/dis_tutorial3/hook/cmake_prefix_path.ps1'
[0.648s] INFO:colcon.colcon_core.shell:Creating environment descriptor '/home/strazi/RINS-kappa/workspace/install/dis_tutorial3/share/dis_tutorial3/hook/cmake_prefix_path.dsv'
[0.649s] INFO:colcon.colcon_core.shell:Creating environment hook '/home/strazi/RINS-kappa/workspace/install/dis_tutorial3/share/dis_tutorial3/hook/cmake_prefix_path.sh'
[0.650s] Level 1:colcon.colcon_core.environment:checking '/home/strazi/RINS-kappa/workspace/install/dis_tutorial3/lib'
[0.650s] Level 1:colcon.colcon_core.environment:checking '/home/strazi/RINS-kappa/workspace/install/dis_tutorial3/bin'
[0.650s] Level 1:colcon.colcon_core.environment:checking '/home/strazi/RINS-kappa/workspace/install/dis_tutorial3/lib/pkgconfig/dis_tutorial3.pc'
[0.650s] Level 1:colcon.colcon_core.environment:checking '/home/strazi/RINS-kappa/workspace/install/dis_tutorial3/lib/python3.10/site-packages'
[0.651s] Level 1:colcon.colcon_core.environment:checking '/home/strazi/RINS-kappa/workspace/install/dis_tutorial3/bin'
[0.651s] INFO:colcon.colcon_core.shell:Creating package script '/home/strazi/RINS-kappa/workspace/install/dis_tutorial3/share/dis_tutorial3/package.ps1'
[0.652s] INFO:colcon.colcon_core.shell:Creating package descriptor '/home/strazi/RINS-kappa/workspace/install/dis_tutorial3/share/dis_tutorial3/package.dsv'
[0.653s] INFO:colcon.colcon_core.shell:Creating package script '/home/strazi/RINS-kappa/workspace/install/dis_tutorial3/share/dis_tutorial3/package.sh'
[0.653s] INFO:colcon.colcon_core.shell:Creating package script '/home/strazi/RINS-kappa/workspace/install/dis_tutorial3/share/dis_tutorial3/package.bash'
[0.654s] INFO:colcon.colcon_core.shell:Creating package script '/home/strazi/RINS-kappa/workspace/install/dis_tutorial3/share/dis_tutorial3/package.zsh'
[0.654s] Level 1:colcon.colcon_core.environment:create_file_with_runtime_dependencies(/home/strazi/RINS-kappa/workspace/install/dis_tutorial3/share/colcon-core/packages/dis_tutorial3)
[0.656s] DEBUG:colcon.colcon_core.event_handler.log_command:Invoked command in '/home/strazi/RINS-kappa/workspace/build/dis_tutorial1' returned '0': CMAKE_PREFIX_PATH=${CMAKE_PREFIX_PATH}:/home/strazi/RINS-kappa/workspace/install/dis_tutorial2:/opt/ros/humble /usr/bin/cmake --build /home/strazi/RINS-kappa/workspace/build/dis_tutorial1 -- -j12 -l12
[0.657s] DEBUG:colcon.colcon_core.event_handler.log_command:Invoking command in '/home/strazi/RINS-kappa/workspace/build/dis_tutorial1': CMAKE_PREFIX_PATH=${CMAKE_PREFIX_PATH}:/home/strazi/RINS-kappa/workspace/install/dis_tutorial2:/opt/ros/humble /usr/bin/cmake --install /home/strazi/RINS-kappa/workspace/build/dis_tutorial1
[0.712s] Level 1:colcon.colcon_core.environment:create_environment_scripts_only(dis_tutorial1)
[0.712s] Level 1:colcon.colcon_core.environment:checking '/home/strazi/RINS-kappa/workspace/install/dis_tutorial1' for CMake module files
[0.713s] DEBUG:colcon.colcon_core.event_handler.log_command:Invoked command in '/home/strazi/RINS-kappa/workspace/build/dis_tutorial1' returned '0': CMAKE_PREFIX_PATH=${CMAKE_PREFIX_PATH}:/home/strazi/RINS-kappa/workspace/install/dis_tutorial2:/opt/ros/humble /usr/bin/cmake --install /home/strazi/RINS-kappa/workspace/build/dis_tutorial1
[0.713s] Level 1:colcon.colcon_core.environment:checking '/home/strazi/RINS-kappa/workspace/install/dis_tutorial1' for CMake config files
[0.714s] Level 1:colcon.colcon_core.shell:create_environment_hook('dis_tutorial1', 'cmake_prefix_path')
[0.714s] INFO:colcon.colcon_core.shell:Creating environment hook '/home/strazi/RINS-kappa/workspace/install/dis_tutorial1/share/dis_tutorial1/hook/cmake_prefix_path.ps1'
[0.714s] INFO:colcon.colcon_core.shell:Creating environment descriptor '/home/strazi/RINS-kappa/workspace/install/dis_tutorial1/share/dis_tutorial1/hook/cmake_prefix_path.dsv'
[0.715s] INFO:colcon.colcon_core.shell:Creating environment hook '/home/strazi/RINS-kappa/workspace/install/dis_tutorial1/share/dis_tutorial1/hook/cmake_prefix_path.sh'
[0.715s] Level 1:colcon.colcon_core.environment:checking '/home/strazi/RINS-kappa/workspace/install/dis_tutorial1/lib'
[0.715s] Level 1:colcon.colcon_core.shell:create_environment_hook('dis_tutorial1', 'ld_library_path_lib')
[0.715s] INFO:colcon.colcon_core.shell:Creating environment hook '/home/strazi/RINS-kappa/workspace/install/dis_tutorial1/share/dis_tutorial1/hook/ld_library_path_lib.ps1'
[0.715s] INFO:colcon.colcon_core.shell:Creating environment descriptor '/home/strazi/RINS-kappa/workspace/install/dis_tutorial1/share/dis_tutorial1/hook/ld_library_path_lib.dsv'
[0.716s] INFO:colcon.colcon_core.shell:Creating environment hook '/home/strazi/RINS-kappa/workspace/install/dis_tutorial1/share/dis_tutorial1/hook/ld_library_path_lib.sh'
[0.716s] Level 1:colcon.colcon_core.environment:checking '/home/strazi/RINS-kappa/workspace/install/dis_tutorial1/bin'
[0.716s] Level 1:colcon.colcon_core.environment:checking '/home/strazi/RINS-kappa/workspace/install/dis_tutorial1/lib/pkgconfig/dis_tutorial1.pc'
[0.716s] Level 1:colcon.colcon_core.environment:checking '/home/strazi/RINS-kappa/workspace/install/dis_tutorial1/lib/python3.10/site-packages'
[0.716s] Level 1:colcon.colcon_core.environment:checking '/home/strazi/RINS-kappa/workspace/install/dis_tutorial1/bin'
[0.717s] INFO:colcon.colcon_core.shell:Creating package script '/home/strazi/RINS-kappa/workspace/install/dis_tutorial1/share/dis_tutorial1/package.ps1'
[0.717s] INFO:colcon.colcon_core.shell:Creating package descriptor '/home/strazi/RINS-kappa/workspace/install/dis_tutorial1/share/dis_tutorial1/package.dsv'
[0.717s] INFO:colcon.colcon_core.shell:Creating package script '/home/strazi/RINS-kappa/workspace/install/dis_tutorial1/share/dis_tutorial1/package.sh'
[0.718s] INFO:colcon.colcon_core.shell:Creating package script '/home/strazi/RINS-kappa/workspace/install/dis_tutorial1/share/dis_tutorial1/package.bash'
[0.718s] INFO:colcon.colcon_core.shell:Creating package script '/home/strazi/RINS-kappa/workspace/install/dis_tutorial1/share/dis_tutorial1/package.zsh'
[0.718s] Level 1:colcon.colcon_core.environment:create_file_with_runtime_dependencies(/home/strazi/RINS-kappa/workspace/install/dis_tutorial1/share/colcon-core/packages/dis_tutorial1)
[0.719s] Level 1:colcon.colcon_core.environment:create_environment_scripts_only(dis_tutorial1)
[0.719s] Level 1:colcon.colcon_core.environment:checking '/home/strazi/RINS-kappa/workspace/install/dis_tutorial1' for CMake module files
[0.720s] Level 1:colcon.colcon_core.environment:checking '/home/strazi/RINS-kappa/workspace/install/dis_tutorial1' for CMake config files
[0.720s] Level 1:colcon.colcon_core.shell:create_environment_hook('dis_tutorial1', 'cmake_prefix_path')
[0.720s] INFO:colcon.colcon_core.shell:Creating environment hook '/home/strazi/RINS-kappa/workspace/install/dis_tutorial1/share/dis_tutorial1/hook/cmake_prefix_path.ps1'
[0.720s] INFO:colcon.colcon_core.shell:Creating environment descriptor '/home/strazi/RINS-kappa/workspace/install/dis_tutorial1/share/dis_tutorial1/hook/cmake_prefix_path.dsv'
[0.721s] INFO:colcon.colcon_core.shell:Creating environment hook '/home/strazi/RINS-kappa/workspace/install/dis_tutorial1/share/dis_tutorial1/hook/cmake_prefix_path.sh'
[0.721s] Level 1:colcon.colcon_core.environment:checking '/home/strazi/RINS-kappa/workspace/install/dis_tutorial1/lib'
[0.721s] Level 1:colcon.colcon_core.shell:create_environment_hook('dis_tutorial1', 'ld_library_path_lib')
[0.721s] INFO:colcon.colcon_core.shell:Creating environment hook '/home/strazi/RINS-kappa/workspace/install/dis_tutorial1/share/dis_tutorial1/hook/ld_library_path_lib.ps1'
[0.722s] INFO:colcon.colcon_core.shell:Creating environment descriptor '/home/strazi/RINS-kappa/workspace/install/dis_tutorial1/share/dis_tutorial1/hook/ld_library_path_lib.dsv'
[0.722s] INFO:colcon.colcon_core.shell:Creating environment hook '/home/strazi/RINS-kappa/workspace/install/dis_tutorial1/share/dis_tutorial1/hook/ld_library_path_lib.sh'
[0.722s] Level 1:colcon.colcon_core.environment:checking '/home/strazi/RINS-kappa/workspace/install/dis_tutorial1/bin'
[0.722s] Level 1:colcon.colcon_core.environment:checking '/home/strazi/RINS-kappa/workspace/install/dis_tutorial1/lib/pkgconfig/dis_tutorial1.pc'
[0.722s] Level 1:colcon.colcon_core.environment:checking '/home/strazi/RINS-kappa/workspace/install/dis_tutorial1/lib/python3.10/site-packages'
[0.723s] Level 1:colcon.colcon_core.environment:checking '/home/strazi/RINS-kappa/workspace/install/dis_tutorial1/bin'
[0.723s] INFO:colcon.colcon_core.shell:Creating package script '/home/strazi/RINS-kappa/workspace/install/dis_tutorial1/share/dis_tutorial1/package.ps1'
[0.723s] INFO:colcon.colcon_core.shell:Creating package descriptor '/home/strazi/RINS-kappa/workspace/install/dis_tutorial1/share/dis_tutorial1/package.dsv'
[0.723s] INFO:colcon.colcon_core.shell:Creating package script '/home/strazi/RINS-kappa/workspace/install/dis_tutorial1/share/dis_tutorial1/package.sh'
[0.724s] INFO:colcon.colcon_core.shell:Creating package script '/home/strazi/RINS-kappa/workspace/install/dis_tutorial1/share/dis_tutorial1/package.bash'
[0.724s] INFO:colcon.colcon_core.shell:Creating package script '/home/strazi/RINS-kappa/workspace/install/dis_tutorial1/share/dis_tutorial1/package.zsh'
[0.724s] Level 1:colcon.colcon_core.environment:create_file_with_runtime_dependencies(/home/strazi/RINS-kappa/workspace/install/dis_tutorial1/share/colcon-core/packages/dis_tutorial1)
[0.751s] DEBUG:colcon.colcon_core.event_handler.log_command:Invoked command in '/home/strazi/RINS-kappa/workspace/build/custom_messages' returned '2': CMAKE_PREFIX_PATH=${CMAKE_PREFIX_PATH}:/home/strazi/RINS-kappa/workspace/install/dis_tutorial2:/opt/ros/humble /usr/bin/cmake --build /home/strazi/RINS-kappa/workspace/build/custom_messages -- -j12 -l12
[0.751s] Level 1:colcon.colcon_core.environment:create_environment_scripts_only(custom_messages)
[0.752s] Level 1:colcon.colcon_core.environment:checking '/home/strazi/RINS-kappa/workspace/install/custom_messages' for CMake module files
[0.753s] Level 1:colcon.colcon_core.environment:checking '/home/strazi/RINS-kappa/workspace/install/custom_messages' for CMake config files
[0.754s] Level 1:colcon.colcon_core.shell:create_environment_hook('custom_messages', 'cmake_prefix_path')
[0.754s] INFO:colcon.colcon_core.shell:Creating environment hook '/home/strazi/RINS-kappa/workspace/install/custom_messages/share/custom_messages/hook/cmake_prefix_path.ps1'
[0.754s] INFO:colcon.colcon_core.shell:Creating environment descriptor '/home/strazi/RINS-kappa/workspace/install/custom_messages/share/custom_messages/hook/cmake_prefix_path.dsv'
[0.755s] INFO:colcon.colcon_core.shell:Creating environment hook '/home/strazi/RINS-kappa/workspace/install/custom_messages/share/custom_messages/hook/cmake_prefix_path.sh'
[0.756s] Level 1:colcon.colcon_core.environment:checking '/home/strazi/RINS-kappa/workspace/install/custom_messages/lib'
[0.756s] Level 1:colcon.colcon_core.shell:create_environment_hook('custom_messages', 'ld_library_path_lib')
[0.756s] INFO:colcon.colcon_core.shell:Creating environment hook '/home/strazi/RINS-kappa/workspace/install/custom_messages/share/custom_messages/hook/ld_library_path_lib.ps1'
[0.757s] INFO:colcon.colcon_core.shell:Creating environment descriptor '/home/strazi/RINS-kappa/workspace/install/custom_messages/share/custom_messages/hook/ld_library_path_lib.dsv'
[0.757s] INFO:colcon.colcon_core.shell:Creating environment hook '/home/strazi/RINS-kappa/workspace/install/custom_messages/share/custom_messages/hook/ld_library_path_lib.sh'
[0.758s] Level 1:colcon.colcon_core.environment:checking '/home/strazi/RINS-kappa/workspace/install/custom_messages/bin'
[0.758s] Level 1:colcon.colcon_core.environment:checking '/home/strazi/RINS-kappa/workspace/install/custom_messages/lib/pkgconfig/custom_messages.pc'
[0.758s] Level 1:colcon.colcon_core.environment:checking '/home/strazi/RINS-kappa/workspace/install/custom_messages/lib/python3.10/site-packages'
[0.758s] Level 1:colcon.colcon_core.environment:checking '/home/strazi/RINS-kappa/workspace/install/custom_messages/bin'
[0.759s] INFO:colcon.colcon_core.shell:Creating package script '/home/strazi/RINS-kappa/workspace/install/custom_messages/share/custom_messages/package.ps1'
[0.759s] INFO:colcon.colcon_core.shell:Creating package descriptor '/home/strazi/RINS-kappa/workspace/install/custom_messages/share/custom_messages/package.dsv'
[0.760s] INFO:colcon.colcon_core.shell:Creating package script '/home/strazi/RINS-kappa/workspace/install/custom_messages/share/custom_messages/package.sh'
[0.761s] INFO:colcon.colcon_core.shell:Creating package script '/home/strazi/RINS-kappa/workspace/install/custom_messages/share/custom_messages/package.bash'
[0.761s] INFO:colcon.colcon_core.shell:Creating package script '/home/strazi/RINS-kappa/workspace/install/custom_messages/share/custom_messages/package.zsh'
[0.762s] Level 1:colcon.colcon_core.environment:create_file_with_runtime_dependencies(/home/strazi/RINS-kappa/workspace/install/custom_messages/share/colcon-core/packages/custom_messages)
[0.855s] DEBUG:colcon.colcon_parallel_executor.executor.parallel:closing loop
[0.855s] DEBUG:colcon.colcon_parallel_executor.executor.parallel:loop closed
[0.855s] DEBUG:colcon.colcon_parallel_executor.executor.parallel:run_until_complete finished with '2'
[0.855s] DEBUG:colcon.colcon_core.event_reactor:joining thread
[0.859s] INFO:colcon.colcon_core.plugin_system:Skipping extension 'colcon_notification.desktop_notification.terminal_notifier': Not used on non-Darwin systems
[0.859s] INFO:colcon.colcon_core.plugin_system:Skipping extension 'colcon_notification.desktop_notification.win32': Not used on non-Windows systems
[0.860s] INFO:colcon.colcon_notification.desktop_notification:Sending desktop notification using 'notify2'
[0.873s] DEBUG:colcon.colcon_core.event_reactor:joined thread
[0.874s] INFO:colcon.colcon_core.shell:Creating prefix script '/home/strazi/RINS-kappa/workspace/install/local_setup.ps1'
[0.875s] INFO:colcon.colcon_core.shell:Creating prefix util module '/home/strazi/RINS-kappa/workspace/install/_local_setup_util_ps1.py'
[0.877s] INFO:colcon.colcon_core.shell:Creating prefix chain script '/home/strazi/RINS-kappa/workspace/install/setup.ps1'
[0.879s] INFO:colcon.colcon_core.shell:Creating prefix script '/home/strazi/RINS-kappa/workspace/install/local_setup.sh'
[0.880s] INFO:colcon.colcon_core.shell:Creating prefix util module '/home/strazi/RINS-kappa/workspace/install/_local_setup_util_sh.py'
[0.880s] INFO:colcon.colcon_core.shell:Creating prefix chain script '/home/strazi/RINS-kappa/workspace/install/setup.sh'
[0.882s] INFO:colcon.colcon_core.shell:Creating prefix script '/home/strazi/RINS-kappa/workspace/install/local_setup.bash'
[0.883s] INFO:colcon.colcon_core.shell:Creating prefix chain script '/home/strazi/RINS-kappa/workspace/install/setup.bash'
[0.884s] INFO:colcon.colcon_core.shell:Creating prefix script '/home/strazi/RINS-kappa/workspace/install/local_setup.zsh'
[0.885s] INFO:colcon.colcon_core.shell:Creating prefix chain script '/home/strazi/RINS-kappa/workspace/install/setup.zsh'
