[0.565s] Invoking command in '/home/strazi/RINS-kappa/workspace/src/dis_tutorial2': PYTHONPATH=/home/strazi/RINS-kappa/workspace/build/dis_tutorial2/prefix_override:/usr/lib/python3/dist-packages/colcon_core/task/python/colcon_distutils_commands:/home/strazi/RINS-kappa/workspace/install/dis_tutorial2/lib/python3.10/site-packages:${PYTHONPATH} /usr/bin/python3 -W ignore:setup.py install is deprecated -W ignore:easy_install command is deprecated setup.py egg_info --egg-base ../../build/dis_tutorial2 build --build-base /home/strazi/RINS-kappa/workspace/build/dis_tutorial2/build install --record /home/strazi/RINS-kappa/workspace/build/dis_tutorial2/install.log --single-version-externally-managed install_data
[0.756s] running egg_info
[0.756s] writing ../../build/dis_tutorial2/dis_tutorial2.egg-info/PKG-INFO
[0.756s] writing dependency_links to ../../build/dis_tutorial2/dis_tutorial2.egg-info/dependency_links.txt
[0.756s] writing entry points to ../../build/dis_tutorial2/dis_tutorial2.egg-info/entry_points.txt
[0.756s] writing requirements to ../../build/dis_tutorial2/dis_tutorial2.egg-info/requires.txt
[0.757s] writing top-level names to ../../build/dis_tutorial2/dis_tutorial2.egg-info/top_level.txt
[0.758s] reading manifest file '../../build/dis_tutorial2/dis_tutorial2.egg-info/SOURCES.txt'
[0.758s] writing manifest file '../../build/dis_tutorial2/dis_tutorial2.egg-info/SOURCES.txt'
[0.759s] running build
[0.759s] running build_py
[0.759s] running install
[0.759s] running install_lib
[0.760s] running install_data
[0.760s] running install_egg_info
[0.761s] removing '/home/strazi/RINS-kappa/workspace/install/dis_tutorial2/lib/python3.10/site-packages/dis_tutorial2-0.0.1-py3.10.egg-info' (and everything under it)
[0.762s] Copying ../../build/dis_tutorial2/dis_tutorial2.egg-info to /home/strazi/RINS-kappa/workspace/install/dis_tutorial2/lib/python3.10/site-packages/dis_tutorial2-0.0.1-py3.10.egg-info
[0.762s] running install_scripts
[0.777s] Installing achtung_die_turtle script to /home/strazi/RINS-kappa/workspace/install/dis_tutorial2/lib/dis_tutorial2
[0.777s] Installing draw_client script to /home/strazi/RINS-kappa/workspace/install/dis_tutorial2/lib/dis_tutorial2
[0.778s] Installing draw_shape script to /home/strazi/RINS-kappa/workspace/install/dis_tutorial2/lib/dis_tutorial2
[0.778s] Installing go_to_position script to /home/strazi/RINS-kappa/workspace/install/dis_tutorial2/lib/dis_tutorial2
[0.778s] Installing random_velocity_publisher script to /home/strazi/RINS-kappa/workspace/install/dis_tutorial2/lib/dis_tutorial2
[0.778s] writing list of installed files to '/home/strazi/RINS-kappa/workspace/build/dis_tutorial2/install.log'
[0.793s] Invoked command in '/home/strazi/RINS-kappa/workspace/src/dis_tutorial2' returned '0': PYTHONPATH=/home/strazi/RINS-kappa/workspace/build/dis_tutorial2/prefix_override:/usr/lib/python3/dist-packages/colcon_core/task/python/colcon_distutils_commands:/home/strazi/RINS-kappa/workspace/install/dis_tutorial2/lib/python3.10/site-packages:${PYTHONPATH} /usr/bin/python3 -W ignore:setup.py install is deprecated -W ignore:easy_install command is deprecated setup.py egg_info --egg-base ../../build/dis_tutorial2 build --build-base /home/strazi/RINS-kappa/workspace/build/dis_tutorial2/build install --record /home/strazi/RINS-kappa/workspace/build/dis_tutorial2/install.log --single-version-externally-managed install_data
