[0.819s] Invoking command in '/home/thelegend442/faxic/RINS-kappa/workspace/src/dis_tutorial2': PYTHONPATH=/home/thelegend442/faxic/RINS-kappa/build/dis_tutorial2/prefix_override:/usr/lib/python3/dist-packages/colcon_core/task/python/colcon_distutils_commands:/home/thelegend442/faxic/RINS-kappa/install/dis_tutorial2/lib/python3.10/site-packages:${PYTHONPATH} /usr/bin/python3 -W ignore:setup.py install is deprecated -W ignore:easy_install command is deprecated setup.py egg_info --egg-base ../../../build/dis_tutorial2 build --build-base /home/thelegend442/faxic/RINS-kappa/build/dis_tutorial2/build install --record /home/thelegend442/faxic/RINS-kappa/build/dis_tutorial2/install.log --single-version-externally-managed install_data
[1.027s] running egg_info
[1.027s] creating ../../../build/dis_tutorial2/dis_tutorial2.egg-info
[1.044s] writing ../../../build/dis_tutorial2/dis_tutorial2.egg-info/PKG-INFO
[1.045s] writing dependency_links to ../../../build/dis_tutorial2/dis_tutorial2.egg-info/dependency_links.txt
[1.045s] writing entry points to ../../../build/dis_tutorial2/dis_tutorial2.egg-info/entry_points.txt
[1.045s] writing requirements to ../../../build/dis_tutorial2/dis_tutorial2.egg-info/requires.txt
[1.045s] writing top-level names to ../../../build/dis_tutorial2/dis_tutorial2.egg-info/top_level.txt
[1.045s] writing manifest file '../../../build/dis_tutorial2/dis_tutorial2.egg-info/SOURCES.txt'
[1.081s] reading manifest file '../../../build/dis_tutorial2/dis_tutorial2.egg-info/SOURCES.txt'
[1.082s] writing manifest file '../../../build/dis_tutorial2/dis_tutorial2.egg-info/SOURCES.txt'
[1.082s] running build
[1.082s] running build_py
[1.082s] creating /home/thelegend442/faxic/RINS-kappa/build/dis_tutorial2/build
[1.082s] creating /home/thelegend442/faxic/RINS-kappa/build/dis_tutorial2/build/lib
[1.082s] creating /home/thelegend442/faxic/RINS-kappa/build/dis_tutorial2/build/lib/dis_tutorial2
[1.082s] copying dis_tutorial2/achtung_die_turtles.py -> /home/thelegend442/faxic/RINS-kappa/build/dis_tutorial2/build/lib/dis_tutorial2
[1.082s] copying dis_tutorial2/random_velocity_publisher_node.py -> /home/thelegend442/faxic/RINS-kappa/build/dis_tutorial2/build/lib/dis_tutorial2
[1.082s] copying dis_tutorial2/draw_shape_node.py -> /home/thelegend442/faxic/RINS-kappa/build/dis_tutorial2/build/lib/dis_tutorial2
[1.083s] copying dis_tutorial2/draw_client.py -> /home/thelegend442/faxic/RINS-kappa/build/dis_tutorial2/build/lib/dis_tutorial2
[1.083s] copying dis_tutorial2/__init__.py -> /home/thelegend442/faxic/RINS-kappa/build/dis_tutorial2/build/lib/dis_tutorial2
[1.083s] copying dis_tutorial2/go_to_position_simple_node.py -> /home/thelegend442/faxic/RINS-kappa/build/dis_tutorial2/build/lib/dis_tutorial2
[1.083s] running install
[1.090s] running install_lib
[1.108s] creating /home/thelegend442/faxic/RINS-kappa/install/dis_tutorial2/lib/python3.10/site-packages/dis_tutorial2
[1.108s] copying /home/thelegend442/faxic/RINS-kappa/build/dis_tutorial2/build/lib/dis_tutorial2/achtung_die_turtles.py -> /home/thelegend442/faxic/RINS-kappa/install/dis_tutorial2/lib/python3.10/site-packages/dis_tutorial2
[1.108s] copying /home/thelegend442/faxic/RINS-kappa/build/dis_tutorial2/build/lib/dis_tutorial2/random_velocity_publisher_node.py -> /home/thelegend442/faxic/RINS-kappa/install/dis_tutorial2/lib/python3.10/site-packages/dis_tutorial2
[1.108s] copying /home/thelegend442/faxic/RINS-kappa/build/dis_tutorial2/build/lib/dis_tutorial2/draw_shape_node.py -> /home/thelegend442/faxic/RINS-kappa/install/dis_tutorial2/lib/python3.10/site-packages/dis_tutorial2
[1.109s] copying /home/thelegend442/faxic/RINS-kappa/build/dis_tutorial2/build/lib/dis_tutorial2/draw_client.py -> /home/thelegend442/faxic/RINS-kappa/install/dis_tutorial2/lib/python3.10/site-packages/dis_tutorial2
[1.109s] copying /home/thelegend442/faxic/RINS-kappa/build/dis_tutorial2/build/lib/dis_tutorial2/__init__.py -> /home/thelegend442/faxic/RINS-kappa/install/dis_tutorial2/lib/python3.10/site-packages/dis_tutorial2
[1.109s] copying /home/thelegend442/faxic/RINS-kappa/build/dis_tutorial2/build/lib/dis_tutorial2/go_to_position_simple_node.py -> /home/thelegend442/faxic/RINS-kappa/install/dis_tutorial2/lib/python3.10/site-packages/dis_tutorial2
[1.109s] byte-compiling /home/thelegend442/faxic/RINS-kappa/install/dis_tutorial2/lib/python3.10/site-packages/dis_tutorial2/achtung_die_turtles.py to achtung_die_turtles.cpython-310.pyc
[1.112s] byte-compiling /home/thelegend442/faxic/RINS-kappa/install/dis_tutorial2/lib/python3.10/site-packages/dis_tutorial2/random_velocity_publisher_node.py to random_velocity_publisher_node.cpython-310.pyc
[1.112s] byte-compiling /home/thelegend442/faxic/RINS-kappa/install/dis_tutorial2/lib/python3.10/site-packages/dis_tutorial2/draw_shape_node.py to draw_shape_node.cpython-310.pyc
[1.113s] byte-compiling /home/thelegend442/faxic/RINS-kappa/install/dis_tutorial2/lib/python3.10/site-packages/dis_tutorial2/draw_client.py to draw_client.cpython-310.pyc
[1.113s] byte-compiling /home/thelegend442/faxic/RINS-kappa/install/dis_tutorial2/lib/python3.10/site-packages/dis_tutorial2/__init__.py to __init__.cpython-310.pyc
[1.114s] byte-compiling /home/thelegend442/faxic/RINS-kappa/install/dis_tutorial2/lib/python3.10/site-packages/dis_tutorial2/go_to_position_simple_node.py to go_to_position_simple_node.cpython-310.pyc
[1.115s] running install_data
[1.115s] creating /home/thelegend442/faxic/RINS-kappa/install/dis_tutorial2/share/ament_index
[1.115s] creating /home/thelegend442/faxic/RINS-kappa/install/dis_tutorial2/share/ament_index/resource_index
[1.115s] creating /home/thelegend442/faxic/RINS-kappa/install/dis_tutorial2/share/ament_index/resource_index/packages
[1.115s] copying resource/dis_tutorial2 -> /home/thelegend442/faxic/RINS-kappa/install/dis_tutorial2/share/ament_index/resource_index/packages
[1.115s] copying package.xml -> /home/thelegend442/faxic/RINS-kappa/install/dis_tutorial2/share/dis_tutorial2
[1.115s] creating /home/thelegend442/faxic/RINS-kappa/install/dis_tutorial2/share/dis_tutorial2/launch
[1.116s] copying launch/example_launch.py -> /home/thelegend442/faxic/RINS-kappa/install/dis_tutorial2/share/dis_tutorial2/launch
[1.116s] copying launch/go_to_position_launch.py -> /home/thelegend442/faxic/RINS-kappa/install/dis_tutorial2/share/dis_tutorial2/launch
[1.116s] copying launch/example_launch.xml -> /home/thelegend442/faxic/RINS-kappa/install/dis_tutorial2/share/dis_tutorial2/launch
[1.116s] copying launch/example_launch.yaml -> /home/thelegend442/faxic/RINS-kappa/install/dis_tutorial2/share/dis_tutorial2/launch
[1.116s] running install_egg_info
[1.135s] Copying ../../../build/dis_tutorial2/dis_tutorial2.egg-info to /home/thelegend442/faxic/RINS-kappa/install/dis_tutorial2/lib/python3.10/site-packages/dis_tutorial2-0.0.1-py3.10.egg-info
[1.136s] running install_scripts
[1.286s] Installing achtung_die_turtle script to /home/thelegend442/faxic/RINS-kappa/install/dis_tutorial2/lib/dis_tutorial2
[1.286s] Installing draw_client script to /home/thelegend442/faxic/RINS-kappa/install/dis_tutorial2/lib/dis_tutorial2
[1.286s] Installing draw_shape script to /home/thelegend442/faxic/RINS-kappa/install/dis_tutorial2/lib/dis_tutorial2
[1.286s] Installing go_to_position script to /home/thelegend442/faxic/RINS-kappa/install/dis_tutorial2/lib/dis_tutorial2
[1.286s] Installing random_velocity_publisher script to /home/thelegend442/faxic/RINS-kappa/install/dis_tutorial2/lib/dis_tutorial2
[1.286s] writing list of installed files to '/home/thelegend442/faxic/RINS-kappa/build/dis_tutorial2/install.log'
[1.333s] Invoked command in '/home/thelegend442/faxic/RINS-kappa/workspace/src/dis_tutorial2' returned '0': PYTHONPATH=/home/thelegend442/faxic/RINS-kappa/build/dis_tutorial2/prefix_override:/usr/lib/python3/dist-packages/colcon_core/task/python/colcon_distutils_commands:/home/thelegend442/faxic/RINS-kappa/install/dis_tutorial2/lib/python3.10/site-packages:${PYTHONPATH} /usr/bin/python3 -W ignore:setup.py install is deprecated -W ignore:easy_install command is deprecated setup.py egg_info --egg-base ../../../build/dis_tutorial2 build --build-base /home/thelegend442/faxic/RINS-kappa/build/dis_tutorial2/build install --record /home/thelegend442/faxic/RINS-kappa/build/dis_tutorial2/install.log --single-version-externally-managed install_data
