[0.040s] Invoking command in '/home/strazi/RINS-kappa/workspace/build/custom_messages': CMAKE_PREFIX_PATH=${CMAKE_PREFIX_PATH}:/home/strazi/RINS-kappa/workspace/install/dis_tutorial2:/opt/ros/humble /usr/bin/cmake --build /home/strazi/RINS-kappa/workspace/build/custom_messages -- -j12 -l12
[0.449s] [  1%] Built target custom_messages__cpp
[0.450s] [ 12%] Built target custom_messages__rosidl_generator_c
[0.450s] [ 12%] Built target ament_cmake_python_copy_custom_messages
[0.450s] [ 23%] Built target custom_messages__rosidl_typesupport_cpp
[0.450s] [ 34%] Built target custom_messages__rosidl_typesupport_fastrtps_c
[0.450s] [ 45%] Built target custom_messages__rosidl_typesupport_introspection_cpp
[0.450s] [ 61%] Built target custom_messages__rosidl_typesupport_c
[0.450s] [ 70%] Built target custom_messages__rosidl_typesupport_fastrtps_cpp
[0.452s] [ 78%] Built target custom_messages__rosidl_typesupport_introspection_c
[0.453s] [ 78%] Built target custom_messages
[0.453s] [ 80%] Built target custom_messages__py
[0.453s] [ 89%] Built target custom_messages__rosidl_generator_py
[0.453s] [ 92%] Built target custom_messages__rosidl_typesupport_introspection_c__pyext
[0.454s] [ 96%] Built target custom_messages__rosidl_typesupport_c__pyext
[0.454s] [100%] Built target custom_messages__rosidl_typesupport_fastrtps_c__pyext
[0.589s] running egg_info
[0.590s] writing custom_messages.egg-info/PKG-INFO
[0.590s] writing dependency_links to custom_messages.egg-info/dependency_links.txt
[0.590s] writing top-level names to custom_messages.egg-info/top_level.txt
[0.595s] reading manifest file 'custom_messages.egg-info/SOURCES.txt'
[0.597s] writing manifest file 'custom_messages.egg-info/SOURCES.txt'
[0.657s] [100%] Built target ament_cmake_python_build_custom_messages_egg
[0.678s] Invoked command in '/home/strazi/RINS-kappa/workspace/build/custom_messages' returned '0': CMAKE_PREFIX_PATH=${CMAKE_PREFIX_PATH}:/home/strazi/RINS-kappa/workspace/install/dis_tutorial2:/opt/ros/humble /usr/bin/cmake --build /home/strazi/RINS-kappa/workspace/build/custom_messages -- -j12 -l12
[0.681s] Invoking command in '/home/strazi/RINS-kappa/workspace/build/custom_messages': CMAKE_PREFIX_PATH=${CMAKE_PREFIX_PATH}:/home/strazi/RINS-kappa/workspace/install/dis_tutorial2:/opt/ros/humble /usr/bin/cmake --install /home/strazi/RINS-kappa/workspace/build/custom_messages
[0.693s] -- Install configuration: ""
[0.693s] -- Up-to-date: /home/strazi/RINS-kappa/workspace/install/custom_messages/share/ament_index/resource_index/rosidl_interfaces/custom_messages
[0.693s] -- Up-to-date: /home/strazi/RINS-kappa/workspace/install/custom_messages/include/custom_messages/custom_messages
[0.693s] -- Up-to-date: /home/strazi/RINS-kappa/workspace/install/custom_messages/include/custom_messages/custom_messages/srv
[0.693s] -- Up-to-date: /home/strazi/RINS-kappa/workspace/install/custom_messages/include/custom_messages/custom_messages/srv/poses_in_front_of_faces.h
[0.693s] -- Up-to-date: /home/strazi/RINS-kappa/workspace/install/custom_messages/include/custom_messages/custom_messages/srv/shape.h
[0.693s] -- Up-to-date: /home/strazi/RINS-kappa/workspace/install/custom_messages/include/custom_messages/custom_messages/srv/detail
[0.693s] -- Up-to-date: /home/strazi/RINS-kappa/workspace/install/custom_messages/include/custom_messages/custom_messages/srv/detail/shape__functions.h
[0.694s] -- Up-to-date: /home/strazi/RINS-kappa/workspace/install/custom_messages/include/custom_messages/custom_messages/srv/detail/poses_in_front_of_faces__functions.h
[0.694s] -- Up-to-date: /home/strazi/RINS-kappa/workspace/install/custom_messages/include/custom_messages/custom_messages/srv/detail/poses_in_front_of_faces__struct.h
[0.694s] -- Up-to-date: /home/strazi/RINS-kappa/workspace/install/custom_messages/include/custom_messages/custom_messages/srv/detail/shape__struct.h
[0.694s] -- Up-to-date: /home/strazi/RINS-kappa/workspace/install/custom_messages/include/custom_messages/custom_messages/srv/detail/poses_in_front_of_faces__functions.c
[0.694s] -- Up-to-date: /home/strazi/RINS-kappa/workspace/install/custom_messages/include/custom_messages/custom_messages/srv/detail/shape__type_support.h
[0.694s] -- Up-to-date: /home/strazi/RINS-kappa/workspace/install/custom_messages/include/custom_messages/custom_messages/srv/detail/shape__functions.c
[0.694s] -- Up-to-date: /home/strazi/RINS-kappa/workspace/install/custom_messages/include/custom_messages/custom_messages/srv/detail/poses_in_front_of_faces__type_support.h
[0.695s] -- Up-to-date: /home/strazi/RINS-kappa/workspace/install/custom_messages/include/custom_messages/custom_messages/msg
[0.695s] -- Up-to-date: /home/strazi/RINS-kappa/workspace/install/custom_messages/include/custom_messages/custom_messages/msg/ring_coordinates.h
[0.695s] -- Up-to-date: /home/strazi/RINS-kappa/workspace/install/custom_messages/include/custom_messages/custom_messages/msg/face_coordinates.h
[0.695s] -- Up-to-date: /home/strazi/RINS-kappa/workspace/install/custom_messages/include/custom_messages/custom_messages/msg/rosidl_generator_c__visibility_control.h
[0.695s] -- Up-to-date: /home/strazi/RINS-kappa/workspace/install/custom_messages/include/custom_messages/custom_messages/msg/detail
[0.695s] -- Up-to-date: /home/strazi/RINS-kappa/workspace/install/custom_messages/include/custom_messages/custom_messages/msg/detail/face_coordinates__functions.h
[0.695s] -- Up-to-date: /home/strazi/RINS-kappa/workspace/install/custom_messages/include/custom_messages/custom_messages/msg/detail/ring_coordinates__struct.h
[0.695s] -- Up-to-date: /home/strazi/RINS-kappa/workspace/install/custom_messages/include/custom_messages/custom_messages/msg/detail/ring_coordinates__functions.h
[0.695s] -- Up-to-date: /home/strazi/RINS-kappa/workspace/install/custom_messages/include/custom_messages/custom_messages/msg/detail/face_coordinates__functions.c
[0.695s] -- Up-to-date: /home/strazi/RINS-kappa/workspace/install/custom_messages/include/custom_messages/custom_messages/msg/detail/ring_coordinates__functions.c
[0.695s] -- Up-to-date: /home/strazi/RINS-kappa/workspace/install/custom_messages/include/custom_messages/custom_messages/msg/detail/ring_coordinates__type_support.h
[0.696s] -- Up-to-date: /home/strazi/RINS-kappa/workspace/install/custom_messages/include/custom_messages/custom_messages/msg/detail/face_coordinates__struct.h
[0.696s] -- Up-to-date: /home/strazi/RINS-kappa/workspace/install/custom_messages/include/custom_messages/custom_messages/msg/detail/face_coordinates__type_support.h
[0.696s] -- Up-to-date: /home/strazi/RINS-kappa/workspace/install/custom_messages/share/custom_messages/environment/library_path.sh
[0.696s] -- Up-to-date: /home/strazi/RINS-kappa/workspace/install/custom_messages/share/custom_messages/environment/library_path.dsv
[0.696s] -- Up-to-date: /home/strazi/RINS-kappa/workspace/install/custom_messages/lib/libcustom_messages__rosidl_generator_c.so
[0.696s] -- Up-to-date: /home/strazi/RINS-kappa/workspace/install/custom_messages/include/custom_messages/custom_messages
[0.696s] -- Up-to-date: /home/strazi/RINS-kappa/workspace/install/custom_messages/include/custom_messages/custom_messages/srv
[0.696s] -- Up-to-date: /home/strazi/RINS-kappa/workspace/install/custom_messages/include/custom_messages/custom_messages/srv/detail
[0.696s] -- Up-to-date: /home/strazi/RINS-kappa/workspace/install/custom_messages/include/custom_messages/custom_messages/srv/detail/poses_in_front_of_faces__rosidl_typesupport_fastrtps_c.h
[0.696s] -- Up-to-date: /home/strazi/RINS-kappa/workspace/install/custom_messages/include/custom_messages/custom_messages/srv/detail/shape__rosidl_typesupport_fastrtps_c.h
[0.697s] -- Up-to-date: /home/strazi/RINS-kappa/workspace/install/custom_messages/include/custom_messages/custom_messages/msg
[0.697s] -- Up-to-date: /home/strazi/RINS-kappa/workspace/install/custom_messages/include/custom_messages/custom_messages/msg/rosidl_typesupport_fastrtps_c__visibility_control.h
[0.697s] -- Up-to-date: /home/strazi/RINS-kappa/workspace/install/custom_messages/include/custom_messages/custom_messages/msg/detail
[0.697s] -- Up-to-date: /home/strazi/RINS-kappa/workspace/install/custom_messages/include/custom_messages/custom_messages/msg/detail/ring_coordinates__rosidl_typesupport_fastrtps_c.h
[0.697s] -- Up-to-date: /home/strazi/RINS-kappa/workspace/install/custom_messages/include/custom_messages/custom_messages/msg/detail/face_coordinates__rosidl_typesupport_fastrtps_c.h
[0.697s] -- Up-to-date: /home/strazi/RINS-kappa/workspace/install/custom_messages/lib/libcustom_messages__rosidl_typesupport_fastrtps_c.so
[0.697s] -- Up-to-date: /home/strazi/RINS-kappa/workspace/install/custom_messages/include/custom_messages/custom_messages
[0.697s] -- Up-to-date: /home/strazi/RINS-kappa/workspace/install/custom_messages/include/custom_messages/custom_messages/srv
[0.697s] -- Up-to-date: /home/strazi/RINS-kappa/workspace/install/custom_messages/include/custom_messages/custom_messages/srv/shape.hpp
[0.697s] -- Up-to-date: /home/strazi/RINS-kappa/workspace/install/custom_messages/include/custom_messages/custom_messages/srv/poses_in_front_of_faces.hpp
[0.697s] -- Up-to-date: /home/strazi/RINS-kappa/workspace/install/custom_messages/include/custom_messages/custom_messages/srv/detail
[0.697s] -- Up-to-date: /home/strazi/RINS-kappa/workspace/install/custom_messages/include/custom_messages/custom_messages/srv/detail/shape__traits.hpp
[0.697s] -- Up-to-date: /home/strazi/RINS-kappa/workspace/install/custom_messages/include/custom_messages/custom_messages/srv/detail/poses_in_front_of_faces__struct.hpp
[0.698s] -- Up-to-date: /home/strazi/RINS-kappa/workspace/install/custom_messages/include/custom_messages/custom_messages/srv/detail/shape__struct.hpp
[0.698s] -- Up-to-date: /home/strazi/RINS-kappa/workspace/install/custom_messages/include/custom_messages/custom_messages/srv/detail/shape__builder.hpp
[0.698s] -- Up-to-date: /home/strazi/RINS-kappa/workspace/install/custom_messages/include/custom_messages/custom_messages/srv/detail/shape__type_support.hpp
[0.698s] -- Up-to-date: /home/strazi/RINS-kappa/workspace/install/custom_messages/include/custom_messages/custom_messages/srv/detail/poses_in_front_of_faces__builder.hpp
[0.698s] -- Up-to-date: /home/strazi/RINS-kappa/workspace/install/custom_messages/include/custom_messages/custom_messages/srv/detail/poses_in_front_of_faces__traits.hpp
[0.698s] -- Up-to-date: /home/strazi/RINS-kappa/workspace/install/custom_messages/include/custom_messages/custom_messages/srv/detail/poses_in_front_of_faces__type_support.hpp
[0.698s] -- Up-to-date: /home/strazi/RINS-kappa/workspace/install/custom_messages/include/custom_messages/custom_messages/msg
[0.698s] -- Up-to-date: /home/strazi/RINS-kappa/workspace/install/custom_messages/include/custom_messages/custom_messages/msg/face_coordinates.hpp
[0.698s] -- Up-to-date: /home/strazi/RINS-kappa/workspace/install/custom_messages/include/custom_messages/custom_messages/msg/ring_coordinates.hpp
[0.698s] -- Up-to-date: /home/strazi/RINS-kappa/workspace/install/custom_messages/include/custom_messages/custom_messages/msg/rosidl_generator_cpp__visibility_control.hpp
[0.698s] -- Up-to-date: /home/strazi/RINS-kappa/workspace/install/custom_messages/include/custom_messages/custom_messages/msg/detail
[0.698s] -- Up-to-date: /home/strazi/RINS-kappa/workspace/install/custom_messages/include/custom_messages/custom_messages/msg/detail/face_coordinates__type_support.hpp
[0.698s] -- Up-to-date: /home/strazi/RINS-kappa/workspace/install/custom_messages/include/custom_messages/custom_messages/msg/detail/face_coordinates__builder.hpp
[0.698s] -- Up-to-date: /home/strazi/RINS-kappa/workspace/install/custom_messages/include/custom_messages/custom_messages/msg/detail/ring_coordinates__traits.hpp
[0.699s] -- Up-to-date: /home/strazi/RINS-kappa/workspace/install/custom_messages/include/custom_messages/custom_messages/msg/detail/ring_coordinates__struct.hpp
[0.699s] -- Up-to-date: /home/strazi/RINS-kappa/workspace/install/custom_messages/include/custom_messages/custom_messages/msg/detail/face_coordinates__traits.hpp
[0.699s] -- Up-to-date: /home/strazi/RINS-kappa/workspace/install/custom_messages/include/custom_messages/custom_messages/msg/detail/ring_coordinates__type_support.hpp
[0.699s] -- Up-to-date: /home/strazi/RINS-kappa/workspace/install/custom_messages/include/custom_messages/custom_messages/msg/detail/face_coordinates__struct.hpp
[0.699s] -- Up-to-date: /home/strazi/RINS-kappa/workspace/install/custom_messages/include/custom_messages/custom_messages/msg/detail/ring_coordinates__builder.hpp
[0.699s] -- Up-to-date: /home/strazi/RINS-kappa/workspace/install/custom_messages/include/custom_messages/custom_messages
[0.699s] -- Up-to-date: /home/strazi/RINS-kappa/workspace/install/custom_messages/include/custom_messages/custom_messages/srv
[0.699s] -- Up-to-date: /home/strazi/RINS-kappa/workspace/install/custom_messages/include/custom_messages/custom_messages/srv/detail
[0.699s] -- Up-to-date: /home/strazi/RINS-kappa/workspace/install/custom_messages/include/custom_messages/custom_messages/srv/detail/shape__rosidl_typesupport_fastrtps_cpp.hpp
[0.699s] -- Up-to-date: /home/strazi/RINS-kappa/workspace/install/custom_messages/include/custom_messages/custom_messages/srv/detail/poses_in_front_of_faces__rosidl_typesupport_fastrtps_cpp.hpp
[0.699s] -- Up-to-date: /home/strazi/RINS-kappa/workspace/install/custom_messages/include/custom_messages/custom_messages/srv/detail/dds_fastrtps
[0.700s] -- Up-to-date: /home/strazi/RINS-kappa/workspace/install/custom_messages/include/custom_messages/custom_messages/msg
[0.700s] -- Up-to-date: /home/strazi/RINS-kappa/workspace/install/custom_messages/include/custom_messages/custom_messages/msg/rosidl_typesupport_fastrtps_cpp__visibility_control.h
[0.700s] -- Up-to-date: /home/strazi/RINS-kappa/workspace/install/custom_messages/include/custom_messages/custom_messages/msg/detail
[0.700s] -- Up-to-date: /home/strazi/RINS-kappa/workspace/install/custom_messages/include/custom_messages/custom_messages/msg/detail/dds_fastrtps
[0.701s] -- Up-to-date: /home/strazi/RINS-kappa/workspace/install/custom_messages/include/custom_messages/custom_messages/msg/detail/ring_coordinates__rosidl_typesupport_fastrtps_cpp.hpp
[0.701s] -- Up-to-date: /home/strazi/RINS-kappa/workspace/install/custom_messages/include/custom_messages/custom_messages/msg/detail/face_coordinates__rosidl_typesupport_fastrtps_cpp.hpp
[0.702s] -- Up-to-date: /home/strazi/RINS-kappa/workspace/install/custom_messages/lib/libcustom_messages__rosidl_typesupport_fastrtps_cpp.so
[0.702s] -- Up-to-date: /home/strazi/RINS-kappa/workspace/install/custom_messages/include/custom_messages/custom_messages
[0.702s] -- Up-to-date: /home/strazi/RINS-kappa/workspace/install/custom_messages/include/custom_messages/custom_messages/srv
[0.702s] -- Up-to-date: /home/strazi/RINS-kappa/workspace/install/custom_messages/include/custom_messages/custom_messages/srv/detail
[0.702s] -- Up-to-date: /home/strazi/RINS-kappa/workspace/install/custom_messages/include/custom_messages/custom_messages/srv/detail/shape__type_support.c
[0.702s] -- Up-to-date: /home/strazi/RINS-kappa/workspace/install/custom_messages/include/custom_messages/custom_messages/srv/detail/poses_in_front_of_faces__rosidl_typesupport_introspection_c.h
[0.702s] -- Up-to-date: /home/strazi/RINS-kappa/workspace/install/custom_messages/include/custom_messages/custom_messages/srv/detail/poses_in_front_of_faces__type_support.c
[0.702s] -- Up-to-date: /home/strazi/RINS-kappa/workspace/install/custom_messages/include/custom_messages/custom_messages/srv/detail/shape__rosidl_typesupport_introspection_c.h
[0.702s] -- Up-to-date: /home/strazi/RINS-kappa/workspace/install/custom_messages/include/custom_messages/custom_messages/msg
[0.702s] -- Up-to-date: /home/strazi/RINS-kappa/workspace/install/custom_messages/include/custom_messages/custom_messages/msg/rosidl_typesupport_introspection_c__visibility_control.h
[0.702s] -- Up-to-date: /home/strazi/RINS-kappa/workspace/install/custom_messages/include/custom_messages/custom_messages/msg/detail
[0.702s] -- Up-to-date: /home/strazi/RINS-kappa/workspace/install/custom_messages/include/custom_messages/custom_messages/msg/detail/ring_coordinates__rosidl_typesupport_introspection_c.h
[0.702s] -- Up-to-date: /home/strazi/RINS-kappa/workspace/install/custom_messages/include/custom_messages/custom_messages/msg/detail/face_coordinates__type_support.c
[0.703s] -- Up-to-date: /home/strazi/RINS-kappa/workspace/install/custom_messages/include/custom_messages/custom_messages/msg/detail/face_coordinates__rosidl_typesupport_introspection_c.h
[0.703s] -- Up-to-date: /home/strazi/RINS-kappa/workspace/install/custom_messages/include/custom_messages/custom_messages/msg/detail/ring_coordinates__type_support.c
[0.703s] -- Up-to-date: /home/strazi/RINS-kappa/workspace/install/custom_messages/lib/libcustom_messages__rosidl_typesupport_introspection_c.so
[0.703s] -- Up-to-date: /home/strazi/RINS-kappa/workspace/install/custom_messages/lib/libcustom_messages__rosidl_typesupport_c.so
[0.703s] -- Up-to-date: /home/strazi/RINS-kappa/workspace/install/custom_messages/include/custom_messages/custom_messages
[0.703s] -- Up-to-date: /home/strazi/RINS-kappa/workspace/install/custom_messages/include/custom_messages/custom_messages/srv
[0.703s] -- Up-to-date: /home/strazi/RINS-kappa/workspace/install/custom_messages/include/custom_messages/custom_messages/srv/detail
[0.703s] -- Up-to-date: /home/strazi/RINS-kappa/workspace/install/custom_messages/include/custom_messages/custom_messages/srv/detail/shape__type_support.cpp
[0.703s] -- Up-to-date: /home/strazi/RINS-kappa/workspace/install/custom_messages/include/custom_messages/custom_messages/srv/detail/poses_in_front_of_faces__rosidl_typesupport_introspection_cpp.hpp
[0.703s] -- Up-to-date: /home/strazi/RINS-kappa/workspace/install/custom_messages/include/custom_messages/custom_messages/srv/detail/shape__rosidl_typesupport_introspection_cpp.hpp
[0.703s] -- Up-to-date: /home/strazi/RINS-kappa/workspace/install/custom_messages/include/custom_messages/custom_messages/srv/detail/poses_in_front_of_faces__type_support.cpp
[0.704s] -- Up-to-date: /home/strazi/RINS-kappa/workspace/install/custom_messages/include/custom_messages/custom_messages/msg
[0.704s] -- Up-to-date: /home/strazi/RINS-kappa/workspace/install/custom_messages/include/custom_messages/custom_messages/msg/detail
[0.704s] -- Up-to-date: /home/strazi/RINS-kappa/workspace/install/custom_messages/include/custom_messages/custom_messages/msg/detail/ring_coordinates__rosidl_typesupport_introspection_cpp.hpp
[0.704s] -- Up-to-date: /home/strazi/RINS-kappa/workspace/install/custom_messages/include/custom_messages/custom_messages/msg/detail/face_coordinates__rosidl_typesupport_introspection_cpp.hpp
[0.704s] -- Up-to-date: /home/strazi/RINS-kappa/workspace/install/custom_messages/include/custom_messages/custom_messages/msg/detail/face_coordinates__type_support.cpp
[0.704s] -- Up-to-date: /home/strazi/RINS-kappa/workspace/install/custom_messages/include/custom_messages/custom_messages/msg/detail/ring_coordinates__type_support.cpp
[0.704s] -- Up-to-date: /home/strazi/RINS-kappa/workspace/install/custom_messages/lib/libcustom_messages__rosidl_typesupport_introspection_cpp.so
[0.704s] -- Up-to-date: /home/strazi/RINS-kappa/workspace/install/custom_messages/lib/libcustom_messages__rosidl_typesupport_cpp.so
[0.704s] -- Up-to-date: /home/strazi/RINS-kappa/workspace/install/custom_messages/share/custom_messages/environment/pythonpath.sh
[0.704s] -- Up-to-date: /home/strazi/RINS-kappa/workspace/install/custom_messages/share/custom_messages/environment/pythonpath.dsv
[0.704s] -- Up-to-date: /home/strazi/RINS-kappa/workspace/install/custom_messages/local/lib/python3.10/dist-packages/custom_messages-0.0.0-py3.10.egg-info
[0.704s] -- Installing: /home/strazi/RINS-kappa/workspace/install/custom_messages/local/lib/python3.10/dist-packages/custom_messages-0.0.0-py3.10.egg-info/SOURCES.txt
[0.707s] -- Installing: /home/strazi/RINS-kappa/workspace/install/custom_messages/local/lib/python3.10/dist-packages/custom_messages-0.0.0-py3.10.egg-info/top_level.txt
[0.708s] -- Installing: /home/strazi/RINS-kappa/workspace/install/custom_messages/local/lib/python3.10/dist-packages/custom_messages-0.0.0-py3.10.egg-info/dependency_links.txt
[0.708s] -- Installing: /home/strazi/RINS-kappa/workspace/install/custom_messages/local/lib/python3.10/dist-packages/custom_messages-0.0.0-py3.10.egg-info/PKG-INFO
[0.708s] -- Up-to-date: /home/strazi/RINS-kappa/workspace/install/custom_messages/local/lib/python3.10/dist-packages/custom_messages
[0.708s] -- Up-to-date: /home/strazi/RINS-kappa/workspace/install/custom_messages/local/lib/python3.10/dist-packages/custom_messages/_custom_messages_s.ep.rosidl_typesupport_c.c
[0.708s] -- Up-to-date: /home/strazi/RINS-kappa/workspace/install/custom_messages/local/lib/python3.10/dist-packages/custom_messages/custom_messages_s__rosidl_typesupport_introspection_c.cpython-310-x86_64-linux-gnu.so
[0.708s] -- Up-to-date: /home/strazi/RINS-kappa/workspace/install/custom_messages/local/lib/python3.10/dist-packages/custom_messages/libcustom_messages__rosidl_generator_py.so
[0.708s] -- Up-to-date: /home/strazi/RINS-kappa/workspace/install/custom_messages/local/lib/python3.10/dist-packages/custom_messages/custom_messages_s__rosidl_typesupport_fastrtps_c.cpython-310-x86_64-linux-gnu.so
[0.708s] -- Up-to-date: /home/strazi/RINS-kappa/workspace/install/custom_messages/local/lib/python3.10/dist-packages/custom_messages/_custom_messages_s.ep.rosidl_typesupport_fastrtps_c.c
[0.709s] -- Up-to-date: /home/strazi/RINS-kappa/workspace/install/custom_messages/local/lib/python3.10/dist-packages/custom_messages/srv
[0.709s] -- Up-to-date: /home/strazi/RINS-kappa/workspace/install/custom_messages/local/lib/python3.10/dist-packages/custom_messages/srv/_shape.py
[0.709s] -- Up-to-date: /home/strazi/RINS-kappa/workspace/install/custom_messages/local/lib/python3.10/dist-packages/custom_messages/srv/_shape_s.c
[0.709s] -- Up-to-date: /home/strazi/RINS-kappa/workspace/install/custom_messages/local/lib/python3.10/dist-packages/custom_messages/srv/__init__.py
[0.709s] -- Up-to-date: /home/strazi/RINS-kappa/workspace/install/custom_messages/local/lib/python3.10/dist-packages/custom_messages/srv/_poses_in_front_of_faces_s.c
[0.709s] -- Up-to-date: /home/strazi/RINS-kappa/workspace/install/custom_messages/local/lib/python3.10/dist-packages/custom_messages/srv/_poses_in_front_of_faces.py
[0.709s] -- Up-to-date: /home/strazi/RINS-kappa/workspace/install/custom_messages/local/lib/python3.10/dist-packages/custom_messages/__init__.py
[0.710s] -- Up-to-date: /home/strazi/RINS-kappa/workspace/install/custom_messages/local/lib/python3.10/dist-packages/custom_messages/_custom_messages_s.ep.rosidl_typesupport_introspection_c.c
[0.710s] -- Up-to-date: /home/strazi/RINS-kappa/workspace/install/custom_messages/local/lib/python3.10/dist-packages/custom_messages/custom_messages_s__rosidl_typesupport_c.cpython-310-x86_64-linux-gnu.so
[0.710s] -- Up-to-date: /home/strazi/RINS-kappa/workspace/install/custom_messages/local/lib/python3.10/dist-packages/custom_messages/msg
[0.710s] -- Up-to-date: /home/strazi/RINS-kappa/workspace/install/custom_messages/local/lib/python3.10/dist-packages/custom_messages/msg/_face_coordinates.py
[0.710s] -- Up-to-date: /home/strazi/RINS-kappa/workspace/install/custom_messages/local/lib/python3.10/dist-packages/custom_messages/msg/_face_coordinates_s.c
[0.710s] -- Up-to-date: /home/strazi/RINS-kappa/workspace/install/custom_messages/local/lib/python3.10/dist-packages/custom_messages/msg/__init__.py
[0.710s] -- Up-to-date: /home/strazi/RINS-kappa/workspace/install/custom_messages/local/lib/python3.10/dist-packages/custom_messages/msg/_ring_coordinates.py
[0.712s] -- Up-to-date: /home/strazi/RINS-kappa/workspace/install/custom_messages/local/lib/python3.10/dist-packages/custom_messages/msg/_ring_coordinates_s.c
[0.741s] Listing '/home/strazi/RINS-kappa/workspace/install/custom_messages/local/lib/python3.10/dist-packages/custom_messages'...
[0.742s] Listing '/home/strazi/RINS-kappa/workspace/install/custom_messages/local/lib/python3.10/dist-packages/custom_messages/msg'...
[0.742s] Listing '/home/strazi/RINS-kappa/workspace/install/custom_messages/local/lib/python3.10/dist-packages/custom_messages/srv'...
[0.748s] -- Up-to-date: /home/strazi/RINS-kappa/workspace/install/custom_messages/local/lib/python3.10/dist-packages/custom_messages/custom_messages_s__rosidl_typesupport_fastrtps_c.cpython-310-x86_64-linux-gnu.so
[0.748s] -- Up-to-date: /home/strazi/RINS-kappa/workspace/install/custom_messages/local/lib/python3.10/dist-packages/custom_messages/custom_messages_s__rosidl_typesupport_introspection_c.cpython-310-x86_64-linux-gnu.so
[0.749s] -- Up-to-date: /home/strazi/RINS-kappa/workspace/install/custom_messages/local/lib/python3.10/dist-packages/custom_messages/custom_messages_s__rosidl_typesupport_c.cpython-310-x86_64-linux-gnu.so
[0.750s] -- Up-to-date: /home/strazi/RINS-kappa/workspace/install/custom_messages/lib/libcustom_messages__rosidl_generator_py.so
[0.750s] -- Up-to-date: /home/strazi/RINS-kappa/workspace/install/custom_messages/share/custom_messages/msg/FaceCoordinates.idl
[0.750s] -- Up-to-date: /home/strazi/RINS-kappa/workspace/install/custom_messages/share/custom_messages/msg/RingCoordinates.idl
[0.750s] -- Up-to-date: /home/strazi/RINS-kappa/workspace/install/custom_messages/share/custom_messages/srv/Shape.idl
[0.750s] -- Up-to-date: /home/strazi/RINS-kappa/workspace/install/custom_messages/share/custom_messages/srv/PosesInFrontOfFaces.idl
[0.751s] -- Up-to-date: /home/strazi/RINS-kappa/workspace/install/custom_messages/share/custom_messages/msg/FaceCoordinates.msg
[0.751s] -- Up-to-date: /home/strazi/RINS-kappa/workspace/install/custom_messages/share/custom_messages/msg/RingCoordinates.msg
[0.751s] -- Up-to-date: /home/strazi/RINS-kappa/workspace/install/custom_messages/share/custom_messages/srv/Shape.srv
[0.751s] -- Up-to-date: /home/strazi/RINS-kappa/workspace/install/custom_messages/share/custom_messages/srv/Shape_Request.msg
[0.751s] -- Up-to-date: /home/strazi/RINS-kappa/workspace/install/custom_messages/share/custom_messages/srv/Shape_Response.msg
[0.751s] -- Up-to-date: /home/strazi/RINS-kappa/workspace/install/custom_messages/share/custom_messages/srv/PosesInFrontOfFaces.srv
[0.751s] -- Up-to-date: /home/strazi/RINS-kappa/workspace/install/custom_messages/share/custom_messages/srv/PosesInFrontOfFaces_Request.msg
[0.751s] -- Up-to-date: /home/strazi/RINS-kappa/workspace/install/custom_messages/share/custom_messages/srv/PosesInFrontOfFaces_Response.msg
[0.752s] -- Up-to-date: /home/strazi/RINS-kappa/workspace/install/custom_messages/share/ament_index/resource_index/package_run_dependencies/custom_messages
[0.752s] -- Up-to-date: /home/strazi/RINS-kappa/workspace/install/custom_messages/share/ament_index/resource_index/parent_prefix_path/custom_messages
[0.752s] -- Up-to-date: /home/strazi/RINS-kappa/workspace/install/custom_messages/share/custom_messages/environment/ament_prefix_path.sh
[0.752s] -- Up-to-date: /home/strazi/RINS-kappa/workspace/install/custom_messages/share/custom_messages/environment/ament_prefix_path.dsv
[0.752s] -- Up-to-date: /home/strazi/RINS-kappa/workspace/install/custom_messages/share/custom_messages/environment/path.sh
[0.752s] -- Up-to-date: /home/strazi/RINS-kappa/workspace/install/custom_messages/share/custom_messages/environment/path.dsv
[0.752s] -- Up-to-date: /home/strazi/RINS-kappa/workspace/install/custom_messages/share/custom_messages/local_setup.bash
[0.752s] -- Up-to-date: /home/strazi/RINS-kappa/workspace/install/custom_messages/share/custom_messages/local_setup.sh
[0.753s] -- Up-to-date: /home/strazi/RINS-kappa/workspace/install/custom_messages/share/custom_messages/local_setup.zsh
[0.753s] -- Up-to-date: /home/strazi/RINS-kappa/workspace/install/custom_messages/share/custom_messages/local_setup.dsv
[0.753s] -- Installing: /home/strazi/RINS-kappa/workspace/install/custom_messages/share/custom_messages/package.dsv
[0.753s] -- Up-to-date: /home/strazi/RINS-kappa/workspace/install/custom_messages/share/ament_index/resource_index/packages/custom_messages
[0.753s] -- Up-to-date: /home/strazi/RINS-kappa/workspace/install/custom_messages/share/custom_messages/cmake/export_custom_messages__rosidl_generator_cExport.cmake
[0.753s] -- Up-to-date: /home/strazi/RINS-kappa/workspace/install/custom_messages/share/custom_messages/cmake/export_custom_messages__rosidl_generator_cExport-noconfig.cmake
[0.753s] -- Up-to-date: /home/strazi/RINS-kappa/workspace/install/custom_messages/share/custom_messages/cmake/export_custom_messages__rosidl_typesupport_fastrtps_cExport.cmake
[0.753s] -- Up-to-date: /home/strazi/RINS-kappa/workspace/install/custom_messages/share/custom_messages/cmake/export_custom_messages__rosidl_typesupport_fastrtps_cExport-noconfig.cmake
[0.753s] -- Up-to-date: /home/strazi/RINS-kappa/workspace/install/custom_messages/share/custom_messages/cmake/export_custom_messages__rosidl_generator_cppExport.cmake
[0.753s] -- Up-to-date: /home/strazi/RINS-kappa/workspace/install/custom_messages/share/custom_messages/cmake/export_custom_messages__rosidl_typesupport_fastrtps_cppExport.cmake
[0.754s] -- Up-to-date: /home/strazi/RINS-kappa/workspace/install/custom_messages/share/custom_messages/cmake/export_custom_messages__rosidl_typesupport_fastrtps_cppExport-noconfig.cmake
[0.754s] -- Up-to-date: /home/strazi/RINS-kappa/workspace/install/custom_messages/share/custom_messages/cmake/custom_messages__rosidl_typesupport_introspection_cExport.cmake
[0.754s] -- Up-to-date: /home/strazi/RINS-kappa/workspace/install/custom_messages/share/custom_messages/cmake/custom_messages__rosidl_typesupport_introspection_cExport-noconfig.cmake
[0.754s] -- Up-to-date: /home/strazi/RINS-kappa/workspace/install/custom_messages/share/custom_messages/cmake/custom_messages__rosidl_typesupport_cExport.cmake
[0.754s] -- Up-to-date: /home/strazi/RINS-kappa/workspace/install/custom_messages/share/custom_messages/cmake/custom_messages__rosidl_typesupport_cExport-noconfig.cmake
[0.754s] -- Up-to-date: /home/strazi/RINS-kappa/workspace/install/custom_messages/share/custom_messages/cmake/custom_messages__rosidl_typesupport_introspection_cppExport.cmake
[0.754s] -- Up-to-date: /home/strazi/RINS-kappa/workspace/install/custom_messages/share/custom_messages/cmake/custom_messages__rosidl_typesupport_introspection_cppExport-noconfig.cmake
[0.754s] -- Up-to-date: /home/strazi/RINS-kappa/workspace/install/custom_messages/share/custom_messages/cmake/custom_messages__rosidl_typesupport_cppExport.cmake
[0.754s] -- Up-to-date: /home/strazi/RINS-kappa/workspace/install/custom_messages/share/custom_messages/cmake/custom_messages__rosidl_typesupport_cppExport-noconfig.cmake
[0.754s] -- Up-to-date: /home/strazi/RINS-kappa/workspace/install/custom_messages/share/custom_messages/cmake/export_custom_messages__rosidl_generator_pyExport.cmake
[0.754s] -- Up-to-date: /home/strazi/RINS-kappa/workspace/install/custom_messages/share/custom_messages/cmake/export_custom_messages__rosidl_generator_pyExport-noconfig.cmake
[0.754s] -- Up-to-date: /home/strazi/RINS-kappa/workspace/install/custom_messages/share/custom_messages/cmake/rosidl_cmake-extras.cmake
[0.754s] -- Up-to-date: /home/strazi/RINS-kappa/workspace/install/custom_messages/share/custom_messages/cmake/ament_cmake_export_dependencies-extras.cmake
[0.754s] -- Up-to-date: /home/strazi/RINS-kappa/workspace/install/custom_messages/share/custom_messages/cmake/ament_cmake_export_include_directories-extras.cmake
[0.754s] -- Up-to-date: /home/strazi/RINS-kappa/workspace/install/custom_messages/share/custom_messages/cmake/ament_cmake_export_libraries-extras.cmake
[0.755s] -- Up-to-date: /home/strazi/RINS-kappa/workspace/install/custom_messages/share/custom_messages/cmake/ament_cmake_export_targets-extras.cmake
[0.755s] -- Up-to-date: /home/strazi/RINS-kappa/workspace/install/custom_messages/share/custom_messages/cmake/rosidl_cmake_export_typesupport_targets-extras.cmake
[0.755s] -- Up-to-date: /home/strazi/RINS-kappa/workspace/install/custom_messages/share/custom_messages/cmake/rosidl_cmake_export_typesupport_libraries-extras.cmake
[0.755s] -- Up-to-date: /home/strazi/RINS-kappa/workspace/install/custom_messages/share/custom_messages/cmake/custom_messagesConfig.cmake
[0.755s] -- Up-to-date: /home/strazi/RINS-kappa/workspace/install/custom_messages/share/custom_messages/cmake/custom_messagesConfig-version.cmake
[0.755s] -- Up-to-date: /home/strazi/RINS-kappa/workspace/install/custom_messages/share/custom_messages/package.xml
[0.758s] Invoked command in '/home/strazi/RINS-kappa/workspace/build/custom_messages' returned '0': CMAKE_PREFIX_PATH=${CMAKE_PREFIX_PATH}:/home/strazi/RINS-kappa/workspace/install/dis_tutorial2:/opt/ros/humble /usr/bin/cmake --install /home/strazi/RINS-kappa/workspace/build/custom_messages
