[0.223s] Invoking command in '/home/thelegend442/faxic/RINS-kappa/workspace/build/dis_tutorial4': CMAKE_PREFIX_PATH=${CMAKE_PREFIX_PATH}:/home/thelegend442/faxic/RINS-kappa/workspace/install/dis_tutorial2:/opt/ros/humble /usr/bin/cmake --build /home/thelegend442/faxic/RINS-kappa/workspace/build/dis_tutorial4 -- -j16 -l16
[0.246s] Invoked command in '/home/thelegend442/faxic/RINS-kappa/workspace/build/dis_tutorial4' returned '0': CMAKE_PREFIX_PATH=${CMAKE_PREFIX_PATH}:/home/thelegend442/faxic/RINS-kappa/workspace/install/dis_tutorial2:/opt/ros/humble /usr/bin/cmake --build /home/thelegend442/faxic/RINS-kappa/workspace/build/dis_tutorial4 -- -j16 -l16
[0.255s] Invoking command in '/home/thelegend442/faxic/RINS-kappa/workspace/build/dis_tutorial4': CMAKE_PREFIX_PATH=${CMAKE_PREFIX_PATH}:/home/thelegend442/faxic/RINS-kappa/workspace/install/dis_tutorial2:/opt/ros/humble /usr/bin/cmake --install /home/thelegend442/faxic/RINS-kappa/workspace/build/dis_tutorial4
[0.262s] -- Install configuration: ""
[0.262s] -- Up-to-date: /home/thelegend442/faxic/RINS-kappa/workspace/install/dis_tutorial4/share/dis_tutorial4//launch
[0.262s] -- Up-to-date: /home/thelegend442/faxic/RINS-kappa/workspace/install/dis_tutorial4/share/dis_tutorial4//launch/dis_sim.launch.py
[0.262s] -- Up-to-date: /home/thelegend442/faxic/RINS-kappa/workspace/install/dis_tutorial4/share/dis_tutorial4//launch/nav2.launch.py
[0.262s] -- Up-to-date: /home/thelegend442/faxic/RINS-kappa/workspace/install/dis_tutorial4/share/dis_tutorial4//launch/sim_turtlebot_slam.launch.py
[0.263s] -- Up-to-date: /home/thelegend442/faxic/RINS-kappa/workspace/install/dis_tutorial4/share/dis_tutorial4//launch/slam.launch.py
[0.263s] -- Up-to-date: /home/thelegend442/faxic/RINS-kappa/workspace/install/dis_tutorial4/share/dis_tutorial4//launch/create3_nodes.launch.py
[0.263s] -- Up-to-date: /home/thelegend442/faxic/RINS-kappa/workspace/install/dis_tutorial4/share/dis_tutorial4//launch/ignition.launch.py
[0.263s] -- Up-to-date: /home/thelegend442/faxic/RINS-kappa/workspace/install/dis_tutorial4/share/dis_tutorial4//launch/turtlebot4_spawn.launch.py
[0.263s] -- Up-to-date: /home/thelegend442/faxic/RINS-kappa/workspace/install/dis_tutorial4/share/dis_tutorial4//launch/sim_turtlebot_nav.launch.py
[0.263s] -- Up-to-date: /home/thelegend442/faxic/RINS-kappa/workspace/install/dis_tutorial4/share/dis_tutorial4//launch/turtlebot4_spawn_nav.launch.py
[0.263s] -- Up-to-date: /home/thelegend442/faxic/RINS-kappa/workspace/install/dis_tutorial4/share/dis_tutorial4//launch/localization.launch.py
[0.263s] -- Up-to-date: /home/thelegend442/faxic/RINS-kappa/workspace/install/dis_tutorial4/lib/dis_tutorial4/map_goals.py
[0.263s] -- Up-to-date: /home/thelegend442/faxic/RINS-kappa/workspace/install/dis_tutorial4/lib/dis_tutorial4/transform_point.py
[0.263s] -- Up-to-date: /home/thelegend442/faxic/RINS-kappa/workspace/install/dis_tutorial4/share/ament_index/resource_index/package_run_dependencies/dis_tutorial4
[0.263s] -- Up-to-date: /home/thelegend442/faxic/RINS-kappa/workspace/install/dis_tutorial4/share/ament_index/resource_index/parent_prefix_path/dis_tutorial4
[0.263s] -- Up-to-date: /home/thelegend442/faxic/RINS-kappa/workspace/install/dis_tutorial4/share/dis_tutorial4/environment/ament_prefix_path.sh
[0.263s] -- Up-to-date: /home/thelegend442/faxic/RINS-kappa/workspace/install/dis_tutorial4/share/dis_tutorial4/environment/ament_prefix_path.dsv
[0.263s] -- Up-to-date: /home/thelegend442/faxic/RINS-kappa/workspace/install/dis_tutorial4/share/dis_tutorial4/environment/path.sh
[0.263s] -- Up-to-date: /home/thelegend442/faxic/RINS-kappa/workspace/install/dis_tutorial4/share/dis_tutorial4/environment/path.dsv
[0.263s] -- Up-to-date: /home/thelegend442/faxic/RINS-kappa/workspace/install/dis_tutorial4/share/dis_tutorial4/local_setup.bash
[0.264s] -- Up-to-date: /home/thelegend442/faxic/RINS-kappa/workspace/install/dis_tutorial4/share/dis_tutorial4/local_setup.sh
[0.264s] -- Up-to-date: /home/thelegend442/faxic/RINS-kappa/workspace/install/dis_tutorial4/share/dis_tutorial4/local_setup.zsh
[0.264s] -- Up-to-date: /home/thelegend442/faxic/RINS-kappa/workspace/install/dis_tutorial4/share/dis_tutorial4/local_setup.dsv
[0.264s] -- Up-to-date: /home/thelegend442/faxic/RINS-kappa/workspace/install/dis_tutorial4/share/dis_tutorial4/package.dsv
[0.264s] -- Up-to-date: /home/thelegend442/faxic/RINS-kappa/workspace/install/dis_tutorial4/share/ament_index/resource_index/packages/dis_tutorial4
[0.264s] -- Up-to-date: /home/thelegend442/faxic/RINS-kappa/workspace/install/dis_tutorial4/share/dis_tutorial4/cmake/dis_tutorial4Config.cmake
[0.264s] -- Up-to-date: /home/thelegend442/faxic/RINS-kappa/workspace/install/dis_tutorial4/share/dis_tutorial4/cmake/dis_tutorial4Config-version.cmake
[0.264s] -- Up-to-date: /home/thelegend442/faxic/RINS-kappa/workspace/install/dis_tutorial4/share/dis_tutorial4/package.xml
[0.266s] Invoked command in '/home/thelegend442/faxic/RINS-kappa/workspace/build/dis_tutorial4' returned '0': CMAKE_PREFIX_PATH=${CMAKE_PREFIX_PATH}:/home/thelegend442/faxic/RINS-kappa/workspace/install/dis_tutorial2:/opt/ros/humble /usr/bin/cmake --install /home/thelegend442/faxic/RINS-kappa/workspace/build/dis_tutorial4
