[0.195s] Invoking command in '/home/thelegend442/faxic/RINS-kappa/workspace/build/dis_tutorial4': CMAKE_PREFIX_PATH=${CMAKE_PREFIX_PATH}:/home/thelegend442/faxic/RINS-kappa/workspace/install/dis_tutorial2:/opt/ros/humble /usr/bin/cmake /home/thelegend442/faxic/RINS-kappa/workspace/src/dis_tutorial4 -DCMAKE_INSTALL_PREFIX=/home/thelegend442/faxic/RINS-kappa/workspace/install/dis_tutorial4
[0.245s] -- The C compiler identification is GNU 11.4.0
[0.300s] -- The CXX compiler identification is GNU 11.4.0
[0.309s] -- Detecting C compiler ABI info
[0.387s] -- Detecting C compiler ABI info - done
[0.393s] -- Check for working C compiler: /usr/bin/cc - skipped
[0.393s] -- Detecting C compile features
[0.393s] -- Detecting C compile features - done
[0.396s] -- Detecting CXX compiler ABI info
[0.487s] -- Detecting CXX compiler ABI info - done
[0.493s] -- Check for working CXX compiler: /usr/bin/c++ - skipped
[0.493s] -- Detecting CXX compile features
[0.493s] -- Detecting CXX compile features - done
[0.496s] -- Found ament_cmake: 1.3.11 (/opt/ros/humble/share/ament_cmake/cmake)
[1.209s] -- Found Python3: /usr/bin/python3 (found version "3.10.12") found components: Interpreter 
[1.359s] -- Found rclcpp: 16.0.11 (/opt/ros/humble/share/rclcpp/cmake)
[1.410s] -- Found rosidl_generator_c: 3.1.6 (/opt/ros/humble/share/rosidl_generator_c/cmake)
[1.415s] -- Found rosidl_adapter: 3.1.6 (/opt/ros/humble/share/rosidl_adapter/cmake)
[1.427s] -- Found rosidl_generator_cpp: 3.1.6 (/opt/ros/humble/share/rosidl_generator_cpp/cmake)
[1.444s] -- Using all available rosidl_typesupport_c: rosidl_typesupport_fastrtps_c;rosidl_typesupport_introspection_c
[1.463s] -- Using all available rosidl_typesupport_cpp: rosidl_typesupport_fastrtps_cpp;rosidl_typesupport_introspection_cpp
[1.516s] -- Found rmw_implementation_cmake: 6.1.2 (/opt/ros/humble/share/rmw_implementation_cmake/cmake)
[1.521s] -- Found rmw_fastrtps_cpp: 6.2.7 (/opt/ros/humble/share/rmw_fastrtps_cpp/cmake)
[1.652s] -- Found OpenSSL: /usr/lib/x86_64-linux-gnu/libcrypto.so (found version "3.0.2")  
[1.705s] -- Found FastRTPS: /opt/ros/humble/include  
[1.767s] -- Using RMW implementation 'rmw_fastrtps_cpp' as default
[1.781s] -- Looking for pthread.h
[1.900s] -- Looking for pthread.h - found
[1.900s] -- Performing Test CMAKE_HAVE_LIBC_PTHREAD
[2.025s] -- Performing Test CMAKE_HAVE_LIBC_PTHREAD - Success
[2.027s] -- Found Threads: TRUE  
[2.085s] -- Found rclpy: 3.3.15 (/opt/ros/humble/share/rclpy/cmake)
[2.089s] -- Found std_srvs: 4.2.4 (/opt/ros/humble/share/std_srvs/cmake)
[2.099s] -- Found action_msgs: 1.2.1 (/opt/ros/humble/share/action_msgs/cmake)
[2.129s] -- Found nav2_msgs: 1.1.18 (/opt/ros/humble/share/nav2_msgs/cmake)
[2.194s] -- Found visualization_msgs: 4.2.4 (/opt/ros/humble/share/visualization_msgs/cmake)
[2.328s] -- Configuring done
[2.333s] -- Generating done
[2.335s] -- Build files have been written to: /home/thelegend442/faxic/RINS-kappa/workspace/build/dis_tutorial4
[2.365s] Invoked command in '/home/thelegend442/faxic/RINS-kappa/workspace/build/dis_tutorial4' returned '0': CMAKE_PREFIX_PATH=${CMAKE_PREFIX_PATH}:/home/thelegend442/faxic/RINS-kappa/workspace/install/dis_tutorial2:/opt/ros/humble /usr/bin/cmake /home/thelegend442/faxic/RINS-kappa/workspace/src/dis_tutorial4 -DCMAKE_INSTALL_PREFIX=/home/thelegend442/faxic/RINS-kappa/workspace/install/dis_tutorial4
[2.369s] Invoking command in '/home/thelegend442/faxic/RINS-kappa/workspace/build/dis_tutorial4': CMAKE_PREFIX_PATH=${CMAKE_PREFIX_PATH}:/home/thelegend442/faxic/RINS-kappa/workspace/install/dis_tutorial2:/opt/ros/humble /usr/bin/cmake --build /home/thelegend442/faxic/RINS-kappa/workspace/build/dis_tutorial4 -- -j16 -l16
[2.433s] Invoked command in '/home/thelegend442/faxic/RINS-kappa/workspace/build/dis_tutorial4' returned '0': CMAKE_PREFIX_PATH=${CMAKE_PREFIX_PATH}:/home/thelegend442/faxic/RINS-kappa/workspace/install/dis_tutorial2:/opt/ros/humble /usr/bin/cmake --build /home/thelegend442/faxic/RINS-kappa/workspace/build/dis_tutorial4 -- -j16 -l16
[2.434s] Invoking command in '/home/thelegend442/faxic/RINS-kappa/workspace/build/dis_tutorial4': CMAKE_PREFIX_PATH=${CMAKE_PREFIX_PATH}:/home/thelegend442/faxic/RINS-kappa/workspace/install/dis_tutorial2:/opt/ros/humble /usr/bin/cmake --install /home/thelegend442/faxic/RINS-kappa/workspace/build/dis_tutorial4
[2.449s] -- Install configuration: ""
[2.449s] -- Installing: /home/thelegend442/faxic/RINS-kappa/workspace/install/dis_tutorial4/share/dis_tutorial4//launch
[2.449s] -- Installing: /home/thelegend442/faxic/RINS-kappa/workspace/install/dis_tutorial4/share/dis_tutorial4//launch/dis_sim.launch.py
[2.449s] -- Installing: /home/thelegend442/faxic/RINS-kappa/workspace/install/dis_tutorial4/share/dis_tutorial4//launch/nav2.launch.py
[2.449s] -- Installing: /home/thelegend442/faxic/RINS-kappa/workspace/install/dis_tutorial4/share/dis_tutorial4//launch/sim_turtlebot_slam.launch.py
[2.449s] -- Installing: /home/thelegend442/faxic/RINS-kappa/workspace/install/dis_tutorial4/share/dis_tutorial4//launch/slam.launch.py
[2.450s] -- Installing: /home/thelegend442/faxic/RINS-kappa/workspace/install/dis_tutorial4/share/dis_tutorial4//launch/create3_nodes.launch.py
[2.450s] -- Installing: /home/thelegend442/faxic/RINS-kappa/workspace/install/dis_tutorial4/share/dis_tutorial4//launch/ignition.launch.py
[2.450s] -- Installing: /home/thelegend442/faxic/RINS-kappa/workspace/install/dis_tutorial4/share/dis_tutorial4//launch/turtlebot4_spawn.launch.py
[2.450s] -- Installing: /home/thelegend442/faxic/RINS-kappa/workspace/install/dis_tutorial4/share/dis_tutorial4//launch/sim_turtlebot_nav.launch.py
[2.450s] -- Installing: /home/thelegend442/faxic/RINS-kappa/workspace/install/dis_tutorial4/share/dis_tutorial4//launch/turtlebot4_spawn_nav.launch.py
[2.450s] -- Installing: /home/thelegend442/faxic/RINS-kappa/workspace/install/dis_tutorial4/share/dis_tutorial4//launch/localization.launch.py
[2.450s] -- Installing: /home/thelegend442/faxic/RINS-kappa/workspace/install/dis_tutorial4/lib/dis_tutorial4/map_goals.py
[2.450s] -- Installing: /home/thelegend442/faxic/RINS-kappa/workspace/install/dis_tutorial4/lib/dis_tutorial4/transform_point.py
[2.451s] -- Installing: /home/thelegend442/faxic/RINS-kappa/workspace/install/dis_tutorial4/share/ament_index/resource_index/package_run_dependencies/dis_tutorial4
[2.451s] -- Installing: /home/thelegend442/faxic/RINS-kappa/workspace/install/dis_tutorial4/share/ament_index/resource_index/parent_prefix_path/dis_tutorial4
[2.451s] -- Installing: /home/thelegend442/faxic/RINS-kappa/workspace/install/dis_tutorial4/share/dis_tutorial4/environment/ament_prefix_path.sh
[2.451s] -- Installing: /home/thelegend442/faxic/RINS-kappa/workspace/install/dis_tutorial4/share/dis_tutorial4/environment/ament_prefix_path.dsv
[2.451s] -- Installing: /home/thelegend442/faxic/RINS-kappa/workspace/install/dis_tutorial4/share/dis_tutorial4/environment/path.sh
[2.451s] -- Installing: /home/thelegend442/faxic/RINS-kappa/workspace/install/dis_tutorial4/share/dis_tutorial4/environment/path.dsv
[2.452s] -- Installing: /home/thelegend442/faxic/RINS-kappa/workspace/install/dis_tutorial4/share/dis_tutorial4/local_setup.bash
[2.452s] -- Installing: /home/thelegend442/faxic/RINS-kappa/workspace/install/dis_tutorial4/share/dis_tutorial4/local_setup.sh
[2.452s] -- Installing: /home/thelegend442/faxic/RINS-kappa/workspace/install/dis_tutorial4/share/dis_tutorial4/local_setup.zsh
[2.452s] -- Installing: /home/thelegend442/faxic/RINS-kappa/workspace/install/dis_tutorial4/share/dis_tutorial4/local_setup.dsv
[2.452s] -- Installing: /home/thelegend442/faxic/RINS-kappa/workspace/install/dis_tutorial4/share/dis_tutorial4/package.dsv
[2.454s] -- Installing: /home/thelegend442/faxic/RINS-kappa/workspace/install/dis_tutorial4/share/ament_index/resource_index/packages/dis_tutorial4
[2.457s] -- Installing: /home/thelegend442/faxic/RINS-kappa/workspace/install/dis_tutorial4/share/dis_tutorial4/cmake/dis_tutorial4Config.cmake
[2.458s] -- Installing: /home/thelegend442/faxic/RINS-kappa/workspace/install/dis_tutorial4/share/dis_tutorial4/cmake/dis_tutorial4Config-version.cmake
[2.458s] -- Installing: /home/thelegend442/faxic/RINS-kappa/workspace/install/dis_tutorial4/share/dis_tutorial4/package.xml
[2.461s] Invoked command in '/home/thelegend442/faxic/RINS-kappa/workspace/build/dis_tutorial4' returned '0': CMAKE_PREFIX_PATH=${CMAKE_PREFIX_PATH}:/home/thelegend442/faxic/RINS-kappa/workspace/install/dis_tutorial2:/opt/ros/humble /usr/bin/cmake --install /home/thelegend442/faxic/RINS-kappa/workspace/build/dis_tutorial4
