running develop
running egg_info
creating dis_tutorial2.egg-info
writing dis_tutorial2.egg-info/PKG-INFO
writing dependency_links to dis_tutorial2.egg-info/dependency_links.txt
writing entry points to dis_tutorial2.egg-info/entry_points.txt
writing requirements to dis_tutorial2.egg-info/requires.txt
writing top-level names to dis_tutorial2.egg-info/top_level.txt
writing manifest file 'dis_tutorial2.egg-info/SOURCES.txt'
reading manifest file 'dis_tutorial2.egg-info/SOURCES.txt'
writing manifest file 'dis_tutorial2.egg-info/SOURCES.txt'
running build_ext
Creating /home/strazi/FAKS/3.letnik/RINS/workspace/install/dis_tutorial2/lib/python3.10/site-packages/dis-tutorial2.egg-link (link to .)
Installing achtung_die_turtle script to /home/strazi/FAKS/3.letnik/RINS/workspace/install/dis_tutorial2/lib/dis_tutorial2
Installing go_to_position script to /home/strazi/FAKS/3.letnik/RINS/workspace/install/dis_tutorial2/lib/dis_tutorial2
Installing intersection script to /home/strazi/FAKS/3.letnik/RINS/workspace/install/dis_tutorial2/lib/dis_tutorial2
Installing random_velocity_publisher script to /home/strazi/FAKS/3.letnik/RINS/workspace/install/dis_tutorial2/lib/dis_tutorial2

Installed /home/strazi/FAKS/3.letnik/RINS/workspace/build/dis_tutorial2
running symlink_data
creating /home/strazi/FAKS/3.letnik/RINS/workspace/install/dis_tutorial2/share/ament_index
creating /home/strazi/FAKS/3.letnik/RINS/workspace/install/dis_tutorial2/share/ament_index/resource_index
creating /home/strazi/FAKS/3.letnik/RINS/workspace/install/dis_tutorial2/share/ament_index/resource_index/packages
symbolically linking /home/strazi/FAKS/3.letnik/RINS/workspace/build/dis_tutorial2/resource/dis_tutorial2 -> /home/strazi/FAKS/3.letnik/RINS/workspace/install/dis_tutorial2/share/ament_index/resource_index/packages
symbolically linking /home/strazi/FAKS/3.letnik/RINS/workspace/build/dis_tutorial2/package.xml -> /home/strazi/FAKS/3.letnik/RINS/workspace/install/dis_tutorial2/share/dis_tutorial2
creating /home/strazi/FAKS/3.letnik/RINS/workspace/install/dis_tutorial2/share/dis_tutorial2/launch
symbolically linking /home/strazi/FAKS/3.letnik/RINS/workspace/build/dis_tutorial2/launch/example_launch.xml -> /home/strazi/FAKS/3.letnik/RINS/workspace/install/dis_tutorial2/share/dis_tutorial2/launch
symbolically linking /home/strazi/FAKS/3.letnik/RINS/workspace/build/dis_tutorial2/launch/example_launch.yaml -> /home/strazi/FAKS/3.letnik/RINS/workspace/install/dis_tutorial2/share/dis_tutorial2/launch
symbolically linking /home/strazi/FAKS/3.letnik/RINS/workspace/build/dis_tutorial2/launch/go_to_position_launch.py -> /home/strazi/FAKS/3.letnik/RINS/workspace/install/dis_tutorial2/share/dis_tutorial2/launch
symbolically linking /home/strazi/FAKS/3.letnik/RINS/workspace/build/dis_tutorial2/launch/example_launch.py -> /home/strazi/FAKS/3.letnik/RINS/workspace/install/dis_tutorial2/share/dis_tutorial2/launch
