[0.620s] Invoking command in '/home/strazi/FAKS/3.letnik/RINS/workspace/build/dis_tutorial2': PYTHONPATH=/home/strazi/FAKS/3.letnik/RINS/workspace/build/dis_tutorial2/prefix_override:/usr/lib/python3/dist-packages/colcon_core/task/python/colcon_distutils_commands:/home/strazi/FAKS/3.letnik/RINS/workspace/install/dis_tutorial2/lib/python3.10/site-packages:${PYTHONPATH} /usr/bin/python3 -W ignore:setup.py install is deprecated -W ignore:easy_install command is deprecated setup.py develop --editable --build-directory /home/strazi/FAKS/3.letnik/RINS/workspace/build/dis_tutorial2/build --no-deps symlink_data
[0.851s] running develop
[1.025s] running egg_info
[1.025s] creating dis_tutorial2.egg-info
[1.026s] writing dis_tutorial2.egg-info/PKG-INFO
[1.026s] writing dependency_links to dis_tutorial2.egg-info/dependency_links.txt
[1.026s] writing entry points to dis_tutorial2.egg-info/entry_points.txt
[1.026s] writing requirements to dis_tutorial2.egg-info/requires.txt
[1.026s] writing top-level names to dis_tutorial2.egg-info/top_level.txt
[1.027s] writing manifest file 'dis_tutorial2.egg-info/SOURCES.txt'
[1.029s] reading manifest file 'dis_tutorial2.egg-info/SOURCES.txt'
[1.030s] writing manifest file 'dis_tutorial2.egg-info/SOURCES.txt'
[1.032s] running build_ext
[1.032s] Creating /home/strazi/FAKS/3.letnik/RINS/workspace/install/dis_tutorial2/lib/python3.10/site-packages/dis-tutorial2.egg-link (link to .)
[1.034s] Installing achtung_die_turtle script to /home/strazi/FAKS/3.letnik/RINS/workspace/install/dis_tutorial2/lib/dis_tutorial2
[1.034s] Installing go_to_position script to /home/strazi/FAKS/3.letnik/RINS/workspace/install/dis_tutorial2/lib/dis_tutorial2
[1.034s] Installing intersection script to /home/strazi/FAKS/3.letnik/RINS/workspace/install/dis_tutorial2/lib/dis_tutorial2
[1.035s] Installing random_velocity_publisher script to /home/strazi/FAKS/3.letnik/RINS/workspace/install/dis_tutorial2/lib/dis_tutorial2
[1.035s] 
[1.035s] Installed /home/strazi/FAKS/3.letnik/RINS/workspace/build/dis_tutorial2
[1.035s] running symlink_data
[1.035s] creating /home/strazi/FAKS/3.letnik/RINS/workspace/install/dis_tutorial2/share/ament_index
[1.035s] creating /home/strazi/FAKS/3.letnik/RINS/workspace/install/dis_tutorial2/share/ament_index/resource_index
[1.036s] creating /home/strazi/FAKS/3.letnik/RINS/workspace/install/dis_tutorial2/share/ament_index/resource_index/packages
[1.036s] symbolically linking /home/strazi/FAKS/3.letnik/RINS/workspace/build/dis_tutorial2/resource/dis_tutorial2 -> /home/strazi/FAKS/3.letnik/RINS/workspace/install/dis_tutorial2/share/ament_index/resource_index/packages
[1.036s] symbolically linking /home/strazi/FAKS/3.letnik/RINS/workspace/build/dis_tutorial2/package.xml -> /home/strazi/FAKS/3.letnik/RINS/workspace/install/dis_tutorial2/share/dis_tutorial2
[1.036s] creating /home/strazi/FAKS/3.letnik/RINS/workspace/install/dis_tutorial2/share/dis_tutorial2/launch
[1.036s] symbolically linking /home/strazi/FAKS/3.letnik/RINS/workspace/build/dis_tutorial2/launch/example_launch.xml -> /home/strazi/FAKS/3.letnik/RINS/workspace/install/dis_tutorial2/share/dis_tutorial2/launch
[1.037s] symbolically linking /home/strazi/FAKS/3.letnik/RINS/workspace/build/dis_tutorial2/launch/example_launch.yaml -> /home/strazi/FAKS/3.letnik/RINS/workspace/install/dis_tutorial2/share/dis_tutorial2/launch
[1.037s] symbolically linking /home/strazi/FAKS/3.letnik/RINS/workspace/build/dis_tutorial2/launch/go_to_position_launch.py -> /home/strazi/FAKS/3.letnik/RINS/workspace/install/dis_tutorial2/share/dis_tutorial2/launch
[1.037s] symbolically linking /home/strazi/FAKS/3.letnik/RINS/workspace/build/dis_tutorial2/launch/example_launch.py -> /home/strazi/FAKS/3.letnik/RINS/workspace/install/dis_tutorial2/share/dis_tutorial2/launch
[1.071s] Invoked command in '/home/strazi/FAKS/3.letnik/RINS/workspace/build/dis_tutorial2' returned '0': PYTHONPATH=/home/strazi/FAKS/3.letnik/RINS/workspace/build/dis_tutorial2/prefix_override:/usr/lib/python3/dist-packages/colcon_core/task/python/colcon_distutils_commands:/home/strazi/FAKS/3.letnik/RINS/workspace/install/dis_tutorial2/lib/python3.10/site-packages:${PYTHONPATH} /usr/bin/python3 -W ignore:setup.py install is deprecated -W ignore:easy_install command is deprecated setup.py develop --editable --build-directory /home/strazi/FAKS/3.letnik/RINS/workspace/build/dis_tutorial2/build --no-deps symlink_data
