[0.082s] DEBUG:colcon:Command line arguments: ['/usr/bin/colcon', 'build']
[0.082s] DEBUG:colcon:Parsed command line arguments: Namespace(log_base=None, log_level=None, verb_name='build', build_base='build', install_base='install', merge_install=False, symlink_install=False, test_result_base=None, continue_on_error=False, executor='parallel', parallel_workers=16, event_handlers=None, ignore_user_meta=False, metas=['./colcon.meta'], base_paths=['.'], packages_ignore=None, packages_ignore_regex=None, paths=None, packages_up_to=None, packages_up_to_regex=None, packages_above=None, packages_above_and_dependencies=None, packages_above_depth=None, packages_select_by_dep=None, packages_skip_by_dep=None, packages_skip_up_to=None, packages_select_build_failed=False, packages_skip_build_finished=False, packages_select_test_failures=False, packages_skip_test_passed=False, packages_select=None, packages_skip=None, packages_select_regex=None, packages_skip_regex=None, packages_start=None, packages_end=None, allow_overriding=[], cmake_args=None, cmake_target=None, cmake_target_skip_unavailable=False, cmake_clean_cache=False, cmake_clean_first=False, cmake_force_configure=False, ament_cmake_args=None, catkin_cmake_args=None, catkin_skip_building_tests=False, verb_parser=<colcon_defaults.argument_parser.defaults.DefaultArgumentsDecorator object at 0x7bbd9bb5eef0>, verb_extension=<colcon_core.verb.build.BuildVerb object at 0x7bbd9bb5e9e0>, main=<bound method BuildVerb.main of <colcon_core.verb.build.BuildVerb object at 0x7bbd9bb5e9e0>>)
[0.109s] Level 1:colcon.colcon_core.package_discovery:discover_packages(colcon_meta) check parameters
[0.109s] Level 1:colcon.colcon_core.package_discovery:discover_packages(recursive) check parameters
[0.109s] Level 1:colcon.colcon_core.package_discovery:discover_packages(ignore) check parameters
[0.109s] Level 1:colcon.colcon_core.package_discovery:discover_packages(path) check parameters
[0.109s] Level 1:colcon.colcon_core.package_discovery:discover_packages(colcon_meta) discover
[0.109s] Level 1:colcon.colcon_core.package_discovery:discover_packages(recursive) discover
[0.109s] INFO:colcon.colcon_core.package_discovery:Crawling recursively for packages in '/home/thelegend442/faxic/RINS-kappa/workspace'
[0.109s] Level 1:colcon.colcon_core.package_identification:_identify(.) by extensions ['ignore', 'ignore_ament_install']
[0.109s] Level 1:colcon.colcon_core.package_identification:_identify(.) by extension 'ignore'
[0.109s] Level 1:colcon.colcon_core.package_identification:_identify(.) by extension 'ignore_ament_install'
[0.109s] Level 1:colcon.colcon_core.package_identification:_identify(.) by extensions ['colcon_pkg']
[0.109s] Level 1:colcon.colcon_core.package_identification:_identify(.) by extension 'colcon_pkg'
[0.109s] Level 1:colcon.colcon_core.package_identification:_identify(.) by extensions ['colcon_meta']
[0.109s] Level 1:colcon.colcon_core.package_identification:_identify(.) by extension 'colcon_meta'
[0.109s] Level 1:colcon.colcon_core.package_identification:_identify(.) by extensions ['ros']
[0.109s] Level 1:colcon.colcon_core.package_identification:_identify(.) by extension 'ros'
[0.120s] Level 1:colcon.colcon_core.package_identification:_identify(.) by extensions ['cmake', 'python']
[0.120s] Level 1:colcon.colcon_core.package_identification:_identify(.) by extension 'cmake'
[0.120s] Level 1:colcon.colcon_core.package_identification:_identify(.) by extension 'python'
[0.120s] Level 1:colcon.colcon_core.package_identification:_identify(.) by extensions ['python_setup_py']
[0.120s] Level 1:colcon.colcon_core.package_identification:_identify(.) by extension 'python_setup_py'
[0.120s] Level 1:colcon.colcon_core.package_identification:_identify(build) by extensions ['ignore', 'ignore_ament_install']
[0.120s] Level 1:colcon.colcon_core.package_identification:_identify(build) by extension 'ignore'
[0.120s] Level 1:colcon.colcon_core.package_identification:_identify(build) ignored
[0.120s] Level 1:colcon.colcon_core.package_identification:_identify(install) by extensions ['ignore', 'ignore_ament_install']
[0.120s] Level 1:colcon.colcon_core.package_identification:_identify(install) by extension 'ignore'
[0.120s] Level 1:colcon.colcon_core.package_identification:_identify(install) ignored
[0.120s] Level 1:colcon.colcon_core.package_identification:_identify(log) by extensions ['ignore', 'ignore_ament_install']
[0.120s] Level 1:colcon.colcon_core.package_identification:_identify(log) by extension 'ignore'
[0.120s] Level 1:colcon.colcon_core.package_identification:_identify(log) ignored
[0.120s] Level 1:colcon.colcon_core.package_identification:_identify(src) by extensions ['ignore', 'ignore_ament_install']
[0.121s] Level 1:colcon.colcon_core.package_identification:_identify(src) by extension 'ignore'
[0.121s] Level 1:colcon.colcon_core.package_identification:_identify(src) by extension 'ignore_ament_install'
[0.121s] Level 1:colcon.colcon_core.package_identification:_identify(src) by extensions ['colcon_pkg']
[0.121s] Level 1:colcon.colcon_core.package_identification:_identify(src) by extension 'colcon_pkg'
[0.121s] Level 1:colcon.colcon_core.package_identification:_identify(src) by extensions ['colcon_meta']
[0.121s] Level 1:colcon.colcon_core.package_identification:_identify(src) by extension 'colcon_meta'
[0.121s] Level 1:colcon.colcon_core.package_identification:_identify(src) by extensions ['ros']
[0.121s] Level 1:colcon.colcon_core.package_identification:_identify(src) by extension 'ros'
[0.121s] Level 1:colcon.colcon_core.package_identification:_identify(src) by extensions ['cmake', 'python']
[0.121s] Level 1:colcon.colcon_core.package_identification:_identify(src) by extension 'cmake'
[0.121s] Level 1:colcon.colcon_core.package_identification:_identify(src) by extension 'python'
[0.121s] Level 1:colcon.colcon_core.package_identification:_identify(src) by extensions ['python_setup_py']
[0.121s] Level 1:colcon.colcon_core.package_identification:_identify(src) by extension 'python_setup_py'
[0.121s] Level 1:colcon.colcon_core.package_identification:_identify(src/custom_messages) by extensions ['ignore', 'ignore_ament_install']
[0.121s] Level 1:colcon.colcon_core.package_identification:_identify(src/custom_messages) by extension 'ignore'
[0.121s] Level 1:colcon.colcon_core.package_identification:_identify(src/custom_messages) by extension 'ignore_ament_install'
[0.121s] Level 1:colcon.colcon_core.package_identification:_identify(src/custom_messages) by extensions ['colcon_pkg']
[0.121s] Level 1:colcon.colcon_core.package_identification:_identify(src/custom_messages) by extension 'colcon_pkg'
[0.121s] Level 1:colcon.colcon_core.package_identification:_identify(src/custom_messages) by extensions ['colcon_meta']
[0.121s] Level 1:colcon.colcon_core.package_identification:_identify(src/custom_messages) by extension 'colcon_meta'
[0.121s] Level 1:colcon.colcon_core.package_identification:_identify(src/custom_messages) by extensions ['ros']
[0.121s] Level 1:colcon.colcon_core.package_identification:_identify(src/custom_messages) by extension 'ros'
[0.123s] DEBUG:colcon.colcon_core.package_identification:Package 'src/custom_messages' with type 'ros.ament_cmake' and name 'custom_messages'
[0.123s] Level 1:colcon.colcon_core.package_identification:_identify(src/dis_tutorial1) by extensions ['ignore', 'ignore_ament_install']
[0.123s] Level 1:colcon.colcon_core.package_identification:_identify(src/dis_tutorial1) by extension 'ignore'
[0.123s] Level 1:colcon.colcon_core.package_identification:_identify(src/dis_tutorial1) by extension 'ignore_ament_install'
[0.123s] Level 1:colcon.colcon_core.package_identification:_identify(src/dis_tutorial1) by extensions ['colcon_pkg']
[0.123s] Level 1:colcon.colcon_core.package_identification:_identify(src/dis_tutorial1) by extension 'colcon_pkg'
[0.123s] Level 1:colcon.colcon_core.package_identification:_identify(src/dis_tutorial1) by extensions ['colcon_meta']
[0.123s] Level 1:colcon.colcon_core.package_identification:_identify(src/dis_tutorial1) by extension 'colcon_meta'
[0.123s] Level 1:colcon.colcon_core.package_identification:_identify(src/dis_tutorial1) by extensions ['ros']
[0.123s] Level 1:colcon.colcon_core.package_identification:_identify(src/dis_tutorial1) by extension 'ros'
[0.124s] DEBUG:colcon.colcon_core.package_identification:Package 'src/dis_tutorial1' with type 'ros.ament_cmake' and name 'dis_tutorial1'
[0.124s] Level 1:colcon.colcon_core.package_identification:_identify(src/dis_tutorial2) by extensions ['ignore', 'ignore_ament_install']
[0.124s] Level 1:colcon.colcon_core.package_identification:_identify(src/dis_tutorial2) by extension 'ignore'
[0.124s] Level 1:colcon.colcon_core.package_identification:_identify(src/dis_tutorial2) by extension 'ignore_ament_install'
[0.124s] Level 1:colcon.colcon_core.package_identification:_identify(src/dis_tutorial2) by extensions ['colcon_pkg']
[0.124s] Level 1:colcon.colcon_core.package_identification:_identify(src/dis_tutorial2) by extension 'colcon_pkg'
[0.124s] Level 1:colcon.colcon_core.package_identification:_identify(src/dis_tutorial2) by extensions ['colcon_meta']
[0.124s] Level 1:colcon.colcon_core.package_identification:_identify(src/dis_tutorial2) by extension 'colcon_meta'
[0.124s] Level 1:colcon.colcon_core.package_identification:_identify(src/dis_tutorial2) by extensions ['ros']
[0.124s] Level 1:colcon.colcon_core.package_identification:_identify(src/dis_tutorial2) by extension 'ros'
[0.125s] DEBUG:colcon.colcon_core.package_identification:Package 'src/dis_tutorial2' with type 'ros.ament_python' and name 'dis_tutorial2'
[0.125s] Level 1:colcon.colcon_core.package_identification:_identify(src/dis_tutorial3) by extensions ['ignore', 'ignore_ament_install']
[0.125s] Level 1:colcon.colcon_core.package_identification:_identify(src/dis_tutorial3) by extension 'ignore'
[0.125s] Level 1:colcon.colcon_core.package_identification:_identify(src/dis_tutorial3) by extension 'ignore_ament_install'
[0.125s] Level 1:colcon.colcon_core.package_identification:_identify(src/dis_tutorial3) by extensions ['colcon_pkg']
[0.125s] Level 1:colcon.colcon_core.package_identification:_identify(src/dis_tutorial3) by extension 'colcon_pkg'
[0.125s] Level 1:colcon.colcon_core.package_identification:_identify(src/dis_tutorial3) by extensions ['colcon_meta']
[0.125s] Level 1:colcon.colcon_core.package_identification:_identify(src/dis_tutorial3) by extension 'colcon_meta'
[0.125s] Level 1:colcon.colcon_core.package_identification:_identify(src/dis_tutorial3) by extensions ['ros']
[0.125s] Level 1:colcon.colcon_core.package_identification:_identify(src/dis_tutorial3) by extension 'ros'
[0.126s] DEBUG:colcon.colcon_core.package_identification:Package 'src/dis_tutorial3' with type 'ros.ament_cmake' and name 'dis_tutorial3'
[0.126s] Level 1:colcon.colcon_core.package_identification:_identify(src/dis_tutorial4) by extensions ['ignore', 'ignore_ament_install']
[0.126s] Level 1:colcon.colcon_core.package_identification:_identify(src/dis_tutorial4) by extension 'ignore'
[0.126s] Level 1:colcon.colcon_core.package_identification:_identify(src/dis_tutorial4) by extension 'ignore_ament_install'
[0.126s] Level 1:colcon.colcon_core.package_identification:_identify(src/dis_tutorial4) by extensions ['colcon_pkg']
[0.126s] Level 1:colcon.colcon_core.package_identification:_identify(src/dis_tutorial4) by extension 'colcon_pkg'
[0.126s] Level 1:colcon.colcon_core.package_identification:_identify(src/dis_tutorial4) by extensions ['colcon_meta']
[0.126s] Level 1:colcon.colcon_core.package_identification:_identify(src/dis_tutorial4) by extension 'colcon_meta'
[0.126s] Level 1:colcon.colcon_core.package_identification:_identify(src/dis_tutorial4) by extensions ['ros']
[0.126s] Level 1:colcon.colcon_core.package_identification:_identify(src/dis_tutorial4) by extension 'ros'
[0.127s] DEBUG:colcon.colcon_core.package_identification:Package 'src/dis_tutorial4' with type 'ros.ament_cmake' and name 'dis_tutorial4'
[0.127s] Level 1:colcon.colcon_core.package_identification:_identify(src/dis_tutorial5) by extensions ['ignore', 'ignore_ament_install']
[0.127s] Level 1:colcon.colcon_core.package_identification:_identify(src/dis_tutorial5) by extension 'ignore'
[0.127s] Level 1:colcon.colcon_core.package_identification:_identify(src/dis_tutorial5) by extension 'ignore_ament_install'
[0.127s] Level 1:colcon.colcon_core.package_identification:_identify(src/dis_tutorial5) by extensions ['colcon_pkg']
[0.127s] Level 1:colcon.colcon_core.package_identification:_identify(src/dis_tutorial5) by extension 'colcon_pkg'
[0.127s] Level 1:colcon.colcon_core.package_identification:_identify(src/dis_tutorial5) by extensions ['colcon_meta']
[0.127s] Level 1:colcon.colcon_core.package_identification:_identify(src/dis_tutorial5) by extension 'colcon_meta'
[0.127s] Level 1:colcon.colcon_core.package_identification:_identify(src/dis_tutorial5) by extensions ['ros']
[0.127s] Level 1:colcon.colcon_core.package_identification:_identify(src/dis_tutorial5) by extension 'ros'
[0.128s] DEBUG:colcon.colcon_core.package_identification:Package 'src/dis_tutorial5' with type 'ros.ament_cmake' and name 'dis_tutorial5'
[0.128s] Level 1:colcon.colcon_core.package_discovery:discover_packages(recursive) using defaults
[0.128s] Level 1:colcon.colcon_core.package_discovery:discover_packages(ignore) discover
[0.128s] Level 1:colcon.colcon_core.package_discovery:discover_packages(ignore) using defaults
[0.128s] Level 1:colcon.colcon_core.package_discovery:discover_packages(path) discover
[0.128s] Level 1:colcon.colcon_core.package_discovery:discover_packages(path) using defaults
[0.142s] Level 1:colcon.colcon_core.package_discovery:discover_packages(prefix_path) check parameters
[0.142s] Level 1:colcon.colcon_core.package_discovery:discover_packages(prefix_path) discover
[0.143s] WARNING:colcon.colcon_ros.prefix_path.ament:The path '/home/thelegend442/faxic/RINS-kappa/workspace/install/dis_tutorial5' in the environment variable AMENT_PREFIX_PATH doesn't exist
[0.143s] WARNING:colcon.colcon_ros.prefix_path.ament:The path '/home/thelegend442/faxic/RINS-kappa/workspace/install/dis_tutorial4' in the environment variable AMENT_PREFIX_PATH doesn't exist
[0.143s] WARNING:colcon.colcon_ros.prefix_path.ament:The path '/home/thelegend442/faxic/RINS-kappa/workspace/install/dis_tutorial3' in the environment variable AMENT_PREFIX_PATH doesn't exist
[0.143s] WARNING:colcon.colcon_ros.prefix_path.ament:The path '/home/thelegend442/faxic/RINS-kappa/workspace/install/dis_tutorial2' in the environment variable AMENT_PREFIX_PATH doesn't exist
[0.143s] WARNING:colcon.colcon_ros.prefix_path.ament:The path '/home/thelegend442/faxic/RINS-kappa/workspace/install/dis_tutorial1' in the environment variable AMENT_PREFIX_PATH doesn't exist
[0.143s] WARNING:colcon.colcon_ros.prefix_path.ament:The path '/home/thelegend442/faxic/RINS-kappa/workspace/install/custom_messages' in the environment variable AMENT_PREFIX_PATH doesn't exist
[0.143s] WARNING:colcon.colcon_ros.prefix_path.catkin:The path '/home/thelegend442/faxic/RINS-kappa/workspace/install/dis_tutorial5' in the environment variable CMAKE_PREFIX_PATH doesn't exist
[0.143s] WARNING:colcon.colcon_ros.prefix_path.catkin:The path '/home/thelegend442/faxic/RINS-kappa/workspace/install/dis_tutorial4' in the environment variable CMAKE_PREFIX_PATH doesn't exist
[0.143s] WARNING:colcon.colcon_ros.prefix_path.catkin:The path '/home/thelegend442/faxic/RINS-kappa/workspace/install/dis_tutorial3' in the environment variable CMAKE_PREFIX_PATH doesn't exist
[0.143s] WARNING:colcon.colcon_ros.prefix_path.catkin:The path '/home/thelegend442/faxic/RINS-kappa/workspace/install/dis_tutorial1' in the environment variable CMAKE_PREFIX_PATH doesn't exist
[0.143s] WARNING:colcon.colcon_ros.prefix_path.catkin:The path '/home/thelegend442/faxic/RINS-kappa/workspace/install/custom_messages' in the environment variable CMAKE_PREFIX_PATH doesn't exist
[0.144s] DEBUG:colcon.colcon_installed_package_information.package_discovery:Found 0 installed packages in /home/thelegend442/faxic/RINS-kappa/workspace/install
[0.145s] DEBUG:colcon.colcon_installed_package_information.package_discovery:Found 429 installed packages in /opt/ros/humble
[0.147s] Level 1:colcon.colcon_core.package_discovery:discover_packages(prefix_path) using defaults
[0.186s] Level 5:colcon.colcon_core.verb:set package 'custom_messages' build argument 'cmake_args' from command line to 'None'
[0.186s] Level 5:colcon.colcon_core.verb:set package 'custom_messages' build argument 'cmake_target' from command line to 'None'
[0.186s] Level 5:colcon.colcon_core.verb:set package 'custom_messages' build argument 'cmake_target_skip_unavailable' from command line to 'False'
[0.186s] Level 5:colcon.colcon_core.verb:set package 'custom_messages' build argument 'cmake_clean_cache' from command line to 'False'
[0.186s] Level 5:colcon.colcon_core.verb:set package 'custom_messages' build argument 'cmake_clean_first' from command line to 'False'
[0.186s] Level 5:colcon.colcon_core.verb:set package 'custom_messages' build argument 'cmake_force_configure' from command line to 'False'
[0.186s] Level 5:colcon.colcon_core.verb:set package 'custom_messages' build argument 'ament_cmake_args' from command line to 'None'
[0.186s] Level 5:colcon.colcon_core.verb:set package 'custom_messages' build argument 'catkin_cmake_args' from command line to 'None'
[0.186s] Level 5:colcon.colcon_core.verb:set package 'custom_messages' build argument 'catkin_skip_building_tests' from command line to 'False'
[0.186s] DEBUG:colcon.colcon_core.verb:Building package 'custom_messages' with the following arguments: {'ament_cmake_args': None, 'build_base': '/home/thelegend442/faxic/RINS-kappa/workspace/build/custom_messages', 'catkin_cmake_args': None, 'catkin_skip_building_tests': False, 'cmake_args': None, 'cmake_clean_cache': False, 'cmake_clean_first': False, 'cmake_force_configure': False, 'cmake_target': None, 'cmake_target_skip_unavailable': False, 'install_base': '/home/thelegend442/faxic/RINS-kappa/workspace/install/custom_messages', 'merge_install': False, 'path': '/home/thelegend442/faxic/RINS-kappa/workspace/src/custom_messages', 'symlink_install': False, 'test_result_base': None}
[0.186s] Level 5:colcon.colcon_core.verb:set package 'dis_tutorial1' build argument 'cmake_args' from command line to 'None'
[0.186s] Level 5:colcon.colcon_core.verb:set package 'dis_tutorial1' build argument 'cmake_target' from command line to 'None'
[0.186s] Level 5:colcon.colcon_core.verb:set package 'dis_tutorial1' build argument 'cmake_target_skip_unavailable' from command line to 'False'
[0.186s] Level 5:colcon.colcon_core.verb:set package 'dis_tutorial1' build argument 'cmake_clean_cache' from command line to 'False'
[0.186s] Level 5:colcon.colcon_core.verb:set package 'dis_tutorial1' build argument 'cmake_clean_first' from command line to 'False'
[0.186s] Level 5:colcon.colcon_core.verb:set package 'dis_tutorial1' build argument 'cmake_force_configure' from command line to 'False'
[0.186s] Level 5:colcon.colcon_core.verb:set package 'dis_tutorial1' build argument 'ament_cmake_args' from command line to 'None'
[0.186s] Level 5:colcon.colcon_core.verb:set package 'dis_tutorial1' build argument 'catkin_cmake_args' from command line to 'None'
[0.186s] Level 5:colcon.colcon_core.verb:set package 'dis_tutorial1' build argument 'catkin_skip_building_tests' from command line to 'False'
[0.186s] DEBUG:colcon.colcon_core.verb:Building package 'dis_tutorial1' with the following arguments: {'ament_cmake_args': None, 'build_base': '/home/thelegend442/faxic/RINS-kappa/workspace/build/dis_tutorial1', 'catkin_cmake_args': None, 'catkin_skip_building_tests': False, 'cmake_args': None, 'cmake_clean_cache': False, 'cmake_clean_first': False, 'cmake_force_configure': False, 'cmake_target': None, 'cmake_target_skip_unavailable': False, 'install_base': '/home/thelegend442/faxic/RINS-kappa/workspace/install/dis_tutorial1', 'merge_install': False, 'path': '/home/thelegend442/faxic/RINS-kappa/workspace/src/dis_tutorial1', 'symlink_install': False, 'test_result_base': None}
[0.187s] Level 5:colcon.colcon_core.verb:set package 'dis_tutorial2' build argument 'cmake_args' from command line to 'None'
[0.187s] Level 5:colcon.colcon_core.verb:set package 'dis_tutorial2' build argument 'cmake_target' from command line to 'None'
[0.187s] Level 5:colcon.colcon_core.verb:set package 'dis_tutorial2' build argument 'cmake_target_skip_unavailable' from command line to 'False'
[0.187s] Level 5:colcon.colcon_core.verb:set package 'dis_tutorial2' build argument 'cmake_clean_cache' from command line to 'False'
[0.187s] Level 5:colcon.colcon_core.verb:set package 'dis_tutorial2' build argument 'cmake_clean_first' from command line to 'False'
[0.187s] Level 5:colcon.colcon_core.verb:set package 'dis_tutorial2' build argument 'cmake_force_configure' from command line to 'False'
[0.187s] Level 5:colcon.colcon_core.verb:set package 'dis_tutorial2' build argument 'ament_cmake_args' from command line to 'None'
[0.187s] Level 5:colcon.colcon_core.verb:set package 'dis_tutorial2' build argument 'catkin_cmake_args' from command line to 'None'
[0.187s] Level 5:colcon.colcon_core.verb:set package 'dis_tutorial2' build argument 'catkin_skip_building_tests' from command line to 'False'
[0.187s] DEBUG:colcon.colcon_core.verb:Building package 'dis_tutorial2' with the following arguments: {'ament_cmake_args': None, 'build_base': '/home/thelegend442/faxic/RINS-kappa/workspace/build/dis_tutorial2', 'catkin_cmake_args': None, 'catkin_skip_building_tests': False, 'cmake_args': None, 'cmake_clean_cache': False, 'cmake_clean_first': False, 'cmake_force_configure': False, 'cmake_target': None, 'cmake_target_skip_unavailable': False, 'install_base': '/home/thelegend442/faxic/RINS-kappa/workspace/install/dis_tutorial2', 'merge_install': False, 'path': '/home/thelegend442/faxic/RINS-kappa/workspace/src/dis_tutorial2', 'symlink_install': False, 'test_result_base': None}
[0.187s] Level 5:colcon.colcon_core.verb:set package 'dis_tutorial3' build argument 'cmake_args' from command line to 'None'
[0.187s] Level 5:colcon.colcon_core.verb:set package 'dis_tutorial3' build argument 'cmake_target' from command line to 'None'
[0.187s] Level 5:colcon.colcon_core.verb:set package 'dis_tutorial3' build argument 'cmake_target_skip_unavailable' from command line to 'False'
[0.187s] Level 5:colcon.colcon_core.verb:set package 'dis_tutorial3' build argument 'cmake_clean_cache' from command line to 'False'
[0.187s] Level 5:colcon.colcon_core.verb:set package 'dis_tutorial3' build argument 'cmake_clean_first' from command line to 'False'
[0.187s] Level 5:colcon.colcon_core.verb:set package 'dis_tutorial3' build argument 'cmake_force_configure' from command line to 'False'
[0.187s] Level 5:colcon.colcon_core.verb:set package 'dis_tutorial3' build argument 'ament_cmake_args' from command line to 'None'
[0.187s] Level 5:colcon.colcon_core.verb:set package 'dis_tutorial3' build argument 'catkin_cmake_args' from command line to 'None'
[0.187s] Level 5:colcon.colcon_core.verb:set package 'dis_tutorial3' build argument 'catkin_skip_building_tests' from command line to 'False'
[0.187s] DEBUG:colcon.colcon_core.verb:Building package 'dis_tutorial3' with the following arguments: {'ament_cmake_args': None, 'build_base': '/home/thelegend442/faxic/RINS-kappa/workspace/build/dis_tutorial3', 'catkin_cmake_args': None, 'catkin_skip_building_tests': False, 'cmake_args': None, 'cmake_clean_cache': False, 'cmake_clean_first': False, 'cmake_force_configure': False, 'cmake_target': None, 'cmake_target_skip_unavailable': False, 'install_base': '/home/thelegend442/faxic/RINS-kappa/workspace/install/dis_tutorial3', 'merge_install': False, 'path': '/home/thelegend442/faxic/RINS-kappa/workspace/src/dis_tutorial3', 'symlink_install': False, 'test_result_base': None}
[0.187s] Level 5:colcon.colcon_core.verb:set package 'dis_tutorial4' build argument 'cmake_args' from command line to 'None'
[0.187s] Level 5:colcon.colcon_core.verb:set package 'dis_tutorial4' build argument 'cmake_target' from command line to 'None'
[0.187s] Level 5:colcon.colcon_core.verb:set package 'dis_tutorial4' build argument 'cmake_target_skip_unavailable' from command line to 'False'
[0.187s] Level 5:colcon.colcon_core.verb:set package 'dis_tutorial4' build argument 'cmake_clean_cache' from command line to 'False'
[0.187s] Level 5:colcon.colcon_core.verb:set package 'dis_tutorial4' build argument 'cmake_clean_first' from command line to 'False'
[0.187s] Level 5:colcon.colcon_core.verb:set package 'dis_tutorial4' build argument 'cmake_force_configure' from command line to 'False'
[0.187s] Level 5:colcon.colcon_core.verb:set package 'dis_tutorial4' build argument 'ament_cmake_args' from command line to 'None'
[0.187s] Level 5:colcon.colcon_core.verb:set package 'dis_tutorial4' build argument 'catkin_cmake_args' from command line to 'None'
[0.187s] Level 5:colcon.colcon_core.verb:set package 'dis_tutorial4' build argument 'catkin_skip_building_tests' from command line to 'False'
[0.187s] DEBUG:colcon.colcon_core.verb:Building package 'dis_tutorial4' with the following arguments: {'ament_cmake_args': None, 'build_base': '/home/thelegend442/faxic/RINS-kappa/workspace/build/dis_tutorial4', 'catkin_cmake_args': None, 'catkin_skip_building_tests': False, 'cmake_args': None, 'cmake_clean_cache': False, 'cmake_clean_first': False, 'cmake_force_configure': False, 'cmake_target': None, 'cmake_target_skip_unavailable': False, 'install_base': '/home/thelegend442/faxic/RINS-kappa/workspace/install/dis_tutorial4', 'merge_install': False, 'path': '/home/thelegend442/faxic/RINS-kappa/workspace/src/dis_tutorial4', 'symlink_install': False, 'test_result_base': None}
[0.188s] Level 5:colcon.colcon_core.verb:set package 'dis_tutorial5' build argument 'cmake_args' from command line to 'None'
[0.188s] Level 5:colcon.colcon_core.verb:set package 'dis_tutorial5' build argument 'cmake_target' from command line to 'None'
[0.188s] Level 5:colcon.colcon_core.verb:set package 'dis_tutorial5' build argument 'cmake_target_skip_unavailable' from command line to 'False'
[0.188s] Level 5:colcon.colcon_core.verb:set package 'dis_tutorial5' build argument 'cmake_clean_cache' from command line to 'False'
[0.188s] Level 5:colcon.colcon_core.verb:set package 'dis_tutorial5' build argument 'cmake_clean_first' from command line to 'False'
[0.188s] Level 5:colcon.colcon_core.verb:set package 'dis_tutorial5' build argument 'cmake_force_configure' from command line to 'False'
[0.188s] Level 5:colcon.colcon_core.verb:set package 'dis_tutorial5' build argument 'ament_cmake_args' from command line to 'None'
[0.188s] Level 5:colcon.colcon_core.verb:set package 'dis_tutorial5' build argument 'catkin_cmake_args' from command line to 'None'
[0.188s] Level 5:colcon.colcon_core.verb:set package 'dis_tutorial5' build argument 'catkin_skip_building_tests' from command line to 'False'
[0.188s] DEBUG:colcon.colcon_core.verb:Building package 'dis_tutorial5' with the following arguments: {'ament_cmake_args': None, 'build_base': '/home/thelegend442/faxic/RINS-kappa/workspace/build/dis_tutorial5', 'catkin_cmake_args': None, 'catkin_skip_building_tests': False, 'cmake_args': None, 'cmake_clean_cache': False, 'cmake_clean_first': False, 'cmake_force_configure': False, 'cmake_target': None, 'cmake_target_skip_unavailable': False, 'install_base': '/home/thelegend442/faxic/RINS-kappa/workspace/install/dis_tutorial5', 'merge_install': False, 'path': '/home/thelegend442/faxic/RINS-kappa/workspace/src/dis_tutorial5', 'symlink_install': False, 'test_result_base': None}
[0.188s] INFO:colcon.colcon_core.executor:Executing jobs using 'parallel' executor
[0.189s] DEBUG:colcon.colcon_parallel_executor.executor.parallel:run_until_complete
[0.189s] INFO:colcon.colcon_ros.task.ament_cmake.build:Building ROS package in '/home/thelegend442/faxic/RINS-kappa/workspace/src/custom_messages' with build type 'ament_cmake'
[0.189s] INFO:colcon.colcon_cmake.task.cmake.build:Building CMake package in '/home/thelegend442/faxic/RINS-kappa/workspace/src/custom_messages'
[0.191s] INFO:colcon.colcon_core.plugin_system:Skipping extension 'colcon_core.shell.bat': Not used on non-Windows systems
[0.191s] INFO:colcon.colcon_core.shell:Skip shell extension 'powershell' for command environment: Not usable outside of PowerShell
[0.191s] DEBUG:colcon.colcon_core.shell:Skip shell extension 'dsv' for command environment
[0.194s] INFO:colcon.colcon_ros.task.ament_cmake.build:Building ROS package in '/home/thelegend442/faxic/RINS-kappa/workspace/src/dis_tutorial1' with build type 'ament_cmake'
[0.194s] INFO:colcon.colcon_cmake.task.cmake.build:Building CMake package in '/home/thelegend442/faxic/RINS-kappa/workspace/src/dis_tutorial1'
[0.194s] INFO:colcon.colcon_core.shell:Skip shell extension 'powershell' for command environment: Not usable outside of PowerShell
[0.194s] DEBUG:colcon.colcon_core.shell:Skip shell extension 'dsv' for command environment
[0.197s] INFO:colcon.colcon_ros.task.ament_python.build:Building ROS package in '/home/thelegend442/faxic/RINS-kappa/workspace/src/dis_tutorial2' with build type 'ament_python'
[0.197s] Level 1:colcon.colcon_core.shell:create_environment_hook('dis_tutorial2', 'ament_prefix_path')
[0.197s] INFO:colcon.colcon_core.shell:Creating environment hook '/home/thelegend442/faxic/RINS-kappa/workspace/install/dis_tutorial2/share/dis_tutorial2/hook/ament_prefix_path.ps1'
[0.198s] INFO:colcon.colcon_core.shell:Creating environment descriptor '/home/thelegend442/faxic/RINS-kappa/workspace/install/dis_tutorial2/share/dis_tutorial2/hook/ament_prefix_path.dsv'
[0.198s] INFO:colcon.colcon_core.shell:Creating environment hook '/home/thelegend442/faxic/RINS-kappa/workspace/install/dis_tutorial2/share/dis_tutorial2/hook/ament_prefix_path.sh'
[0.198s] INFO:colcon.colcon_core.shell:Skip shell extension 'powershell' for command environment: Not usable outside of PowerShell
[0.198s] DEBUG:colcon.colcon_core.shell:Skip shell extension 'dsv' for command environment
[0.201s] INFO:colcon.colcon_ros.task.ament_cmake.build:Building ROS package in '/home/thelegend442/faxic/RINS-kappa/workspace/src/dis_tutorial3' with build type 'ament_cmake'
[0.201s] INFO:colcon.colcon_cmake.task.cmake.build:Building CMake package in '/home/thelegend442/faxic/RINS-kappa/workspace/src/dis_tutorial3'
[0.201s] INFO:colcon.colcon_core.shell:Skip shell extension 'powershell' for command environment: Not usable outside of PowerShell
[0.201s] DEBUG:colcon.colcon_core.shell:Skip shell extension 'dsv' for command environment
[0.204s] INFO:colcon.colcon_ros.task.ament_cmake.build:Building ROS package in '/home/thelegend442/faxic/RINS-kappa/workspace/src/dis_tutorial4' with build type 'ament_cmake'
[0.204s] INFO:colcon.colcon_cmake.task.cmake.build:Building CMake package in '/home/thelegend442/faxic/RINS-kappa/workspace/src/dis_tutorial4'
[0.204s] INFO:colcon.colcon_core.shell:Skip shell extension 'powershell' for command environment: Not usable outside of PowerShell
[0.204s] DEBUG:colcon.colcon_core.shell:Skip shell extension 'dsv' for command environment
[0.207s] INFO:colcon.colcon_ros.task.ament_cmake.build:Building ROS package in '/home/thelegend442/faxic/RINS-kappa/workspace/src/dis_tutorial5' with build type 'ament_cmake'
[0.207s] INFO:colcon.colcon_cmake.task.cmake.build:Building CMake package in '/home/thelegend442/faxic/RINS-kappa/workspace/src/dis_tutorial5'
[0.207s] INFO:colcon.colcon_core.shell:Skip shell extension 'powershell' for command environment: Not usable outside of PowerShell
[0.207s] DEBUG:colcon.colcon_core.shell:Skip shell extension 'dsv' for command environment
[0.213s] DEBUG:colcon.colcon_core.event_handler.log_command:Invoking command in '/home/thelegend442/faxic/RINS-kappa/workspace/build/custom_messages': CMAKE_PREFIX_PATH=${CMAKE_PREFIX_PATH}:/home/thelegend442/faxic/RINS-kappa/workspace/install/dis_tutorial2:/opt/ros/humble /usr/bin/cmake /home/thelegend442/faxic/RINS-kappa/workspace/src/custom_messages -DCMAKE_INSTALL_PREFIX=/home/thelegend442/faxic/RINS-kappa/workspace/install/custom_messages
[0.215s] DEBUG:colcon.colcon_core.event_handler.log_command:Invoking command in '/home/thelegend442/faxic/RINS-kappa/workspace/build/dis_tutorial1': CMAKE_PREFIX_PATH=${CMAKE_PREFIX_PATH}:/home/thelegend442/faxic/RINS-kappa/workspace/install/dis_tutorial2:/opt/ros/humble /usr/bin/cmake /home/thelegend442/faxic/RINS-kappa/workspace/src/dis_tutorial1 -DCMAKE_INSTALL_PREFIX=/home/thelegend442/faxic/RINS-kappa/workspace/install/dis_tutorial1
[0.396s] INFO:colcon.colcon_core.task.python.build:Building Python package in '/home/thelegend442/faxic/RINS-kappa/workspace/src/dis_tutorial2'
[0.396s] INFO:colcon.colcon_core.shell:Skip shell extension 'powershell' for command environment: Not usable outside of PowerShell
[0.396s] DEBUG:colcon.colcon_core.shell:Skip shell extension 'dsv' for command environment
[0.402s] DEBUG:colcon.colcon_core.event_handler.log_command:Invoking command in '/home/thelegend442/faxic/RINS-kappa/workspace/build/dis_tutorial3': CMAKE_PREFIX_PATH=${CMAKE_PREFIX_PATH}:/home/thelegend442/faxic/RINS-kappa/workspace/install/dis_tutorial2:/opt/ros/humble /usr/bin/cmake /home/thelegend442/faxic/RINS-kappa/workspace/src/dis_tutorial3 -DCMAKE_INSTALL_PREFIX=/home/thelegend442/faxic/RINS-kappa/workspace/install/dis_tutorial3
[0.405s] DEBUG:colcon.colcon_core.event_handler.log_command:Invoking command in '/home/thelegend442/faxic/RINS-kappa/workspace/build/dis_tutorial4': CMAKE_PREFIX_PATH=${CMAKE_PREFIX_PATH}:/home/thelegend442/faxic/RINS-kappa/workspace/install/dis_tutorial2:/opt/ros/humble /usr/bin/cmake /home/thelegend442/faxic/RINS-kappa/workspace/src/dis_tutorial4 -DCMAKE_INSTALL_PREFIX=/home/thelegend442/faxic/RINS-kappa/workspace/install/dis_tutorial4
[0.442s] DEBUG:colcon.colcon_core.event_handler.log_command:Invoking command in '/home/thelegend442/faxic/RINS-kappa/workspace/build/dis_tutorial5': CMAKE_PREFIX_PATH=${CMAKE_PREFIX_PATH}:/home/thelegend442/faxic/RINS-kappa/workspace/install/dis_tutorial2:/opt/ros/humble /usr/bin/cmake /home/thelegend442/faxic/RINS-kappa/workspace/src/dis_tutorial5 -DCMAKE_INSTALL_PREFIX=/home/thelegend442/faxic/RINS-kappa/workspace/install/dis_tutorial5
[1.035s] DEBUG:colcon.colcon_core.event_handler.log_command:Invoking command in '/home/thelegend442/faxic/RINS-kappa/workspace/src/dis_tutorial2': PYTHONPATH=/home/thelegend442/faxic/RINS-kappa/workspace/build/dis_tutorial2/prefix_override:/usr/lib/python3/dist-packages/colcon_core/task/python/colcon_distutils_commands:/home/thelegend442/faxic/RINS-kappa/workspace/install/dis_tutorial2/lib/python3.10/site-packages:${PYTHONPATH} /usr/bin/python3 -W ignore:setup.py install is deprecated -W ignore:easy_install command is deprecated setup.py egg_info --egg-base ../../build/dis_tutorial2 build --build-base /home/thelegend442/faxic/RINS-kappa/workspace/build/dis_tutorial2/build install --record /home/thelegend442/faxic/RINS-kappa/workspace/build/dis_tutorial2/install.log --single-version-externally-managed install_data
[1.588s] DEBUG:colcon.colcon_core.event_handler.log_command:Invoked command in '/home/thelegend442/faxic/RINS-kappa/workspace/src/dis_tutorial2' returned '0': PYTHONPATH=/home/thelegend442/faxic/RINS-kappa/workspace/build/dis_tutorial2/prefix_override:/usr/lib/python3/dist-packages/colcon_core/task/python/colcon_distutils_commands:/home/thelegend442/faxic/RINS-kappa/workspace/install/dis_tutorial2/lib/python3.10/site-packages:${PYTHONPATH} /usr/bin/python3 -W ignore:setup.py install is deprecated -W ignore:easy_install command is deprecated setup.py egg_info --egg-base ../../build/dis_tutorial2 build --build-base /home/thelegend442/faxic/RINS-kappa/workspace/build/dis_tutorial2/build install --record /home/thelegend442/faxic/RINS-kappa/workspace/build/dis_tutorial2/install.log --single-version-externally-managed install_data
[1.590s] Level 1:colcon.colcon_core.environment:checking '/home/thelegend442/faxic/RINS-kappa/workspace/install/dis_tutorial2' for CMake module files
[1.590s] Level 1:colcon.colcon_core.environment:checking '/home/thelegend442/faxic/RINS-kappa/workspace/install/dis_tutorial2' for CMake config files
[1.591s] Level 1:colcon.colcon_core.environment:checking '/home/thelegend442/faxic/RINS-kappa/workspace/install/dis_tutorial2/lib'
[1.591s] Level 1:colcon.colcon_core.environment:checking '/home/thelegend442/faxic/RINS-kappa/workspace/install/dis_tutorial2/bin'
[1.591s] Level 1:colcon.colcon_core.environment:checking '/home/thelegend442/faxic/RINS-kappa/workspace/install/dis_tutorial2/lib/pkgconfig/dis_tutorial2.pc'
[1.591s] Level 1:colcon.colcon_core.environment:checking '/home/thelegend442/faxic/RINS-kappa/workspace/install/dis_tutorial2/lib/python3.10/site-packages'
[1.592s] Level 1:colcon.colcon_core.shell:create_environment_hook('dis_tutorial2', 'pythonpath')
[1.592s] INFO:colcon.colcon_core.shell:Creating environment hook '/home/thelegend442/faxic/RINS-kappa/workspace/install/dis_tutorial2/share/dis_tutorial2/hook/pythonpath.ps1'
[1.593s] INFO:colcon.colcon_core.shell:Creating environment descriptor '/home/thelegend442/faxic/RINS-kappa/workspace/install/dis_tutorial2/share/dis_tutorial2/hook/pythonpath.dsv'
[1.593s] INFO:colcon.colcon_core.shell:Creating environment hook '/home/thelegend442/faxic/RINS-kappa/workspace/install/dis_tutorial2/share/dis_tutorial2/hook/pythonpath.sh'
[1.594s] Level 1:colcon.colcon_core.environment:checking '/home/thelegend442/faxic/RINS-kappa/workspace/install/dis_tutorial2/bin'
[1.594s] Level 1:colcon.colcon_core.environment:create_environment_scripts_only(dis_tutorial2)
[1.594s] INFO:colcon.colcon_core.shell:Creating package script '/home/thelegend442/faxic/RINS-kappa/workspace/install/dis_tutorial2/share/dis_tutorial2/package.ps1'
[1.595s] INFO:colcon.colcon_core.shell:Creating package descriptor '/home/thelegend442/faxic/RINS-kappa/workspace/install/dis_tutorial2/share/dis_tutorial2/package.dsv'
[1.596s] INFO:colcon.colcon_core.shell:Creating package script '/home/thelegend442/faxic/RINS-kappa/workspace/install/dis_tutorial2/share/dis_tutorial2/package.sh'
[1.596s] INFO:colcon.colcon_core.shell:Creating package script '/home/thelegend442/faxic/RINS-kappa/workspace/install/dis_tutorial2/share/dis_tutorial2/package.bash'
[1.597s] INFO:colcon.colcon_core.shell:Creating package script '/home/thelegend442/faxic/RINS-kappa/workspace/install/dis_tutorial2/share/dis_tutorial2/package.zsh'
[1.597s] Level 1:colcon.colcon_core.environment:create_file_with_runtime_dependencies(/home/thelegend442/faxic/RINS-kappa/workspace/install/dis_tutorial2/share/colcon-core/packages/dis_tutorial2)
[1.772s] DEBUG:colcon.colcon_core.event_handler.log_command:Invoked command in '/home/thelegend442/faxic/RINS-kappa/workspace/build/dis_tutorial3' returned '0': CMAKE_PREFIX_PATH=${CMAKE_PREFIX_PATH}:/home/thelegend442/faxic/RINS-kappa/workspace/install/dis_tutorial2:/opt/ros/humble /usr/bin/cmake /home/thelegend442/faxic/RINS-kappa/workspace/src/dis_tutorial3 -DCMAKE_INSTALL_PREFIX=/home/thelegend442/faxic/RINS-kappa/workspace/install/dis_tutorial3
[1.775s] DEBUG:colcon.colcon_core.event_handler.log_command:Invoking command in '/home/thelegend442/faxic/RINS-kappa/workspace/build/dis_tutorial3': CMAKE_PREFIX_PATH=${CMAKE_PREFIX_PATH}:/home/thelegend442/faxic/RINS-kappa/workspace/install/dis_tutorial2:/opt/ros/humble /usr/bin/cmake --build /home/thelegend442/faxic/RINS-kappa/workspace/build/dis_tutorial3 -- -j16 -l16
[1.824s] DEBUG:colcon.colcon_core.event_handler.log_command:Invoked command in '/home/thelegend442/faxic/RINS-kappa/workspace/build/dis_tutorial3' returned '0': CMAKE_PREFIX_PATH=${CMAKE_PREFIX_PATH}:/home/thelegend442/faxic/RINS-kappa/workspace/install/dis_tutorial2:/opt/ros/humble /usr/bin/cmake --build /home/thelegend442/faxic/RINS-kappa/workspace/build/dis_tutorial3 -- -j16 -l16
[1.836s] DEBUG:colcon.colcon_core.event_handler.log_command:Invoking command in '/home/thelegend442/faxic/RINS-kappa/workspace/build/dis_tutorial3': CMAKE_PREFIX_PATH=${CMAKE_PREFIX_PATH}:/home/thelegend442/faxic/RINS-kappa/workspace/install/dis_tutorial2:/opt/ros/humble /usr/bin/cmake --install /home/thelegend442/faxic/RINS-kappa/workspace/build/dis_tutorial3
[1.876s] DEBUG:colcon.colcon_core.event_handler.log_command:Invoked command in '/home/thelegend442/faxic/RINS-kappa/workspace/build/dis_tutorial4' returned '0': CMAKE_PREFIX_PATH=${CMAKE_PREFIX_PATH}:/home/thelegend442/faxic/RINS-kappa/workspace/install/dis_tutorial2:/opt/ros/humble /usr/bin/cmake /home/thelegend442/faxic/RINS-kappa/workspace/src/dis_tutorial4 -DCMAKE_INSTALL_PREFIX=/home/thelegend442/faxic/RINS-kappa/workspace/install/dis_tutorial4
[1.879s] DEBUG:colcon.colcon_core.event_handler.log_command:Invoking command in '/home/thelegend442/faxic/RINS-kappa/workspace/build/dis_tutorial4': CMAKE_PREFIX_PATH=${CMAKE_PREFIX_PATH}:/home/thelegend442/faxic/RINS-kappa/workspace/install/dis_tutorial2:/opt/ros/humble /usr/bin/cmake --build /home/thelegend442/faxic/RINS-kappa/workspace/build/dis_tutorial4 -- -j16 -l16
[1.907s] Level 1:colcon.colcon_core.environment:create_environment_scripts_only(dis_tutorial3)
[1.907s] Level 1:colcon.colcon_core.environment:checking '/home/thelegend442/faxic/RINS-kappa/workspace/install/dis_tutorial3' for CMake module files
[1.908s] DEBUG:colcon.colcon_core.event_handler.log_command:Invoked command in '/home/thelegend442/faxic/RINS-kappa/workspace/build/dis_tutorial3' returned '0': CMAKE_PREFIX_PATH=${CMAKE_PREFIX_PATH}:/home/thelegend442/faxic/RINS-kappa/workspace/install/dis_tutorial2:/opt/ros/humble /usr/bin/cmake --install /home/thelegend442/faxic/RINS-kappa/workspace/build/dis_tutorial3
[1.908s] Level 1:colcon.colcon_core.environment:checking '/home/thelegend442/faxic/RINS-kappa/workspace/install/dis_tutorial3' for CMake config files
[1.909s] Level 1:colcon.colcon_core.shell:create_environment_hook('dis_tutorial3', 'cmake_prefix_path')
[1.909s] INFO:colcon.colcon_core.shell:Creating environment hook '/home/thelegend442/faxic/RINS-kappa/workspace/install/dis_tutorial3/share/dis_tutorial3/hook/cmake_prefix_path.ps1'
[1.909s] INFO:colcon.colcon_core.shell:Creating environment descriptor '/home/thelegend442/faxic/RINS-kappa/workspace/install/dis_tutorial3/share/dis_tutorial3/hook/cmake_prefix_path.dsv'
[1.910s] INFO:colcon.colcon_core.shell:Creating environment hook '/home/thelegend442/faxic/RINS-kappa/workspace/install/dis_tutorial3/share/dis_tutorial3/hook/cmake_prefix_path.sh'
[1.910s] Level 1:colcon.colcon_core.environment:checking '/home/thelegend442/faxic/RINS-kappa/workspace/install/dis_tutorial3/lib'
[1.910s] Level 1:colcon.colcon_core.environment:checking '/home/thelegend442/faxic/RINS-kappa/workspace/install/dis_tutorial3/bin'
[1.911s] Level 1:colcon.colcon_core.environment:checking '/home/thelegend442/faxic/RINS-kappa/workspace/install/dis_tutorial3/lib/pkgconfig/dis_tutorial3.pc'
[1.911s] Level 1:colcon.colcon_core.environment:checking '/home/thelegend442/faxic/RINS-kappa/workspace/install/dis_tutorial3/lib/python3.10/site-packages'
[1.911s] Level 1:colcon.colcon_core.environment:checking '/home/thelegend442/faxic/RINS-kappa/workspace/install/dis_tutorial3/bin'
[1.911s] INFO:colcon.colcon_core.shell:Creating package script '/home/thelegend442/faxic/RINS-kappa/workspace/install/dis_tutorial3/share/dis_tutorial3/package.ps1'
[1.912s] INFO:colcon.colcon_core.shell:Creating package descriptor '/home/thelegend442/faxic/RINS-kappa/workspace/install/dis_tutorial3/share/dis_tutorial3/package.dsv'
[1.913s] INFO:colcon.colcon_core.shell:Creating package script '/home/thelegend442/faxic/RINS-kappa/workspace/install/dis_tutorial3/share/dis_tutorial3/package.sh'
[1.913s] INFO:colcon.colcon_core.shell:Creating package script '/home/thelegend442/faxic/RINS-kappa/workspace/install/dis_tutorial3/share/dis_tutorial3/package.bash'
[1.913s] INFO:colcon.colcon_core.shell:Creating package script '/home/thelegend442/faxic/RINS-kappa/workspace/install/dis_tutorial3/share/dis_tutorial3/package.zsh'
[1.914s] Level 1:colcon.colcon_core.environment:create_file_with_runtime_dependencies(/home/thelegend442/faxic/RINS-kappa/workspace/install/dis_tutorial3/share/colcon-core/packages/dis_tutorial3)
[1.914s] Level 1:colcon.colcon_core.environment:create_environment_scripts_only(dis_tutorial3)
[1.914s] Level 1:colcon.colcon_core.environment:checking '/home/thelegend442/faxic/RINS-kappa/workspace/install/dis_tutorial3' for CMake module files
[1.915s] Level 1:colcon.colcon_core.environment:checking '/home/thelegend442/faxic/RINS-kappa/workspace/install/dis_tutorial3' for CMake config files
[1.915s] Level 1:colcon.colcon_core.shell:create_environment_hook('dis_tutorial3', 'cmake_prefix_path')
[1.915s] INFO:colcon.colcon_core.shell:Creating environment hook '/home/thelegend442/faxic/RINS-kappa/workspace/install/dis_tutorial3/share/dis_tutorial3/hook/cmake_prefix_path.ps1'
[1.916s] INFO:colcon.colcon_core.shell:Creating environment descriptor '/home/thelegend442/faxic/RINS-kappa/workspace/install/dis_tutorial3/share/dis_tutorial3/hook/cmake_prefix_path.dsv'
[1.916s] INFO:colcon.colcon_core.shell:Creating environment hook '/home/thelegend442/faxic/RINS-kappa/workspace/install/dis_tutorial3/share/dis_tutorial3/hook/cmake_prefix_path.sh'
[1.916s] Level 1:colcon.colcon_core.environment:checking '/home/thelegend442/faxic/RINS-kappa/workspace/install/dis_tutorial3/lib'
[1.916s] Level 1:colcon.colcon_core.environment:checking '/home/thelegend442/faxic/RINS-kappa/workspace/install/dis_tutorial3/bin'
[1.916s] Level 1:colcon.colcon_core.environment:checking '/home/thelegend442/faxic/RINS-kappa/workspace/install/dis_tutorial3/lib/pkgconfig/dis_tutorial3.pc'
[1.917s] Level 1:colcon.colcon_core.environment:checking '/home/thelegend442/faxic/RINS-kappa/workspace/install/dis_tutorial3/lib/python3.10/site-packages'
[1.917s] Level 1:colcon.colcon_core.environment:checking '/home/thelegend442/faxic/RINS-kappa/workspace/install/dis_tutorial3/bin'
[1.917s] INFO:colcon.colcon_core.shell:Creating package script '/home/thelegend442/faxic/RINS-kappa/workspace/install/dis_tutorial3/share/dis_tutorial3/package.ps1'
[1.918s] INFO:colcon.colcon_core.shell:Creating package descriptor '/home/thelegend442/faxic/RINS-kappa/workspace/install/dis_tutorial3/share/dis_tutorial3/package.dsv'
[1.918s] INFO:colcon.colcon_core.shell:Creating package script '/home/thelegend442/faxic/RINS-kappa/workspace/install/dis_tutorial3/share/dis_tutorial3/package.sh'
[1.919s] INFO:colcon.colcon_core.shell:Creating package script '/home/thelegend442/faxic/RINS-kappa/workspace/install/dis_tutorial3/share/dis_tutorial3/package.bash'
[1.919s] INFO:colcon.colcon_core.shell:Creating package script '/home/thelegend442/faxic/RINS-kappa/workspace/install/dis_tutorial3/share/dis_tutorial3/package.zsh'
[1.920s] Level 1:colcon.colcon_core.environment:create_file_with_runtime_dependencies(/home/thelegend442/faxic/RINS-kappa/workspace/install/dis_tutorial3/share/colcon-core/packages/dis_tutorial3)
[1.934s] DEBUG:colcon.colcon_core.event_handler.log_command:Invoked command in '/home/thelegend442/faxic/RINS-kappa/workspace/build/dis_tutorial4' returned '0': CMAKE_PREFIX_PATH=${CMAKE_PREFIX_PATH}:/home/thelegend442/faxic/RINS-kappa/workspace/install/dis_tutorial2:/opt/ros/humble /usr/bin/cmake --build /home/thelegend442/faxic/RINS-kappa/workspace/build/dis_tutorial4 -- -j16 -l16
[1.935s] DEBUG:colcon.colcon_core.event_handler.log_command:Invoking command in '/home/thelegend442/faxic/RINS-kappa/workspace/build/dis_tutorial4': CMAKE_PREFIX_PATH=${CMAKE_PREFIX_PATH}:/home/thelegend442/faxic/RINS-kappa/workspace/install/dis_tutorial2:/opt/ros/humble /usr/bin/cmake --install /home/thelegend442/faxic/RINS-kappa/workspace/build/dis_tutorial4
[1.950s] Level 1:colcon.colcon_core.environment:create_environment_scripts_only(dis_tutorial4)
[1.950s] Level 1:colcon.colcon_core.environment:checking '/home/thelegend442/faxic/RINS-kappa/workspace/install/dis_tutorial4' for CMake module files
[1.951s] DEBUG:colcon.colcon_core.event_handler.log_command:Invoked command in '/home/thelegend442/faxic/RINS-kappa/workspace/build/dis_tutorial4' returned '0': CMAKE_PREFIX_PATH=${CMAKE_PREFIX_PATH}:/home/thelegend442/faxic/RINS-kappa/workspace/install/dis_tutorial2:/opt/ros/humble /usr/bin/cmake --install /home/thelegend442/faxic/RINS-kappa/workspace/build/dis_tutorial4
[1.951s] Level 1:colcon.colcon_core.environment:checking '/home/thelegend442/faxic/RINS-kappa/workspace/install/dis_tutorial4' for CMake config files
[1.951s] Level 1:colcon.colcon_core.shell:create_environment_hook('dis_tutorial4', 'cmake_prefix_path')
[1.951s] INFO:colcon.colcon_core.shell:Creating environment hook '/home/thelegend442/faxic/RINS-kappa/workspace/install/dis_tutorial4/share/dis_tutorial4/hook/cmake_prefix_path.ps1'
[1.952s] INFO:colcon.colcon_core.shell:Creating environment descriptor '/home/thelegend442/faxic/RINS-kappa/workspace/install/dis_tutorial4/share/dis_tutorial4/hook/cmake_prefix_path.dsv'
[1.952s] INFO:colcon.colcon_core.shell:Creating environment hook '/home/thelegend442/faxic/RINS-kappa/workspace/install/dis_tutorial4/share/dis_tutorial4/hook/cmake_prefix_path.sh'
[1.953s] Level 1:colcon.colcon_core.environment:checking '/home/thelegend442/faxic/RINS-kappa/workspace/install/dis_tutorial4/lib'
[1.953s] Level 1:colcon.colcon_core.environment:checking '/home/thelegend442/faxic/RINS-kappa/workspace/install/dis_tutorial4/bin'
[1.953s] Level 1:colcon.colcon_core.environment:checking '/home/thelegend442/faxic/RINS-kappa/workspace/install/dis_tutorial4/lib/pkgconfig/dis_tutorial4.pc'
[1.953s] Level 1:colcon.colcon_core.environment:checking '/home/thelegend442/faxic/RINS-kappa/workspace/install/dis_tutorial4/lib/python3.10/site-packages'
[1.953s] Level 1:colcon.colcon_core.environment:checking '/home/thelegend442/faxic/RINS-kappa/workspace/install/dis_tutorial4/bin'
[1.954s] INFO:colcon.colcon_core.shell:Creating package script '/home/thelegend442/faxic/RINS-kappa/workspace/install/dis_tutorial4/share/dis_tutorial4/package.ps1'
[1.954s] INFO:colcon.colcon_core.shell:Creating package descriptor '/home/thelegend442/faxic/RINS-kappa/workspace/install/dis_tutorial4/share/dis_tutorial4/package.dsv'
[1.955s] INFO:colcon.colcon_core.shell:Creating package script '/home/thelegend442/faxic/RINS-kappa/workspace/install/dis_tutorial4/share/dis_tutorial4/package.sh'
[1.955s] INFO:colcon.colcon_core.shell:Creating package script '/home/thelegend442/faxic/RINS-kappa/workspace/install/dis_tutorial4/share/dis_tutorial4/package.bash'
[1.956s] INFO:colcon.colcon_core.shell:Creating package script '/home/thelegend442/faxic/RINS-kappa/workspace/install/dis_tutorial4/share/dis_tutorial4/package.zsh'
[1.956s] Level 1:colcon.colcon_core.environment:create_file_with_runtime_dependencies(/home/thelegend442/faxic/RINS-kappa/workspace/install/dis_tutorial4/share/colcon-core/packages/dis_tutorial4)
[1.956s] Level 1:colcon.colcon_core.environment:create_environment_scripts_only(dis_tutorial4)
[1.957s] Level 1:colcon.colcon_core.environment:checking '/home/thelegend442/faxic/RINS-kappa/workspace/install/dis_tutorial4' for CMake module files
[1.957s] Level 1:colcon.colcon_core.environment:checking '/home/thelegend442/faxic/RINS-kappa/workspace/install/dis_tutorial4' for CMake config files
[1.957s] Level 1:colcon.colcon_core.shell:create_environment_hook('dis_tutorial4', 'cmake_prefix_path')
[1.957s] INFO:colcon.colcon_core.shell:Creating environment hook '/home/thelegend442/faxic/RINS-kappa/workspace/install/dis_tutorial4/share/dis_tutorial4/hook/cmake_prefix_path.ps1'
[1.958s] INFO:colcon.colcon_core.shell:Creating environment descriptor '/home/thelegend442/faxic/RINS-kappa/workspace/install/dis_tutorial4/share/dis_tutorial4/hook/cmake_prefix_path.dsv'
[1.958s] INFO:colcon.colcon_core.shell:Creating environment hook '/home/thelegend442/faxic/RINS-kappa/workspace/install/dis_tutorial4/share/dis_tutorial4/hook/cmake_prefix_path.sh'
[1.958s] Level 1:colcon.colcon_core.environment:checking '/home/thelegend442/faxic/RINS-kappa/workspace/install/dis_tutorial4/lib'
[1.958s] Level 1:colcon.colcon_core.environment:checking '/home/thelegend442/faxic/RINS-kappa/workspace/install/dis_tutorial4/bin'
[1.958s] Level 1:colcon.colcon_core.environment:checking '/home/thelegend442/faxic/RINS-kappa/workspace/install/dis_tutorial4/lib/pkgconfig/dis_tutorial4.pc'
[1.959s] Level 1:colcon.colcon_core.environment:checking '/home/thelegend442/faxic/RINS-kappa/workspace/install/dis_tutorial4/lib/python3.10/site-packages'
[1.959s] Level 1:colcon.colcon_core.environment:checking '/home/thelegend442/faxic/RINS-kappa/workspace/install/dis_tutorial4/bin'
[1.959s] INFO:colcon.colcon_core.shell:Creating package script '/home/thelegend442/faxic/RINS-kappa/workspace/install/dis_tutorial4/share/dis_tutorial4/package.ps1'
[1.960s] INFO:colcon.colcon_core.shell:Creating package descriptor '/home/thelegend442/faxic/RINS-kappa/workspace/install/dis_tutorial4/share/dis_tutorial4/package.dsv'
[1.960s] INFO:colcon.colcon_core.shell:Creating package script '/home/thelegend442/faxic/RINS-kappa/workspace/install/dis_tutorial4/share/dis_tutorial4/package.sh'
[1.960s] INFO:colcon.colcon_core.shell:Creating package script '/home/thelegend442/faxic/RINS-kappa/workspace/install/dis_tutorial4/share/dis_tutorial4/package.bash'
[1.961s] INFO:colcon.colcon_core.shell:Creating package script '/home/thelegend442/faxic/RINS-kappa/workspace/install/dis_tutorial4/share/dis_tutorial4/package.zsh'
[1.961s] Level 1:colcon.colcon_core.environment:create_file_with_runtime_dependencies(/home/thelegend442/faxic/RINS-kappa/workspace/install/dis_tutorial4/share/colcon-core/packages/dis_tutorial4)
[2.314s] DEBUG:colcon.colcon_core.event_handler.log_command:Invoked command in '/home/thelegend442/faxic/RINS-kappa/workspace/build/custom_messages' returned '0': CMAKE_PREFIX_PATH=${CMAKE_PREFIX_PATH}:/home/thelegend442/faxic/RINS-kappa/workspace/install/dis_tutorial2:/opt/ros/humble /usr/bin/cmake /home/thelegend442/faxic/RINS-kappa/workspace/src/custom_messages -DCMAKE_INSTALL_PREFIX=/home/thelegend442/faxic/RINS-kappa/workspace/install/custom_messages
[2.316s] DEBUG:colcon.colcon_core.event_handler.log_command:Invoking command in '/home/thelegend442/faxic/RINS-kappa/workspace/build/custom_messages': CMAKE_PREFIX_PATH=${CMAKE_PREFIX_PATH}:/home/thelegend442/faxic/RINS-kappa/workspace/install/dis_tutorial2:/opt/ros/humble /usr/bin/cmake --build /home/thelegend442/faxic/RINS-kappa/workspace/build/custom_messages -- -j16 -l16
[2.494s] DEBUG:colcon.colcon_core.event_handler.log_command:Invoked command in '/home/thelegend442/faxic/RINS-kappa/workspace/build/dis_tutorial1' returned '0': CMAKE_PREFIX_PATH=${CMAKE_PREFIX_PATH}:/home/thelegend442/faxic/RINS-kappa/workspace/install/dis_tutorial2:/opt/ros/humble /usr/bin/cmake /home/thelegend442/faxic/RINS-kappa/workspace/src/dis_tutorial1 -DCMAKE_INSTALL_PREFIX=/home/thelegend442/faxic/RINS-kappa/workspace/install/dis_tutorial1
[2.496s] DEBUG:colcon.colcon_core.event_handler.log_command:Invoking command in '/home/thelegend442/faxic/RINS-kappa/workspace/build/dis_tutorial1': CMAKE_PREFIX_PATH=${CMAKE_PREFIX_PATH}:/home/thelegend442/faxic/RINS-kappa/workspace/install/dis_tutorial2:/opt/ros/humble /usr/bin/cmake --build /home/thelegend442/faxic/RINS-kappa/workspace/build/dis_tutorial1 -- -j16 -l16
[7.548s] DEBUG:colcon.colcon_core.event_handler.log_command:Invoked command in '/home/thelegend442/faxic/RINS-kappa/workspace/build/dis_tutorial5' returned '0': CMAKE_PREFIX_PATH=${CMAKE_PREFIX_PATH}:/home/thelegend442/faxic/RINS-kappa/workspace/install/dis_tutorial2:/opt/ros/humble /usr/bin/cmake /home/thelegend442/faxic/RINS-kappa/workspace/src/dis_tutorial5 -DCMAKE_INSTALL_PREFIX=/home/thelegend442/faxic/RINS-kappa/workspace/install/dis_tutorial5
[7.551s] DEBUG:colcon.colcon_core.event_handler.log_command:Invoking command in '/home/thelegend442/faxic/RINS-kappa/workspace/build/dis_tutorial5': CMAKE_PREFIX_PATH=${CMAKE_PREFIX_PATH}:/home/thelegend442/faxic/RINS-kappa/workspace/install/dis_tutorial2:/opt/ros/humble /usr/bin/cmake --build /home/thelegend442/faxic/RINS-kappa/workspace/build/dis_tutorial5 -- -j16 -l16
[8.994s] DEBUG:colcon.colcon_core.event_handler.log_command:Invoked command in '/home/thelegend442/faxic/RINS-kappa/workspace/build/custom_messages' returned '0': CMAKE_PREFIX_PATH=${CMAKE_PREFIX_PATH}:/home/thelegend442/faxic/RINS-kappa/workspace/install/dis_tutorial2:/opt/ros/humble /usr/bin/cmake --build /home/thelegend442/faxic/RINS-kappa/workspace/build/custom_messages -- -j16 -l16
[8.996s] DEBUG:colcon.colcon_core.event_handler.log_command:Invoking command in '/home/thelegend442/faxic/RINS-kappa/workspace/build/custom_messages': CMAKE_PREFIX_PATH=${CMAKE_PREFIX_PATH}:/home/thelegend442/faxic/RINS-kappa/workspace/install/dis_tutorial2:/opt/ros/humble /usr/bin/cmake --install /home/thelegend442/faxic/RINS-kappa/workspace/build/custom_messages
[9.124s] Level 1:colcon.colcon_core.environment:create_environment_scripts_only(custom_messages)
[9.125s] Level 1:colcon.colcon_core.environment:checking '/home/thelegend442/faxic/RINS-kappa/workspace/install/custom_messages' for CMake module files
[9.126s] DEBUG:colcon.colcon_core.event_handler.log_command:Invoked command in '/home/thelegend442/faxic/RINS-kappa/workspace/build/custom_messages' returned '0': CMAKE_PREFIX_PATH=${CMAKE_PREFIX_PATH}:/home/thelegend442/faxic/RINS-kappa/workspace/install/dis_tutorial2:/opt/ros/humble /usr/bin/cmake --install /home/thelegend442/faxic/RINS-kappa/workspace/build/custom_messages
[9.126s] Level 1:colcon.colcon_core.environment:checking '/home/thelegend442/faxic/RINS-kappa/workspace/install/custom_messages' for CMake config files
[9.127s] Level 1:colcon.colcon_core.shell:create_environment_hook('custom_messages', 'cmake_prefix_path')
[9.127s] INFO:colcon.colcon_core.shell:Creating environment hook '/home/thelegend442/faxic/RINS-kappa/workspace/install/custom_messages/share/custom_messages/hook/cmake_prefix_path.ps1'
[9.127s] INFO:colcon.colcon_core.shell:Creating environment descriptor '/home/thelegend442/faxic/RINS-kappa/workspace/install/custom_messages/share/custom_messages/hook/cmake_prefix_path.dsv'
[9.128s] INFO:colcon.colcon_core.shell:Creating environment hook '/home/thelegend442/faxic/RINS-kappa/workspace/install/custom_messages/share/custom_messages/hook/cmake_prefix_path.sh'
[9.128s] Level 1:colcon.colcon_core.environment:checking '/home/thelegend442/faxic/RINS-kappa/workspace/install/custom_messages/lib'
[9.128s] Level 1:colcon.colcon_core.shell:create_environment_hook('custom_messages', 'ld_library_path_lib')
[9.129s] INFO:colcon.colcon_core.shell:Creating environment hook '/home/thelegend442/faxic/RINS-kappa/workspace/install/custom_messages/share/custom_messages/hook/ld_library_path_lib.ps1'
[9.129s] INFO:colcon.colcon_core.shell:Creating environment descriptor '/home/thelegend442/faxic/RINS-kappa/workspace/install/custom_messages/share/custom_messages/hook/ld_library_path_lib.dsv'
[9.129s] INFO:colcon.colcon_core.shell:Creating environment hook '/home/thelegend442/faxic/RINS-kappa/workspace/install/custom_messages/share/custom_messages/hook/ld_library_path_lib.sh'
[9.130s] Level 1:colcon.colcon_core.environment:checking '/home/thelegend442/faxic/RINS-kappa/workspace/install/custom_messages/bin'
[9.130s] Level 1:colcon.colcon_core.environment:checking '/home/thelegend442/faxic/RINS-kappa/workspace/install/custom_messages/lib/pkgconfig/custom_messages.pc'
[9.130s] Level 1:colcon.colcon_core.environment:checking '/home/thelegend442/faxic/RINS-kappa/workspace/install/custom_messages/lib/python3.10/site-packages'
[9.130s] Level 1:colcon.colcon_core.environment:checking '/home/thelegend442/faxic/RINS-kappa/workspace/install/custom_messages/bin'
[9.131s] INFO:colcon.colcon_core.shell:Creating package script '/home/thelegend442/faxic/RINS-kappa/workspace/install/custom_messages/share/custom_messages/package.ps1'
[9.131s] INFO:colcon.colcon_core.shell:Creating package descriptor '/home/thelegend442/faxic/RINS-kappa/workspace/install/custom_messages/share/custom_messages/package.dsv'
[9.132s] INFO:colcon.colcon_core.shell:Creating package script '/home/thelegend442/faxic/RINS-kappa/workspace/install/custom_messages/share/custom_messages/package.sh'
[9.132s] INFO:colcon.colcon_core.shell:Creating package script '/home/thelegend442/faxic/RINS-kappa/workspace/install/custom_messages/share/custom_messages/package.bash'
[9.132s] INFO:colcon.colcon_core.shell:Creating package script '/home/thelegend442/faxic/RINS-kappa/workspace/install/custom_messages/share/custom_messages/package.zsh'
[9.133s] Level 1:colcon.colcon_core.environment:create_file_with_runtime_dependencies(/home/thelegend442/faxic/RINS-kappa/workspace/install/custom_messages/share/colcon-core/packages/custom_messages)
[9.134s] Level 1:colcon.colcon_core.environment:create_environment_scripts_only(custom_messages)
[9.134s] Level 1:colcon.colcon_core.environment:checking '/home/thelegend442/faxic/RINS-kappa/workspace/install/custom_messages' for CMake module files
[9.135s] Level 1:colcon.colcon_core.environment:checking '/home/thelegend442/faxic/RINS-kappa/workspace/install/custom_messages' for CMake config files
[9.135s] Level 1:colcon.colcon_core.shell:create_environment_hook('custom_messages', 'cmake_prefix_path')
[9.135s] INFO:colcon.colcon_core.shell:Creating environment hook '/home/thelegend442/faxic/RINS-kappa/workspace/install/custom_messages/share/custom_messages/hook/cmake_prefix_path.ps1'
[9.136s] INFO:colcon.colcon_core.shell:Creating environment descriptor '/home/thelegend442/faxic/RINS-kappa/workspace/install/custom_messages/share/custom_messages/hook/cmake_prefix_path.dsv'
[9.136s] INFO:colcon.colcon_core.shell:Creating environment hook '/home/thelegend442/faxic/RINS-kappa/workspace/install/custom_messages/share/custom_messages/hook/cmake_prefix_path.sh'
[9.137s] Level 1:colcon.colcon_core.environment:checking '/home/thelegend442/faxic/RINS-kappa/workspace/install/custom_messages/lib'
[9.137s] Level 1:colcon.colcon_core.shell:create_environment_hook('custom_messages', 'ld_library_path_lib')
[9.137s] INFO:colcon.colcon_core.shell:Creating environment hook '/home/thelegend442/faxic/RINS-kappa/workspace/install/custom_messages/share/custom_messages/hook/ld_library_path_lib.ps1'
[9.137s] INFO:colcon.colcon_core.shell:Creating environment descriptor '/home/thelegend442/faxic/RINS-kappa/workspace/install/custom_messages/share/custom_messages/hook/ld_library_path_lib.dsv'
[9.138s] INFO:colcon.colcon_core.shell:Creating environment hook '/home/thelegend442/faxic/RINS-kappa/workspace/install/custom_messages/share/custom_messages/hook/ld_library_path_lib.sh'
[9.138s] Level 1:colcon.colcon_core.environment:checking '/home/thelegend442/faxic/RINS-kappa/workspace/install/custom_messages/bin'
[9.138s] Level 1:colcon.colcon_core.environment:checking '/home/thelegend442/faxic/RINS-kappa/workspace/install/custom_messages/lib/pkgconfig/custom_messages.pc'
[9.138s] Level 1:colcon.colcon_core.environment:checking '/home/thelegend442/faxic/RINS-kappa/workspace/install/custom_messages/lib/python3.10/site-packages'
[9.138s] Level 1:colcon.colcon_core.environment:checking '/home/thelegend442/faxic/RINS-kappa/workspace/install/custom_messages/bin'
[9.139s] INFO:colcon.colcon_core.shell:Creating package script '/home/thelegend442/faxic/RINS-kappa/workspace/install/custom_messages/share/custom_messages/package.ps1'
[9.139s] INFO:colcon.colcon_core.shell:Creating package descriptor '/home/thelegend442/faxic/RINS-kappa/workspace/install/custom_messages/share/custom_messages/package.dsv'
[9.140s] INFO:colcon.colcon_core.shell:Creating package script '/home/thelegend442/faxic/RINS-kappa/workspace/install/custom_messages/share/custom_messages/package.sh'
[9.140s] INFO:colcon.colcon_core.shell:Creating package script '/home/thelegend442/faxic/RINS-kappa/workspace/install/custom_messages/share/custom_messages/package.bash'
[9.141s] INFO:colcon.colcon_core.shell:Creating package script '/home/thelegend442/faxic/RINS-kappa/workspace/install/custom_messages/share/custom_messages/package.zsh'
[9.141s] Level 1:colcon.colcon_core.environment:create_file_with_runtime_dependencies(/home/thelegend442/faxic/RINS-kappa/workspace/install/custom_messages/share/colcon-core/packages/custom_messages)
[16.448s] DEBUG:colcon.colcon_core.event_handler.log_command:Invoked command in '/home/thelegend442/faxic/RINS-kappa/workspace/build/dis_tutorial1' returned '0': CMAKE_PREFIX_PATH=${CMAKE_PREFIX_PATH}:/home/thelegend442/faxic/RINS-kappa/workspace/install/dis_tutorial2:/opt/ros/humble /usr/bin/cmake --build /home/thelegend442/faxic/RINS-kappa/workspace/build/dis_tutorial1 -- -j16 -l16
[16.449s] DEBUG:colcon.colcon_core.event_handler.log_command:Invoking command in '/home/thelegend442/faxic/RINS-kappa/workspace/build/dis_tutorial1': CMAKE_PREFIX_PATH=${CMAKE_PREFIX_PATH}:/home/thelegend442/faxic/RINS-kappa/workspace/install/dis_tutorial2:/opt/ros/humble /usr/bin/cmake --install /home/thelegend442/faxic/RINS-kappa/workspace/build/dis_tutorial1
[16.535s] Level 1:colcon.colcon_core.environment:create_environment_scripts_only(dis_tutorial1)
[16.536s] Level 1:colcon.colcon_core.environment:checking '/home/thelegend442/faxic/RINS-kappa/workspace/install/dis_tutorial1' for CMake module files
[16.536s] DEBUG:colcon.colcon_core.event_handler.log_command:Invoked command in '/home/thelegend442/faxic/RINS-kappa/workspace/build/dis_tutorial1' returned '0': CMAKE_PREFIX_PATH=${CMAKE_PREFIX_PATH}:/home/thelegend442/faxic/RINS-kappa/workspace/install/dis_tutorial2:/opt/ros/humble /usr/bin/cmake --install /home/thelegend442/faxic/RINS-kappa/workspace/build/dis_tutorial1
[16.537s] Level 1:colcon.colcon_core.environment:checking '/home/thelegend442/faxic/RINS-kappa/workspace/install/dis_tutorial1' for CMake config files
[16.537s] Level 1:colcon.colcon_core.shell:create_environment_hook('dis_tutorial1', 'cmake_prefix_path')
[16.537s] INFO:colcon.colcon_core.shell:Creating environment hook '/home/thelegend442/faxic/RINS-kappa/workspace/install/dis_tutorial1/share/dis_tutorial1/hook/cmake_prefix_path.ps1'
[16.538s] INFO:colcon.colcon_core.shell:Creating environment descriptor '/home/thelegend442/faxic/RINS-kappa/workspace/install/dis_tutorial1/share/dis_tutorial1/hook/cmake_prefix_path.dsv'
[16.538s] INFO:colcon.colcon_core.shell:Creating environment hook '/home/thelegend442/faxic/RINS-kappa/workspace/install/dis_tutorial1/share/dis_tutorial1/hook/cmake_prefix_path.sh'
[16.538s] Level 1:colcon.colcon_core.environment:checking '/home/thelegend442/faxic/RINS-kappa/workspace/install/dis_tutorial1/lib'
[16.538s] Level 1:colcon.colcon_core.shell:create_environment_hook('dis_tutorial1', 'ld_library_path_lib')
[16.538s] INFO:colcon.colcon_core.shell:Creating environment hook '/home/thelegend442/faxic/RINS-kappa/workspace/install/dis_tutorial1/share/dis_tutorial1/hook/ld_library_path_lib.ps1'
[16.539s] INFO:colcon.colcon_core.shell:Creating environment descriptor '/home/thelegend442/faxic/RINS-kappa/workspace/install/dis_tutorial1/share/dis_tutorial1/hook/ld_library_path_lib.dsv'
[16.539s] INFO:colcon.colcon_core.shell:Creating environment hook '/home/thelegend442/faxic/RINS-kappa/workspace/install/dis_tutorial1/share/dis_tutorial1/hook/ld_library_path_lib.sh'
[16.539s] Level 1:colcon.colcon_core.environment:checking '/home/thelegend442/faxic/RINS-kappa/workspace/install/dis_tutorial1/bin'
[16.539s] Level 1:colcon.colcon_core.environment:checking '/home/thelegend442/faxic/RINS-kappa/workspace/install/dis_tutorial1/lib/pkgconfig/dis_tutorial1.pc'
[16.539s] Level 1:colcon.colcon_core.environment:checking '/home/thelegend442/faxic/RINS-kappa/workspace/install/dis_tutorial1/lib/python3.10/site-packages'
[16.540s] Level 1:colcon.colcon_core.environment:checking '/home/thelegend442/faxic/RINS-kappa/workspace/install/dis_tutorial1/bin'
[16.540s] INFO:colcon.colcon_core.shell:Creating package script '/home/thelegend442/faxic/RINS-kappa/workspace/install/dis_tutorial1/share/dis_tutorial1/package.ps1'
[16.540s] INFO:colcon.colcon_core.shell:Creating package descriptor '/home/thelegend442/faxic/RINS-kappa/workspace/install/dis_tutorial1/share/dis_tutorial1/package.dsv'
[16.540s] INFO:colcon.colcon_core.shell:Creating package script '/home/thelegend442/faxic/RINS-kappa/workspace/install/dis_tutorial1/share/dis_tutorial1/package.sh'
[16.541s] INFO:colcon.colcon_core.shell:Creating package script '/home/thelegend442/faxic/RINS-kappa/workspace/install/dis_tutorial1/share/dis_tutorial1/package.bash'
[16.541s] INFO:colcon.colcon_core.shell:Creating package script '/home/thelegend442/faxic/RINS-kappa/workspace/install/dis_tutorial1/share/dis_tutorial1/package.zsh'
[16.541s] Level 1:colcon.colcon_core.environment:create_file_with_runtime_dependencies(/home/thelegend442/faxic/RINS-kappa/workspace/install/dis_tutorial1/share/colcon-core/packages/dis_tutorial1)
[16.542s] Level 1:colcon.colcon_core.environment:create_environment_scripts_only(dis_tutorial1)
[16.542s] Level 1:colcon.colcon_core.environment:checking '/home/thelegend442/faxic/RINS-kappa/workspace/install/dis_tutorial1' for CMake module files
[16.542s] Level 1:colcon.colcon_core.environment:checking '/home/thelegend442/faxic/RINS-kappa/workspace/install/dis_tutorial1' for CMake config files
[16.542s] Level 1:colcon.colcon_core.shell:create_environment_hook('dis_tutorial1', 'cmake_prefix_path')
[16.543s] INFO:colcon.colcon_core.shell:Creating environment hook '/home/thelegend442/faxic/RINS-kappa/workspace/install/dis_tutorial1/share/dis_tutorial1/hook/cmake_prefix_path.ps1'
[16.543s] INFO:colcon.colcon_core.shell:Creating environment descriptor '/home/thelegend442/faxic/RINS-kappa/workspace/install/dis_tutorial1/share/dis_tutorial1/hook/cmake_prefix_path.dsv'
[16.543s] INFO:colcon.colcon_core.shell:Creating environment hook '/home/thelegend442/faxic/RINS-kappa/workspace/install/dis_tutorial1/share/dis_tutorial1/hook/cmake_prefix_path.sh'
[16.544s] Level 1:colcon.colcon_core.environment:checking '/home/thelegend442/faxic/RINS-kappa/workspace/install/dis_tutorial1/lib'
[16.544s] Level 1:colcon.colcon_core.shell:create_environment_hook('dis_tutorial1', 'ld_library_path_lib')
[16.544s] INFO:colcon.colcon_core.shell:Creating environment hook '/home/thelegend442/faxic/RINS-kappa/workspace/install/dis_tutorial1/share/dis_tutorial1/hook/ld_library_path_lib.ps1'
[16.544s] INFO:colcon.colcon_core.shell:Creating environment descriptor '/home/thelegend442/faxic/RINS-kappa/workspace/install/dis_tutorial1/share/dis_tutorial1/hook/ld_library_path_lib.dsv'
[16.545s] INFO:colcon.colcon_core.shell:Creating environment hook '/home/thelegend442/faxic/RINS-kappa/workspace/install/dis_tutorial1/share/dis_tutorial1/hook/ld_library_path_lib.sh'
[16.545s] Level 1:colcon.colcon_core.environment:checking '/home/thelegend442/faxic/RINS-kappa/workspace/install/dis_tutorial1/bin'
[16.545s] Level 1:colcon.colcon_core.environment:checking '/home/thelegend442/faxic/RINS-kappa/workspace/install/dis_tutorial1/lib/pkgconfig/dis_tutorial1.pc'
[16.545s] Level 1:colcon.colcon_core.environment:checking '/home/thelegend442/faxic/RINS-kappa/workspace/install/dis_tutorial1/lib/python3.10/site-packages'
[16.545s] Level 1:colcon.colcon_core.environment:checking '/home/thelegend442/faxic/RINS-kappa/workspace/install/dis_tutorial1/bin'
[16.545s] INFO:colcon.colcon_core.shell:Creating package script '/home/thelegend442/faxic/RINS-kappa/workspace/install/dis_tutorial1/share/dis_tutorial1/package.ps1'
[16.546s] INFO:colcon.colcon_core.shell:Creating package descriptor '/home/thelegend442/faxic/RINS-kappa/workspace/install/dis_tutorial1/share/dis_tutorial1/package.dsv'
[16.546s] INFO:colcon.colcon_core.shell:Creating package script '/home/thelegend442/faxic/RINS-kappa/workspace/install/dis_tutorial1/share/dis_tutorial1/package.sh'
[16.546s] INFO:colcon.colcon_core.shell:Creating package script '/home/thelegend442/faxic/RINS-kappa/workspace/install/dis_tutorial1/share/dis_tutorial1/package.bash'
[16.547s] INFO:colcon.colcon_core.shell:Creating package script '/home/thelegend442/faxic/RINS-kappa/workspace/install/dis_tutorial1/share/dis_tutorial1/package.zsh'
[16.547s] Level 1:colcon.colcon_core.environment:create_file_with_runtime_dependencies(/home/thelegend442/faxic/RINS-kappa/workspace/install/dis_tutorial1/share/colcon-core/packages/dis_tutorial1)
[22.954s] DEBUG:colcon.colcon_core.event_handler.log_command:Invoked command in '/home/thelegend442/faxic/RINS-kappa/workspace/build/dis_tutorial5' returned '0': CMAKE_PREFIX_PATH=${CMAKE_PREFIX_PATH}:/home/thelegend442/faxic/RINS-kappa/workspace/install/dis_tutorial2:/opt/ros/humble /usr/bin/cmake --build /home/thelegend442/faxic/RINS-kappa/workspace/build/dis_tutorial5 -- -j16 -l16
[22.955s] DEBUG:colcon.colcon_core.event_handler.log_command:Invoking command in '/home/thelegend442/faxic/RINS-kappa/workspace/build/dis_tutorial5': CMAKE_PREFIX_PATH=${CMAKE_PREFIX_PATH}:/home/thelegend442/faxic/RINS-kappa/workspace/install/dis_tutorial2:/opt/ros/humble /usr/bin/cmake --install /home/thelegend442/faxic/RINS-kappa/workspace/build/dis_tutorial5
[22.977s] Level 1:colcon.colcon_core.environment:create_environment_scripts_only(dis_tutorial5)
[22.978s] Level 1:colcon.colcon_core.environment:checking '/home/thelegend442/faxic/RINS-kappa/workspace/install/dis_tutorial5' for CMake module files
[22.978s] DEBUG:colcon.colcon_core.event_handler.log_command:Invoked command in '/home/thelegend442/faxic/RINS-kappa/workspace/build/dis_tutorial5' returned '0': CMAKE_PREFIX_PATH=${CMAKE_PREFIX_PATH}:/home/thelegend442/faxic/RINS-kappa/workspace/install/dis_tutorial2:/opt/ros/humble /usr/bin/cmake --install /home/thelegend442/faxic/RINS-kappa/workspace/build/dis_tutorial5
[22.978s] Level 1:colcon.colcon_core.environment:checking '/home/thelegend442/faxic/RINS-kappa/workspace/install/dis_tutorial5' for CMake config files
[22.978s] Level 1:colcon.colcon_core.shell:create_environment_hook('dis_tutorial5', 'cmake_prefix_path')
[22.979s] INFO:colcon.colcon_core.shell:Creating environment hook '/home/thelegend442/faxic/RINS-kappa/workspace/install/dis_tutorial5/share/dis_tutorial5/hook/cmake_prefix_path.ps1'
[22.979s] INFO:colcon.colcon_core.shell:Creating environment descriptor '/home/thelegend442/faxic/RINS-kappa/workspace/install/dis_tutorial5/share/dis_tutorial5/hook/cmake_prefix_path.dsv'
[22.979s] INFO:colcon.colcon_core.shell:Creating environment hook '/home/thelegend442/faxic/RINS-kappa/workspace/install/dis_tutorial5/share/dis_tutorial5/hook/cmake_prefix_path.sh'
[22.980s] Level 1:colcon.colcon_core.environment:checking '/home/thelegend442/faxic/RINS-kappa/workspace/install/dis_tutorial5/lib'
[22.980s] Level 1:colcon.colcon_core.environment:checking '/home/thelegend442/faxic/RINS-kappa/workspace/install/dis_tutorial5/bin'
[22.980s] Level 1:colcon.colcon_core.environment:checking '/home/thelegend442/faxic/RINS-kappa/workspace/install/dis_tutorial5/lib/pkgconfig/dis_tutorial5.pc'
[22.980s] Level 1:colcon.colcon_core.environment:checking '/home/thelegend442/faxic/RINS-kappa/workspace/install/dis_tutorial5/lib/python3.10/site-packages'
[22.980s] Level 1:colcon.colcon_core.environment:checking '/home/thelegend442/faxic/RINS-kappa/workspace/install/dis_tutorial5/bin'
[22.980s] INFO:colcon.colcon_core.shell:Creating package script '/home/thelegend442/faxic/RINS-kappa/workspace/install/dis_tutorial5/share/dis_tutorial5/package.ps1'
[22.980s] INFO:colcon.colcon_core.shell:Creating package descriptor '/home/thelegend442/faxic/RINS-kappa/workspace/install/dis_tutorial5/share/dis_tutorial5/package.dsv'
[22.981s] INFO:colcon.colcon_core.shell:Creating package script '/home/thelegend442/faxic/RINS-kappa/workspace/install/dis_tutorial5/share/dis_tutorial5/package.sh'
[22.981s] INFO:colcon.colcon_core.shell:Creating package script '/home/thelegend442/faxic/RINS-kappa/workspace/install/dis_tutorial5/share/dis_tutorial5/package.bash'
[22.981s] INFO:colcon.colcon_core.shell:Creating package script '/home/thelegend442/faxic/RINS-kappa/workspace/install/dis_tutorial5/share/dis_tutorial5/package.zsh'
[22.981s] Level 1:colcon.colcon_core.environment:create_file_with_runtime_dependencies(/home/thelegend442/faxic/RINS-kappa/workspace/install/dis_tutorial5/share/colcon-core/packages/dis_tutorial5)
[22.982s] Level 1:colcon.colcon_core.environment:create_environment_scripts_only(dis_tutorial5)
[22.982s] Level 1:colcon.colcon_core.environment:checking '/home/thelegend442/faxic/RINS-kappa/workspace/install/dis_tutorial5' for CMake module files
[22.982s] Level 1:colcon.colcon_core.environment:checking '/home/thelegend442/faxic/RINS-kappa/workspace/install/dis_tutorial5' for CMake config files
[22.982s] Level 1:colcon.colcon_core.shell:create_environment_hook('dis_tutorial5', 'cmake_prefix_path')
[22.983s] INFO:colcon.colcon_core.shell:Creating environment hook '/home/thelegend442/faxic/RINS-kappa/workspace/install/dis_tutorial5/share/dis_tutorial5/hook/cmake_prefix_path.ps1'
[22.983s] INFO:colcon.colcon_core.shell:Creating environment descriptor '/home/thelegend442/faxic/RINS-kappa/workspace/install/dis_tutorial5/share/dis_tutorial5/hook/cmake_prefix_path.dsv'
[22.983s] INFO:colcon.colcon_core.shell:Creating environment hook '/home/thelegend442/faxic/RINS-kappa/workspace/install/dis_tutorial5/share/dis_tutorial5/hook/cmake_prefix_path.sh'
[22.983s] Level 1:colcon.colcon_core.environment:checking '/home/thelegend442/faxic/RINS-kappa/workspace/install/dis_tutorial5/lib'
[22.984s] Level 1:colcon.colcon_core.environment:checking '/home/thelegend442/faxic/RINS-kappa/workspace/install/dis_tutorial5/bin'
[22.984s] Level 1:colcon.colcon_core.environment:checking '/home/thelegend442/faxic/RINS-kappa/workspace/install/dis_tutorial5/lib/pkgconfig/dis_tutorial5.pc'
[22.984s] Level 1:colcon.colcon_core.environment:checking '/home/thelegend442/faxic/RINS-kappa/workspace/install/dis_tutorial5/lib/python3.10/site-packages'
[22.984s] Level 1:colcon.colcon_core.environment:checking '/home/thelegend442/faxic/RINS-kappa/workspace/install/dis_tutorial5/bin'
[22.984s] INFO:colcon.colcon_core.shell:Creating package script '/home/thelegend442/faxic/RINS-kappa/workspace/install/dis_tutorial5/share/dis_tutorial5/package.ps1'
[22.984s] INFO:colcon.colcon_core.shell:Creating package descriptor '/home/thelegend442/faxic/RINS-kappa/workspace/install/dis_tutorial5/share/dis_tutorial5/package.dsv'
[22.985s] INFO:colcon.colcon_core.shell:Creating package script '/home/thelegend442/faxic/RINS-kappa/workspace/install/dis_tutorial5/share/dis_tutorial5/package.sh'
[22.985s] INFO:colcon.colcon_core.shell:Creating package script '/home/thelegend442/faxic/RINS-kappa/workspace/install/dis_tutorial5/share/dis_tutorial5/package.bash'
[22.985s] INFO:colcon.colcon_core.shell:Creating package script '/home/thelegend442/faxic/RINS-kappa/workspace/install/dis_tutorial5/share/dis_tutorial5/package.zsh'
[22.986s] Level 1:colcon.colcon_core.environment:create_file_with_runtime_dependencies(/home/thelegend442/faxic/RINS-kappa/workspace/install/dis_tutorial5/share/colcon-core/packages/dis_tutorial5)
[22.986s] DEBUG:colcon.colcon_parallel_executor.executor.parallel:closing loop
[22.986s] DEBUG:colcon.colcon_parallel_executor.executor.parallel:loop closed
[22.986s] DEBUG:colcon.colcon_parallel_executor.executor.parallel:run_until_complete finished with '0'
[22.986s] DEBUG:colcon.colcon_core.event_reactor:joining thread
[22.990s] INFO:colcon.colcon_core.plugin_system:Skipping extension 'colcon_notification.desktop_notification.terminal_notifier': Not used on non-Darwin systems
[22.990s] INFO:colcon.colcon_core.plugin_system:Skipping extension 'colcon_notification.desktop_notification.win32': Not used on non-Windows systems
[22.990s] INFO:colcon.colcon_notification.desktop_notification:Sending desktop notification using 'notify2'
[22.998s] DEBUG:colcon.colcon_core.event_reactor:joined thread
[22.999s] INFO:colcon.colcon_core.shell:Creating prefix script '/home/thelegend442/faxic/RINS-kappa/workspace/install/local_setup.ps1'
[22.999s] INFO:colcon.colcon_core.shell:Creating prefix util module '/home/thelegend442/faxic/RINS-kappa/workspace/install/_local_setup_util_ps1.py'
[23.000s] INFO:colcon.colcon_core.shell:Creating prefix chain script '/home/thelegend442/faxic/RINS-kappa/workspace/install/setup.ps1'
[23.001s] INFO:colcon.colcon_core.shell:Creating prefix script '/home/thelegend442/faxic/RINS-kappa/workspace/install/local_setup.sh'
[23.002s] INFO:colcon.colcon_core.shell:Creating prefix util module '/home/thelegend442/faxic/RINS-kappa/workspace/install/_local_setup_util_sh.py'
[23.002s] INFO:colcon.colcon_core.shell:Creating prefix chain script '/home/thelegend442/faxic/RINS-kappa/workspace/install/setup.sh'
[23.003s] INFO:colcon.colcon_core.shell:Creating prefix script '/home/thelegend442/faxic/RINS-kappa/workspace/install/local_setup.bash'
[23.003s] INFO:colcon.colcon_core.shell:Creating prefix chain script '/home/thelegend442/faxic/RINS-kappa/workspace/install/setup.bash'
[23.004s] INFO:colcon.colcon_core.shell:Creating prefix script '/home/thelegend442/faxic/RINS-kappa/workspace/install/local_setup.zsh'
[23.004s] INFO:colcon.colcon_core.shell:Creating prefix chain script '/home/thelegend442/faxic/RINS-kappa/workspace/install/setup.zsh'
