[1.313s] Invoking command in '/home/thelegend442/faxic/RINS-kappa/workspace/src/dis_tutorial2': PYTHONPATH=/home/thelegend442/faxic/RINS-kappa/workspace/build/dis_tutorial2/prefix_override:/usr/lib/python3/dist-packages/colcon_core/task/python/colcon_distutils_commands:/home/thelegend442/faxic/RINS-kappa/workspace/install/dis_tutorial2/lib/python3.10/site-packages:${PYTHONPATH} /usr/bin/python3 -W ignore:setup.py install is deprecated -W ignore:easy_install command is deprecated setup.py egg_info --egg-base ../../build/dis_tutorial2 build --build-base /home/thelegend442/faxic/RINS-kappa/workspace/build/dis_tutorial2/build install --record /home/thelegend442/faxic/RINS-kappa/workspace/build/dis_tutorial2/install.log --single-version-externally-managed install_data
[1.571s] running egg_info
[1.586s] writing ../../build/dis_tutorial2/dis_tutorial2.egg-info/PKG-INFO
[1.586s] writing dependency_links to ../../build/dis_tutorial2/dis_tutorial2.egg-info/dependency_links.txt
[1.586s] writing entry points to ../../build/dis_tutorial2/dis_tutorial2.egg-info/entry_points.txt
[1.586s] writing requirements to ../../build/dis_tutorial2/dis_tutorial2.egg-info/requires.txt
[1.587s] writing top-level names to ../../build/dis_tutorial2/dis_tutorial2.egg-info/top_level.txt
[1.618s] reading manifest file '../../build/dis_tutorial2/dis_tutorial2.egg-info/SOURCES.txt'
[1.619s] writing manifest file '../../build/dis_tutorial2/dis_tutorial2.egg-info/SOURCES.txt'
[1.619s] running build
[1.619s] running build_py
[1.620s] running install
[1.627s] running install_lib
[1.644s] running install_data
[1.644s] running install_egg_info
[1.662s] removing '/home/thelegend442/faxic/RINS-kappa/workspace/install/dis_tutorial2/lib/python3.10/site-packages/dis_tutorial2-0.0.1-py3.10.egg-info' (and everything under it)
[1.662s] Copying ../../build/dis_tutorial2/dis_tutorial2.egg-info to /home/thelegend442/faxic/RINS-kappa/workspace/install/dis_tutorial2/lib/python3.10/site-packages/dis_tutorial2-0.0.1-py3.10.egg-info
[1.663s] running install_scripts
[1.814s] Installing achtung_die_turtle script to /home/thelegend442/faxic/RINS-kappa/workspace/install/dis_tutorial2/lib/dis_tutorial2
[1.814s] Installing draw_client script to /home/thelegend442/faxic/RINS-kappa/workspace/install/dis_tutorial2/lib/dis_tutorial2
[1.814s] Installing draw_shape script to /home/thelegend442/faxic/RINS-kappa/workspace/install/dis_tutorial2/lib/dis_tutorial2
[1.814s] Installing go_to_position script to /home/thelegend442/faxic/RINS-kappa/workspace/install/dis_tutorial2/lib/dis_tutorial2
[1.815s] Installing random_velocity_publisher script to /home/thelegend442/faxic/RINS-kappa/workspace/install/dis_tutorial2/lib/dis_tutorial2
[1.815s] writing list of installed files to '/home/thelegend442/faxic/RINS-kappa/workspace/build/dis_tutorial2/install.log'
[1.871s] Invoked command in '/home/thelegend442/faxic/RINS-kappa/workspace/src/dis_tutorial2' returned '0': PYTHONPATH=/home/thelegend442/faxic/RINS-kappa/workspace/build/dis_tutorial2/prefix_override:/usr/lib/python3/dist-packages/colcon_core/task/python/colcon_distutils_commands:/home/thelegend442/faxic/RINS-kappa/workspace/install/dis_tutorial2/lib/python3.10/site-packages:${PYTHONPATH} /usr/bin/python3 -W ignore:setup.py install is deprecated -W ignore:easy_install command is deprecated setup.py egg_info --egg-base ../../build/dis_tutorial2 build --build-base /home/thelegend442/faxic/RINS-kappa/workspace/build/dis_tutorial2/build install --record /home/thelegend442/faxic/RINS-kappa/workspace/build/dis_tutorial2/install.log --single-version-externally-managed install_data
