[0.363s] Invoking command in '/home/thelegend442/faxic/RINS-kappa/workspace/build/dis_tutorial5': CMAKE_PREFIX_PATH=${CMAKE_PREFIX_PATH}:/home/thelegend442/faxic/RINS-kappa/workspace/install/dis_tutorial2:/opt/ros/humble /usr/bin/cmake --build /home/thelegend442/faxic/RINS-kappa/workspace/build/dis_tutorial5 -- -j16 -l16
[0.494s] [ 33%] Built target pcl_forwarder
[0.766s] [ 66%] Built target cylinder_segmentation
[0.770s] [100%] Built target planes
[0.845s] Invoked command in '/home/thelegend442/faxic/RINS-kappa/workspace/build/dis_tutorial5' returned '0': CMAKE_PREFIX_PATH=${CMAKE_PREFIX_PATH}:/home/thelegend442/faxic/RINS-kappa/workspace/install/dis_tutorial2:/opt/ros/humble /usr/bin/cmake --build /home/thelegend442/faxic/RINS-kappa/workspace/build/dis_tutorial5 -- -j16 -l16
[0.848s] Invoking command in '/home/thelegend442/faxic/RINS-kappa/workspace/build/dis_tutorial5': CMAKE_PREFIX_PATH=${CMAKE_PREFIX_PATH}:/home/thelegend442/faxic/RINS-kappa/workspace/install/dis_tutorial2:/opt/ros/humble /usr/bin/cmake --install /home/thelegend442/faxic/RINS-kappa/workspace/build/dis_tutorial5
[0.858s] -- Install configuration: ""
[0.858s] -- Up-to-date: /home/thelegend442/faxic/RINS-kappa/workspace/install/dis_tutorial5/lib/dis_tutorial5/pcl_forwarder
[0.858s] -- Up-to-date: /home/thelegend442/faxic/RINS-kappa/workspace/install/dis_tutorial5/lib/dis_tutorial5/planes
[0.858s] -- Up-to-date: /home/thelegend442/faxic/RINS-kappa/workspace/install/dis_tutorial5/lib/dis_tutorial5/cylinder_segmentation
[0.859s] -- Up-to-date: /home/thelegend442/faxic/RINS-kappa/workspace/install/dis_tutorial5/lib/dis_tutorial5/detect_rings_final.py
[0.859s] -- Up-to-date: /home/thelegend442/faxic/RINS-kappa/workspace/install/dis_tutorial5/lib/dis_tutorial5/save_rings.py
[0.859s] -- Up-to-date: /home/thelegend442/faxic/RINS-kappa/workspace/install/dis_tutorial5/share/ament_index/resource_index/package_run_dependencies/dis_tutorial5
[0.859s] -- Up-to-date: /home/thelegend442/faxic/RINS-kappa/workspace/install/dis_tutorial5/share/ament_index/resource_index/parent_prefix_path/dis_tutorial5
[0.859s] -- Up-to-date: /home/thelegend442/faxic/RINS-kappa/workspace/install/dis_tutorial5/share/dis_tutorial5/environment/ament_prefix_path.sh
[0.859s] -- Up-to-date: /home/thelegend442/faxic/RINS-kappa/workspace/install/dis_tutorial5/share/dis_tutorial5/environment/ament_prefix_path.dsv
[0.859s] -- Up-to-date: /home/thelegend442/faxic/RINS-kappa/workspace/install/dis_tutorial5/share/dis_tutorial5/environment/path.sh
[0.859s] -- Up-to-date: /home/thelegend442/faxic/RINS-kappa/workspace/install/dis_tutorial5/share/dis_tutorial5/environment/path.dsv
[0.860s] -- Up-to-date: /home/thelegend442/faxic/RINS-kappa/workspace/install/dis_tutorial5/share/dis_tutorial5/local_setup.bash
[0.860s] -- Up-to-date: /home/thelegend442/faxic/RINS-kappa/workspace/install/dis_tutorial5/share/dis_tutorial5/local_setup.sh
[0.860s] -- Up-to-date: /home/thelegend442/faxic/RINS-kappa/workspace/install/dis_tutorial5/share/dis_tutorial5/local_setup.zsh
[0.860s] -- Up-to-date: /home/thelegend442/faxic/RINS-kappa/workspace/install/dis_tutorial5/share/dis_tutorial5/local_setup.dsv
[0.860s] -- Installing: /home/thelegend442/faxic/RINS-kappa/workspace/install/dis_tutorial5/share/dis_tutorial5/package.dsv
[0.860s] -- Up-to-date: /home/thelegend442/faxic/RINS-kappa/workspace/install/dis_tutorial5/share/ament_index/resource_index/packages/dis_tutorial5
[0.860s] -- Up-to-date: /home/thelegend442/faxic/RINS-kappa/workspace/install/dis_tutorial5/share/dis_tutorial5/cmake/dis_tutorial5Config.cmake
[0.861s] -- Up-to-date: /home/thelegend442/faxic/RINS-kappa/workspace/install/dis_tutorial5/share/dis_tutorial5/cmake/dis_tutorial5Config-version.cmake
[0.861s] -- Up-to-date: /home/thelegend442/faxic/RINS-kappa/workspace/install/dis_tutorial5/share/dis_tutorial5/package.xml
[0.864s] Invoked command in '/home/thelegend442/faxic/RINS-kappa/workspace/build/dis_tutorial5' returned '0': CMAKE_PREFIX_PATH=${CMAKE_PREFIX_PATH}:/home/thelegend442/faxic/RINS-kappa/workspace/install/dis_tutorial2:/opt/ros/humble /usr/bin/cmake --install /home/thelegend442/faxic/RINS-kappa/workspace/build/dis_tutorial5
