[35m[1mConsolidate compiler generated dependencies of target custom_messages__rosidl_generator_c[0m
[  1%] Built target custom_messages__cpp
[ 12%] Built target custom_messages__rosidl_generator_c
[ 12%] Built target ament_cmake_python_copy_custom_messages
[35m[1mConsolidate compiler generated dependencies of target custom_messages__rosidl_typesupport_cpp[0m
[35m[1mConsolidate compiler generated dependencies of target custom_messages__rosidl_typesupport_fastrtps_cpp[0m
[35m[1mConsolidate compiler generated dependencies of target custom_messages__rosidl_typesupport_introspection_cpp[0m
[35m[1mConsolidate compiler generated dependencies of target custom_messages__rosidl_typesupport_c[0m
[35m[1mConsolidate compiler generated dependencies of target custom_messages__rosidl_typesupport_introspection_c[0m
[35m[1mConsolidate compiler generated dependencies of target custom_messages__rosidl_typesupport_fastrtps_c[0m
[ 34%] Built target custom_messages__rosidl_typesupport_cpp
[ 34%] Built target custom_messages__rosidl_typesupport_introspection_cpp
[ 45%] Built target custom_messages__rosidl_typesupport_fastrtps_cpp
[ 65%] Built target custom_messages__rosidl_typesupport_c
[ 67%] Built target custom_messages__rosidl_typesupport_introspection_c
[ 78%] Built target custom_messages__rosidl_typesupport_fastrtps_c
[ 78%] Built target custom_messages
[ 80%] Built target custom_messages__py
[35m[1mConsolidate compiler generated dependencies of target custom_messages__rosidl_generator_py[0m
[ 89%] Built target custom_messages__rosidl_generator_py
[35m[1mConsolidate compiler generated dependencies of target custom_messages__rosidl_typesupport_fastrtps_c__pyext[0m
[35m[1mConsolidate compiler generated dependencies of target custom_messages__rosidl_typesupport_c__pyext[0m
[35m[1mConsolidate compiler generated dependencies of target custom_messages__rosidl_typesupport_introspection_c__pyext[0m
[100%] Built target custom_messages__rosidl_typesupport_fastrtps_c__pyext
[100%] Built target custom_messages__rosidl_typesupport_introspection_c__pyext
[100%] Built target custom_messages__rosidl_typesupport_c__pyext
running egg_info
writing custom_messages.egg-info/PKG-INFO
writing dependency_links to custom_messages.egg-info/dependency_links.txt
writing top-level names to custom_messages.egg-info/top_level.txt
reading manifest file 'custom_messages.egg-info/SOURCES.txt'
writing manifest file 'custom_messages.egg-info/SOURCES.txt'
[100%] Built target ament_cmake_python_build_custom_messages_egg
-- Install configuration: ""
-- Up-to-date: /home/thelegend442/faxic/RINS-kappa/workspace/install/custom_messages/share/ament_index/resource_index/rosidl_interfaces/custom_messages
-- Up-to-date: /home/thelegend442/faxic/RINS-kappa/workspace/install/custom_messages/include/custom_messages/custom_messages
-- Up-to-date: /home/thelegend442/faxic/RINS-kappa/workspace/install/custom_messages/include/custom_messages/custom_messages/msg
-- Up-to-date: /home/thelegend442/faxic/RINS-kappa/workspace/install/custom_messages/include/custom_messages/custom_messages/msg/ring_coordinates.h
-- Up-to-date: /home/thelegend442/faxic/RINS-kappa/workspace/install/custom_messages/include/custom_messages/custom_messages/msg/rosidl_generator_c__visibility_control.h
-- Up-to-date: /home/thelegend442/faxic/RINS-kappa/workspace/install/custom_messages/include/custom_messages/custom_messages/msg/face_coordinates.h
-- Up-to-date: /home/thelegend442/faxic/RINS-kappa/workspace/install/custom_messages/include/custom_messages/custom_messages/msg/detail
-- Up-to-date: /home/thelegend442/faxic/RINS-kappa/workspace/install/custom_messages/include/custom_messages/custom_messages/msg/detail/ring_coordinates__functions.c
-- Up-to-date: /home/thelegend442/faxic/RINS-kappa/workspace/install/custom_messages/include/custom_messages/custom_messages/msg/detail/face_coordinates__functions.h
-- Up-to-date: /home/thelegend442/faxic/RINS-kappa/workspace/install/custom_messages/include/custom_messages/custom_messages/msg/detail/ring_coordinates__type_support.h
-- Up-to-date: /home/thelegend442/faxic/RINS-kappa/workspace/install/custom_messages/include/custom_messages/custom_messages/msg/detail/face_coordinates__type_support.h
-- Up-to-date: /home/thelegend442/faxic/RINS-kappa/workspace/install/custom_messages/include/custom_messages/custom_messages/msg/detail/face_coordinates__struct.h
-- Up-to-date: /home/thelegend442/faxic/RINS-kappa/workspace/install/custom_messages/include/custom_messages/custom_messages/msg/detail/face_coordinates__functions.c
-- Up-to-date: /home/thelegend442/faxic/RINS-kappa/workspace/install/custom_messages/include/custom_messages/custom_messages/msg/detail/ring_coordinates__struct.h
-- Up-to-date: /home/thelegend442/faxic/RINS-kappa/workspace/install/custom_messages/include/custom_messages/custom_messages/msg/detail/ring_coordinates__functions.h
-- Up-to-date: /home/thelegend442/faxic/RINS-kappa/workspace/install/custom_messages/include/custom_messages/custom_messages/srv
-- Up-to-date: /home/thelegend442/faxic/RINS-kappa/workspace/install/custom_messages/include/custom_messages/custom_messages/srv/shape.h
-- Up-to-date: /home/thelegend442/faxic/RINS-kappa/workspace/install/custom_messages/include/custom_messages/custom_messages/srv/poses_in_front_of_faces.h
-- Up-to-date: /home/thelegend442/faxic/RINS-kappa/workspace/install/custom_messages/include/custom_messages/custom_messages/srv/detail
-- Up-to-date: /home/thelegend442/faxic/RINS-kappa/workspace/install/custom_messages/include/custom_messages/custom_messages/srv/detail/poses_in_front_of_faces__struct.h
-- Up-to-date: /home/thelegend442/faxic/RINS-kappa/workspace/install/custom_messages/include/custom_messages/custom_messages/srv/detail/poses_in_front_of_faces__functions.c
-- Up-to-date: /home/thelegend442/faxic/RINS-kappa/workspace/install/custom_messages/include/custom_messages/custom_messages/srv/detail/poses_in_front_of_faces__type_support.h
-- Up-to-date: /home/thelegend442/faxic/RINS-kappa/workspace/install/custom_messages/include/custom_messages/custom_messages/srv/detail/shape__struct.h
-- Up-to-date: /home/thelegend442/faxic/RINS-kappa/workspace/install/custom_messages/include/custom_messages/custom_messages/srv/detail/shape__type_support.h
-- Up-to-date: /home/thelegend442/faxic/RINS-kappa/workspace/install/custom_messages/include/custom_messages/custom_messages/srv/detail/poses_in_front_of_faces__functions.h
-- Up-to-date: /home/thelegend442/faxic/RINS-kappa/workspace/install/custom_messages/include/custom_messages/custom_messages/srv/detail/shape__functions.h
-- Up-to-date: /home/thelegend442/faxic/RINS-kappa/workspace/install/custom_messages/include/custom_messages/custom_messages/srv/detail/shape__functions.c
-- Up-to-date: /home/thelegend442/faxic/RINS-kappa/workspace/install/custom_messages/share/custom_messages/environment/library_path.sh
-- Up-to-date: /home/thelegend442/faxic/RINS-kappa/workspace/install/custom_messages/share/custom_messages/environment/library_path.dsv
-- Up-to-date: /home/thelegend442/faxic/RINS-kappa/workspace/install/custom_messages/lib/libcustom_messages__rosidl_generator_c.so
-- Up-to-date: /home/thelegend442/faxic/RINS-kappa/workspace/install/custom_messages/include/custom_messages/custom_messages
-- Up-to-date: /home/thelegend442/faxic/RINS-kappa/workspace/install/custom_messages/include/custom_messages/custom_messages/msg
-- Up-to-date: /home/thelegend442/faxic/RINS-kappa/workspace/install/custom_messages/include/custom_messages/custom_messages/msg/rosidl_typesupport_fastrtps_c__visibility_control.h
-- Up-to-date: /home/thelegend442/faxic/RINS-kappa/workspace/install/custom_messages/include/custom_messages/custom_messages/msg/detail
-- Up-to-date: /home/thelegend442/faxic/RINS-kappa/workspace/install/custom_messages/include/custom_messages/custom_messages/msg/detail/ring_coordinates__rosidl_typesupport_fastrtps_c.h
-- Up-to-date: /home/thelegend442/faxic/RINS-kappa/workspace/install/custom_messages/include/custom_messages/custom_messages/msg/detail/face_coordinates__rosidl_typesupport_fastrtps_c.h
-- Up-to-date: /home/thelegend442/faxic/RINS-kappa/workspace/install/custom_messages/include/custom_messages/custom_messages/srv
-- Up-to-date: /home/thelegend442/faxic/RINS-kappa/workspace/install/custom_messages/include/custom_messages/custom_messages/srv/detail
-- Up-to-date: /home/thelegend442/faxic/RINS-kappa/workspace/install/custom_messages/include/custom_messages/custom_messages/srv/detail/shape__rosidl_typesupport_fastrtps_c.h
-- Up-to-date: /home/thelegend442/faxic/RINS-kappa/workspace/install/custom_messages/include/custom_messages/custom_messages/srv/detail/poses_in_front_of_faces__rosidl_typesupport_fastrtps_c.h
-- Up-to-date: /home/thelegend442/faxic/RINS-kappa/workspace/install/custom_messages/lib/libcustom_messages__rosidl_typesupport_fastrtps_c.so
-- Up-to-date: /home/thelegend442/faxic/RINS-kappa/workspace/install/custom_messages/include/custom_messages/custom_messages
-- Up-to-date: /home/thelegend442/faxic/RINS-kappa/workspace/install/custom_messages/include/custom_messages/custom_messages/msg
-- Up-to-date: /home/thelegend442/faxic/RINS-kappa/workspace/install/custom_messages/include/custom_messages/custom_messages/msg/face_coordinates.hpp
-- Up-to-date: /home/thelegend442/faxic/RINS-kappa/workspace/install/custom_messages/include/custom_messages/custom_messages/msg/ring_coordinates.hpp
-- Up-to-date: /home/thelegend442/faxic/RINS-kappa/workspace/install/custom_messages/include/custom_messages/custom_messages/msg/rosidl_generator_cpp__visibility_control.hpp
-- Up-to-date: /home/thelegend442/faxic/RINS-kappa/workspace/install/custom_messages/include/custom_messages/custom_messages/msg/detail
-- Up-to-date: /home/thelegend442/faxic/RINS-kappa/workspace/install/custom_messages/include/custom_messages/custom_messages/msg/detail/face_coordinates__struct.hpp
-- Up-to-date: /home/thelegend442/faxic/RINS-kappa/workspace/install/custom_messages/include/custom_messages/custom_messages/msg/detail/ring_coordinates__struct.hpp
-- Up-to-date: /home/thelegend442/faxic/RINS-kappa/workspace/install/custom_messages/include/custom_messages/custom_messages/msg/detail/face_coordinates__traits.hpp
-- Up-to-date: /home/thelegend442/faxic/RINS-kappa/workspace/install/custom_messages/include/custom_messages/custom_messages/msg/detail/ring_coordinates__type_support.hpp
-- Up-to-date: /home/thelegend442/faxic/RINS-kappa/workspace/install/custom_messages/include/custom_messages/custom_messages/msg/detail/face_coordinates__type_support.hpp
-- Up-to-date: /home/thelegend442/faxic/RINS-kappa/workspace/install/custom_messages/include/custom_messages/custom_messages/msg/detail/face_coordinates__builder.hpp
-- Up-to-date: /home/thelegend442/faxic/RINS-kappa/workspace/install/custom_messages/include/custom_messages/custom_messages/msg/detail/ring_coordinates__builder.hpp
-- Up-to-date: /home/thelegend442/faxic/RINS-kappa/workspace/install/custom_messages/include/custom_messages/custom_messages/msg/detail/ring_coordinates__traits.hpp
-- Up-to-date: /home/thelegend442/faxic/RINS-kappa/workspace/install/custom_messages/include/custom_messages/custom_messages/srv
-- Up-to-date: /home/thelegend442/faxic/RINS-kappa/workspace/install/custom_messages/include/custom_messages/custom_messages/srv/shape.hpp
-- Up-to-date: /home/thelegend442/faxic/RINS-kappa/workspace/install/custom_messages/include/custom_messages/custom_messages/srv/detail
-- Up-to-date: /home/thelegend442/faxic/RINS-kappa/workspace/install/custom_messages/include/custom_messages/custom_messages/srv/detail/poses_in_front_of_faces__struct.hpp
-- Up-to-date: /home/thelegend442/faxic/RINS-kappa/workspace/install/custom_messages/include/custom_messages/custom_messages/srv/detail/shape__struct.hpp
-- Up-to-date: /home/thelegend442/faxic/RINS-kappa/workspace/install/custom_messages/include/custom_messages/custom_messages/srv/detail/poses_in_front_of_faces__builder.hpp
-- Up-to-date: /home/thelegend442/faxic/RINS-kappa/workspace/install/custom_messages/include/custom_messages/custom_messages/srv/detail/shape__traits.hpp
-- Up-to-date: /home/thelegend442/faxic/RINS-kappa/workspace/install/custom_messages/include/custom_messages/custom_messages/srv/detail/poses_in_front_of_faces__type_support.hpp
-- Up-to-date: /home/thelegend442/faxic/RINS-kappa/workspace/install/custom_messages/include/custom_messages/custom_messages/srv/detail/shape__builder.hpp
-- Up-to-date: /home/thelegend442/faxic/RINS-kappa/workspace/install/custom_messages/include/custom_messages/custom_messages/srv/detail/shape__type_support.hpp
-- Up-to-date: /home/thelegend442/faxic/RINS-kappa/workspace/install/custom_messages/include/custom_messages/custom_messages/srv/detail/poses_in_front_of_faces__traits.hpp
-- Up-to-date: /home/thelegend442/faxic/RINS-kappa/workspace/install/custom_messages/include/custom_messages/custom_messages/srv/poses_in_front_of_faces.hpp
-- Up-to-date: /home/thelegend442/faxic/RINS-kappa/workspace/install/custom_messages/include/custom_messages/custom_messages
-- Up-to-date: /home/thelegend442/faxic/RINS-kappa/workspace/install/custom_messages/include/custom_messages/custom_messages/msg
-- Up-to-date: /home/thelegend442/faxic/RINS-kappa/workspace/install/custom_messages/include/custom_messages/custom_messages/msg/rosidl_typesupport_fastrtps_cpp__visibility_control.h
-- Up-to-date: /home/thelegend442/faxic/RINS-kappa/workspace/install/custom_messages/include/custom_messages/custom_messages/msg/detail
-- Up-to-date: /home/thelegend442/faxic/RINS-kappa/workspace/install/custom_messages/include/custom_messages/custom_messages/msg/detail/ring_coordinates__rosidl_typesupport_fastrtps_cpp.hpp
-- Up-to-date: /home/thelegend442/faxic/RINS-kappa/workspace/install/custom_messages/include/custom_messages/custom_messages/msg/detail/face_coordinates__rosidl_typesupport_fastrtps_cpp.hpp
-- Up-to-date: /home/thelegend442/faxic/RINS-kappa/workspace/install/custom_messages/include/custom_messages/custom_messages/msg/detail/dds_fastrtps
-- Up-to-date: /home/thelegend442/faxic/RINS-kappa/workspace/install/custom_messages/include/custom_messages/custom_messages/srv
-- Up-to-date: /home/thelegend442/faxic/RINS-kappa/workspace/install/custom_messages/include/custom_messages/custom_messages/srv/detail
-- Up-to-date: /home/thelegend442/faxic/RINS-kappa/workspace/install/custom_messages/include/custom_messages/custom_messages/srv/detail/poses_in_front_of_faces__rosidl_typesupport_fastrtps_cpp.hpp
-- Up-to-date: /home/thelegend442/faxic/RINS-kappa/workspace/install/custom_messages/include/custom_messages/custom_messages/srv/detail/dds_fastrtps
-- Up-to-date: /home/thelegend442/faxic/RINS-kappa/workspace/install/custom_messages/include/custom_messages/custom_messages/srv/detail/shape__rosidl_typesupport_fastrtps_cpp.hpp
-- Up-to-date: /home/thelegend442/faxic/RINS-kappa/workspace/install/custom_messages/lib/libcustom_messages__rosidl_typesupport_fastrtps_cpp.so
-- Up-to-date: /home/thelegend442/faxic/RINS-kappa/workspace/install/custom_messages/include/custom_messages/custom_messages
-- Up-to-date: /home/thelegend442/faxic/RINS-kappa/workspace/install/custom_messages/include/custom_messages/custom_messages/msg
-- Up-to-date: /home/thelegend442/faxic/RINS-kappa/workspace/install/custom_messages/include/custom_messages/custom_messages/msg/rosidl_typesupport_introspection_c__visibility_control.h
-- Up-to-date: /home/thelegend442/faxic/RINS-kappa/workspace/install/custom_messages/include/custom_messages/custom_messages/msg/detail
-- Up-to-date: /home/thelegend442/faxic/RINS-kappa/workspace/install/custom_messages/include/custom_messages/custom_messages/msg/detail/ring_coordinates__type_support.c
-- Up-to-date: /home/thelegend442/faxic/RINS-kappa/workspace/install/custom_messages/include/custom_messages/custom_messages/msg/detail/ring_coordinates__rosidl_typesupport_introspection_c.h
-- Up-to-date: /home/thelegend442/faxic/RINS-kappa/workspace/install/custom_messages/include/custom_messages/custom_messages/msg/detail/face_coordinates__type_support.c
-- Up-to-date: /home/thelegend442/faxic/RINS-kappa/workspace/install/custom_messages/include/custom_messages/custom_messages/msg/detail/face_coordinates__rosidl_typesupport_introspection_c.h
-- Up-to-date: /home/thelegend442/faxic/RINS-kappa/workspace/install/custom_messages/include/custom_messages/custom_messages/srv
-- Up-to-date: /home/thelegend442/faxic/RINS-kappa/workspace/install/custom_messages/include/custom_messages/custom_messages/srv/detail
-- Up-to-date: /home/thelegend442/faxic/RINS-kappa/workspace/install/custom_messages/include/custom_messages/custom_messages/srv/detail/shape__rosidl_typesupport_introspection_c.h
-- Up-to-date: /home/thelegend442/faxic/RINS-kappa/workspace/install/custom_messages/include/custom_messages/custom_messages/srv/detail/poses_in_front_of_faces__rosidl_typesupport_introspection_c.h
-- Up-to-date: /home/thelegend442/faxic/RINS-kappa/workspace/install/custom_messages/include/custom_messages/custom_messages/srv/detail/shape__type_support.c
-- Up-to-date: /home/thelegend442/faxic/RINS-kappa/workspace/install/custom_messages/include/custom_messages/custom_messages/srv/detail/poses_in_front_of_faces__type_support.c
-- Up-to-date: /home/thelegend442/faxic/RINS-kappa/workspace/install/custom_messages/lib/libcustom_messages__rosidl_typesupport_introspection_c.so
-- Up-to-date: /home/thelegend442/faxic/RINS-kappa/workspace/install/custom_messages/lib/libcustom_messages__rosidl_typesupport_c.so
-- Up-to-date: /home/thelegend442/faxic/RINS-kappa/workspace/install/custom_messages/include/custom_messages/custom_messages
-- Up-to-date: /home/thelegend442/faxic/RINS-kappa/workspace/install/custom_messages/include/custom_messages/custom_messages/msg
-- Up-to-date: /home/thelegend442/faxic/RINS-kappa/workspace/install/custom_messages/include/custom_messages/custom_messages/msg/detail
-- Up-to-date: /home/thelegend442/faxic/RINS-kappa/workspace/install/custom_messages/include/custom_messages/custom_messages/msg/detail/ring_coordinates__type_support.cpp
-- Up-to-date: /home/thelegend442/faxic/RINS-kappa/workspace/install/custom_messages/include/custom_messages/custom_messages/msg/detail/face_coordinates__rosidl_typesupport_introspection_cpp.hpp
-- Up-to-date: /home/thelegend442/faxic/RINS-kappa/workspace/install/custom_messages/include/custom_messages/custom_messages/msg/detail/face_coordinates__type_support.cpp
-- Up-to-date: /home/thelegend442/faxic/RINS-kappa/workspace/install/custom_messages/include/custom_messages/custom_messages/msg/detail/ring_coordinates__rosidl_typesupport_introspection_cpp.hpp
-- Up-to-date: /home/thelegend442/faxic/RINS-kappa/workspace/install/custom_messages/include/custom_messages/custom_messages/srv
-- Up-to-date: /home/thelegend442/faxic/RINS-kappa/workspace/install/custom_messages/include/custom_messages/custom_messages/srv/detail
-- Up-to-date: /home/thelegend442/faxic/RINS-kappa/workspace/install/custom_messages/include/custom_messages/custom_messages/srv/detail/shape__rosidl_typesupport_introspection_cpp.hpp
-- Up-to-date: /home/thelegend442/faxic/RINS-kappa/workspace/install/custom_messages/include/custom_messages/custom_messages/srv/detail/shape__type_support.cpp
-- Up-to-date: /home/thelegend442/faxic/RINS-kappa/workspace/install/custom_messages/include/custom_messages/custom_messages/srv/detail/poses_in_front_of_faces__rosidl_typesupport_introspection_cpp.hpp
-- Up-to-date: /home/thelegend442/faxic/RINS-kappa/workspace/install/custom_messages/include/custom_messages/custom_messages/srv/detail/poses_in_front_of_faces__type_support.cpp
-- Up-to-date: /home/thelegend442/faxic/RINS-kappa/workspace/install/custom_messages/lib/libcustom_messages__rosidl_typesupport_introspection_cpp.so
-- Up-to-date: /home/thelegend442/faxic/RINS-kappa/workspace/install/custom_messages/lib/libcustom_messages__rosidl_typesupport_cpp.so
-- Up-to-date: /home/thelegend442/faxic/RINS-kappa/workspace/install/custom_messages/share/custom_messages/environment/pythonpath.sh
-- Up-to-date: /home/thelegend442/faxic/RINS-kappa/workspace/install/custom_messages/share/custom_messages/environment/pythonpath.dsv
-- Up-to-date: /home/thelegend442/faxic/RINS-kappa/workspace/install/custom_messages/local/lib/python3.10/dist-packages/custom_messages-0.0.0-py3.10.egg-info
-- Installing: /home/thelegend442/faxic/RINS-kappa/workspace/install/custom_messages/local/lib/python3.10/dist-packages/custom_messages-0.0.0-py3.10.egg-info/dependency_links.txt
-- Installing: /home/thelegend442/faxic/RINS-kappa/workspace/install/custom_messages/local/lib/python3.10/dist-packages/custom_messages-0.0.0-py3.10.egg-info/SOURCES.txt
-- Installing: /home/thelegend442/faxic/RINS-kappa/workspace/install/custom_messages/local/lib/python3.10/dist-packages/custom_messages-0.0.0-py3.10.egg-info/PKG-INFO
-- Installing: /home/thelegend442/faxic/RINS-kappa/workspace/install/custom_messages/local/lib/python3.10/dist-packages/custom_messages-0.0.0-py3.10.egg-info/top_level.txt
-- Up-to-date: /home/thelegend442/faxic/RINS-kappa/workspace/install/custom_messages/local/lib/python3.10/dist-packages/custom_messages
-- Up-to-date: /home/thelegend442/faxic/RINS-kappa/workspace/install/custom_messages/local/lib/python3.10/dist-packages/custom_messages/_custom_messages_s.ep.rosidl_typesupport_fastrtps_c.c
-- Up-to-date: /home/thelegend442/faxic/RINS-kappa/workspace/install/custom_messages/local/lib/python3.10/dist-packages/custom_messages/_custom_messages_s.ep.rosidl_typesupport_c.c
-- Up-to-date: /home/thelegend442/faxic/RINS-kappa/workspace/install/custom_messages/local/lib/python3.10/dist-packages/custom_messages/msg
-- Up-to-date: /home/thelegend442/faxic/RINS-kappa/workspace/install/custom_messages/local/lib/python3.10/dist-packages/custom_messages/msg/_face_coordinates_s.c
-- Up-to-date: /home/thelegend442/faxic/RINS-kappa/workspace/install/custom_messages/local/lib/python3.10/dist-packages/custom_messages/msg/_ring_coordinates_s.c
-- Up-to-date: /home/thelegend442/faxic/RINS-kappa/workspace/install/custom_messages/local/lib/python3.10/dist-packages/custom_messages/msg/_ring_coordinates.py
-- Up-to-date: /home/thelegend442/faxic/RINS-kappa/workspace/install/custom_messages/local/lib/python3.10/dist-packages/custom_messages/msg/__init__.py
-- Up-to-date: /home/thelegend442/faxic/RINS-kappa/workspace/install/custom_messages/local/lib/python3.10/dist-packages/custom_messages/msg/_face_coordinates.py
-- Up-to-date: /home/thelegend442/faxic/RINS-kappa/workspace/install/custom_messages/local/lib/python3.10/dist-packages/custom_messages/custom_messages_s__rosidl_typesupport_fastrtps_c.cpython-310-x86_64-linux-gnu.so
-- Up-to-date: /home/thelegend442/faxic/RINS-kappa/workspace/install/custom_messages/local/lib/python3.10/dist-packages/custom_messages/srv
-- Up-to-date: /home/thelegend442/faxic/RINS-kappa/workspace/install/custom_messages/local/lib/python3.10/dist-packages/custom_messages/srv/_shape_s.c
-- Up-to-date: /home/thelegend442/faxic/RINS-kappa/workspace/install/custom_messages/local/lib/python3.10/dist-packages/custom_messages/srv/_poses_in_front_of_faces.py
-- Up-to-date: /home/thelegend442/faxic/RINS-kappa/workspace/install/custom_messages/local/lib/python3.10/dist-packages/custom_messages/srv/_poses_in_front_of_faces_s.c
-- Up-to-date: /home/thelegend442/faxic/RINS-kappa/workspace/install/custom_messages/local/lib/python3.10/dist-packages/custom_messages/srv/_shape.py
-- Up-to-date: /home/thelegend442/faxic/RINS-kappa/workspace/install/custom_messages/local/lib/python3.10/dist-packages/custom_messages/srv/__init__.py
-- Up-to-date: /home/thelegend442/faxic/RINS-kappa/workspace/install/custom_messages/local/lib/python3.10/dist-packages/custom_messages/libcustom_messages__rosidl_generator_py.so
-- Up-to-date: /home/thelegend442/faxic/RINS-kappa/workspace/install/custom_messages/local/lib/python3.10/dist-packages/custom_messages/_custom_messages_s.ep.rosidl_typesupport_introspection_c.c
-- Up-to-date: /home/thelegend442/faxic/RINS-kappa/workspace/install/custom_messages/local/lib/python3.10/dist-packages/custom_messages/__init__.py
-- Up-to-date: /home/thelegend442/faxic/RINS-kappa/workspace/install/custom_messages/local/lib/python3.10/dist-packages/custom_messages/custom_messages_s__rosidl_typesupport_c.cpython-310-x86_64-linux-gnu.so
-- Up-to-date: /home/thelegend442/faxic/RINS-kappa/workspace/install/custom_messages/local/lib/python3.10/dist-packages/custom_messages/custom_messages_s__rosidl_typesupport_introspection_c.cpython-310-x86_64-linux-gnu.so
Listing '/home/thelegend442/faxic/RINS-kappa/workspace/install/custom_messages/local/lib/python3.10/dist-packages/custom_messages'...
Listing '/home/thelegend442/faxic/RINS-kappa/workspace/install/custom_messages/local/lib/python3.10/dist-packages/custom_messages/msg'...
Listing '/home/thelegend442/faxic/RINS-kappa/workspace/install/custom_messages/local/lib/python3.10/dist-packages/custom_messages/srv'...
-- Up-to-date: /home/thelegend442/faxic/RINS-kappa/workspace/install/custom_messages/local/lib/python3.10/dist-packages/custom_messages/custom_messages_s__rosidl_typesupport_fastrtps_c.cpython-310-x86_64-linux-gnu.so
-- Up-to-date: /home/thelegend442/faxic/RINS-kappa/workspace/install/custom_messages/local/lib/python3.10/dist-packages/custom_messages/custom_messages_s__rosidl_typesupport_introspection_c.cpython-310-x86_64-linux-gnu.so
-- Up-to-date: /home/thelegend442/faxic/RINS-kappa/workspace/install/custom_messages/local/lib/python3.10/dist-packages/custom_messages/custom_messages_s__rosidl_typesupport_c.cpython-310-x86_64-linux-gnu.so
-- Up-to-date: /home/thelegend442/faxic/RINS-kappa/workspace/install/custom_messages/lib/libcustom_messages__rosidl_generator_py.so
-- Up-to-date: /home/thelegend442/faxic/RINS-kappa/workspace/install/custom_messages/share/custom_messages/msg/FaceCoordinates.idl
-- Up-to-date: /home/thelegend442/faxic/RINS-kappa/workspace/install/custom_messages/share/custom_messages/msg/RingCoordinates.idl
-- Up-to-date: /home/thelegend442/faxic/RINS-kappa/workspace/install/custom_messages/share/custom_messages/srv/Shape.idl
-- Up-to-date: /home/thelegend442/faxic/RINS-kappa/workspace/install/custom_messages/share/custom_messages/srv/PosesInFrontOfFaces.idl
-- Up-to-date: /home/thelegend442/faxic/RINS-kappa/workspace/install/custom_messages/share/custom_messages/msg/FaceCoordinates.msg
-- Up-to-date: /home/thelegend442/faxic/RINS-kappa/workspace/install/custom_messages/share/custom_messages/msg/RingCoordinates.msg
-- Up-to-date: /home/thelegend442/faxic/RINS-kappa/workspace/install/custom_messages/share/custom_messages/srv/Shape.srv
-- Up-to-date: /home/thelegend442/faxic/RINS-kappa/workspace/install/custom_messages/share/custom_messages/srv/Shape_Request.msg
-- Up-to-date: /home/thelegend442/faxic/RINS-kappa/workspace/install/custom_messages/share/custom_messages/srv/Shape_Response.msg
-- Up-to-date: /home/thelegend442/faxic/RINS-kappa/workspace/install/custom_messages/share/custom_messages/srv/PosesInFrontOfFaces.srv
-- Up-to-date: /home/thelegend442/faxic/RINS-kappa/workspace/install/custom_messages/share/custom_messages/srv/PosesInFrontOfFaces_Request.msg
-- Up-to-date: /home/thelegend442/faxic/RINS-kappa/workspace/install/custom_messages/share/custom_messages/srv/PosesInFrontOfFaces_Response.msg
-- Up-to-date: /home/thelegend442/faxic/RINS-kappa/workspace/install/custom_messages/share/ament_index/resource_index/package_run_dependencies/custom_messages
-- Up-to-date: /home/thelegend442/faxic/RINS-kappa/workspace/install/custom_messages/share/ament_index/resource_index/parent_prefix_path/custom_messages
-- Up-to-date: /home/thelegend442/faxic/RINS-kappa/workspace/install/custom_messages/share/custom_messages/environment/ament_prefix_path.sh
-- Up-to-date: /home/thelegend442/faxic/RINS-kappa/workspace/install/custom_messages/share/custom_messages/environment/ament_prefix_path.dsv
-- Up-to-date: /home/thelegend442/faxic/RINS-kappa/workspace/install/custom_messages/share/custom_messages/environment/path.sh
-- Up-to-date: /home/thelegend442/faxic/RINS-kappa/workspace/install/custom_messages/share/custom_messages/environment/path.dsv
-- Up-to-date: /home/thelegend442/faxic/RINS-kappa/workspace/install/custom_messages/share/custom_messages/local_setup.bash
-- Up-to-date: /home/thelegend442/faxic/RINS-kappa/workspace/install/custom_messages/share/custom_messages/local_setup.sh
-- Up-to-date: /home/thelegend442/faxic/RINS-kappa/workspace/install/custom_messages/share/custom_messages/local_setup.zsh
-- Up-to-date: /home/thelegend442/faxic/RINS-kappa/workspace/install/custom_messages/share/custom_messages/local_setup.dsv
-- Installing: /home/thelegend442/faxic/RINS-kappa/workspace/install/custom_messages/share/custom_messages/package.dsv
-- Up-to-date: /home/thelegend442/faxic/RINS-kappa/workspace/install/custom_messages/share/ament_index/resource_index/packages/custom_messages
-- Up-to-date: /home/thelegend442/faxic/RINS-kappa/workspace/install/custom_messages/share/custom_messages/cmake/export_custom_messages__rosidl_generator_cExport.cmake
-- Up-to-date: /home/thelegend442/faxic/RINS-kappa/workspace/install/custom_messages/share/custom_messages/cmake/export_custom_messages__rosidl_generator_cExport-noconfig.cmake
-- Up-to-date: /home/thelegend442/faxic/RINS-kappa/workspace/install/custom_messages/share/custom_messages/cmake/export_custom_messages__rosidl_typesupport_fastrtps_cExport.cmake
-- Up-to-date: /home/thelegend442/faxic/RINS-kappa/workspace/install/custom_messages/share/custom_messages/cmake/export_custom_messages__rosidl_typesupport_fastrtps_cExport-noconfig.cmake
-- Up-to-date: /home/thelegend442/faxic/RINS-kappa/workspace/install/custom_messages/share/custom_messages/cmake/export_custom_messages__rosidl_generator_cppExport.cmake
-- Up-to-date: /home/thelegend442/faxic/RINS-kappa/workspace/install/custom_messages/share/custom_messages/cmake/export_custom_messages__rosidl_typesupport_fastrtps_cppExport.cmake
-- Up-to-date: /home/thelegend442/faxic/RINS-kappa/workspace/install/custom_messages/share/custom_messages/cmake/export_custom_messages__rosidl_typesupport_fastrtps_cppExport-noconfig.cmake
-- Up-to-date: /home/thelegend442/faxic/RINS-kappa/workspace/install/custom_messages/share/custom_messages/cmake/custom_messages__rosidl_typesupport_introspection_cExport.cmake
-- Up-to-date: /home/thelegend442/faxic/RINS-kappa/workspace/install/custom_messages/share/custom_messages/cmake/custom_messages__rosidl_typesupport_introspection_cExport-noconfig.cmake
-- Up-to-date: /home/thelegend442/faxic/RINS-kappa/workspace/install/custom_messages/share/custom_messages/cmake/custom_messages__rosidl_typesupport_cExport.cmake
-- Up-to-date: /home/thelegend442/faxic/RINS-kappa/workspace/install/custom_messages/share/custom_messages/cmake/custom_messages__rosidl_typesupport_cExport-noconfig.cmake
-- Up-to-date: /home/thelegend442/faxic/RINS-kappa/workspace/install/custom_messages/share/custom_messages/cmake/custom_messages__rosidl_typesupport_introspection_cppExport.cmake
-- Up-to-date: /home/thelegend442/faxic/RINS-kappa/workspace/install/custom_messages/share/custom_messages/cmake/custom_messages__rosidl_typesupport_introspection_cppExport-noconfig.cmake
-- Up-to-date: /home/thelegend442/faxic/RINS-kappa/workspace/install/custom_messages/share/custom_messages/cmake/custom_messages__rosidl_typesupport_cppExport.cmake
-- Up-to-date: /home/thelegend442/faxic/RINS-kappa/workspace/install/custom_messages/share/custom_messages/cmake/custom_messages__rosidl_typesupport_cppExport-noconfig.cmake
-- Up-to-date: /home/thelegend442/faxic/RINS-kappa/workspace/install/custom_messages/share/custom_messages/cmake/export_custom_messages__rosidl_generator_pyExport.cmake
-- Up-to-date: /home/thelegend442/faxic/RINS-kappa/workspace/install/custom_messages/share/custom_messages/cmake/export_custom_messages__rosidl_generator_pyExport-noconfig.cmake
-- Up-to-date: /home/thelegend442/faxic/RINS-kappa/workspace/install/custom_messages/share/custom_messages/cmake/rosidl_cmake-extras.cmake
-- Up-to-date: /home/thelegend442/faxic/RINS-kappa/workspace/install/custom_messages/share/custom_messages/cmake/ament_cmake_export_dependencies-extras.cmake
-- Up-to-date: /home/thelegend442/faxic/RINS-kappa/workspace/install/custom_messages/share/custom_messages/cmake/ament_cmake_export_include_directories-extras.cmake
-- Up-to-date: /home/thelegend442/faxic/RINS-kappa/workspace/install/custom_messages/share/custom_messages/cmake/ament_cmake_export_libraries-extras.cmake
-- Up-to-date: /home/thelegend442/faxic/RINS-kappa/workspace/install/custom_messages/share/custom_messages/cmake/ament_cmake_export_targets-extras.cmake
-- Up-to-date: /home/thelegend442/faxic/RINS-kappa/workspace/install/custom_messages/share/custom_messages/cmake/rosidl_cmake_export_typesupport_targets-extras.cmake
-- Up-to-date: /home/thelegend442/faxic/RINS-kappa/workspace/install/custom_messages/share/custom_messages/cmake/rosidl_cmake_export_typesupport_libraries-extras.cmake
-- Up-to-date: /home/thelegend442/faxic/RINS-kappa/workspace/install/custom_messages/share/custom_messages/cmake/custom_messagesConfig.cmake
-- Up-to-date: /home/thelegend442/faxic/RINS-kappa/workspace/install/custom_messages/share/custom_messages/cmake/custom_messagesConfig-version.cmake
-- Up-to-date: /home/thelegend442/faxic/RINS-kappa/workspace/install/custom_messages/share/custom_messages/package.xml
