[0.200s] Invoking command in '/home/thelegend442/faxic/RINS-kappa/workspace/build/dis_tutorial4': CMAKE_PREFIX_PATH=${CMAKE_PREFIX_PATH}:/home/thelegend442/faxic/RINS-kappa/workspace/install/dis_tutorial2:/opt/ros/humble /usr/bin/cmake /home/thelegend442/faxic/RINS-kappa/workspace/src/dis_tutorial4 -DCMAKE_INSTALL_PREFIX=/home/thelegend442/faxic/RINS-kappa/workspace/install/dis_tutorial4
[0.261s] -- The C compiler identification is GNU 11.4.0
[0.326s] -- The CXX compiler identification is GNU 11.4.0
[0.333s] -- Detecting C compiler ABI info
[0.413s] -- Detecting C compiler ABI info - done
[0.420s] -- Check for working C compiler: /usr/bin/cc - skipped
[0.421s] -- Detecting C compile features
[0.421s] -- Detecting C compile features - done
[0.424s] -- Detecting CXX compiler ABI info
[0.524s] -- Detecting CXX compiler ABI info - done
[0.531s] -- Check for working CXX compiler: /usr/bin/c++ - skipped
[0.531s] -- Detecting CXX compile features
[0.531s] -- Detecting CXX compile features - done
[0.535s] -- Found ament_cmake: 1.3.11 (/opt/ros/humble/share/ament_cmake/cmake)
[0.851s] -- Found Python3: /usr/bin/python3 (found version "3.10.12") found components: Interpreter 
[0.933s] -- Found rclcpp: 16.0.12 (/opt/ros/humble/share/rclcpp/cmake)
[0.972s] -- Found rosidl_generator_c: 3.1.6 (/opt/ros/humble/share/rosidl_generator_c/cmake)
[0.977s] -- Found rosidl_adapter: 3.1.6 (/opt/ros/humble/share/rosidl_adapter/cmake)
[0.984s] -- Found rosidl_generator_cpp: 3.1.6 (/opt/ros/humble/share/rosidl_generator_cpp/cmake)
[0.994s] -- Using all available rosidl_typesupport_c: rosidl_typesupport_fastrtps_c;rosidl_typesupport_introspection_c
[1.010s] -- Using all available rosidl_typesupport_cpp: rosidl_typesupport_fastrtps_cpp;rosidl_typesupport_introspection_cpp
[1.050s] -- Found rmw_implementation_cmake: 6.1.2 (/opt/ros/humble/share/rmw_implementation_cmake/cmake)
[1.053s] -- Found rmw_fastrtps_cpp: 6.2.7 (/opt/ros/humble/share/rmw_fastrtps_cpp/cmake)
[1.149s] -- Found OpenSSL: /usr/lib/x86_64-linux-gnu/libcrypto.so (found version "3.0.2")  
[1.183s] -- Found FastRTPS: /opt/ros/humble/include  
[1.232s] -- Using RMW implementation 'rmw_fastrtps_cpp' as default
[1.243s] -- Looking for pthread.h
[1.325s] -- Looking for pthread.h - found
[1.325s] -- Performing Test CMAKE_HAVE_LIBC_PTHREAD
[1.411s] -- Performing Test CMAKE_HAVE_LIBC_PTHREAD - Success
[1.413s] -- Found Threads: TRUE  
[1.467s] -- Found rclpy: 3.3.16 (/opt/ros/humble/share/rclpy/cmake)
[1.469s] -- Found std_srvs: 4.8.0 (/opt/ros/humble/share/std_srvs/cmake)
[1.478s] -- Found action_msgs: 1.2.1 (/opt/ros/humble/share/action_msgs/cmake)
[1.500s] -- Found nav2_msgs: 1.1.18 (/opt/ros/humble/share/nav2_msgs/cmake)
[1.551s] -- Found visualization_msgs: 4.8.0 (/opt/ros/humble/share/visualization_msgs/cmake)
[1.648s] -- Configuring done
[1.654s] -- Generating done
[1.656s] -- Build files have been written to: /home/thelegend442/faxic/RINS-kappa/workspace/build/dis_tutorial4
[1.672s] Invoked command in '/home/thelegend442/faxic/RINS-kappa/workspace/build/dis_tutorial4' returned '0': CMAKE_PREFIX_PATH=${CMAKE_PREFIX_PATH}:/home/thelegend442/faxic/RINS-kappa/workspace/install/dis_tutorial2:/opt/ros/humble /usr/bin/cmake /home/thelegend442/faxic/RINS-kappa/workspace/src/dis_tutorial4 -DCMAKE_INSTALL_PREFIX=/home/thelegend442/faxic/RINS-kappa/workspace/install/dis_tutorial4
[1.675s] Invoking command in '/home/thelegend442/faxic/RINS-kappa/workspace/build/dis_tutorial4': CMAKE_PREFIX_PATH=${CMAKE_PREFIX_PATH}:/home/thelegend442/faxic/RINS-kappa/workspace/install/dis_tutorial2:/opt/ros/humble /usr/bin/cmake --build /home/thelegend442/faxic/RINS-kappa/workspace/build/dis_tutorial4 -- -j16 -l16
[1.729s] Invoked command in '/home/thelegend442/faxic/RINS-kappa/workspace/build/dis_tutorial4' returned '0': CMAKE_PREFIX_PATH=${CMAKE_PREFIX_PATH}:/home/thelegend442/faxic/RINS-kappa/workspace/install/dis_tutorial2:/opt/ros/humble /usr/bin/cmake --build /home/thelegend442/faxic/RINS-kappa/workspace/build/dis_tutorial4 -- -j16 -l16
[1.731s] Invoking command in '/home/thelegend442/faxic/RINS-kappa/workspace/build/dis_tutorial4': CMAKE_PREFIX_PATH=${CMAKE_PREFIX_PATH}:/home/thelegend442/faxic/RINS-kappa/workspace/install/dis_tutorial2:/opt/ros/humble /usr/bin/cmake --install /home/thelegend442/faxic/RINS-kappa/workspace/build/dis_tutorial4
[1.740s] -- Install configuration: ""
[1.740s] -- Installing: /home/thelegend442/faxic/RINS-kappa/workspace/install/dis_tutorial4/share/dis_tutorial4//launch
[1.740s] -- Installing: /home/thelegend442/faxic/RINS-kappa/workspace/install/dis_tutorial4/share/dis_tutorial4//launch/dis_sim.launch.py
[1.740s] -- Installing: /home/thelegend442/faxic/RINS-kappa/workspace/install/dis_tutorial4/share/dis_tutorial4//launch/nav2.launch.py
[1.740s] -- Installing: /home/thelegend442/faxic/RINS-kappa/workspace/install/dis_tutorial4/share/dis_tutorial4//launch/sim_turtlebot_slam.launch.py
[1.740s] -- Installing: /home/thelegend442/faxic/RINS-kappa/workspace/install/dis_tutorial4/share/dis_tutorial4//launch/slam.launch.py
[1.740s] -- Installing: /home/thelegend442/faxic/RINS-kappa/workspace/install/dis_tutorial4/share/dis_tutorial4//launch/create3_nodes.launch.py
[1.740s] -- Installing: /home/thelegend442/faxic/RINS-kappa/workspace/install/dis_tutorial4/share/dis_tutorial4//launch/ignition.launch.py
[1.741s] -- Installing: /home/thelegend442/faxic/RINS-kappa/workspace/install/dis_tutorial4/share/dis_tutorial4//launch/turtlebot4_spawn.launch.py
[1.741s] -- Installing: /home/thelegend442/faxic/RINS-kappa/workspace/install/dis_tutorial4/share/dis_tutorial4//launch/sim_turtlebot_nav.launch.py
[1.741s] -- Installing: /home/thelegend442/faxic/RINS-kappa/workspace/install/dis_tutorial4/share/dis_tutorial4//launch/turtlebot4_spawn_nav.launch.py
[1.741s] -- Installing: /home/thelegend442/faxic/RINS-kappa/workspace/install/dis_tutorial4/share/dis_tutorial4//launch/localization.launch.py
[1.741s] -- Installing: /home/thelegend442/faxic/RINS-kappa/workspace/install/dis_tutorial4/lib/dis_tutorial4/map_goals.py
[1.741s] -- Installing: /home/thelegend442/faxic/RINS-kappa/workspace/install/dis_tutorial4/lib/dis_tutorial4/transform_point.py
[1.741s] -- Installing: /home/thelegend442/faxic/RINS-kappa/workspace/install/dis_tutorial4/share/ament_index/resource_index/package_run_dependencies/dis_tutorial4
[1.742s] -- Installing: /home/thelegend442/faxic/RINS-kappa/workspace/install/dis_tutorial4/share/ament_index/resource_index/parent_prefix_path/dis_tutorial4
[1.742s] -- Installing: /home/thelegend442/faxic/RINS-kappa/workspace/install/dis_tutorial4/share/dis_tutorial4/environment/ament_prefix_path.sh
[1.742s] -- Installing: /home/thelegend442/faxic/RINS-kappa/workspace/install/dis_tutorial4/share/dis_tutorial4/environment/ament_prefix_path.dsv
[1.742s] -- Installing: /home/thelegend442/faxic/RINS-kappa/workspace/install/dis_tutorial4/share/dis_tutorial4/environment/path.sh
[1.742s] -- Installing: /home/thelegend442/faxic/RINS-kappa/workspace/install/dis_tutorial4/share/dis_tutorial4/environment/path.dsv
[1.742s] -- Installing: /home/thelegend442/faxic/RINS-kappa/workspace/install/dis_tutorial4/share/dis_tutorial4/local_setup.bash
[1.743s] -- Installing: /home/thelegend442/faxic/RINS-kappa/workspace/install/dis_tutorial4/share/dis_tutorial4/local_setup.sh
[1.743s] -- Installing: /home/thelegend442/faxic/RINS-kappa/workspace/install/dis_tutorial4/share/dis_tutorial4/local_setup.zsh
[1.743s] -- Installing: /home/thelegend442/faxic/RINS-kappa/workspace/install/dis_tutorial4/share/dis_tutorial4/local_setup.dsv
[1.743s] -- Installing: /home/thelegend442/faxic/RINS-kappa/workspace/install/dis_tutorial4/share/dis_tutorial4/package.dsv
[1.743s] -- Installing: /home/thelegend442/faxic/RINS-kappa/workspace/install/dis_tutorial4/share/ament_index/resource_index/packages/dis_tutorial4
[1.743s] -- Installing: /home/thelegend442/faxic/RINS-kappa/workspace/install/dis_tutorial4/share/dis_tutorial4/cmake/dis_tutorial4Config.cmake
[1.744s] -- Installing: /home/thelegend442/faxic/RINS-kappa/workspace/install/dis_tutorial4/share/dis_tutorial4/cmake/dis_tutorial4Config-version.cmake
[1.744s] -- Installing: /home/thelegend442/faxic/RINS-kappa/workspace/install/dis_tutorial4/share/dis_tutorial4/package.xml
[1.746s] Invoked command in '/home/thelegend442/faxic/RINS-kappa/workspace/build/dis_tutorial4' returned '0': CMAKE_PREFIX_PATH=${CMAKE_PREFIX_PATH}:/home/thelegend442/faxic/RINS-kappa/workspace/install/dis_tutorial2:/opt/ros/humble /usr/bin/cmake --install /home/thelegend442/faxic/RINS-kappa/workspace/build/dis_tutorial4
