[0.178s] Invoking command in '/home/thelegend442/faxic/RINS-kappa/workspace/build/dis_tutorial3': CMAKE_PREFIX_PATH=${CMAKE_PREFIX_PATH}:/home/thelegend442/faxic/RINS-kappa/workspace/install/dis_tutorial2:/opt/ros/humble /usr/bin/cmake /home/thelegend442/faxic/RINS-kappa/workspace/src/dis_tutorial3 -DCMAKE_INSTALL_PREFIX=/home/thelegend442/faxic/RINS-kappa/workspace/install/dis_tutorial3
[0.234s] -- The C compiler identification is GNU 11.4.0
[0.305s] -- The CXX compiler identification is GNU 11.4.0
[0.314s] -- Detecting C compiler ABI info
[0.405s] -- Detecting C compiler ABI info - done
[0.414s] -- Check for working C compiler: /usr/bin/cc - skipped
[0.415s] -- Detecting C compile features
[0.415s] -- Detecting C compile features - done
[0.418s] -- Detecting CXX compiler ABI info
[0.541s] -- Detecting CXX compiler ABI info - done
[0.561s] -- Check for working CXX compiler: /usr/bin/c++ - skipped
[0.561s] -- Detecting CXX compile features
[0.561s] -- Detecting CXX compile features - done
[0.568s] -- Found ament_cmake: 1.3.11 (/opt/ros/humble/share/ament_cmake/cmake)
[1.061s] -- Found Python3: /usr/bin/python3 (found version "3.10.12") found components: Interpreter 
[1.187s] -- Found rclcpp: 16.0.12 (/opt/ros/humble/share/rclcpp/cmake)
[1.235s] -- Found rosidl_generator_c: 3.1.6 (/opt/ros/humble/share/rosidl_generator_c/cmake)
[1.242s] -- Found rosidl_adapter: 3.1.6 (/opt/ros/humble/share/rosidl_adapter/cmake)
[1.253s] -- Found rosidl_generator_cpp: 3.1.6 (/opt/ros/humble/share/rosidl_generator_cpp/cmake)
[1.266s] -- Using all available rosidl_typesupport_c: rosidl_typesupport_fastrtps_c;rosidl_typesupport_introspection_c
[1.281s] -- Using all available rosidl_typesupport_cpp: rosidl_typesupport_fastrtps_cpp;rosidl_typesupport_introspection_cpp
[1.327s] -- Found rmw_implementation_cmake: 6.1.2 (/opt/ros/humble/share/rmw_implementation_cmake/cmake)
[1.329s] -- Found rmw_cyclonedds_cpp: 1.3.4 (/opt/ros/humble/share/rmw_cyclonedds_cpp/cmake)
[1.352s] -- Using RMW implementation 'rmw_cyclonedds_cpp' as default
[1.361s] -- Looking for pthread.h
[1.460s] -- Looking for pthread.h - found
[1.461s] -- Performing Test CMAKE_HAVE_LIBC_PTHREAD
[1.565s] -- Performing Test CMAKE_HAVE_LIBC_PTHREAD - Success
[1.566s] -- Found Threads: TRUE  
[1.677s] -- Found rclpy: 3.3.16 (/opt/ros/humble/share/rclpy/cmake)
[1.680s] -- Found std_srvs: 4.8.0 (/opt/ros/humble/share/std_srvs/cmake)
[1.782s] -- Configuring done
[1.789s] -- Generating done
[1.792s] -- Build files have been written to: /home/thelegend442/faxic/RINS-kappa/workspace/build/dis_tutorial3
[1.809s] Invoked command in '/home/thelegend442/faxic/RINS-kappa/workspace/build/dis_tutorial3' returned '0': CMAKE_PREFIX_PATH=${CMAKE_PREFIX_PATH}:/home/thelegend442/faxic/RINS-kappa/workspace/install/dis_tutorial2:/opt/ros/humble /usr/bin/cmake /home/thelegend442/faxic/RINS-kappa/workspace/src/dis_tutorial3 -DCMAKE_INSTALL_PREFIX=/home/thelegend442/faxic/RINS-kappa/workspace/install/dis_tutorial3
[1.812s] Invoking command in '/home/thelegend442/faxic/RINS-kappa/workspace/build/dis_tutorial3': CMAKE_PREFIX_PATH=${CMAKE_PREFIX_PATH}:/home/thelegend442/faxic/RINS-kappa/workspace/install/dis_tutorial2:/opt/ros/humble /usr/bin/cmake --build /home/thelegend442/faxic/RINS-kappa/workspace/build/dis_tutorial3 -- -j16 -l16
[1.864s] Invoked command in '/home/thelegend442/faxic/RINS-kappa/workspace/build/dis_tutorial3' returned '0': CMAKE_PREFIX_PATH=${CMAKE_PREFIX_PATH}:/home/thelegend442/faxic/RINS-kappa/workspace/install/dis_tutorial2:/opt/ros/humble /usr/bin/cmake --build /home/thelegend442/faxic/RINS-kappa/workspace/build/dis_tutorial3 -- -j16 -l16
[1.867s] Invoking command in '/home/thelegend442/faxic/RINS-kappa/workspace/build/dis_tutorial3': CMAKE_PREFIX_PATH=${CMAKE_PREFIX_PATH}:/home/thelegend442/faxic/RINS-kappa/workspace/install/dis_tutorial2:/opt/ros/humble /usr/bin/cmake --install /home/thelegend442/faxic/RINS-kappa/workspace/build/dis_tutorial3
[1.876s] -- Install configuration: ""
[1.876s] -- Installing: /home/thelegend442/faxic/RINS-kappa/workspace/install/dis_tutorial3/share/dis_tutorial3//launch
[1.876s] -- Installing: /home/thelegend442/faxic/RINS-kappa/workspace/install/dis_tutorial3/share/dis_tutorial3//launch/dis_sim.launch.py
[1.877s] -- Installing: /home/thelegend442/faxic/RINS-kappa/workspace/install/dis_tutorial3/share/dis_tutorial3//launch/nav2.launch.py
[1.877s] -- Installing: /home/thelegend442/faxic/RINS-kappa/workspace/install/dis_tutorial3/share/dis_tutorial3//launch/sim_turtlebot_slam.launch.py
[1.877s] -- Installing: /home/thelegend442/faxic/RINS-kappa/workspace/install/dis_tutorial3/share/dis_tutorial3//launch/slam.launch.py
[1.877s] -- Installing: /home/thelegend442/faxic/RINS-kappa/workspace/install/dis_tutorial3/share/dis_tutorial3//launch/create3_nodes.launch.py
[1.877s] -- Installing: /home/thelegend442/faxic/RINS-kappa/workspace/install/dis_tutorial3/share/dis_tutorial3//launch/ignition.launch.py
[1.877s] -- Installing: /home/thelegend442/faxic/RINS-kappa/workspace/install/dis_tutorial3/share/dis_tutorial3//launch/turtlebot4_spawn.launch.py
[1.878s] -- Installing: /home/thelegend442/faxic/RINS-kappa/workspace/install/dis_tutorial3/share/dis_tutorial3//launch/sim_turtlebot_nav.launch.py
[1.878s] -- Installing: /home/thelegend442/faxic/RINS-kappa/workspace/install/dis_tutorial3/share/dis_tutorial3//launch/turtlebot4_spawn_nav.launch.py
[1.879s] -- Installing: /home/thelegend442/faxic/RINS-kappa/workspace/install/dis_tutorial3/share/dis_tutorial3//launch/localization.launch.py
[1.879s] -- Installing: /home/thelegend442/faxic/RINS-kappa/workspace/install/dis_tutorial3/share/dis_tutorial3//config
[1.879s] -- Installing: /home/thelegend442/faxic/RINS-kappa/workspace/install/dis_tutorial3/share/dis_tutorial3//config/laser_filter_chain.yaml
[1.879s] -- Installing: /home/thelegend442/faxic/RINS-kappa/workspace/install/dis_tutorial3/share/dis_tutorial3//config/nav2.yaml
[1.879s] -- Installing: /home/thelegend442/faxic/RINS-kappa/workspace/install/dis_tutorial3/share/dis_tutorial3//config/slam.yaml
[1.879s] -- Installing: /home/thelegend442/faxic/RINS-kappa/workspace/install/dis_tutorial3/share/dis_tutorial3//config/localization.yaml
[1.879s] -- Installing: /home/thelegend442/faxic/RINS-kappa/workspace/install/dis_tutorial3/share/dis_tutorial3//worlds
[1.881s] -- Installing: /home/thelegend442/faxic/RINS-kappa/workspace/install/dis_tutorial3/share/dis_tutorial3//worlds/demo4.sdf
[1.882s] -- Installing: /home/thelegend442/faxic/RINS-kappa/workspace/install/dis_tutorial3/share/dis_tutorial3//worlds/demo3_meshes
[1.882s] -- Installing: /home/thelegend442/faxic/RINS-kappa/workspace/install/dis_tutorial3/share/dis_tutorial3//worlds/demo3_meshes/map_colliders.dae
[1.885s] -- Installing: /home/thelegend442/faxic/RINS-kappa/workspace/install/dis_tutorial3/share/dis_tutorial3//worlds/demo3_meshes/fakering1.jpg
[1.886s] -- Installing: /home/thelegend442/faxic/RINS-kappa/workspace/install/dis_tutorial3/share/dis_tutorial3//worlds/demo3_meshes/parking_space.jpg
[1.886s] -- Installing: /home/thelegend442/faxic/RINS-kappa/workspace/install/dis_tutorial3/share/dis_tutorial3//worlds/demo3_meshes/person15.png
[1.887s] -- Installing: /home/thelegend442/faxic/RINS-kappa/workspace/install/dis_tutorial3/share/dis_tutorial3//worlds/demo3_meshes/green.jpg
[1.887s] -- Installing: /home/thelegend442/faxic/RINS-kappa/workspace/install/dis_tutorial3/share/dis_tutorial3//worlds/demo3_meshes/qr1.jpg
[1.887s] -- Installing: /home/thelegend442/faxic/RINS-kappa/workspace/install/dis_tutorial3/share/dis_tutorial3//worlds/demo3_meshes/person17.png
[1.888s] -- Installing: /home/thelegend442/faxic/RINS-kappa/workspace/install/dis_tutorial3/share/dis_tutorial3//worlds/demo3_meshes/objects.jpg
[1.888s] -- Installing: /home/thelegend442/faxic/RINS-kappa/workspace/install/dis_tutorial3/share/dis_tutorial3//worlds/demo3_meshes/fakering2.jpg
[1.889s] -- Installing: /home/thelegend442/faxic/RINS-kappa/workspace/install/dis_tutorial3/share/dis_tutorial3//worlds/demo3_meshes/qr2.jpg
[1.889s] -- Installing: /home/thelegend442/faxic/RINS-kappa/workspace/install/dis_tutorial3/share/dis_tutorial3//worlds/demo3_meshes/ground.jpg
[1.889s] -- Installing: /home/thelegend442/faxic/RINS-kappa/workspace/install/dis_tutorial3/share/dis_tutorial3//worlds/demo3_meshes/blue.jpg
[1.890s] -- Installing: /home/thelegend442/faxic/RINS-kappa/workspace/install/dis_tutorial3/share/dis_tutorial3//worlds/demo3_meshes/fakering3.jpg
[1.890s] -- Installing: /home/thelegend442/faxic/RINS-kappa/workspace/install/dis_tutorial3/share/dis_tutorial3//worlds/demo3_meshes/person21.png
[1.892s] -- Installing: /home/thelegend442/faxic/RINS-kappa/workspace/install/dis_tutorial3/share/dis_tutorial3//worlds/demo3_meshes/person24.png
[1.892s] -- Installing: /home/thelegend442/faxic/RINS-kappa/workspace/install/dis_tutorial3/share/dis_tutorial3//worlds/demo3_meshes/map.dae
[1.892s] -- Installing: /home/thelegend442/faxic/RINS-kappa/workspace/install/dis_tutorial3/share/dis_tutorial3//worlds/demo3_meshes/person22.png
[1.892s] -- Installing: /home/thelegend442/faxic/RINS-kappa/workspace/install/dis_tutorial3/share/dis_tutorial3//worlds/demo3_meshes/red.jpg
[1.892s] -- Installing: /home/thelegend442/faxic/RINS-kappa/workspace/install/dis_tutorial3/share/dis_tutorial3//worlds/demo3_meshes/yellow.jpg
[1.892s] -- Installing: /home/thelegend442/faxic/RINS-kappa/workspace/install/dis_tutorial3/share/dis_tutorial3//worlds/demo3_meshes/black.jpg
[1.893s] -- Installing: /home/thelegend442/faxic/RINS-kappa/workspace/install/dis_tutorial3/share/dis_tutorial3//worlds/demo1.sdf
[1.893s] -- Installing: /home/thelegend442/faxic/RINS-kappa/workspace/install/dis_tutorial3/share/dis_tutorial3//worlds/bird_demo1_meshes
[1.894s] -- Installing: /home/thelegend442/faxic/RINS-kappa/workspace/install/dis_tutorial3/share/dis_tutorial3//worlds/bird_demo1_meshes/map_colliders.dae
[1.894s] -- Installing: /home/thelegend442/faxic/RINS-kappa/workspace/install/dis_tutorial3/share/dis_tutorial3//worlds/bird_demo1_meshes/qr3.jpg
[1.895s] -- Installing: /home/thelegend442/faxic/RINS-kappa/workspace/install/dis_tutorial3/share/dis_tutorial3//worlds/bird_demo1_meshes/fakering1.jpg
[1.895s] -- Installing: /home/thelegend442/faxic/RINS-kappa/workspace/install/dis_tutorial3/share/dis_tutorial3//worlds/bird_demo1_meshes/green_kingfisher.jpg
[1.896s] -- Installing: /home/thelegend442/faxic/RINS-kappa/workspace/install/dis_tutorial3/share/dis_tutorial3//worlds/bird_demo1_meshes/qr4.jpg
[1.896s] -- Installing: /home/thelegend442/faxic/RINS-kappa/workspace/install/dis_tutorial3/share/dis_tutorial3//worlds/bird_demo1_meshes/green.jpg
[1.896s] -- Installing: /home/thelegend442/faxic/RINS-kappa/workspace/install/dis_tutorial3/share/dis_tutorial3//worlds/bird_demo1_meshes/qr1.jpg
[1.896s] -- Installing: /home/thelegend442/faxic/RINS-kappa/workspace/install/dis_tutorial3/share/dis_tutorial3//worlds/bird_demo1_meshes/frigatebird.jpg
[1.896s] -- Installing: /home/thelegend442/faxic/RINS-kappa/workspace/install/dis_tutorial3/share/dis_tutorial3//worlds/bird_demo1_meshes/objects.jpg
[1.896s] -- Installing: /home/thelegend442/faxic/RINS-kappa/workspace/install/dis_tutorial3/share/dis_tutorial3//worlds/bird_demo1_meshes/fakering2.jpg
[1.896s] -- Installing: /home/thelegend442/faxic/RINS-kappa/workspace/install/dis_tutorial3/share/dis_tutorial3//worlds/bird_demo1_meshes/wood.jpg
[1.897s] -- Installing: /home/thelegend442/faxic/RINS-kappa/workspace/install/dis_tutorial3/share/dis_tutorial3//worlds/bird_demo1_meshes/qr2.jpg
[1.897s] -- Installing: /home/thelegend442/faxic/RINS-kappa/workspace/install/dis_tutorial3/share/dis_tutorial3//worlds/bird_demo1_meshes/grass_side.jpg
[1.897s] -- Installing: /home/thelegend442/faxic/RINS-kappa/workspace/install/dis_tutorial3/share/dis_tutorial3//worlds/bird_demo1_meshes/dirt2.jpg
[1.897s] -- Installing: /home/thelegend442/faxic/RINS-kappa/workspace/install/dis_tutorial3/share/dis_tutorial3//worlds/bird_demo1_meshes/grass.jpg
[1.897s] -- Installing: /home/thelegend442/faxic/RINS-kappa/workspace/install/dis_tutorial3/share/dis_tutorial3//worlds/bird_demo1_meshes/ground.jpg
[1.897s] -- Installing: /home/thelegend442/faxic/RINS-kappa/workspace/install/dis_tutorial3/share/dis_tutorial3//worlds/bird_demo1_meshes/person7.png
[1.898s] -- Installing: /home/thelegend442/faxic/RINS-kappa/workspace/install/dis_tutorial3/share/dis_tutorial3//worlds/bird_demo1_meshes/blue.jpg
[1.899s] -- Installing: /home/thelegend442/faxic/RINS-kappa/workspace/install/dis_tutorial3/share/dis_tutorial3//worlds/bird_demo1_meshes/fakering3.jpg
[1.899s] -- Installing: /home/thelegend442/faxic/RINS-kappa/workspace/install/dis_tutorial3/share/dis_tutorial3//worlds/bird_demo1_meshes/person13.png
[1.901s] -- Installing: /home/thelegend442/faxic/RINS-kappa/workspace/install/dis_tutorial3/share/dis_tutorial3//worlds/bird_demo1_meshes/person2.png.001.png
[1.903s] -- Installing: /home/thelegend442/faxic/RINS-kappa/workspace/install/dis_tutorial3/share/dis_tutorial3//worlds/bird_demo1_meshes/map.dae
[1.910s] -- Installing: /home/thelegend442/faxic/RINS-kappa/workspace/install/dis_tutorial3/share/dis_tutorial3//worlds/bird_demo1_meshes/person5.png.001.png
[1.910s] -- Installing: /home/thelegend442/faxic/RINS-kappa/workspace/install/dis_tutorial3/share/dis_tutorial3//worlds/bird_demo1_meshes/rosy_finch.jpg
[1.910s] -- Installing: /home/thelegend442/faxic/RINS-kappa/workspace/install/dis_tutorial3/share/dis_tutorial3//worlds/bird_demo1_meshes/water.jpg
[1.910s] -- Installing: /home/thelegend442/faxic/RINS-kappa/workspace/install/dis_tutorial3/share/dis_tutorial3//worlds/bird_demo1_meshes/red.jpg
[1.910s] -- Installing: /home/thelegend442/faxic/RINS-kappa/workspace/install/dis_tutorial3/share/dis_tutorial3//worlds/bird_demo1_meshes/person14.png
[1.910s] -- Installing: /home/thelegend442/faxic/RINS-kappa/workspace/install/dis_tutorial3/share/dis_tutorial3//worlds/bird_demo1_meshes/yellow.jpg
[1.910s] -- Installing: /home/thelegend442/faxic/RINS-kappa/workspace/install/dis_tutorial3/share/dis_tutorial3//worlds/bird_demo1_meshes/black.jpg
[1.910s] -- Installing: /home/thelegend442/faxic/RINS-kappa/workspace/install/dis_tutorial3/share/dis_tutorial3//worlds/bird_demo1_meshes/rusty_blackbird.jpg
[1.910s] -- Installing: /home/thelegend442/faxic/RINS-kappa/workspace/install/dis_tutorial3/share/dis_tutorial3//worlds/bird_demo1_meshes/person1.png
[1.911s] -- Installing: /home/thelegend442/faxic/RINS-kappa/workspace/install/dis_tutorial3/share/dis_tutorial3//worlds/2024
[1.911s] -- Installing: /home/thelegend442/faxic/RINS-kappa/workspace/install/dis_tutorial3/share/dis_tutorial3//worlds/2024/task2_demo1.sdf
[1.911s] -- Installing: /home/thelegend442/faxic/RINS-kappa/workspace/install/dis_tutorial3/share/dis_tutorial3//worlds/2024/task3_meshes
[1.911s] -- Installing: /home/thelegend442/faxic/RINS-kappa/workspace/install/dis_tutorial3/share/dis_tutorial3//worlds/2024/task3_meshes/map_colliders.dae
[1.911s] -- Installing: /home/thelegend442/faxic/RINS-kappa/workspace/install/dis_tutorial3/share/dis_tutorial3//worlds/2024/task3_meshes/fakering1.jpg
[1.911s] -- Installing: /home/thelegend442/faxic/RINS-kappa/workspace/install/dis_tutorial3/share/dis_tutorial3//worlds/2024/task3_meshes/parking_space.jpg
[1.911s] -- Installing: /home/thelegend442/faxic/RINS-kappa/workspace/install/dis_tutorial3/share/dis_tutorial3//worlds/2024/task3_meshes/villager4.png
[1.912s] -- Installing: /home/thelegend442/faxic/RINS-kappa/workspace/install/dis_tutorial3/share/dis_tutorial3//worlds/2024/task3_meshes/qr_cheat.png
[1.912s] -- Installing: /home/thelegend442/faxic/RINS-kappa/workspace/install/dis_tutorial3/share/dis_tutorial3//worlds/2024/task3_meshes/anomona_4.png
[1.913s] -- Installing: /home/thelegend442/faxic/RINS-kappa/workspace/install/dis_tutorial3/share/dis_tutorial3//worlds/2024/task3_meshes/mona.png
[1.913s] -- Installing: /home/thelegend442/faxic/RINS-kappa/workspace/install/dis_tutorial3/share/dis_tutorial3//worlds/2024/task3_meshes/villager1.png
[1.913s] -- Installing: /home/thelegend442/faxic/RINS-kappa/workspace/install/dis_tutorial3/share/dis_tutorial3//worlds/2024/task3_meshes/objects.jpg
[1.913s] -- Installing: /home/thelegend442/faxic/RINS-kappa/workspace/install/dis_tutorial3/share/dis_tutorial3//worlds/2024/task3_meshes/fakering2.jpg
[1.913s] -- Installing: /home/thelegend442/faxic/RINS-kappa/workspace/install/dis_tutorial3/share/dis_tutorial3//worlds/2024/task3_meshes/easy_anomona_0.png
[1.914s] -- Installing: /home/thelegend442/faxic/RINS-kappa/workspace/install/dis_tutorial3/share/dis_tutorial3//worlds/2024/task3_meshes/villager3.png
[1.915s] -- Installing: /home/thelegend442/faxic/RINS-kappa/workspace/install/dis_tutorial3/share/dis_tutorial3//worlds/2024/task3_meshes/qr_url.png
[1.915s] -- Installing: /home/thelegend442/faxic/RINS-kappa/workspace/install/dis_tutorial3/share/dis_tutorial3//worlds/2024/task3_meshes/ground.jpg
[1.915s] -- Installing: /home/thelegend442/faxic/RINS-kappa/workspace/install/dis_tutorial3/share/dis_tutorial3//worlds/2024/task3_meshes/villager5.png
[1.916s] -- Installing: /home/thelegend442/faxic/RINS-kappa/workspace/install/dis_tutorial3/share/dis_tutorial3//worlds/2024/task3_meshes/fakering3.jpg
[1.917s] -- Installing: /home/thelegend442/faxic/RINS-kappa/workspace/install/dis_tutorial3/share/dis_tutorial3//worlds/2024/task3_meshes/cylinders.jpg
[1.917s] -- Installing: /home/thelegend442/faxic/RINS-kappa/workspace/install/dis_tutorial3/share/dis_tutorial3//worlds/2024/task3_meshes/easy_anomona_1.png
[1.917s] -- Installing: /home/thelegend442/faxic/RINS-kappa/workspace/install/dis_tutorial3/share/dis_tutorial3//worlds/2024/task3_meshes/anomona_3.png
[1.920s] -- Installing: /home/thelegend442/faxic/RINS-kappa/workspace/install/dis_tutorial3/share/dis_tutorial3//worlds/2024/task3_meshes/easy_anomona_3.png
[1.921s] -- Installing: /home/thelegend442/faxic/RINS-kappa/workspace/install/dis_tutorial3/share/dis_tutorial3//worlds/2024/task3_meshes/anomona_1.png
[1.921s] -- Installing: /home/thelegend442/faxic/RINS-kappa/workspace/install/dis_tutorial3/share/dis_tutorial3//worlds/2024/task3_meshes/map.dae
[1.925s] -- Installing: /home/thelegend442/faxic/RINS-kappa/workspace/install/dis_tutorial3/share/dis_tutorial3//worlds/2024/task3_meshes/villager2.png
[1.925s] -- Installing: /home/thelegend442/faxic/RINS-kappa/workspace/install/dis_tutorial3/share/dis_tutorial3//worlds/2024/task3_meshes/anomona_0.png
[1.925s] -- Installing: /home/thelegend442/faxic/RINS-kappa/workspace/install/dis_tutorial3/share/dis_tutorial3//worlds/2024/task3_meshes/anomona_2.png
[1.925s] -- Installing: /home/thelegend442/faxic/RINS-kappa/workspace/install/dis_tutorial3/share/dis_tutorial3//worlds/2024/task3_meshes/easy_anomona_2.png
[1.927s] -- Installing: /home/thelegend442/faxic/RINS-kappa/workspace/install/dis_tutorial3/share/dis_tutorial3//worlds/2024/task3_meshes/easy_anomona_4.png
[1.927s] -- Installing: /home/thelegend442/faxic/RINS-kappa/workspace/install/dis_tutorial3/share/dis_tutorial3//worlds/2024/task3_meshes/qr_wrong.png
[1.928s] -- Installing: /home/thelegend442/faxic/RINS-kappa/workspace/install/dis_tutorial3/share/dis_tutorial3//worlds/2024/task3.sdf
[1.928s] -- Installing: /home/thelegend442/faxic/RINS-kappa/workspace/install/dis_tutorial3/share/dis_tutorial3//worlds/2024/task2_demo2_meshes
[1.928s] -- Installing: /home/thelegend442/faxic/RINS-kappa/workspace/install/dis_tutorial3/share/dis_tutorial3//worlds/2024/task2_demo2_meshes/map_colliders.dae
[1.928s] -- Installing: /home/thelegend442/faxic/RINS-kappa/workspace/install/dis_tutorial3/share/dis_tutorial3//worlds/2024/task2_demo2_meshes/fakering1.jpg
[1.928s] -- Installing: /home/thelegend442/faxic/RINS-kappa/workspace/install/dis_tutorial3/share/dis_tutorial3//worlds/2024/task2_demo2_meshes/parking_space.jpg
[1.928s] -- Installing: /home/thelegend442/faxic/RINS-kappa/workspace/install/dis_tutorial3/share/dis_tutorial3//worlds/2024/task2_demo2_meshes/objects.jpg
[1.928s] -- Installing: /home/thelegend442/faxic/RINS-kappa/workspace/install/dis_tutorial3/share/dis_tutorial3//worlds/2024/task2_demo2_meshes/fakering2.jpg
[1.929s] -- Installing: /home/thelegend442/faxic/RINS-kappa/workspace/install/dis_tutorial3/share/dis_tutorial3//worlds/2024/task2_demo2_meshes/ground.jpg
[1.929s] -- Installing: /home/thelegend442/faxic/RINS-kappa/workspace/install/dis_tutorial3/share/dis_tutorial3//worlds/2024/task2_demo2_meshes/fakering3.jpg
[1.929s] -- Installing: /home/thelegend442/faxic/RINS-kappa/workspace/install/dis_tutorial3/share/dis_tutorial3//worlds/2024/task2_demo2_meshes/cylinders.jpg
[1.929s] -- Installing: /home/thelegend442/faxic/RINS-kappa/workspace/install/dis_tutorial3/share/dis_tutorial3//worlds/2024/task2_demo2_meshes/map.dae
[1.929s] -- Installing: /home/thelegend442/faxic/RINS-kappa/workspace/install/dis_tutorial3/share/dis_tutorial3//worlds/2024/task2_demo1_meshes
[1.929s] -- Installing: /home/thelegend442/faxic/RINS-kappa/workspace/install/dis_tutorial3/share/dis_tutorial3//worlds/2024/task2_demo1_meshes/map_colliders.dae
[1.929s] -- Installing: /home/thelegend442/faxic/RINS-kappa/workspace/install/dis_tutorial3/share/dis_tutorial3//worlds/2024/task2_demo1_meshes/fakering1.jpg
[1.929s] -- Installing: /home/thelegend442/faxic/RINS-kappa/workspace/install/dis_tutorial3/share/dis_tutorial3//worlds/2024/task2_demo1_meshes/parking_space.jpg
[1.929s] -- Installing: /home/thelegend442/faxic/RINS-kappa/workspace/install/dis_tutorial3/share/dis_tutorial3//worlds/2024/task2_demo1_meshes/objects.jpg
[1.930s] -- Installing: /home/thelegend442/faxic/RINS-kappa/workspace/install/dis_tutorial3/share/dis_tutorial3//worlds/2024/task2_demo1_meshes/fakering2.jpg
[1.930s] -- Installing: /home/thelegend442/faxic/RINS-kappa/workspace/install/dis_tutorial3/share/dis_tutorial3//worlds/2024/task2_demo1_meshes/ground.jpg
[1.930s] -- Installing: /home/thelegend442/faxic/RINS-kappa/workspace/install/dis_tutorial3/share/dis_tutorial3//worlds/2024/task2_demo1_meshes/fakering3.jpg
[1.930s] -- Installing: /home/thelegend442/faxic/RINS-kappa/workspace/install/dis_tutorial3/share/dis_tutorial3//worlds/2024/task2_demo1_meshes/cylinders.jpg
[1.930s] -- Installing: /home/thelegend442/faxic/RINS-kappa/workspace/install/dis_tutorial3/share/dis_tutorial3//worlds/2024/task2_demo1_meshes/map.dae
[1.935s] -- Installing: /home/thelegend442/faxic/RINS-kappa/workspace/install/dis_tutorial3/share/dis_tutorial3//worlds/2024/task2_demo2.sdf
[1.935s] -- Installing: /home/thelegend442/faxic/RINS-kappa/workspace/install/dis_tutorial3/share/dis_tutorial3//worlds/demo2.sdf
[1.935s] -- Installing: /home/thelegend442/faxic/RINS-kappa/workspace/install/dis_tutorial3/share/dis_tutorial3//worlds/dis_meshes
[1.935s] -- Installing: /home/thelegend442/faxic/RINS-kappa/workspace/install/dis_tutorial3/share/dis_tutorial3//worlds/dis_meshes/map_colliders.dae
[1.935s] -- Installing: /home/thelegend442/faxic/RINS-kappa/workspace/install/dis_tutorial3/share/dis_tutorial3//worlds/dis_meshes/fakering1.jpg
[1.935s] -- Installing: /home/thelegend442/faxic/RINS-kappa/workspace/install/dis_tutorial3/share/dis_tutorial3//worlds/dis_meshes/parking_space.jpg
[1.935s] -- Installing: /home/thelegend442/faxic/RINS-kappa/workspace/install/dis_tutorial3/share/dis_tutorial3//worlds/dis_meshes/davinci.jpg
[1.935s] -- Installing: /home/thelegend442/faxic/RINS-kappa/workspace/install/dis_tutorial3/share/dis_tutorial3//worlds/dis_meshes/qr1.jpg
[1.935s] -- Installing: /home/thelegend442/faxic/RINS-kappa/workspace/install/dis_tutorial3/share/dis_tutorial3//worlds/dis_meshes/person5.jpg
[1.937s] -- Installing: /home/thelegend442/faxic/RINS-kappa/workspace/install/dis_tutorial3/share/dis_tutorial3//worlds/dis_meshes/objects.jpg
[1.937s] -- Installing: /home/thelegend442/faxic/RINS-kappa/workspace/install/dis_tutorial3/share/dis_tutorial3//worlds/dis_meshes/fakering2.jpg
[1.937s] -- Installing: /home/thelegend442/faxic/RINS-kappa/workspace/install/dis_tutorial3/share/dis_tutorial3//worlds/dis_meshes/wood.jpg
[1.937s] -- Installing: /home/thelegend442/faxic/RINS-kappa/workspace/install/dis_tutorial3/share/dis_tutorial3//worlds/dis_meshes/person4.jpg
[1.937s] -- Installing: /home/thelegend442/faxic/RINS-kappa/workspace/install/dis_tutorial3/share/dis_tutorial3//worlds/dis_meshes/person2.jpg
[1.937s] -- Installing: /home/thelegend442/faxic/RINS-kappa/workspace/install/dis_tutorial3/share/dis_tutorial3//worlds/dis_meshes/qr2.jpg
[1.937s] -- Installing: /home/thelegend442/faxic/RINS-kappa/workspace/install/dis_tutorial3/share/dis_tutorial3//worlds/dis_meshes/person1.jpg
[1.937s] -- Installing: /home/thelegend442/faxic/RINS-kappa/workspace/install/dis_tutorial3/share/dis_tutorial3//worlds/dis_meshes/ground.jpg
[1.937s] -- Installing: /home/thelegend442/faxic/RINS-kappa/workspace/install/dis_tutorial3/share/dis_tutorial3//worlds/dis_meshes/fakering3.jpg
[1.938s] -- Installing: /home/thelegend442/faxic/RINS-kappa/workspace/install/dis_tutorial3/share/dis_tutorial3//worlds/dis_meshes/cylinders.jpg
[1.938s] -- Installing: /home/thelegend442/faxic/RINS-kappa/workspace/install/dis_tutorial3/share/dis_tutorial3//worlds/dis_meshes/map.dae
[1.938s] -- Installing: /home/thelegend442/faxic/RINS-kappa/workspace/install/dis_tutorial3/share/dis_tutorial3//worlds/dis_meshes/person3.jpg
[1.938s] -- Installing: /home/thelegend442/faxic/RINS-kappa/workspace/install/dis_tutorial3/share/dis_tutorial3//worlds/dis_meshes/mona1.jpg
[1.938s] -- Installing: /home/thelegend442/faxic/RINS-kappa/workspace/install/dis_tutorial3/share/dis_tutorial3//worlds/bird_demo1.sdf
[1.939s] -- Installing: /home/thelegend442/faxic/RINS-kappa/workspace/install/dis_tutorial3/share/dis_tutorial3//worlds/empty.sdf
[1.939s] -- Installing: /home/thelegend442/faxic/RINS-kappa/workspace/install/dis_tutorial3/share/dis_tutorial3//worlds/demo3.sdf
[1.939s] -- Installing: /home/thelegend442/faxic/RINS-kappa/workspace/install/dis_tutorial3/share/dis_tutorial3//worlds/demo2_meshes
[1.939s] -- Installing: /home/thelegend442/faxic/RINS-kappa/workspace/install/dis_tutorial3/share/dis_tutorial3//worlds/demo2_meshes/map_colliders.dae
[1.940s] -- Installing: /home/thelegend442/faxic/RINS-kappa/workspace/install/dis_tutorial3/share/dis_tutorial3//worlds/demo2_meshes/fakering1.jpg
[1.940s] -- Installing: /home/thelegend442/faxic/RINS-kappa/workspace/install/dis_tutorial3/share/dis_tutorial3//worlds/demo2_meshes/parking_space.jpg
[1.940s] -- Installing: /home/thelegend442/faxic/RINS-kappa/workspace/install/dis_tutorial3/share/dis_tutorial3//worlds/demo2_meshes/qr1.jpg
[1.940s] -- Installing: /home/thelegend442/faxic/RINS-kappa/workspace/install/dis_tutorial3/share/dis_tutorial3//worlds/demo2_meshes/person18.png
[1.941s] -- Installing: /home/thelegend442/faxic/RINS-kappa/workspace/install/dis_tutorial3/share/dis_tutorial3//worlds/demo2_meshes/objects.jpg
[1.942s] -- Installing: /home/thelegend442/faxic/RINS-kappa/workspace/install/dis_tutorial3/share/dis_tutorial3//worlds/demo2_meshes/fakering2.jpg
[1.942s] -- Installing: /home/thelegend442/faxic/RINS-kappa/workspace/install/dis_tutorial3/share/dis_tutorial3//worlds/demo2_meshes/qr2.jpg
[1.942s] -- Installing: /home/thelegend442/faxic/RINS-kappa/workspace/install/dis_tutorial3/share/dis_tutorial3//worlds/demo2_meshes/ground.jpg
[1.942s] -- Installing: /home/thelegend442/faxic/RINS-kappa/workspace/install/dis_tutorial3/share/dis_tutorial3//worlds/demo2_meshes/person7.png
[1.946s] -- Installing: /home/thelegend442/faxic/RINS-kappa/workspace/install/dis_tutorial3/share/dis_tutorial3//worlds/demo2_meshes/fakering3.jpg
[1.947s] -- Installing: /home/thelegend442/faxic/RINS-kappa/workspace/install/dis_tutorial3/share/dis_tutorial3//worlds/demo2_meshes/cylinders.jpg
[1.947s] -- Installing: /home/thelegend442/faxic/RINS-kappa/workspace/install/dis_tutorial3/share/dis_tutorial3//worlds/demo2_meshes/person9.png
[1.947s] -- Installing: /home/thelegend442/faxic/RINS-kappa/workspace/install/dis_tutorial3/share/dis_tutorial3//worlds/demo2_meshes/person20.png
[1.948s] -- Installing: /home/thelegend442/faxic/RINS-kappa/workspace/install/dis_tutorial3/share/dis_tutorial3//worlds/demo2_meshes/person8.png
[1.949s] -- Installing: /home/thelegend442/faxic/RINS-kappa/workspace/install/dis_tutorial3/share/dis_tutorial3//worlds/demo2_meshes/map.dae
[1.949s] -- Installing: /home/thelegend442/faxic/RINS-kappa/workspace/install/dis_tutorial3/share/dis_tutorial3//worlds/demo2_meshes/person6.png
[1.950s] -- Installing: /home/thelegend442/faxic/RINS-kappa/workspace/install/dis_tutorial3/share/dis_tutorial3//worlds/task1.sdf
[1.950s] -- Installing: /home/thelegend442/faxic/RINS-kappa/workspace/install/dis_tutorial3/share/dis_tutorial3//worlds/demo1_meshes
[1.950s] -- Installing: /home/thelegend442/faxic/RINS-kappa/workspace/install/dis_tutorial3/share/dis_tutorial3//worlds/demo1_meshes/map_colliders.dae
[1.950s] -- Installing: /home/thelegend442/faxic/RINS-kappa/workspace/install/dis_tutorial3/share/dis_tutorial3//worlds/demo1_meshes/person3.png
[1.954s] -- Installing: /home/thelegend442/faxic/RINS-kappa/workspace/install/dis_tutorial3/share/dis_tutorial3//worlds/demo1_meshes/fakering1.jpg
[1.954s] -- Installing: /home/thelegend442/faxic/RINS-kappa/workspace/install/dis_tutorial3/share/dis_tutorial3//worlds/demo1_meshes/person5.png
[1.956s] -- Installing: /home/thelegend442/faxic/RINS-kappa/workspace/install/dis_tutorial3/share/dis_tutorial3//worlds/demo1_meshes/parking_space.jpg
[1.956s] -- Installing: /home/thelegend442/faxic/RINS-kappa/workspace/install/dis_tutorial3/share/dis_tutorial3//worlds/demo1_meshes/qr1.jpg
[1.958s] -- Installing: /home/thelegend442/faxic/RINS-kappa/workspace/install/dis_tutorial3/share/dis_tutorial3//worlds/demo1_meshes/person2.png
[1.960s] -- Installing: /home/thelegend442/faxic/RINS-kappa/workspace/install/dis_tutorial3/share/dis_tutorial3//worlds/demo1_meshes/objects.jpg
[1.960s] -- Installing: /home/thelegend442/faxic/RINS-kappa/workspace/install/dis_tutorial3/share/dis_tutorial3//worlds/demo1_meshes/fakering2.jpg
[1.960s] -- Installing: /home/thelegend442/faxic/RINS-kappa/workspace/install/dis_tutorial3/share/dis_tutorial3//worlds/demo1_meshes/qr2.jpg
[1.960s] -- Installing: /home/thelegend442/faxic/RINS-kappa/workspace/install/dis_tutorial3/share/dis_tutorial3//worlds/demo1_meshes/ground.jpg
[1.960s] -- Installing: /home/thelegend442/faxic/RINS-kappa/workspace/install/dis_tutorial3/share/dis_tutorial3//worlds/demo1_meshes/fakering3.jpg
[1.960s] -- Installing: /home/thelegend442/faxic/RINS-kappa/workspace/install/dis_tutorial3/share/dis_tutorial3//worlds/demo1_meshes/cylinders.jpg
[1.960s] -- Installing: /home/thelegend442/faxic/RINS-kappa/workspace/install/dis_tutorial3/share/dis_tutorial3//worlds/demo1_meshes/person4.png
[1.961s] -- Installing: /home/thelegend442/faxic/RINS-kappa/workspace/install/dis_tutorial3/share/dis_tutorial3//worlds/demo1_meshes/map.dae
[1.961s] -- Installing: /home/thelegend442/faxic/RINS-kappa/workspace/install/dis_tutorial3/share/dis_tutorial3//worlds/demo1_meshes/person11.png
[1.962s] -- Installing: /home/thelegend442/faxic/RINS-kappa/workspace/install/dis_tutorial3/share/dis_tutorial3//worlds/demo1_meshes/person1.png
[1.962s] -- Installing: /home/thelegend442/faxic/RINS-kappa/workspace/install/dis_tutorial3/share/dis_tutorial3//worlds/dis.sdf
[1.962s] -- Installing: /home/thelegend442/faxic/RINS-kappa/workspace/install/dis_tutorial3/share/dis_tutorial3//worlds/demo4_meshes
[1.963s] -- Installing: /home/thelegend442/faxic/RINS-kappa/workspace/install/dis_tutorial3/share/dis_tutorial3//worlds/demo4_meshes/map_colliders.dae
[1.963s] -- Installing: /home/thelegend442/faxic/RINS-kappa/workspace/install/dis_tutorial3/share/dis_tutorial3//worlds/demo4_meshes/fakering1.jpg
[1.963s] -- Installing: /home/thelegend442/faxic/RINS-kappa/workspace/install/dis_tutorial3/share/dis_tutorial3//worlds/demo4_meshes/parking_space.jpg
[1.963s] -- Installing: /home/thelegend442/faxic/RINS-kappa/workspace/install/dis_tutorial3/share/dis_tutorial3//worlds/demo4_meshes/green.jpg
[1.963s] -- Installing: /home/thelegend442/faxic/RINS-kappa/workspace/install/dis_tutorial3/share/dis_tutorial3//worlds/demo4_meshes/qr1.jpg
[1.963s] -- Installing: /home/thelegend442/faxic/RINS-kappa/workspace/install/dis_tutorial3/share/dis_tutorial3//worlds/demo4_meshes/objects.jpg
[1.964s] -- Installing: /home/thelegend442/faxic/RINS-kappa/workspace/install/dis_tutorial3/share/dis_tutorial3//worlds/demo4_meshes/fakering2.jpg
[1.964s] -- Installing: /home/thelegend442/faxic/RINS-kappa/workspace/install/dis_tutorial3/share/dis_tutorial3//worlds/demo4_meshes/person3.png.001.png
[1.964s] -- Installing: /home/thelegend442/faxic/RINS-kappa/workspace/install/dis_tutorial3/share/dis_tutorial3//worlds/demo4_meshes/qr2.jpg
[1.964s] -- Installing: /home/thelegend442/faxic/RINS-kappa/workspace/install/dis_tutorial3/share/dis_tutorial3//worlds/demo4_meshes/ground.jpg
[1.964s] -- Installing: /home/thelegend442/faxic/RINS-kappa/workspace/install/dis_tutorial3/share/dis_tutorial3//worlds/demo4_meshes/blue.jpg
[1.964s] -- Installing: /home/thelegend442/faxic/RINS-kappa/workspace/install/dis_tutorial3/share/dis_tutorial3//worlds/demo4_meshes/fakering3.jpg
[1.964s] -- Installing: /home/thelegend442/faxic/RINS-kappa/workspace/install/dis_tutorial3/share/dis_tutorial3//worlds/demo4_meshes/person13.png
[1.965s] -- Installing: /home/thelegend442/faxic/RINS-kappa/workspace/install/dis_tutorial3/share/dis_tutorial3//worlds/demo4_meshes/person4.png.001.png
[1.965s] -- Installing: /home/thelegend442/faxic/RINS-kappa/workspace/install/dis_tutorial3/share/dis_tutorial3//worlds/demo4_meshes/person2.png.001.png
[1.965s] -- Installing: /home/thelegend442/faxic/RINS-kappa/workspace/install/dis_tutorial3/share/dis_tutorial3//worlds/demo4_meshes/map.dae
[1.965s] -- Installing: /home/thelegend442/faxic/RINS-kappa/workspace/install/dis_tutorial3/share/dis_tutorial3//worlds/demo4_meshes/person5.png.001.png
[1.966s] -- Installing: /home/thelegend442/faxic/RINS-kappa/workspace/install/dis_tutorial3/share/dis_tutorial3//worlds/demo4_meshes/red.jpg
[1.967s] -- Installing: /home/thelegend442/faxic/RINS-kappa/workspace/install/dis_tutorial3/share/dis_tutorial3//worlds/demo4_meshes/person6.png
[1.967s] -- Installing: /home/thelegend442/faxic/RINS-kappa/workspace/install/dis_tutorial3/share/dis_tutorial3//worlds/demo4_meshes/yellow.jpg
[1.967s] -- Installing: /home/thelegend442/faxic/RINS-kappa/workspace/install/dis_tutorial3/share/dis_tutorial3//worlds/demo4_meshes/black.jpg
[1.967s] -- Installing: /home/thelegend442/faxic/RINS-kappa/workspace/install/dis_tutorial3/share/dis_tutorial3//worlds/task1_meshes
[1.967s] -- Installing: /home/thelegend442/faxic/RINS-kappa/workspace/install/dis_tutorial3/share/dis_tutorial3//worlds/task1_meshes/map_colliders.dae
[1.968s] -- Installing: /home/thelegend442/faxic/RINS-kappa/workspace/install/dis_tutorial3/share/dis_tutorial3//worlds/task1_meshes/fakering1.jpg
[1.968s] -- Installing: /home/thelegend442/faxic/RINS-kappa/workspace/install/dis_tutorial3/share/dis_tutorial3//worlds/task1_meshes/parking_space.jpg
[1.968s] -- Installing: /home/thelegend442/faxic/RINS-kappa/workspace/install/dis_tutorial3/share/dis_tutorial3//worlds/task1_meshes/green.jpg
[1.969s] -- Installing: /home/thelegend442/faxic/RINS-kappa/workspace/install/dis_tutorial3/share/dis_tutorial3//worlds/task1_meshes/qr1.jpg
[1.970s] -- Installing: /home/thelegend442/faxic/RINS-kappa/workspace/install/dis_tutorial3/share/dis_tutorial3//worlds/task1_meshes/objects.jpg
[1.970s] -- Installing: /home/thelegend442/faxic/RINS-kappa/workspace/install/dis_tutorial3/share/dis_tutorial3//worlds/task1_meshes/fakering2.jpg
[1.970s] -- Installing: /home/thelegend442/faxic/RINS-kappa/workspace/install/dis_tutorial3/share/dis_tutorial3//worlds/task1_meshes/person3.png.001.png
[1.971s] -- Installing: /home/thelegend442/faxic/RINS-kappa/workspace/install/dis_tutorial3/share/dis_tutorial3//worlds/task1_meshes/qr2.jpg
[1.972s] -- Installing: /home/thelegend442/faxic/RINS-kappa/workspace/install/dis_tutorial3/share/dis_tutorial3//worlds/task1_meshes/ground.jpg
[1.972s] -- Installing: /home/thelegend442/faxic/RINS-kappa/workspace/install/dis_tutorial3/share/dis_tutorial3//worlds/task1_meshes/blue.jpg
[1.972s] -- Installing: /home/thelegend442/faxic/RINS-kappa/workspace/install/dis_tutorial3/share/dis_tutorial3//worlds/task1_meshes/fakering3.jpg
[1.972s] -- Installing: /home/thelegend442/faxic/RINS-kappa/workspace/install/dis_tutorial3/share/dis_tutorial3//worlds/task1_meshes/person13.png
[1.972s] -- Installing: /home/thelegend442/faxic/RINS-kappa/workspace/install/dis_tutorial3/share/dis_tutorial3//worlds/task1_meshes/person8.png
[1.972s] -- Installing: /home/thelegend442/faxic/RINS-kappa/workspace/install/dis_tutorial3/share/dis_tutorial3//worlds/task1_meshes/person2.png.001.png
[1.972s] -- Installing: /home/thelegend442/faxic/RINS-kappa/workspace/install/dis_tutorial3/share/dis_tutorial3//worlds/task1_meshes/map.dae
[1.972s] -- Installing: /home/thelegend442/faxic/RINS-kappa/workspace/install/dis_tutorial3/share/dis_tutorial3//worlds/task1_meshes/person5.png.001.png
[1.972s] -- Installing: /home/thelegend442/faxic/RINS-kappa/workspace/install/dis_tutorial3/share/dis_tutorial3//worlds/task1_meshes/red.jpg
[1.973s] -- Installing: /home/thelegend442/faxic/RINS-kappa/workspace/install/dis_tutorial3/share/dis_tutorial3//worlds/task1_meshes/person6.png
[1.973s] -- Installing: /home/thelegend442/faxic/RINS-kappa/workspace/install/dis_tutorial3/share/dis_tutorial3//worlds/task1_meshes/yellow.jpg
[1.973s] -- Installing: /home/thelegend442/faxic/RINS-kappa/workspace/install/dis_tutorial3/share/dis_tutorial3//worlds/task1_meshes/black.jpg
[1.973s] -- Installing: /home/thelegend442/faxic/RINS-kappa/workspace/install/dis_tutorial3/share/dis_tutorial3//maps
[1.974s] -- Installing: /home/thelegend442/faxic/RINS-kappa/workspace/install/dis_tutorial3/share/dis_tutorial3//maps/bird_map.yaml
[1.974s] -- Installing: /home/thelegend442/faxic/RINS-kappa/workspace/install/dis_tutorial3/share/dis_tutorial3//maps/bird_map.pgm
[1.975s] -- Installing: /home/thelegend442/faxic/RINS-kappa/workspace/install/dis_tutorial3/share/dis_tutorial3//maps/map.pgm
[1.975s] -- Installing: /home/thelegend442/faxic/RINS-kappa/workspace/install/dis_tutorial3/share/dis_tutorial3//maps/map.yaml
[1.975s] -- Installing: /home/thelegend442/faxic/RINS-kappa/workspace/install/dis_tutorial3/lib/dis_tutorial3/detect_people.py
[1.975s] -- Installing: /home/thelegend442/faxic/RINS-kappa/workspace/install/dis_tutorial3/lib/dis_tutorial3/robot_commander.py
[1.976s] -- Installing: /home/thelegend442/faxic/RINS-kappa/workspace/install/dis_tutorial3/share/ament_index/resource_index/package_run_dependencies/dis_tutorial3
[1.976s] -- Installing: /home/thelegend442/faxic/RINS-kappa/workspace/install/dis_tutorial3/share/ament_index/resource_index/parent_prefix_path/dis_tutorial3
[1.976s] -- Installing: /home/thelegend442/faxic/RINS-kappa/workspace/install/dis_tutorial3/share/dis_tutorial3/environment/ament_prefix_path.sh
[1.976s] -- Installing: /home/thelegend442/faxic/RINS-kappa/workspace/install/dis_tutorial3/share/dis_tutorial3/environment/ament_prefix_path.dsv
[1.976s] -- Installing: /home/thelegend442/faxic/RINS-kappa/workspace/install/dis_tutorial3/share/dis_tutorial3/environment/path.sh
[1.977s] -- Installing: /home/thelegend442/faxic/RINS-kappa/workspace/install/dis_tutorial3/share/dis_tutorial3/environment/path.dsv
[1.977s] -- Installing: /home/thelegend442/faxic/RINS-kappa/workspace/install/dis_tutorial3/share/dis_tutorial3/local_setup.bash
[1.977s] -- Installing: /home/thelegend442/faxic/RINS-kappa/workspace/install/dis_tutorial3/share/dis_tutorial3/local_setup.sh
[1.977s] -- Installing: /home/thelegend442/faxic/RINS-kappa/workspace/install/dis_tutorial3/share/dis_tutorial3/local_setup.zsh
[1.977s] -- Installing: /home/thelegend442/faxic/RINS-kappa/workspace/install/dis_tutorial3/share/dis_tutorial3/local_setup.dsv
[1.977s] -- Installing: /home/thelegend442/faxic/RINS-kappa/workspace/install/dis_tutorial3/share/dis_tutorial3/package.dsv
[1.977s] -- Installing: /home/thelegend442/faxic/RINS-kappa/workspace/install/dis_tutorial3/share/ament_index/resource_index/packages/dis_tutorial3
[1.977s] -- Installing: /home/thelegend442/faxic/RINS-kappa/workspace/install/dis_tutorial3/share/dis_tutorial3/cmake/dis_tutorial3Config.cmake
[1.977s] -- Installing: /home/thelegend442/faxic/RINS-kappa/workspace/install/dis_tutorial3/share/dis_tutorial3/cmake/dis_tutorial3Config-version.cmake
[1.978s] -- Installing: /home/thelegend442/faxic/RINS-kappa/workspace/install/dis_tutorial3/share/dis_tutorial3/package.xml
[2.002s] Invoked command in '/home/thelegend442/faxic/RINS-kappa/workspace/build/dis_tutorial3' returned '0': CMAKE_PREFIX_PATH=${CMAKE_PREFIX_PATH}:/home/thelegend442/faxic/RINS-kappa/workspace/install/dis_tutorial2:/opt/ros/humble /usr/bin/cmake --install /home/thelegend442/faxic/RINS-kappa/workspace/build/dis_tutorial3
