[0.026s] Invoking command in '/home/thelegend442/faxic/RINS-kappa/build/custom_messages': CMAKE_PREFIX_PATH=${CMAKE_PREFIX_PATH}:/home/thelegend442/faxic/RINS-kappa/workspace/install/dis_tutorial2:/opt/ros/humble /usr/bin/cmake /home/thelegend442/faxic/RINS-kappa/workspace/src/custom_messages -DAMENT_CMAKE_SYMLINK_INSTALL=1 -DCMAKE_INSTALL_PREFIX=/home/thelegend442/faxic/RINS-kappa/install/custom_messages
[0.230s] -- The C compiler identification is GNU 11.4.0
[0.231s] -- The CXX compiler identification is GNU 11.4.0
[0.231s] -- Detecting C compiler ABI info
[0.231s] -- Detecting C compiler ABI info - done
[0.232s] -- Check for working C compiler: /usr/bin/cc - skipped
[0.232s] -- Detecting C compile features
[0.232s] -- Detecting C compile features - done
[0.232s] -- Detecting CXX compiler ABI info
[0.304s] -- Detecting CXX compiler ABI info - done
[0.310s] -- Check for working CXX compiler: /usr/bin/c++ - skipped
[0.310s] -- Detecting CXX compile features
[0.311s] -- Detecting CXX compile features - done
[0.314s] -- Found ament_cmake: 1.3.11 (/opt/ros/humble/share/ament_cmake/cmake)
[0.756s] -- Found Python3: /usr/bin/python3 (found version "3.10.12") found components: Interpreter 
[0.836s] -- Override CMake install command with custom implementation using symlinks instead of copying resources
[0.871s] -- Found geometry_msgs: 4.2.4 (/opt/ros/humble/share/geometry_msgs/cmake)
[0.910s] -- Found rosidl_generator_c: 3.1.6 (/opt/ros/humble/share/rosidl_generator_c/cmake)
[0.916s] -- Found rosidl_adapter: 3.1.6 (/opt/ros/humble/share/rosidl_adapter/cmake)
[0.924s] -- Found rosidl_generator_cpp: 3.1.6 (/opt/ros/humble/share/rosidl_generator_cpp/cmake)
[0.937s] -- Using all available rosidl_typesupport_c: rosidl_typesupport_fastrtps_c;rosidl_typesupport_introspection_c
[0.954s] -- Using all available rosidl_typesupport_cpp: rosidl_typesupport_fastrtps_cpp;rosidl_typesupport_introspection_cpp
[0.991s] -- Found rosidl_default_generators: 1.2.0 (/opt/ros/humble/share/rosidl_default_generators/cmake)
[1.001s] -- Found visualization_msgs: 4.2.4 (/opt/ros/humble/share/visualization_msgs/cmake)
[1.354s] -- Found ament_cmake_ros: 0.10.0 (/opt/ros/humble/share/ament_cmake_ros/cmake)
[1.871s] -- Using all available rosidl_typesupport_c: rosidl_typesupport_fastrtps_c;rosidl_typesupport_introspection_c
[2.070s] -- Using all available rosidl_typesupport_cpp: rosidl_typesupport_fastrtps_cpp;rosidl_typesupport_introspection_cpp
[2.097s] -- Found PythonInterp: /usr/bin/python3 (found suitable version "3.10.12", minimum required is "3.6") 
[2.099s] -- Found python_cmake_module: 0.10.0 (/opt/ros/humble/share/python_cmake_module/cmake)
[2.129s] -- Found PythonLibs: /usr/lib/x86_64-linux-gnu/libpython3.10.so (found suitable version "3.10.12", minimum required is "3.5") 
[2.129s] -- Using PYTHON_EXECUTABLE: /usr/bin/python3
[2.130s] -- Using PYTHON_INCLUDE_DIRS: /usr/include/python3.10
[2.130s] -- Using PYTHON_LIBRARIES: /usr/lib/x86_64-linux-gnu/libpython3.10.so
[2.157s] -- Found PythonExtra: .so  
[2.237s] -- Found ament_lint_auto: 0.12.11 (/opt/ros/humble/share/ament_lint_auto/cmake)
[2.258s] -- Added test 'lint_cmake' to check CMake code style
[2.259s] -- Added test 'xmllint' to check XML markup files
[2.263s] -- Configuring done
[2.307s] -- Generating done
[2.320s] -- Build files have been written to: /home/thelegend442/faxic/RINS-kappa/build/custom_messages
[2.336s] Invoked command in '/home/thelegend442/faxic/RINS-kappa/build/custom_messages' returned '0': CMAKE_PREFIX_PATH=${CMAKE_PREFIX_PATH}:/home/thelegend442/faxic/RINS-kappa/workspace/install/dis_tutorial2:/opt/ros/humble /usr/bin/cmake /home/thelegend442/faxic/RINS-kappa/workspace/src/custom_messages -DAMENT_CMAKE_SYMLINK_INSTALL=1 -DCMAKE_INSTALL_PREFIX=/home/thelegend442/faxic/RINS-kappa/install/custom_messages
[2.338s] Invoking command in '/home/thelegend442/faxic/RINS-kappa/build/custom_messages': CMAKE_PREFIX_PATH=${CMAKE_PREFIX_PATH}:/home/thelegend442/faxic/RINS-kappa/workspace/install/dis_tutorial2:/opt/ros/humble /usr/bin/cmake --build /home/thelegend442/faxic/RINS-kappa/build/custom_messages -- -j16 -l16
[2.377s] [  2%] [34m[1mGenerating C code for ROS interfaces[0m
[2.389s] [  4%] [34m[1mGenerating C++ code for ROS interfaces[0m
[2.397s] [  4%] Built target ament_cmake_python_symlink_custom_messages
[2.622s] running egg_info
[2.623s] creating custom_messages.egg-info
[2.643s] writing custom_messages.egg-info/PKG-INFO
[2.643s] writing dependency_links to custom_messages.egg-info/dependency_links.txt
[2.643s] writing top-level names to custom_messages.egg-info/top_level.txt
[2.644s] writing manifest file 'custom_messages.egg-info/SOURCES.txt'
[2.697s] reading manifest file 'custom_messages.egg-info/SOURCES.txt'
[2.698s] writing manifest file 'custom_messages.egg-info/SOURCES.txt'
[2.754s] [  4%] Built target ament_cmake_python_build_custom_messages_egg
[2.856s] [  4%] Built target custom_messages__cpp
[2.869s] [ 10%] [32mBuilding C object CMakeFiles/custom_messages__rosidl_generator_c.dir/rosidl_generator_c/custom_messages/msg/detail/face_coordinates__functions.c.o[0m
[2.869s] [ 10%] [32mBuilding C object CMakeFiles/custom_messages__rosidl_generator_c.dir/rosidl_generator_c/custom_messages/srv/detail/shape__functions.c.o[0m
[2.869s] [ 10%] [32mBuilding C object CMakeFiles/custom_messages__rosidl_generator_c.dir/rosidl_generator_c/custom_messages/srv/detail/poses_in_front_of_faces__functions.c.o[0m
[2.870s] [ 12%] [34m[1mGenerating C++ type support for eProsima Fast-RTPS[0m
[2.871s] [ 14%] [34m[1mGenerating C++ type support dispatch for ROS interfaces[0m
[2.871s] [ 17%] [34m[1mGenerating C++ introspection for ROS interfaces[0m
[2.964s] [ 19%] [32m[1mLinking C shared library libcustom_messages__rosidl_generator_c.so[0m
[3.072s] [ 19%] Built target custom_messages__rosidl_generator_c
[3.099s] [ 21%] [34m[1mGenerating C type support for eProsima Fast-RTPS[0m
[3.099s] [ 25%] [34m[1mGenerating C introspection for ROS interfaces[0m
[3.100s] [ 25%] [34m[1mGenerating C type support dispatch for ROS interfaces[0m
[3.424s] [ 27%] [32mBuilding CXX object CMakeFiles/custom_messages__rosidl_typesupport_cpp.dir/rosidl_typesupport_cpp/custom_messages/srv/poses_in_front_of_faces__type_support.cpp.o[0m
[3.424s] [ 29%] [32mBuilding CXX object CMakeFiles/custom_messages__rosidl_typesupport_cpp.dir/rosidl_typesupport_cpp/custom_messages/msg/face_coordinates__type_support.cpp.o[0m
[3.427s] [ 31%] [32mBuilding CXX object CMakeFiles/custom_messages__rosidl_typesupport_cpp.dir/rosidl_typesupport_cpp/custom_messages/srv/shape__type_support.cpp.o[0m
[3.498s] [ 34%] [32mBuilding CXX object CMakeFiles/custom_messages__rosidl_typesupport_introspection_cpp.dir/rosidl_typesupport_introspection_cpp/custom_messages/msg/detail/face_coordinates__type_support.cpp.o[0m
[3.508s] [ 36%] [32mBuilding CXX object CMakeFiles/custom_messages__rosidl_typesupport_introspection_cpp.dir/rosidl_typesupport_introspection_cpp/custom_messages/srv/detail/shape__type_support.cpp.o[0m
[3.517s] [ 38%] [32mBuilding CXX object CMakeFiles/custom_messages__rosidl_typesupport_introspection_cpp.dir/rosidl_typesupport_introspection_cpp/custom_messages/srv/detail/poses_in_front_of_faces__type_support.cpp.o[0m
[3.689s] [ 40%] [32mBuilding CXX object CMakeFiles/custom_messages__rosidl_typesupport_fastrtps_cpp.dir/rosidl_typesupport_fastrtps_cpp/custom_messages/msg/detail/dds_fastrtps/face_coordinates__type_support.cpp.o[0m
[3.689s] [ 42%] [32mBuilding CXX object CMakeFiles/custom_messages__rosidl_typesupport_fastrtps_cpp.dir/rosidl_typesupport_fastrtps_cpp/custom_messages/srv/detail/dds_fastrtps/shape__type_support.cpp.o[0m
[3.710s] [ 44%] [32mBuilding CXX object CMakeFiles/custom_messages__rosidl_typesupport_fastrtps_cpp.dir/rosidl_typesupport_fastrtps_cpp/custom_messages/srv/detail/dds_fastrtps/poses_in_front_of_faces__type_support.cpp.o[0m
[3.761s] [ 46%] [32mBuilding CXX object CMakeFiles/custom_messages__rosidl_typesupport_c.dir/rosidl_typesupport_c/custom_messages/msg/face_coordinates__type_support.cpp.o[0m
[3.762s] [ 48%] [32mBuilding CXX object CMakeFiles/custom_messages__rosidl_typesupport_c.dir/rosidl_typesupport_c/custom_messages/srv/shape__type_support.cpp.o[0m
[3.766s] [ 51%] [32mBuilding CXX object CMakeFiles/custom_messages__rosidl_typesupport_c.dir/rosidl_typesupport_c/custom_messages/srv/poses_in_front_of_faces__type_support.cpp.o[0m
[3.876s] [ 53%] [32mBuilding C object CMakeFiles/custom_messages__rosidl_typesupport_introspection_c.dir/rosidl_typesupport_introspection_c/custom_messages/msg/detail/face_coordinates__type_support.c.o[0m
[3.886s] [ 55%] [32mBuilding C object CMakeFiles/custom_messages__rosidl_typesupport_introspection_c.dir/rosidl_typesupport_introspection_c/custom_messages/srv/detail/poses_in_front_of_faces__type_support.c.o[0m
[3.886s] [ 57%] [32mBuilding C object CMakeFiles/custom_messages__rosidl_typesupport_introspection_c.dir/rosidl_typesupport_introspection_c/custom_messages/srv/detail/shape__type_support.c.o[0m
[3.900s] [ 59%] [32m[1mLinking CXX shared library libcustom_messages__rosidl_typesupport_c.so[0m
[3.934s] [ 61%] [32mBuilding CXX object CMakeFiles/custom_messages__rosidl_typesupport_fastrtps_c.dir/rosidl_typesupport_fastrtps_c/custom_messages/msg/detail/face_coordinates__type_support_c.cpp.o[0m
[3.943s] [ 63%] [32mBuilding CXX object CMakeFiles/custom_messages__rosidl_typesupport_fastrtps_c.dir/rosidl_typesupport_fastrtps_c/custom_messages/srv/detail/poses_in_front_of_faces__type_support_c.cpp.o[0m
[3.969s] [ 65%] [32mBuilding CXX object CMakeFiles/custom_messages__rosidl_typesupport_fastrtps_c.dir/rosidl_typesupport_fastrtps_c/custom_messages/srv/detail/shape__type_support_c.cpp.o[0m
[4.048s] [ 68%] [32m[1mLinking C shared library libcustom_messages__rosidl_typesupport_introspection_c.so[0m
[4.065s] [ 68%] Built target custom_messages__rosidl_typesupport_c
[4.202s] [ 68%] Built target custom_messages__rosidl_typesupport_introspection_c
[4.395s] [ 70%] [32m[1mLinking CXX shared library libcustom_messages__rosidl_typesupport_cpp.so[0m
[4.613s] [ 70%] Built target custom_messages__rosidl_typesupport_cpp
[5.116s] [ 72%] [32m[1mLinking CXX shared library libcustom_messages__rosidl_typesupport_introspection_cpp.so[0m
[5.208s] [ 74%] [32m[1mLinking CXX shared library libcustom_messages__rosidl_typesupport_fastrtps_c.so[0m
[5.220s] [ 76%] [32m[1mLinking CXX shared library libcustom_messages__rosidl_typesupport_fastrtps_cpp.so[0m
[5.426s] [ 76%] Built target custom_messages__rosidl_typesupport_introspection_cpp
[5.449s] [ 76%] Built target custom_messages__rosidl_typesupport_fastrtps_cpp
[5.468s] [ 76%] Built target custom_messages__rosidl_typesupport_fastrtps_c
[5.509s] [ 76%] Built target custom_messages
[5.552s] [ 78%] [34m[1mGenerating Python code for ROS interfaces[0m
[6.228s] [ 78%] Built target custom_messages__py
[6.258s] [ 85%] [32mBuilding C object CMakeFiles/custom_messages__rosidl_generator_py.dir/rosidl_generator_py/custom_messages/msg/_face_coordinates_s.c.o[0m
[6.258s] [ 85%] [32mBuilding C object CMakeFiles/custom_messages__rosidl_generator_py.dir/rosidl_generator_py/custom_messages/srv/_shape_s.c.o[0m
[6.258s] [ 85%] [32mBuilding C object CMakeFiles/custom_messages__rosidl_generator_py.dir/rosidl_generator_py/custom_messages/srv/_poses_in_front_of_faces_s.c.o[0m
[6.427s] [ 87%] [32m[1mLinking C shared library rosidl_generator_py/custom_messages/libcustom_messages__rosidl_generator_py.so[0m
[6.502s] [ 87%] Built target custom_messages__rosidl_generator_py
[6.536s] [ 91%] [32mBuilding C object CMakeFiles/custom_messages__rosidl_typesupport_c__pyext.dir/rosidl_generator_py/custom_messages/_custom_messages_s.ep.rosidl_typesupport_c.c.o[0m
[6.536s] [ 91%] [32mBuilding C object CMakeFiles/custom_messages__rosidl_typesupport_introspection_c__pyext.dir/rosidl_generator_py/custom_messages/_custom_messages_s.ep.rosidl_typesupport_introspection_c.c.o[0m
[6.537s] [ 93%] [32mBuilding C object CMakeFiles/custom_messages__rosidl_typesupport_fastrtps_c__pyext.dir/rosidl_generator_py/custom_messages/_custom_messages_s.ep.rosidl_typesupport_fastrtps_c.c.o[0m
[6.723s] [ 95%] [32m[1mLinking C shared library rosidl_generator_py/custom_messages/custom_messages_s__rosidl_typesupport_c.cpython-310-x86_64-linux-gnu.so[0m
[6.747s] [ 97%] [32m[1mLinking C shared library rosidl_generator_py/custom_messages/custom_messages_s__rosidl_typesupport_fastrtps_c.cpython-310-x86_64-linux-gnu.so[0m
[6.748s] [100%] [32m[1mLinking C shared library rosidl_generator_py/custom_messages/custom_messages_s__rosidl_typesupport_introspection_c.cpython-310-x86_64-linux-gnu.so[0m
[6.809s] [100%] Built target custom_messages__rosidl_typesupport_c__pyext
[6.848s] [100%] Built target custom_messages__rosidl_typesupport_fastrtps_c__pyext
[6.848s] [100%] Built target custom_messages__rosidl_typesupport_introspection_c__pyext
[6.867s] Invoked command in '/home/thelegend442/faxic/RINS-kappa/build/custom_messages' returned '0': CMAKE_PREFIX_PATH=${CMAKE_PREFIX_PATH}:/home/thelegend442/faxic/RINS-kappa/workspace/install/dis_tutorial2:/opt/ros/humble /usr/bin/cmake --build /home/thelegend442/faxic/RINS-kappa/build/custom_messages -- -j16 -l16
[6.871s] Invoking command in '/home/thelegend442/faxic/RINS-kappa/build/custom_messages': CMAKE_PREFIX_PATH=${CMAKE_PREFIX_PATH}:/home/thelegend442/faxic/RINS-kappa/workspace/install/dis_tutorial2:/opt/ros/humble /usr/bin/cmake --install /home/thelegend442/faxic/RINS-kappa/build/custom_messages
[6.882s] -- Install configuration: ""
[6.884s] -- Execute custom install script
[6.884s] -- Symlinking: /home/thelegend442/faxic/RINS-kappa/install/custom_messages/share/ament_index/resource_index/rosidl_interfaces/custom_messages
[6.904s] -- Symlinking: /home/thelegend442/faxic/RINS-kappa/install/custom_messages/include/custom_messages/custom_messages/msg/detail/face_coordinates__functions.h
[6.919s] -- Symlinking: /home/thelegend442/faxic/RINS-kappa/install/custom_messages/include/custom_messages/custom_messages/msg/detail/face_coordinates__struct.h
[6.937s] -- Symlinking: /home/thelegend442/faxic/RINS-kappa/install/custom_messages/include/custom_messages/custom_messages/msg/detail/face_coordinates__type_support.h
[6.951s] -- Symlinking: /home/thelegend442/faxic/RINS-kappa/install/custom_messages/include/custom_messages/custom_messages/msg/face_coordinates.h
[6.971s] -- Symlinking: /home/thelegend442/faxic/RINS-kappa/install/custom_messages/include/custom_messages/custom_messages/msg/rosidl_generator_c__visibility_control.h
[6.989s] -- Symlinking: /home/thelegend442/faxic/RINS-kappa/install/custom_messages/include/custom_messages/custom_messages/srv/detail/poses_in_front_of_faces__functions.h
[7.006s] -- Symlinking: /home/thelegend442/faxic/RINS-kappa/install/custom_messages/include/custom_messages/custom_messages/srv/detail/poses_in_front_of_faces__struct.h
[7.023s] -- Symlinking: /home/thelegend442/faxic/RINS-kappa/install/custom_messages/include/custom_messages/custom_messages/srv/detail/poses_in_front_of_faces__type_support.h
[7.038s] -- Symlinking: /home/thelegend442/faxic/RINS-kappa/install/custom_messages/include/custom_messages/custom_messages/srv/detail/shape__functions.h
[7.055s] -- Symlinking: /home/thelegend442/faxic/RINS-kappa/install/custom_messages/include/custom_messages/custom_messages/srv/detail/shape__struct.h
[7.073s] -- Symlinking: /home/thelegend442/faxic/RINS-kappa/install/custom_messages/include/custom_messages/custom_messages/srv/detail/shape__type_support.h
[7.092s] -- Symlinking: /home/thelegend442/faxic/RINS-kappa/install/custom_messages/include/custom_messages/custom_messages/srv/poses_in_front_of_faces.h
[7.106s] -- Symlinking: /home/thelegend442/faxic/RINS-kappa/install/custom_messages/include/custom_messages/custom_messages/srv/shape.h
[7.129s] -- Symlinking: /home/thelegend442/faxic/RINS-kappa/install/custom_messages/share/custom_messages/environment/library_path.sh
[7.146s] -- Symlinking: /home/thelegend442/faxic/RINS-kappa/install/custom_messages/share/custom_messages/environment/library_path.dsv
[7.168s] -- Symlinking: /home/thelegend442/faxic/RINS-kappa/install/custom_messages/include/custom_messages/custom_messages/msg/detail/face_coordinates__rosidl_typesupport_fastrtps_c.h
[7.185s] -- Symlinking: /home/thelegend442/faxic/RINS-kappa/install/custom_messages/include/custom_messages/custom_messages/msg/rosidl_typesupport_fastrtps_c__visibility_control.h
[7.202s] -- Symlinking: /home/thelegend442/faxic/RINS-kappa/install/custom_messages/include/custom_messages/custom_messages/srv/detail/poses_in_front_of_faces__rosidl_typesupport_fastrtps_c.h
[7.216s] -- Symlinking: /home/thelegend442/faxic/RINS-kappa/install/custom_messages/include/custom_messages/custom_messages/srv/detail/shape__rosidl_typesupport_fastrtps_c.h
[7.229s] -- Symlinking: /home/thelegend442/faxic/RINS-kappa/install/custom_messages/include/custom_messages/custom_messages/msg/detail/face_coordinates__builder.hpp
[7.244s] -- Symlinking: /home/thelegend442/faxic/RINS-kappa/install/custom_messages/include/custom_messages/custom_messages/msg/detail/face_coordinates__struct.hpp
[7.261s] -- Symlinking: /home/thelegend442/faxic/RINS-kappa/install/custom_messages/include/custom_messages/custom_messages/msg/detail/face_coordinates__traits.hpp
[7.277s] -- Symlinking: /home/thelegend442/faxic/RINS-kappa/install/custom_messages/include/custom_messages/custom_messages/msg/detail/face_coordinates__type_support.hpp
[7.293s] -- Symlinking: /home/thelegend442/faxic/RINS-kappa/install/custom_messages/include/custom_messages/custom_messages/msg/face_coordinates.hpp
[7.310s] -- Symlinking: /home/thelegend442/faxic/RINS-kappa/install/custom_messages/include/custom_messages/custom_messages/msg/rosidl_generator_cpp__visibility_control.hpp
[7.325s] -- Symlinking: /home/thelegend442/faxic/RINS-kappa/install/custom_messages/include/custom_messages/custom_messages/srv/detail/poses_in_front_of_faces__builder.hpp
[7.341s] -- Symlinking: /home/thelegend442/faxic/RINS-kappa/install/custom_messages/include/custom_messages/custom_messages/srv/detail/poses_in_front_of_faces__struct.hpp
[7.357s] -- Symlinking: /home/thelegend442/faxic/RINS-kappa/install/custom_messages/include/custom_messages/custom_messages/srv/detail/poses_in_front_of_faces__traits.hpp
[7.374s] -- Symlinking: /home/thelegend442/faxic/RINS-kappa/install/custom_messages/include/custom_messages/custom_messages/srv/detail/poses_in_front_of_faces__type_support.hpp
[7.390s] -- Symlinking: /home/thelegend442/faxic/RINS-kappa/install/custom_messages/include/custom_messages/custom_messages/srv/detail/shape__builder.hpp
[7.407s] -- Symlinking: /home/thelegend442/faxic/RINS-kappa/install/custom_messages/include/custom_messages/custom_messages/srv/detail/shape__struct.hpp
[7.423s] -- Symlinking: /home/thelegend442/faxic/RINS-kappa/install/custom_messages/include/custom_messages/custom_messages/srv/detail/shape__traits.hpp
[7.439s] -- Symlinking: /home/thelegend442/faxic/RINS-kappa/install/custom_messages/include/custom_messages/custom_messages/srv/detail/shape__type_support.hpp
[7.457s] -- Symlinking: /home/thelegend442/faxic/RINS-kappa/install/custom_messages/include/custom_messages/custom_messages/srv/poses_in_front_of_faces.hpp
[7.473s] -- Symlinking: /home/thelegend442/faxic/RINS-kappa/install/custom_messages/include/custom_messages/custom_messages/srv/shape.hpp
[7.490s] -- Symlinking: /home/thelegend442/faxic/RINS-kappa/install/custom_messages/include/custom_messages/custom_messages/msg/detail/face_coordinates__rosidl_typesupport_fastrtps_cpp.hpp
[7.505s] -- Symlinking: /home/thelegend442/faxic/RINS-kappa/install/custom_messages/include/custom_messages/custom_messages/msg/rosidl_typesupport_fastrtps_cpp__visibility_control.h
[7.523s] -- Symlinking: /home/thelegend442/faxic/RINS-kappa/install/custom_messages/include/custom_messages/custom_messages/srv/detail/poses_in_front_of_faces__rosidl_typesupport_fastrtps_cpp.hpp
[7.539s] -- Symlinking: /home/thelegend442/faxic/RINS-kappa/install/custom_messages/include/custom_messages/custom_messages/srv/detail/shape__rosidl_typesupport_fastrtps_cpp.hpp
[7.559s] -- Symlinking: /home/thelegend442/faxic/RINS-kappa/install/custom_messages/include/custom_messages/custom_messages/msg/detail/face_coordinates__rosidl_typesupport_introspection_c.h
[7.575s] -- Symlinking: /home/thelegend442/faxic/RINS-kappa/install/custom_messages/include/custom_messages/custom_messages/msg/rosidl_typesupport_introspection_c__visibility_control.h
[7.592s] -- Symlinking: /home/thelegend442/faxic/RINS-kappa/install/custom_messages/include/custom_messages/custom_messages/srv/detail/poses_in_front_of_faces__rosidl_typesupport_introspection_c.h
[7.608s] -- Symlinking: /home/thelegend442/faxic/RINS-kappa/install/custom_messages/include/custom_messages/custom_messages/srv/detail/shape__rosidl_typesupport_introspection_c.h
[7.625s] -- Symlinking: /home/thelegend442/faxic/RINS-kappa/install/custom_messages/include/custom_messages/custom_messages/msg/detail/face_coordinates__rosidl_typesupport_introspection_cpp.hpp
[7.642s] -- Symlinking: /home/thelegend442/faxic/RINS-kappa/install/custom_messages/include/custom_messages/custom_messages/srv/detail/poses_in_front_of_faces__rosidl_typesupport_introspection_cpp.hpp
[7.657s] -- Symlinking: /home/thelegend442/faxic/RINS-kappa/install/custom_messages/include/custom_messages/custom_messages/srv/detail/shape__rosidl_typesupport_introspection_cpp.hpp
[7.675s] -- Symlinking: /home/thelegend442/faxic/RINS-kappa/install/custom_messages/share/custom_messages/environment/pythonpath.sh
[7.691s] -- Symlinking: /home/thelegend442/faxic/RINS-kappa/install/custom_messages/share/custom_messages/environment/pythonpath.dsv
[7.708s] -- Symlinking: /home/thelegend442/faxic/RINS-kappa/install/custom_messages/local/lib/python3.10/dist-packages/custom_messages-0.0.0-py3.10.egg-info/PKG-INFO
[7.725s] -- Symlinking: /home/thelegend442/faxic/RINS-kappa/install/custom_messages/local/lib/python3.10/dist-packages/custom_messages-0.0.0-py3.10.egg-info/SOURCES.txt
[7.742s] -- Symlinking: /home/thelegend442/faxic/RINS-kappa/install/custom_messages/local/lib/python3.10/dist-packages/custom_messages-0.0.0-py3.10.egg-info/dependency_links.txt
[7.759s] -- Symlinking: /home/thelegend442/faxic/RINS-kappa/install/custom_messages/local/lib/python3.10/dist-packages/custom_messages-0.0.0-py3.10.egg-info/top_level.txt
[7.776s] -- Symlinking: /home/thelegend442/faxic/RINS-kappa/install/custom_messages/local/lib/python3.10/dist-packages/custom_messages/__init__.py
[7.791s] -- Symlinking: /home/thelegend442/faxic/RINS-kappa/install/custom_messages/local/lib/python3.10/dist-packages/custom_messages/_custom_messages_s.ep.rosidl_typesupport_c.c
[7.807s] -- Symlinking: /home/thelegend442/faxic/RINS-kappa/install/custom_messages/local/lib/python3.10/dist-packages/custom_messages/_custom_messages_s.ep.rosidl_typesupport_fastrtps_c.c
[7.831s] -- Symlinking: /home/thelegend442/faxic/RINS-kappa/install/custom_messages/local/lib/python3.10/dist-packages/custom_messages/_custom_messages_s.ep.rosidl_typesupport_introspection_c.c
[7.846s] -- Symlinking: /home/thelegend442/faxic/RINS-kappa/install/custom_messages/local/lib/python3.10/dist-packages/custom_messages/custom_messages_s__rosidl_typesupport_c.cpython-310-x86_64-linux-gnu.so
[7.861s] -- Symlinking: /home/thelegend442/faxic/RINS-kappa/install/custom_messages/local/lib/python3.10/dist-packages/custom_messages/custom_messages_s__rosidl_typesupport_fastrtps_c.cpython-310-x86_64-linux-gnu.so
[7.876s] -- Symlinking: /home/thelegend442/faxic/RINS-kappa/install/custom_messages/local/lib/python3.10/dist-packages/custom_messages/custom_messages_s__rosidl_typesupport_introspection_c.cpython-310-x86_64-linux-gnu.so
[7.892s] -- Symlinking: /home/thelegend442/faxic/RINS-kappa/install/custom_messages/local/lib/python3.10/dist-packages/custom_messages/libcustom_messages__rosidl_generator_py.so
[7.909s] -- Symlinking: /home/thelegend442/faxic/RINS-kappa/install/custom_messages/local/lib/python3.10/dist-packages/custom_messages/msg/__init__.py
[7.923s] -- Symlinking: /home/thelegend442/faxic/RINS-kappa/install/custom_messages/local/lib/python3.10/dist-packages/custom_messages/msg/_face_coordinates.py
[7.935s] -- Symlinking: /home/thelegend442/faxic/RINS-kappa/install/custom_messages/local/lib/python3.10/dist-packages/custom_messages/msg/_face_coordinates_s.c
[7.949s] -- Symlinking: /home/thelegend442/faxic/RINS-kappa/install/custom_messages/local/lib/python3.10/dist-packages/custom_messages/srv/__init__.py
[7.962s] -- Symlinking: /home/thelegend442/faxic/RINS-kappa/install/custom_messages/local/lib/python3.10/dist-packages/custom_messages/srv/_poses_in_front_of_faces.py
[7.974s] -- Symlinking: /home/thelegend442/faxic/RINS-kappa/install/custom_messages/local/lib/python3.10/dist-packages/custom_messages/srv/_poses_in_front_of_faces_s.c
[7.990s] -- Symlinking: /home/thelegend442/faxic/RINS-kappa/install/custom_messages/local/lib/python3.10/dist-packages/custom_messages/srv/_shape.py
[8.005s] -- Symlinking: /home/thelegend442/faxic/RINS-kappa/install/custom_messages/local/lib/python3.10/dist-packages/custom_messages/srv/_shape_s.c
[8.021s] -- Up-to-date symlink: /home/thelegend442/faxic/RINS-kappa/install/custom_messages/local/lib/python3.10/dist-packages/custom_messages/custom_messages_s__rosidl_typesupport_fastrtps_c.cpython-310-x86_64-linux-gnu.so
[8.021s] -- Up-to-date symlink: /home/thelegend442/faxic/RINS-kappa/install/custom_messages/local/lib/python3.10/dist-packages/custom_messages/custom_messages_s__rosidl_typesupport_introspection_c.cpython-310-x86_64-linux-gnu.so
[8.022s] -- Up-to-date symlink: /home/thelegend442/faxic/RINS-kappa/install/custom_messages/local/lib/python3.10/dist-packages/custom_messages/custom_messages_s__rosidl_typesupport_c.cpython-310-x86_64-linux-gnu.so
[8.022s] -- Symlinking: /home/thelegend442/faxic/RINS-kappa/install/custom_messages/share/custom_messages/msg/FaceCoordinates.idl
[8.038s] -- Symlinking: /home/thelegend442/faxic/RINS-kappa/install/custom_messages/share/custom_messages/srv/Shape.idl
[8.054s] -- Symlinking: /home/thelegend442/faxic/RINS-kappa/install/custom_messages/share/custom_messages/srv/PosesInFrontOfFaces.idl
[8.071s] -- Symlinking: /home/thelegend442/faxic/RINS-kappa/install/custom_messages/share/custom_messages/msg/FaceCoordinates.msg
[8.087s] -- Symlinking: /home/thelegend442/faxic/RINS-kappa/install/custom_messages/share/custom_messages/srv/Shape.srv
[8.105s] -- Symlinking: /home/thelegend442/faxic/RINS-kappa/install/custom_messages/share/custom_messages/srv/Shape_Request.msg
[8.121s] -- Symlinking: /home/thelegend442/faxic/RINS-kappa/install/custom_messages/share/custom_messages/srv/Shape_Response.msg
[8.136s] -- Symlinking: /home/thelegend442/faxic/RINS-kappa/install/custom_messages/share/custom_messages/srv/PosesInFrontOfFaces.srv
[8.151s] -- Symlinking: /home/thelegend442/faxic/RINS-kappa/install/custom_messages/share/custom_messages/srv/PosesInFrontOfFaces_Request.msg
[8.168s] -- Symlinking: /home/thelegend442/faxic/RINS-kappa/install/custom_messages/share/custom_messages/srv/PosesInFrontOfFaces_Response.msg
[8.183s] -- Symlinking: /home/thelegend442/faxic/RINS-kappa/install/custom_messages/share/ament_index/resource_index/package_run_dependencies/custom_messages
[8.200s] -- Symlinking: /home/thelegend442/faxic/RINS-kappa/install/custom_messages/share/ament_index/resource_index/parent_prefix_path/custom_messages
[8.214s] -- Symlinking: /home/thelegend442/faxic/RINS-kappa/install/custom_messages/share/custom_messages/environment/ament_prefix_path.sh
[8.229s] -- Symlinking: /home/thelegend442/faxic/RINS-kappa/install/custom_messages/share/custom_messages/environment/ament_prefix_path.dsv
[8.244s] -- Symlinking: /home/thelegend442/faxic/RINS-kappa/install/custom_messages/share/custom_messages/environment/path.sh
[8.260s] -- Symlinking: /home/thelegend442/faxic/RINS-kappa/install/custom_messages/share/custom_messages/environment/path.dsv
[8.275s] -- Symlinking: /home/thelegend442/faxic/RINS-kappa/install/custom_messages/share/custom_messages/local_setup.bash
[8.291s] -- Symlinking: /home/thelegend442/faxic/RINS-kappa/install/custom_messages/share/custom_messages/local_setup.sh
[8.306s] -- Symlinking: /home/thelegend442/faxic/RINS-kappa/install/custom_messages/share/custom_messages/local_setup.zsh
[8.321s] -- Symlinking: /home/thelegend442/faxic/RINS-kappa/install/custom_messages/share/custom_messages/local_setup.dsv
[8.337s] -- Symlinking: /home/thelegend442/faxic/RINS-kappa/install/custom_messages/share/custom_messages/package.dsv
[8.355s] -- Symlinking: /home/thelegend442/faxic/RINS-kappa/install/custom_messages/share/ament_index/resource_index/packages/custom_messages
[8.370s] -- Symlinking: /home/thelegend442/faxic/RINS-kappa/install/custom_messages/share/custom_messages/cmake/rosidl_cmake-extras.cmake
[8.387s] -- Symlinking: /home/thelegend442/faxic/RINS-kappa/install/custom_messages/share/custom_messages/cmake/ament_cmake_export_dependencies-extras.cmake
[8.402s] -- Symlinking: /home/thelegend442/faxic/RINS-kappa/install/custom_messages/share/custom_messages/cmake/ament_cmake_export_include_directories-extras.cmake
[8.419s] -- Symlinking: /home/thelegend442/faxic/RINS-kappa/install/custom_messages/share/custom_messages/cmake/ament_cmake_export_libraries-extras.cmake
[8.434s] -- Symlinking: /home/thelegend442/faxic/RINS-kappa/install/custom_messages/share/custom_messages/cmake/ament_cmake_export_targets-extras.cmake
[8.450s] -- Symlinking: /home/thelegend442/faxic/RINS-kappa/install/custom_messages/share/custom_messages/cmake/rosidl_cmake_export_typesupport_targets-extras.cmake
[8.468s] -- Symlinking: /home/thelegend442/faxic/RINS-kappa/install/custom_messages/share/custom_messages/cmake/rosidl_cmake_export_typesupport_libraries-extras.cmake
[8.485s] -- Symlinking: /home/thelegend442/faxic/RINS-kappa/install/custom_messages/share/custom_messages/cmake/custom_messagesConfig.cmake
[8.502s] -- Symlinking: /home/thelegend442/faxic/RINS-kappa/install/custom_messages/share/custom_messages/cmake/custom_messagesConfig-version.cmake
[8.517s] -- Symlinking: /home/thelegend442/faxic/RINS-kappa/install/custom_messages/share/custom_messages/package.xml
[8.534s] -- Installing: /home/thelegend442/faxic/RINS-kappa/install/custom_messages/lib/libcustom_messages__rosidl_generator_c.so
[8.534s] -- Set runtime path of "/home/thelegend442/faxic/RINS-kappa/install/custom_messages/lib/libcustom_messages__rosidl_generator_c.so" to ""
[8.534s] -- Installing: /home/thelegend442/faxic/RINS-kappa/install/custom_messages/lib/libcustom_messages__rosidl_typesupport_fastrtps_c.so
[8.535s] -- Set runtime path of "/home/thelegend442/faxic/RINS-kappa/install/custom_messages/lib/libcustom_messages__rosidl_typesupport_fastrtps_c.so" to ""
[8.535s] -- Installing: /home/thelegend442/faxic/RINS-kappa/install/custom_messages/lib/libcustom_messages__rosidl_typesupport_fastrtps_cpp.so
[8.536s] -- Set runtime path of "/home/thelegend442/faxic/RINS-kappa/install/custom_messages/lib/libcustom_messages__rosidl_typesupport_fastrtps_cpp.so" to ""
[8.536s] -- Installing: /home/thelegend442/faxic/RINS-kappa/install/custom_messages/lib/libcustom_messages__rosidl_typesupport_introspection_c.so
[8.536s] -- Set runtime path of "/home/thelegend442/faxic/RINS-kappa/install/custom_messages/lib/libcustom_messages__rosidl_typesupport_introspection_c.so" to ""
[8.537s] -- Installing: /home/thelegend442/faxic/RINS-kappa/install/custom_messages/lib/libcustom_messages__rosidl_typesupport_c.so
[8.537s] -- Set runtime path of "/home/thelegend442/faxic/RINS-kappa/install/custom_messages/lib/libcustom_messages__rosidl_typesupport_c.so" to ""
[8.537s] -- Installing: /home/thelegend442/faxic/RINS-kappa/install/custom_messages/lib/libcustom_messages__rosidl_typesupport_introspection_cpp.so
[8.538s] -- Set runtime path of "/home/thelegend442/faxic/RINS-kappa/install/custom_messages/lib/libcustom_messages__rosidl_typesupport_introspection_cpp.so" to ""
[8.538s] -- Installing: /home/thelegend442/faxic/RINS-kappa/install/custom_messages/lib/libcustom_messages__rosidl_typesupport_cpp.so
[8.538s] -- Set runtime path of "/home/thelegend442/faxic/RINS-kappa/install/custom_messages/lib/libcustom_messages__rosidl_typesupport_cpp.so" to ""
[8.597s] Listing '/home/thelegend442/faxic/RINS-kappa/install/custom_messages/local/lib/python3.10/dist-packages/custom_messages'...
[8.597s] Compiling '/home/thelegend442/faxic/RINS-kappa/install/custom_messages/local/lib/python3.10/dist-packages/custom_messages/__init__.py'...
[8.597s] Listing '/home/thelegend442/faxic/RINS-kappa/install/custom_messages/local/lib/python3.10/dist-packages/custom_messages/msg'...
[8.597s] Compiling '/home/thelegend442/faxic/RINS-kappa/install/custom_messages/local/lib/python3.10/dist-packages/custom_messages/msg/__init__.py'...
[8.598s] Compiling '/home/thelegend442/faxic/RINS-kappa/install/custom_messages/local/lib/python3.10/dist-packages/custom_messages/msg/_face_coordinates.py'...
[8.598s] Listing '/home/thelegend442/faxic/RINS-kappa/install/custom_messages/local/lib/python3.10/dist-packages/custom_messages/srv'...
[8.598s] Compiling '/home/thelegend442/faxic/RINS-kappa/install/custom_messages/local/lib/python3.10/dist-packages/custom_messages/srv/__init__.py'...
[8.598s] Compiling '/home/thelegend442/faxic/RINS-kappa/install/custom_messages/local/lib/python3.10/dist-packages/custom_messages/srv/_poses_in_front_of_faces.py'...
[8.598s] Compiling '/home/thelegend442/faxic/RINS-kappa/install/custom_messages/local/lib/python3.10/dist-packages/custom_messages/srv/_shape.py'...
[8.608s] -- Installing: /home/thelegend442/faxic/RINS-kappa/install/custom_messages/lib/libcustom_messages__rosidl_generator_py.so
[8.608s] -- Set runtime path of "/home/thelegend442/faxic/RINS-kappa/install/custom_messages/lib/libcustom_messages__rosidl_generator_py.so" to ""
[8.609s] -- Installing: /home/thelegend442/faxic/RINS-kappa/install/custom_messages/share/custom_messages/cmake/export_custom_messages__rosidl_generator_cExport.cmake
[8.609s] -- Installing: /home/thelegend442/faxic/RINS-kappa/install/custom_messages/share/custom_messages/cmake/export_custom_messages__rosidl_generator_cExport-noconfig.cmake
[8.609s] -- Installing: /home/thelegend442/faxic/RINS-kappa/install/custom_messages/share/custom_messages/cmake/export_custom_messages__rosidl_typesupport_fastrtps_cExport.cmake
[8.609s] -- Installing: /home/thelegend442/faxic/RINS-kappa/install/custom_messages/share/custom_messages/cmake/export_custom_messages__rosidl_typesupport_fastrtps_cExport-noconfig.cmake
[8.610s] -- Installing: /home/thelegend442/faxic/RINS-kappa/install/custom_messages/share/custom_messages/cmake/export_custom_messages__rosidl_generator_cppExport.cmake
[8.610s] -- Installing: /home/thelegend442/faxic/RINS-kappa/install/custom_messages/share/custom_messages/cmake/export_custom_messages__rosidl_typesupport_fastrtps_cppExport.cmake
[8.610s] -- Installing: /home/thelegend442/faxic/RINS-kappa/install/custom_messages/share/custom_messages/cmake/export_custom_messages__rosidl_typesupport_fastrtps_cppExport-noconfig.cmake
[8.610s] -- Installing: /home/thelegend442/faxic/RINS-kappa/install/custom_messages/share/custom_messages/cmake/custom_messages__rosidl_typesupport_introspection_cExport.cmake
[8.611s] -- Installing: /home/thelegend442/faxic/RINS-kappa/install/custom_messages/share/custom_messages/cmake/custom_messages__rosidl_typesupport_introspection_cExport-noconfig.cmake
[8.611s] -- Installing: /home/thelegend442/faxic/RINS-kappa/install/custom_messages/share/custom_messages/cmake/custom_messages__rosidl_typesupport_cExport.cmake
[8.611s] -- Installing: /home/thelegend442/faxic/RINS-kappa/install/custom_messages/share/custom_messages/cmake/custom_messages__rosidl_typesupport_cExport-noconfig.cmake
[8.611s] -- Installing: /home/thelegend442/faxic/RINS-kappa/install/custom_messages/share/custom_messages/cmake/custom_messages__rosidl_typesupport_introspection_cppExport.cmake
[8.611s] -- Installing: /home/thelegend442/faxic/RINS-kappa/install/custom_messages/share/custom_messages/cmake/custom_messages__rosidl_typesupport_introspection_cppExport-noconfig.cmake
[8.612s] -- Installing: /home/thelegend442/faxic/RINS-kappa/install/custom_messages/share/custom_messages/cmake/custom_messages__rosidl_typesupport_cppExport.cmake
[8.612s] -- Installing: /home/thelegend442/faxic/RINS-kappa/install/custom_messages/share/custom_messages/cmake/custom_messages__rosidl_typesupport_cppExport-noconfig.cmake
[8.612s] -- Installing: /home/thelegend442/faxic/RINS-kappa/install/custom_messages/share/custom_messages/cmake/export_custom_messages__rosidl_generator_pyExport.cmake
[8.612s] -- Installing: /home/thelegend442/faxic/RINS-kappa/install/custom_messages/share/custom_messages/cmake/export_custom_messages__rosidl_generator_pyExport-noconfig.cmake
[8.618s] Invoked command in '/home/thelegend442/faxic/RINS-kappa/build/custom_messages' returned '0': CMAKE_PREFIX_PATH=${CMAKE_PREFIX_PATH}:/home/thelegend442/faxic/RINS-kappa/workspace/install/dis_tutorial2:/opt/ros/humble /usr/bin/cmake --install /home/thelegend442/faxic/RINS-kappa/build/custom_messages
