[0.035s] Invoking command in '/home/strazi/RINS-kappa/workspace/build/dis_tutorial1': CMAKE_PREFIX_PATH=${CMAKE_PREFIX_PATH}:/home/strazi/RINS-kappa/workspace/install/dis_tutorial2:/opt/ros/humble /usr/bin/cmake --build /home/strazi/RINS-kappa/workspace/build/dis_tutorial1 -- -j12 -l12
[0.403s] [  1%] Built target dis_tutorial1__cpp
[0.403s] [35m[1mConsolidate compiler generated dependencies of target simple_set_bool_server_node[0m
[0.403s] [  5%] Built target simple_set_bool_server_node
[0.404s] [35m[1mConsolidate compiler generated dependencies of target dis_tutorial1__rosidl_typesupport_introspection_cpp[0m
[0.404s] [ 13%] Built target dis_tutorial1__rosidl_typesupport_introspection_cpp
[0.405s] [35m[1mConsolidate compiler generated dependencies of target dis_tutorial1__rosidl_typesupport_fastrtps_cpp[0m
[0.405s] [ 22%] Built target dis_tutorial1__rosidl_typesupport_fastrtps_cpp
[0.407s] [35m[1mConsolidate compiler generated dependencies of target dis_tutorial1__rosidl_typesupport_cpp[0m
[0.407s] [ 30%] Built target dis_tutorial1__rosidl_typesupport_cpp
[0.407s] [35m[1mConsolidate compiler generated dependencies of target simple_subscriber[0m
[0.407s] [ 33%] Built target simple_subscriber
[0.407s] [35m[1mConsolidate compiler generated dependencies of target complete_node[0m
[0.409s] [ 37%] Built target complete_node
[0.421s] [35m[1mConsolidate compiler generated dependencies of target simple_server_node[0m
[0.454s] [ 40%] Built target simple_server_node
[0.473s] [35m[1mConsolidate compiler generated dependencies of target simple_client_node[0m
[0.503s] [ 44%] Built target simple_client_node
[0.525s] [35m[1mConsolidate compiler generated dependencies of target simple_publisher[0m
[0.564s] [ 47%] Built target simple_publisher
[0.625s] [ 47%] Built target ament_cmake_python_copy_dis_tutorial1
[0.645s] [35m[1mConsolidate compiler generated dependencies of target dis_tutorial1__rosidl_generator_c[0m
[0.671s] [ 55%] Built target dis_tutorial1__rosidl_generator_c
[1.040s] running egg_info
[1.040s] writing dis_tutorial1.egg-info/PKG-INFO
[1.041s] writing dependency_links to dis_tutorial1.egg-info/dependency_links.txt
[1.041s] writing top-level names to dis_tutorial1.egg-info/top_level.txt
[1.046s] reading manifest file 'dis_tutorial1.egg-info/SOURCES.txt'
[1.048s] writing manifest file 'dis_tutorial1.egg-info/SOURCES.txt'
[1.101s] [ 55%] Built target ament_cmake_python_build_dis_tutorial1_egg
[1.123s] [35m[1mConsolidate compiler generated dependencies of target dis_tutorial1__rosidl_typesupport_c[0m
[1.143s] [ 64%] Built target dis_tutorial1__rosidl_typesupport_c
[1.160s] [35m[1mConsolidate compiler generated dependencies of target dis_tutorial1__rosidl_typesupport_introspection_c[0m
[1.190s] [ 72%] Built target dis_tutorial1__rosidl_typesupport_introspection_c
[1.210s] [35m[1mConsolidate compiler generated dependencies of target dis_tutorial1__rosidl_typesupport_fastrtps_c[0m
[1.227s] [ 81%] Built target dis_tutorial1__rosidl_typesupport_fastrtps_c
[1.262s] [ 81%] Built target dis_tutorial1
[1.296s] [ 83%] Built target dis_tutorial1__py
[1.315s] [35m[1mConsolidate compiler generated dependencies of target dis_tutorial1__rosidl_generator_py[0m
[1.338s] [ 89%] Built target dis_tutorial1__rosidl_generator_py
[1.355s] [35m[1mConsolidate compiler generated dependencies of target dis_tutorial1__rosidl_typesupport_fastrtps_c__pyext[0m
[1.375s] [ 93%] Built target dis_tutorial1__rosidl_typesupport_fastrtps_c__pyext
[1.392s] [35m[1mConsolidate compiler generated dependencies of target dis_tutorial1__rosidl_typesupport_c__pyext[0m
[1.410s] [ 96%] Built target dis_tutorial1__rosidl_typesupport_c__pyext
[1.427s] [35m[1mConsolidate compiler generated dependencies of target dis_tutorial1__rosidl_typesupport_introspection_c__pyext[0m
[1.445s] [100%] Built target dis_tutorial1__rosidl_typesupport_introspection_c__pyext
[1.464s] Invoked command in '/home/strazi/RINS-kappa/workspace/build/dis_tutorial1' returned '0': CMAKE_PREFIX_PATH=${CMAKE_PREFIX_PATH}:/home/strazi/RINS-kappa/workspace/install/dis_tutorial2:/opt/ros/humble /usr/bin/cmake --build /home/strazi/RINS-kappa/workspace/build/dis_tutorial1 -- -j12 -l12
[1.468s] Invoking command in '/home/strazi/RINS-kappa/workspace/build/dis_tutorial1': CMAKE_PREFIX_PATH=${CMAKE_PREFIX_PATH}:/home/strazi/RINS-kappa/workspace/install/dis_tutorial2:/opt/ros/humble /usr/bin/cmake --install /home/strazi/RINS-kappa/workspace/build/dis_tutorial1
[1.477s] -- Install configuration: ""
[1.478s] -- Up-to-date: /home/strazi/RINS-kappa/workspace/install/dis_tutorial1/share/ament_index/resource_index/rosidl_interfaces/dis_tutorial1
[1.478s] -- Up-to-date: /home/strazi/RINS-kappa/workspace/install/dis_tutorial1/include/dis_tutorial1/dis_tutorial1
[1.478s] -- Up-to-date: /home/strazi/RINS-kappa/workspace/install/dis_tutorial1/include/dis_tutorial1/dis_tutorial1/srv
[1.478s] -- Up-to-date: /home/strazi/RINS-kappa/workspace/install/dis_tutorial1/include/dis_tutorial1/dis_tutorial1/srv/add_array.h
[1.478s] -- Up-to-date: /home/strazi/RINS-kappa/workspace/install/dis_tutorial1/include/dis_tutorial1/dis_tutorial1/srv/add_two_ints.h
[1.478s] -- Up-to-date: /home/strazi/RINS-kappa/workspace/install/dis_tutorial1/include/dis_tutorial1/dis_tutorial1/srv/detail
[1.479s] -- Up-to-date: /home/strazi/RINS-kappa/workspace/install/dis_tutorial1/include/dis_tutorial1/dis_tutorial1/srv/detail/add_two_ints__type_support.h
[1.479s] -- Up-to-date: /home/strazi/RINS-kappa/workspace/install/dis_tutorial1/include/dis_tutorial1/dis_tutorial1/srv/detail/add_array__functions.h
[1.479s] -- Up-to-date: /home/strazi/RINS-kappa/workspace/install/dis_tutorial1/include/dis_tutorial1/dis_tutorial1/srv/detail/add_array__struct.h
[1.479s] -- Up-to-date: /home/strazi/RINS-kappa/workspace/install/dis_tutorial1/include/dis_tutorial1/dis_tutorial1/srv/detail/add_array__functions.c
[1.479s] -- Up-to-date: /home/strazi/RINS-kappa/workspace/install/dis_tutorial1/include/dis_tutorial1/dis_tutorial1/srv/detail/add_two_ints__struct.h
[1.479s] -- Up-to-date: /home/strazi/RINS-kappa/workspace/install/dis_tutorial1/include/dis_tutorial1/dis_tutorial1/srv/detail/add_array__type_support.h
[1.479s] -- Up-to-date: /home/strazi/RINS-kappa/workspace/install/dis_tutorial1/include/dis_tutorial1/dis_tutorial1/srv/detail/add_two_ints__functions.h
[1.479s] -- Up-to-date: /home/strazi/RINS-kappa/workspace/install/dis_tutorial1/include/dis_tutorial1/dis_tutorial1/srv/detail/add_two_ints__functions.c
[1.479s] -- Up-to-date: /home/strazi/RINS-kappa/workspace/install/dis_tutorial1/include/dis_tutorial1/dis_tutorial1/msg
[1.479s] -- Up-to-date: /home/strazi/RINS-kappa/workspace/install/dis_tutorial1/include/dis_tutorial1/dis_tutorial1/msg/custom_message.h
[1.479s] -- Up-to-date: /home/strazi/RINS-kappa/workspace/install/dis_tutorial1/include/dis_tutorial1/dis_tutorial1/msg/rosidl_generator_c__visibility_control.h
[1.479s] -- Up-to-date: /home/strazi/RINS-kappa/workspace/install/dis_tutorial1/include/dis_tutorial1/dis_tutorial1/msg/detail
[1.480s] -- Up-to-date: /home/strazi/RINS-kappa/workspace/install/dis_tutorial1/include/dis_tutorial1/dis_tutorial1/msg/detail/custom_message__struct.h
[1.480s] -- Up-to-date: /home/strazi/RINS-kappa/workspace/install/dis_tutorial1/include/dis_tutorial1/dis_tutorial1/msg/detail/custom_message__functions.c
[1.481s] -- Up-to-date: /home/strazi/RINS-kappa/workspace/install/dis_tutorial1/include/dis_tutorial1/dis_tutorial1/msg/detail/custom_message__type_support.h
[1.481s] -- Up-to-date: /home/strazi/RINS-kappa/workspace/install/dis_tutorial1/include/dis_tutorial1/dis_tutorial1/msg/detail/custom_message__functions.h
[1.481s] -- Up-to-date: /home/strazi/RINS-kappa/workspace/install/dis_tutorial1/share/dis_tutorial1/environment/library_path.sh
[1.481s] -- Up-to-date: /home/strazi/RINS-kappa/workspace/install/dis_tutorial1/share/dis_tutorial1/environment/library_path.dsv
[1.481s] -- Up-to-date: /home/strazi/RINS-kappa/workspace/install/dis_tutorial1/lib/libdis_tutorial1__rosidl_generator_c.so
[1.481s] -- Up-to-date: /home/strazi/RINS-kappa/workspace/install/dis_tutorial1/include/dis_tutorial1/dis_tutorial1
[1.481s] -- Up-to-date: /home/strazi/RINS-kappa/workspace/install/dis_tutorial1/include/dis_tutorial1/dis_tutorial1/srv
[1.481s] -- Up-to-date: /home/strazi/RINS-kappa/workspace/install/dis_tutorial1/include/dis_tutorial1/dis_tutorial1/srv/detail
[1.481s] -- Up-to-date: /home/strazi/RINS-kappa/workspace/install/dis_tutorial1/include/dis_tutorial1/dis_tutorial1/srv/detail/add_two_ints__rosidl_typesupport_fastrtps_c.h
[1.482s] -- Up-to-date: /home/strazi/RINS-kappa/workspace/install/dis_tutorial1/include/dis_tutorial1/dis_tutorial1/srv/detail/add_array__rosidl_typesupport_fastrtps_c.h
[1.482s] -- Up-to-date: /home/strazi/RINS-kappa/workspace/install/dis_tutorial1/include/dis_tutorial1/dis_tutorial1/msg
[1.482s] -- Up-to-date: /home/strazi/RINS-kappa/workspace/install/dis_tutorial1/include/dis_tutorial1/dis_tutorial1/msg/rosidl_typesupport_fastrtps_c__visibility_control.h
[1.482s] -- Up-to-date: /home/strazi/RINS-kappa/workspace/install/dis_tutorial1/include/dis_tutorial1/dis_tutorial1/msg/detail
[1.482s] -- Up-to-date: /home/strazi/RINS-kappa/workspace/install/dis_tutorial1/include/dis_tutorial1/dis_tutorial1/msg/detail/custom_message__rosidl_typesupport_fastrtps_c.h
[1.482s] -- Up-to-date: /home/strazi/RINS-kappa/workspace/install/dis_tutorial1/lib/libdis_tutorial1__rosidl_typesupport_fastrtps_c.so
[1.482s] -- Up-to-date: /home/strazi/RINS-kappa/workspace/install/dis_tutorial1/include/dis_tutorial1/dis_tutorial1
[1.482s] -- Up-to-date: /home/strazi/RINS-kappa/workspace/install/dis_tutorial1/include/dis_tutorial1/dis_tutorial1/srv
[1.482s] -- Up-to-date: /home/strazi/RINS-kappa/workspace/install/dis_tutorial1/include/dis_tutorial1/dis_tutorial1/srv/add_two_ints.hpp
[1.482s] -- Up-to-date: /home/strazi/RINS-kappa/workspace/install/dis_tutorial1/include/dis_tutorial1/dis_tutorial1/srv/add_array.hpp
[1.482s] -- Up-to-date: /home/strazi/RINS-kappa/workspace/install/dis_tutorial1/include/dis_tutorial1/dis_tutorial1/srv/detail
[1.482s] -- Up-to-date: /home/strazi/RINS-kappa/workspace/install/dis_tutorial1/include/dis_tutorial1/dis_tutorial1/srv/detail/add_two_ints__traits.hpp
[1.483s] -- Up-to-date: /home/strazi/RINS-kappa/workspace/install/dis_tutorial1/include/dis_tutorial1/dis_tutorial1/srv/detail/add_array__traits.hpp
[1.483s] -- Up-to-date: /home/strazi/RINS-kappa/workspace/install/dis_tutorial1/include/dis_tutorial1/dis_tutorial1/srv/detail/add_two_ints__type_support.hpp
[1.483s] -- Up-to-date: /home/strazi/RINS-kappa/workspace/install/dis_tutorial1/include/dis_tutorial1/dis_tutorial1/srv/detail/add_array__builder.hpp
[1.483s] -- Up-to-date: /home/strazi/RINS-kappa/workspace/install/dis_tutorial1/include/dis_tutorial1/dis_tutorial1/srv/detail/add_array__type_support.hpp
[1.483s] -- Up-to-date: /home/strazi/RINS-kappa/workspace/install/dis_tutorial1/include/dis_tutorial1/dis_tutorial1/srv/detail/add_array__struct.hpp
[1.483s] -- Up-to-date: /home/strazi/RINS-kappa/workspace/install/dis_tutorial1/include/dis_tutorial1/dis_tutorial1/srv/detail/add_two_ints__struct.hpp
[1.483s] -- Up-to-date: /home/strazi/RINS-kappa/workspace/install/dis_tutorial1/include/dis_tutorial1/dis_tutorial1/srv/detail/add_two_ints__builder.hpp
[1.483s] -- Up-to-date: /home/strazi/RINS-kappa/workspace/install/dis_tutorial1/include/dis_tutorial1/dis_tutorial1/msg
[1.483s] -- Up-to-date: /home/strazi/RINS-kappa/workspace/install/dis_tutorial1/include/dis_tutorial1/dis_tutorial1/msg/rosidl_generator_cpp__visibility_control.hpp
[1.483s] -- Up-to-date: /home/strazi/RINS-kappa/workspace/install/dis_tutorial1/include/dis_tutorial1/dis_tutorial1/msg/custom_message.hpp
[1.483s] -- Up-to-date: /home/strazi/RINS-kappa/workspace/install/dis_tutorial1/include/dis_tutorial1/dis_tutorial1/msg/detail
[1.483s] -- Up-to-date: /home/strazi/RINS-kappa/workspace/install/dis_tutorial1/include/dis_tutorial1/dis_tutorial1/msg/detail/custom_message__type_support.hpp
[1.483s] -- Up-to-date: /home/strazi/RINS-kappa/workspace/install/dis_tutorial1/include/dis_tutorial1/dis_tutorial1/msg/detail/custom_message__traits.hpp
[1.483s] -- Up-to-date: /home/strazi/RINS-kappa/workspace/install/dis_tutorial1/include/dis_tutorial1/dis_tutorial1/msg/detail/custom_message__struct.hpp
[1.484s] -- Up-to-date: /home/strazi/RINS-kappa/workspace/install/dis_tutorial1/include/dis_tutorial1/dis_tutorial1/msg/detail/custom_message__builder.hpp
[1.484s] -- Up-to-date: /home/strazi/RINS-kappa/workspace/install/dis_tutorial1/include/dis_tutorial1/dis_tutorial1
[1.484s] -- Up-to-date: /home/strazi/RINS-kappa/workspace/install/dis_tutorial1/include/dis_tutorial1/dis_tutorial1/srv
[1.484s] -- Up-to-date: /home/strazi/RINS-kappa/workspace/install/dis_tutorial1/include/dis_tutorial1/dis_tutorial1/srv/detail
[1.484s] -- Up-to-date: /home/strazi/RINS-kappa/workspace/install/dis_tutorial1/include/dis_tutorial1/dis_tutorial1/srv/detail/add_two_ints__rosidl_typesupport_fastrtps_cpp.hpp
[1.484s] -- Up-to-date: /home/strazi/RINS-kappa/workspace/install/dis_tutorial1/include/dis_tutorial1/dis_tutorial1/srv/detail/add_array__rosidl_typesupport_fastrtps_cpp.hpp
[1.484s] -- Up-to-date: /home/strazi/RINS-kappa/workspace/install/dis_tutorial1/include/dis_tutorial1/dis_tutorial1/srv/detail/dds_fastrtps
[1.484s] -- Up-to-date: /home/strazi/RINS-kappa/workspace/install/dis_tutorial1/include/dis_tutorial1/dis_tutorial1/msg
[1.484s] -- Up-to-date: /home/strazi/RINS-kappa/workspace/install/dis_tutorial1/include/dis_tutorial1/dis_tutorial1/msg/rosidl_typesupport_fastrtps_cpp__visibility_control.h
[1.484s] -- Up-to-date: /home/strazi/RINS-kappa/workspace/install/dis_tutorial1/include/dis_tutorial1/dis_tutorial1/msg/detail
[1.484s] -- Up-to-date: /home/strazi/RINS-kappa/workspace/install/dis_tutorial1/include/dis_tutorial1/dis_tutorial1/msg/detail/dds_fastrtps
[1.485s] -- Up-to-date: /home/strazi/RINS-kappa/workspace/install/dis_tutorial1/include/dis_tutorial1/dis_tutorial1/msg/detail/custom_message__rosidl_typesupport_fastrtps_cpp.hpp
[1.485s] -- Up-to-date: /home/strazi/RINS-kappa/workspace/install/dis_tutorial1/lib/libdis_tutorial1__rosidl_typesupport_fastrtps_cpp.so
[1.485s] -- Up-to-date: /home/strazi/RINS-kappa/workspace/install/dis_tutorial1/include/dis_tutorial1/dis_tutorial1
[1.485s] -- Up-to-date: /home/strazi/RINS-kappa/workspace/install/dis_tutorial1/include/dis_tutorial1/dis_tutorial1/srv
[1.485s] -- Up-to-date: /home/strazi/RINS-kappa/workspace/install/dis_tutorial1/include/dis_tutorial1/dis_tutorial1/srv/detail
[1.485s] -- Up-to-date: /home/strazi/RINS-kappa/workspace/install/dis_tutorial1/include/dis_tutorial1/dis_tutorial1/srv/detail/add_two_ints__rosidl_typesupport_introspection_c.h
[1.485s] -- Up-to-date: /home/strazi/RINS-kappa/workspace/install/dis_tutorial1/include/dis_tutorial1/dis_tutorial1/srv/detail/add_array__type_support.c
[1.485s] -- Up-to-date: /home/strazi/RINS-kappa/workspace/install/dis_tutorial1/include/dis_tutorial1/dis_tutorial1/srv/detail/add_two_ints__type_support.c
[1.485s] -- Up-to-date: /home/strazi/RINS-kappa/workspace/install/dis_tutorial1/include/dis_tutorial1/dis_tutorial1/srv/detail/add_array__rosidl_typesupport_introspection_c.h
[1.485s] -- Up-to-date: /home/strazi/RINS-kappa/workspace/install/dis_tutorial1/include/dis_tutorial1/dis_tutorial1/msg
[1.485s] -- Up-to-date: /home/strazi/RINS-kappa/workspace/install/dis_tutorial1/include/dis_tutorial1/dis_tutorial1/msg/rosidl_typesupport_introspection_c__visibility_control.h
[1.485s] -- Up-to-date: /home/strazi/RINS-kappa/workspace/install/dis_tutorial1/include/dis_tutorial1/dis_tutorial1/msg/detail
[1.485s] -- Up-to-date: /home/strazi/RINS-kappa/workspace/install/dis_tutorial1/include/dis_tutorial1/dis_tutorial1/msg/detail/custom_message__type_support.c
[1.485s] -- Up-to-date: /home/strazi/RINS-kappa/workspace/install/dis_tutorial1/include/dis_tutorial1/dis_tutorial1/msg/detail/custom_message__rosidl_typesupport_introspection_c.h
[1.486s] -- Up-to-date: /home/strazi/RINS-kappa/workspace/install/dis_tutorial1/lib/libdis_tutorial1__rosidl_typesupport_introspection_c.so
[1.486s] -- Up-to-date: /home/strazi/RINS-kappa/workspace/install/dis_tutorial1/lib/libdis_tutorial1__rosidl_typesupport_c.so
[1.486s] -- Up-to-date: /home/strazi/RINS-kappa/workspace/install/dis_tutorial1/include/dis_tutorial1/dis_tutorial1
[1.486s] -- Up-to-date: /home/strazi/RINS-kappa/workspace/install/dis_tutorial1/include/dis_tutorial1/dis_tutorial1/srv
[1.486s] -- Up-to-date: /home/strazi/RINS-kappa/workspace/install/dis_tutorial1/include/dis_tutorial1/dis_tutorial1/srv/detail
[1.486s] -- Up-to-date: /home/strazi/RINS-kappa/workspace/install/dis_tutorial1/include/dis_tutorial1/dis_tutorial1/srv/detail/add_array__rosidl_typesupport_introspection_cpp.hpp
[1.486s] -- Up-to-date: /home/strazi/RINS-kappa/workspace/install/dis_tutorial1/include/dis_tutorial1/dis_tutorial1/srv/detail/add_array__type_support.cpp
[1.486s] -- Up-to-date: /home/strazi/RINS-kappa/workspace/install/dis_tutorial1/include/dis_tutorial1/dis_tutorial1/srv/detail/add_two_ints__rosidl_typesupport_introspection_cpp.hpp
[1.486s] -- Up-to-date: /home/strazi/RINS-kappa/workspace/install/dis_tutorial1/include/dis_tutorial1/dis_tutorial1/srv/detail/add_two_ints__type_support.cpp
[1.486s] -- Up-to-date: /home/strazi/RINS-kappa/workspace/install/dis_tutorial1/include/dis_tutorial1/dis_tutorial1/msg
[1.486s] -- Up-to-date: /home/strazi/RINS-kappa/workspace/install/dis_tutorial1/include/dis_tutorial1/dis_tutorial1/msg/detail
[1.486s] -- Up-to-date: /home/strazi/RINS-kappa/workspace/install/dis_tutorial1/include/dis_tutorial1/dis_tutorial1/msg/detail/custom_message__rosidl_typesupport_introspection_cpp.hpp
[1.486s] -- Up-to-date: /home/strazi/RINS-kappa/workspace/install/dis_tutorial1/include/dis_tutorial1/dis_tutorial1/msg/detail/custom_message__type_support.cpp
[1.486s] -- Up-to-date: /home/strazi/RINS-kappa/workspace/install/dis_tutorial1/lib/libdis_tutorial1__rosidl_typesupport_introspection_cpp.so
[1.486s] -- Up-to-date: /home/strazi/RINS-kappa/workspace/install/dis_tutorial1/lib/libdis_tutorial1__rosidl_typesupport_cpp.so
[1.486s] -- Up-to-date: /home/strazi/RINS-kappa/workspace/install/dis_tutorial1/share/dis_tutorial1/environment/pythonpath.sh
[1.486s] -- Up-to-date: /home/strazi/RINS-kappa/workspace/install/dis_tutorial1/share/dis_tutorial1/environment/pythonpath.dsv
[1.487s] -- Up-to-date: /home/strazi/RINS-kappa/workspace/install/dis_tutorial1/local/lib/python3.10/dist-packages/dis_tutorial1-0.0.1-py3.10.egg-info
[1.487s] -- Installing: /home/strazi/RINS-kappa/workspace/install/dis_tutorial1/local/lib/python3.10/dist-packages/dis_tutorial1-0.0.1-py3.10.egg-info/SOURCES.txt
[1.487s] -- Installing: /home/strazi/RINS-kappa/workspace/install/dis_tutorial1/local/lib/python3.10/dist-packages/dis_tutorial1-0.0.1-py3.10.egg-info/top_level.txt
[1.487s] -- Installing: /home/strazi/RINS-kappa/workspace/install/dis_tutorial1/local/lib/python3.10/dist-packages/dis_tutorial1-0.0.1-py3.10.egg-info/dependency_links.txt
[1.487s] -- Installing: /home/strazi/RINS-kappa/workspace/install/dis_tutorial1/local/lib/python3.10/dist-packages/dis_tutorial1-0.0.1-py3.10.egg-info/PKG-INFO
[1.487s] -- Up-to-date: /home/strazi/RINS-kappa/workspace/install/dis_tutorial1/local/lib/python3.10/dist-packages/dis_tutorial1
[1.487s] -- Up-to-date: /home/strazi/RINS-kappa/workspace/install/dis_tutorial1/local/lib/python3.10/dist-packages/dis_tutorial1/_dis_tutorial1_s.ep.rosidl_typesupport_fastrtps_c.c
[1.487s] -- Up-to-date: /home/strazi/RINS-kappa/workspace/install/dis_tutorial1/local/lib/python3.10/dist-packages/dis_tutorial1/dis_tutorial1_s__rosidl_typesupport_fastrtps_c.cpython-310-x86_64-linux-gnu.so
[1.487s] -- Up-to-date: /home/strazi/RINS-kappa/workspace/install/dis_tutorial1/local/lib/python3.10/dist-packages/dis_tutorial1/srv
[1.487s] -- Up-to-date: /home/strazi/RINS-kappa/workspace/install/dis_tutorial1/local/lib/python3.10/dist-packages/dis_tutorial1/srv/_add_two_ints.py
[1.488s] -- Up-to-date: /home/strazi/RINS-kappa/workspace/install/dis_tutorial1/local/lib/python3.10/dist-packages/dis_tutorial1/srv/_add_array.py
[1.488s] -- Up-to-date: /home/strazi/RINS-kappa/workspace/install/dis_tutorial1/local/lib/python3.10/dist-packages/dis_tutorial1/srv/__init__.py
[1.488s] -- Up-to-date: /home/strazi/RINS-kappa/workspace/install/dis_tutorial1/local/lib/python3.10/dist-packages/dis_tutorial1/srv/_add_two_ints_s.c
[1.489s] -- Up-to-date: /home/strazi/RINS-kappa/workspace/install/dis_tutorial1/local/lib/python3.10/dist-packages/dis_tutorial1/srv/_add_array_s.c
[1.489s] -- Up-to-date: /home/strazi/RINS-kappa/workspace/install/dis_tutorial1/local/lib/python3.10/dist-packages/dis_tutorial1/_dis_tutorial1_s.ep.rosidl_typesupport_introspection_c.c
[1.489s] -- Up-to-date: /home/strazi/RINS-kappa/workspace/install/dis_tutorial1/local/lib/python3.10/dist-packages/dis_tutorial1/dis_tutorial1_s__rosidl_typesupport_c.cpython-310-x86_64-linux-gnu.so
[1.489s] -- Up-to-date: /home/strazi/RINS-kappa/workspace/install/dis_tutorial1/local/lib/python3.10/dist-packages/dis_tutorial1/__init__.py
[1.489s] -- Up-to-date: /home/strazi/RINS-kappa/workspace/install/dis_tutorial1/local/lib/python3.10/dist-packages/dis_tutorial1/libdis_tutorial1__rosidl_generator_py.so
[1.489s] -- Up-to-date: /home/strazi/RINS-kappa/workspace/install/dis_tutorial1/local/lib/python3.10/dist-packages/dis_tutorial1/msg
[1.489s] -- Up-to-date: /home/strazi/RINS-kappa/workspace/install/dis_tutorial1/local/lib/python3.10/dist-packages/dis_tutorial1/msg/_custom_message_s.c
[1.489s] -- Up-to-date: /home/strazi/RINS-kappa/workspace/install/dis_tutorial1/local/lib/python3.10/dist-packages/dis_tutorial1/msg/_custom_message.py
[1.489s] -- Up-to-date: /home/strazi/RINS-kappa/workspace/install/dis_tutorial1/local/lib/python3.10/dist-packages/dis_tutorial1/msg/__init__.py
[1.489s] -- Up-to-date: /home/strazi/RINS-kappa/workspace/install/dis_tutorial1/local/lib/python3.10/dist-packages/dis_tutorial1/dis_tutorial1_s__rosidl_typesupport_introspection_c.cpython-310-x86_64-linux-gnu.so
[1.489s] -- Up-to-date: /home/strazi/RINS-kappa/workspace/install/dis_tutorial1/local/lib/python3.10/dist-packages/dis_tutorial1/_dis_tutorial1_s.ep.rosidl_typesupport_c.c
[1.525s] Listing '/home/strazi/RINS-kappa/workspace/install/dis_tutorial1/local/lib/python3.10/dist-packages/dis_tutorial1'...
[1.525s] Listing '/home/strazi/RINS-kappa/workspace/install/dis_tutorial1/local/lib/python3.10/dist-packages/dis_tutorial1/msg'...
[1.525s] Listing '/home/strazi/RINS-kappa/workspace/install/dis_tutorial1/local/lib/python3.10/dist-packages/dis_tutorial1/srv'...
[1.531s] -- Up-to-date: /home/strazi/RINS-kappa/workspace/install/dis_tutorial1/local/lib/python3.10/dist-packages/dis_tutorial1/dis_tutorial1_s__rosidl_typesupport_fastrtps_c.cpython-310-x86_64-linux-gnu.so
[1.531s] -- Up-to-date: /home/strazi/RINS-kappa/workspace/install/dis_tutorial1/local/lib/python3.10/dist-packages/dis_tutorial1/dis_tutorial1_s__rosidl_typesupport_introspection_c.cpython-310-x86_64-linux-gnu.so
[1.532s] -- Up-to-date: /home/strazi/RINS-kappa/workspace/install/dis_tutorial1/local/lib/python3.10/dist-packages/dis_tutorial1/dis_tutorial1_s__rosidl_typesupport_c.cpython-310-x86_64-linux-gnu.so
[1.532s] -- Up-to-date: /home/strazi/RINS-kappa/workspace/install/dis_tutorial1/lib/libdis_tutorial1__rosidl_generator_py.so
[1.532s] -- Up-to-date: /home/strazi/RINS-kappa/workspace/install/dis_tutorial1/share/dis_tutorial1/msg/CustomMessage.idl
[1.533s] -- Up-to-date: /home/strazi/RINS-kappa/workspace/install/dis_tutorial1/share/dis_tutorial1/srv/AddTwoInts.idl
[1.533s] -- Up-to-date: /home/strazi/RINS-kappa/workspace/install/dis_tutorial1/share/dis_tutorial1/srv/AddArray.idl
[1.534s] -- Up-to-date: /home/strazi/RINS-kappa/workspace/install/dis_tutorial1/share/dis_tutorial1/msg/CustomMessage.msg
[1.534s] -- Up-to-date: /home/strazi/RINS-kappa/workspace/install/dis_tutorial1/share/dis_tutorial1/srv/AddTwoInts.srv
[1.534s] -- Up-to-date: /home/strazi/RINS-kappa/workspace/install/dis_tutorial1/share/dis_tutorial1/srv/AddTwoInts_Request.msg
[1.534s] -- Up-to-date: /home/strazi/RINS-kappa/workspace/install/dis_tutorial1/share/dis_tutorial1/srv/AddTwoInts_Response.msg
[1.534s] -- Up-to-date: /home/strazi/RINS-kappa/workspace/install/dis_tutorial1/share/dis_tutorial1/srv/AddArray.srv
[1.534s] -- Up-to-date: /home/strazi/RINS-kappa/workspace/install/dis_tutorial1/share/dis_tutorial1/srv/AddArray_Request.msg
[1.534s] -- Up-to-date: /home/strazi/RINS-kappa/workspace/install/dis_tutorial1/share/dis_tutorial1/srv/AddArray_Response.msg
[1.534s] -- Up-to-date: /home/strazi/RINS-kappa/workspace/install/dis_tutorial1/lib/dis_tutorial1/simple_publisher
[1.534s] -- Up-to-date: /home/strazi/RINS-kappa/workspace/install/dis_tutorial1/lib/dis_tutorial1/simple_subscriber
[1.534s] -- Up-to-date: /home/strazi/RINS-kappa/workspace/install/dis_tutorial1/lib/dis_tutorial1/simple_client_node
[1.535s] -- Up-to-date: /home/strazi/RINS-kappa/workspace/install/dis_tutorial1/lib/dis_tutorial1/simple_server_node
[1.535s] -- Up-to-date: /home/strazi/RINS-kappa/workspace/install/dis_tutorial1/lib/dis_tutorial1/complete_node
[1.535s] -- Up-to-date: /home/strazi/RINS-kappa/workspace/install/dis_tutorial1/lib/dis_tutorial1/simple_set_bool_server_node
[1.536s] -- Up-to-date: /home/strazi/RINS-kappa/workspace/install/dis_tutorial1/lib/dis_tutorial1/py_simple_publisher.py
[1.536s] -- Up-to-date: /home/strazi/RINS-kappa/workspace/install/dis_tutorial1/lib/dis_tutorial1/py_simple_subscriber.py
[1.536s] -- Up-to-date: /home/strazi/RINS-kappa/workspace/install/dis_tutorial1/lib/dis_tutorial1/py_simple_server_node.py
[1.536s] -- Up-to-date: /home/strazi/RINS-kappa/workspace/install/dis_tutorial1/lib/dis_tutorial1/py_simple_client_node.py
[1.536s] -- Up-to-date: /home/strazi/RINS-kappa/workspace/install/dis_tutorial1/lib/dis_tutorial1/py_complete_node.py
[1.536s] -- Up-to-date: /home/strazi/RINS-kappa/workspace/install/dis_tutorial1/lib/dis_tutorial1/py_draw_square.py
[1.536s] -- Up-to-date: /home/strazi/RINS-kappa/workspace/install/dis_tutorial1/share/ament_index/resource_index/package_run_dependencies/dis_tutorial1
[1.537s] -- Up-to-date: /home/strazi/RINS-kappa/workspace/install/dis_tutorial1/share/ament_index/resource_index/parent_prefix_path/dis_tutorial1
[1.537s] -- Up-to-date: /home/strazi/RINS-kappa/workspace/install/dis_tutorial1/share/dis_tutorial1/environment/ament_prefix_path.sh
[1.537s] -- Up-to-date: /home/strazi/RINS-kappa/workspace/install/dis_tutorial1/share/dis_tutorial1/environment/ament_prefix_path.dsv
[1.537s] -- Up-to-date: /home/strazi/RINS-kappa/workspace/install/dis_tutorial1/share/dis_tutorial1/environment/path.sh
[1.537s] -- Up-to-date: /home/strazi/RINS-kappa/workspace/install/dis_tutorial1/share/dis_tutorial1/environment/path.dsv
[1.537s] -- Up-to-date: /home/strazi/RINS-kappa/workspace/install/dis_tutorial1/share/dis_tutorial1/local_setup.bash
[1.537s] -- Up-to-date: /home/strazi/RINS-kappa/workspace/install/dis_tutorial1/share/dis_tutorial1/local_setup.sh
[1.537s] -- Up-to-date: /home/strazi/RINS-kappa/workspace/install/dis_tutorial1/share/dis_tutorial1/local_setup.zsh
[1.538s] -- Up-to-date: /home/strazi/RINS-kappa/workspace/install/dis_tutorial1/share/dis_tutorial1/local_setup.dsv
[1.538s] -- Installing: /home/strazi/RINS-kappa/workspace/install/dis_tutorial1/share/dis_tutorial1/package.dsv
[1.538s] -- Up-to-date: /home/strazi/RINS-kappa/workspace/install/dis_tutorial1/share/ament_index/resource_index/packages/dis_tutorial1
[1.538s] -- Up-to-date: /home/strazi/RINS-kappa/workspace/install/dis_tutorial1/share/dis_tutorial1/cmake/export_dis_tutorial1__rosidl_generator_cExport.cmake
[1.538s] -- Up-to-date: /home/strazi/RINS-kappa/workspace/install/dis_tutorial1/share/dis_tutorial1/cmake/export_dis_tutorial1__rosidl_generator_cExport-noconfig.cmake
[1.538s] -- Up-to-date: /home/strazi/RINS-kappa/workspace/install/dis_tutorial1/share/dis_tutorial1/cmake/export_dis_tutorial1__rosidl_typesupport_fastrtps_cExport.cmake
[1.538s] -- Up-to-date: /home/strazi/RINS-kappa/workspace/install/dis_tutorial1/share/dis_tutorial1/cmake/export_dis_tutorial1__rosidl_typesupport_fastrtps_cExport-noconfig.cmake
[1.538s] -- Up-to-date: /home/strazi/RINS-kappa/workspace/install/dis_tutorial1/share/dis_tutorial1/cmake/export_dis_tutorial1__rosidl_generator_cppExport.cmake
[1.539s] -- Up-to-date: /home/strazi/RINS-kappa/workspace/install/dis_tutorial1/share/dis_tutorial1/cmake/export_dis_tutorial1__rosidl_typesupport_fastrtps_cppExport.cmake
[1.539s] -- Up-to-date: /home/strazi/RINS-kappa/workspace/install/dis_tutorial1/share/dis_tutorial1/cmake/export_dis_tutorial1__rosidl_typesupport_fastrtps_cppExport-noconfig.cmake
[1.539s] -- Up-to-date: /home/strazi/RINS-kappa/workspace/install/dis_tutorial1/share/dis_tutorial1/cmake/dis_tutorial1__rosidl_typesupport_introspection_cExport.cmake
[1.539s] -- Up-to-date: /home/strazi/RINS-kappa/workspace/install/dis_tutorial1/share/dis_tutorial1/cmake/dis_tutorial1__rosidl_typesupport_introspection_cExport-noconfig.cmake
[1.539s] -- Up-to-date: /home/strazi/RINS-kappa/workspace/install/dis_tutorial1/share/dis_tutorial1/cmake/dis_tutorial1__rosidl_typesupport_cExport.cmake
[1.539s] -- Up-to-date: /home/strazi/RINS-kappa/workspace/install/dis_tutorial1/share/dis_tutorial1/cmake/dis_tutorial1__rosidl_typesupport_cExport-noconfig.cmake
[1.539s] -- Up-to-date: /home/strazi/RINS-kappa/workspace/install/dis_tutorial1/share/dis_tutorial1/cmake/dis_tutorial1__rosidl_typesupport_introspection_cppExport.cmake
[1.539s] -- Up-to-date: /home/strazi/RINS-kappa/workspace/install/dis_tutorial1/share/dis_tutorial1/cmake/dis_tutorial1__rosidl_typesupport_introspection_cppExport-noconfig.cmake
[1.539s] -- Up-to-date: /home/strazi/RINS-kappa/workspace/install/dis_tutorial1/share/dis_tutorial1/cmake/dis_tutorial1__rosidl_typesupport_cppExport.cmake
[1.539s] -- Up-to-date: /home/strazi/RINS-kappa/workspace/install/dis_tutorial1/share/dis_tutorial1/cmake/dis_tutorial1__rosidl_typesupport_cppExport-noconfig.cmake
[1.539s] -- Up-to-date: /home/strazi/RINS-kappa/workspace/install/dis_tutorial1/share/dis_tutorial1/cmake/export_dis_tutorial1__rosidl_generator_pyExport.cmake
[1.539s] -- Up-to-date: /home/strazi/RINS-kappa/workspace/install/dis_tutorial1/share/dis_tutorial1/cmake/export_dis_tutorial1__rosidl_generator_pyExport-noconfig.cmake
[1.540s] -- Up-to-date: /home/strazi/RINS-kappa/workspace/install/dis_tutorial1/share/dis_tutorial1/cmake/rosidl_cmake-extras.cmake
[1.540s] -- Up-to-date: /home/strazi/RINS-kappa/workspace/install/dis_tutorial1/share/dis_tutorial1/cmake/ament_cmake_export_dependencies-extras.cmake
[1.540s] -- Up-to-date: /home/strazi/RINS-kappa/workspace/install/dis_tutorial1/share/dis_tutorial1/cmake/ament_cmake_export_include_directories-extras.cmake
[1.540s] -- Up-to-date: /home/strazi/RINS-kappa/workspace/install/dis_tutorial1/share/dis_tutorial1/cmake/ament_cmake_export_libraries-extras.cmake
[1.540s] -- Up-to-date: /home/strazi/RINS-kappa/workspace/install/dis_tutorial1/share/dis_tutorial1/cmake/ament_cmake_export_targets-extras.cmake
[1.540s] -- Up-to-date: /home/strazi/RINS-kappa/workspace/install/dis_tutorial1/share/dis_tutorial1/cmake/rosidl_cmake_export_typesupport_targets-extras.cmake
[1.540s] -- Up-to-date: /home/strazi/RINS-kappa/workspace/install/dis_tutorial1/share/dis_tutorial1/cmake/rosidl_cmake_export_typesupport_libraries-extras.cmake
[1.540s] -- Up-to-date: /home/strazi/RINS-kappa/workspace/install/dis_tutorial1/share/dis_tutorial1/cmake/dis_tutorial1Config.cmake
[1.540s] -- Up-to-date: /home/strazi/RINS-kappa/workspace/install/dis_tutorial1/share/dis_tutorial1/cmake/dis_tutorial1Config-version.cmake
[1.540s] -- Up-to-date: /home/strazi/RINS-kappa/workspace/install/dis_tutorial1/share/dis_tutorial1/package.xml
[1.543s] Invoked command in '/home/strazi/RINS-kappa/workspace/build/dis_tutorial1' returned '0': CMAKE_PREFIX_PATH=${CMAKE_PREFIX_PATH}:/home/strazi/RINS-kappa/workspace/install/dis_tutorial2:/opt/ros/humble /usr/bin/cmake --install /home/strazi/RINS-kappa/workspace/build/dis_tutorial1
