[0.172s] Invoking command in '/home/thelegend442/faxic/RINS-kappa/workspace/build/dis_tutorial3': CMAKE_PREFIX_PATH=${CMAKE_PREFIX_PATH}:/home/thelegend442/faxic/RINS-kappa/workspace/install/dis_tutorial2:/opt/ros/humble /usr/bin/cmake /home/thelegend442/faxic/RINS-kappa/workspace/src/dis_tutorial3 -DCMAKE_INSTALL_PREFIX=/home/thelegend442/faxic/RINS-kappa/workspace/install/dis_tutorial3
[0.217s] -- The C compiler identification is GNU 11.4.0
[0.266s] -- The CXX compiler identification is GNU 11.4.0
[0.272s] -- Detecting C compiler ABI info
[0.337s] -- Detecting C compiler ABI info - done
[0.343s] -- Check for working C compiler: /usr/bin/cc - skipped
[0.343s] -- Detecting C compile features
[0.343s] -- Detecting C compile features - done
[0.346s] -- Detecting CXX compiler ABI info
[0.420s] -- Detecting CXX compiler ABI info - done
[0.426s] -- Check for working CXX compiler: /usr/bin/c++ - skipped
[0.426s] -- Detecting CXX compile features
[0.427s] -- Detecting CXX compile features - done
[0.429s] -- Found ament_cmake: 1.3.11 (/opt/ros/humble/share/ament_cmake/cmake)
[1.033s] -- Found Python3: /usr/bin/python3 (found version "3.10.12") found components: Interpreter 
[1.194s] -- Found rclcpp: 16.0.12 (/opt/ros/humble/share/rclcpp/cmake)
[1.253s] -- Found rosidl_generator_c: 3.1.6 (/opt/ros/humble/share/rosidl_generator_c/cmake)
[1.258s] -- Found rosidl_adapter: 3.1.6 (/opt/ros/humble/share/rosidl_adapter/cmake)
[1.269s] -- Found rosidl_generator_cpp: 3.1.6 (/opt/ros/humble/share/rosidl_generator_cpp/cmake)
[1.284s] -- Using all available rosidl_typesupport_c: rosidl_typesupport_fastrtps_c;rosidl_typesupport_introspection_c
[1.303s] -- Using all available rosidl_typesupport_cpp: rosidl_typesupport_fastrtps_cpp;rosidl_typesupport_introspection_cpp
[1.358s] -- Found rmw_implementation_cmake: 6.1.2 (/opt/ros/humble/share/rmw_implementation_cmake/cmake)
[1.360s] -- Found rmw_fastrtps_cpp: 6.2.7 (/opt/ros/humble/share/rmw_fastrtps_cpp/cmake)
[1.488s] -- Found OpenSSL: /usr/lib/x86_64-linux-gnu/libcrypto.so (found version "3.0.2")  
[1.530s] -- Found FastRTPS: /opt/ros/humble/include  
[1.593s] -- Using RMW implementation 'rmw_fastrtps_cpp' as default
[1.606s] -- Looking for pthread.h
[1.726s] -- Looking for pthread.h - found
[1.726s] -- Performing Test CMAKE_HAVE_LIBC_PTHREAD
[1.847s] -- Performing Test CMAKE_HAVE_LIBC_PTHREAD - Success
[1.848s] -- Found Threads: TRUE  
[1.935s] -- Found rclpy: 3.3.16 (/opt/ros/humble/share/rclpy/cmake)
[1.938s] -- Found std_srvs: 4.8.0 (/opt/ros/humble/share/std_srvs/cmake)
[2.060s] -- Configuring done
[2.065s] -- Generating done
[2.067s] -- Build files have been written to: /home/thelegend442/faxic/RINS-kappa/workspace/build/dis_tutorial3
[2.093s] Invoked command in '/home/thelegend442/faxic/RINS-kappa/workspace/build/dis_tutorial3' returned '0': CMAKE_PREFIX_PATH=${CMAKE_PREFIX_PATH}:/home/thelegend442/faxic/RINS-kappa/workspace/install/dis_tutorial2:/opt/ros/humble /usr/bin/cmake /home/thelegend442/faxic/RINS-kappa/workspace/src/dis_tutorial3 -DCMAKE_INSTALL_PREFIX=/home/thelegend442/faxic/RINS-kappa/workspace/install/dis_tutorial3
[2.096s] Invoking command in '/home/thelegend442/faxic/RINS-kappa/workspace/build/dis_tutorial3': CMAKE_PREFIX_PATH=${CMAKE_PREFIX_PATH}:/home/thelegend442/faxic/RINS-kappa/workspace/install/dis_tutorial2:/opt/ros/humble /usr/bin/cmake --build /home/thelegend442/faxic/RINS-kappa/workspace/build/dis_tutorial3 -- -j16 -l16
[2.168s] Invoked command in '/home/thelegend442/faxic/RINS-kappa/workspace/build/dis_tutorial3' returned '0': CMAKE_PREFIX_PATH=${CMAKE_PREFIX_PATH}:/home/thelegend442/faxic/RINS-kappa/workspace/install/dis_tutorial2:/opt/ros/humble /usr/bin/cmake --build /home/thelegend442/faxic/RINS-kappa/workspace/build/dis_tutorial3 -- -j16 -l16
[2.188s] Invoking command in '/home/thelegend442/faxic/RINS-kappa/workspace/build/dis_tutorial3': CMAKE_PREFIX_PATH=${CMAKE_PREFIX_PATH}:/home/thelegend442/faxic/RINS-kappa/workspace/install/dis_tutorial2:/opt/ros/humble /usr/bin/cmake --install /home/thelegend442/faxic/RINS-kappa/workspace/build/dis_tutorial3
[2.200s] -- Install configuration: ""
[2.201s] -- Installing: /home/thelegend442/faxic/RINS-kappa/workspace/install/dis_tutorial3/share/dis_tutorial3//launch
[2.201s] -- Installing: /home/thelegend442/faxic/RINS-kappa/workspace/install/dis_tutorial3/share/dis_tutorial3//launch/dis_sim.launch.py
[2.201s] -- Installing: /home/thelegend442/faxic/RINS-kappa/workspace/install/dis_tutorial3/share/dis_tutorial3//launch/nav2.launch.py
[2.201s] -- Installing: /home/thelegend442/faxic/RINS-kappa/workspace/install/dis_tutorial3/share/dis_tutorial3//launch/sim_turtlebot_slam.launch.py
[2.201s] -- Installing: /home/thelegend442/faxic/RINS-kappa/workspace/install/dis_tutorial3/share/dis_tutorial3//launch/slam.launch.py
[2.201s] -- Installing: /home/thelegend442/faxic/RINS-kappa/workspace/install/dis_tutorial3/share/dis_tutorial3//launch/create3_nodes.launch.py
[2.202s] -- Installing: /home/thelegend442/faxic/RINS-kappa/workspace/install/dis_tutorial3/share/dis_tutorial3//launch/ignition.launch.py
[2.202s] -- Installing: /home/thelegend442/faxic/RINS-kappa/workspace/install/dis_tutorial3/share/dis_tutorial3//launch/turtlebot4_spawn.launch.py
[2.202s] -- Installing: /home/thelegend442/faxic/RINS-kappa/workspace/install/dis_tutorial3/share/dis_tutorial3//launch/sim_turtlebot_nav.launch.py
[2.202s] -- Installing: /home/thelegend442/faxic/RINS-kappa/workspace/install/dis_tutorial3/share/dis_tutorial3//launch/turtlebot4_spawn_nav.launch.py
[2.204s] -- Installing: /home/thelegend442/faxic/RINS-kappa/workspace/install/dis_tutorial3/share/dis_tutorial3//launch/localization.launch.py
[2.206s] -- Installing: /home/thelegend442/faxic/RINS-kappa/workspace/install/dis_tutorial3/share/dis_tutorial3//config
[2.207s] -- Installing: /home/thelegend442/faxic/RINS-kappa/workspace/install/dis_tutorial3/share/dis_tutorial3//config/laser_filter_chain.yaml
[2.208s] -- Installing: /home/thelegend442/faxic/RINS-kappa/workspace/install/dis_tutorial3/share/dis_tutorial3//config/nav2.yaml
[2.208s] -- Installing: /home/thelegend442/faxic/RINS-kappa/workspace/install/dis_tutorial3/share/dis_tutorial3//config/slam.yaml
[2.208s] -- Installing: /home/thelegend442/faxic/RINS-kappa/workspace/install/dis_tutorial3/share/dis_tutorial3//config/localization.yaml
[2.208s] -- Installing: /home/thelegend442/faxic/RINS-kappa/workspace/install/dis_tutorial3/share/dis_tutorial3//worlds
[2.208s] -- Installing: /home/thelegend442/faxic/RINS-kappa/workspace/install/dis_tutorial3/share/dis_tutorial3//worlds/task2_demo1.sdf
[2.209s] -- Installing: /home/thelegend442/faxic/RINS-kappa/workspace/install/dis_tutorial3/share/dis_tutorial3//worlds/demo1.sdf
[2.209s] -- Installing: /home/thelegend442/faxic/RINS-kappa/workspace/install/dis_tutorial3/share/dis_tutorial3//worlds/task3_meshes
[2.209s] -- Installing: /home/thelegend442/faxic/RINS-kappa/workspace/install/dis_tutorial3/share/dis_tutorial3//worlds/task3_meshes/map_colliders.dae
[2.211s] -- Installing: /home/thelegend442/faxic/RINS-kappa/workspace/install/dis_tutorial3/share/dis_tutorial3//worlds/task3_meshes/fakering1.jpg
[2.212s] -- Installing: /home/thelegend442/faxic/RINS-kappa/workspace/install/dis_tutorial3/share/dis_tutorial3//worlds/task3_meshes/parking_space.jpg
[2.212s] -- Installing: /home/thelegend442/faxic/RINS-kappa/workspace/install/dis_tutorial3/share/dis_tutorial3//worlds/task3_meshes/villager4.png
[2.213s] -- Installing: /home/thelegend442/faxic/RINS-kappa/workspace/install/dis_tutorial3/share/dis_tutorial3//worlds/task3_meshes/qr_cheat.png
[2.214s] -- Installing: /home/thelegend442/faxic/RINS-kappa/workspace/install/dis_tutorial3/share/dis_tutorial3//worlds/task3_meshes/anomona_4.png
[2.214s] -- Installing: /home/thelegend442/faxic/RINS-kappa/workspace/install/dis_tutorial3/share/dis_tutorial3//worlds/task3_meshes/mona.png
[2.215s] -- Installing: /home/thelegend442/faxic/RINS-kappa/workspace/install/dis_tutorial3/share/dis_tutorial3//worlds/task3_meshes/villager1.png
[2.217s] -- Installing: /home/thelegend442/faxic/RINS-kappa/workspace/install/dis_tutorial3/share/dis_tutorial3//worlds/task3_meshes/objects.jpg
[2.217s] -- Installing: /home/thelegend442/faxic/RINS-kappa/workspace/install/dis_tutorial3/share/dis_tutorial3//worlds/task3_meshes/fakering2.jpg
[2.218s] -- Installing: /home/thelegend442/faxic/RINS-kappa/workspace/install/dis_tutorial3/share/dis_tutorial3//worlds/task3_meshes/easy_anomona_0.png
[2.219s] -- Installing: /home/thelegend442/faxic/RINS-kappa/workspace/install/dis_tutorial3/share/dis_tutorial3//worlds/task3_meshes/villager3.png
[2.220s] -- Installing: /home/thelegend442/faxic/RINS-kappa/workspace/install/dis_tutorial3/share/dis_tutorial3//worlds/task3_meshes/qr_url.png
[2.220s] -- Installing: /home/thelegend442/faxic/RINS-kappa/workspace/install/dis_tutorial3/share/dis_tutorial3//worlds/task3_meshes/ground.jpg
[2.221s] -- Installing: /home/thelegend442/faxic/RINS-kappa/workspace/install/dis_tutorial3/share/dis_tutorial3//worlds/task3_meshes/villager5.png
[2.225s] -- Installing: /home/thelegend442/faxic/RINS-kappa/workspace/install/dis_tutorial3/share/dis_tutorial3//worlds/task3_meshes/fakering3.jpg
[2.226s] -- Installing: /home/thelegend442/faxic/RINS-kappa/workspace/install/dis_tutorial3/share/dis_tutorial3//worlds/task3_meshes/cylinders.jpg
[2.228s] -- Installing: /home/thelegend442/faxic/RINS-kappa/workspace/install/dis_tutorial3/share/dis_tutorial3//worlds/task3_meshes/easy_anomona_1.png
[2.229s] -- Installing: /home/thelegend442/faxic/RINS-kappa/workspace/install/dis_tutorial3/share/dis_tutorial3//worlds/task3_meshes/anomona_3.png
[2.231s] -- Installing: /home/thelegend442/faxic/RINS-kappa/workspace/install/dis_tutorial3/share/dis_tutorial3//worlds/task3_meshes/easy_anomona_3.png
[2.232s] -- Installing: /home/thelegend442/faxic/RINS-kappa/workspace/install/dis_tutorial3/share/dis_tutorial3//worlds/task3_meshes/anomona_1.png
[2.234s] -- Installing: /home/thelegend442/faxic/RINS-kappa/workspace/install/dis_tutorial3/share/dis_tutorial3//worlds/task3_meshes/map.dae
[2.240s] -- Installing: /home/thelegend442/faxic/RINS-kappa/workspace/install/dis_tutorial3/share/dis_tutorial3//worlds/task3_meshes/villager2.png
[2.241s] -- Installing: /home/thelegend442/faxic/RINS-kappa/workspace/install/dis_tutorial3/share/dis_tutorial3//worlds/task3_meshes/anomona_0.png
[2.243s] -- Installing: /home/thelegend442/faxic/RINS-kappa/workspace/install/dis_tutorial3/share/dis_tutorial3//worlds/task3_meshes/anomona_2.png
[2.244s] -- Installing: /home/thelegend442/faxic/RINS-kappa/workspace/install/dis_tutorial3/share/dis_tutorial3//worlds/task3_meshes/easy_anomona_2.png
[2.245s] -- Installing: /home/thelegend442/faxic/RINS-kappa/workspace/install/dis_tutorial3/share/dis_tutorial3//worlds/task3_meshes/easy_anomona_4.png
[2.246s] -- Installing: /home/thelegend442/faxic/RINS-kappa/workspace/install/dis_tutorial3/share/dis_tutorial3//worlds/task3_meshes/qr_wrong.png
[2.246s] -- Installing: /home/thelegend442/faxic/RINS-kappa/workspace/install/dis_tutorial3/share/dis_tutorial3//worlds/demo2.sdf
[2.246s] -- Installing: /home/thelegend442/faxic/RINS-kappa/workspace/install/dis_tutorial3/share/dis_tutorial3//worlds/task3.sdf
[2.247s] -- Installing: /home/thelegend442/faxic/RINS-kappa/workspace/install/dis_tutorial3/share/dis_tutorial3//worlds/dis_meshes
[2.247s] -- Installing: /home/thelegend442/faxic/RINS-kappa/workspace/install/dis_tutorial3/share/dis_tutorial3//worlds/dis_meshes/map_colliders.dae
[2.248s] -- Installing: /home/thelegend442/faxic/RINS-kappa/workspace/install/dis_tutorial3/share/dis_tutorial3//worlds/dis_meshes/fakering1.jpg
[2.248s] -- Installing: /home/thelegend442/faxic/RINS-kappa/workspace/install/dis_tutorial3/share/dis_tutorial3//worlds/dis_meshes/parking_space.jpg
[2.248s] -- Installing: /home/thelegend442/faxic/RINS-kappa/workspace/install/dis_tutorial3/share/dis_tutorial3//worlds/dis_meshes/davinci.jpg
[2.249s] -- Installing: /home/thelegend442/faxic/RINS-kappa/workspace/install/dis_tutorial3/share/dis_tutorial3//worlds/dis_meshes/qr1.jpg
[2.250s] -- Installing: /home/thelegend442/faxic/RINS-kappa/workspace/install/dis_tutorial3/share/dis_tutorial3//worlds/dis_meshes/person5.jpg
[2.250s] -- Installing: /home/thelegend442/faxic/RINS-kappa/workspace/install/dis_tutorial3/share/dis_tutorial3//worlds/dis_meshes/objects.jpg
[2.251s] -- Installing: /home/thelegend442/faxic/RINS-kappa/workspace/install/dis_tutorial3/share/dis_tutorial3//worlds/dis_meshes/fakering2.jpg
[2.251s] -- Installing: /home/thelegend442/faxic/RINS-kappa/workspace/install/dis_tutorial3/share/dis_tutorial3//worlds/dis_meshes/wood.jpg
[2.251s] -- Installing: /home/thelegend442/faxic/RINS-kappa/workspace/install/dis_tutorial3/share/dis_tutorial3//worlds/dis_meshes/person4.jpg
[2.254s] -- Installing: /home/thelegend442/faxic/RINS-kappa/workspace/install/dis_tutorial3/share/dis_tutorial3//worlds/dis_meshes/person2.jpg
[2.255s] -- Installing: /home/thelegend442/faxic/RINS-kappa/workspace/install/dis_tutorial3/share/dis_tutorial3//worlds/dis_meshes/qr2.jpg
[2.257s] -- Installing: /home/thelegend442/faxic/RINS-kappa/workspace/install/dis_tutorial3/share/dis_tutorial3//worlds/dis_meshes/person1.jpg
[2.258s] -- Installing: /home/thelegend442/faxic/RINS-kappa/workspace/install/dis_tutorial3/share/dis_tutorial3//worlds/dis_meshes/ground.jpg
[2.258s] -- Installing: /home/thelegend442/faxic/RINS-kappa/workspace/install/dis_tutorial3/share/dis_tutorial3//worlds/dis_meshes/fakering3.jpg
[2.259s] -- Installing: /home/thelegend442/faxic/RINS-kappa/workspace/install/dis_tutorial3/share/dis_tutorial3//worlds/dis_meshes/cylinders.jpg
[2.259s] -- Installing: /home/thelegend442/faxic/RINS-kappa/workspace/install/dis_tutorial3/share/dis_tutorial3//worlds/dis_meshes/map.dae
[2.261s] -- Installing: /home/thelegend442/faxic/RINS-kappa/workspace/install/dis_tutorial3/share/dis_tutorial3//worlds/dis_meshes/person3.jpg
[2.261s] -- Installing: /home/thelegend442/faxic/RINS-kappa/workspace/install/dis_tutorial3/share/dis_tutorial3//worlds/dis_meshes/mona1.jpg
[2.262s] -- Installing: /home/thelegend442/faxic/RINS-kappa/workspace/install/dis_tutorial3/share/dis_tutorial3//worlds/empty.sdf
[2.262s] -- Installing: /home/thelegend442/faxic/RINS-kappa/workspace/install/dis_tutorial3/share/dis_tutorial3//worlds/task2_demo2_meshes
[2.262s] -- Installing: /home/thelegend442/faxic/RINS-kappa/workspace/install/dis_tutorial3/share/dis_tutorial3//worlds/task2_demo2_meshes/map_colliders.dae
[2.263s] -- Installing: /home/thelegend442/faxic/RINS-kappa/workspace/install/dis_tutorial3/share/dis_tutorial3//worlds/task2_demo2_meshes/fakering1.jpg
[2.263s] -- Installing: /home/thelegend442/faxic/RINS-kappa/workspace/install/dis_tutorial3/share/dis_tutorial3//worlds/task2_demo2_meshes/parking_space.jpg
[2.264s] -- Installing: /home/thelegend442/faxic/RINS-kappa/workspace/install/dis_tutorial3/share/dis_tutorial3//worlds/task2_demo2_meshes/objects.jpg
[2.264s] -- Installing: /home/thelegend442/faxic/RINS-kappa/workspace/install/dis_tutorial3/share/dis_tutorial3//worlds/task2_demo2_meshes/fakering2.jpg
[2.265s] -- Installing: /home/thelegend442/faxic/RINS-kappa/workspace/install/dis_tutorial3/share/dis_tutorial3//worlds/task2_demo2_meshes/ground.jpg
[2.265s] -- Installing: /home/thelegend442/faxic/RINS-kappa/workspace/install/dis_tutorial3/share/dis_tutorial3//worlds/task2_demo2_meshes/fakering3.jpg
[2.265s] -- Installing: /home/thelegend442/faxic/RINS-kappa/workspace/install/dis_tutorial3/share/dis_tutorial3//worlds/task2_demo2_meshes/cylinders.jpg
[2.266s] -- Installing: /home/thelegend442/faxic/RINS-kappa/workspace/install/dis_tutorial3/share/dis_tutorial3//worlds/task2_demo2_meshes/map.dae
[2.267s] -- Installing: /home/thelegend442/faxic/RINS-kappa/workspace/install/dis_tutorial3/share/dis_tutorial3//worlds/demo2_meshes
[2.267s] -- Installing: /home/thelegend442/faxic/RINS-kappa/workspace/install/dis_tutorial3/share/dis_tutorial3//worlds/demo2_meshes/map_colliders.dae
[2.268s] -- Installing: /home/thelegend442/faxic/RINS-kappa/workspace/install/dis_tutorial3/share/dis_tutorial3//worlds/demo2_meshes/fakering1.jpg
[2.269s] -- Installing: /home/thelegend442/faxic/RINS-kappa/workspace/install/dis_tutorial3/share/dis_tutorial3//worlds/demo2_meshes/parking_space.jpg
[2.269s] -- Installing: /home/thelegend442/faxic/RINS-kappa/workspace/install/dis_tutorial3/share/dis_tutorial3//worlds/demo2_meshes/qr1.jpg
[2.272s] -- Installing: /home/thelegend442/faxic/RINS-kappa/workspace/install/dis_tutorial3/share/dis_tutorial3//worlds/demo2_meshes/person18.png
[2.274s] -- Installing: /home/thelegend442/faxic/RINS-kappa/workspace/install/dis_tutorial3/share/dis_tutorial3//worlds/demo2_meshes/objects.jpg
[2.275s] -- Installing: /home/thelegend442/faxic/RINS-kappa/workspace/install/dis_tutorial3/share/dis_tutorial3//worlds/demo2_meshes/fakering2.jpg
[2.276s] -- Installing: /home/thelegend442/faxic/RINS-kappa/workspace/install/dis_tutorial3/share/dis_tutorial3//worlds/demo2_meshes/qr2.jpg
[2.276s] -- Installing: /home/thelegend442/faxic/RINS-kappa/workspace/install/dis_tutorial3/share/dis_tutorial3//worlds/demo2_meshes/ground.jpg
[2.277s] -- Installing: /home/thelegend442/faxic/RINS-kappa/workspace/install/dis_tutorial3/share/dis_tutorial3//worlds/demo2_meshes/person7.png
[2.278s] -- Installing: /home/thelegend442/faxic/RINS-kappa/workspace/install/dis_tutorial3/share/dis_tutorial3//worlds/demo2_meshes/fakering3.jpg
[2.279s] -- Installing: /home/thelegend442/faxic/RINS-kappa/workspace/install/dis_tutorial3/share/dis_tutorial3//worlds/demo2_meshes/cylinders.jpg
[2.279s] -- Installing: /home/thelegend442/faxic/RINS-kappa/workspace/install/dis_tutorial3/share/dis_tutorial3//worlds/demo2_meshes/person9.png
[2.280s] -- Installing: /home/thelegend442/faxic/RINS-kappa/workspace/install/dis_tutorial3/share/dis_tutorial3//worlds/demo2_meshes/person20.png
[2.281s] -- Installing: /home/thelegend442/faxic/RINS-kappa/workspace/install/dis_tutorial3/share/dis_tutorial3//worlds/demo2_meshes/person8.png
[2.282s] -- Installing: /home/thelegend442/faxic/RINS-kappa/workspace/install/dis_tutorial3/share/dis_tutorial3//worlds/demo2_meshes/map.dae
[2.284s] -- Installing: /home/thelegend442/faxic/RINS-kappa/workspace/install/dis_tutorial3/share/dis_tutorial3//worlds/demo2_meshes/person6.png
[2.285s] -- Installing: /home/thelegend442/faxic/RINS-kappa/workspace/install/dis_tutorial3/share/dis_tutorial3//worlds/task2_demo1_meshes
[2.285s] -- Installing: /home/thelegend442/faxic/RINS-kappa/workspace/install/dis_tutorial3/share/dis_tutorial3//worlds/task2_demo1_meshes/map_colliders.dae
[2.289s] -- Installing: /home/thelegend442/faxic/RINS-kappa/workspace/install/dis_tutorial3/share/dis_tutorial3//worlds/task2_demo1_meshes/fakering1.jpg
[2.292s] -- Installing: /home/thelegend442/faxic/RINS-kappa/workspace/install/dis_tutorial3/share/dis_tutorial3//worlds/task2_demo1_meshes/parking_space.jpg
[2.292s] -- Installing: /home/thelegend442/faxic/RINS-kappa/workspace/install/dis_tutorial3/share/dis_tutorial3//worlds/task2_demo1_meshes/objects.jpg
[2.292s] -- Installing: /home/thelegend442/faxic/RINS-kappa/workspace/install/dis_tutorial3/share/dis_tutorial3//worlds/task2_demo1_meshes/fakering2.jpg
[2.293s] -- Installing: /home/thelegend442/faxic/RINS-kappa/workspace/install/dis_tutorial3/share/dis_tutorial3//worlds/task2_demo1_meshes/ground.jpg
[2.295s] -- Installing: /home/thelegend442/faxic/RINS-kappa/workspace/install/dis_tutorial3/share/dis_tutorial3//worlds/task2_demo1_meshes/fakering3.jpg
[2.295s] -- Installing: /home/thelegend442/faxic/RINS-kappa/workspace/install/dis_tutorial3/share/dis_tutorial3//worlds/task2_demo1_meshes/cylinders.jpg
[2.296s] -- Installing: /home/thelegend442/faxic/RINS-kappa/workspace/install/dis_tutorial3/share/dis_tutorial3//worlds/task2_demo1_meshes/map.dae
[2.296s] -- Installing: /home/thelegend442/faxic/RINS-kappa/workspace/install/dis_tutorial3/share/dis_tutorial3//worlds/demo1_meshes
[2.296s] -- Installing: /home/thelegend442/faxic/RINS-kappa/workspace/install/dis_tutorial3/share/dis_tutorial3//worlds/demo1_meshes/map_colliders.dae
[2.296s] -- Installing: /home/thelegend442/faxic/RINS-kappa/workspace/install/dis_tutorial3/share/dis_tutorial3//worlds/demo1_meshes/person3.png
[2.297s] -- Installing: /home/thelegend442/faxic/RINS-kappa/workspace/install/dis_tutorial3/share/dis_tutorial3//worlds/demo1_meshes/fakering1.jpg
[2.298s] -- Installing: /home/thelegend442/faxic/RINS-kappa/workspace/install/dis_tutorial3/share/dis_tutorial3//worlds/demo1_meshes/person5.png
[2.299s] -- Installing: /home/thelegend442/faxic/RINS-kappa/workspace/install/dis_tutorial3/share/dis_tutorial3//worlds/demo1_meshes/parking_space.jpg
[2.299s] -- Installing: /home/thelegend442/faxic/RINS-kappa/workspace/install/dis_tutorial3/share/dis_tutorial3//worlds/demo1_meshes/qr1.jpg
[2.300s] -- Installing: /home/thelegend442/faxic/RINS-kappa/workspace/install/dis_tutorial3/share/dis_tutorial3//worlds/demo1_meshes/person2.png
[2.301s] -- Installing: /home/thelegend442/faxic/RINS-kappa/workspace/install/dis_tutorial3/share/dis_tutorial3//worlds/demo1_meshes/objects.jpg
[2.301s] -- Installing: /home/thelegend442/faxic/RINS-kappa/workspace/install/dis_tutorial3/share/dis_tutorial3//worlds/demo1_meshes/fakering2.jpg
[2.303s] -- Installing: /home/thelegend442/faxic/RINS-kappa/workspace/install/dis_tutorial3/share/dis_tutorial3//worlds/demo1_meshes/qr2.jpg
[2.307s] -- Installing: /home/thelegend442/faxic/RINS-kappa/workspace/install/dis_tutorial3/share/dis_tutorial3//worlds/demo1_meshes/ground.jpg
[2.307s] -- Installing: /home/thelegend442/faxic/RINS-kappa/workspace/install/dis_tutorial3/share/dis_tutorial3//worlds/demo1_meshes/fakering3.jpg
[2.308s] -- Installing: /home/thelegend442/faxic/RINS-kappa/workspace/install/dis_tutorial3/share/dis_tutorial3//worlds/demo1_meshes/cylinders.jpg
[2.308s] -- Installing: /home/thelegend442/faxic/RINS-kappa/workspace/install/dis_tutorial3/share/dis_tutorial3//worlds/demo1_meshes/person4.png
[2.309s] -- Installing: /home/thelegend442/faxic/RINS-kappa/workspace/install/dis_tutorial3/share/dis_tutorial3//worlds/demo1_meshes/map.dae
[2.311s] -- Installing: /home/thelegend442/faxic/RINS-kappa/workspace/install/dis_tutorial3/share/dis_tutorial3//worlds/demo1_meshes/person11.png
[2.312s] -- Installing: /home/thelegend442/faxic/RINS-kappa/workspace/install/dis_tutorial3/share/dis_tutorial3//worlds/demo1_meshes/person1.png
[2.313s] -- Installing: /home/thelegend442/faxic/RINS-kappa/workspace/install/dis_tutorial3/share/dis_tutorial3//worlds/dis.sdf
[2.313s] -- Installing: /home/thelegend442/faxic/RINS-kappa/workspace/install/dis_tutorial3/share/dis_tutorial3//worlds/task2_demo2.sdf
[2.314s] -- Installing: /home/thelegend442/faxic/RINS-kappa/workspace/install/dis_tutorial3/share/dis_tutorial3//maps
[2.314s] -- Installing: /home/thelegend442/faxic/RINS-kappa/workspace/install/dis_tutorial3/share/dis_tutorial3//maps/map.pgm
[2.314s] -- Installing: /home/thelegend442/faxic/RINS-kappa/workspace/install/dis_tutorial3/share/dis_tutorial3//maps/map.yaml
[2.314s] -- Installing: /home/thelegend442/faxic/RINS-kappa/workspace/install/dis_tutorial3/lib/dis_tutorial3/detect_people.py
[2.314s] -- Installing: /home/thelegend442/faxic/RINS-kappa/workspace/install/dis_tutorial3/lib/dis_tutorial3/robot_commander.py
[2.315s] -- Installing: /home/thelegend442/faxic/RINS-kappa/workspace/install/dis_tutorial3/lib/dis_tutorial3/save_faces.py
[2.315s] -- Installing: /home/thelegend442/faxic/RINS-kappa/workspace/install/dis_tutorial3/share/ament_index/resource_index/package_run_dependencies/dis_tutorial3
[2.315s] -- Installing: /home/thelegend442/faxic/RINS-kappa/workspace/install/dis_tutorial3/share/ament_index/resource_index/parent_prefix_path/dis_tutorial3
[2.315s] -- Installing: /home/thelegend442/faxic/RINS-kappa/workspace/install/dis_tutorial3/share/dis_tutorial3/environment/ament_prefix_path.sh
[2.315s] -- Installing: /home/thelegend442/faxic/RINS-kappa/workspace/install/dis_tutorial3/share/dis_tutorial3/environment/ament_prefix_path.dsv
[2.316s] -- Installing: /home/thelegend442/faxic/RINS-kappa/workspace/install/dis_tutorial3/share/dis_tutorial3/environment/path.sh
[2.316s] -- Installing: /home/thelegend442/faxic/RINS-kappa/workspace/install/dis_tutorial3/share/dis_tutorial3/environment/path.dsv
[2.316s] -- Installing: /home/thelegend442/faxic/RINS-kappa/workspace/install/dis_tutorial3/share/dis_tutorial3/local_setup.bash
[2.316s] -- Installing: /home/thelegend442/faxic/RINS-kappa/workspace/install/dis_tutorial3/share/dis_tutorial3/local_setup.sh
[2.316s] -- Installing: /home/thelegend442/faxic/RINS-kappa/workspace/install/dis_tutorial3/share/dis_tutorial3/local_setup.zsh
[2.316s] -- Installing: /home/thelegend442/faxic/RINS-kappa/workspace/install/dis_tutorial3/share/dis_tutorial3/local_setup.dsv
[2.316s] -- Installing: /home/thelegend442/faxic/RINS-kappa/workspace/install/dis_tutorial3/share/dis_tutorial3/package.dsv
[2.317s] -- Installing: /home/thelegend442/faxic/RINS-kappa/workspace/install/dis_tutorial3/share/ament_index/resource_index/packages/dis_tutorial3
[2.317s] -- Installing: /home/thelegend442/faxic/RINS-kappa/workspace/install/dis_tutorial3/share/dis_tutorial3/cmake/dis_tutorial3Config.cmake
[2.317s] -- Installing: /home/thelegend442/faxic/RINS-kappa/workspace/install/dis_tutorial3/share/dis_tutorial3/cmake/dis_tutorial3Config-version.cmake
[2.317s] -- Installing: /home/thelegend442/faxic/RINS-kappa/workspace/install/dis_tutorial3/share/dis_tutorial3/package.xml
[2.325s] Invoked command in '/home/thelegend442/faxic/RINS-kappa/workspace/build/dis_tutorial3' returned '0': CMAKE_PREFIX_PATH=${CMAKE_PREFIX_PATH}:/home/thelegend442/faxic/RINS-kappa/workspace/install/dis_tutorial2:/opt/ros/humble /usr/bin/cmake --install /home/thelegend442/faxic/RINS-kappa/workspace/build/dis_tutorial3
