[0.241s] Invoking command in '/home/thelegend442/faxic/RINS-kappa/workspace/build/task_2s': CMAKE_PREFIX_PATH=${CMAKE_PREFIX_PATH}:/home/thelegend442/faxic/RINS-kappa/workspace/install/task_2s:/home/thelegend442/faxic/RINS-kappa/workspace/install/dis_tutorial2:/opt/ros/humble /usr/bin/cmake --build /home/thelegend442/faxic/RINS-kappa/workspace/build/task_2s -- -j16 -l16
[0.380s] Invoked command in '/home/thelegend442/faxic/RINS-kappa/workspace/build/task_2s' returned '0': CMAKE_PREFIX_PATH=${CMAKE_PREFIX_PATH}:/home/thelegend442/faxic/RINS-kappa/workspace/install/task_2s:/home/thelegend442/faxic/RINS-kappa/workspace/install/dis_tutorial2:/opt/ros/humble /usr/bin/cmake --build /home/thelegend442/faxic/RINS-kappa/workspace/build/task_2s -- -j16 -l16
[0.381s] Invoking command in '/home/thelegend442/faxic/RINS-kappa/workspace/build/task_2s': CMAKE_PREFIX_PATH=${CMAKE_PREFIX_PATH}:/home/thelegend442/faxic/RINS-kappa/workspace/install/task_2s:/home/thelegend442/faxic/RINS-kappa/workspace/install/dis_tutorial2:/opt/ros/humble /usr/bin/cmake --install /home/thelegend442/faxic/RINS-kappa/workspace/build/task_2s
[0.415s] -- Install configuration: ""
[0.416s] -- Up-to-date: /home/thelegend442/faxic/RINS-kappa/workspace/install/task_2s/share/task_2s//launch
[0.416s] -- Up-to-date: /home/thelegend442/faxic/RINS-kappa/workspace/install/task_2s/share/task_2s//launch/dis_sim.launch.py
[0.416s] -- Up-to-date: /home/thelegend442/faxic/RINS-kappa/workspace/install/task_2s/share/task_2s//launch/nav2.launch.py
[0.416s] -- Up-to-date: /home/thelegend442/faxic/RINS-kappa/workspace/install/task_2s/share/task_2s//launch/sim_turtlebot_slam.launch.py
[0.416s] -- Up-to-date: /home/thelegend442/faxic/RINS-kappa/workspace/install/task_2s/share/task_2s//launch/slam.launch.py
[0.416s] -- Up-to-date: /home/thelegend442/faxic/RINS-kappa/workspace/install/task_2s/share/task_2s//launch/detect.py
[0.416s] -- Installing: /home/thelegend442/faxic/RINS-kappa/workspace/install/task_2s/share/task_2s//launch/rviz_gazebo.launch.py
[0.416s] -- Up-to-date: /home/thelegend442/faxic/RINS-kappa/workspace/install/task_2s/share/task_2s//launch/create3_nodes.launch.py
[0.416s] -- Up-to-date: /home/thelegend442/faxic/RINS-kappa/workspace/install/task_2s/share/task_2s//launch/ignition.launch.py
[0.416s] -- Up-to-date: /home/thelegend442/faxic/RINS-kappa/workspace/install/task_2s/share/task_2s//launch/turtlebot4_spawn.launch.py
[0.416s] -- Up-to-date: /home/thelegend442/faxic/RINS-kappa/workspace/install/task_2s/share/task_2s//launch/sim_turtlebot_nav.launch.py
[0.416s] -- Up-to-date: /home/thelegend442/faxic/RINS-kappa/workspace/install/task_2s/share/task_2s//launch/turtlebot4_spawn_nav.launch.py
[0.416s] -- Up-to-date: /home/thelegend442/faxic/RINS-kappa/workspace/install/task_2s/share/task_2s//launch/localization.launch.py
[0.416s] -- Up-to-date: /home/thelegend442/faxic/RINS-kappa/workspace/install/task_2s/share/task_2s//config
[0.417s] -- Up-to-date: /home/thelegend442/faxic/RINS-kappa/workspace/install/task_2s/share/task_2s//config/laser_filter_chain.yaml
[0.417s] -- Up-to-date: /home/thelegend442/faxic/RINS-kappa/workspace/install/task_2s/share/task_2s//config/nav2.yaml
[0.417s] -- Up-to-date: /home/thelegend442/faxic/RINS-kappa/workspace/install/task_2s/share/task_2s//config/slam.yaml
[0.417s] -- Up-to-date: /home/thelegend442/faxic/RINS-kappa/workspace/install/task_2s/share/task_2s//config/localization.yaml
[0.417s] -- Up-to-date: /home/thelegend442/faxic/RINS-kappa/workspace/install/task_2s/share/task_2s//worlds
[0.417s] -- Up-to-date: /home/thelegend442/faxic/RINS-kappa/workspace/install/task_2s/share/task_2s//worlds/demo4.sdf
[0.417s] -- Up-to-date: /home/thelegend442/faxic/RINS-kappa/workspace/install/task_2s/share/task_2s//worlds/demo3_meshes
[0.418s] -- Up-to-date: /home/thelegend442/faxic/RINS-kappa/workspace/install/task_2s/share/task_2s//worlds/demo3_meshes/map_colliders.dae
[0.418s] -- Up-to-date: /home/thelegend442/faxic/RINS-kappa/workspace/install/task_2s/share/task_2s//worlds/demo3_meshes/fakering1.jpg
[0.418s] -- Up-to-date: /home/thelegend442/faxic/RINS-kappa/workspace/install/task_2s/share/task_2s//worlds/demo3_meshes/parking_space.jpg
[0.418s] -- Up-to-date: /home/thelegend442/faxic/RINS-kappa/workspace/install/task_2s/share/task_2s//worlds/demo3_meshes/person15.png
[0.418s] -- Up-to-date: /home/thelegend442/faxic/RINS-kappa/workspace/install/task_2s/share/task_2s//worlds/demo3_meshes/green.jpg
[0.418s] -- Up-to-date: /home/thelegend442/faxic/RINS-kappa/workspace/install/task_2s/share/task_2s//worlds/demo3_meshes/qr1.jpg
[0.418s] -- Up-to-date: /home/thelegend442/faxic/RINS-kappa/workspace/install/task_2s/share/task_2s//worlds/demo3_meshes/person17.png
[0.418s] -- Up-to-date: /home/thelegend442/faxic/RINS-kappa/workspace/install/task_2s/share/task_2s//worlds/demo3_meshes/objects.jpg
[0.418s] -- Up-to-date: /home/thelegend442/faxic/RINS-kappa/workspace/install/task_2s/share/task_2s//worlds/demo3_meshes/fakering2.jpg
[0.418s] -- Up-to-date: /home/thelegend442/faxic/RINS-kappa/workspace/install/task_2s/share/task_2s//worlds/demo3_meshes/qr2.jpg
[0.418s] -- Up-to-date: /home/thelegend442/faxic/RINS-kappa/workspace/install/task_2s/share/task_2s//worlds/demo3_meshes/ground.jpg
[0.419s] -- Up-to-date: /home/thelegend442/faxic/RINS-kappa/workspace/install/task_2s/share/task_2s//worlds/demo3_meshes/blue.jpg
[0.429s] -- Up-to-date: /home/thelegend442/faxic/RINS-kappa/workspace/install/task_2s/share/task_2s//worlds/demo3_meshes/fakering3.jpg
[0.430s] -- Up-to-date: /home/thelegend442/faxic/RINS-kappa/workspace/install/task_2s/share/task_2s//worlds/demo3_meshes/person21.png
[0.430s] -- Up-to-date: /home/thelegend442/faxic/RINS-kappa/workspace/install/task_2s/share/task_2s//worlds/demo3_meshes/person24.png
[0.431s] -- Up-to-date: /home/thelegend442/faxic/RINS-kappa/workspace/install/task_2s/share/task_2s//worlds/demo3_meshes/map.dae
[0.431s] -- Up-to-date: /home/thelegend442/faxic/RINS-kappa/workspace/install/task_2s/share/task_2s//worlds/demo3_meshes/person22.png
[0.431s] -- Up-to-date: /home/thelegend442/faxic/RINS-kappa/workspace/install/task_2s/share/task_2s//worlds/demo3_meshes/red.jpg
[0.431s] -- Up-to-date: /home/thelegend442/faxic/RINS-kappa/workspace/install/task_2s/share/task_2s//worlds/demo3_meshes/yellow.jpg
[0.431s] -- Up-to-date: /home/thelegend442/faxic/RINS-kappa/workspace/install/task_2s/share/task_2s//worlds/demo3_meshes/black.jpg
[0.432s] -- Up-to-date: /home/thelegend442/faxic/RINS-kappa/workspace/install/task_2s/share/task_2s//worlds/demo1.sdf
[0.432s] -- Up-to-date: /home/thelegend442/faxic/RINS-kappa/workspace/install/task_2s/share/task_2s//worlds/2024
[0.432s] -- Up-to-date: /home/thelegend442/faxic/RINS-kappa/workspace/install/task_2s/share/task_2s//worlds/2024/task2_demo1.sdf
[0.432s] -- Up-to-date: /home/thelegend442/faxic/RINS-kappa/workspace/install/task_2s/share/task_2s//worlds/2024/task3_meshes
[0.432s] -- Up-to-date: /home/thelegend442/faxic/RINS-kappa/workspace/install/task_2s/share/task_2s//worlds/2024/task3_meshes/map_colliders.dae
[0.432s] -- Up-to-date: /home/thelegend442/faxic/RINS-kappa/workspace/install/task_2s/share/task_2s//worlds/2024/task3_meshes/fakering1.jpg
[0.432s] -- Up-to-date: /home/thelegend442/faxic/RINS-kappa/workspace/install/task_2s/share/task_2s//worlds/2024/task3_meshes/parking_space.jpg
[0.432s] -- Up-to-date: /home/thelegend442/faxic/RINS-kappa/workspace/install/task_2s/share/task_2s//worlds/2024/task3_meshes/villager4.png
[0.432s] -- Up-to-date: /home/thelegend442/faxic/RINS-kappa/workspace/install/task_2s/share/task_2s//worlds/2024/task3_meshes/qr_cheat.png
[0.432s] -- Up-to-date: /home/thelegend442/faxic/RINS-kappa/workspace/install/task_2s/share/task_2s//worlds/2024/task3_meshes/anomona_4.png
[0.432s] -- Up-to-date: /home/thelegend442/faxic/RINS-kappa/workspace/install/task_2s/share/task_2s//worlds/2024/task3_meshes/mona.png
[0.432s] -- Up-to-date: /home/thelegend442/faxic/RINS-kappa/workspace/install/task_2s/share/task_2s//worlds/2024/task3_meshes/villager1.png
[0.433s] -- Up-to-date: /home/thelegend442/faxic/RINS-kappa/workspace/install/task_2s/share/task_2s//worlds/2024/task3_meshes/objects.jpg
[0.433s] -- Up-to-date: /home/thelegend442/faxic/RINS-kappa/workspace/install/task_2s/share/task_2s//worlds/2024/task3_meshes/fakering2.jpg
[0.433s] -- Up-to-date: /home/thelegend442/faxic/RINS-kappa/workspace/install/task_2s/share/task_2s//worlds/2024/task3_meshes/easy_anomona_0.png
[0.433s] -- Up-to-date: /home/thelegend442/faxic/RINS-kappa/workspace/install/task_2s/share/task_2s//worlds/2024/task3_meshes/villager3.png
[0.433s] -- Up-to-date: /home/thelegend442/faxic/RINS-kappa/workspace/install/task_2s/share/task_2s//worlds/2024/task3_meshes/qr_url.png
[0.433s] -- Up-to-date: /home/thelegend442/faxic/RINS-kappa/workspace/install/task_2s/share/task_2s//worlds/2024/task3_meshes/ground.jpg
[0.433s] -- Up-to-date: /home/thelegend442/faxic/RINS-kappa/workspace/install/task_2s/share/task_2s//worlds/2024/task3_meshes/villager5.png
[0.433s] -- Up-to-date: /home/thelegend442/faxic/RINS-kappa/workspace/install/task_2s/share/task_2s//worlds/2024/task3_meshes/fakering3.jpg
[0.433s] -- Up-to-date: /home/thelegend442/faxic/RINS-kappa/workspace/install/task_2s/share/task_2s//worlds/2024/task3_meshes/cylinders.jpg
[0.433s] -- Up-to-date: /home/thelegend442/faxic/RINS-kappa/workspace/install/task_2s/share/task_2s//worlds/2024/task3_meshes/easy_anomona_1.png
[0.433s] -- Up-to-date: /home/thelegend442/faxic/RINS-kappa/workspace/install/task_2s/share/task_2s//worlds/2024/task3_meshes/anomona_3.png
[0.433s] -- Up-to-date: /home/thelegend442/faxic/RINS-kappa/workspace/install/task_2s/share/task_2s//worlds/2024/task3_meshes/easy_anomona_3.png
[0.433s] -- Up-to-date: /home/thelegend442/faxic/RINS-kappa/workspace/install/task_2s/share/task_2s//worlds/2024/task3_meshes/anomona_1.png
[0.434s] -- Up-to-date: /home/thelegend442/faxic/RINS-kappa/workspace/install/task_2s/share/task_2s//worlds/2024/task3_meshes/map.dae
[0.434s] -- Up-to-date: /home/thelegend442/faxic/RINS-kappa/workspace/install/task_2s/share/task_2s//worlds/2024/task3_meshes/villager2.png
[0.434s] -- Up-to-date: /home/thelegend442/faxic/RINS-kappa/workspace/install/task_2s/share/task_2s//worlds/2024/task3_meshes/anomona_0.png
[0.434s] -- Up-to-date: /home/thelegend442/faxic/RINS-kappa/workspace/install/task_2s/share/task_2s//worlds/2024/task3_meshes/anomona_2.png
[0.434s] -- Up-to-date: /home/thelegend442/faxic/RINS-kappa/workspace/install/task_2s/share/task_2s//worlds/2024/task3_meshes/easy_anomona_2.png
[0.434s] -- Up-to-date: /home/thelegend442/faxic/RINS-kappa/workspace/install/task_2s/share/task_2s//worlds/2024/task3_meshes/easy_anomona_4.png
[0.435s] -- Up-to-date: /home/thelegend442/faxic/RINS-kappa/workspace/install/task_2s/share/task_2s//worlds/2024/task3_meshes/qr_wrong.png
[0.435s] -- Up-to-date: /home/thelegend442/faxic/RINS-kappa/workspace/install/task_2s/share/task_2s//worlds/2024/task3.sdf
[0.435s] -- Up-to-date: /home/thelegend442/faxic/RINS-kappa/workspace/install/task_2s/share/task_2s//worlds/2024/task2_demo2_meshes
[0.435s] -- Up-to-date: /home/thelegend442/faxic/RINS-kappa/workspace/install/task_2s/share/task_2s//worlds/2024/task2_demo2_meshes/map_colliders.dae
[0.435s] -- Up-to-date: /home/thelegend442/faxic/RINS-kappa/workspace/install/task_2s/share/task_2s//worlds/2024/task2_demo2_meshes/fakering1.jpg
[0.435s] -- Up-to-date: /home/thelegend442/faxic/RINS-kappa/workspace/install/task_2s/share/task_2s//worlds/2024/task2_demo2_meshes/parking_space.jpg
[0.435s] -- Up-to-date: /home/thelegend442/faxic/RINS-kappa/workspace/install/task_2s/share/task_2s//worlds/2024/task2_demo2_meshes/objects.jpg
[0.435s] -- Up-to-date: /home/thelegend442/faxic/RINS-kappa/workspace/install/task_2s/share/task_2s//worlds/2024/task2_demo2_meshes/fakering2.jpg
[0.436s] -- Up-to-date: /home/thelegend442/faxic/RINS-kappa/workspace/install/task_2s/share/task_2s//worlds/2024/task2_demo2_meshes/ground.jpg
[0.436s] -- Up-to-date: /home/thelegend442/faxic/RINS-kappa/workspace/install/task_2s/share/task_2s//worlds/2024/task2_demo2_meshes/fakering3.jpg
[0.436s] -- Up-to-date: /home/thelegend442/faxic/RINS-kappa/workspace/install/task_2s/share/task_2s//worlds/2024/task2_demo2_meshes/cylinders.jpg
[0.436s] -- Up-to-date: /home/thelegend442/faxic/RINS-kappa/workspace/install/task_2s/share/task_2s//worlds/2024/task2_demo2_meshes/map.dae
[0.436s] -- Up-to-date: /home/thelegend442/faxic/RINS-kappa/workspace/install/task_2s/share/task_2s//worlds/2024/task2_demo1_meshes
[0.436s] -- Up-to-date: /home/thelegend442/faxic/RINS-kappa/workspace/install/task_2s/share/task_2s//worlds/2024/task2_demo1_meshes/map_colliders.dae
[0.436s] -- Up-to-date: /home/thelegend442/faxic/RINS-kappa/workspace/install/task_2s/share/task_2s//worlds/2024/task2_demo1_meshes/fakering1.jpg
[0.436s] -- Up-to-date: /home/thelegend442/faxic/RINS-kappa/workspace/install/task_2s/share/task_2s//worlds/2024/task2_demo1_meshes/parking_space.jpg
[0.436s] -- Up-to-date: /home/thelegend442/faxic/RINS-kappa/workspace/install/task_2s/share/task_2s//worlds/2024/task2_demo1_meshes/objects.jpg
[0.436s] -- Up-to-date: /home/thelegend442/faxic/RINS-kappa/workspace/install/task_2s/share/task_2s//worlds/2024/task2_demo1_meshes/fakering2.jpg
[0.437s] -- Up-to-date: /home/thelegend442/faxic/RINS-kappa/workspace/install/task_2s/share/task_2s//worlds/2024/task2_demo1_meshes/ground.jpg
[0.437s] -- Up-to-date: /home/thelegend442/faxic/RINS-kappa/workspace/install/task_2s/share/task_2s//worlds/2024/task2_demo1_meshes/fakering3.jpg
[0.437s] -- Up-to-date: /home/thelegend442/faxic/RINS-kappa/workspace/install/task_2s/share/task_2s//worlds/2024/task2_demo1_meshes/cylinders.jpg
[0.437s] -- Up-to-date: /home/thelegend442/faxic/RINS-kappa/workspace/install/task_2s/share/task_2s//worlds/2024/task2_demo1_meshes/map.dae
[0.437s] -- Up-to-date: /home/thelegend442/faxic/RINS-kappa/workspace/install/task_2s/share/task_2s//worlds/2024/task2_demo2.sdf
[0.437s] -- Up-to-date: /home/thelegend442/faxic/RINS-kappa/workspace/install/task_2s/share/task_2s//worlds/demo2.sdf
[0.437s] -- Up-to-date: /home/thelegend442/faxic/RINS-kappa/workspace/install/task_2s/share/task_2s//worlds/dis_meshes
[0.437s] -- Up-to-date: /home/thelegend442/faxic/RINS-kappa/workspace/install/task_2s/share/task_2s//worlds/dis_meshes/map_colliders.dae
[0.437s] -- Up-to-date: /home/thelegend442/faxic/RINS-kappa/workspace/install/task_2s/share/task_2s//worlds/dis_meshes/fakering1.jpg
[0.437s] -- Up-to-date: /home/thelegend442/faxic/RINS-kappa/workspace/install/task_2s/share/task_2s//worlds/dis_meshes/parking_space.jpg
[0.438s] -- Up-to-date: /home/thelegend442/faxic/RINS-kappa/workspace/install/task_2s/share/task_2s//worlds/dis_meshes/davinci.jpg
[0.438s] -- Up-to-date: /home/thelegend442/faxic/RINS-kappa/workspace/install/task_2s/share/task_2s//worlds/dis_meshes/qr1.jpg
[0.438s] -- Up-to-date: /home/thelegend442/faxic/RINS-kappa/workspace/install/task_2s/share/task_2s//worlds/dis_meshes/person5.jpg
[0.438s] -- Up-to-date: /home/thelegend442/faxic/RINS-kappa/workspace/install/task_2s/share/task_2s//worlds/dis_meshes/objects.jpg
[0.439s] -- Up-to-date: /home/thelegend442/faxic/RINS-kappa/workspace/install/task_2s/share/task_2s//worlds/dis_meshes/fakering2.jpg
[0.439s] -- Up-to-date: /home/thelegend442/faxic/RINS-kappa/workspace/install/task_2s/share/task_2s//worlds/dis_meshes/wood.jpg
[0.439s] -- Up-to-date: /home/thelegend442/faxic/RINS-kappa/workspace/install/task_2s/share/task_2s//worlds/dis_meshes/person4.jpg
[0.439s] -- Up-to-date: /home/thelegend442/faxic/RINS-kappa/workspace/install/task_2s/share/task_2s//worlds/dis_meshes/person2.jpg
[0.439s] -- Up-to-date: /home/thelegend442/faxic/RINS-kappa/workspace/install/task_2s/share/task_2s//worlds/dis_meshes/qr2.jpg
[0.440s] -- Up-to-date: /home/thelegend442/faxic/RINS-kappa/workspace/install/task_2s/share/task_2s//worlds/dis_meshes/person1.jpg
[0.440s] -- Up-to-date: /home/thelegend442/faxic/RINS-kappa/workspace/install/task_2s/share/task_2s//worlds/dis_meshes/ground.jpg
[0.440s] -- Up-to-date: /home/thelegend442/faxic/RINS-kappa/workspace/install/task_2s/share/task_2s//worlds/dis_meshes/fakering3.jpg
[0.440s] -- Up-to-date: /home/thelegend442/faxic/RINS-kappa/workspace/install/task_2s/share/task_2s//worlds/dis_meshes/cylinders.jpg
[0.440s] -- Up-to-date: /home/thelegend442/faxic/RINS-kappa/workspace/install/task_2s/share/task_2s//worlds/dis_meshes/map.dae
[0.440s] -- Up-to-date: /home/thelegend442/faxic/RINS-kappa/workspace/install/task_2s/share/task_2s//worlds/dis_meshes/person3.jpg
[0.440s] -- Up-to-date: /home/thelegend442/faxic/RINS-kappa/workspace/install/task_2s/share/task_2s//worlds/dis_meshes/mona1.jpg
[0.440s] -- Up-to-date: /home/thelegend442/faxic/RINS-kappa/workspace/install/task_2s/share/task_2s//worlds/empty.sdf
[0.441s] -- Up-to-date: /home/thelegend442/faxic/RINS-kappa/workspace/install/task_2s/share/task_2s//worlds/demo3.sdf
[0.441s] -- Up-to-date: /home/thelegend442/faxic/RINS-kappa/workspace/install/task_2s/share/task_2s//worlds/demo2_meshes
[0.441s] -- Up-to-date: /home/thelegend442/faxic/RINS-kappa/workspace/install/task_2s/share/task_2s//worlds/demo2_meshes/map_colliders.dae
[0.441s] -- Up-to-date: /home/thelegend442/faxic/RINS-kappa/workspace/install/task_2s/share/task_2s//worlds/demo2_meshes/fakering1.jpg
[0.441s] -- Up-to-date: /home/thelegend442/faxic/RINS-kappa/workspace/install/task_2s/share/task_2s//worlds/demo2_meshes/parking_space.jpg
[0.441s] -- Up-to-date: /home/thelegend442/faxic/RINS-kappa/workspace/install/task_2s/share/task_2s//worlds/demo2_meshes/qr1.jpg
[0.441s] -- Up-to-date: /home/thelegend442/faxic/RINS-kappa/workspace/install/task_2s/share/task_2s//worlds/demo2_meshes/person18.png
[0.441s] -- Up-to-date: /home/thelegend442/faxic/RINS-kappa/workspace/install/task_2s/share/task_2s//worlds/demo2_meshes/objects.jpg
[0.442s] -- Up-to-date: /home/thelegend442/faxic/RINS-kappa/workspace/install/task_2s/share/task_2s//worlds/demo2_meshes/fakering2.jpg
[0.442s] -- Up-to-date: /home/thelegend442/faxic/RINS-kappa/workspace/install/task_2s/share/task_2s//worlds/demo2_meshes/qr2.jpg
[0.442s] -- Up-to-date: /home/thelegend442/faxic/RINS-kappa/workspace/install/task_2s/share/task_2s//worlds/demo2_meshes/ground.jpg
[0.442s] -- Up-to-date: /home/thelegend442/faxic/RINS-kappa/workspace/install/task_2s/share/task_2s//worlds/demo2_meshes/person7.png
[0.442s] -- Up-to-date: /home/thelegend442/faxic/RINS-kappa/workspace/install/task_2s/share/task_2s//worlds/demo2_meshes/fakering3.jpg
[0.444s] -- Up-to-date: /home/thelegend442/faxic/RINS-kappa/workspace/install/task_2s/share/task_2s//worlds/demo2_meshes/cylinders.jpg
[0.444s] -- Up-to-date: /home/thelegend442/faxic/RINS-kappa/workspace/install/task_2s/share/task_2s//worlds/demo2_meshes/person9.png
[0.444s] -- Up-to-date: /home/thelegend442/faxic/RINS-kappa/workspace/install/task_2s/share/task_2s//worlds/demo2_meshes/person20.png
[0.444s] -- Up-to-date: /home/thelegend442/faxic/RINS-kappa/workspace/install/task_2s/share/task_2s//worlds/demo2_meshes/person8.png
[0.445s] -- Up-to-date: /home/thelegend442/faxic/RINS-kappa/workspace/install/task_2s/share/task_2s//worlds/demo2_meshes/map.dae
[0.445s] -- Up-to-date: /home/thelegend442/faxic/RINS-kappa/workspace/install/task_2s/share/task_2s//worlds/demo2_meshes/person6.png
[0.445s] -- Up-to-date: /home/thelegend442/faxic/RINS-kappa/workspace/install/task_2s/share/task_2s//worlds/task1.sdf
[0.445s] -- Up-to-date: /home/thelegend442/faxic/RINS-kappa/workspace/install/task_2s/share/task_2s//worlds/demo1_meshes
[0.445s] -- Up-to-date: /home/thelegend442/faxic/RINS-kappa/workspace/install/task_2s/share/task_2s//worlds/demo1_meshes/map_colliders.dae
[0.445s] -- Up-to-date: /home/thelegend442/faxic/RINS-kappa/workspace/install/task_2s/share/task_2s//worlds/demo1_meshes/person3.png
[0.445s] -- Up-to-date: /home/thelegend442/faxic/RINS-kappa/workspace/install/task_2s/share/task_2s//worlds/demo1_meshes/fakering1.jpg
[0.445s] -- Up-to-date: /home/thelegend442/faxic/RINS-kappa/workspace/install/task_2s/share/task_2s//worlds/demo1_meshes/person5.png
[0.445s] -- Up-to-date: /home/thelegend442/faxic/RINS-kappa/workspace/install/task_2s/share/task_2s//worlds/demo1_meshes/parking_space.jpg
[0.445s] -- Up-to-date: /home/thelegend442/faxic/RINS-kappa/workspace/install/task_2s/share/task_2s//worlds/demo1_meshes/qr1.jpg
[0.445s] -- Up-to-date: /home/thelegend442/faxic/RINS-kappa/workspace/install/task_2s/share/task_2s//worlds/demo1_meshes/person2.png
[0.446s] -- Up-to-date: /home/thelegend442/faxic/RINS-kappa/workspace/install/task_2s/share/task_2s//worlds/demo1_meshes/objects.jpg
[0.446s] -- Up-to-date: /home/thelegend442/faxic/RINS-kappa/workspace/install/task_2s/share/task_2s//worlds/demo1_meshes/fakering2.jpg
[0.446s] -- Up-to-date: /home/thelegend442/faxic/RINS-kappa/workspace/install/task_2s/share/task_2s//worlds/demo1_meshes/qr2.jpg
[0.446s] -- Up-to-date: /home/thelegend442/faxic/RINS-kappa/workspace/install/task_2s/share/task_2s//worlds/demo1_meshes/ground.jpg
[0.446s] -- Up-to-date: /home/thelegend442/faxic/RINS-kappa/workspace/install/task_2s/share/task_2s//worlds/demo1_meshes/fakering3.jpg
[0.446s] -- Up-to-date: /home/thelegend442/faxic/RINS-kappa/workspace/install/task_2s/share/task_2s//worlds/demo1_meshes/cylinders.jpg
[0.446s] -- Up-to-date: /home/thelegend442/faxic/RINS-kappa/workspace/install/task_2s/share/task_2s//worlds/demo1_meshes/person4.png
[0.446s] -- Up-to-date: /home/thelegend442/faxic/RINS-kappa/workspace/install/task_2s/share/task_2s//worlds/demo1_meshes/map.dae
[0.446s] -- Up-to-date: /home/thelegend442/faxic/RINS-kappa/workspace/install/task_2s/share/task_2s//worlds/demo1_meshes/person11.png
[0.446s] -- Up-to-date: /home/thelegend442/faxic/RINS-kappa/workspace/install/task_2s/share/task_2s//worlds/demo1_meshes/person1.png
[0.447s] -- Up-to-date: /home/thelegend442/faxic/RINS-kappa/workspace/install/task_2s/share/task_2s//worlds/dis.sdf
[0.447s] -- Up-to-date: /home/thelegend442/faxic/RINS-kappa/workspace/install/task_2s/share/task_2s//worlds/demo4_meshes
[0.447s] -- Up-to-date: /home/thelegend442/faxic/RINS-kappa/workspace/install/task_2s/share/task_2s//worlds/demo4_meshes/map_colliders.dae
[0.447s] -- Up-to-date: /home/thelegend442/faxic/RINS-kappa/workspace/install/task_2s/share/task_2s//worlds/demo4_meshes/fakering1.jpg
[0.447s] -- Up-to-date: /home/thelegend442/faxic/RINS-kappa/workspace/install/task_2s/share/task_2s//worlds/demo4_meshes/parking_space.jpg
[0.447s] -- Up-to-date: /home/thelegend442/faxic/RINS-kappa/workspace/install/task_2s/share/task_2s//worlds/demo4_meshes/green.jpg
[0.447s] -- Up-to-date: /home/thelegend442/faxic/RINS-kappa/workspace/install/task_2s/share/task_2s//worlds/demo4_meshes/qr1.jpg
[0.447s] -- Up-to-date: /home/thelegend442/faxic/RINS-kappa/workspace/install/task_2s/share/task_2s//worlds/demo4_meshes/objects.jpg
[0.448s] -- Up-to-date: /home/thelegend442/faxic/RINS-kappa/workspace/install/task_2s/share/task_2s//worlds/demo4_meshes/fakering2.jpg
[0.449s] -- Up-to-date: /home/thelegend442/faxic/RINS-kappa/workspace/install/task_2s/share/task_2s//worlds/demo4_meshes/person3.png.001.png
[0.449s] -- Up-to-date: /home/thelegend442/faxic/RINS-kappa/workspace/install/task_2s/share/task_2s//worlds/demo4_meshes/qr2.jpg
[0.449s] -- Up-to-date: /home/thelegend442/faxic/RINS-kappa/workspace/install/task_2s/share/task_2s//worlds/demo4_meshes/ground.jpg
[0.449s] -- Up-to-date: /home/thelegend442/faxic/RINS-kappa/workspace/install/task_2s/share/task_2s//worlds/demo4_meshes/blue.jpg
[0.449s] -- Up-to-date: /home/thelegend442/faxic/RINS-kappa/workspace/install/task_2s/share/task_2s//worlds/demo4_meshes/fakering3.jpg
[0.450s] -- Up-to-date: /home/thelegend442/faxic/RINS-kappa/workspace/install/task_2s/share/task_2s//worlds/demo4_meshes/person13.png
[0.450s] -- Up-to-date: /home/thelegend442/faxic/RINS-kappa/workspace/install/task_2s/share/task_2s//worlds/demo4_meshes/person4.png.001.png
[0.450s] -- Up-to-date: /home/thelegend442/faxic/RINS-kappa/workspace/install/task_2s/share/task_2s//worlds/demo4_meshes/person2.png.001.png
[0.450s] -- Up-to-date: /home/thelegend442/faxic/RINS-kappa/workspace/install/task_2s/share/task_2s//worlds/demo4_meshes/map.dae
[0.450s] -- Up-to-date: /home/thelegend442/faxic/RINS-kappa/workspace/install/task_2s/share/task_2s//worlds/demo4_meshes/person5.png.001.png
[0.450s] -- Up-to-date: /home/thelegend442/faxic/RINS-kappa/workspace/install/task_2s/share/task_2s//worlds/demo4_meshes/red.jpg
[0.450s] -- Up-to-date: /home/thelegend442/faxic/RINS-kappa/workspace/install/task_2s/share/task_2s//worlds/demo4_meshes/person6.png
[0.450s] -- Up-to-date: /home/thelegend442/faxic/RINS-kappa/workspace/install/task_2s/share/task_2s//worlds/demo4_meshes/yellow.jpg
[0.450s] -- Up-to-date: /home/thelegend442/faxic/RINS-kappa/workspace/install/task_2s/share/task_2s//worlds/demo4_meshes/black.jpg
[0.450s] -- Up-to-date: /home/thelegend442/faxic/RINS-kappa/workspace/install/task_2s/share/task_2s//worlds/task1_meshes
[0.450s] -- Up-to-date: /home/thelegend442/faxic/RINS-kappa/workspace/install/task_2s/share/task_2s//worlds/task1_meshes/map_colliders.dae
[0.450s] -- Up-to-date: /home/thelegend442/faxic/RINS-kappa/workspace/install/task_2s/share/task_2s//worlds/task1_meshes/fakering1.jpg
[0.451s] -- Up-to-date: /home/thelegend442/faxic/RINS-kappa/workspace/install/task_2s/share/task_2s//worlds/task1_meshes/parking_space.jpg
[0.451s] -- Up-to-date: /home/thelegend442/faxic/RINS-kappa/workspace/install/task_2s/share/task_2s//worlds/task1_meshes/green.jpg
[0.451s] -- Up-to-date: /home/thelegend442/faxic/RINS-kappa/workspace/install/task_2s/share/task_2s//worlds/task1_meshes/qr1.jpg
[0.451s] -- Up-to-date: /home/thelegend442/faxic/RINS-kappa/workspace/install/task_2s/share/task_2s//worlds/task1_meshes/objects.jpg
[0.451s] -- Up-to-date: /home/thelegend442/faxic/RINS-kappa/workspace/install/task_2s/share/task_2s//worlds/task1_meshes/fakering2.jpg
[0.451s] -- Up-to-date: /home/thelegend442/faxic/RINS-kappa/workspace/install/task_2s/share/task_2s//worlds/task1_meshes/person3.png.001.png
[0.451s] -- Up-to-date: /home/thelegend442/faxic/RINS-kappa/workspace/install/task_2s/share/task_2s//worlds/task1_meshes/qr2.jpg
[0.451s] -- Up-to-date: /home/thelegend442/faxic/RINS-kappa/workspace/install/task_2s/share/task_2s//worlds/task1_meshes/ground.jpg
[0.451s] -- Up-to-date: /home/thelegend442/faxic/RINS-kappa/workspace/install/task_2s/share/task_2s//worlds/task1_meshes/blue.jpg
[0.451s] -- Up-to-date: /home/thelegend442/faxic/RINS-kappa/workspace/install/task_2s/share/task_2s//worlds/task1_meshes/fakering3.jpg
[0.452s] -- Up-to-date: /home/thelegend442/faxic/RINS-kappa/workspace/install/task_2s/share/task_2s//worlds/task1_meshes/person13.png
[0.452s] -- Up-to-date: /home/thelegend442/faxic/RINS-kappa/workspace/install/task_2s/share/task_2s//worlds/task1_meshes/person8.png
[0.452s] -- Up-to-date: /home/thelegend442/faxic/RINS-kappa/workspace/install/task_2s/share/task_2s//worlds/task1_meshes/person2.png.001.png
[0.452s] -- Up-to-date: /home/thelegend442/faxic/RINS-kappa/workspace/install/task_2s/share/task_2s//worlds/task1_meshes/map.dae
[0.452s] -- Up-to-date: /home/thelegend442/faxic/RINS-kappa/workspace/install/task_2s/share/task_2s//worlds/task1_meshes/person5.png.001.png
[0.452s] -- Up-to-date: /home/thelegend442/faxic/RINS-kappa/workspace/install/task_2s/share/task_2s//worlds/task1_meshes/red.jpg
[0.452s] -- Up-to-date: /home/thelegend442/faxic/RINS-kappa/workspace/install/task_2s/share/task_2s//worlds/task1_meshes/person6.png
[0.452s] -- Up-to-date: /home/thelegend442/faxic/RINS-kappa/workspace/install/task_2s/share/task_2s//worlds/task1_meshes/yellow.jpg
[0.452s] -- Up-to-date: /home/thelegend442/faxic/RINS-kappa/workspace/install/task_2s/share/task_2s//worlds/task1_meshes/black.jpg
[0.452s] -- Up-to-date: /home/thelegend442/faxic/RINS-kappa/workspace/install/task_2s/share/task_2s//maps
[0.453s] -- Up-to-date: /home/thelegend442/faxic/RINS-kappa/workspace/install/task_2s/share/task_2s//maps/t1r_map.pgm
[0.453s] -- Installing: /home/thelegend442/faxic/RINS-kappa/workspace/install/task_2s/share/task_2s//maps/bird_map.yaml
[0.453s] -- Installing: /home/thelegend442/faxic/RINS-kappa/workspace/install/task_2s/share/task_2s//maps/bird_map.pgm
[0.453s] -- Up-to-date: /home/thelegend442/faxic/RINS-kappa/workspace/install/task_2s/share/task_2s//maps/t1r_map.yaml
[0.453s] -- Up-to-date: /home/thelegend442/faxic/RINS-kappa/workspace/install/task_2s/share/task_2s//maps/map.pgm
[0.453s] -- Up-to-date: /home/thelegend442/faxic/RINS-kappa/workspace/install/task_2s/share/task_2s//maps/map.yaml
[0.453s] -- Up-to-date: /home/thelegend442/faxic/RINS-kappa/workspace/install/task_2s/lib/task_2s/detect_people.py
[0.453s] -- Installing: /home/thelegend442/faxic/RINS-kappa/workspace/install/task_2s/lib/task_2s/robot_commander.py
[0.453s] -- Up-to-date: /home/thelegend442/faxic/RINS-kappa/workspace/install/task_2s/lib/task_2s/save_faces.py
[0.453s] -- Up-to-date: /home/thelegend442/faxic/RINS-kappa/workspace/install/task_2s/lib/task_2s/talker_node.py
[0.453s] -- Up-to-date: /home/thelegend442/faxic/RINS-kappa/workspace/install/task_2s/lib/task_2s/detect_rings_final.py
[0.453s] -- Up-to-date: /home/thelegend442/faxic/RINS-kappa/workspace/install/task_2s/lib/task_2s/save_rings.py
[0.454s] -- Up-to-date: /home/thelegend442/faxic/RINS-kappa/workspace/install/task_2s/lib/task_2s/bridge_follower.py
[0.454s] -- Up-to-date: /home/thelegend442/faxic/RINS-kappa/workspace/install/task_2s/share/ament_index/resource_index/package_run_dependencies/task_2s
[0.454s] -- Up-to-date: /home/thelegend442/faxic/RINS-kappa/workspace/install/task_2s/share/ament_index/resource_index/parent_prefix_path/task_2s
[0.454s] -- Up-to-date: /home/thelegend442/faxic/RINS-kappa/workspace/install/task_2s/share/task_2s/environment/ament_prefix_path.sh
[0.454s] -- Up-to-date: /home/thelegend442/faxic/RINS-kappa/workspace/install/task_2s/share/task_2s/environment/ament_prefix_path.dsv
[0.454s] -- Up-to-date: /home/thelegend442/faxic/RINS-kappa/workspace/install/task_2s/share/task_2s/environment/path.sh
[0.454s] -- Up-to-date: /home/thelegend442/faxic/RINS-kappa/workspace/install/task_2s/share/task_2s/environment/path.dsv
[0.454s] -- Up-to-date: /home/thelegend442/faxic/RINS-kappa/workspace/install/task_2s/share/task_2s/local_setup.bash
[0.454s] -- Up-to-date: /home/thelegend442/faxic/RINS-kappa/workspace/install/task_2s/share/task_2s/local_setup.sh
[0.454s] -- Up-to-date: /home/thelegend442/faxic/RINS-kappa/workspace/install/task_2s/share/task_2s/local_setup.zsh
[0.454s] -- Up-to-date: /home/thelegend442/faxic/RINS-kappa/workspace/install/task_2s/share/task_2s/local_setup.dsv
[0.454s] -- Installing: /home/thelegend442/faxic/RINS-kappa/workspace/install/task_2s/share/task_2s/package.dsv
[0.455s] -- Up-to-date: /home/thelegend442/faxic/RINS-kappa/workspace/install/task_2s/share/ament_index/resource_index/packages/task_2s
[0.455s] -- Up-to-date: /home/thelegend442/faxic/RINS-kappa/workspace/install/task_2s/share/task_2s/cmake/task_2sConfig.cmake
[0.455s] -- Up-to-date: /home/thelegend442/faxic/RINS-kappa/workspace/install/task_2s/share/task_2s/cmake/task_2sConfig-version.cmake
[0.455s] -- Up-to-date: /home/thelegend442/faxic/RINS-kappa/workspace/install/task_2s/share/task_2s/package.xml
[0.470s] Invoked command in '/home/thelegend442/faxic/RINS-kappa/workspace/build/task_2s' returned '0': CMAKE_PREFIX_PATH=${CMAKE_PREFIX_PATH}:/home/thelegend442/faxic/RINS-kappa/workspace/install/task_2s:/home/thelegend442/faxic/RINS-kappa/workspace/install/dis_tutorial2:/opt/ros/humble /usr/bin/cmake --install /home/thelegend442/faxic/RINS-kappa/workspace/build/task_2s
