-- The C compiler identification is GNU 11.4.0
-- The CXX compiler identification is GNU 11.4.0
-- Detecting C compiler ABI info
-- Detecting C compiler ABI info - done
-- Check for working C compiler: /usr/bin/cc - skipped
-- Detecting C compile features
-- Detecting C compile features - done
-- Detecting CXX compiler ABI info
-- Detecting CXX compiler ABI info - done
-- Check for working CXX compiler: /usr/bin/c++ - skipped
-- Detecting CXX compile features
-- Detecting CXX compile features - done
-- Found ament_cmake: 1.3.11 (/opt/ros/humble/share/ament_cmake/cmake)
-- Found Python3: /usr/bin/python3 (found version "3.10.12") found components: Interpreter 
-- Found rclcpp: 16.0.12 (/opt/ros/humble/share/rclcpp/cmake)
-- Found rosidl_generator_c: 3.1.6 (/opt/ros/humble/share/rosidl_generator_c/cmake)
-- Found rosidl_adapter: 3.1.6 (/opt/ros/humble/share/rosidl_adapter/cmake)
-- Found rosidl_generator_cpp: 3.1.6 (/opt/ros/humble/share/rosidl_generator_cpp/cmake)
-- Using all available rosidl_typesupport_c: rosidl_typesupport_fastrtps_c;rosidl_typesupport_introspection_c
-- Using all available rosidl_typesupport_cpp: rosidl_typesupport_fastrtps_cpp;rosidl_typesupport_introspection_cpp
-- Found rmw_implementation_cmake: 6.1.2 (/opt/ros/humble/share/rmw_implementation_cmake/cmake)
-- Found rmw_cyclonedds_cpp: 1.3.4 (/opt/ros/humble/share/rmw_cyclonedds_cpp/cmake)
-- Using RMW implementation 'rmw_cyclonedds_cpp' as default
-- Looking for pthread.h
-- Looking for pthread.h - found
-- Performing Test CMAKE_HAVE_LIBC_PTHREAD
-- Performing Test CMAKE_HAVE_LIBC_PTHREAD - Success
-- Found Threads: TRUE  
-- Found rclpy: 3.3.16 (/opt/ros/humble/share/rclpy/cmake)
-- Found std_srvs: 4.8.0 (/opt/ros/humble/share/std_srvs/cmake)
-- Found rosidl_default_generators: 1.2.0 (/opt/ros/humble/share/rosidl_default_generators/cmake)
-- Found ament_cmake_ros: 0.10.0 (/opt/ros/humble/share/ament_cmake_ros/cmake)
-- Using all available rosidl_typesupport_c: rosidl_typesupport_fastrtps_c;rosidl_typesupport_introspection_c
-- Using all available rosidl_typesupport_cpp: rosidl_typesupport_fastrtps_cpp;rosidl_typesupport_introspection_cpp
-- Found PythonInterp: /usr/bin/python3 (found suitable version "3.10.12", minimum required is "3.6") 
-- Found python_cmake_module: 0.10.0 (/opt/ros/humble/share/python_cmake_module/cmake)
-- Found PythonLibs: /usr/lib/x86_64-linux-gnu/libpython3.10.so (found suitable version "3.10.12", minimum required is "3.5") 
-- Using PYTHON_EXECUTABLE: /usr/bin/python3
-- Using PYTHON_INCLUDE_DIRS: /usr/include/python3.10
-- Using PYTHON_LIBRARIES: /usr/lib/x86_64-linux-gnu/libpython3.10.so
-- Found PythonExtra: .so  
-- Configuring done
-- Generating done
-- Build files have been written to: /home/thelegend442/faxic/RINS-kappa/workspace/build/dis_tutorial1
[  1%] [34m[1mGenerating C code for ROS interfaces[0m
[  6%] [34m[1mGenerating C++ code for ROS interfaces[0m
[  6%] [32mBuilding CXX object CMakeFiles/simple_publisher.dir/src/simple_publisher.cpp.o[0m
[  6%] [32mBuilding CXX object CMakeFiles/simple_set_bool_server_node.dir/src/simple_set_bool_server_node.cpp.o[0m
[  8%] [32mBuilding CXX object CMakeFiles/simple_subscriber.dir/src/simple_subscriber.cpp.o[0m
[  8%] Built target ament_cmake_python_copy_dis_tutorial1
running egg_info
creating dis_tutorial1.egg-info
writing dis_tutorial1.egg-info/PKG-INFO
writing dependency_links to dis_tutorial1.egg-info/dependency_links.txt
writing top-level names to dis_tutorial1.egg-info/top_level.txt
writing manifest file 'dis_tutorial1.egg-info/SOURCES.txt'
reading manifest file 'dis_tutorial1.egg-info/SOURCES.txt'
writing manifest file 'dis_tutorial1.egg-info/SOURCES.txt'
[  8%] Built target ament_cmake_python_build_dis_tutorial1_egg
[ 10%] [32mBuilding C object CMakeFiles/dis_tutorial1__rosidl_generator_c.dir/rosidl_generator_c/dis_tutorial1/msg/detail/custom_message__functions.c.o[0m
[ 11%] [32mBuilding C object CMakeFiles/dis_tutorial1__rosidl_generator_c.dir/rosidl_generator_c/dis_tutorial1/srv/detail/add_two_ints__functions.c.o[0m
[ 13%] [32mBuilding C object CMakeFiles/dis_tutorial1__rosidl_generator_c.dir/rosidl_generator_c/dis_tutorial1/srv/detail/add_array__functions.c.o[0m
[ 13%] Built target dis_tutorial1__cpp
[ 15%] [34m[1mGenerating C++ type support dispatch for ROS interfaces[0m
[ 16%] [34m[1mGenerating C++ type support for eProsima Fast-RTPS[0m
[ 18%] [34m[1mGenerating C++ introspection for ROS interfaces[0m
[ 20%] [32m[1mLinking C shared library libdis_tutorial1__rosidl_generator_c.so[0m
[ 20%] Built target dis_tutorial1__rosidl_generator_c
[ 22%] [34m[1mGenerating C introspection for ROS interfaces[0m
[ 23%] [34m[1mGenerating C type support dispatch for ROS interfaces[0m
[ 25%] [34m[1mGenerating C type support for eProsima Fast-RTPS[0m
[ 27%] [32mBuilding CXX object CMakeFiles/dis_tutorial1__rosidl_typesupport_cpp.dir/rosidl_typesupport_cpp/dis_tutorial1/srv/add_two_ints__type_support.cpp.o[0m
[ 28%] [32mBuilding CXX object CMakeFiles/dis_tutorial1__rosidl_typesupport_cpp.dir/rosidl_typesupport_cpp/dis_tutorial1/msg/custom_message__type_support.cpp.o[0m
[ 30%] [32mBuilding CXX object CMakeFiles/dis_tutorial1__rosidl_typesupport_cpp.dir/rosidl_typesupport_cpp/dis_tutorial1/srv/add_array__type_support.cpp.o[0m
[ 32%] [32mBuilding CXX object CMakeFiles/dis_tutorial1__rosidl_typesupport_introspection_cpp.dir/rosidl_typesupport_introspection_cpp/dis_tutorial1/msg/detail/custom_message__type_support.cpp.o[0m
[ 33%] [32mBuilding CXX object CMakeFiles/dis_tutorial1__rosidl_typesupport_introspection_cpp.dir/rosidl_typesupport_introspection_cpp/dis_tutorial1/srv/detail/add_two_ints__type_support.cpp.o[0m
[ 35%] [32mBuilding CXX object CMakeFiles/dis_tutorial1__rosidl_typesupport_introspection_cpp.dir/rosidl_typesupport_introspection_cpp/dis_tutorial1/srv/detail/add_array__type_support.cpp.o[0m
[ 37%] [32mBuilding CXX object CMakeFiles/dis_tutorial1__rosidl_typesupport_fastrtps_cpp.dir/rosidl_typesupport_fastrtps_cpp/dis_tutorial1/msg/detail/dds_fastrtps/custom_message__type_support.cpp.o[0m
[ 38%] [32mBuilding CXX object CMakeFiles/dis_tutorial1__rosidl_typesupport_fastrtps_cpp.dir/rosidl_typesupport_fastrtps_cpp/dis_tutorial1/srv/detail/dds_fastrtps/add_two_ints__type_support.cpp.o[0m
[ 40%] [32mBuilding CXX object CMakeFiles/dis_tutorial1__rosidl_typesupport_fastrtps_cpp.dir/rosidl_typesupport_fastrtps_cpp/dis_tutorial1/srv/detail/dds_fastrtps/add_array__type_support.cpp.o[0m
[ 42%] [32mBuilding CXX object CMakeFiles/dis_tutorial1__rosidl_typesupport_c.dir/rosidl_typesupport_c/dis_tutorial1/msg/custom_message__type_support.cpp.o[0m
[ 44%] [32mBuilding CXX object CMakeFiles/dis_tutorial1__rosidl_typesupport_c.dir/rosidl_typesupport_c/dis_tutorial1/srv/add_two_ints__type_support.cpp.o[0m
[ 45%] [32mBuilding CXX object CMakeFiles/dis_tutorial1__rosidl_typesupport_c.dir/rosidl_typesupport_c/dis_tutorial1/srv/add_array__type_support.cpp.o[0m
[ 47%] [32mBuilding C object CMakeFiles/dis_tutorial1__rosidl_typesupport_introspection_c.dir/rosidl_typesupport_introspection_c/dis_tutorial1/msg/detail/custom_message__type_support.c.o[0m
[ 49%] [32mBuilding C object CMakeFiles/dis_tutorial1__rosidl_typesupport_introspection_c.dir/rosidl_typesupport_introspection_c/dis_tutorial1/srv/detail/add_two_ints__type_support.c.o[0m
[ 50%] [32mBuilding CXX object CMakeFiles/dis_tutorial1__rosidl_typesupport_fastrtps_c.dir/rosidl_typesupport_fastrtps_c/dis_tutorial1/msg/detail/custom_message__type_support_c.cpp.o[0m
[ 52%] [32m[1mLinking CXX shared library libdis_tutorial1__rosidl_typesupport_c.so[0m
[ 54%] [32mBuilding C object CMakeFiles/dis_tutorial1__rosidl_typesupport_introspection_c.dir/rosidl_typesupport_introspection_c/dis_tutorial1/srv/detail/add_array__type_support.c.o[0m
[ 55%] [32mBuilding CXX object CMakeFiles/dis_tutorial1__rosidl_typesupport_fastrtps_c.dir/rosidl_typesupport_fastrtps_c/dis_tutorial1/srv/detail/add_two_ints__type_support_c.cpp.o[0m
[ 55%] Built target dis_tutorial1__rosidl_typesupport_c
[ 57%] [32mBuilding CXX object CMakeFiles/dis_tutorial1__rosidl_typesupport_fastrtps_c.dir/rosidl_typesupport_fastrtps_c/dis_tutorial1/srv/detail/add_array__type_support_c.cpp.o[0m
[ 59%] [32m[1mLinking C shared library libdis_tutorial1__rosidl_typesupport_introspection_c.so[0m
[ 59%] Built target dis_tutorial1__rosidl_typesupport_introspection_c
[ 61%] [32m[1mLinking CXX shared library libdis_tutorial1__rosidl_typesupport_cpp.so[0m
[ 61%] Built target dis_tutorial1__rosidl_typesupport_cpp
[ 62%] [32mBuilding CXX object CMakeFiles/simple_client_node.dir/src/simple_client_node.cpp.o[0m
[ 66%] [32mBuilding CXX object CMakeFiles/complete_node.dir/src/complete_node.cpp.o[0m
[ 66%] [32mBuilding CXX object CMakeFiles/simple_server_node.dir/src/simple_server_node.cpp.o[0m
[ 67%] [32m[1mLinking CXX shared library libdis_tutorial1__rosidl_typesupport_introspection_cpp.so[0m
[ 69%] [32m[1mLinking CXX shared library libdis_tutorial1__rosidl_typesupport_fastrtps_c.so[0m
[ 69%] Built target dis_tutorial1__rosidl_typesupport_introspection_cpp
[ 71%] [32m[1mLinking CXX shared library libdis_tutorial1__rosidl_typesupport_fastrtps_cpp.so[0m
[ 71%] Built target dis_tutorial1__rosidl_typesupport_fastrtps_c
[ 71%] Built target dis_tutorial1__rosidl_typesupport_fastrtps_cpp
[ 71%] Built target dis_tutorial1
[ 72%] [34m[1mGenerating Python code for ROS interfaces[0m
[ 72%] Built target dis_tutorial1__py
[ 77%] [32mBuilding C object CMakeFiles/dis_tutorial1__rosidl_generator_py.dir/rosidl_generator_py/dis_tutorial1/srv/_add_array_s.c.o[0m
[ 77%] [32mBuilding C object CMakeFiles/dis_tutorial1__rosidl_generator_py.dir/rosidl_generator_py/dis_tutorial1/srv/_add_two_ints_s.c.o[0m
[ 77%] [32mBuilding C object CMakeFiles/dis_tutorial1__rosidl_generator_py.dir/rosidl_generator_py/dis_tutorial1/msg/_custom_message_s.c.o[0m
[ 79%] [32m[1mLinking C shared library rosidl_generator_py/dis_tutorial1/libdis_tutorial1__rosidl_generator_py.so[0m
[ 79%] Built target dis_tutorial1__rosidl_generator_py
[ 84%] [32mBuilding C object CMakeFiles/dis_tutorial1__rosidl_typesupport_introspection_c__pyext.dir/rosidl_generator_py/dis_tutorial1/_dis_tutorial1_s.ep.rosidl_typesupport_introspection_c.c.o[0m
[ 84%] [32mBuilding C object CMakeFiles/dis_tutorial1__rosidl_typesupport_fastrtps_c__pyext.dir/rosidl_generator_py/dis_tutorial1/_dis_tutorial1_s.ep.rosidl_typesupport_fastrtps_c.c.o[0m
[ 84%] [32mBuilding C object CMakeFiles/dis_tutorial1__rosidl_typesupport_c__pyext.dir/rosidl_generator_py/dis_tutorial1/_dis_tutorial1_s.ep.rosidl_typesupport_c.c.o[0m
[ 86%] [32m[1mLinking C shared library rosidl_generator_py/dis_tutorial1/dis_tutorial1_s__rosidl_typesupport_c.cpython-310-x86_64-linux-gnu.so[0m
[ 88%] [32m[1mLinking C shared library rosidl_generator_py/dis_tutorial1/dis_tutorial1_s__rosidl_typesupport_introspection_c.cpython-310-x86_64-linux-gnu.so[0m
[ 89%] [32m[1mLinking C shared library rosidl_generator_py/dis_tutorial1/dis_tutorial1_s__rosidl_typesupport_fastrtps_c.cpython-310-x86_64-linux-gnu.so[0m
[ 89%] Built target dis_tutorial1__rosidl_typesupport_c__pyext
[ 89%] Built target dis_tutorial1__rosidl_typesupport_introspection_c__pyext
[ 89%] Built target dis_tutorial1__rosidl_typesupport_fastrtps_c__pyext
[ 91%] [32m[1mLinking CXX executable simple_set_bool_server_node[0m
[ 91%] Built target simple_set_bool_server_node
[ 93%] [32m[1mLinking CXX executable simple_publisher[0m
[ 93%] Built target simple_publisher
[ 94%] [32m[1mLinking CXX executable simple_server_node[0m
[ 96%] [32m[1mLinking CXX executable simple_client_node[0m
[ 96%] Built target simple_server_node
[ 96%] Built target simple_client_node
[ 98%] [32m[1mLinking CXX executable simple_subscriber[0m
[ 98%] Built target simple_subscriber
[100%] [32m[1mLinking CXX executable complete_node[0m
[100%] Built target complete_node
-- Install configuration: ""
-- Installing: /home/thelegend442/faxic/RINS-kappa/workspace/install/dis_tutorial1/share/ament_index/resource_index/rosidl_interfaces/dis_tutorial1
-- Installing: /home/thelegend442/faxic/RINS-kappa/workspace/install/dis_tutorial1/include/dis_tutorial1/dis_tutorial1
-- Installing: /home/thelegend442/faxic/RINS-kappa/workspace/install/dis_tutorial1/include/dis_tutorial1/dis_tutorial1/msg
-- Installing: /home/thelegend442/faxic/RINS-kappa/workspace/install/dis_tutorial1/include/dis_tutorial1/dis_tutorial1/msg/rosidl_generator_c__visibility_control.h
-- Installing: /home/thelegend442/faxic/RINS-kappa/workspace/install/dis_tutorial1/include/dis_tutorial1/dis_tutorial1/msg/custom_message.h
-- Installing: /home/thelegend442/faxic/RINS-kappa/workspace/install/dis_tutorial1/include/dis_tutorial1/dis_tutorial1/msg/detail
-- Installing: /home/thelegend442/faxic/RINS-kappa/workspace/install/dis_tutorial1/include/dis_tutorial1/dis_tutorial1/msg/detail/custom_message__functions.c
-- Installing: /home/thelegend442/faxic/RINS-kappa/workspace/install/dis_tutorial1/include/dis_tutorial1/dis_tutorial1/msg/detail/custom_message__type_support.h
-- Installing: /home/thelegend442/faxic/RINS-kappa/workspace/install/dis_tutorial1/include/dis_tutorial1/dis_tutorial1/msg/detail/custom_message__struct.h
-- Installing: /home/thelegend442/faxic/RINS-kappa/workspace/install/dis_tutorial1/include/dis_tutorial1/dis_tutorial1/msg/detail/custom_message__functions.h
-- Installing: /home/thelegend442/faxic/RINS-kappa/workspace/install/dis_tutorial1/include/dis_tutorial1/dis_tutorial1/srv
-- Installing: /home/thelegend442/faxic/RINS-kappa/workspace/install/dis_tutorial1/include/dis_tutorial1/dis_tutorial1/srv/add_array.h
-- Installing: /home/thelegend442/faxic/RINS-kappa/workspace/install/dis_tutorial1/include/dis_tutorial1/dis_tutorial1/srv/detail
-- Installing: /home/thelegend442/faxic/RINS-kappa/workspace/install/dis_tutorial1/include/dis_tutorial1/dis_tutorial1/srv/detail/add_two_ints__struct.h
-- Installing: /home/thelegend442/faxic/RINS-kappa/workspace/install/dis_tutorial1/include/dis_tutorial1/dis_tutorial1/srv/detail/add_two_ints__type_support.h
-- Installing: /home/thelegend442/faxic/RINS-kappa/workspace/install/dis_tutorial1/include/dis_tutorial1/dis_tutorial1/srv/detail/add_array__struct.h
-- Installing: /home/thelegend442/faxic/RINS-kappa/workspace/install/dis_tutorial1/include/dis_tutorial1/dis_tutorial1/srv/detail/add_array__type_support.h
-- Installing: /home/thelegend442/faxic/RINS-kappa/workspace/install/dis_tutorial1/include/dis_tutorial1/dis_tutorial1/srv/detail/add_array__functions.c
-- Installing: /home/thelegend442/faxic/RINS-kappa/workspace/install/dis_tutorial1/include/dis_tutorial1/dis_tutorial1/srv/detail/add_two_ints__functions.c
-- Installing: /home/thelegend442/faxic/RINS-kappa/workspace/install/dis_tutorial1/include/dis_tutorial1/dis_tutorial1/srv/detail/add_array__functions.h
-- Installing: /home/thelegend442/faxic/RINS-kappa/workspace/install/dis_tutorial1/include/dis_tutorial1/dis_tutorial1/srv/detail/add_two_ints__functions.h
-- Installing: /home/thelegend442/faxic/RINS-kappa/workspace/install/dis_tutorial1/include/dis_tutorial1/dis_tutorial1/srv/add_two_ints.h
-- Installing: /home/thelegend442/faxic/RINS-kappa/workspace/install/dis_tutorial1/share/dis_tutorial1/environment/library_path.sh
-- Installing: /home/thelegend442/faxic/RINS-kappa/workspace/install/dis_tutorial1/share/dis_tutorial1/environment/library_path.dsv
-- Installing: /home/thelegend442/faxic/RINS-kappa/workspace/install/dis_tutorial1/lib/libdis_tutorial1__rosidl_generator_c.so
-- Set runtime path of "/home/thelegend442/faxic/RINS-kappa/workspace/install/dis_tutorial1/lib/libdis_tutorial1__rosidl_generator_c.so" to ""
-- Up-to-date: /home/thelegend442/faxic/RINS-kappa/workspace/install/dis_tutorial1/include/dis_tutorial1/dis_tutorial1
-- Up-to-date: /home/thelegend442/faxic/RINS-kappa/workspace/install/dis_tutorial1/include/dis_tutorial1/dis_tutorial1/msg
-- Installing: /home/thelegend442/faxic/RINS-kappa/workspace/install/dis_tutorial1/include/dis_tutorial1/dis_tutorial1/msg/rosidl_typesupport_fastrtps_c__visibility_control.h
-- Up-to-date: /home/thelegend442/faxic/RINS-kappa/workspace/install/dis_tutorial1/include/dis_tutorial1/dis_tutorial1/msg/detail
-- Installing: /home/thelegend442/faxic/RINS-kappa/workspace/install/dis_tutorial1/include/dis_tutorial1/dis_tutorial1/msg/detail/custom_message__rosidl_typesupport_fastrtps_c.h
-- Up-to-date: /home/thelegend442/faxic/RINS-kappa/workspace/install/dis_tutorial1/include/dis_tutorial1/dis_tutorial1/srv
-- Up-to-date: /home/thelegend442/faxic/RINS-kappa/workspace/install/dis_tutorial1/include/dis_tutorial1/dis_tutorial1/srv/detail
-- Installing: /home/thelegend442/faxic/RINS-kappa/workspace/install/dis_tutorial1/include/dis_tutorial1/dis_tutorial1/srv/detail/add_array__rosidl_typesupport_fastrtps_c.h
-- Installing: /home/thelegend442/faxic/RINS-kappa/workspace/install/dis_tutorial1/include/dis_tutorial1/dis_tutorial1/srv/detail/add_two_ints__rosidl_typesupport_fastrtps_c.h
-- Installing: /home/thelegend442/faxic/RINS-kappa/workspace/install/dis_tutorial1/lib/libdis_tutorial1__rosidl_typesupport_fastrtps_c.so
-- Set runtime path of "/home/thelegend442/faxic/RINS-kappa/workspace/install/dis_tutorial1/lib/libdis_tutorial1__rosidl_typesupport_fastrtps_c.so" to ""
-- Up-to-date: /home/thelegend442/faxic/RINS-kappa/workspace/install/dis_tutorial1/include/dis_tutorial1/dis_tutorial1
-- Up-to-date: /home/thelegend442/faxic/RINS-kappa/workspace/install/dis_tutorial1/include/dis_tutorial1/dis_tutorial1/msg
-- Installing: /home/thelegend442/faxic/RINS-kappa/workspace/install/dis_tutorial1/include/dis_tutorial1/dis_tutorial1/msg/custom_message.hpp
-- Installing: /home/thelegend442/faxic/RINS-kappa/workspace/install/dis_tutorial1/include/dis_tutorial1/dis_tutorial1/msg/rosidl_generator_cpp__visibility_control.hpp
-- Up-to-date: /home/thelegend442/faxic/RINS-kappa/workspace/install/dis_tutorial1/include/dis_tutorial1/dis_tutorial1/msg/detail
-- Installing: /home/thelegend442/faxic/RINS-kappa/workspace/install/dis_tutorial1/include/dis_tutorial1/dis_tutorial1/msg/detail/custom_message__type_support.hpp
-- Installing: /home/thelegend442/faxic/RINS-kappa/workspace/install/dis_tutorial1/include/dis_tutorial1/dis_tutorial1/msg/detail/custom_message__traits.hpp
-- Installing: /home/thelegend442/faxic/RINS-kappa/workspace/install/dis_tutorial1/include/dis_tutorial1/dis_tutorial1/msg/detail/custom_message__builder.hpp
-- Installing: /home/thelegend442/faxic/RINS-kappa/workspace/install/dis_tutorial1/include/dis_tutorial1/dis_tutorial1/msg/detail/custom_message__struct.hpp
-- Up-to-date: /home/thelegend442/faxic/RINS-kappa/workspace/install/dis_tutorial1/include/dis_tutorial1/dis_tutorial1/srv
-- Installing: /home/thelegend442/faxic/RINS-kappa/workspace/install/dis_tutorial1/include/dis_tutorial1/dis_tutorial1/srv/add_two_ints.hpp
-- Installing: /home/thelegend442/faxic/RINS-kappa/workspace/install/dis_tutorial1/include/dis_tutorial1/dis_tutorial1/srv/add_array.hpp
-- Up-to-date: /home/thelegend442/faxic/RINS-kappa/workspace/install/dis_tutorial1/include/dis_tutorial1/dis_tutorial1/srv/detail
-- Installing: /home/thelegend442/faxic/RINS-kappa/workspace/install/dis_tutorial1/include/dis_tutorial1/dis_tutorial1/srv/detail/add_array__builder.hpp
-- Installing: /home/thelegend442/faxic/RINS-kappa/workspace/install/dis_tutorial1/include/dis_tutorial1/dis_tutorial1/srv/detail/add_two_ints__traits.hpp
-- Installing: /home/thelegend442/faxic/RINS-kappa/workspace/install/dis_tutorial1/include/dis_tutorial1/dis_tutorial1/srv/detail/add_array__type_support.hpp
-- Installing: /home/thelegend442/faxic/RINS-kappa/workspace/install/dis_tutorial1/include/dis_tutorial1/dis_tutorial1/srv/detail/add_two_ints__struct.hpp
-- Installing: /home/thelegend442/faxic/RINS-kappa/workspace/install/dis_tutorial1/include/dis_tutorial1/dis_tutorial1/srv/detail/add_array__struct.hpp
-- Installing: /home/thelegend442/faxic/RINS-kappa/workspace/install/dis_tutorial1/include/dis_tutorial1/dis_tutorial1/srv/detail/add_two_ints__builder.hpp
-- Installing: /home/thelegend442/faxic/RINS-kappa/workspace/install/dis_tutorial1/include/dis_tutorial1/dis_tutorial1/srv/detail/add_array__traits.hpp
-- Installing: /home/thelegend442/faxic/RINS-kappa/workspace/install/dis_tutorial1/include/dis_tutorial1/dis_tutorial1/srv/detail/add_two_ints__type_support.hpp
-- Up-to-date: /home/thelegend442/faxic/RINS-kappa/workspace/install/dis_tutorial1/include/dis_tutorial1/dis_tutorial1
-- Up-to-date: /home/thelegend442/faxic/RINS-kappa/workspace/install/dis_tutorial1/include/dis_tutorial1/dis_tutorial1/msg
-- Installing: /home/thelegend442/faxic/RINS-kappa/workspace/install/dis_tutorial1/include/dis_tutorial1/dis_tutorial1/msg/rosidl_typesupport_fastrtps_cpp__visibility_control.h
-- Up-to-date: /home/thelegend442/faxic/RINS-kappa/workspace/install/dis_tutorial1/include/dis_tutorial1/dis_tutorial1/msg/detail
-- Installing: /home/thelegend442/faxic/RINS-kappa/workspace/install/dis_tutorial1/include/dis_tutorial1/dis_tutorial1/msg/detail/custom_message__rosidl_typesupport_fastrtps_cpp.hpp
-- Installing: /home/thelegend442/faxic/RINS-kappa/workspace/install/dis_tutorial1/include/dis_tutorial1/dis_tutorial1/msg/detail/dds_fastrtps
-- Up-to-date: /home/thelegend442/faxic/RINS-kappa/workspace/install/dis_tutorial1/include/dis_tutorial1/dis_tutorial1/srv
-- Up-to-date: /home/thelegend442/faxic/RINS-kappa/workspace/install/dis_tutorial1/include/dis_tutorial1/dis_tutorial1/srv/detail
-- Installing: /home/thelegend442/faxic/RINS-kappa/workspace/install/dis_tutorial1/include/dis_tutorial1/dis_tutorial1/srv/detail/add_two_ints__rosidl_typesupport_fastrtps_cpp.hpp
-- Installing: /home/thelegend442/faxic/RINS-kappa/workspace/install/dis_tutorial1/include/dis_tutorial1/dis_tutorial1/srv/detail/add_array__rosidl_typesupport_fastrtps_cpp.hpp
-- Installing: /home/thelegend442/faxic/RINS-kappa/workspace/install/dis_tutorial1/include/dis_tutorial1/dis_tutorial1/srv/detail/dds_fastrtps
-- Installing: /home/thelegend442/faxic/RINS-kappa/workspace/install/dis_tutorial1/lib/libdis_tutorial1__rosidl_typesupport_fastrtps_cpp.so
-- Set runtime path of "/home/thelegend442/faxic/RINS-kappa/workspace/install/dis_tutorial1/lib/libdis_tutorial1__rosidl_typesupport_fastrtps_cpp.so" to ""
-- Up-to-date: /home/thelegend442/faxic/RINS-kappa/workspace/install/dis_tutorial1/include/dis_tutorial1/dis_tutorial1
-- Up-to-date: /home/thelegend442/faxic/RINS-kappa/workspace/install/dis_tutorial1/include/dis_tutorial1/dis_tutorial1/msg
-- Installing: /home/thelegend442/faxic/RINS-kappa/workspace/install/dis_tutorial1/include/dis_tutorial1/dis_tutorial1/msg/rosidl_typesupport_introspection_c__visibility_control.h
-- Up-to-date: /home/thelegend442/faxic/RINS-kappa/workspace/install/dis_tutorial1/include/dis_tutorial1/dis_tutorial1/msg/detail
-- Installing: /home/thelegend442/faxic/RINS-kappa/workspace/install/dis_tutorial1/include/dis_tutorial1/dis_tutorial1/msg/detail/custom_message__type_support.c
-- Installing: /home/thelegend442/faxic/RINS-kappa/workspace/install/dis_tutorial1/include/dis_tutorial1/dis_tutorial1/msg/detail/custom_message__rosidl_typesupport_introspection_c.h
-- Up-to-date: /home/thelegend442/faxic/RINS-kappa/workspace/install/dis_tutorial1/include/dis_tutorial1/dis_tutorial1/srv
-- Up-to-date: /home/thelegend442/faxic/RINS-kappa/workspace/install/dis_tutorial1/include/dis_tutorial1/dis_tutorial1/srv/detail
-- Installing: /home/thelegend442/faxic/RINS-kappa/workspace/install/dis_tutorial1/include/dis_tutorial1/dis_tutorial1/srv/detail/add_two_ints__rosidl_typesupport_introspection_c.h
-- Installing: /home/thelegend442/faxic/RINS-kappa/workspace/install/dis_tutorial1/include/dis_tutorial1/dis_tutorial1/srv/detail/add_two_ints__type_support.c
-- Installing: /home/thelegend442/faxic/RINS-kappa/workspace/install/dis_tutorial1/include/dis_tutorial1/dis_tutorial1/srv/detail/add_array__type_support.c
-- Installing: /home/thelegend442/faxic/RINS-kappa/workspace/install/dis_tutorial1/include/dis_tutorial1/dis_tutorial1/srv/detail/add_array__rosidl_typesupport_introspection_c.h
-- Installing: /home/thelegend442/faxic/RINS-kappa/workspace/install/dis_tutorial1/lib/libdis_tutorial1__rosidl_typesupport_introspection_c.so
-- Set runtime path of "/home/thelegend442/faxic/RINS-kappa/workspace/install/dis_tutorial1/lib/libdis_tutorial1__rosidl_typesupport_introspection_c.so" to ""
-- Installing: /home/thelegend442/faxic/RINS-kappa/workspace/install/dis_tutorial1/lib/libdis_tutorial1__rosidl_typesupport_c.so
-- Set runtime path of "/home/thelegend442/faxic/RINS-kappa/workspace/install/dis_tutorial1/lib/libdis_tutorial1__rosidl_typesupport_c.so" to ""
-- Up-to-date: /home/thelegend442/faxic/RINS-kappa/workspace/install/dis_tutorial1/include/dis_tutorial1/dis_tutorial1
-- Up-to-date: /home/thelegend442/faxic/RINS-kappa/workspace/install/dis_tutorial1/include/dis_tutorial1/dis_tutorial1/msg
-- Up-to-date: /home/thelegend442/faxic/RINS-kappa/workspace/install/dis_tutorial1/include/dis_tutorial1/dis_tutorial1/msg/detail
-- Installing: /home/thelegend442/faxic/RINS-kappa/workspace/install/dis_tutorial1/include/dis_tutorial1/dis_tutorial1/msg/detail/custom_message__rosidl_typesupport_introspection_cpp.hpp
-- Installing: /home/thelegend442/faxic/RINS-kappa/workspace/install/dis_tutorial1/include/dis_tutorial1/dis_tutorial1/msg/detail/custom_message__type_support.cpp
-- Up-to-date: /home/thelegend442/faxic/RINS-kappa/workspace/install/dis_tutorial1/include/dis_tutorial1/dis_tutorial1/srv
-- Up-to-date: /home/thelegend442/faxic/RINS-kappa/workspace/install/dis_tutorial1/include/dis_tutorial1/dis_tutorial1/srv/detail
-- Installing: /home/thelegend442/faxic/RINS-kappa/workspace/install/dis_tutorial1/include/dis_tutorial1/dis_tutorial1/srv/detail/add_two_ints__type_support.cpp
-- Installing: /home/thelegend442/faxic/RINS-kappa/workspace/install/dis_tutorial1/include/dis_tutorial1/dis_tutorial1/srv/detail/add_array__rosidl_typesupport_introspection_cpp.hpp
-- Installing: /home/thelegend442/faxic/RINS-kappa/workspace/install/dis_tutorial1/include/dis_tutorial1/dis_tutorial1/srv/detail/add_two_ints__rosidl_typesupport_introspection_cpp.hpp
-- Installing: /home/thelegend442/faxic/RINS-kappa/workspace/install/dis_tutorial1/include/dis_tutorial1/dis_tutorial1/srv/detail/add_array__type_support.cpp
-- Installing: /home/thelegend442/faxic/RINS-kappa/workspace/install/dis_tutorial1/lib/libdis_tutorial1__rosidl_typesupport_introspection_cpp.so
-- Set runtime path of "/home/thelegend442/faxic/RINS-kappa/workspace/install/dis_tutorial1/lib/libdis_tutorial1__rosidl_typesupport_introspection_cpp.so" to ""
-- Installing: /home/thelegend442/faxic/RINS-kappa/workspace/install/dis_tutorial1/lib/libdis_tutorial1__rosidl_typesupport_cpp.so
-- Set runtime path of "/home/thelegend442/faxic/RINS-kappa/workspace/install/dis_tutorial1/lib/libdis_tutorial1__rosidl_typesupport_cpp.so" to ""
-- Installing: /home/thelegend442/faxic/RINS-kappa/workspace/install/dis_tutorial1/share/dis_tutorial1/environment/pythonpath.sh
-- Installing: /home/thelegend442/faxic/RINS-kappa/workspace/install/dis_tutorial1/share/dis_tutorial1/environment/pythonpath.dsv
-- Installing: /home/thelegend442/faxic/RINS-kappa/workspace/install/dis_tutorial1/local/lib/python3.10/dist-packages/dis_tutorial1-0.0.1-py3.10.egg-info
-- Installing: /home/thelegend442/faxic/RINS-kappa/workspace/install/dis_tutorial1/local/lib/python3.10/dist-packages/dis_tutorial1-0.0.1-py3.10.egg-info/dependency_links.txt
-- Installing: /home/thelegend442/faxic/RINS-kappa/workspace/install/dis_tutorial1/local/lib/python3.10/dist-packages/dis_tutorial1-0.0.1-py3.10.egg-info/SOURCES.txt
-- Installing: /home/thelegend442/faxic/RINS-kappa/workspace/install/dis_tutorial1/local/lib/python3.10/dist-packages/dis_tutorial1-0.0.1-py3.10.egg-info/PKG-INFO
-- Installing: /home/thelegend442/faxic/RINS-kappa/workspace/install/dis_tutorial1/local/lib/python3.10/dist-packages/dis_tutorial1-0.0.1-py3.10.egg-info/top_level.txt
-- Installing: /home/thelegend442/faxic/RINS-kappa/workspace/install/dis_tutorial1/local/lib/python3.10/dist-packages/dis_tutorial1
-- Installing: /home/thelegend442/faxic/RINS-kappa/workspace/install/dis_tutorial1/local/lib/python3.10/dist-packages/dis_tutorial1/_dis_tutorial1_s.ep.rosidl_typesupport_introspection_c.c
-- Installing: /home/thelegend442/faxic/RINS-kappa/workspace/install/dis_tutorial1/local/lib/python3.10/dist-packages/dis_tutorial1/libdis_tutorial1__rosidl_generator_py.so
-- Installing: /home/thelegend442/faxic/RINS-kappa/workspace/install/dis_tutorial1/local/lib/python3.10/dist-packages/dis_tutorial1/_dis_tutorial1_s.ep.rosidl_typesupport_fastrtps_c.c
-- Installing: /home/thelegend442/faxic/RINS-kappa/workspace/install/dis_tutorial1/local/lib/python3.10/dist-packages/dis_tutorial1/msg
-- Installing: /home/thelegend442/faxic/RINS-kappa/workspace/install/dis_tutorial1/local/lib/python3.10/dist-packages/dis_tutorial1/msg/_custom_message.py
-- Installing: /home/thelegend442/faxic/RINS-kappa/workspace/install/dis_tutorial1/local/lib/python3.10/dist-packages/dis_tutorial1/msg/__init__.py
-- Installing: /home/thelegend442/faxic/RINS-kappa/workspace/install/dis_tutorial1/local/lib/python3.10/dist-packages/dis_tutorial1/msg/_custom_message_s.c
-- Installing: /home/thelegend442/faxic/RINS-kappa/workspace/install/dis_tutorial1/local/lib/python3.10/dist-packages/dis_tutorial1/srv
-- Installing: /home/thelegend442/faxic/RINS-kappa/workspace/install/dis_tutorial1/local/lib/python3.10/dist-packages/dis_tutorial1/srv/_add_two_ints.py
-- Installing: /home/thelegend442/faxic/RINS-kappa/workspace/install/dis_tutorial1/local/lib/python3.10/dist-packages/dis_tutorial1/srv/_add_two_ints_s.c
-- Installing: /home/thelegend442/faxic/RINS-kappa/workspace/install/dis_tutorial1/local/lib/python3.10/dist-packages/dis_tutorial1/srv/_add_array_s.c
-- Installing: /home/thelegend442/faxic/RINS-kappa/workspace/install/dis_tutorial1/local/lib/python3.10/dist-packages/dis_tutorial1/srv/__init__.py
-- Installing: /home/thelegend442/faxic/RINS-kappa/workspace/install/dis_tutorial1/local/lib/python3.10/dist-packages/dis_tutorial1/srv/_add_array.py
-- Installing: /home/thelegend442/faxic/RINS-kappa/workspace/install/dis_tutorial1/local/lib/python3.10/dist-packages/dis_tutorial1/dis_tutorial1_s__rosidl_typesupport_introspection_c.cpython-310-x86_64-linux-gnu.so
-- Installing: /home/thelegend442/faxic/RINS-kappa/workspace/install/dis_tutorial1/local/lib/python3.10/dist-packages/dis_tutorial1/__init__.py
-- Installing: /home/thelegend442/faxic/RINS-kappa/workspace/install/dis_tutorial1/local/lib/python3.10/dist-packages/dis_tutorial1/dis_tutorial1_s__rosidl_typesupport_fastrtps_c.cpython-310-x86_64-linux-gnu.so
-- Installing: /home/thelegend442/faxic/RINS-kappa/workspace/install/dis_tutorial1/local/lib/python3.10/dist-packages/dis_tutorial1/_dis_tutorial1_s.ep.rosidl_typesupport_c.c
-- Installing: /home/thelegend442/faxic/RINS-kappa/workspace/install/dis_tutorial1/local/lib/python3.10/dist-packages/dis_tutorial1/dis_tutorial1_s__rosidl_typesupport_c.cpython-310-x86_64-linux-gnu.so
Listing '/home/thelegend442/faxic/RINS-kappa/workspace/install/dis_tutorial1/local/lib/python3.10/dist-packages/dis_tutorial1'...
Compiling '/home/thelegend442/faxic/RINS-kappa/workspace/install/dis_tutorial1/local/lib/python3.10/dist-packages/dis_tutorial1/__init__.py'...
Listing '/home/thelegend442/faxic/RINS-kappa/workspace/install/dis_tutorial1/local/lib/python3.10/dist-packages/dis_tutorial1/msg'...
Compiling '/home/thelegend442/faxic/RINS-kappa/workspace/install/dis_tutorial1/local/lib/python3.10/dist-packages/dis_tutorial1/msg/__init__.py'...
Compiling '/home/thelegend442/faxic/RINS-kappa/workspace/install/dis_tutorial1/local/lib/python3.10/dist-packages/dis_tutorial1/msg/_custom_message.py'...
Listing '/home/thelegend442/faxic/RINS-kappa/workspace/install/dis_tutorial1/local/lib/python3.10/dist-packages/dis_tutorial1/srv'...
Compiling '/home/thelegend442/faxic/RINS-kappa/workspace/install/dis_tutorial1/local/lib/python3.10/dist-packages/dis_tutorial1/srv/__init__.py'...
Compiling '/home/thelegend442/faxic/RINS-kappa/workspace/install/dis_tutorial1/local/lib/python3.10/dist-packages/dis_tutorial1/srv/_add_array.py'...
Compiling '/home/thelegend442/faxic/RINS-kappa/workspace/install/dis_tutorial1/local/lib/python3.10/dist-packages/dis_tutorial1/srv/_add_two_ints.py'...
-- Installing: /home/thelegend442/faxic/RINS-kappa/workspace/install/dis_tutorial1/local/lib/python3.10/dist-packages/dis_tutorial1/dis_tutorial1_s__rosidl_typesupport_fastrtps_c.cpython-310-x86_64-linux-gnu.so
-- Set runtime path of "/home/thelegend442/faxic/RINS-kappa/workspace/install/dis_tutorial1/local/lib/python3.10/dist-packages/dis_tutorial1/dis_tutorial1_s__rosidl_typesupport_fastrtps_c.cpython-310-x86_64-linux-gnu.so" to ""
-- Installing: /home/thelegend442/faxic/RINS-kappa/workspace/install/dis_tutorial1/local/lib/python3.10/dist-packages/dis_tutorial1/dis_tutorial1_s__rosidl_typesupport_introspection_c.cpython-310-x86_64-linux-gnu.so
-- Set runtime path of "/home/thelegend442/faxic/RINS-kappa/workspace/install/dis_tutorial1/local/lib/python3.10/dist-packages/dis_tutorial1/dis_tutorial1_s__rosidl_typesupport_introspection_c.cpython-310-x86_64-linux-gnu.so" to ""
-- Installing: /home/thelegend442/faxic/RINS-kappa/workspace/install/dis_tutorial1/local/lib/python3.10/dist-packages/dis_tutorial1/dis_tutorial1_s__rosidl_typesupport_c.cpython-310-x86_64-linux-gnu.so
-- Set runtime path of "/home/thelegend442/faxic/RINS-kappa/workspace/install/dis_tutorial1/local/lib/python3.10/dist-packages/dis_tutorial1/dis_tutorial1_s__rosidl_typesupport_c.cpython-310-x86_64-linux-gnu.so" to ""
-- Installing: /home/thelegend442/faxic/RINS-kappa/workspace/install/dis_tutorial1/lib/libdis_tutorial1__rosidl_generator_py.so
-- Set runtime path of "/home/thelegend442/faxic/RINS-kappa/workspace/install/dis_tutorial1/lib/libdis_tutorial1__rosidl_generator_py.so" to ""
-- Installing: /home/thelegend442/faxic/RINS-kappa/workspace/install/dis_tutorial1/share/dis_tutorial1/msg/CustomMessage.idl
-- Installing: /home/thelegend442/faxic/RINS-kappa/workspace/install/dis_tutorial1/share/dis_tutorial1/srv/AddTwoInts.idl
-- Installing: /home/thelegend442/faxic/RINS-kappa/workspace/install/dis_tutorial1/share/dis_tutorial1/srv/AddArray.idl
-- Installing: /home/thelegend442/faxic/RINS-kappa/workspace/install/dis_tutorial1/share/dis_tutorial1/msg/CustomMessage.msg
-- Installing: /home/thelegend442/faxic/RINS-kappa/workspace/install/dis_tutorial1/share/dis_tutorial1/srv/AddTwoInts.srv
-- Installing: /home/thelegend442/faxic/RINS-kappa/workspace/install/dis_tutorial1/share/dis_tutorial1/srv/AddTwoInts_Request.msg
-- Installing: /home/thelegend442/faxic/RINS-kappa/workspace/install/dis_tutorial1/share/dis_tutorial1/srv/AddTwoInts_Response.msg
-- Installing: /home/thelegend442/faxic/RINS-kappa/workspace/install/dis_tutorial1/share/dis_tutorial1/srv/AddArray.srv
-- Installing: /home/thelegend442/faxic/RINS-kappa/workspace/install/dis_tutorial1/share/dis_tutorial1/srv/AddArray_Request.msg
-- Installing: /home/thelegend442/faxic/RINS-kappa/workspace/install/dis_tutorial1/share/dis_tutorial1/srv/AddArray_Response.msg
-- Installing: /home/thelegend442/faxic/RINS-kappa/workspace/install/dis_tutorial1/lib/dis_tutorial1/simple_publisher
-- Set runtime path of "/home/thelegend442/faxic/RINS-kappa/workspace/install/dis_tutorial1/lib/dis_tutorial1/simple_publisher" to ""
-- Installing: /home/thelegend442/faxic/RINS-kappa/workspace/install/dis_tutorial1/lib/dis_tutorial1/simple_subscriber
-- Set runtime path of "/home/thelegend442/faxic/RINS-kappa/workspace/install/dis_tutorial1/lib/dis_tutorial1/simple_subscriber" to ""
-- Installing: /home/thelegend442/faxic/RINS-kappa/workspace/install/dis_tutorial1/lib/dis_tutorial1/simple_client_node
-- Set runtime path of "/home/thelegend442/faxic/RINS-kappa/workspace/install/dis_tutorial1/lib/dis_tutorial1/simple_client_node" to ""
-- Installing: /home/thelegend442/faxic/RINS-kappa/workspace/install/dis_tutorial1/lib/dis_tutorial1/simple_server_node
-- Set runtime path of "/home/thelegend442/faxic/RINS-kappa/workspace/install/dis_tutorial1/lib/dis_tutorial1/simple_server_node" to ""
-- Installing: /home/thelegend442/faxic/RINS-kappa/workspace/install/dis_tutorial1/lib/dis_tutorial1/complete_node
-- Set runtime path of "/home/thelegend442/faxic/RINS-kappa/workspace/install/dis_tutorial1/lib/dis_tutorial1/complete_node" to ""
-- Installing: /home/thelegend442/faxic/RINS-kappa/workspace/install/dis_tutorial1/lib/dis_tutorial1/simple_set_bool_server_node
-- Set runtime path of "/home/thelegend442/faxic/RINS-kappa/workspace/install/dis_tutorial1/lib/dis_tutorial1/simple_set_bool_server_node" to ""
-- Installing: /home/thelegend442/faxic/RINS-kappa/workspace/install/dis_tutorial1/lib/dis_tutorial1/py_simple_publisher.py
-- Installing: /home/thelegend442/faxic/RINS-kappa/workspace/install/dis_tutorial1/lib/dis_tutorial1/py_simple_subscriber.py
-- Installing: /home/thelegend442/faxic/RINS-kappa/workspace/install/dis_tutorial1/lib/dis_tutorial1/py_simple_server_node.py
-- Installing: /home/thelegend442/faxic/RINS-kappa/workspace/install/dis_tutorial1/lib/dis_tutorial1/py_simple_client_node.py
-- Installing: /home/thelegend442/faxic/RINS-kappa/workspace/install/dis_tutorial1/lib/dis_tutorial1/py_complete_node.py
-- Installing: /home/thelegend442/faxic/RINS-kappa/workspace/install/dis_tutorial1/lib/dis_tutorial1/py_draw_square.py
-- Installing: /home/thelegend442/faxic/RINS-kappa/workspace/install/dis_tutorial1/share/ament_index/resource_index/package_run_dependencies/dis_tutorial1
-- Installing: /home/thelegend442/faxic/RINS-kappa/workspace/install/dis_tutorial1/share/ament_index/resource_index/parent_prefix_path/dis_tutorial1
-- Installing: /home/thelegend442/faxic/RINS-kappa/workspace/install/dis_tutorial1/share/dis_tutorial1/environment/ament_prefix_path.sh
-- Installing: /home/thelegend442/faxic/RINS-kappa/workspace/install/dis_tutorial1/share/dis_tutorial1/environment/ament_prefix_path.dsv
-- Installing: /home/thelegend442/faxic/RINS-kappa/workspace/install/dis_tutorial1/share/dis_tutorial1/environment/path.sh
-- Installing: /home/thelegend442/faxic/RINS-kappa/workspace/install/dis_tutorial1/share/dis_tutorial1/environment/path.dsv
-- Installing: /home/thelegend442/faxic/RINS-kappa/workspace/install/dis_tutorial1/share/dis_tutorial1/local_setup.bash
-- Installing: /home/thelegend442/faxic/RINS-kappa/workspace/install/dis_tutorial1/share/dis_tutorial1/local_setup.sh
-- Installing: /home/thelegend442/faxic/RINS-kappa/workspace/install/dis_tutorial1/share/dis_tutorial1/local_setup.zsh
-- Installing: /home/thelegend442/faxic/RINS-kappa/workspace/install/dis_tutorial1/share/dis_tutorial1/local_setup.dsv
-- Installing: /home/thelegend442/faxic/RINS-kappa/workspace/install/dis_tutorial1/share/dis_tutorial1/package.dsv
-- Installing: /home/thelegend442/faxic/RINS-kappa/workspace/install/dis_tutorial1/share/ament_index/resource_index/packages/dis_tutorial1
-- Installing: /home/thelegend442/faxic/RINS-kappa/workspace/install/dis_tutorial1/share/dis_tutorial1/cmake/export_dis_tutorial1__rosidl_generator_cExport.cmake
-- Installing: /home/thelegend442/faxic/RINS-kappa/workspace/install/dis_tutorial1/share/dis_tutorial1/cmake/export_dis_tutorial1__rosidl_generator_cExport-noconfig.cmake
-- Installing: /home/thelegend442/faxic/RINS-kappa/workspace/install/dis_tutorial1/share/dis_tutorial1/cmake/export_dis_tutorial1__rosidl_typesupport_fastrtps_cExport.cmake
-- Installing: /home/thelegend442/faxic/RINS-kappa/workspace/install/dis_tutorial1/share/dis_tutorial1/cmake/export_dis_tutorial1__rosidl_typesupport_fastrtps_cExport-noconfig.cmake
-- Installing: /home/thelegend442/faxic/RINS-kappa/workspace/install/dis_tutorial1/share/dis_tutorial1/cmake/export_dis_tutorial1__rosidl_generator_cppExport.cmake
-- Installing: /home/thelegend442/faxic/RINS-kappa/workspace/install/dis_tutorial1/share/dis_tutorial1/cmake/export_dis_tutorial1__rosidl_typesupport_fastrtps_cppExport.cmake
-- Installing: /home/thelegend442/faxic/RINS-kappa/workspace/install/dis_tutorial1/share/dis_tutorial1/cmake/export_dis_tutorial1__rosidl_typesupport_fastrtps_cppExport-noconfig.cmake
-- Installing: /home/thelegend442/faxic/RINS-kappa/workspace/install/dis_tutorial1/share/dis_tutorial1/cmake/dis_tutorial1__rosidl_typesupport_introspection_cExport.cmake
-- Installing: /home/thelegend442/faxic/RINS-kappa/workspace/install/dis_tutorial1/share/dis_tutorial1/cmake/dis_tutorial1__rosidl_typesupport_introspection_cExport-noconfig.cmake
-- Installing: /home/thelegend442/faxic/RINS-kappa/workspace/install/dis_tutorial1/share/dis_tutorial1/cmake/dis_tutorial1__rosidl_typesupport_cExport.cmake
-- Installing: /home/thelegend442/faxic/RINS-kappa/workspace/install/dis_tutorial1/share/dis_tutorial1/cmake/dis_tutorial1__rosidl_typesupport_cExport-noconfig.cmake
-- Installing: /home/thelegend442/faxic/RINS-kappa/workspace/install/dis_tutorial1/share/dis_tutorial1/cmake/dis_tutorial1__rosidl_typesupport_introspection_cppExport.cmake
-- Installing: /home/thelegend442/faxic/RINS-kappa/workspace/install/dis_tutorial1/share/dis_tutorial1/cmake/dis_tutorial1__rosidl_typesupport_introspection_cppExport-noconfig.cmake
-- Installing: /home/thelegend442/faxic/RINS-kappa/workspace/install/dis_tutorial1/share/dis_tutorial1/cmake/dis_tutorial1__rosidl_typesupport_cppExport.cmake
-- Installing: /home/thelegend442/faxic/RINS-kappa/workspace/install/dis_tutorial1/share/dis_tutorial1/cmake/dis_tutorial1__rosidl_typesupport_cppExport-noconfig.cmake
-- Installing: /home/thelegend442/faxic/RINS-kappa/workspace/install/dis_tutorial1/share/dis_tutorial1/cmake/export_dis_tutorial1__rosidl_generator_pyExport.cmake
-- Installing: /home/thelegend442/faxic/RINS-kappa/workspace/install/dis_tutorial1/share/dis_tutorial1/cmake/export_dis_tutorial1__rosidl_generator_pyExport-noconfig.cmake
-- Installing: /home/thelegend442/faxic/RINS-kappa/workspace/install/dis_tutorial1/share/dis_tutorial1/cmake/rosidl_cmake-extras.cmake
-- Installing: /home/thelegend442/faxic/RINS-kappa/workspace/install/dis_tutorial1/share/dis_tutorial1/cmake/ament_cmake_export_dependencies-extras.cmake
-- Installing: /home/thelegend442/faxic/RINS-kappa/workspace/install/dis_tutorial1/share/dis_tutorial1/cmake/ament_cmake_export_include_directories-extras.cmake
-- Installing: /home/thelegend442/faxic/RINS-kappa/workspace/install/dis_tutorial1/share/dis_tutorial1/cmake/ament_cmake_export_libraries-extras.cmake
-- Installing: /home/thelegend442/faxic/RINS-kappa/workspace/install/dis_tutorial1/share/dis_tutorial1/cmake/ament_cmake_export_targets-extras.cmake
-- Installing: /home/thelegend442/faxic/RINS-kappa/workspace/install/dis_tutorial1/share/dis_tutorial1/cmake/rosidl_cmake_export_typesupport_targets-extras.cmake
-- Installing: /home/thelegend442/faxic/RINS-kappa/workspace/install/dis_tutorial1/share/dis_tutorial1/cmake/rosidl_cmake_export_typesupport_libraries-extras.cmake
-- Installing: /home/thelegend442/faxic/RINS-kappa/workspace/install/dis_tutorial1/share/dis_tutorial1/cmake/dis_tutorial1Config.cmake
-- Installing: /home/thelegend442/faxic/RINS-kappa/workspace/install/dis_tutorial1/share/dis_tutorial1/cmake/dis_tutorial1Config-version.cmake
-- Installing: /home/thelegend442/faxic/RINS-kappa/workspace/install/dis_tutorial1/share/dis_tutorial1/package.xml
