[0.036s] Invoking command in '/home/strazi/RINS-kappa/workspace/build/custom_messages': CMAKE_PREFIX_PATH=${CMAKE_PREFIX_PATH}:/home/strazi/RINS-kappa/workspace/install/dis_tutorial2:/opt/ros/humble /usr/bin/cmake --build /home/strazi/RINS-kappa/workspace/build/custom_messages -- -j12 -l12
[0.401s] [  2%] Built target custom_messages__cpp
[0.403s] [  2%] Built target ament_cmake_python_copy_custom_messages
[0.403s] [ 12%] Built target custom_messages__rosidl_typesupport_introspection_cpp
[0.546s] running egg_info
[0.546s] writing custom_messages.egg-info/PKG-INFO
[0.546s] writing dependency_links to custom_messages.egg-info/dependency_links.txt
[0.546s] writing top-level names to custom_messages.egg-info/top_level.txt
[0.550s] reading manifest file 'custom_messages.egg-info/SOURCES.txt'
[0.552s] writing manifest file 'custom_messages.egg-info/SOURCES.txt'
[0.600s] [ 12%] Built target ament_cmake_python_build_custom_messages_egg
[0.643s] [ 23%] Built target custom_messages__rosidl_typesupport_fastrtps_cpp
[0.685s] [ 34%] Built target custom_messages__rosidl_typesupport_cpp
[0.725s] [ 44%] Built target custom_messages__rosidl_generator_c
[0.767s] [ 55%] Built target custom_messages__rosidl_typesupport_fastrtps_c
[0.805s] [ 65%] Built target custom_messages__rosidl_typesupport_c
[0.841s] [ 76%] Built target custom_messages__rosidl_typesupport_introspection_c
[0.872s] [ 76%] Built target custom_messages
[0.904s] [ 78%] Built target custom_messages__py
[0.941s] [ 87%] Built target custom_messages__rosidl_generator_py
[0.982s] [ 91%] Built target custom_messages__rosidl_typesupport_fastrtps_c__pyext
[1.019s] [ 95%] Built target custom_messages__rosidl_typesupport_c__pyext
[1.055s] [100%] Built target custom_messages__rosidl_typesupport_introspection_c__pyext
[1.075s] Invoked command in '/home/strazi/RINS-kappa/workspace/build/custom_messages' returned '0': CMAKE_PREFIX_PATH=${CMAKE_PREFIX_PATH}:/home/strazi/RINS-kappa/workspace/install/dis_tutorial2:/opt/ros/humble /usr/bin/cmake --build /home/strazi/RINS-kappa/workspace/build/custom_messages -- -j12 -l12
[1.077s] Invoking command in '/home/strazi/RINS-kappa/workspace/build/custom_messages': CMAKE_PREFIX_PATH=${CMAKE_PREFIX_PATH}:/home/strazi/RINS-kappa/workspace/install/dis_tutorial2:/opt/ros/humble /usr/bin/cmake --install /home/strazi/RINS-kappa/workspace/build/custom_messages
[1.092s] -- Install configuration: ""
[1.092s] -- Up-to-date: /home/strazi/RINS-kappa/workspace/install/custom_messages/share/ament_index/resource_index/rosidl_interfaces/custom_messages
[1.092s] -- Up-to-date: /home/strazi/RINS-kappa/workspace/install/custom_messages/include/custom_messages/custom_messages
[1.092s] -- Up-to-date: /home/strazi/RINS-kappa/workspace/install/custom_messages/include/custom_messages/custom_messages/srv
[1.092s] -- Up-to-date: /home/strazi/RINS-kappa/workspace/install/custom_messages/include/custom_messages/custom_messages/srv/poses_in_front_of_faces.h
[1.092s] -- Up-to-date: /home/strazi/RINS-kappa/workspace/install/custom_messages/include/custom_messages/custom_messages/srv/shape.h
[1.092s] -- Up-to-date: /home/strazi/RINS-kappa/workspace/install/custom_messages/include/custom_messages/custom_messages/srv/detail
[1.092s] -- Up-to-date: /home/strazi/RINS-kappa/workspace/install/custom_messages/include/custom_messages/custom_messages/srv/detail/shape__functions.h
[1.092s] -- Up-to-date: /home/strazi/RINS-kappa/workspace/install/custom_messages/include/custom_messages/custom_messages/srv/detail/poses_in_front_of_faces__functions.h
[1.093s] -- Up-to-date: /home/strazi/RINS-kappa/workspace/install/custom_messages/include/custom_messages/custom_messages/srv/detail/poses_in_front_of_faces__struct.h
[1.093s] -- Up-to-date: /home/strazi/RINS-kappa/workspace/install/custom_messages/include/custom_messages/custom_messages/srv/detail/shape__struct.h
[1.093s] -- Up-to-date: /home/strazi/RINS-kappa/workspace/install/custom_messages/include/custom_messages/custom_messages/srv/detail/poses_in_front_of_faces__functions.c
[1.093s] -- Up-to-date: /home/strazi/RINS-kappa/workspace/install/custom_messages/include/custom_messages/custom_messages/srv/detail/shape__type_support.h
[1.093s] -- Up-to-date: /home/strazi/RINS-kappa/workspace/install/custom_messages/include/custom_messages/custom_messages/srv/detail/shape__functions.c
[1.093s] -- Up-to-date: /home/strazi/RINS-kappa/workspace/install/custom_messages/include/custom_messages/custom_messages/srv/detail/poses_in_front_of_faces__type_support.h
[1.093s] -- Up-to-date: /home/strazi/RINS-kappa/workspace/install/custom_messages/include/custom_messages/custom_messages/msg
[1.093s] -- Up-to-date: /home/strazi/RINS-kappa/workspace/install/custom_messages/include/custom_messages/custom_messages/msg/face_coordinates.h
[1.094s] -- Up-to-date: /home/strazi/RINS-kappa/workspace/install/custom_messages/include/custom_messages/custom_messages/msg/rosidl_generator_c__visibility_control.h
[1.094s] -- Up-to-date: /home/strazi/RINS-kappa/workspace/install/custom_messages/include/custom_messages/custom_messages/msg/detail
[1.094s] -- Up-to-date: /home/strazi/RINS-kappa/workspace/install/custom_messages/include/custom_messages/custom_messages/msg/detail/face_coordinates__functions.h
[1.094s] -- Up-to-date: /home/strazi/RINS-kappa/workspace/install/custom_messages/include/custom_messages/custom_messages/msg/detail/face_coordinates__functions.c
[1.094s] -- Up-to-date: /home/strazi/RINS-kappa/workspace/install/custom_messages/include/custom_messages/custom_messages/msg/detail/face_coordinates__struct.h
[1.094s] -- Up-to-date: /home/strazi/RINS-kappa/workspace/install/custom_messages/include/custom_messages/custom_messages/msg/detail/face_coordinates__type_support.h
[1.094s] -- Up-to-date: /home/strazi/RINS-kappa/workspace/install/custom_messages/share/custom_messages/environment/library_path.sh
[1.094s] -- Up-to-date: /home/strazi/RINS-kappa/workspace/install/custom_messages/share/custom_messages/environment/library_path.dsv
[1.094s] -- Up-to-date: /home/strazi/RINS-kappa/workspace/install/custom_messages/lib/libcustom_messages__rosidl_generator_c.so
[1.094s] -- Up-to-date: /home/strazi/RINS-kappa/workspace/install/custom_messages/include/custom_messages/custom_messages
[1.095s] -- Up-to-date: /home/strazi/RINS-kappa/workspace/install/custom_messages/include/custom_messages/custom_messages/srv
[1.096s] -- Up-to-date: /home/strazi/RINS-kappa/workspace/install/custom_messages/include/custom_messages/custom_messages/srv/detail
[1.096s] -- Up-to-date: /home/strazi/RINS-kappa/workspace/install/custom_messages/include/custom_messages/custom_messages/srv/detail/poses_in_front_of_faces__rosidl_typesupport_fastrtps_c.h
[1.096s] -- Up-to-date: /home/strazi/RINS-kappa/workspace/install/custom_messages/include/custom_messages/custom_messages/srv/detail/shape__rosidl_typesupport_fastrtps_c.h
[1.096s] -- Up-to-date: /home/strazi/RINS-kappa/workspace/install/custom_messages/include/custom_messages/custom_messages/msg
[1.096s] -- Up-to-date: /home/strazi/RINS-kappa/workspace/install/custom_messages/include/custom_messages/custom_messages/msg/rosidl_typesupport_fastrtps_c__visibility_control.h
[1.096s] -- Up-to-date: /home/strazi/RINS-kappa/workspace/install/custom_messages/include/custom_messages/custom_messages/msg/detail
[1.096s] -- Up-to-date: /home/strazi/RINS-kappa/workspace/install/custom_messages/include/custom_messages/custom_messages/msg/detail/face_coordinates__rosidl_typesupport_fastrtps_c.h
[1.096s] -- Up-to-date: /home/strazi/RINS-kappa/workspace/install/custom_messages/lib/libcustom_messages__rosidl_typesupport_fastrtps_c.so
[1.096s] -- Up-to-date: /home/strazi/RINS-kappa/workspace/install/custom_messages/include/custom_messages/custom_messages
[1.096s] -- Up-to-date: /home/strazi/RINS-kappa/workspace/install/custom_messages/include/custom_messages/custom_messages/srv
[1.097s] -- Up-to-date: /home/strazi/RINS-kappa/workspace/install/custom_messages/include/custom_messages/custom_messages/srv/shape.hpp
[1.097s] -- Up-to-date: /home/strazi/RINS-kappa/workspace/install/custom_messages/include/custom_messages/custom_messages/srv/poses_in_front_of_faces.hpp
[1.097s] -- Up-to-date: /home/strazi/RINS-kappa/workspace/install/custom_messages/include/custom_messages/custom_messages/srv/detail
[1.097s] -- Up-to-date: /home/strazi/RINS-kappa/workspace/install/custom_messages/include/custom_messages/custom_messages/srv/detail/shape__traits.hpp
[1.097s] -- Up-to-date: /home/strazi/RINS-kappa/workspace/install/custom_messages/include/custom_messages/custom_messages/srv/detail/poses_in_front_of_faces__struct.hpp
[1.097s] -- Up-to-date: /home/strazi/RINS-kappa/workspace/install/custom_messages/include/custom_messages/custom_messages/srv/detail/shape__struct.hpp
[1.097s] -- Up-to-date: /home/strazi/RINS-kappa/workspace/install/custom_messages/include/custom_messages/custom_messages/srv/detail/shape__builder.hpp
[1.097s] -- Up-to-date: /home/strazi/RINS-kappa/workspace/install/custom_messages/include/custom_messages/custom_messages/srv/detail/shape__type_support.hpp
[1.097s] -- Up-to-date: /home/strazi/RINS-kappa/workspace/install/custom_messages/include/custom_messages/custom_messages/srv/detail/poses_in_front_of_faces__builder.hpp
[1.097s] -- Up-to-date: /home/strazi/RINS-kappa/workspace/install/custom_messages/include/custom_messages/custom_messages/srv/detail/poses_in_front_of_faces__traits.hpp
[1.098s] -- Up-to-date: /home/strazi/RINS-kappa/workspace/install/custom_messages/include/custom_messages/custom_messages/srv/detail/poses_in_front_of_faces__type_support.hpp
[1.098s] -- Up-to-date: /home/strazi/RINS-kappa/workspace/install/custom_messages/include/custom_messages/custom_messages/msg
[1.098s] -- Up-to-date: /home/strazi/RINS-kappa/workspace/install/custom_messages/include/custom_messages/custom_messages/msg/face_coordinates.hpp
[1.098s] -- Up-to-date: /home/strazi/RINS-kappa/workspace/install/custom_messages/include/custom_messages/custom_messages/msg/rosidl_generator_cpp__visibility_control.hpp
[1.098s] -- Up-to-date: /home/strazi/RINS-kappa/workspace/install/custom_messages/include/custom_messages/custom_messages/msg/detail
[1.098s] -- Up-to-date: /home/strazi/RINS-kappa/workspace/install/custom_messages/include/custom_messages/custom_messages/msg/detail/face_coordinates__type_support.hpp
[1.098s] -- Up-to-date: /home/strazi/RINS-kappa/workspace/install/custom_messages/include/custom_messages/custom_messages/msg/detail/face_coordinates__builder.hpp
[1.098s] -- Up-to-date: /home/strazi/RINS-kappa/workspace/install/custom_messages/include/custom_messages/custom_messages/msg/detail/face_coordinates__traits.hpp
[1.098s] -- Up-to-date: /home/strazi/RINS-kappa/workspace/install/custom_messages/include/custom_messages/custom_messages/msg/detail/face_coordinates__struct.hpp
[1.098s] -- Up-to-date: /home/strazi/RINS-kappa/workspace/install/custom_messages/include/custom_messages/custom_messages
[1.098s] -- Up-to-date: /home/strazi/RINS-kappa/workspace/install/custom_messages/include/custom_messages/custom_messages/srv
[1.099s] -- Up-to-date: /home/strazi/RINS-kappa/workspace/install/custom_messages/include/custom_messages/custom_messages/srv/detail
[1.099s] -- Up-to-date: /home/strazi/RINS-kappa/workspace/install/custom_messages/include/custom_messages/custom_messages/srv/detail/shape__rosidl_typesupport_fastrtps_cpp.hpp
[1.099s] -- Up-to-date: /home/strazi/RINS-kappa/workspace/install/custom_messages/include/custom_messages/custom_messages/srv/detail/poses_in_front_of_faces__rosidl_typesupport_fastrtps_cpp.hpp
[1.099s] -- Up-to-date: /home/strazi/RINS-kappa/workspace/install/custom_messages/include/custom_messages/custom_messages/srv/detail/dds_fastrtps
[1.099s] -- Up-to-date: /home/strazi/RINS-kappa/workspace/install/custom_messages/include/custom_messages/custom_messages/msg
[1.099s] -- Up-to-date: /home/strazi/RINS-kappa/workspace/install/custom_messages/include/custom_messages/custom_messages/msg/rosidl_typesupport_fastrtps_cpp__visibility_control.h
[1.099s] -- Up-to-date: /home/strazi/RINS-kappa/workspace/install/custom_messages/include/custom_messages/custom_messages/msg/detail
[1.099s] -- Up-to-date: /home/strazi/RINS-kappa/workspace/install/custom_messages/include/custom_messages/custom_messages/msg/detail/dds_fastrtps
[1.099s] -- Up-to-date: /home/strazi/RINS-kappa/workspace/install/custom_messages/include/custom_messages/custom_messages/msg/detail/face_coordinates__rosidl_typesupport_fastrtps_cpp.hpp
[1.099s] -- Up-to-date: /home/strazi/RINS-kappa/workspace/install/custom_messages/lib/libcustom_messages__rosidl_typesupport_fastrtps_cpp.so
[1.099s] -- Up-to-date: /home/strazi/RINS-kappa/workspace/install/custom_messages/include/custom_messages/custom_messages
[1.100s] -- Up-to-date: /home/strazi/RINS-kappa/workspace/install/custom_messages/include/custom_messages/custom_messages/srv
[1.100s] -- Up-to-date: /home/strazi/RINS-kappa/workspace/install/custom_messages/include/custom_messages/custom_messages/srv/detail
[1.100s] -- Up-to-date: /home/strazi/RINS-kappa/workspace/install/custom_messages/include/custom_messages/custom_messages/srv/detail/shape__type_support.c
[1.100s] -- Up-to-date: /home/strazi/RINS-kappa/workspace/install/custom_messages/include/custom_messages/custom_messages/srv/detail/poses_in_front_of_faces__rosidl_typesupport_introspection_c.h
[1.100s] -- Up-to-date: /home/strazi/RINS-kappa/workspace/install/custom_messages/include/custom_messages/custom_messages/srv/detail/poses_in_front_of_faces__type_support.c
[1.100s] -- Up-to-date: /home/strazi/RINS-kappa/workspace/install/custom_messages/include/custom_messages/custom_messages/srv/detail/shape__rosidl_typesupport_introspection_c.h
[1.100s] -- Up-to-date: /home/strazi/RINS-kappa/workspace/install/custom_messages/include/custom_messages/custom_messages/msg
[1.100s] -- Up-to-date: /home/strazi/RINS-kappa/workspace/install/custom_messages/include/custom_messages/custom_messages/msg/rosidl_typesupport_introspection_c__visibility_control.h
[1.101s] -- Up-to-date: /home/strazi/RINS-kappa/workspace/install/custom_messages/include/custom_messages/custom_messages/msg/detail
[1.101s] -- Up-to-date: /home/strazi/RINS-kappa/workspace/install/custom_messages/include/custom_messages/custom_messages/msg/detail/face_coordinates__type_support.c
[1.101s] -- Up-to-date: /home/strazi/RINS-kappa/workspace/install/custom_messages/include/custom_messages/custom_messages/msg/detail/face_coordinates__rosidl_typesupport_introspection_c.h
[1.101s] -- Up-to-date: /home/strazi/RINS-kappa/workspace/install/custom_messages/lib/libcustom_messages__rosidl_typesupport_introspection_c.so
[1.101s] -- Up-to-date: /home/strazi/RINS-kappa/workspace/install/custom_messages/lib/libcustom_messages__rosidl_typesupport_c.so
[1.101s] -- Up-to-date: /home/strazi/RINS-kappa/workspace/install/custom_messages/include/custom_messages/custom_messages
[1.101s] -- Up-to-date: /home/strazi/RINS-kappa/workspace/install/custom_messages/include/custom_messages/custom_messages/srv
[1.101s] -- Up-to-date: /home/strazi/RINS-kappa/workspace/install/custom_messages/include/custom_messages/custom_messages/srv/detail
[1.101s] -- Up-to-date: /home/strazi/RINS-kappa/workspace/install/custom_messages/include/custom_messages/custom_messages/srv/detail/shape__type_support.cpp
[1.101s] -- Up-to-date: /home/strazi/RINS-kappa/workspace/install/custom_messages/include/custom_messages/custom_messages/srv/detail/poses_in_front_of_faces__rosidl_typesupport_introspection_cpp.hpp
[1.101s] -- Up-to-date: /home/strazi/RINS-kappa/workspace/install/custom_messages/include/custom_messages/custom_messages/srv/detail/shape__rosidl_typesupport_introspection_cpp.hpp
[1.101s] -- Up-to-date: /home/strazi/RINS-kappa/workspace/install/custom_messages/include/custom_messages/custom_messages/srv/detail/poses_in_front_of_faces__type_support.cpp
[1.101s] -- Up-to-date: /home/strazi/RINS-kappa/workspace/install/custom_messages/include/custom_messages/custom_messages/msg
[1.102s] -- Up-to-date: /home/strazi/RINS-kappa/workspace/install/custom_messages/include/custom_messages/custom_messages/msg/detail
[1.102s] -- Up-to-date: /home/strazi/RINS-kappa/workspace/install/custom_messages/include/custom_messages/custom_messages/msg/detail/face_coordinates__rosidl_typesupport_introspection_cpp.hpp
[1.102s] -- Up-to-date: /home/strazi/RINS-kappa/workspace/install/custom_messages/include/custom_messages/custom_messages/msg/detail/face_coordinates__type_support.cpp
[1.102s] -- Up-to-date: /home/strazi/RINS-kappa/workspace/install/custom_messages/lib/libcustom_messages__rosidl_typesupport_introspection_cpp.so
[1.102s] -- Up-to-date: /home/strazi/RINS-kappa/workspace/install/custom_messages/lib/libcustom_messages__rosidl_typesupport_cpp.so
[1.102s] -- Up-to-date: /home/strazi/RINS-kappa/workspace/install/custom_messages/share/custom_messages/environment/pythonpath.sh
[1.102s] -- Up-to-date: /home/strazi/RINS-kappa/workspace/install/custom_messages/share/custom_messages/environment/pythonpath.dsv
[1.102s] -- Up-to-date: /home/strazi/RINS-kappa/workspace/install/custom_messages/local/lib/python3.10/dist-packages/custom_messages-0.0.0-py3.10.egg-info
[1.102s] -- Installing: /home/strazi/RINS-kappa/workspace/install/custom_messages/local/lib/python3.10/dist-packages/custom_messages-0.0.0-py3.10.egg-info/SOURCES.txt
[1.102s] -- Installing: /home/strazi/RINS-kappa/workspace/install/custom_messages/local/lib/python3.10/dist-packages/custom_messages-0.0.0-py3.10.egg-info/top_level.txt
[1.102s] -- Installing: /home/strazi/RINS-kappa/workspace/install/custom_messages/local/lib/python3.10/dist-packages/custom_messages-0.0.0-py3.10.egg-info/dependency_links.txt
[1.102s] -- Installing: /home/strazi/RINS-kappa/workspace/install/custom_messages/local/lib/python3.10/dist-packages/custom_messages-0.0.0-py3.10.egg-info/PKG-INFO
[1.103s] -- Up-to-date: /home/strazi/RINS-kappa/workspace/install/custom_messages/local/lib/python3.10/dist-packages/custom_messages
[1.103s] -- Up-to-date: /home/strazi/RINS-kappa/workspace/install/custom_messages/local/lib/python3.10/dist-packages/custom_messages/_custom_messages_s.ep.rosidl_typesupport_c.c
[1.103s] -- Up-to-date: /home/strazi/RINS-kappa/workspace/install/custom_messages/local/lib/python3.10/dist-packages/custom_messages/custom_messages_s__rosidl_typesupport_introspection_c.cpython-310-x86_64-linux-gnu.so
[1.103s] -- Up-to-date: /home/strazi/RINS-kappa/workspace/install/custom_messages/local/lib/python3.10/dist-packages/custom_messages/libcustom_messages__rosidl_generator_py.so
[1.103s] -- Up-to-date: /home/strazi/RINS-kappa/workspace/install/custom_messages/local/lib/python3.10/dist-packages/custom_messages/custom_messages_s__rosidl_typesupport_fastrtps_c.cpython-310-x86_64-linux-gnu.so
[1.103s] -- Up-to-date: /home/strazi/RINS-kappa/workspace/install/custom_messages/local/lib/python3.10/dist-packages/custom_messages/_custom_messages_s.ep.rosidl_typesupport_fastrtps_c.c
[1.103s] -- Up-to-date: /home/strazi/RINS-kappa/workspace/install/custom_messages/local/lib/python3.10/dist-packages/custom_messages/srv
[1.103s] -- Up-to-date: /home/strazi/RINS-kappa/workspace/install/custom_messages/local/lib/python3.10/dist-packages/custom_messages/srv/_shape.py
[1.103s] -- Up-to-date: /home/strazi/RINS-kappa/workspace/install/custom_messages/local/lib/python3.10/dist-packages/custom_messages/srv/_shape_s.c
[1.103s] -- Up-to-date: /home/strazi/RINS-kappa/workspace/install/custom_messages/local/lib/python3.10/dist-packages/custom_messages/srv/__init__.py
[1.103s] -- Up-to-date: /home/strazi/RINS-kappa/workspace/install/custom_messages/local/lib/python3.10/dist-packages/custom_messages/srv/_poses_in_front_of_faces_s.c
[1.103s] -- Up-to-date: /home/strazi/RINS-kappa/workspace/install/custom_messages/local/lib/python3.10/dist-packages/custom_messages/srv/_poses_in_front_of_faces.py
[1.104s] -- Up-to-date: /home/strazi/RINS-kappa/workspace/install/custom_messages/local/lib/python3.10/dist-packages/custom_messages/__init__.py
[1.104s] -- Up-to-date: /home/strazi/RINS-kappa/workspace/install/custom_messages/local/lib/python3.10/dist-packages/custom_messages/_custom_messages_s.ep.rosidl_typesupport_introspection_c.c
[1.104s] -- Up-to-date: /home/strazi/RINS-kappa/workspace/install/custom_messages/local/lib/python3.10/dist-packages/custom_messages/custom_messages_s__rosidl_typesupport_c.cpython-310-x86_64-linux-gnu.so
[1.104s] -- Up-to-date: /home/strazi/RINS-kappa/workspace/install/custom_messages/local/lib/python3.10/dist-packages/custom_messages/msg
[1.104s] -- Up-to-date: /home/strazi/RINS-kappa/workspace/install/custom_messages/local/lib/python3.10/dist-packages/custom_messages/msg/_face_coordinates.py
[1.104s] -- Up-to-date: /home/strazi/RINS-kappa/workspace/install/custom_messages/local/lib/python3.10/dist-packages/custom_messages/msg/_face_coordinates_s.c
[1.104s] -- Up-to-date: /home/strazi/RINS-kappa/workspace/install/custom_messages/local/lib/python3.10/dist-packages/custom_messages/msg/__init__.py
[1.142s] Listing '/home/strazi/RINS-kappa/workspace/install/custom_messages/local/lib/python3.10/dist-packages/custom_messages'...
[1.143s] Listing '/home/strazi/RINS-kappa/workspace/install/custom_messages/local/lib/python3.10/dist-packages/custom_messages/msg'...
[1.143s] Listing '/home/strazi/RINS-kappa/workspace/install/custom_messages/local/lib/python3.10/dist-packages/custom_messages/srv'...
[1.147s] -- Up-to-date: /home/strazi/RINS-kappa/workspace/install/custom_messages/local/lib/python3.10/dist-packages/custom_messages/custom_messages_s__rosidl_typesupport_fastrtps_c.cpython-310-x86_64-linux-gnu.so
[1.148s] -- Up-to-date: /home/strazi/RINS-kappa/workspace/install/custom_messages/local/lib/python3.10/dist-packages/custom_messages/custom_messages_s__rosidl_typesupport_introspection_c.cpython-310-x86_64-linux-gnu.so
[1.148s] -- Up-to-date: /home/strazi/RINS-kappa/workspace/install/custom_messages/local/lib/python3.10/dist-packages/custom_messages/custom_messages_s__rosidl_typesupport_c.cpython-310-x86_64-linux-gnu.so
[1.149s] -- Up-to-date: /home/strazi/RINS-kappa/workspace/install/custom_messages/lib/libcustom_messages__rosidl_generator_py.so
[1.149s] -- Up-to-date: /home/strazi/RINS-kappa/workspace/install/custom_messages/share/custom_messages/msg/FaceCoordinates.idl
[1.149s] -- Up-to-date: /home/strazi/RINS-kappa/workspace/install/custom_messages/share/custom_messages/srv/Shape.idl
[1.149s] -- Up-to-date: /home/strazi/RINS-kappa/workspace/install/custom_messages/share/custom_messages/srv/PosesInFrontOfFaces.idl
[1.149s] -- Up-to-date: /home/strazi/RINS-kappa/workspace/install/custom_messages/share/custom_messages/msg/FaceCoordinates.msg
[1.149s] -- Up-to-date: /home/strazi/RINS-kappa/workspace/install/custom_messages/share/custom_messages/srv/Shape.srv
[1.149s] -- Up-to-date: /home/strazi/RINS-kappa/workspace/install/custom_messages/share/custom_messages/srv/Shape_Request.msg
[1.149s] -- Up-to-date: /home/strazi/RINS-kappa/workspace/install/custom_messages/share/custom_messages/srv/Shape_Response.msg
[1.149s] -- Up-to-date: /home/strazi/RINS-kappa/workspace/install/custom_messages/share/custom_messages/srv/PosesInFrontOfFaces.srv
[1.150s] -- Up-to-date: /home/strazi/RINS-kappa/workspace/install/custom_messages/share/custom_messages/srv/PosesInFrontOfFaces_Request.msg
[1.150s] -- Up-to-date: /home/strazi/RINS-kappa/workspace/install/custom_messages/share/custom_messages/srv/PosesInFrontOfFaces_Response.msg
[1.150s] -- Up-to-date: /home/strazi/RINS-kappa/workspace/install/custom_messages/share/ament_index/resource_index/package_run_dependencies/custom_messages
[1.150s] -- Up-to-date: /home/strazi/RINS-kappa/workspace/install/custom_messages/share/ament_index/resource_index/parent_prefix_path/custom_messages
[1.150s] -- Up-to-date: /home/strazi/RINS-kappa/workspace/install/custom_messages/share/custom_messages/environment/ament_prefix_path.sh
[1.150s] -- Up-to-date: /home/strazi/RINS-kappa/workspace/install/custom_messages/share/custom_messages/environment/ament_prefix_path.dsv
[1.150s] -- Up-to-date: /home/strazi/RINS-kappa/workspace/install/custom_messages/share/custom_messages/environment/path.sh
[1.150s] -- Up-to-date: /home/strazi/RINS-kappa/workspace/install/custom_messages/share/custom_messages/environment/path.dsv
[1.150s] -- Up-to-date: /home/strazi/RINS-kappa/workspace/install/custom_messages/share/custom_messages/local_setup.bash
[1.150s] -- Up-to-date: /home/strazi/RINS-kappa/workspace/install/custom_messages/share/custom_messages/local_setup.sh
[1.150s] -- Up-to-date: /home/strazi/RINS-kappa/workspace/install/custom_messages/share/custom_messages/local_setup.zsh
[1.151s] -- Up-to-date: /home/strazi/RINS-kappa/workspace/install/custom_messages/share/custom_messages/local_setup.dsv
[1.151s] -- Installing: /home/strazi/RINS-kappa/workspace/install/custom_messages/share/custom_messages/package.dsv
[1.151s] -- Up-to-date: /home/strazi/RINS-kappa/workspace/install/custom_messages/share/ament_index/resource_index/packages/custom_messages
[1.151s] -- Up-to-date: /home/strazi/RINS-kappa/workspace/install/custom_messages/share/custom_messages/cmake/export_custom_messages__rosidl_generator_cExport.cmake
[1.151s] -- Up-to-date: /home/strazi/RINS-kappa/workspace/install/custom_messages/share/custom_messages/cmake/export_custom_messages__rosidl_generator_cExport-noconfig.cmake
[1.151s] -- Up-to-date: /home/strazi/RINS-kappa/workspace/install/custom_messages/share/custom_messages/cmake/export_custom_messages__rosidl_typesupport_fastrtps_cExport.cmake
[1.152s] -- Up-to-date: /home/strazi/RINS-kappa/workspace/install/custom_messages/share/custom_messages/cmake/export_custom_messages__rosidl_typesupport_fastrtps_cExport-noconfig.cmake
[1.152s] -- Up-to-date: /home/strazi/RINS-kappa/workspace/install/custom_messages/share/custom_messages/cmake/export_custom_messages__rosidl_generator_cppExport.cmake
[1.152s] -- Up-to-date: /home/strazi/RINS-kappa/workspace/install/custom_messages/share/custom_messages/cmake/export_custom_messages__rosidl_typesupport_fastrtps_cppExport.cmake
[1.152s] -- Up-to-date: /home/strazi/RINS-kappa/workspace/install/custom_messages/share/custom_messages/cmake/export_custom_messages__rosidl_typesupport_fastrtps_cppExport-noconfig.cmake
[1.152s] -- Up-to-date: /home/strazi/RINS-kappa/workspace/install/custom_messages/share/custom_messages/cmake/custom_messages__rosidl_typesupport_introspection_cExport.cmake
[1.152s] -- Up-to-date: /home/strazi/RINS-kappa/workspace/install/custom_messages/share/custom_messages/cmake/custom_messages__rosidl_typesupport_introspection_cExport-noconfig.cmake
[1.152s] -- Up-to-date: /home/strazi/RINS-kappa/workspace/install/custom_messages/share/custom_messages/cmake/custom_messages__rosidl_typesupport_cExport.cmake
[1.153s] -- Up-to-date: /home/strazi/RINS-kappa/workspace/install/custom_messages/share/custom_messages/cmake/custom_messages__rosidl_typesupport_cExport-noconfig.cmake
[1.153s] -- Up-to-date: /home/strazi/RINS-kappa/workspace/install/custom_messages/share/custom_messages/cmake/custom_messages__rosidl_typesupport_introspection_cppExport.cmake
[1.153s] -- Up-to-date: /home/strazi/RINS-kappa/workspace/install/custom_messages/share/custom_messages/cmake/custom_messages__rosidl_typesupport_introspection_cppExport-noconfig.cmake
[1.153s] -- Up-to-date: /home/strazi/RINS-kappa/workspace/install/custom_messages/share/custom_messages/cmake/custom_messages__rosidl_typesupport_cppExport.cmake
[1.153s] -- Up-to-date: /home/strazi/RINS-kappa/workspace/install/custom_messages/share/custom_messages/cmake/custom_messages__rosidl_typesupport_cppExport-noconfig.cmake
[1.153s] -- Up-to-date: /home/strazi/RINS-kappa/workspace/install/custom_messages/share/custom_messages/cmake/export_custom_messages__rosidl_generator_pyExport.cmake
[1.154s] -- Up-to-date: /home/strazi/RINS-kappa/workspace/install/custom_messages/share/custom_messages/cmake/export_custom_messages__rosidl_generator_pyExport-noconfig.cmake
[1.154s] -- Up-to-date: /home/strazi/RINS-kappa/workspace/install/custom_messages/share/custom_messages/cmake/rosidl_cmake-extras.cmake
[1.155s] -- Up-to-date: /home/strazi/RINS-kappa/workspace/install/custom_messages/share/custom_messages/cmake/ament_cmake_export_dependencies-extras.cmake
[1.155s] -- Up-to-date: /home/strazi/RINS-kappa/workspace/install/custom_messages/share/custom_messages/cmake/ament_cmake_export_include_directories-extras.cmake
[1.155s] -- Up-to-date: /home/strazi/RINS-kappa/workspace/install/custom_messages/share/custom_messages/cmake/ament_cmake_export_libraries-extras.cmake
[1.156s] -- Up-to-date: /home/strazi/RINS-kappa/workspace/install/custom_messages/share/custom_messages/cmake/ament_cmake_export_targets-extras.cmake
[1.156s] -- Up-to-date: /home/strazi/RINS-kappa/workspace/install/custom_messages/share/custom_messages/cmake/rosidl_cmake_export_typesupport_targets-extras.cmake
[1.156s] -- Up-to-date: /home/strazi/RINS-kappa/workspace/install/custom_messages/share/custom_messages/cmake/rosidl_cmake_export_typesupport_libraries-extras.cmake
[1.156s] -- Up-to-date: /home/strazi/RINS-kappa/workspace/install/custom_messages/share/custom_messages/cmake/custom_messagesConfig.cmake
[1.156s] -- Up-to-date: /home/strazi/RINS-kappa/workspace/install/custom_messages/share/custom_messages/cmake/custom_messagesConfig-version.cmake
[1.156s] -- Up-to-date: /home/strazi/RINS-kappa/workspace/install/custom_messages/share/custom_messages/package.xml
[1.162s] Invoked command in '/home/strazi/RINS-kappa/workspace/build/custom_messages' returned '0': CMAKE_PREFIX_PATH=${CMAKE_PREFIX_PATH}:/home/strazi/RINS-kappa/workspace/install/dis_tutorial2:/opt/ros/humble /usr/bin/cmake --install /home/strazi/RINS-kappa/workspace/build/custom_messages
