[0.184s] Invoking command in '/home/thelegend442/faxic/RINS-kappa/workspace/build/dis_tutorial3': CMAKE_PREFIX_PATH=${CMAKE_PREFIX_PATH}:/home/thelegend442/faxic/RINS-kappa/workspace/install/dis_tutorial2:/opt/ros/humble /usr/bin/cmake /home/thelegend442/faxic/RINS-kappa/workspace/src/dis_tutorial3 -DCMAKE_INSTALL_PREFIX=/home/thelegend442/faxic/RINS-kappa/workspace/install/dis_tutorial3
[0.233s] -- The C compiler identification is GNU 11.4.0
[0.284s] -- The CXX compiler identification is GNU 11.4.0
[0.290s] -- Detecting C compiler ABI info
[0.356s] -- Detecting C compiler ABI info - done
[0.362s] -- Check for working C compiler: /usr/bin/cc - skipped
[0.362s] -- Detecting C compile features
[0.362s] -- Detecting C compile features - done
[0.365s] -- Detecting CXX compiler ABI info
[0.444s] -- Detecting CXX compiler ABI info - done
[0.451s] -- Check for working CXX compiler: /usr/bin/c++ - skipped
[0.451s] -- Detecting CXX compile features
[0.451s] -- Detecting CXX compile features - done
[0.454s] -- Found ament_cmake: 1.3.11 (/opt/ros/humble/share/ament_cmake/cmake)
[0.827s] -- Found Python3: /usr/bin/python3 (found version "3.10.12") found components: Interpreter 
[0.916s] -- Found rclcpp: 16.0.11 (/opt/ros/humble/share/rclcpp/cmake)
[0.954s] -- Found rosidl_generator_c: 3.1.6 (/opt/ros/humble/share/rosidl_generator_c/cmake)
[0.958s] -- Found rosidl_adapter: 3.1.6 (/opt/ros/humble/share/rosidl_adapter/cmake)
[0.966s] -- Found rosidl_generator_cpp: 3.1.6 (/opt/ros/humble/share/rosidl_generator_cpp/cmake)
[0.976s] -- Using all available rosidl_typesupport_c: rosidl_typesupport_fastrtps_c;rosidl_typesupport_introspection_c
[0.990s] -- Using all available rosidl_typesupport_cpp: rosidl_typesupport_fastrtps_cpp;rosidl_typesupport_introspection_cpp
[1.031s] -- Found rmw_implementation_cmake: 6.1.2 (/opt/ros/humble/share/rmw_implementation_cmake/cmake)
[1.035s] -- Found rmw_fastrtps_cpp: 6.2.7 (/opt/ros/humble/share/rmw_fastrtps_cpp/cmake)
[1.141s] -- Found OpenSSL: /usr/lib/x86_64-linux-gnu/libcrypto.so (found version "3.0.2")  
[1.170s] -- Found FastRTPS: /opt/ros/humble/include  
[1.213s] -- Using RMW implementation 'rmw_fastrtps_cpp' as default
[1.222s] -- Looking for pthread.h
[1.290s] -- Looking for pthread.h - found
[1.291s] -- Performing Test CMAKE_HAVE_LIBC_PTHREAD
[1.360s] -- Performing Test CMAKE_HAVE_LIBC_PTHREAD - Success
[1.361s] -- Found Threads: TRUE  
[1.403s] -- Found rclpy: 3.3.15 (/opt/ros/humble/share/rclpy/cmake)
[1.404s] -- Found std_srvs: 4.2.4 (/opt/ros/humble/share/std_srvs/cmake)
[1.469s] -- Configuring done
[1.473s] -- Generating done
[1.475s] -- Build files have been written to: /home/thelegend442/faxic/RINS-kappa/workspace/build/dis_tutorial3
[1.485s] Invoked command in '/home/thelegend442/faxic/RINS-kappa/workspace/build/dis_tutorial3' returned '0': CMAKE_PREFIX_PATH=${CMAKE_PREFIX_PATH}:/home/thelegend442/faxic/RINS-kappa/workspace/install/dis_tutorial2:/opt/ros/humble /usr/bin/cmake /home/thelegend442/faxic/RINS-kappa/workspace/src/dis_tutorial3 -DCMAKE_INSTALL_PREFIX=/home/thelegend442/faxic/RINS-kappa/workspace/install/dis_tutorial3
[1.486s] Invoking command in '/home/thelegend442/faxic/RINS-kappa/workspace/build/dis_tutorial3': CMAKE_PREFIX_PATH=${CMAKE_PREFIX_PATH}:/home/thelegend442/faxic/RINS-kappa/workspace/install/dis_tutorial2:/opt/ros/humble /usr/bin/cmake --build /home/thelegend442/faxic/RINS-kappa/workspace/build/dis_tutorial3 -- -j16 -l16
[1.526s] Invoked command in '/home/thelegend442/faxic/RINS-kappa/workspace/build/dis_tutorial3' returned '0': CMAKE_PREFIX_PATH=${CMAKE_PREFIX_PATH}:/home/thelegend442/faxic/RINS-kappa/workspace/install/dis_tutorial2:/opt/ros/humble /usr/bin/cmake --build /home/thelegend442/faxic/RINS-kappa/workspace/build/dis_tutorial3 -- -j16 -l16
[1.537s] Invoking command in '/home/thelegend442/faxic/RINS-kappa/workspace/build/dis_tutorial3': CMAKE_PREFIX_PATH=${CMAKE_PREFIX_PATH}:/home/thelegend442/faxic/RINS-kappa/workspace/install/dis_tutorial2:/opt/ros/humble /usr/bin/cmake --install /home/thelegend442/faxic/RINS-kappa/workspace/build/dis_tutorial3
[1.543s] -- Install configuration: ""
[1.543s] -- Installing: /home/thelegend442/faxic/RINS-kappa/workspace/install/dis_tutorial3/share/dis_tutorial3//launch
[1.544s] -- Installing: /home/thelegend442/faxic/RINS-kappa/workspace/install/dis_tutorial3/share/dis_tutorial3//launch/dis_sim.launch.py
[1.544s] -- Installing: /home/thelegend442/faxic/RINS-kappa/workspace/install/dis_tutorial3/share/dis_tutorial3//launch/nav2.launch.py
[1.544s] -- Installing: /home/thelegend442/faxic/RINS-kappa/workspace/install/dis_tutorial3/share/dis_tutorial3//launch/sim_turtlebot_slam.launch.py
[1.544s] -- Installing: /home/thelegend442/faxic/RINS-kappa/workspace/install/dis_tutorial3/share/dis_tutorial3//launch/slam.launch.py
[1.544s] -- Installing: /home/thelegend442/faxic/RINS-kappa/workspace/install/dis_tutorial3/share/dis_tutorial3//launch/create3_nodes.launch.py
[1.544s] -- Installing: /home/thelegend442/faxic/RINS-kappa/workspace/install/dis_tutorial3/share/dis_tutorial3//launch/ignition.launch.py
[1.544s] -- Installing: /home/thelegend442/faxic/RINS-kappa/workspace/install/dis_tutorial3/share/dis_tutorial3//launch/turtlebot4_spawn.launch.py
[1.544s] -- Installing: /home/thelegend442/faxic/RINS-kappa/workspace/install/dis_tutorial3/share/dis_tutorial3//launch/task_1_launch.py
[1.544s] -- Installing: /home/thelegend442/faxic/RINS-kappa/workspace/install/dis_tutorial3/share/dis_tutorial3//launch/sim_turtlebot_nav.launch.py
[1.545s] -- Installing: /home/thelegend442/faxic/RINS-kappa/workspace/install/dis_tutorial3/share/dis_tutorial3//launch/turtlebot4_spawn_nav.launch.py
[1.545s] -- Installing: /home/thelegend442/faxic/RINS-kappa/workspace/install/dis_tutorial3/share/dis_tutorial3//launch/localization.launch.py
[1.545s] -- Installing: /home/thelegend442/faxic/RINS-kappa/workspace/install/dis_tutorial3/share/dis_tutorial3//config
[1.545s] -- Installing: /home/thelegend442/faxic/RINS-kappa/workspace/install/dis_tutorial3/share/dis_tutorial3//config/laser_filter_chain.yaml
[1.545s] -- Installing: /home/thelegend442/faxic/RINS-kappa/workspace/install/dis_tutorial3/share/dis_tutorial3//config/nav2.yaml
[1.545s] -- Installing: /home/thelegend442/faxic/RINS-kappa/workspace/install/dis_tutorial3/share/dis_tutorial3//config/slam.yaml
[1.545s] -- Installing: /home/thelegend442/faxic/RINS-kappa/workspace/install/dis_tutorial3/share/dis_tutorial3//config/localization.yaml
[1.546s] -- Installing: /home/thelegend442/faxic/RINS-kappa/workspace/install/dis_tutorial3/share/dis_tutorial3//worlds
[1.546s] -- Installing: /home/thelegend442/faxic/RINS-kappa/workspace/install/dis_tutorial3/share/dis_tutorial3//worlds/task2_demo1.sdf
[1.546s] -- Installing: /home/thelegend442/faxic/RINS-kappa/workspace/install/dis_tutorial3/share/dis_tutorial3//worlds/demo1.sdf
[1.546s] -- Installing: /home/thelegend442/faxic/RINS-kappa/workspace/install/dis_tutorial3/share/dis_tutorial3//worlds/task3_meshes
[1.546s] -- Installing: /home/thelegend442/faxic/RINS-kappa/workspace/install/dis_tutorial3/share/dis_tutorial3//worlds/task3_meshes/map_colliders.dae
[1.546s] -- Installing: /home/thelegend442/faxic/RINS-kappa/workspace/install/dis_tutorial3/share/dis_tutorial3//worlds/task3_meshes/fakering1.jpg
[1.547s] -- Installing: /home/thelegend442/faxic/RINS-kappa/workspace/install/dis_tutorial3/share/dis_tutorial3//worlds/task3_meshes/parking_space.jpg
[1.547s] -- Installing: /home/thelegend442/faxic/RINS-kappa/workspace/install/dis_tutorial3/share/dis_tutorial3//worlds/task3_meshes/villager4.png
[1.547s] -- Installing: /home/thelegend442/faxic/RINS-kappa/workspace/install/dis_tutorial3/share/dis_tutorial3//worlds/task3_meshes/qr_cheat.png
[1.547s] -- Installing: /home/thelegend442/faxic/RINS-kappa/workspace/install/dis_tutorial3/share/dis_tutorial3//worlds/task3_meshes/anomona_4.png
[1.548s] -- Installing: /home/thelegend442/faxic/RINS-kappa/workspace/install/dis_tutorial3/share/dis_tutorial3//worlds/task3_meshes/mona.png
[1.548s] -- Installing: /home/thelegend442/faxic/RINS-kappa/workspace/install/dis_tutorial3/share/dis_tutorial3//worlds/task3_meshes/villager1.png
[1.549s] -- Installing: /home/thelegend442/faxic/RINS-kappa/workspace/install/dis_tutorial3/share/dis_tutorial3//worlds/task3_meshes/objects.jpg
[1.549s] -- Installing: /home/thelegend442/faxic/RINS-kappa/workspace/install/dis_tutorial3/share/dis_tutorial3//worlds/task3_meshes/fakering2.jpg
[1.549s] -- Installing: /home/thelegend442/faxic/RINS-kappa/workspace/install/dis_tutorial3/share/dis_tutorial3//worlds/task3_meshes/easy_anomona_0.png
[1.550s] -- Installing: /home/thelegend442/faxic/RINS-kappa/workspace/install/dis_tutorial3/share/dis_tutorial3//worlds/task3_meshes/villager3.png
[1.550s] -- Installing: /home/thelegend442/faxic/RINS-kappa/workspace/install/dis_tutorial3/share/dis_tutorial3//worlds/task3_meshes/qr_url.png
[1.550s] -- Installing: /home/thelegend442/faxic/RINS-kappa/workspace/install/dis_tutorial3/share/dis_tutorial3//worlds/task3_meshes/ground.jpg
[1.551s] -- Installing: /home/thelegend442/faxic/RINS-kappa/workspace/install/dis_tutorial3/share/dis_tutorial3//worlds/task3_meshes/villager5.png
[1.551s] -- Installing: /home/thelegend442/faxic/RINS-kappa/workspace/install/dis_tutorial3/share/dis_tutorial3//worlds/task3_meshes/fakering3.jpg
[1.551s] -- Installing: /home/thelegend442/faxic/RINS-kappa/workspace/install/dis_tutorial3/share/dis_tutorial3//worlds/task3_meshes/cylinders.jpg
[1.551s] -- Installing: /home/thelegend442/faxic/RINS-kappa/workspace/install/dis_tutorial3/share/dis_tutorial3//worlds/task3_meshes/easy_anomona_1.png
[1.552s] -- Installing: /home/thelegend442/faxic/RINS-kappa/workspace/install/dis_tutorial3/share/dis_tutorial3//worlds/task3_meshes/anomona_3.png
[1.552s] -- Installing: /home/thelegend442/faxic/RINS-kappa/workspace/install/dis_tutorial3/share/dis_tutorial3//worlds/task3_meshes/easy_anomona_3.png
[1.553s] -- Installing: /home/thelegend442/faxic/RINS-kappa/workspace/install/dis_tutorial3/share/dis_tutorial3//worlds/task3_meshes/anomona_1.png
[1.553s] -- Installing: /home/thelegend442/faxic/RINS-kappa/workspace/install/dis_tutorial3/share/dis_tutorial3//worlds/task3_meshes/map.dae
[1.554s] -- Installing: /home/thelegend442/faxic/RINS-kappa/workspace/install/dis_tutorial3/share/dis_tutorial3//worlds/task3_meshes/villager2.png
[1.554s] -- Installing: /home/thelegend442/faxic/RINS-kappa/workspace/install/dis_tutorial3/share/dis_tutorial3//worlds/task3_meshes/anomona_0.png
[1.555s] -- Installing: /home/thelegend442/faxic/RINS-kappa/workspace/install/dis_tutorial3/share/dis_tutorial3//worlds/task3_meshes/anomona_2.png
[1.555s] -- Installing: /home/thelegend442/faxic/RINS-kappa/workspace/install/dis_tutorial3/share/dis_tutorial3//worlds/task3_meshes/easy_anomona_2.png
[1.556s] -- Installing: /home/thelegend442/faxic/RINS-kappa/workspace/install/dis_tutorial3/share/dis_tutorial3//worlds/task3_meshes/easy_anomona_4.png
[1.556s] -- Installing: /home/thelegend442/faxic/RINS-kappa/workspace/install/dis_tutorial3/share/dis_tutorial3//worlds/task3_meshes/qr_wrong.png
[1.556s] -- Installing: /home/thelegend442/faxic/RINS-kappa/workspace/install/dis_tutorial3/share/dis_tutorial3//worlds/demo2.sdf
[1.556s] -- Installing: /home/thelegend442/faxic/RINS-kappa/workspace/install/dis_tutorial3/share/dis_tutorial3//worlds/task3.sdf
[1.556s] -- Installing: /home/thelegend442/faxic/RINS-kappa/workspace/install/dis_tutorial3/share/dis_tutorial3//worlds/dis_meshes
[1.557s] -- Installing: /home/thelegend442/faxic/RINS-kappa/workspace/install/dis_tutorial3/share/dis_tutorial3//worlds/dis_meshes/map_colliders.dae
[1.557s] -- Installing: /home/thelegend442/faxic/RINS-kappa/workspace/install/dis_tutorial3/share/dis_tutorial3//worlds/dis_meshes/fakering1.jpg
[1.557s] -- Installing: /home/thelegend442/faxic/RINS-kappa/workspace/install/dis_tutorial3/share/dis_tutorial3//worlds/dis_meshes/parking_space.jpg
[1.558s] -- Installing: /home/thelegend442/faxic/RINS-kappa/workspace/install/dis_tutorial3/share/dis_tutorial3//worlds/dis_meshes/davinci.jpg
[1.558s] -- Installing: /home/thelegend442/faxic/RINS-kappa/workspace/install/dis_tutorial3/share/dis_tutorial3//worlds/dis_meshes/qr1.jpg
[1.558s] -- Installing: /home/thelegend442/faxic/RINS-kappa/workspace/install/dis_tutorial3/share/dis_tutorial3//worlds/dis_meshes/person5.jpg
[1.558s] -- Installing: /home/thelegend442/faxic/RINS-kappa/workspace/install/dis_tutorial3/share/dis_tutorial3//worlds/dis_meshes/objects.jpg
[1.559s] -- Installing: /home/thelegend442/faxic/RINS-kappa/workspace/install/dis_tutorial3/share/dis_tutorial3//worlds/dis_meshes/fakering2.jpg
[1.559s] -- Installing: /home/thelegend442/faxic/RINS-kappa/workspace/install/dis_tutorial3/share/dis_tutorial3//worlds/dis_meshes/wood.jpg
[1.559s] -- Installing: /home/thelegend442/faxic/RINS-kappa/workspace/install/dis_tutorial3/share/dis_tutorial3//worlds/dis_meshes/person4.jpg
[1.559s] -- Installing: /home/thelegend442/faxic/RINS-kappa/workspace/install/dis_tutorial3/share/dis_tutorial3//worlds/dis_meshes/person2.jpg
[1.559s] -- Installing: /home/thelegend442/faxic/RINS-kappa/workspace/install/dis_tutorial3/share/dis_tutorial3//worlds/dis_meshes/qr2.jpg
[1.560s] -- Installing: /home/thelegend442/faxic/RINS-kappa/workspace/install/dis_tutorial3/share/dis_tutorial3//worlds/dis_meshes/person1.jpg
[1.560s] -- Installing: /home/thelegend442/faxic/RINS-kappa/workspace/install/dis_tutorial3/share/dis_tutorial3//worlds/dis_meshes/ground.jpg
[1.560s] -- Installing: /home/thelegend442/faxic/RINS-kappa/workspace/install/dis_tutorial3/share/dis_tutorial3//worlds/dis_meshes/fakering3.jpg
[1.560s] -- Installing: /home/thelegend442/faxic/RINS-kappa/workspace/install/dis_tutorial3/share/dis_tutorial3//worlds/dis_meshes/cylinders.jpg
[1.561s] -- Installing: /home/thelegend442/faxic/RINS-kappa/workspace/install/dis_tutorial3/share/dis_tutorial3//worlds/dis_meshes/map.dae
[1.561s] -- Installing: /home/thelegend442/faxic/RINS-kappa/workspace/install/dis_tutorial3/share/dis_tutorial3//worlds/dis_meshes/person3.jpg
[1.562s] -- Installing: /home/thelegend442/faxic/RINS-kappa/workspace/install/dis_tutorial3/share/dis_tutorial3//worlds/dis_meshes/mona1.jpg
[1.562s] -- Installing: /home/thelegend442/faxic/RINS-kappa/workspace/install/dis_tutorial3/share/dis_tutorial3//worlds/empty.sdf
[1.562s] -- Installing: /home/thelegend442/faxic/RINS-kappa/workspace/install/dis_tutorial3/share/dis_tutorial3//worlds/task2_demo2_meshes
[1.562s] -- Installing: /home/thelegend442/faxic/RINS-kappa/workspace/install/dis_tutorial3/share/dis_tutorial3//worlds/task2_demo2_meshes/map_colliders.dae
[1.563s] -- Installing: /home/thelegend442/faxic/RINS-kappa/workspace/install/dis_tutorial3/share/dis_tutorial3//worlds/task2_demo2_meshes/fakering1.jpg
[1.563s] -- Installing: /home/thelegend442/faxic/RINS-kappa/workspace/install/dis_tutorial3/share/dis_tutorial3//worlds/task2_demo2_meshes/parking_space.jpg
[1.563s] -- Installing: /home/thelegend442/faxic/RINS-kappa/workspace/install/dis_tutorial3/share/dis_tutorial3//worlds/task2_demo2_meshes/objects.jpg
[1.563s] -- Installing: /home/thelegend442/faxic/RINS-kappa/workspace/install/dis_tutorial3/share/dis_tutorial3//worlds/task2_demo2_meshes/fakering2.jpg
[1.564s] -- Installing: /home/thelegend442/faxic/RINS-kappa/workspace/install/dis_tutorial3/share/dis_tutorial3//worlds/task2_demo2_meshes/ground.jpg
[1.564s] -- Installing: /home/thelegend442/faxic/RINS-kappa/workspace/install/dis_tutorial3/share/dis_tutorial3//worlds/task2_demo2_meshes/fakering3.jpg
[1.564s] -- Installing: /home/thelegend442/faxic/RINS-kappa/workspace/install/dis_tutorial3/share/dis_tutorial3//worlds/task2_demo2_meshes/cylinders.jpg
[1.564s] -- Installing: /home/thelegend442/faxic/RINS-kappa/workspace/install/dis_tutorial3/share/dis_tutorial3//worlds/task2_demo2_meshes/map.dae
[1.565s] -- Installing: /home/thelegend442/faxic/RINS-kappa/workspace/install/dis_tutorial3/share/dis_tutorial3//worlds/demo2_meshes
[1.565s] -- Installing: /home/thelegend442/faxic/RINS-kappa/workspace/install/dis_tutorial3/share/dis_tutorial3//worlds/demo2_meshes/map_colliders.dae
[1.565s] -- Installing: /home/thelegend442/faxic/RINS-kappa/workspace/install/dis_tutorial3/share/dis_tutorial3//worlds/demo2_meshes/fakering1.jpg
[1.566s] -- Installing: /home/thelegend442/faxic/RINS-kappa/workspace/install/dis_tutorial3/share/dis_tutorial3//worlds/demo2_meshes/parking_space.jpg
[1.566s] -- Installing: /home/thelegend442/faxic/RINS-kappa/workspace/install/dis_tutorial3/share/dis_tutorial3//worlds/demo2_meshes/qr1.jpg
[1.566s] -- Installing: /home/thelegend442/faxic/RINS-kappa/workspace/install/dis_tutorial3/share/dis_tutorial3//worlds/demo2_meshes/person18.png
[1.567s] -- Installing: /home/thelegend442/faxic/RINS-kappa/workspace/install/dis_tutorial3/share/dis_tutorial3//worlds/demo2_meshes/objects.jpg
[1.567s] -- Installing: /home/thelegend442/faxic/RINS-kappa/workspace/install/dis_tutorial3/share/dis_tutorial3//worlds/demo2_meshes/fakering2.jpg
[1.567s] -- Installing: /home/thelegend442/faxic/RINS-kappa/workspace/install/dis_tutorial3/share/dis_tutorial3//worlds/demo2_meshes/qr2.jpg
[1.567s] -- Installing: /home/thelegend442/faxic/RINS-kappa/workspace/install/dis_tutorial3/share/dis_tutorial3//worlds/demo2_meshes/ground.jpg
[1.567s] -- Installing: /home/thelegend442/faxic/RINS-kappa/workspace/install/dis_tutorial3/share/dis_tutorial3//worlds/demo2_meshes/person7.png
[1.568s] -- Installing: /home/thelegend442/faxic/RINS-kappa/workspace/install/dis_tutorial3/share/dis_tutorial3//worlds/demo2_meshes/fakering3.jpg
[1.568s] -- Installing: /home/thelegend442/faxic/RINS-kappa/workspace/install/dis_tutorial3/share/dis_tutorial3//worlds/demo2_meshes/cylinders.jpg
[1.568s] -- Installing: /home/thelegend442/faxic/RINS-kappa/workspace/install/dis_tutorial3/share/dis_tutorial3//worlds/demo2_meshes/person9.png
[1.569s] -- Installing: /home/thelegend442/faxic/RINS-kappa/workspace/install/dis_tutorial3/share/dis_tutorial3//worlds/demo2_meshes/person20.png
[1.569s] -- Installing: /home/thelegend442/faxic/RINS-kappa/workspace/install/dis_tutorial3/share/dis_tutorial3//worlds/demo2_meshes/person8.png
[1.570s] -- Installing: /home/thelegend442/faxic/RINS-kappa/workspace/install/dis_tutorial3/share/dis_tutorial3//worlds/demo2_meshes/map.dae
[1.570s] -- Installing: /home/thelegend442/faxic/RINS-kappa/workspace/install/dis_tutorial3/share/dis_tutorial3//worlds/demo2_meshes/person6.png
[1.571s] -- Installing: /home/thelegend442/faxic/RINS-kappa/workspace/install/dis_tutorial3/share/dis_tutorial3//worlds/task2_demo1_meshes
[1.571s] -- Installing: /home/thelegend442/faxic/RINS-kappa/workspace/install/dis_tutorial3/share/dis_tutorial3//worlds/task2_demo1_meshes/map_colliders.dae
[1.571s] -- Installing: /home/thelegend442/faxic/RINS-kappa/workspace/install/dis_tutorial3/share/dis_tutorial3//worlds/task2_demo1_meshes/fakering1.jpg
[1.571s] -- Installing: /home/thelegend442/faxic/RINS-kappa/workspace/install/dis_tutorial3/share/dis_tutorial3//worlds/task2_demo1_meshes/parking_space.jpg
[1.572s] -- Installing: /home/thelegend442/faxic/RINS-kappa/workspace/install/dis_tutorial3/share/dis_tutorial3//worlds/task2_demo1_meshes/objects.jpg
[1.572s] -- Installing: /home/thelegend442/faxic/RINS-kappa/workspace/install/dis_tutorial3/share/dis_tutorial3//worlds/task2_demo1_meshes/fakering2.jpg
[1.572s] -- Installing: /home/thelegend442/faxic/RINS-kappa/workspace/install/dis_tutorial3/share/dis_tutorial3//worlds/task2_demo1_meshes/ground.jpg
[1.572s] -- Installing: /home/thelegend442/faxic/RINS-kappa/workspace/install/dis_tutorial3/share/dis_tutorial3//worlds/task2_demo1_meshes/fakering3.jpg
[1.572s] -- Installing: /home/thelegend442/faxic/RINS-kappa/workspace/install/dis_tutorial3/share/dis_tutorial3//worlds/task2_demo1_meshes/cylinders.jpg
[1.572s] -- Installing: /home/thelegend442/faxic/RINS-kappa/workspace/install/dis_tutorial3/share/dis_tutorial3//worlds/task2_demo1_meshes/map.dae
[1.573s] -- Installing: /home/thelegend442/faxic/RINS-kappa/workspace/install/dis_tutorial3/share/dis_tutorial3//worlds/demo1_meshes
[1.573s] -- Installing: /home/thelegend442/faxic/RINS-kappa/workspace/install/dis_tutorial3/share/dis_tutorial3//worlds/demo1_meshes/map_colliders.dae
[1.573s] -- Installing: /home/thelegend442/faxic/RINS-kappa/workspace/install/dis_tutorial3/share/dis_tutorial3//worlds/demo1_meshes/person3.png
[1.574s] -- Installing: /home/thelegend442/faxic/RINS-kappa/workspace/install/dis_tutorial3/share/dis_tutorial3//worlds/demo1_meshes/fakering1.jpg
[1.574s] -- Installing: /home/thelegend442/faxic/RINS-kappa/workspace/install/dis_tutorial3/share/dis_tutorial3//worlds/demo1_meshes/person5.png
[1.574s] -- Installing: /home/thelegend442/faxic/RINS-kappa/workspace/install/dis_tutorial3/share/dis_tutorial3//worlds/demo1_meshes/parking_space.jpg
[1.575s] -- Installing: /home/thelegend442/faxic/RINS-kappa/workspace/install/dis_tutorial3/share/dis_tutorial3//worlds/demo1_meshes/qr1.jpg
[1.575s] -- Installing: /home/thelegend442/faxic/RINS-kappa/workspace/install/dis_tutorial3/share/dis_tutorial3//worlds/demo1_meshes/person2.png
[1.575s] -- Installing: /home/thelegend442/faxic/RINS-kappa/workspace/install/dis_tutorial3/share/dis_tutorial3//worlds/demo1_meshes/objects.jpg
[1.575s] -- Installing: /home/thelegend442/faxic/RINS-kappa/workspace/install/dis_tutorial3/share/dis_tutorial3//worlds/demo1_meshes/fakering2.jpg
[1.576s] -- Installing: /home/thelegend442/faxic/RINS-kappa/workspace/install/dis_tutorial3/share/dis_tutorial3//worlds/demo1_meshes/qr2.jpg
[1.576s] -- Installing: /home/thelegend442/faxic/RINS-kappa/workspace/install/dis_tutorial3/share/dis_tutorial3//worlds/demo1_meshes/ground.jpg
[1.576s] -- Installing: /home/thelegend442/faxic/RINS-kappa/workspace/install/dis_tutorial3/share/dis_tutorial3//worlds/demo1_meshes/fakering3.jpg
[1.576s] -- Installing: /home/thelegend442/faxic/RINS-kappa/workspace/install/dis_tutorial3/share/dis_tutorial3//worlds/demo1_meshes/cylinders.jpg
[1.576s] -- Installing: /home/thelegend442/faxic/RINS-kappa/workspace/install/dis_tutorial3/share/dis_tutorial3//worlds/demo1_meshes/person4.png
[1.577s] -- Installing: /home/thelegend442/faxic/RINS-kappa/workspace/install/dis_tutorial3/share/dis_tutorial3//worlds/demo1_meshes/map.dae
[1.577s] -- Installing: /home/thelegend442/faxic/RINS-kappa/workspace/install/dis_tutorial3/share/dis_tutorial3//worlds/demo1_meshes/person11.png
[1.578s] -- Installing: /home/thelegend442/faxic/RINS-kappa/workspace/install/dis_tutorial3/share/dis_tutorial3//worlds/demo1_meshes/person1.png
[1.578s] -- Installing: /home/thelegend442/faxic/RINS-kappa/workspace/install/dis_tutorial3/share/dis_tutorial3//worlds/dis.sdf
[1.579s] -- Installing: /home/thelegend442/faxic/RINS-kappa/workspace/install/dis_tutorial3/share/dis_tutorial3//worlds/task2_demo2.sdf
[1.579s] -- Installing: /home/thelegend442/faxic/RINS-kappa/workspace/install/dis_tutorial3/share/dis_tutorial3//maps
[1.579s] -- Installing: /home/thelegend442/faxic/RINS-kappa/workspace/install/dis_tutorial3/share/dis_tutorial3//maps/nasa_map.yaml
[1.579s] -- Installing: /home/thelegend442/faxic/RINS-kappa/workspace/install/dis_tutorial3/share/dis_tutorial3//maps/map.pgm
[1.579s] -- Installing: /home/thelegend442/faxic/RINS-kappa/workspace/install/dis_tutorial3/share/dis_tutorial3//maps/map.yaml
[1.579s] -- Installing: /home/thelegend442/faxic/RINS-kappa/workspace/install/dis_tutorial3/share/dis_tutorial3//maps/nasa_mapa.pgm
[1.579s] -- Installing: /home/thelegend442/faxic/RINS-kappa/workspace/install/dis_tutorial3/lib/dis_tutorial3/detect_people.py
[1.580s] -- Installing: /home/thelegend442/faxic/RINS-kappa/workspace/install/dis_tutorial3/lib/dis_tutorial3/robot_commander.py
[1.580s] -- Installing: /home/thelegend442/faxic/RINS-kappa/workspace/install/dis_tutorial3/lib/dis_tutorial3/save_faces.py
[1.580s] -- Installing: /home/thelegend442/faxic/RINS-kappa/workspace/install/dis_tutorial3/share/ament_index/resource_index/package_run_dependencies/dis_tutorial3
[1.580s] -- Installing: /home/thelegend442/faxic/RINS-kappa/workspace/install/dis_tutorial3/share/ament_index/resource_index/parent_prefix_path/dis_tutorial3
[1.581s] -- Installing: /home/thelegend442/faxic/RINS-kappa/workspace/install/dis_tutorial3/share/dis_tutorial3/environment/ament_prefix_path.sh
[1.581s] -- Installing: /home/thelegend442/faxic/RINS-kappa/workspace/install/dis_tutorial3/share/dis_tutorial3/environment/ament_prefix_path.dsv
[1.581s] -- Installing: /home/thelegend442/faxic/RINS-kappa/workspace/install/dis_tutorial3/share/dis_tutorial3/environment/path.sh
[1.581s] -- Installing: /home/thelegend442/faxic/RINS-kappa/workspace/install/dis_tutorial3/share/dis_tutorial3/environment/path.dsv
[1.581s] -- Installing: /home/thelegend442/faxic/RINS-kappa/workspace/install/dis_tutorial3/share/dis_tutorial3/local_setup.bash
[1.582s] -- Installing: /home/thelegend442/faxic/RINS-kappa/workspace/install/dis_tutorial3/share/dis_tutorial3/local_setup.sh
[1.582s] -- Installing: /home/thelegend442/faxic/RINS-kappa/workspace/install/dis_tutorial3/share/dis_tutorial3/local_setup.zsh
[1.582s] -- Installing: /home/thelegend442/faxic/RINS-kappa/workspace/install/dis_tutorial3/share/dis_tutorial3/local_setup.dsv
[1.582s] -- Installing: /home/thelegend442/faxic/RINS-kappa/workspace/install/dis_tutorial3/share/dis_tutorial3/package.dsv
[1.582s] -- Installing: /home/thelegend442/faxic/RINS-kappa/workspace/install/dis_tutorial3/share/ament_index/resource_index/packages/dis_tutorial3
[1.583s] -- Installing: /home/thelegend442/faxic/RINS-kappa/workspace/install/dis_tutorial3/share/dis_tutorial3/cmake/dis_tutorial3Config.cmake
[1.583s] -- Installing: /home/thelegend442/faxic/RINS-kappa/workspace/install/dis_tutorial3/share/dis_tutorial3/cmake/dis_tutorial3Config-version.cmake
[1.583s] -- Installing: /home/thelegend442/faxic/RINS-kappa/workspace/install/dis_tutorial3/share/dis_tutorial3/package.xml
[1.586s] Invoked command in '/home/thelegend442/faxic/RINS-kappa/workspace/build/dis_tutorial3' returned '0': CMAKE_PREFIX_PATH=${CMAKE_PREFIX_PATH}:/home/thelegend442/faxic/RINS-kappa/workspace/install/dis_tutorial2:/opt/ros/humble /usr/bin/cmake --install /home/thelegend442/faxic/RINS-kappa/workspace/build/dis_tutorial3
