[0.203s] Invoking command in '/home/thelegend442/faxic/RINS-kappa/workspace/build/dis_tutorial3': CMAKE_PREFIX_PATH=${CMAKE_PREFIX_PATH}:/home/thelegend442/faxic/RINS-kappa/workspace/install/dis_tutorial2:/opt/ros/humble /usr/bin/cmake /home/thelegend442/faxic/RINS-kappa/workspace/src/dis_tutorial3 -DCMAKE_INSTALL_PREFIX=/home/thelegend442/faxic/RINS-kappa/workspace/install/dis_tutorial3
[0.260s] -- The C compiler identification is GNU 11.4.0
[0.323s] -- The CXX compiler identification is GNU 11.4.0
[0.329s] -- Detecting C compiler ABI info
[0.418s] -- Detecting C compiler ABI info - done
[0.427s] -- Check for working C compiler: /usr/bin/cc - skipped
[0.428s] -- Detecting C compile features
[0.428s] -- Detecting C compile features - done
[0.430s] -- Detecting CXX compiler ABI info
[0.568s] -- Detecting CXX compiler ABI info - done
[0.581s] -- Check for working CXX compiler: /usr/bin/c++ - skipped
[0.581s] -- Detecting CXX compile features
[0.581s] -- Detecting CXX compile features - done
[0.585s] -- Found ament_cmake: 1.3.11 (/opt/ros/humble/share/ament_cmake/cmake)
[1.277s] -- Found Python3: /usr/bin/python3 (found version "3.10.12") found components: Interpreter 
[1.525s] -- Found rclcpp: 16.0.12 (/opt/ros/humble/share/rclcpp/cmake)
[1.603s] -- Found rosidl_generator_c: 3.1.6 (/opt/ros/humble/share/rosidl_generator_c/cmake)
[1.609s] -- Found rosidl_adapter: 3.1.6 (/opt/ros/humble/share/rosidl_adapter/cmake)
[1.626s] -- Found rosidl_generator_cpp: 3.1.6 (/opt/ros/humble/share/rosidl_generator_cpp/cmake)
[1.639s] -- Using all available rosidl_typesupport_c: rosidl_typesupport_fastrtps_c;rosidl_typesupport_introspection_c
[1.662s] -- Using all available rosidl_typesupport_cpp: rosidl_typesupport_fastrtps_cpp;rosidl_typesupport_introspection_cpp
[1.748s] -- Found rmw_implementation_cmake: 6.1.2 (/opt/ros/humble/share/rmw_implementation_cmake/cmake)
[1.754s] -- Found rmw_fastrtps_cpp: 6.2.7 (/opt/ros/humble/share/rmw_fastrtps_cpp/cmake)
[1.966s] -- Found OpenSSL: /usr/lib/x86_64-linux-gnu/libcrypto.so (found version "3.0.2")  
[2.034s] -- Found FastRTPS: /opt/ros/humble/include  
[2.126s] -- Using RMW implementation 'rmw_fastrtps_cpp' as default
[2.140s] -- Looking for pthread.h
[2.293s] -- Looking for pthread.h - found
[2.293s] -- Performing Test CMAKE_HAVE_LIBC_PTHREAD
[2.437s] -- Performing Test CMAKE_HAVE_LIBC_PTHREAD - Success
[2.438s] -- Found Threads: TRUE  
[2.512s] -- Found rclpy: 3.3.16 (/opt/ros/humble/share/rclpy/cmake)
[2.514s] -- Found std_srvs: 4.8.0 (/opt/ros/humble/share/std_srvs/cmake)
[2.655s] -- Configuring done
[2.666s] -- Generating done
[2.669s] -- Build files have been written to: /home/thelegend442/faxic/RINS-kappa/workspace/build/dis_tutorial3
[2.703s] Invoked command in '/home/thelegend442/faxic/RINS-kappa/workspace/build/dis_tutorial3' returned '0': CMAKE_PREFIX_PATH=${CMAKE_PREFIX_PATH}:/home/thelegend442/faxic/RINS-kappa/workspace/install/dis_tutorial2:/opt/ros/humble /usr/bin/cmake /home/thelegend442/faxic/RINS-kappa/workspace/src/dis_tutorial3 -DCMAKE_INSTALL_PREFIX=/home/thelegend442/faxic/RINS-kappa/workspace/install/dis_tutorial3
[2.706s] Invoking command in '/home/thelegend442/faxic/RINS-kappa/workspace/build/dis_tutorial3': CMAKE_PREFIX_PATH=${CMAKE_PREFIX_PATH}:/home/thelegend442/faxic/RINS-kappa/workspace/install/dis_tutorial2:/opt/ros/humble /usr/bin/cmake --build /home/thelegend442/faxic/RINS-kappa/workspace/build/dis_tutorial3 -- -j16 -l16
[2.789s] Invoked command in '/home/thelegend442/faxic/RINS-kappa/workspace/build/dis_tutorial3' returned '0': CMAKE_PREFIX_PATH=${CMAKE_PREFIX_PATH}:/home/thelegend442/faxic/RINS-kappa/workspace/install/dis_tutorial2:/opt/ros/humble /usr/bin/cmake --build /home/thelegend442/faxic/RINS-kappa/workspace/build/dis_tutorial3 -- -j16 -l16
[2.809s] Invoking command in '/home/thelegend442/faxic/RINS-kappa/workspace/build/dis_tutorial3': CMAKE_PREFIX_PATH=${CMAKE_PREFIX_PATH}:/home/thelegend442/faxic/RINS-kappa/workspace/install/dis_tutorial2:/opt/ros/humble /usr/bin/cmake --install /home/thelegend442/faxic/RINS-kappa/workspace/build/dis_tutorial3
[2.816s] -- Install configuration: ""
[2.816s] -- Installing: /home/thelegend442/faxic/RINS-kappa/workspace/install/dis_tutorial3/share/dis_tutorial3//launch
[2.816s] -- Installing: /home/thelegend442/faxic/RINS-kappa/workspace/install/dis_tutorial3/share/dis_tutorial3//launch/dis_sim.launch.py
[2.817s] -- Installing: /home/thelegend442/faxic/RINS-kappa/workspace/install/dis_tutorial3/share/dis_tutorial3//launch/nav2.launch.py
[2.817s] -- Installing: /home/thelegend442/faxic/RINS-kappa/workspace/install/dis_tutorial3/share/dis_tutorial3//launch/sim_turtlebot_slam.launch.py
[2.817s] -- Installing: /home/thelegend442/faxic/RINS-kappa/workspace/install/dis_tutorial3/share/dis_tutorial3//launch/slam.launch.py
[2.817s] -- Installing: /home/thelegend442/faxic/RINS-kappa/workspace/install/dis_tutorial3/share/dis_tutorial3//launch/detect.py
[2.817s] -- Installing: /home/thelegend442/faxic/RINS-kappa/workspace/install/dis_tutorial3/share/dis_tutorial3//launch/create3_nodes.launch.py
[2.817s] -- Installing: /home/thelegend442/faxic/RINS-kappa/workspace/install/dis_tutorial3/share/dis_tutorial3//launch/ignition.launch.py
[2.817s] -- Installing: /home/thelegend442/faxic/RINS-kappa/workspace/install/dis_tutorial3/share/dis_tutorial3//launch/turtlebot4_spawn.launch.py
[2.817s] -- Installing: /home/thelegend442/faxic/RINS-kappa/workspace/install/dis_tutorial3/share/dis_tutorial3//launch/sim_turtlebot_nav.launch.py
[2.817s] -- Installing: /home/thelegend442/faxic/RINS-kappa/workspace/install/dis_tutorial3/share/dis_tutorial3//launch/turtlebot4_spawn_nav.launch.py
[2.818s] -- Installing: /home/thelegend442/faxic/RINS-kappa/workspace/install/dis_tutorial3/share/dis_tutorial3//launch/localization.launch.py
[2.818s] -- Installing: /home/thelegend442/faxic/RINS-kappa/workspace/install/dis_tutorial3/share/dis_tutorial3//config
[2.818s] -- Installing: /home/thelegend442/faxic/RINS-kappa/workspace/install/dis_tutorial3/share/dis_tutorial3//config/laser_filter_chain.yaml
[2.829s] -- Installing: /home/thelegend442/faxic/RINS-kappa/workspace/install/dis_tutorial3/share/dis_tutorial3//config/nas_model.rviz
[2.830s] -- Installing: /home/thelegend442/faxic/RINS-kappa/workspace/install/dis_tutorial3/share/dis_tutorial3//config/nav2.yaml
[2.830s] -- Installing: /home/thelegend442/faxic/RINS-kappa/workspace/install/dis_tutorial3/share/dis_tutorial3//config/slam.yaml
[2.830s] -- Installing: /home/thelegend442/faxic/RINS-kappa/workspace/install/dis_tutorial3/share/dis_tutorial3//config/localization.yaml
[2.830s] -- Installing: /home/thelegend442/faxic/RINS-kappa/workspace/install/dis_tutorial3/share/dis_tutorial3//worlds
[2.831s] -- Installing: /home/thelegend442/faxic/RINS-kappa/workspace/install/dis_tutorial3/share/dis_tutorial3//worlds/demo4.sdf
[2.831s] -- Installing: /home/thelegend442/faxic/RINS-kappa/workspace/install/dis_tutorial3/share/dis_tutorial3//worlds/demo3_meshes
[2.831s] -- Installing: /home/thelegend442/faxic/RINS-kappa/workspace/install/dis_tutorial3/share/dis_tutorial3//worlds/demo3_meshes/map_colliders.dae
[2.833s] -- Installing: /home/thelegend442/faxic/RINS-kappa/workspace/install/dis_tutorial3/share/dis_tutorial3//worlds/demo3_meshes/fakering1.jpg
[2.834s] -- Installing: /home/thelegend442/faxic/RINS-kappa/workspace/install/dis_tutorial3/share/dis_tutorial3//worlds/demo3_meshes/parking_space.jpg
[2.834s] -- Installing: /home/thelegend442/faxic/RINS-kappa/workspace/install/dis_tutorial3/share/dis_tutorial3//worlds/demo3_meshes/person15.png
[2.835s] -- Installing: /home/thelegend442/faxic/RINS-kappa/workspace/install/dis_tutorial3/share/dis_tutorial3//worlds/demo3_meshes/green.jpg
[2.836s] -- Installing: /home/thelegend442/faxic/RINS-kappa/workspace/install/dis_tutorial3/share/dis_tutorial3//worlds/demo3_meshes/qr1.jpg
[2.836s] -- Installing: /home/thelegend442/faxic/RINS-kappa/workspace/install/dis_tutorial3/share/dis_tutorial3//worlds/demo3_meshes/person17.png
[2.838s] -- Installing: /home/thelegend442/faxic/RINS-kappa/workspace/install/dis_tutorial3/share/dis_tutorial3//worlds/demo3_meshes/objects.jpg
[2.838s] -- Installing: /home/thelegend442/faxic/RINS-kappa/workspace/install/dis_tutorial3/share/dis_tutorial3//worlds/demo3_meshes/fakering2.jpg
[2.838s] -- Installing: /home/thelegend442/faxic/RINS-kappa/workspace/install/dis_tutorial3/share/dis_tutorial3//worlds/demo3_meshes/qr2.jpg
[2.839s] -- Installing: /home/thelegend442/faxic/RINS-kappa/workspace/install/dis_tutorial3/share/dis_tutorial3//worlds/demo3_meshes/ground.jpg
[2.840s] -- Installing: /home/thelegend442/faxic/RINS-kappa/workspace/install/dis_tutorial3/share/dis_tutorial3//worlds/demo3_meshes/blue.jpg
[2.840s] -- Installing: /home/thelegend442/faxic/RINS-kappa/workspace/install/dis_tutorial3/share/dis_tutorial3//worlds/demo3_meshes/fakering3.jpg
[2.841s] -- Installing: /home/thelegend442/faxic/RINS-kappa/workspace/install/dis_tutorial3/share/dis_tutorial3//worlds/demo3_meshes/person21.png
[2.841s] -- Installing: /home/thelegend442/faxic/RINS-kappa/workspace/install/dis_tutorial3/share/dis_tutorial3//worlds/demo3_meshes/person24.png
[2.844s] -- Installing: /home/thelegend442/faxic/RINS-kappa/workspace/install/dis_tutorial3/share/dis_tutorial3//worlds/demo3_meshes/map.dae
[2.844s] -- Installing: /home/thelegend442/faxic/RINS-kappa/workspace/install/dis_tutorial3/share/dis_tutorial3//worlds/demo3_meshes/person22.png
[2.845s] -- Installing: /home/thelegend442/faxic/RINS-kappa/workspace/install/dis_tutorial3/share/dis_tutorial3//worlds/demo3_meshes/red.jpg
[2.846s] -- Installing: /home/thelegend442/faxic/RINS-kappa/workspace/install/dis_tutorial3/share/dis_tutorial3//worlds/demo3_meshes/yellow.jpg
[2.846s] -- Installing: /home/thelegend442/faxic/RINS-kappa/workspace/install/dis_tutorial3/share/dis_tutorial3//worlds/demo3_meshes/black.jpg
[2.848s] -- Installing: /home/thelegend442/faxic/RINS-kappa/workspace/install/dis_tutorial3/share/dis_tutorial3//worlds/demo1.sdf
[2.849s] -- Installing: /home/thelegend442/faxic/RINS-kappa/workspace/install/dis_tutorial3/share/dis_tutorial3//worlds/2024
[2.850s] -- Installing: /home/thelegend442/faxic/RINS-kappa/workspace/install/dis_tutorial3/share/dis_tutorial3//worlds/2024/task2_demo1.sdf
[2.852s] -- Installing: /home/thelegend442/faxic/RINS-kappa/workspace/install/dis_tutorial3/share/dis_tutorial3//worlds/2024/task3_meshes
[2.852s] -- Installing: /home/thelegend442/faxic/RINS-kappa/workspace/install/dis_tutorial3/share/dis_tutorial3//worlds/2024/task3_meshes/map_colliders.dae
[2.853s] -- Installing: /home/thelegend442/faxic/RINS-kappa/workspace/install/dis_tutorial3/share/dis_tutorial3//worlds/2024/task3_meshes/fakering1.jpg
[2.853s] -- Installing: /home/thelegend442/faxic/RINS-kappa/workspace/install/dis_tutorial3/share/dis_tutorial3//worlds/2024/task3_meshes/parking_space.jpg
[2.853s] -- Installing: /home/thelegend442/faxic/RINS-kappa/workspace/install/dis_tutorial3/share/dis_tutorial3//worlds/2024/task3_meshes/villager4.png
[2.855s] -- Installing: /home/thelegend442/faxic/RINS-kappa/workspace/install/dis_tutorial3/share/dis_tutorial3//worlds/2024/task3_meshes/qr_cheat.png
[2.856s] -- Installing: /home/thelegend442/faxic/RINS-kappa/workspace/install/dis_tutorial3/share/dis_tutorial3//worlds/2024/task3_meshes/anomona_4.png
[2.857s] -- Installing: /home/thelegend442/faxic/RINS-kappa/workspace/install/dis_tutorial3/share/dis_tutorial3//worlds/2024/task3_meshes/mona.png
[2.858s] -- Installing: /home/thelegend442/faxic/RINS-kappa/workspace/install/dis_tutorial3/share/dis_tutorial3//worlds/2024/task3_meshes/villager1.png
[2.859s] -- Installing: /home/thelegend442/faxic/RINS-kappa/workspace/install/dis_tutorial3/share/dis_tutorial3//worlds/2024/task3_meshes/objects.jpg
[2.859s] -- Installing: /home/thelegend442/faxic/RINS-kappa/workspace/install/dis_tutorial3/share/dis_tutorial3//worlds/2024/task3_meshes/fakering2.jpg
[2.859s] -- Installing: /home/thelegend442/faxic/RINS-kappa/workspace/install/dis_tutorial3/share/dis_tutorial3//worlds/2024/task3_meshes/easy_anomona_0.png
[2.861s] -- Installing: /home/thelegend442/faxic/RINS-kappa/workspace/install/dis_tutorial3/share/dis_tutorial3//worlds/2024/task3_meshes/villager3.png
[2.862s] -- Installing: /home/thelegend442/faxic/RINS-kappa/workspace/install/dis_tutorial3/share/dis_tutorial3//worlds/2024/task3_meshes/qr_url.png
[2.862s] -- Installing: /home/thelegend442/faxic/RINS-kappa/workspace/install/dis_tutorial3/share/dis_tutorial3//worlds/2024/task3_meshes/ground.jpg
[2.863s] -- Installing: /home/thelegend442/faxic/RINS-kappa/workspace/install/dis_tutorial3/share/dis_tutorial3//worlds/2024/task3_meshes/villager5.png
[2.867s] -- Installing: /home/thelegend442/faxic/RINS-kappa/workspace/install/dis_tutorial3/share/dis_tutorial3//worlds/2024/task3_meshes/fakering3.jpg
[2.869s] -- Installing: /home/thelegend442/faxic/RINS-kappa/workspace/install/dis_tutorial3/share/dis_tutorial3//worlds/2024/task3_meshes/cylinders.jpg
[2.869s] -- Installing: /home/thelegend442/faxic/RINS-kappa/workspace/install/dis_tutorial3/share/dis_tutorial3//worlds/2024/task3_meshes/easy_anomona_1.png
[2.871s] -- Installing: /home/thelegend442/faxic/RINS-kappa/workspace/install/dis_tutorial3/share/dis_tutorial3//worlds/2024/task3_meshes/anomona_3.png
[2.873s] -- Installing: /home/thelegend442/faxic/RINS-kappa/workspace/install/dis_tutorial3/share/dis_tutorial3//worlds/2024/task3_meshes/easy_anomona_3.png
[2.875s] -- Installing: /home/thelegend442/faxic/RINS-kappa/workspace/install/dis_tutorial3/share/dis_tutorial3//worlds/2024/task3_meshes/anomona_1.png
[2.876s] -- Installing: /home/thelegend442/faxic/RINS-kappa/workspace/install/dis_tutorial3/share/dis_tutorial3//worlds/2024/task3_meshes/map.dae
[2.878s] -- Installing: /home/thelegend442/faxic/RINS-kappa/workspace/install/dis_tutorial3/share/dis_tutorial3//worlds/2024/task3_meshes/villager2.png
[2.879s] -- Installing: /home/thelegend442/faxic/RINS-kappa/workspace/install/dis_tutorial3/share/dis_tutorial3//worlds/2024/task3_meshes/anomona_0.png
[2.882s] -- Installing: /home/thelegend442/faxic/RINS-kappa/workspace/install/dis_tutorial3/share/dis_tutorial3//worlds/2024/task3_meshes/anomona_2.png
[2.885s] -- Installing: /home/thelegend442/faxic/RINS-kappa/workspace/install/dis_tutorial3/share/dis_tutorial3//worlds/2024/task3_meshes/easy_anomona_2.png
[2.886s] -- Installing: /home/thelegend442/faxic/RINS-kappa/workspace/install/dis_tutorial3/share/dis_tutorial3//worlds/2024/task3_meshes/easy_anomona_4.png
[2.888s] -- Installing: /home/thelegend442/faxic/RINS-kappa/workspace/install/dis_tutorial3/share/dis_tutorial3//worlds/2024/task3_meshes/qr_wrong.png
[2.888s] -- Installing: /home/thelegend442/faxic/RINS-kappa/workspace/install/dis_tutorial3/share/dis_tutorial3//worlds/2024/task3.sdf
[2.889s] -- Installing: /home/thelegend442/faxic/RINS-kappa/workspace/install/dis_tutorial3/share/dis_tutorial3//worlds/2024/task2_demo2_meshes
[2.889s] -- Installing: /home/thelegend442/faxic/RINS-kappa/workspace/install/dis_tutorial3/share/dis_tutorial3//worlds/2024/task2_demo2_meshes/map_colliders.dae
[2.890s] -- Installing: /home/thelegend442/faxic/RINS-kappa/workspace/install/dis_tutorial3/share/dis_tutorial3//worlds/2024/task2_demo2_meshes/fakering1.jpg
[2.890s] -- Installing: /home/thelegend442/faxic/RINS-kappa/workspace/install/dis_tutorial3/share/dis_tutorial3//worlds/2024/task2_demo2_meshes/parking_space.jpg
[2.891s] -- Installing: /home/thelegend442/faxic/RINS-kappa/workspace/install/dis_tutorial3/share/dis_tutorial3//worlds/2024/task2_demo2_meshes/objects.jpg
[2.891s] -- Installing: /home/thelegend442/faxic/RINS-kappa/workspace/install/dis_tutorial3/share/dis_tutorial3//worlds/2024/task2_demo2_meshes/fakering2.jpg
[2.891s] -- Installing: /home/thelegend442/faxic/RINS-kappa/workspace/install/dis_tutorial3/share/dis_tutorial3//worlds/2024/task2_demo2_meshes/ground.jpg
[2.892s] -- Installing: /home/thelegend442/faxic/RINS-kappa/workspace/install/dis_tutorial3/share/dis_tutorial3//worlds/2024/task2_demo2_meshes/fakering3.jpg
[2.892s] -- Installing: /home/thelegend442/faxic/RINS-kappa/workspace/install/dis_tutorial3/share/dis_tutorial3//worlds/2024/task2_demo2_meshes/cylinders.jpg
[2.893s] -- Installing: /home/thelegend442/faxic/RINS-kappa/workspace/install/dis_tutorial3/share/dis_tutorial3//worlds/2024/task2_demo2_meshes/map.dae
[2.894s] -- Installing: /home/thelegend442/faxic/RINS-kappa/workspace/install/dis_tutorial3/share/dis_tutorial3//worlds/2024/task2_demo1_meshes
[2.894s] -- Installing: /home/thelegend442/faxic/RINS-kappa/workspace/install/dis_tutorial3/share/dis_tutorial3//worlds/2024/task2_demo1_meshes/map_colliders.dae
[2.895s] -- Installing: /home/thelegend442/faxic/RINS-kappa/workspace/install/dis_tutorial3/share/dis_tutorial3//worlds/2024/task2_demo1_meshes/fakering1.jpg
[2.895s] -- Installing: /home/thelegend442/faxic/RINS-kappa/workspace/install/dis_tutorial3/share/dis_tutorial3//worlds/2024/task2_demo1_meshes/parking_space.jpg
[2.896s] -- Installing: /home/thelegend442/faxic/RINS-kappa/workspace/install/dis_tutorial3/share/dis_tutorial3//worlds/2024/task2_demo1_meshes/objects.jpg
[2.896s] -- Installing: /home/thelegend442/faxic/RINS-kappa/workspace/install/dis_tutorial3/share/dis_tutorial3//worlds/2024/task2_demo1_meshes/fakering2.jpg
[2.897s] -- Installing: /home/thelegend442/faxic/RINS-kappa/workspace/install/dis_tutorial3/share/dis_tutorial3//worlds/2024/task2_demo1_meshes/ground.jpg
[2.899s] -- Installing: /home/thelegend442/faxic/RINS-kappa/workspace/install/dis_tutorial3/share/dis_tutorial3//worlds/2024/task2_demo1_meshes/fakering3.jpg
[2.901s] -- Installing: /home/thelegend442/faxic/RINS-kappa/workspace/install/dis_tutorial3/share/dis_tutorial3//worlds/2024/task2_demo1_meshes/cylinders.jpg
[2.902s] -- Installing: /home/thelegend442/faxic/RINS-kappa/workspace/install/dis_tutorial3/share/dis_tutorial3//worlds/2024/task2_demo1_meshes/map.dae
[2.904s] -- Installing: /home/thelegend442/faxic/RINS-kappa/workspace/install/dis_tutorial3/share/dis_tutorial3//worlds/2024/task2_demo2.sdf
[2.904s] -- Installing: /home/thelegend442/faxic/RINS-kappa/workspace/install/dis_tutorial3/share/dis_tutorial3//worlds/demo2.sdf
[2.905s] -- Installing: /home/thelegend442/faxic/RINS-kappa/workspace/install/dis_tutorial3/share/dis_tutorial3//worlds/dis_meshes
[2.905s] -- Installing: /home/thelegend442/faxic/RINS-kappa/workspace/install/dis_tutorial3/share/dis_tutorial3//worlds/dis_meshes/map_colliders.dae
[2.907s] -- Installing: /home/thelegend442/faxic/RINS-kappa/workspace/install/dis_tutorial3/share/dis_tutorial3//worlds/dis_meshes/fakering1.jpg
[2.907s] -- Installing: /home/thelegend442/faxic/RINS-kappa/workspace/install/dis_tutorial3/share/dis_tutorial3//worlds/dis_meshes/parking_space.jpg
[2.907s] -- Installing: /home/thelegend442/faxic/RINS-kappa/workspace/install/dis_tutorial3/share/dis_tutorial3//worlds/dis_meshes/davinci.jpg
[2.908s] -- Installing: /home/thelegend442/faxic/RINS-kappa/workspace/install/dis_tutorial3/share/dis_tutorial3//worlds/dis_meshes/qr1.jpg
[2.909s] -- Installing: /home/thelegend442/faxic/RINS-kappa/workspace/install/dis_tutorial3/share/dis_tutorial3//worlds/dis_meshes/person5.jpg
[2.909s] -- Installing: /home/thelegend442/faxic/RINS-kappa/workspace/install/dis_tutorial3/share/dis_tutorial3//worlds/dis_meshes/objects.jpg
[2.910s] -- Installing: /home/thelegend442/faxic/RINS-kappa/workspace/install/dis_tutorial3/share/dis_tutorial3//worlds/dis_meshes/fakering2.jpg
[2.910s] -- Installing: /home/thelegend442/faxic/RINS-kappa/workspace/install/dis_tutorial3/share/dis_tutorial3//worlds/dis_meshes/wood.jpg
[2.910s] -- Installing: /home/thelegend442/faxic/RINS-kappa/workspace/install/dis_tutorial3/share/dis_tutorial3//worlds/dis_meshes/person4.jpg
[2.911s] -- Installing: /home/thelegend442/faxic/RINS-kappa/workspace/install/dis_tutorial3/share/dis_tutorial3//worlds/dis_meshes/person2.jpg
[2.912s] -- Installing: /home/thelegend442/faxic/RINS-kappa/workspace/install/dis_tutorial3/share/dis_tutorial3//worlds/dis_meshes/qr2.jpg
[2.913s] -- Installing: /home/thelegend442/faxic/RINS-kappa/workspace/install/dis_tutorial3/share/dis_tutorial3//worlds/dis_meshes/person1.jpg
[2.913s] -- Installing: /home/thelegend442/faxic/RINS-kappa/workspace/install/dis_tutorial3/share/dis_tutorial3//worlds/dis_meshes/ground.jpg
[2.915s] -- Installing: /home/thelegend442/faxic/RINS-kappa/workspace/install/dis_tutorial3/share/dis_tutorial3//worlds/dis_meshes/fakering3.jpg
[2.917s] -- Installing: /home/thelegend442/faxic/RINS-kappa/workspace/install/dis_tutorial3/share/dis_tutorial3//worlds/dis_meshes/cylinders.jpg
[2.919s] -- Installing: /home/thelegend442/faxic/RINS-kappa/workspace/install/dis_tutorial3/share/dis_tutorial3//worlds/dis_meshes/map.dae
[2.921s] -- Installing: /home/thelegend442/faxic/RINS-kappa/workspace/install/dis_tutorial3/share/dis_tutorial3//worlds/dis_meshes/person3.jpg
[2.922s] -- Installing: /home/thelegend442/faxic/RINS-kappa/workspace/install/dis_tutorial3/share/dis_tutorial3//worlds/dis_meshes/mona1.jpg
[2.923s] -- Installing: /home/thelegend442/faxic/RINS-kappa/workspace/install/dis_tutorial3/share/dis_tutorial3//worlds/empty.sdf
[2.923s] -- Installing: /home/thelegend442/faxic/RINS-kappa/workspace/install/dis_tutorial3/share/dis_tutorial3//worlds/demo3.sdf
[2.924s] -- Installing: /home/thelegend442/faxic/RINS-kappa/workspace/install/dis_tutorial3/share/dis_tutorial3//worlds/demo2_meshes
[2.924s] -- Installing: /home/thelegend442/faxic/RINS-kappa/workspace/install/dis_tutorial3/share/dis_tutorial3//worlds/demo2_meshes/map_colliders.dae
[2.926s] -- Installing: /home/thelegend442/faxic/RINS-kappa/workspace/install/dis_tutorial3/share/dis_tutorial3//worlds/demo2_meshes/fakering1.jpg
[2.926s] -- Installing: /home/thelegend442/faxic/RINS-kappa/workspace/install/dis_tutorial3/share/dis_tutorial3//worlds/demo2_meshes/parking_space.jpg
[2.927s] -- Installing: /home/thelegend442/faxic/RINS-kappa/workspace/install/dis_tutorial3/share/dis_tutorial3//worlds/demo2_meshes/qr1.jpg
[2.927s] -- Installing: /home/thelegend442/faxic/RINS-kappa/workspace/install/dis_tutorial3/share/dis_tutorial3//worlds/demo2_meshes/person18.png
[2.929s] -- Installing: /home/thelegend442/faxic/RINS-kappa/workspace/install/dis_tutorial3/share/dis_tutorial3//worlds/demo2_meshes/objects.jpg
[2.930s] -- Installing: /home/thelegend442/faxic/RINS-kappa/workspace/install/dis_tutorial3/share/dis_tutorial3//worlds/demo2_meshes/fakering2.jpg
[2.930s] -- Installing: /home/thelegend442/faxic/RINS-kappa/workspace/install/dis_tutorial3/share/dis_tutorial3//worlds/demo2_meshes/qr2.jpg
[2.938s] -- Installing: /home/thelegend442/faxic/RINS-kappa/workspace/install/dis_tutorial3/share/dis_tutorial3//worlds/demo2_meshes/ground.jpg
[2.939s] -- Installing: /home/thelegend442/faxic/RINS-kappa/workspace/install/dis_tutorial3/share/dis_tutorial3//worlds/demo2_meshes/person7.png
[2.939s] -- Installing: /home/thelegend442/faxic/RINS-kappa/workspace/install/dis_tutorial3/share/dis_tutorial3//worlds/demo2_meshes/fakering3.jpg
[2.939s] -- Installing: /home/thelegend442/faxic/RINS-kappa/workspace/install/dis_tutorial3/share/dis_tutorial3//worlds/demo2_meshes/cylinders.jpg
[2.939s] -- Installing: /home/thelegend442/faxic/RINS-kappa/workspace/install/dis_tutorial3/share/dis_tutorial3//worlds/demo2_meshes/person9.png
[2.940s] -- Installing: /home/thelegend442/faxic/RINS-kappa/workspace/install/dis_tutorial3/share/dis_tutorial3//worlds/demo2_meshes/person20.png
[2.942s] -- Installing: /home/thelegend442/faxic/RINS-kappa/workspace/install/dis_tutorial3/share/dis_tutorial3//worlds/demo2_meshes/person8.png
[2.944s] -- Installing: /home/thelegend442/faxic/RINS-kappa/workspace/install/dis_tutorial3/share/dis_tutorial3//worlds/demo2_meshes/map.dae
[2.946s] -- Installing: /home/thelegend442/faxic/RINS-kappa/workspace/install/dis_tutorial3/share/dis_tutorial3//worlds/demo2_meshes/person6.png
[2.947s] -- Installing: /home/thelegend442/faxic/RINS-kappa/workspace/install/dis_tutorial3/share/dis_tutorial3//worlds/demo1_meshes
[2.947s] -- Installing: /home/thelegend442/faxic/RINS-kappa/workspace/install/dis_tutorial3/share/dis_tutorial3//worlds/demo1_meshes/map_colliders.dae
[2.951s] -- Installing: /home/thelegend442/faxic/RINS-kappa/workspace/install/dis_tutorial3/share/dis_tutorial3//worlds/demo1_meshes/person3.png
[2.955s] -- Installing: /home/thelegend442/faxic/RINS-kappa/workspace/install/dis_tutorial3/share/dis_tutorial3//worlds/demo1_meshes/fakering1.jpg
[2.955s] -- Installing: /home/thelegend442/faxic/RINS-kappa/workspace/install/dis_tutorial3/share/dis_tutorial3//worlds/demo1_meshes/person5.png
[2.956s] -- Installing: /home/thelegend442/faxic/RINS-kappa/workspace/install/dis_tutorial3/share/dis_tutorial3//worlds/demo1_meshes/parking_space.jpg
[2.957s] -- Installing: /home/thelegend442/faxic/RINS-kappa/workspace/install/dis_tutorial3/share/dis_tutorial3//worlds/demo1_meshes/qr1.jpg
[2.958s] -- Installing: /home/thelegend442/faxic/RINS-kappa/workspace/install/dis_tutorial3/share/dis_tutorial3//worlds/demo1_meshes/person2.png
[2.960s] -- Installing: /home/thelegend442/faxic/RINS-kappa/workspace/install/dis_tutorial3/share/dis_tutorial3//worlds/demo1_meshes/objects.jpg
[2.960s] -- Installing: /home/thelegend442/faxic/RINS-kappa/workspace/install/dis_tutorial3/share/dis_tutorial3//worlds/demo1_meshes/fakering2.jpg
[2.961s] -- Installing: /home/thelegend442/faxic/RINS-kappa/workspace/install/dis_tutorial3/share/dis_tutorial3//worlds/demo1_meshes/qr2.jpg
[2.962s] -- Installing: /home/thelegend442/faxic/RINS-kappa/workspace/install/dis_tutorial3/share/dis_tutorial3//worlds/demo1_meshes/ground.jpg
[2.962s] -- Installing: /home/thelegend442/faxic/RINS-kappa/workspace/install/dis_tutorial3/share/dis_tutorial3//worlds/demo1_meshes/fakering3.jpg
[2.963s] -- Installing: /home/thelegend442/faxic/RINS-kappa/workspace/install/dis_tutorial3/share/dis_tutorial3//worlds/demo1_meshes/cylinders.jpg
[2.963s] -- Installing: /home/thelegend442/faxic/RINS-kappa/workspace/install/dis_tutorial3/share/dis_tutorial3//worlds/demo1_meshes/person4.png
[2.968s] -- Installing: /home/thelegend442/faxic/RINS-kappa/workspace/install/dis_tutorial3/share/dis_tutorial3//worlds/demo1_meshes/map.dae
[2.969s] -- Installing: /home/thelegend442/faxic/RINS-kappa/workspace/install/dis_tutorial3/share/dis_tutorial3//worlds/demo1_meshes/person11.png
[2.974s] -- Installing: /home/thelegend442/faxic/RINS-kappa/workspace/install/dis_tutorial3/share/dis_tutorial3//worlds/demo1_meshes/person1.png
[2.976s] -- Installing: /home/thelegend442/faxic/RINS-kappa/workspace/install/dis_tutorial3/share/dis_tutorial3//worlds/dis.sdf
[2.977s] -- Installing: /home/thelegend442/faxic/RINS-kappa/workspace/install/dis_tutorial3/share/dis_tutorial3//worlds/demo4_meshes
[2.977s] -- Installing: /home/thelegend442/faxic/RINS-kappa/workspace/install/dis_tutorial3/share/dis_tutorial3//worlds/demo4_meshes/map_colliders.dae
[2.977s] -- Installing: /home/thelegend442/faxic/RINS-kappa/workspace/install/dis_tutorial3/share/dis_tutorial3//worlds/demo4_meshes/fakering1.jpg
[2.978s] -- Installing: /home/thelegend442/faxic/RINS-kappa/workspace/install/dis_tutorial3/share/dis_tutorial3//worlds/demo4_meshes/parking_space.jpg
[2.978s] -- Installing: /home/thelegend442/faxic/RINS-kappa/workspace/install/dis_tutorial3/share/dis_tutorial3//worlds/demo4_meshes/green.jpg
[2.979s] -- Installing: /home/thelegend442/faxic/RINS-kappa/workspace/install/dis_tutorial3/share/dis_tutorial3//worlds/demo4_meshes/qr1.jpg
[2.980s] -- Installing: /home/thelegend442/faxic/RINS-kappa/workspace/install/dis_tutorial3/share/dis_tutorial3//worlds/demo4_meshes/objects.jpg
[2.981s] -- Installing: /home/thelegend442/faxic/RINS-kappa/workspace/install/dis_tutorial3/share/dis_tutorial3//worlds/demo4_meshes/fakering2.jpg
[2.981s] -- Installing: /home/thelegend442/faxic/RINS-kappa/workspace/install/dis_tutorial3/share/dis_tutorial3//worlds/demo4_meshes/person3.png.001.png
[2.982s] -- Installing: /home/thelegend442/faxic/RINS-kappa/workspace/install/dis_tutorial3/share/dis_tutorial3//worlds/demo4_meshes/qr2.jpg
[2.986s] -- Installing: /home/thelegend442/faxic/RINS-kappa/workspace/install/dis_tutorial3/share/dis_tutorial3//worlds/demo4_meshes/ground.jpg
[2.988s] -- Installing: /home/thelegend442/faxic/RINS-kappa/workspace/install/dis_tutorial3/share/dis_tutorial3//worlds/demo4_meshes/blue.jpg
[2.989s] -- Installing: /home/thelegend442/faxic/RINS-kappa/workspace/install/dis_tutorial3/share/dis_tutorial3//worlds/demo4_meshes/fakering3.jpg
[2.990s] -- Installing: /home/thelegend442/faxic/RINS-kappa/workspace/install/dis_tutorial3/share/dis_tutorial3//worlds/demo4_meshes/person13.png
[2.992s] -- Installing: /home/thelegend442/faxic/RINS-kappa/workspace/install/dis_tutorial3/share/dis_tutorial3//worlds/demo4_meshes/person4.png.001.png
[2.993s] -- Installing: /home/thelegend442/faxic/RINS-kappa/workspace/install/dis_tutorial3/share/dis_tutorial3//worlds/demo4_meshes/person2.png.001.png
[2.995s] -- Installing: /home/thelegend442/faxic/RINS-kappa/workspace/install/dis_tutorial3/share/dis_tutorial3//worlds/demo4_meshes/map.dae
[2.996s] -- Installing: /home/thelegend442/faxic/RINS-kappa/workspace/install/dis_tutorial3/share/dis_tutorial3//worlds/demo4_meshes/person5.png.001.png
[2.998s] -- Installing: /home/thelegend442/faxic/RINS-kappa/workspace/install/dis_tutorial3/share/dis_tutorial3//worlds/demo4_meshes/red.jpg
[2.998s] -- Installing: /home/thelegend442/faxic/RINS-kappa/workspace/install/dis_tutorial3/share/dis_tutorial3//worlds/demo4_meshes/person6.png
[3.003s] -- Installing: /home/thelegend442/faxic/RINS-kappa/workspace/install/dis_tutorial3/share/dis_tutorial3//worlds/demo4_meshes/yellow.jpg
[3.005s] -- Installing: /home/thelegend442/faxic/RINS-kappa/workspace/install/dis_tutorial3/share/dis_tutorial3//worlds/demo4_meshes/black.jpg
[3.005s] -- Installing: /home/thelegend442/faxic/RINS-kappa/workspace/install/dis_tutorial3/share/dis_tutorial3//maps
[3.005s] -- Installing: /home/thelegend442/faxic/RINS-kappa/workspace/install/dis_tutorial3/share/dis_tutorial3//maps/map.pgm
[3.005s] -- Installing: /home/thelegend442/faxic/RINS-kappa/workspace/install/dis_tutorial3/share/dis_tutorial3//maps/map.yaml
[3.006s] -- Installing: /home/thelegend442/faxic/RINS-kappa/workspace/install/dis_tutorial3/lib/dis_tutorial3/detect_people.py
[3.006s] -- Installing: /home/thelegend442/faxic/RINS-kappa/workspace/install/dis_tutorial3/lib/dis_tutorial3/robot_commander.py
[3.006s] -- Installing: /home/thelegend442/faxic/RINS-kappa/workspace/install/dis_tutorial3/lib/dis_tutorial3/save_faces.py
[3.006s] -- Installing: /home/thelegend442/faxic/RINS-kappa/workspace/install/dis_tutorial3/lib/dis_tutorial3/talker_node.py
[3.006s] -- Installing: /home/thelegend442/faxic/RINS-kappa/workspace/install/dis_tutorial3/share/ament_index/resource_index/package_run_dependencies/dis_tutorial3
[3.007s] -- Installing: /home/thelegend442/faxic/RINS-kappa/workspace/install/dis_tutorial3/share/ament_index/resource_index/parent_prefix_path/dis_tutorial3
[3.007s] -- Installing: /home/thelegend442/faxic/RINS-kappa/workspace/install/dis_tutorial3/share/dis_tutorial3/environment/ament_prefix_path.sh
[3.007s] -- Installing: /home/thelegend442/faxic/RINS-kappa/workspace/install/dis_tutorial3/share/dis_tutorial3/environment/ament_prefix_path.dsv
[3.007s] -- Installing: /home/thelegend442/faxic/RINS-kappa/workspace/install/dis_tutorial3/share/dis_tutorial3/environment/path.sh
[3.007s] -- Installing: /home/thelegend442/faxic/RINS-kappa/workspace/install/dis_tutorial3/share/dis_tutorial3/environment/path.dsv
[3.008s] -- Installing: /home/thelegend442/faxic/RINS-kappa/workspace/install/dis_tutorial3/share/dis_tutorial3/local_setup.bash
[3.008s] -- Installing: /home/thelegend442/faxic/RINS-kappa/workspace/install/dis_tutorial3/share/dis_tutorial3/local_setup.sh
[3.008s] -- Installing: /home/thelegend442/faxic/RINS-kappa/workspace/install/dis_tutorial3/share/dis_tutorial3/local_setup.zsh
[3.008s] -- Installing: /home/thelegend442/faxic/RINS-kappa/workspace/install/dis_tutorial3/share/dis_tutorial3/local_setup.dsv
[3.008s] -- Installing: /home/thelegend442/faxic/RINS-kappa/workspace/install/dis_tutorial3/share/dis_tutorial3/package.dsv
[3.009s] -- Installing: /home/thelegend442/faxic/RINS-kappa/workspace/install/dis_tutorial3/share/ament_index/resource_index/packages/dis_tutorial3
[3.009s] -- Installing: /home/thelegend442/faxic/RINS-kappa/workspace/install/dis_tutorial3/share/dis_tutorial3/cmake/dis_tutorial3Config.cmake
[3.009s] -- Installing: /home/thelegend442/faxic/RINS-kappa/workspace/install/dis_tutorial3/share/dis_tutorial3/cmake/dis_tutorial3Config-version.cmake
[3.009s] -- Installing: /home/thelegend442/faxic/RINS-kappa/workspace/install/dis_tutorial3/share/dis_tutorial3/package.xml
[3.015s] Invoked command in '/home/thelegend442/faxic/RINS-kappa/workspace/build/dis_tutorial3' returned '0': CMAKE_PREFIX_PATH=${CMAKE_PREFIX_PATH}:/home/thelegend442/faxic/RINS-kappa/workspace/install/dis_tutorial2:/opt/ros/humble /usr/bin/cmake --install /home/thelegend442/faxic/RINS-kappa/workspace/build/dis_tutorial3
