[0.086s] DEBUG:colcon:Command line arguments: ['/usr/bin/colcon', 'build']
[0.086s] DEBUG:colcon:Parsed command line arguments: Namespace(log_base=None, log_level=None, verb_name='build', build_base='build', install_base='install', merge_install=False, symlink_install=False, test_result_base=None, continue_on_error=False, executor='parallel', parallel_workers=12, event_handlers=None, ignore_user_meta=False, metas=['./colcon.meta'], base_paths=['.'], packages_ignore=None, packages_ignore_regex=None, paths=None, packages_up_to=None, packages_up_to_regex=None, packages_above=None, packages_above_and_dependencies=None, packages_above_depth=None, packages_select_by_dep=None, packages_skip_by_dep=None, packages_skip_up_to=None, packages_select_build_failed=False, packages_skip_build_finished=False, packages_select_test_failures=False, packages_skip_test_passed=False, packages_select=None, packages_skip=None, packages_select_regex=None, packages_skip_regex=None, packages_start=None, packages_end=None, allow_overriding=[], cmake_args=None, cmake_target=None, cmake_target_skip_unavailable=False, cmake_clean_cache=False, cmake_clean_first=False, cmake_force_configure=False, ament_cmake_args=None, catkin_cmake_args=None, catkin_skip_building_tests=False, mixin_files=None, mixin=None, verb_parser=<colcon_mixin.mixin.mixin_argument.MixinArgumentDecorator object at 0x7a5d2fe56b00>, verb_extension=<colcon_core.verb.build.BuildVerb object at 0x7a5d2fe180d0>, main=<bound method BuildVerb.main of <colcon_core.verb.build.BuildVerb object at 0x7a5d2fe180d0>>, mixin_verb=('build',))
[0.231s] Level 1:colcon.colcon_core.package_discovery:discover_packages(colcon_meta) check parameters
[0.231s] Level 1:colcon.colcon_core.package_discovery:discover_packages(recursive) check parameters
[0.231s] Level 1:colcon.colcon_core.package_discovery:discover_packages(ignore) check parameters
[0.231s] Level 1:colcon.colcon_core.package_discovery:discover_packages(path) check parameters
[0.231s] Level 1:colcon.colcon_core.package_discovery:discover_packages(colcon_meta) discover
[0.231s] Level 1:colcon.colcon_core.package_discovery:discover_packages(recursive) discover
[0.231s] INFO:colcon.colcon_core.package_discovery:Crawling recursively for packages in '/home/strazi/RINS-kappa/workspace'
[0.231s] Level 1:colcon.colcon_core.package_identification:_identify(.) by extensions ['ignore', 'ignore_ament_install']
[0.231s] Level 1:colcon.colcon_core.package_identification:_identify(.) by extension 'ignore'
[0.231s] Level 1:colcon.colcon_core.package_identification:_identify(.) by extension 'ignore_ament_install'
[0.231s] Level 1:colcon.colcon_core.package_identification:_identify(.) by extensions ['colcon_pkg']
[0.231s] Level 1:colcon.colcon_core.package_identification:_identify(.) by extension 'colcon_pkg'
[0.231s] Level 1:colcon.colcon_core.package_identification:_identify(.) by extensions ['colcon_meta']
[0.231s] Level 1:colcon.colcon_core.package_identification:_identify(.) by extension 'colcon_meta'
[0.231s] Level 1:colcon.colcon_core.package_identification:_identify(.) by extensions ['ros']
[0.231s] Level 1:colcon.colcon_core.package_identification:_identify(.) by extension 'ros'
[0.240s] Level 1:colcon.colcon_core.package_identification:_identify(.) by extensions ['cmake', 'python']
[0.240s] Level 1:colcon.colcon_core.package_identification:_identify(.) by extension 'cmake'
[0.240s] Level 1:colcon.colcon_core.package_identification:_identify(.) by extension 'python'
[0.240s] Level 1:colcon.colcon_core.package_identification:_identify(.) by extensions ['python_setup_py']
[0.240s] Level 1:colcon.colcon_core.package_identification:_identify(.) by extension 'python_setup_py'
[0.240s] Level 1:colcon.colcon_core.package_identification:_identify(build) by extensions ['ignore', 'ignore_ament_install']
[0.240s] Level 1:colcon.colcon_core.package_identification:_identify(build) by extension 'ignore'
[0.240s] Level 1:colcon.colcon_core.package_identification:_identify(build) ignored
[0.240s] Level 1:colcon.colcon_core.package_identification:_identify(install) by extensions ['ignore', 'ignore_ament_install']
[0.240s] Level 1:colcon.colcon_core.package_identification:_identify(install) by extension 'ignore'
[0.240s] Level 1:colcon.colcon_core.package_identification:_identify(install) ignored
[0.240s] Level 1:colcon.colcon_core.package_identification:_identify(log) by extensions ['ignore', 'ignore_ament_install']
[0.240s] Level 1:colcon.colcon_core.package_identification:_identify(log) by extension 'ignore'
[0.240s] Level 1:colcon.colcon_core.package_identification:_identify(log) ignored
[0.240s] Level 1:colcon.colcon_core.package_identification:_identify(src) by extensions ['ignore', 'ignore_ament_install']
[0.241s] Level 1:colcon.colcon_core.package_identification:_identify(src) by extension 'ignore'
[0.241s] Level 1:colcon.colcon_core.package_identification:_identify(src) by extension 'ignore_ament_install'
[0.241s] Level 1:colcon.colcon_core.package_identification:_identify(src) by extensions ['colcon_pkg']
[0.241s] Level 1:colcon.colcon_core.package_identification:_identify(src) by extension 'colcon_pkg'
[0.241s] Level 1:colcon.colcon_core.package_identification:_identify(src) by extensions ['colcon_meta']
[0.241s] Level 1:colcon.colcon_core.package_identification:_identify(src) by extension 'colcon_meta'
[0.241s] Level 1:colcon.colcon_core.package_identification:_identify(src) by extensions ['ros']
[0.241s] Level 1:colcon.colcon_core.package_identification:_identify(src) by extension 'ros'
[0.241s] Level 1:colcon.colcon_core.package_identification:_identify(src) by extensions ['cmake', 'python']
[0.241s] Level 1:colcon.colcon_core.package_identification:_identify(src) by extension 'cmake'
[0.241s] Level 1:colcon.colcon_core.package_identification:_identify(src) by extension 'python'
[0.241s] Level 1:colcon.colcon_core.package_identification:_identify(src) by extensions ['python_setup_py']
[0.241s] Level 1:colcon.colcon_core.package_identification:_identify(src) by extension 'python_setup_py'
[0.241s] Level 1:colcon.colcon_core.package_identification:_identify(src/custom_messages) by extensions ['ignore', 'ignore_ament_install']
[0.241s] Level 1:colcon.colcon_core.package_identification:_identify(src/custom_messages) by extension 'ignore'
[0.241s] Level 1:colcon.colcon_core.package_identification:_identify(src/custom_messages) by extension 'ignore_ament_install'
[0.241s] Level 1:colcon.colcon_core.package_identification:_identify(src/custom_messages) by extensions ['colcon_pkg']
[0.241s] Level 1:colcon.colcon_core.package_identification:_identify(src/custom_messages) by extension 'colcon_pkg'
[0.241s] Level 1:colcon.colcon_core.package_identification:_identify(src/custom_messages) by extensions ['colcon_meta']
[0.241s] Level 1:colcon.colcon_core.package_identification:_identify(src/custom_messages) by extension 'colcon_meta'
[0.241s] Level 1:colcon.colcon_core.package_identification:_identify(src/custom_messages) by extensions ['ros']
[0.241s] Level 1:colcon.colcon_core.package_identification:_identify(src/custom_messages) by extension 'ros'
[0.243s] DEBUG:colcon.colcon_core.package_identification:Package 'src/custom_messages' with type 'ros.ament_cmake' and name 'custom_messages'
[0.243s] Level 1:colcon.colcon_core.package_identification:_identify(src/dis_tutorial1) by extensions ['ignore', 'ignore_ament_install']
[0.243s] Level 1:colcon.colcon_core.package_identification:_identify(src/dis_tutorial1) by extension 'ignore'
[0.243s] Level 1:colcon.colcon_core.package_identification:_identify(src/dis_tutorial1) by extension 'ignore_ament_install'
[0.243s] Level 1:colcon.colcon_core.package_identification:_identify(src/dis_tutorial1) by extensions ['colcon_pkg']
[0.243s] Level 1:colcon.colcon_core.package_identification:_identify(src/dis_tutorial1) by extension 'colcon_pkg'
[0.243s] Level 1:colcon.colcon_core.package_identification:_identify(src/dis_tutorial1) by extensions ['colcon_meta']
[0.243s] Level 1:colcon.colcon_core.package_identification:_identify(src/dis_tutorial1) by extension 'colcon_meta'
[0.243s] Level 1:colcon.colcon_core.package_identification:_identify(src/dis_tutorial1) by extensions ['ros']
[0.244s] Level 1:colcon.colcon_core.package_identification:_identify(src/dis_tutorial1) by extension 'ros'
[0.244s] DEBUG:colcon.colcon_core.package_identification:Package 'src/dis_tutorial1' with type 'ros.ament_cmake' and name 'dis_tutorial1'
[0.244s] Level 1:colcon.colcon_core.package_identification:_identify(src/dis_tutorial2) by extensions ['ignore', 'ignore_ament_install']
[0.244s] Level 1:colcon.colcon_core.package_identification:_identify(src/dis_tutorial2) by extension 'ignore'
[0.244s] Level 1:colcon.colcon_core.package_identification:_identify(src/dis_tutorial2) by extension 'ignore_ament_install'
[0.244s] Level 1:colcon.colcon_core.package_identification:_identify(src/dis_tutorial2) by extensions ['colcon_pkg']
[0.244s] Level 1:colcon.colcon_core.package_identification:_identify(src/dis_tutorial2) by extension 'colcon_pkg'
[0.245s] Level 1:colcon.colcon_core.package_identification:_identify(src/dis_tutorial2) by extensions ['colcon_meta']
[0.245s] Level 1:colcon.colcon_core.package_identification:_identify(src/dis_tutorial2) by extension 'colcon_meta'
[0.245s] Level 1:colcon.colcon_core.package_identification:_identify(src/dis_tutorial2) by extensions ['ros']
[0.245s] Level 1:colcon.colcon_core.package_identification:_identify(src/dis_tutorial2) by extension 'ros'
[0.246s] DEBUG:colcon.colcon_core.package_identification:Package 'src/dis_tutorial2' with type 'ros.ament_python' and name 'dis_tutorial2'
[0.246s] Level 1:colcon.colcon_core.package_identification:_identify(src/dis_tutorial3) by extensions ['ignore', 'ignore_ament_install']
[0.246s] Level 1:colcon.colcon_core.package_identification:_identify(src/dis_tutorial3) by extension 'ignore'
[0.246s] Level 1:colcon.colcon_core.package_identification:_identify(src/dis_tutorial3) by extension 'ignore_ament_install'
[0.246s] Level 1:colcon.colcon_core.package_identification:_identify(src/dis_tutorial3) by extensions ['colcon_pkg']
[0.246s] Level 1:colcon.colcon_core.package_identification:_identify(src/dis_tutorial3) by extension 'colcon_pkg'
[0.246s] Level 1:colcon.colcon_core.package_identification:_identify(src/dis_tutorial3) by extensions ['colcon_meta']
[0.246s] Level 1:colcon.colcon_core.package_identification:_identify(src/dis_tutorial3) by extension 'colcon_meta'
[0.246s] Level 1:colcon.colcon_core.package_identification:_identify(src/dis_tutorial3) by extensions ['ros']
[0.246s] Level 1:colcon.colcon_core.package_identification:_identify(src/dis_tutorial3) by extension 'ros'
[0.247s] DEBUG:colcon.colcon_core.package_identification:Package 'src/dis_tutorial3' with type 'ros.ament_cmake' and name 'dis_tutorial3'
[0.247s] Level 1:colcon.colcon_core.package_identification:_identify(src/dis_tutorial4) by extensions ['ignore', 'ignore_ament_install']
[0.247s] Level 1:colcon.colcon_core.package_identification:_identify(src/dis_tutorial4) by extension 'ignore'
[0.247s] Level 1:colcon.colcon_core.package_identification:_identify(src/dis_tutorial4) by extension 'ignore_ament_install'
[0.247s] Level 1:colcon.colcon_core.package_identification:_identify(src/dis_tutorial4) by extensions ['colcon_pkg']
[0.247s] Level 1:colcon.colcon_core.package_identification:_identify(src/dis_tutorial4) by extension 'colcon_pkg'
[0.247s] Level 1:colcon.colcon_core.package_identification:_identify(src/dis_tutorial4) by extensions ['colcon_meta']
[0.247s] Level 1:colcon.colcon_core.package_identification:_identify(src/dis_tutorial4) by extension 'colcon_meta'
[0.247s] Level 1:colcon.colcon_core.package_identification:_identify(src/dis_tutorial4) by extensions ['ros']
[0.247s] Level 1:colcon.colcon_core.package_identification:_identify(src/dis_tutorial4) by extension 'ros'
[0.248s] DEBUG:colcon.colcon_core.package_identification:Package 'src/dis_tutorial4' with type 'ros.ament_cmake' and name 'dis_tutorial4'
[0.248s] Level 1:colcon.colcon_core.package_discovery:discover_packages(recursive) using defaults
[0.248s] Level 1:colcon.colcon_core.package_discovery:discover_packages(ignore) discover
[0.248s] Level 1:colcon.colcon_core.package_discovery:discover_packages(ignore) using defaults
[0.248s] Level 1:colcon.colcon_core.package_discovery:discover_packages(path) discover
[0.248s] Level 1:colcon.colcon_core.package_discovery:discover_packages(path) using defaults
[0.270s] Level 1:colcon.colcon_core.package_discovery:discover_packages(prefix_path) check parameters
[0.270s] Level 1:colcon.colcon_core.package_discovery:discover_packages(prefix_path) discover
[0.272s] DEBUG:colcon.colcon_installed_package_information.package_discovery:Found 5 installed packages in /home/strazi/RINS-kappa/workspace/install
[0.273s] DEBUG:colcon.colcon_installed_package_information.package_discovery:Found 386 installed packages in /opt/ros/humble
[0.275s] Level 1:colcon.colcon_core.package_discovery:discover_packages(prefix_path) using defaults
[0.313s] Level 5:colcon.colcon_core.verb:set package 'custom_messages' build argument 'cmake_args' from command line to 'None'
[0.313s] Level 5:colcon.colcon_core.verb:set package 'custom_messages' build argument 'cmake_target' from command line to 'None'
[0.313s] Level 5:colcon.colcon_core.verb:set package 'custom_messages' build argument 'cmake_target_skip_unavailable' from command line to 'False'
[0.313s] Level 5:colcon.colcon_core.verb:set package 'custom_messages' build argument 'cmake_clean_cache' from command line to 'False'
[0.313s] Level 5:colcon.colcon_core.verb:set package 'custom_messages' build argument 'cmake_clean_first' from command line to 'False'
[0.313s] Level 5:colcon.colcon_core.verb:set package 'custom_messages' build argument 'cmake_force_configure' from command line to 'False'
[0.313s] Level 5:colcon.colcon_core.verb:set package 'custom_messages' build argument 'ament_cmake_args' from command line to 'None'
[0.313s] Level 5:colcon.colcon_core.verb:set package 'custom_messages' build argument 'catkin_cmake_args' from command line to 'None'
[0.313s] Level 5:colcon.colcon_core.verb:set package 'custom_messages' build argument 'catkin_skip_building_tests' from command line to 'False'
[0.313s] DEBUG:colcon.colcon_core.verb:Building package 'custom_messages' with the following arguments: {'ament_cmake_args': None, 'build_base': '/home/strazi/RINS-kappa/workspace/build/custom_messages', 'catkin_cmake_args': None, 'catkin_skip_building_tests': False, 'cmake_args': None, 'cmake_clean_cache': False, 'cmake_clean_first': False, 'cmake_force_configure': False, 'cmake_target': None, 'cmake_target_skip_unavailable': False, 'install_base': '/home/strazi/RINS-kappa/workspace/install/custom_messages', 'merge_install': False, 'path': '/home/strazi/RINS-kappa/workspace/src/custom_messages', 'symlink_install': False, 'test_result_base': None}
[0.314s] Level 5:colcon.colcon_core.verb:set package 'dis_tutorial1' build argument 'cmake_args' from command line to 'None'
[0.314s] Level 5:colcon.colcon_core.verb:set package 'dis_tutorial1' build argument 'cmake_target' from command line to 'None'
[0.314s] Level 5:colcon.colcon_core.verb:set package 'dis_tutorial1' build argument 'cmake_target_skip_unavailable' from command line to 'False'
[0.314s] Level 5:colcon.colcon_core.verb:set package 'dis_tutorial1' build argument 'cmake_clean_cache' from command line to 'False'
[0.314s] Level 5:colcon.colcon_core.verb:set package 'dis_tutorial1' build argument 'cmake_clean_first' from command line to 'False'
[0.314s] Level 5:colcon.colcon_core.verb:set package 'dis_tutorial1' build argument 'cmake_force_configure' from command line to 'False'
[0.314s] Level 5:colcon.colcon_core.verb:set package 'dis_tutorial1' build argument 'ament_cmake_args' from command line to 'None'
[0.314s] Level 5:colcon.colcon_core.verb:set package 'dis_tutorial1' build argument 'catkin_cmake_args' from command line to 'None'
[0.314s] Level 5:colcon.colcon_core.verb:set package 'dis_tutorial1' build argument 'catkin_skip_building_tests' from command line to 'False'
[0.314s] DEBUG:colcon.colcon_core.verb:Building package 'dis_tutorial1' with the following arguments: {'ament_cmake_args': None, 'build_base': '/home/strazi/RINS-kappa/workspace/build/dis_tutorial1', 'catkin_cmake_args': None, 'catkin_skip_building_tests': False, 'cmake_args': None, 'cmake_clean_cache': False, 'cmake_clean_first': False, 'cmake_force_configure': False, 'cmake_target': None, 'cmake_target_skip_unavailable': False, 'install_base': '/home/strazi/RINS-kappa/workspace/install/dis_tutorial1', 'merge_install': False, 'path': '/home/strazi/RINS-kappa/workspace/src/dis_tutorial1', 'symlink_install': False, 'test_result_base': None}
[0.314s] Level 5:colcon.colcon_core.verb:set package 'dis_tutorial2' build argument 'cmake_args' from command line to 'None'
[0.314s] Level 5:colcon.colcon_core.verb:set package 'dis_tutorial2' build argument 'cmake_target' from command line to 'None'
[0.314s] Level 5:colcon.colcon_core.verb:set package 'dis_tutorial2' build argument 'cmake_target_skip_unavailable' from command line to 'False'
[0.314s] Level 5:colcon.colcon_core.verb:set package 'dis_tutorial2' build argument 'cmake_clean_cache' from command line to 'False'
[0.314s] Level 5:colcon.colcon_core.verb:set package 'dis_tutorial2' build argument 'cmake_clean_first' from command line to 'False'
[0.314s] Level 5:colcon.colcon_core.verb:set package 'dis_tutorial2' build argument 'cmake_force_configure' from command line to 'False'
[0.314s] Level 5:colcon.colcon_core.verb:set package 'dis_tutorial2' build argument 'ament_cmake_args' from command line to 'None'
[0.314s] Level 5:colcon.colcon_core.verb:set package 'dis_tutorial2' build argument 'catkin_cmake_args' from command line to 'None'
[0.314s] Level 5:colcon.colcon_core.verb:set package 'dis_tutorial2' build argument 'catkin_skip_building_tests' from command line to 'False'
[0.314s] DEBUG:colcon.colcon_core.verb:Building package 'dis_tutorial2' with the following arguments: {'ament_cmake_args': None, 'build_base': '/home/strazi/RINS-kappa/workspace/build/dis_tutorial2', 'catkin_cmake_args': None, 'catkin_skip_building_tests': False, 'cmake_args': None, 'cmake_clean_cache': False, 'cmake_clean_first': False, 'cmake_force_configure': False, 'cmake_target': None, 'cmake_target_skip_unavailable': False, 'install_base': '/home/strazi/RINS-kappa/workspace/install/dis_tutorial2', 'merge_install': False, 'path': '/home/strazi/RINS-kappa/workspace/src/dis_tutorial2', 'symlink_install': False, 'test_result_base': None}
[0.314s] Level 5:colcon.colcon_core.verb:set package 'dis_tutorial3' build argument 'cmake_args' from command line to 'None'
[0.315s] Level 5:colcon.colcon_core.verb:set package 'dis_tutorial3' build argument 'cmake_target' from command line to 'None'
[0.315s] Level 5:colcon.colcon_core.verb:set package 'dis_tutorial3' build argument 'cmake_target_skip_unavailable' from command line to 'False'
[0.315s] Level 5:colcon.colcon_core.verb:set package 'dis_tutorial3' build argument 'cmake_clean_cache' from command line to 'False'
[0.315s] Level 5:colcon.colcon_core.verb:set package 'dis_tutorial3' build argument 'cmake_clean_first' from command line to 'False'
[0.315s] Level 5:colcon.colcon_core.verb:set package 'dis_tutorial3' build argument 'cmake_force_configure' from command line to 'False'
[0.315s] Level 5:colcon.colcon_core.verb:set package 'dis_tutorial3' build argument 'ament_cmake_args' from command line to 'None'
[0.315s] Level 5:colcon.colcon_core.verb:set package 'dis_tutorial3' build argument 'catkin_cmake_args' from command line to 'None'
[0.315s] Level 5:colcon.colcon_core.verb:set package 'dis_tutorial3' build argument 'catkin_skip_building_tests' from command line to 'False'
[0.315s] DEBUG:colcon.colcon_core.verb:Building package 'dis_tutorial3' with the following arguments: {'ament_cmake_args': None, 'build_base': '/home/strazi/RINS-kappa/workspace/build/dis_tutorial3', 'catkin_cmake_args': None, 'catkin_skip_building_tests': False, 'cmake_args': None, 'cmake_clean_cache': False, 'cmake_clean_first': False, 'cmake_force_configure': False, 'cmake_target': None, 'cmake_target_skip_unavailable': False, 'install_base': '/home/strazi/RINS-kappa/workspace/install/dis_tutorial3', 'merge_install': False, 'path': '/home/strazi/RINS-kappa/workspace/src/dis_tutorial3', 'symlink_install': False, 'test_result_base': None}
[0.315s] Level 5:colcon.colcon_core.verb:set package 'dis_tutorial4' build argument 'cmake_args' from command line to 'None'
[0.315s] Level 5:colcon.colcon_core.verb:set package 'dis_tutorial4' build argument 'cmake_target' from command line to 'None'
[0.315s] Level 5:colcon.colcon_core.verb:set package 'dis_tutorial4' build argument 'cmake_target_skip_unavailable' from command line to 'False'
[0.315s] Level 5:colcon.colcon_core.verb:set package 'dis_tutorial4' build argument 'cmake_clean_cache' from command line to 'False'
[0.315s] Level 5:colcon.colcon_core.verb:set package 'dis_tutorial4' build argument 'cmake_clean_first' from command line to 'False'
[0.315s] Level 5:colcon.colcon_core.verb:set package 'dis_tutorial4' build argument 'cmake_force_configure' from command line to 'False'
[0.315s] Level 5:colcon.colcon_core.verb:set package 'dis_tutorial4' build argument 'ament_cmake_args' from command line to 'None'
[0.315s] Level 5:colcon.colcon_core.verb:set package 'dis_tutorial4' build argument 'catkin_cmake_args' from command line to 'None'
[0.315s] Level 5:colcon.colcon_core.verb:set package 'dis_tutorial4' build argument 'catkin_skip_building_tests' from command line to 'False'
[0.315s] DEBUG:colcon.colcon_core.verb:Building package 'dis_tutorial4' with the following arguments: {'ament_cmake_args': None, 'build_base': '/home/strazi/RINS-kappa/workspace/build/dis_tutorial4', 'catkin_cmake_args': None, 'catkin_skip_building_tests': False, 'cmake_args': None, 'cmake_clean_cache': False, 'cmake_clean_first': False, 'cmake_force_configure': False, 'cmake_target': None, 'cmake_target_skip_unavailable': False, 'install_base': '/home/strazi/RINS-kappa/workspace/install/dis_tutorial4', 'merge_install': False, 'path': '/home/strazi/RINS-kappa/workspace/src/dis_tutorial4', 'symlink_install': False, 'test_result_base': None}
[0.315s] INFO:colcon.colcon_core.executor:Executing jobs using 'parallel' executor
[0.316s] DEBUG:colcon.colcon_parallel_executor.executor.parallel:run_until_complete
[0.316s] INFO:colcon.colcon_ros.task.ament_cmake.build:Building ROS package in '/home/strazi/RINS-kappa/workspace/src/custom_messages' with build type 'ament_cmake'
[0.316s] INFO:colcon.colcon_cmake.task.cmake.build:Building CMake package in '/home/strazi/RINS-kappa/workspace/src/custom_messages'
[0.318s] INFO:colcon.colcon_core.plugin_system:Skipping extension 'colcon_core.shell.bat': Not used on non-Windows systems
[0.318s] INFO:colcon.colcon_core.shell:Skip shell extension 'powershell' for command environment: Not usable outside of PowerShell
[0.318s] DEBUG:colcon.colcon_core.shell:Skip shell extension 'dsv' for command environment
[0.322s] INFO:colcon.colcon_ros.task.ament_cmake.build:Building ROS package in '/home/strazi/RINS-kappa/workspace/src/dis_tutorial1' with build type 'ament_cmake'
[0.322s] INFO:colcon.colcon_cmake.task.cmake.build:Building CMake package in '/home/strazi/RINS-kappa/workspace/src/dis_tutorial1'
[0.322s] INFO:colcon.colcon_core.shell:Skip shell extension 'powershell' for command environment: Not usable outside of PowerShell
[0.322s] DEBUG:colcon.colcon_core.shell:Skip shell extension 'dsv' for command environment
[0.325s] INFO:colcon.colcon_ros.task.ament_python.build:Building ROS package in '/home/strazi/RINS-kappa/workspace/src/dis_tutorial2' with build type 'ament_python'
[0.325s] Level 1:colcon.colcon_core.shell:create_environment_hook('dis_tutorial2', 'ament_prefix_path')
[0.325s] INFO:colcon.colcon_core.shell:Creating environment hook '/home/strazi/RINS-kappa/workspace/install/dis_tutorial2/share/dis_tutorial2/hook/ament_prefix_path.ps1'
[0.326s] INFO:colcon.colcon_core.shell:Creating environment descriptor '/home/strazi/RINS-kappa/workspace/install/dis_tutorial2/share/dis_tutorial2/hook/ament_prefix_path.dsv'
[0.326s] INFO:colcon.colcon_core.shell:Creating environment hook '/home/strazi/RINS-kappa/workspace/install/dis_tutorial2/share/dis_tutorial2/hook/ament_prefix_path.sh'
[0.327s] INFO:colcon.colcon_core.shell:Skip shell extension 'powershell' for command environment: Not usable outside of PowerShell
[0.327s] DEBUG:colcon.colcon_core.shell:Skip shell extension 'dsv' for command environment
[0.330s] INFO:colcon.colcon_ros.task.ament_cmake.build:Building ROS package in '/home/strazi/RINS-kappa/workspace/src/dis_tutorial3' with build type 'ament_cmake'
[0.330s] INFO:colcon.colcon_cmake.task.cmake.build:Building CMake package in '/home/strazi/RINS-kappa/workspace/src/dis_tutorial3'
[0.330s] INFO:colcon.colcon_core.shell:Skip shell extension 'powershell' for command environment: Not usable outside of PowerShell
[0.330s] DEBUG:colcon.colcon_core.shell:Skip shell extension 'dsv' for command environment
[0.333s] INFO:colcon.colcon_ros.task.ament_cmake.build:Building ROS package in '/home/strazi/RINS-kappa/workspace/src/dis_tutorial4' with build type 'ament_cmake'
[0.333s] INFO:colcon.colcon_cmake.task.cmake.build:Building CMake package in '/home/strazi/RINS-kappa/workspace/src/dis_tutorial4'
[0.333s] INFO:colcon.colcon_core.shell:Skip shell extension 'powershell' for command environment: Not usable outside of PowerShell
[0.333s] DEBUG:colcon.colcon_core.shell:Skip shell extension 'dsv' for command environment
[0.341s] DEBUG:colcon.colcon_core.event_handler.log_command:Invoking command in '/home/strazi/RINS-kappa/workspace/build/custom_messages': CMAKE_PREFIX_PATH=${CMAKE_PREFIX_PATH}:/home/strazi/RINS-kappa/workspace/install/dis_tutorial2:/opt/ros/humble /usr/bin/cmake --build /home/strazi/RINS-kappa/workspace/build/custom_messages -- -j12 -l12
[0.344s] DEBUG:colcon.colcon_core.event_handler.log_command:Invoking command in '/home/strazi/RINS-kappa/workspace/build/dis_tutorial1': CMAKE_PREFIX_PATH=${CMAKE_PREFIX_PATH}:/home/strazi/RINS-kappa/workspace/install/dis_tutorial2:/opt/ros/humble /usr/bin/cmake --build /home/strazi/RINS-kappa/workspace/build/dis_tutorial1 -- -j12 -l12
[0.590s] INFO:colcon.colcon_core.task.python.build:Building Python package in '/home/strazi/RINS-kappa/workspace/src/dis_tutorial2'
[0.590s] INFO:colcon.colcon_core.shell:Skip shell extension 'powershell' for command environment: Not usable outside of PowerShell
[0.590s] DEBUG:colcon.colcon_core.shell:Skip shell extension 'dsv' for command environment
[0.598s] DEBUG:colcon.colcon_core.event_handler.log_command:Invoking command in '/home/strazi/RINS-kappa/workspace/build/dis_tutorial3': CMAKE_PREFIX_PATH=${CMAKE_PREFIX_PATH}:/home/strazi/RINS-kappa/workspace/install/dis_tutorial2:/opt/ros/humble /usr/bin/cmake --build /home/strazi/RINS-kappa/workspace/build/dis_tutorial3 -- -j12 -l12
[0.605s] DEBUG:colcon.colcon_core.event_handler.log_command:Invoking command in '/home/strazi/RINS-kappa/workspace/build/dis_tutorial4': CMAKE_PREFIX_PATH=${CMAKE_PREFIX_PATH}:/home/strazi/RINS-kappa/workspace/install/dis_tutorial2:/opt/ros/humble /usr/bin/cmake --build /home/strazi/RINS-kappa/workspace/build/dis_tutorial4 -- -j12 -l12
[0.638s] DEBUG:colcon.colcon_core.event_handler.log_command:Invoked command in '/home/strazi/RINS-kappa/workspace/build/dis_tutorial3' returned '0': CMAKE_PREFIX_PATH=${CMAKE_PREFIX_PATH}:/home/strazi/RINS-kappa/workspace/install/dis_tutorial2:/opt/ros/humble /usr/bin/cmake --build /home/strazi/RINS-kappa/workspace/build/dis_tutorial3 -- -j12 -l12
[0.647s] DEBUG:colcon.colcon_core.event_handler.log_command:Invoking command in '/home/strazi/RINS-kappa/workspace/build/dis_tutorial3': CMAKE_PREFIX_PATH=${CMAKE_PREFIX_PATH}:/home/strazi/RINS-kappa/workspace/install/dis_tutorial2:/opt/ros/humble /usr/bin/cmake --install /home/strazi/RINS-kappa/workspace/build/dis_tutorial3
[0.649s] DEBUG:colcon.colcon_core.event_handler.log_command:Invoked command in '/home/strazi/RINS-kappa/workspace/build/dis_tutorial4' returned '0': CMAKE_PREFIX_PATH=${CMAKE_PREFIX_PATH}:/home/strazi/RINS-kappa/workspace/install/dis_tutorial2:/opt/ros/humble /usr/bin/cmake --build /home/strazi/RINS-kappa/workspace/build/dis_tutorial4 -- -j12 -l12
[0.651s] DEBUG:colcon.colcon_core.event_handler.log_command:Invoking command in '/home/strazi/RINS-kappa/workspace/build/dis_tutorial4': CMAKE_PREFIX_PATH=${CMAKE_PREFIX_PATH}:/home/strazi/RINS-kappa/workspace/install/dis_tutorial2:/opt/ros/humble /usr/bin/cmake --install /home/strazi/RINS-kappa/workspace/build/dis_tutorial4
[0.663s] Level 1:colcon.colcon_core.environment:create_environment_scripts_only(dis_tutorial3)
[0.670s] DEBUG:colcon.colcon_core.event_handler.log_command:Invoked command in '/home/strazi/RINS-kappa/workspace/build/dis_tutorial3' returned '0': CMAKE_PREFIX_PATH=${CMAKE_PREFIX_PATH}:/home/strazi/RINS-kappa/workspace/install/dis_tutorial2:/opt/ros/humble /usr/bin/cmake --install /home/strazi/RINS-kappa/workspace/build/dis_tutorial3
[0.671s] Level 1:colcon.colcon_core.environment:checking '/home/strazi/RINS-kappa/workspace/install/dis_tutorial3' for CMake module files
[0.671s] Level 1:colcon.colcon_core.environment:checking '/home/strazi/RINS-kappa/workspace/install/dis_tutorial3' for CMake config files
[0.671s] Level 1:colcon.colcon_core.shell:create_environment_hook('dis_tutorial3', 'cmake_prefix_path')
[0.671s] INFO:colcon.colcon_core.shell:Creating environment hook '/home/strazi/RINS-kappa/workspace/install/dis_tutorial3/share/dis_tutorial3/hook/cmake_prefix_path.ps1'
[0.672s] INFO:colcon.colcon_core.shell:Creating environment descriptor '/home/strazi/RINS-kappa/workspace/install/dis_tutorial3/share/dis_tutorial3/hook/cmake_prefix_path.dsv'
[0.672s] INFO:colcon.colcon_core.shell:Creating environment hook '/home/strazi/RINS-kappa/workspace/install/dis_tutorial3/share/dis_tutorial3/hook/cmake_prefix_path.sh'
[0.673s] Level 1:colcon.colcon_core.environment:checking '/home/strazi/RINS-kappa/workspace/install/dis_tutorial3/lib'
[0.673s] Level 1:colcon.colcon_core.environment:checking '/home/strazi/RINS-kappa/workspace/install/dis_tutorial3/bin'
[0.673s] Level 1:colcon.colcon_core.environment:checking '/home/strazi/RINS-kappa/workspace/install/dis_tutorial3/lib/pkgconfig/dis_tutorial3.pc'
[0.673s] Level 1:colcon.colcon_core.environment:checking '/home/strazi/RINS-kappa/workspace/install/dis_tutorial3/lib/python3.10/site-packages'
[0.673s] Level 1:colcon.colcon_core.environment:checking '/home/strazi/RINS-kappa/workspace/install/dis_tutorial3/bin'
[0.674s] INFO:colcon.colcon_core.shell:Creating package script '/home/strazi/RINS-kappa/workspace/install/dis_tutorial3/share/dis_tutorial3/package.ps1'
[0.674s] INFO:colcon.colcon_core.shell:Creating package descriptor '/home/strazi/RINS-kappa/workspace/install/dis_tutorial3/share/dis_tutorial3/package.dsv'
[0.675s] INFO:colcon.colcon_core.shell:Creating package script '/home/strazi/RINS-kappa/workspace/install/dis_tutorial3/share/dis_tutorial3/package.sh'
[0.675s] INFO:colcon.colcon_core.shell:Creating package script '/home/strazi/RINS-kappa/workspace/install/dis_tutorial3/share/dis_tutorial3/package.bash'
[0.676s] INFO:colcon.colcon_core.shell:Creating package script '/home/strazi/RINS-kappa/workspace/install/dis_tutorial3/share/dis_tutorial3/package.zsh'
[0.676s] Level 1:colcon.colcon_core.environment:create_file_with_runtime_dependencies(/home/strazi/RINS-kappa/workspace/install/dis_tutorial3/share/colcon-core/packages/dis_tutorial3)
[0.677s] Level 1:colcon.colcon_core.environment:create_environment_scripts_only(dis_tutorial3)
[0.677s] Level 1:colcon.colcon_core.environment:checking '/home/strazi/RINS-kappa/workspace/install/dis_tutorial3' for CMake module files
[0.677s] Level 1:colcon.colcon_core.environment:checking '/home/strazi/RINS-kappa/workspace/install/dis_tutorial3' for CMake config files
[0.678s] Level 1:colcon.colcon_core.shell:create_environment_hook('dis_tutorial3', 'cmake_prefix_path')
[0.678s] INFO:colcon.colcon_core.shell:Creating environment hook '/home/strazi/RINS-kappa/workspace/install/dis_tutorial3/share/dis_tutorial3/hook/cmake_prefix_path.ps1'
[0.678s] INFO:colcon.colcon_core.shell:Creating environment descriptor '/home/strazi/RINS-kappa/workspace/install/dis_tutorial3/share/dis_tutorial3/hook/cmake_prefix_path.dsv'
[0.678s] INFO:colcon.colcon_core.shell:Creating environment hook '/home/strazi/RINS-kappa/workspace/install/dis_tutorial3/share/dis_tutorial3/hook/cmake_prefix_path.sh'
[0.679s] Level 1:colcon.colcon_core.environment:checking '/home/strazi/RINS-kappa/workspace/install/dis_tutorial3/lib'
[0.679s] Level 1:colcon.colcon_core.environment:checking '/home/strazi/RINS-kappa/workspace/install/dis_tutorial3/bin'
[0.679s] Level 1:colcon.colcon_core.environment:checking '/home/strazi/RINS-kappa/workspace/install/dis_tutorial3/lib/pkgconfig/dis_tutorial3.pc'
[0.679s] Level 1:colcon.colcon_core.environment:checking '/home/strazi/RINS-kappa/workspace/install/dis_tutorial3/lib/python3.10/site-packages'
[0.679s] Level 1:colcon.colcon_core.environment:checking '/home/strazi/RINS-kappa/workspace/install/dis_tutorial3/bin'
[0.679s] INFO:colcon.colcon_core.shell:Creating package script '/home/strazi/RINS-kappa/workspace/install/dis_tutorial3/share/dis_tutorial3/package.ps1'
[0.680s] INFO:colcon.colcon_core.shell:Creating package descriptor '/home/strazi/RINS-kappa/workspace/install/dis_tutorial3/share/dis_tutorial3/package.dsv'
[0.680s] INFO:colcon.colcon_core.shell:Creating package script '/home/strazi/RINS-kappa/workspace/install/dis_tutorial3/share/dis_tutorial3/package.sh'
[0.681s] INFO:colcon.colcon_core.shell:Creating package script '/home/strazi/RINS-kappa/workspace/install/dis_tutorial3/share/dis_tutorial3/package.bash'
[0.681s] INFO:colcon.colcon_core.shell:Creating package script '/home/strazi/RINS-kappa/workspace/install/dis_tutorial3/share/dis_tutorial3/package.zsh'
[0.681s] Level 1:colcon.colcon_core.environment:create_file_with_runtime_dependencies(/home/strazi/RINS-kappa/workspace/install/dis_tutorial3/share/colcon-core/packages/dis_tutorial3)
[0.682s] Level 1:colcon.colcon_core.environment:create_environment_scripts_only(dis_tutorial4)
[0.682s] Level 1:colcon.colcon_core.environment:checking '/home/strazi/RINS-kappa/workspace/install/dis_tutorial4' for CMake module files
[0.683s] DEBUG:colcon.colcon_core.event_handler.log_command:Invoked command in '/home/strazi/RINS-kappa/workspace/build/dis_tutorial4' returned '0': CMAKE_PREFIX_PATH=${CMAKE_PREFIX_PATH}:/home/strazi/RINS-kappa/workspace/install/dis_tutorial2:/opt/ros/humble /usr/bin/cmake --install /home/strazi/RINS-kappa/workspace/build/dis_tutorial4
[0.683s] Level 1:colcon.colcon_core.environment:checking '/home/strazi/RINS-kappa/workspace/install/dis_tutorial4' for CMake config files
[0.683s] Level 1:colcon.colcon_core.shell:create_environment_hook('dis_tutorial4', 'cmake_prefix_path')
[0.683s] INFO:colcon.colcon_core.shell:Creating environment hook '/home/strazi/RINS-kappa/workspace/install/dis_tutorial4/share/dis_tutorial4/hook/cmake_prefix_path.ps1'
[0.684s] INFO:colcon.colcon_core.shell:Creating environment descriptor '/home/strazi/RINS-kappa/workspace/install/dis_tutorial4/share/dis_tutorial4/hook/cmake_prefix_path.dsv'
[0.684s] INFO:colcon.colcon_core.shell:Creating environment hook '/home/strazi/RINS-kappa/workspace/install/dis_tutorial4/share/dis_tutorial4/hook/cmake_prefix_path.sh'
[0.684s] Level 1:colcon.colcon_core.environment:checking '/home/strazi/RINS-kappa/workspace/install/dis_tutorial4/lib'
[0.684s] Level 1:colcon.colcon_core.environment:checking '/home/strazi/RINS-kappa/workspace/install/dis_tutorial4/bin'
[0.684s] Level 1:colcon.colcon_core.environment:checking '/home/strazi/RINS-kappa/workspace/install/dis_tutorial4/lib/pkgconfig/dis_tutorial4.pc'
[0.684s] Level 1:colcon.colcon_core.environment:checking '/home/strazi/RINS-kappa/workspace/install/dis_tutorial4/lib/python3.10/site-packages'
[0.685s] Level 1:colcon.colcon_core.environment:checking '/home/strazi/RINS-kappa/workspace/install/dis_tutorial4/bin'
[0.685s] INFO:colcon.colcon_core.shell:Creating package script '/home/strazi/RINS-kappa/workspace/install/dis_tutorial4/share/dis_tutorial4/package.ps1'
[0.685s] INFO:colcon.colcon_core.shell:Creating package descriptor '/home/strazi/RINS-kappa/workspace/install/dis_tutorial4/share/dis_tutorial4/package.dsv'
[0.685s] INFO:colcon.colcon_core.shell:Creating package script '/home/strazi/RINS-kappa/workspace/install/dis_tutorial4/share/dis_tutorial4/package.sh'
[0.686s] INFO:colcon.colcon_core.shell:Creating package script '/home/strazi/RINS-kappa/workspace/install/dis_tutorial4/share/dis_tutorial4/package.bash'
[0.686s] INFO:colcon.colcon_core.shell:Creating package script '/home/strazi/RINS-kappa/workspace/install/dis_tutorial4/share/dis_tutorial4/package.zsh'
[0.686s] Level 1:colcon.colcon_core.environment:create_file_with_runtime_dependencies(/home/strazi/RINS-kappa/workspace/install/dis_tutorial4/share/colcon-core/packages/dis_tutorial4)
[0.687s] Level 1:colcon.colcon_core.environment:create_environment_scripts_only(dis_tutorial4)
[0.687s] Level 1:colcon.colcon_core.environment:checking '/home/strazi/RINS-kappa/workspace/install/dis_tutorial4' for CMake module files
[0.687s] Level 1:colcon.colcon_core.environment:checking '/home/strazi/RINS-kappa/workspace/install/dis_tutorial4' for CMake config files
[0.687s] Level 1:colcon.colcon_core.shell:create_environment_hook('dis_tutorial4', 'cmake_prefix_path')
[0.687s] INFO:colcon.colcon_core.shell:Creating environment hook '/home/strazi/RINS-kappa/workspace/install/dis_tutorial4/share/dis_tutorial4/hook/cmake_prefix_path.ps1'
[0.688s] INFO:colcon.colcon_core.shell:Creating environment descriptor '/home/strazi/RINS-kappa/workspace/install/dis_tutorial4/share/dis_tutorial4/hook/cmake_prefix_path.dsv'
[0.688s] INFO:colcon.colcon_core.shell:Creating environment hook '/home/strazi/RINS-kappa/workspace/install/dis_tutorial4/share/dis_tutorial4/hook/cmake_prefix_path.sh'
[0.688s] Level 1:colcon.colcon_core.environment:checking '/home/strazi/RINS-kappa/workspace/install/dis_tutorial4/lib'
[0.688s] Level 1:colcon.colcon_core.environment:checking '/home/strazi/RINS-kappa/workspace/install/dis_tutorial4/bin'
[0.688s] Level 1:colcon.colcon_core.environment:checking '/home/strazi/RINS-kappa/workspace/install/dis_tutorial4/lib/pkgconfig/dis_tutorial4.pc'
[0.688s] Level 1:colcon.colcon_core.environment:checking '/home/strazi/RINS-kappa/workspace/install/dis_tutorial4/lib/python3.10/site-packages'
[0.689s] Level 1:colcon.colcon_core.environment:checking '/home/strazi/RINS-kappa/workspace/install/dis_tutorial4/bin'
[0.689s] INFO:colcon.colcon_core.shell:Creating package script '/home/strazi/RINS-kappa/workspace/install/dis_tutorial4/share/dis_tutorial4/package.ps1'
[0.689s] INFO:colcon.colcon_core.shell:Creating package descriptor '/home/strazi/RINS-kappa/workspace/install/dis_tutorial4/share/dis_tutorial4/package.dsv'
[0.689s] INFO:colcon.colcon_core.shell:Creating package script '/home/strazi/RINS-kappa/workspace/install/dis_tutorial4/share/dis_tutorial4/package.sh'
[0.690s] INFO:colcon.colcon_core.shell:Creating package script '/home/strazi/RINS-kappa/workspace/install/dis_tutorial4/share/dis_tutorial4/package.bash'
[0.690s] INFO:colcon.colcon_core.shell:Creating package script '/home/strazi/RINS-kappa/workspace/install/dis_tutorial4/share/dis_tutorial4/package.zsh'
[0.690s] Level 1:colcon.colcon_core.environment:create_file_with_runtime_dependencies(/home/strazi/RINS-kappa/workspace/install/dis_tutorial4/share/colcon-core/packages/dis_tutorial4)
[0.691s] DEBUG:colcon.colcon_core.event_handler.log_command:Invoked command in '/home/strazi/RINS-kappa/workspace/build/custom_messages' returned '0': CMAKE_PREFIX_PATH=${CMAKE_PREFIX_PATH}:/home/strazi/RINS-kappa/workspace/install/dis_tutorial2:/opt/ros/humble /usr/bin/cmake --build /home/strazi/RINS-kappa/workspace/build/custom_messages -- -j12 -l12
[0.692s] DEBUG:colcon.colcon_core.event_handler.log_command:Invoking command in '/home/strazi/RINS-kappa/workspace/build/custom_messages': CMAKE_PREFIX_PATH=${CMAKE_PREFIX_PATH}:/home/strazi/RINS-kappa/workspace/install/dis_tutorial2:/opt/ros/humble /usr/bin/cmake --install /home/strazi/RINS-kappa/workspace/build/custom_messages
[0.693s] DEBUG:colcon.colcon_core.event_handler.log_command:Invoked command in '/home/strazi/RINS-kappa/workspace/build/dis_tutorial1' returned '0': CMAKE_PREFIX_PATH=${CMAKE_PREFIX_PATH}:/home/strazi/RINS-kappa/workspace/install/dis_tutorial2:/opt/ros/humble /usr/bin/cmake --build /home/strazi/RINS-kappa/workspace/build/dis_tutorial1 -- -j12 -l12
[0.694s] DEBUG:colcon.colcon_core.event_handler.log_command:Invoking command in '/home/strazi/RINS-kappa/workspace/build/dis_tutorial1': CMAKE_PREFIX_PATH=${CMAKE_PREFIX_PATH}:/home/strazi/RINS-kappa/workspace/install/dis_tutorial2:/opt/ros/humble /usr/bin/cmake --install /home/strazi/RINS-kappa/workspace/build/dis_tutorial1
[0.744s] Level 1:colcon.colcon_core.environment:create_environment_scripts_only(custom_messages)
[0.744s] Level 1:colcon.colcon_core.environment:checking '/home/strazi/RINS-kappa/workspace/install/custom_messages' for CMake module files
[0.745s] DEBUG:colcon.colcon_core.event_handler.log_command:Invoked command in '/home/strazi/RINS-kappa/workspace/build/custom_messages' returned '0': CMAKE_PREFIX_PATH=${CMAKE_PREFIX_PATH}:/home/strazi/RINS-kappa/workspace/install/dis_tutorial2:/opt/ros/humble /usr/bin/cmake --install /home/strazi/RINS-kappa/workspace/build/custom_messages
[0.746s] Level 1:colcon.colcon_core.environment:checking '/home/strazi/RINS-kappa/workspace/install/custom_messages' for CMake config files
[0.749s] Level 1:colcon.colcon_core.shell:create_environment_hook('custom_messages', 'cmake_prefix_path')
[0.750s] INFO:colcon.colcon_core.shell:Creating environment hook '/home/strazi/RINS-kappa/workspace/install/custom_messages/share/custom_messages/hook/cmake_prefix_path.ps1'
[0.750s] INFO:colcon.colcon_core.shell:Creating environment descriptor '/home/strazi/RINS-kappa/workspace/install/custom_messages/share/custom_messages/hook/cmake_prefix_path.dsv'
[0.750s] INFO:colcon.colcon_core.shell:Creating environment hook '/home/strazi/RINS-kappa/workspace/install/custom_messages/share/custom_messages/hook/cmake_prefix_path.sh'
[0.751s] Level 1:colcon.colcon_core.environment:checking '/home/strazi/RINS-kappa/workspace/install/custom_messages/lib'
[0.751s] Level 1:colcon.colcon_core.shell:create_environment_hook('custom_messages', 'ld_library_path_lib')
[0.751s] INFO:colcon.colcon_core.shell:Creating environment hook '/home/strazi/RINS-kappa/workspace/install/custom_messages/share/custom_messages/hook/ld_library_path_lib.ps1'
[0.751s] INFO:colcon.colcon_core.shell:Creating environment descriptor '/home/strazi/RINS-kappa/workspace/install/custom_messages/share/custom_messages/hook/ld_library_path_lib.dsv'
[0.752s] INFO:colcon.colcon_core.shell:Creating environment hook '/home/strazi/RINS-kappa/workspace/install/custom_messages/share/custom_messages/hook/ld_library_path_lib.sh'
[0.752s] Level 1:colcon.colcon_core.environment:checking '/home/strazi/RINS-kappa/workspace/install/custom_messages/bin'
[0.752s] Level 1:colcon.colcon_core.environment:checking '/home/strazi/RINS-kappa/workspace/install/custom_messages/lib/pkgconfig/custom_messages.pc'
[0.752s] Level 1:colcon.colcon_core.environment:checking '/home/strazi/RINS-kappa/workspace/install/custom_messages/lib/python3.10/site-packages'
[0.752s] Level 1:colcon.colcon_core.environment:checking '/home/strazi/RINS-kappa/workspace/install/custom_messages/bin'
[0.753s] INFO:colcon.colcon_core.shell:Creating package script '/home/strazi/RINS-kappa/workspace/install/custom_messages/share/custom_messages/package.ps1'
[0.753s] INFO:colcon.colcon_core.shell:Creating package descriptor '/home/strazi/RINS-kappa/workspace/install/custom_messages/share/custom_messages/package.dsv'
[0.753s] INFO:colcon.colcon_core.shell:Creating package script '/home/strazi/RINS-kappa/workspace/install/custom_messages/share/custom_messages/package.sh'
[0.754s] INFO:colcon.colcon_core.shell:Creating package script '/home/strazi/RINS-kappa/workspace/install/custom_messages/share/custom_messages/package.bash'
[0.754s] INFO:colcon.colcon_core.shell:Creating package script '/home/strazi/RINS-kappa/workspace/install/custom_messages/share/custom_messages/package.zsh'
[0.754s] Level 1:colcon.colcon_core.environment:create_file_with_runtime_dependencies(/home/strazi/RINS-kappa/workspace/install/custom_messages/share/colcon-core/packages/custom_messages)
[0.755s] Level 1:colcon.colcon_core.environment:create_environment_scripts_only(custom_messages)
[0.755s] Level 1:colcon.colcon_core.environment:checking '/home/strazi/RINS-kappa/workspace/install/custom_messages' for CMake module files
[0.755s] Level 1:colcon.colcon_core.environment:checking '/home/strazi/RINS-kappa/workspace/install/custom_messages' for CMake config files
[0.756s] Level 1:colcon.colcon_core.shell:create_environment_hook('custom_messages', 'cmake_prefix_path')
[0.756s] INFO:colcon.colcon_core.shell:Creating environment hook '/home/strazi/RINS-kappa/workspace/install/custom_messages/share/custom_messages/hook/cmake_prefix_path.ps1'
[0.756s] INFO:colcon.colcon_core.shell:Creating environment descriptor '/home/strazi/RINS-kappa/workspace/install/custom_messages/share/custom_messages/hook/cmake_prefix_path.dsv'
[0.757s] INFO:colcon.colcon_core.shell:Creating environment hook '/home/strazi/RINS-kappa/workspace/install/custom_messages/share/custom_messages/hook/cmake_prefix_path.sh'
[0.757s] Level 1:colcon.colcon_core.environment:checking '/home/strazi/RINS-kappa/workspace/install/custom_messages/lib'
[0.757s] Level 1:colcon.colcon_core.shell:create_environment_hook('custom_messages', 'ld_library_path_lib')
[0.757s] INFO:colcon.colcon_core.shell:Creating environment hook '/home/strazi/RINS-kappa/workspace/install/custom_messages/share/custom_messages/hook/ld_library_path_lib.ps1'
[0.758s] INFO:colcon.colcon_core.shell:Creating environment descriptor '/home/strazi/RINS-kappa/workspace/install/custom_messages/share/custom_messages/hook/ld_library_path_lib.dsv'
[0.758s] INFO:colcon.colcon_core.shell:Creating environment hook '/home/strazi/RINS-kappa/workspace/install/custom_messages/share/custom_messages/hook/ld_library_path_lib.sh'
[0.758s] Level 1:colcon.colcon_core.environment:checking '/home/strazi/RINS-kappa/workspace/install/custom_messages/bin'
[0.758s] Level 1:colcon.colcon_core.environment:checking '/home/strazi/RINS-kappa/workspace/install/custom_messages/lib/pkgconfig/custom_messages.pc'
[0.758s] Level 1:colcon.colcon_core.environment:checking '/home/strazi/RINS-kappa/workspace/install/custom_messages/lib/python3.10/site-packages'
[0.759s] Level 1:colcon.colcon_core.environment:checking '/home/strazi/RINS-kappa/workspace/install/custom_messages/bin'
[0.759s] INFO:colcon.colcon_core.shell:Creating package script '/home/strazi/RINS-kappa/workspace/install/custom_messages/share/custom_messages/package.ps1'
[0.759s] INFO:colcon.colcon_core.shell:Creating package descriptor '/home/strazi/RINS-kappa/workspace/install/custom_messages/share/custom_messages/package.dsv'
[0.760s] INFO:colcon.colcon_core.shell:Creating package script '/home/strazi/RINS-kappa/workspace/install/custom_messages/share/custom_messages/package.sh'
[0.760s] INFO:colcon.colcon_core.shell:Creating package script '/home/strazi/RINS-kappa/workspace/install/custom_messages/share/custom_messages/package.bash'
[0.760s] INFO:colcon.colcon_core.shell:Creating package script '/home/strazi/RINS-kappa/workspace/install/custom_messages/share/custom_messages/package.zsh'
[0.761s] Level 1:colcon.colcon_core.environment:create_file_with_runtime_dependencies(/home/strazi/RINS-kappa/workspace/install/custom_messages/share/colcon-core/packages/custom_messages)
[0.761s] Level 1:colcon.colcon_core.environment:create_environment_scripts_only(dis_tutorial1)
[0.762s] Level 1:colcon.colcon_core.environment:checking '/home/strazi/RINS-kappa/workspace/install/dis_tutorial1' for CMake module files
[0.762s] DEBUG:colcon.colcon_core.event_handler.log_command:Invoked command in '/home/strazi/RINS-kappa/workspace/build/dis_tutorial1' returned '0': CMAKE_PREFIX_PATH=${CMAKE_PREFIX_PATH}:/home/strazi/RINS-kappa/workspace/install/dis_tutorial2:/opt/ros/humble /usr/bin/cmake --install /home/strazi/RINS-kappa/workspace/build/dis_tutorial1
[0.763s] Level 1:colcon.colcon_core.environment:checking '/home/strazi/RINS-kappa/workspace/install/dis_tutorial1' for CMake config files
[0.763s] Level 1:colcon.colcon_core.shell:create_environment_hook('dis_tutorial1', 'cmake_prefix_path')
[0.763s] INFO:colcon.colcon_core.shell:Creating environment hook '/home/strazi/RINS-kappa/workspace/install/dis_tutorial1/share/dis_tutorial1/hook/cmake_prefix_path.ps1'
[0.764s] INFO:colcon.colcon_core.shell:Creating environment descriptor '/home/strazi/RINS-kappa/workspace/install/dis_tutorial1/share/dis_tutorial1/hook/cmake_prefix_path.dsv'
[0.764s] INFO:colcon.colcon_core.shell:Creating environment hook '/home/strazi/RINS-kappa/workspace/install/dis_tutorial1/share/dis_tutorial1/hook/cmake_prefix_path.sh'
[0.764s] Level 1:colcon.colcon_core.environment:checking '/home/strazi/RINS-kappa/workspace/install/dis_tutorial1/lib'
[0.764s] Level 1:colcon.colcon_core.shell:create_environment_hook('dis_tutorial1', 'ld_library_path_lib')
[0.765s] INFO:colcon.colcon_core.shell:Creating environment hook '/home/strazi/RINS-kappa/workspace/install/dis_tutorial1/share/dis_tutorial1/hook/ld_library_path_lib.ps1'
[0.765s] INFO:colcon.colcon_core.shell:Creating environment descriptor '/home/strazi/RINS-kappa/workspace/install/dis_tutorial1/share/dis_tutorial1/hook/ld_library_path_lib.dsv'
[0.765s] INFO:colcon.colcon_core.shell:Creating environment hook '/home/strazi/RINS-kappa/workspace/install/dis_tutorial1/share/dis_tutorial1/hook/ld_library_path_lib.sh'
[0.766s] Level 1:colcon.colcon_core.environment:checking '/home/strazi/RINS-kappa/workspace/install/dis_tutorial1/bin'
[0.766s] Level 1:colcon.colcon_core.environment:checking '/home/strazi/RINS-kappa/workspace/install/dis_tutorial1/lib/pkgconfig/dis_tutorial1.pc'
[0.766s] Level 1:colcon.colcon_core.environment:checking '/home/strazi/RINS-kappa/workspace/install/dis_tutorial1/lib/python3.10/site-packages'
[0.766s] Level 1:colcon.colcon_core.environment:checking '/home/strazi/RINS-kappa/workspace/install/dis_tutorial1/bin'
[0.767s] INFO:colcon.colcon_core.shell:Creating package script '/home/strazi/RINS-kappa/workspace/install/dis_tutorial1/share/dis_tutorial1/package.ps1'
[0.767s] INFO:colcon.colcon_core.shell:Creating package descriptor '/home/strazi/RINS-kappa/workspace/install/dis_tutorial1/share/dis_tutorial1/package.dsv'
[0.768s] INFO:colcon.colcon_core.shell:Creating package script '/home/strazi/RINS-kappa/workspace/install/dis_tutorial1/share/dis_tutorial1/package.sh'
[0.768s] INFO:colcon.colcon_core.shell:Creating package script '/home/strazi/RINS-kappa/workspace/install/dis_tutorial1/share/dis_tutorial1/package.bash'
[0.768s] INFO:colcon.colcon_core.shell:Creating package script '/home/strazi/RINS-kappa/workspace/install/dis_tutorial1/share/dis_tutorial1/package.zsh'
[0.769s] Level 1:colcon.colcon_core.environment:create_file_with_runtime_dependencies(/home/strazi/RINS-kappa/workspace/install/dis_tutorial1/share/colcon-core/packages/dis_tutorial1)
[0.769s] Level 1:colcon.colcon_core.environment:create_environment_scripts_only(dis_tutorial1)
[0.770s] Level 1:colcon.colcon_core.environment:checking '/home/strazi/RINS-kappa/workspace/install/dis_tutorial1' for CMake module files
[0.770s] Level 1:colcon.colcon_core.environment:checking '/home/strazi/RINS-kappa/workspace/install/dis_tutorial1' for CMake config files
[0.771s] Level 1:colcon.colcon_core.shell:create_environment_hook('dis_tutorial1', 'cmake_prefix_path')
[0.771s] INFO:colcon.colcon_core.shell:Creating environment hook '/home/strazi/RINS-kappa/workspace/install/dis_tutorial1/share/dis_tutorial1/hook/cmake_prefix_path.ps1'
[0.772s] INFO:colcon.colcon_core.shell:Creating environment descriptor '/home/strazi/RINS-kappa/workspace/install/dis_tutorial1/share/dis_tutorial1/hook/cmake_prefix_path.dsv'
[0.772s] INFO:colcon.colcon_core.shell:Creating environment hook '/home/strazi/RINS-kappa/workspace/install/dis_tutorial1/share/dis_tutorial1/hook/cmake_prefix_path.sh'
[0.773s] Level 1:colcon.colcon_core.environment:checking '/home/strazi/RINS-kappa/workspace/install/dis_tutorial1/lib'
[0.773s] Level 1:colcon.colcon_core.shell:create_environment_hook('dis_tutorial1', 'ld_library_path_lib')
[0.773s] INFO:colcon.colcon_core.shell:Creating environment hook '/home/strazi/RINS-kappa/workspace/install/dis_tutorial1/share/dis_tutorial1/hook/ld_library_path_lib.ps1'
[0.774s] INFO:colcon.colcon_core.shell:Creating environment descriptor '/home/strazi/RINS-kappa/workspace/install/dis_tutorial1/share/dis_tutorial1/hook/ld_library_path_lib.dsv'
[0.774s] INFO:colcon.colcon_core.shell:Creating environment hook '/home/strazi/RINS-kappa/workspace/install/dis_tutorial1/share/dis_tutorial1/hook/ld_library_path_lib.sh'
[0.775s] Level 1:colcon.colcon_core.environment:checking '/home/strazi/RINS-kappa/workspace/install/dis_tutorial1/bin'
[0.775s] Level 1:colcon.colcon_core.environment:checking '/home/strazi/RINS-kappa/workspace/install/dis_tutorial1/lib/pkgconfig/dis_tutorial1.pc'
[0.775s] Level 1:colcon.colcon_core.environment:checking '/home/strazi/RINS-kappa/workspace/install/dis_tutorial1/lib/python3.10/site-packages'
[0.775s] Level 1:colcon.colcon_core.environment:checking '/home/strazi/RINS-kappa/workspace/install/dis_tutorial1/bin'
[0.775s] INFO:colcon.colcon_core.shell:Creating package script '/home/strazi/RINS-kappa/workspace/install/dis_tutorial1/share/dis_tutorial1/package.ps1'
[0.776s] INFO:colcon.colcon_core.shell:Creating package descriptor '/home/strazi/RINS-kappa/workspace/install/dis_tutorial1/share/dis_tutorial1/package.dsv'
[0.776s] INFO:colcon.colcon_core.shell:Creating package script '/home/strazi/RINS-kappa/workspace/install/dis_tutorial1/share/dis_tutorial1/package.sh'
[0.777s] INFO:colcon.colcon_core.shell:Creating package script '/home/strazi/RINS-kappa/workspace/install/dis_tutorial1/share/dis_tutorial1/package.bash'
[0.778s] INFO:colcon.colcon_core.shell:Creating package script '/home/strazi/RINS-kappa/workspace/install/dis_tutorial1/share/dis_tutorial1/package.zsh'
[0.778s] Level 1:colcon.colcon_core.environment:create_file_with_runtime_dependencies(/home/strazi/RINS-kappa/workspace/install/dis_tutorial1/share/colcon-core/packages/dis_tutorial1)
[0.911s] DEBUG:colcon.colcon_core.event_handler.log_command:Invoking command in '/home/strazi/RINS-kappa/workspace/src/dis_tutorial2': PYTHONPATH=/home/strazi/RINS-kappa/workspace/build/dis_tutorial2/prefix_override:/usr/lib/python3/dist-packages/colcon_core/task/python/colcon_distutils_commands:/home/strazi/RINS-kappa/workspace/install/dis_tutorial2/lib/python3.10/site-packages:${PYTHONPATH} /usr/bin/python3 -W ignore:setup.py install is deprecated -W ignore:easy_install command is deprecated setup.py egg_info --egg-base ../../build/dis_tutorial2 build --build-base /home/strazi/RINS-kappa/workspace/build/dis_tutorial2/build install --record /home/strazi/RINS-kappa/workspace/build/dis_tutorial2/install.log --single-version-externally-managed install_data
[1.150s] Level 1:colcon.colcon_core.environment:checking '/home/strazi/RINS-kappa/workspace/install/dis_tutorial2' for CMake module files
[1.151s] DEBUG:colcon.colcon_core.event_handler.log_command:Invoked command in '/home/strazi/RINS-kappa/workspace/src/dis_tutorial2' returned '0': PYTHONPATH=/home/strazi/RINS-kappa/workspace/build/dis_tutorial2/prefix_override:/usr/lib/python3/dist-packages/colcon_core/task/python/colcon_distutils_commands:/home/strazi/RINS-kappa/workspace/install/dis_tutorial2/lib/python3.10/site-packages:${PYTHONPATH} /usr/bin/python3 -W ignore:setup.py install is deprecated -W ignore:easy_install command is deprecated setup.py egg_info --egg-base ../../build/dis_tutorial2 build --build-base /home/strazi/RINS-kappa/workspace/build/dis_tutorial2/build install --record /home/strazi/RINS-kappa/workspace/build/dis_tutorial2/install.log --single-version-externally-managed install_data
[1.151s] Level 1:colcon.colcon_core.environment:checking '/home/strazi/RINS-kappa/workspace/install/dis_tutorial2' for CMake config files
[1.152s] Level 1:colcon.colcon_core.environment:checking '/home/strazi/RINS-kappa/workspace/install/dis_tutorial2/lib'
[1.152s] Level 1:colcon.colcon_core.environment:checking '/home/strazi/RINS-kappa/workspace/install/dis_tutorial2/bin'
[1.152s] Level 1:colcon.colcon_core.environment:checking '/home/strazi/RINS-kappa/workspace/install/dis_tutorial2/lib/pkgconfig/dis_tutorial2.pc'
[1.153s] Level 1:colcon.colcon_core.environment:checking '/home/strazi/RINS-kappa/workspace/install/dis_tutorial2/lib/python3.10/site-packages'
[1.153s] Level 1:colcon.colcon_core.shell:create_environment_hook('dis_tutorial2', 'pythonpath')
[1.153s] INFO:colcon.colcon_core.shell:Creating environment hook '/home/strazi/RINS-kappa/workspace/install/dis_tutorial2/share/dis_tutorial2/hook/pythonpath.ps1'
[1.154s] INFO:colcon.colcon_core.shell:Creating environment descriptor '/home/strazi/RINS-kappa/workspace/install/dis_tutorial2/share/dis_tutorial2/hook/pythonpath.dsv'
[1.154s] INFO:colcon.colcon_core.shell:Creating environment hook '/home/strazi/RINS-kappa/workspace/install/dis_tutorial2/share/dis_tutorial2/hook/pythonpath.sh'
[1.155s] Level 1:colcon.colcon_core.environment:checking '/home/strazi/RINS-kappa/workspace/install/dis_tutorial2/bin'
[1.155s] Level 1:colcon.colcon_core.environment:create_environment_scripts_only(dis_tutorial2)
[1.155s] INFO:colcon.colcon_core.shell:Creating package script '/home/strazi/RINS-kappa/workspace/install/dis_tutorial2/share/dis_tutorial2/package.ps1'
[1.156s] INFO:colcon.colcon_core.shell:Creating package descriptor '/home/strazi/RINS-kappa/workspace/install/dis_tutorial2/share/dis_tutorial2/package.dsv'
[1.156s] INFO:colcon.colcon_core.shell:Creating package script '/home/strazi/RINS-kappa/workspace/install/dis_tutorial2/share/dis_tutorial2/package.sh'
[1.157s] INFO:colcon.colcon_core.shell:Creating package script '/home/strazi/RINS-kappa/workspace/install/dis_tutorial2/share/dis_tutorial2/package.bash'
[1.157s] INFO:colcon.colcon_core.shell:Creating package script '/home/strazi/RINS-kappa/workspace/install/dis_tutorial2/share/dis_tutorial2/package.zsh'
[1.158s] Level 1:colcon.colcon_core.environment:create_file_with_runtime_dependencies(/home/strazi/RINS-kappa/workspace/install/dis_tutorial2/share/colcon-core/packages/dis_tutorial2)
[1.158s] DEBUG:colcon.colcon_parallel_executor.executor.parallel:closing loop
[1.159s] DEBUG:colcon.colcon_parallel_executor.executor.parallel:loop closed
[1.159s] DEBUG:colcon.colcon_parallel_executor.executor.parallel:run_until_complete finished with '0'
[1.159s] DEBUG:colcon.colcon_core.event_reactor:joining thread
[1.163s] INFO:colcon.colcon_core.plugin_system:Skipping extension 'colcon_notification.desktop_notification.terminal_notifier': Not used on non-Darwin systems
[1.163s] INFO:colcon.colcon_core.plugin_system:Skipping extension 'colcon_notification.desktop_notification.win32': Not used on non-Windows systems
[1.163s] INFO:colcon.colcon_notification.desktop_notification:Sending desktop notification using 'notify2'
[1.176s] DEBUG:colcon.colcon_core.event_reactor:joined thread
[1.176s] INFO:colcon.colcon_core.shell:Creating prefix script '/home/strazi/RINS-kappa/workspace/install/local_setup.ps1'
[1.178s] INFO:colcon.colcon_core.shell:Creating prefix util module '/home/strazi/RINS-kappa/workspace/install/_local_setup_util_ps1.py'
[1.181s] INFO:colcon.colcon_core.shell:Creating prefix chain script '/home/strazi/RINS-kappa/workspace/install/setup.ps1'
[1.184s] INFO:colcon.colcon_core.shell:Creating prefix script '/home/strazi/RINS-kappa/workspace/install/local_setup.sh'
[1.185s] INFO:colcon.colcon_core.shell:Creating prefix util module '/home/strazi/RINS-kappa/workspace/install/_local_setup_util_sh.py'
[1.186s] INFO:colcon.colcon_core.shell:Creating prefix chain script '/home/strazi/RINS-kappa/workspace/install/setup.sh'
[1.187s] INFO:colcon.colcon_core.shell:Creating prefix script '/home/strazi/RINS-kappa/workspace/install/local_setup.bash'
[1.188s] INFO:colcon.colcon_core.shell:Creating prefix chain script '/home/strazi/RINS-kappa/workspace/install/setup.bash'
[1.190s] INFO:colcon.colcon_core.shell:Creating prefix script '/home/strazi/RINS-kappa/workspace/install/local_setup.zsh'
[1.190s] INFO:colcon.colcon_core.shell:Creating prefix chain script '/home/strazi/RINS-kappa/workspace/install/setup.zsh'
