[0.120s] DEBUG:colcon:Command line arguments: ['/usr/bin/colcon', 'build', '--packages-select', 'dis_tutorial5']
[0.120s] DEBUG:colcon:Parsed command line arguments: Namespace(log_base=None, log_level=None, verb_name='build', build_base='build', install_base='install', merge_install=False, symlink_install=False, test_result_base=None, continue_on_error=False, executor='parallel', parallel_workers=16, event_handlers=None, ignore_user_meta=False, metas=['./colcon.meta'], base_paths=['.'], packages_ignore=None, packages_ignore_regex=None, paths=None, packages_up_to=None, packages_up_to_regex=None, packages_above=None, packages_above_and_dependencies=None, packages_above_depth=None, packages_select_by_dep=None, packages_skip_by_dep=None, packages_skip_up_to=None, packages_select_build_failed=False, packages_skip_build_finished=False, packages_select_test_failures=False, packages_skip_test_passed=False, packages_select=['dis_tutorial5'], packages_skip=None, packages_select_regex=None, packages_skip_regex=None, packages_start=None, packages_end=None, allow_overriding=[], cmake_args=None, cmake_target=None, cmake_target_skip_unavailable=False, cmake_clean_cache=False, cmake_clean_first=False, cmake_force_configure=False, ament_cmake_args=None, catkin_cmake_args=None, catkin_skip_building_tests=False, verb_parser=<colcon_defaults.argument_parser.defaults.DefaultArgumentsDecorator object at 0x7e07601260b0>, verb_extension=<colcon_core.verb.build.BuildVerb object at 0x7e0760125ba0>, main=<bound method BuildVerb.main of <colcon_core.verb.build.BuildVerb object at 0x7e0760125ba0>>)
[0.164s] Level 1:colcon.colcon_core.package_discovery:discover_packages(colcon_meta) check parameters
[0.164s] Level 1:colcon.colcon_core.package_discovery:discover_packages(recursive) check parameters
[0.164s] Level 1:colcon.colcon_core.package_discovery:discover_packages(ignore) check parameters
[0.164s] Level 1:colcon.colcon_core.package_discovery:discover_packages(path) check parameters
[0.164s] Level 1:colcon.colcon_core.package_discovery:discover_packages(colcon_meta) discover
[0.164s] Level 1:colcon.colcon_core.package_discovery:discover_packages(recursive) discover
[0.164s] INFO:colcon.colcon_core.package_discovery:Crawling recursively for packages in '/home/thelegend442/faxic/RINS-kappa/workspace'
[0.164s] Level 1:colcon.colcon_core.package_identification:_identify(.) by extensions ['ignore', 'ignore_ament_install']
[0.164s] Level 1:colcon.colcon_core.package_identification:_identify(.) by extension 'ignore'
[0.164s] Level 1:colcon.colcon_core.package_identification:_identify(.) by extension 'ignore_ament_install'
[0.164s] Level 1:colcon.colcon_core.package_identification:_identify(.) by extensions ['colcon_pkg']
[0.164s] Level 1:colcon.colcon_core.package_identification:_identify(.) by extension 'colcon_pkg'
[0.164s] Level 1:colcon.colcon_core.package_identification:_identify(.) by extensions ['colcon_meta']
[0.164s] Level 1:colcon.colcon_core.package_identification:_identify(.) by extension 'colcon_meta'
[0.164s] Level 1:colcon.colcon_core.package_identification:_identify(.) by extensions ['ros']
[0.164s] Level 1:colcon.colcon_core.package_identification:_identify(.) by extension 'ros'
[0.182s] Level 1:colcon.colcon_core.package_identification:_identify(.) by extensions ['cmake', 'python']
[0.182s] Level 1:colcon.colcon_core.package_identification:_identify(.) by extension 'cmake'
[0.182s] Level 1:colcon.colcon_core.package_identification:_identify(.) by extension 'python'
[0.182s] Level 1:colcon.colcon_core.package_identification:_identify(.) by extensions ['python_setup_py']
[0.182s] Level 1:colcon.colcon_core.package_identification:_identify(.) by extension 'python_setup_py'
[0.182s] Level 1:colcon.colcon_core.package_identification:_identify(build) by extensions ['ignore', 'ignore_ament_install']
[0.183s] Level 1:colcon.colcon_core.package_identification:_identify(build) by extension 'ignore'
[0.183s] Level 1:colcon.colcon_core.package_identification:_identify(build) ignored
[0.183s] Level 1:colcon.colcon_core.package_identification:_identify(install) by extensions ['ignore', 'ignore_ament_install']
[0.183s] Level 1:colcon.colcon_core.package_identification:_identify(install) by extension 'ignore'
[0.183s] Level 1:colcon.colcon_core.package_identification:_identify(install) ignored
[0.183s] Level 1:colcon.colcon_core.package_identification:_identify(log) by extensions ['ignore', 'ignore_ament_install']
[0.183s] Level 1:colcon.colcon_core.package_identification:_identify(log) by extension 'ignore'
[0.183s] Level 1:colcon.colcon_core.package_identification:_identify(log) ignored
[0.183s] Level 1:colcon.colcon_core.package_identification:_identify(src) by extensions ['ignore', 'ignore_ament_install']
[0.184s] Level 1:colcon.colcon_core.package_identification:_identify(src) by extension 'ignore'
[0.184s] Level 1:colcon.colcon_core.package_identification:_identify(src) by extension 'ignore_ament_install'
[0.184s] Level 1:colcon.colcon_core.package_identification:_identify(src) by extensions ['colcon_pkg']
[0.184s] Level 1:colcon.colcon_core.package_identification:_identify(src) by extension 'colcon_pkg'
[0.184s] Level 1:colcon.colcon_core.package_identification:_identify(src) by extensions ['colcon_meta']
[0.184s] Level 1:colcon.colcon_core.package_identification:_identify(src) by extension 'colcon_meta'
[0.184s] Level 1:colcon.colcon_core.package_identification:_identify(src) by extensions ['ros']
[0.184s] Level 1:colcon.colcon_core.package_identification:_identify(src) by extension 'ros'
[0.184s] Level 1:colcon.colcon_core.package_identification:_identify(src) by extensions ['cmake', 'python']
[0.184s] Level 1:colcon.colcon_core.package_identification:_identify(src) by extension 'cmake'
[0.184s] Level 1:colcon.colcon_core.package_identification:_identify(src) by extension 'python'
[0.184s] Level 1:colcon.colcon_core.package_identification:_identify(src) by extensions ['python_setup_py']
[0.184s] Level 1:colcon.colcon_core.package_identification:_identify(src) by extension 'python_setup_py'
[0.184s] Level 1:colcon.colcon_core.package_identification:_identify(src/custom_messages) by extensions ['ignore', 'ignore_ament_install']
[0.184s] Level 1:colcon.colcon_core.package_identification:_identify(src/custom_messages) by extension 'ignore'
[0.184s] Level 1:colcon.colcon_core.package_identification:_identify(src/custom_messages) by extension 'ignore_ament_install'
[0.184s] Level 1:colcon.colcon_core.package_identification:_identify(src/custom_messages) by extensions ['colcon_pkg']
[0.184s] Level 1:colcon.colcon_core.package_identification:_identify(src/custom_messages) by extension 'colcon_pkg'
[0.184s] Level 1:colcon.colcon_core.package_identification:_identify(src/custom_messages) by extensions ['colcon_meta']
[0.184s] Level 1:colcon.colcon_core.package_identification:_identify(src/custom_messages) by extension 'colcon_meta'
[0.184s] Level 1:colcon.colcon_core.package_identification:_identify(src/custom_messages) by extensions ['ros']
[0.184s] Level 1:colcon.colcon_core.package_identification:_identify(src/custom_messages) by extension 'ros'
[0.188s] DEBUG:colcon.colcon_core.package_identification:Package 'src/custom_messages' with type 'ros.ament_cmake' and name 'custom_messages'
[0.188s] Level 1:colcon.colcon_core.package_identification:_identify(src/dis_tutorial1) by extensions ['ignore', 'ignore_ament_install']
[0.189s] Level 1:colcon.colcon_core.package_identification:_identify(src/dis_tutorial1) by extension 'ignore'
[0.189s] Level 1:colcon.colcon_core.package_identification:_identify(src/dis_tutorial1) by extension 'ignore_ament_install'
[0.189s] Level 1:colcon.colcon_core.package_identification:_identify(src/dis_tutorial1) by extensions ['colcon_pkg']
[0.189s] Level 1:colcon.colcon_core.package_identification:_identify(src/dis_tutorial1) by extension 'colcon_pkg'
[0.189s] Level 1:colcon.colcon_core.package_identification:_identify(src/dis_tutorial1) by extensions ['colcon_meta']
[0.189s] Level 1:colcon.colcon_core.package_identification:_identify(src/dis_tutorial1) by extension 'colcon_meta'
[0.189s] Level 1:colcon.colcon_core.package_identification:_identify(src/dis_tutorial1) by extensions ['ros']
[0.189s] Level 1:colcon.colcon_core.package_identification:_identify(src/dis_tutorial1) by extension 'ros'
[0.190s] DEBUG:colcon.colcon_core.package_identification:Package 'src/dis_tutorial1' with type 'ros.ament_cmake' and name 'dis_tutorial1'
[0.190s] Level 1:colcon.colcon_core.package_identification:_identify(src/dis_tutorial2) by extensions ['ignore', 'ignore_ament_install']
[0.191s] Level 1:colcon.colcon_core.package_identification:_identify(src/dis_tutorial2) by extension 'ignore'
[0.191s] Level 1:colcon.colcon_core.package_identification:_identify(src/dis_tutorial2) by extension 'ignore_ament_install'
[0.191s] Level 1:colcon.colcon_core.package_identification:_identify(src/dis_tutorial2) by extensions ['colcon_pkg']
[0.191s] Level 1:colcon.colcon_core.package_identification:_identify(src/dis_tutorial2) by extension 'colcon_pkg'
[0.191s] Level 1:colcon.colcon_core.package_identification:_identify(src/dis_tutorial2) by extensions ['colcon_meta']
[0.191s] Level 1:colcon.colcon_core.package_identification:_identify(src/dis_tutorial2) by extension 'colcon_meta'
[0.191s] Level 1:colcon.colcon_core.package_identification:_identify(src/dis_tutorial2) by extensions ['ros']
[0.191s] Level 1:colcon.colcon_core.package_identification:_identify(src/dis_tutorial2) by extension 'ros'
[0.192s] DEBUG:colcon.colcon_core.package_identification:Package 'src/dis_tutorial2' with type 'ros.ament_python' and name 'dis_tutorial2'
[0.192s] Level 1:colcon.colcon_core.package_identification:_identify(src/dis_tutorial3) by extensions ['ignore', 'ignore_ament_install']
[0.192s] Level 1:colcon.colcon_core.package_identification:_identify(src/dis_tutorial3) by extension 'ignore'
[0.192s] Level 1:colcon.colcon_core.package_identification:_identify(src/dis_tutorial3) by extension 'ignore_ament_install'
[0.192s] Level 1:colcon.colcon_core.package_identification:_identify(src/dis_tutorial3) by extensions ['colcon_pkg']
[0.192s] Level 1:colcon.colcon_core.package_identification:_identify(src/dis_tutorial3) by extension 'colcon_pkg'
[0.192s] Level 1:colcon.colcon_core.package_identification:_identify(src/dis_tutorial3) by extensions ['colcon_meta']
[0.192s] Level 1:colcon.colcon_core.package_identification:_identify(src/dis_tutorial3) by extension 'colcon_meta'
[0.193s] Level 1:colcon.colcon_core.package_identification:_identify(src/dis_tutorial3) by extensions ['ros']
[0.193s] Level 1:colcon.colcon_core.package_identification:_identify(src/dis_tutorial3) by extension 'ros'
[0.194s] DEBUG:colcon.colcon_core.package_identification:Package 'src/dis_tutorial3' with type 'ros.ament_cmake' and name 'dis_tutorial3'
[0.194s] Level 1:colcon.colcon_core.package_identification:_identify(src/dis_tutorial4) by extensions ['ignore', 'ignore_ament_install']
[0.194s] Level 1:colcon.colcon_core.package_identification:_identify(src/dis_tutorial4) by extension 'ignore'
[0.194s] Level 1:colcon.colcon_core.package_identification:_identify(src/dis_tutorial4) by extension 'ignore_ament_install'
[0.194s] Level 1:colcon.colcon_core.package_identification:_identify(src/dis_tutorial4) by extensions ['colcon_pkg']
[0.194s] Level 1:colcon.colcon_core.package_identification:_identify(src/dis_tutorial4) by extension 'colcon_pkg'
[0.194s] Level 1:colcon.colcon_core.package_identification:_identify(src/dis_tutorial4) by extensions ['colcon_meta']
[0.194s] Level 1:colcon.colcon_core.package_identification:_identify(src/dis_tutorial4) by extension 'colcon_meta'
[0.194s] Level 1:colcon.colcon_core.package_identification:_identify(src/dis_tutorial4) by extensions ['ros']
[0.194s] Level 1:colcon.colcon_core.package_identification:_identify(src/dis_tutorial4) by extension 'ros'
[0.195s] DEBUG:colcon.colcon_core.package_identification:Package 'src/dis_tutorial4' with type 'ros.ament_cmake' and name 'dis_tutorial4'
[0.195s] Level 1:colcon.colcon_core.package_identification:_identify(src/dis_tutorial5) by extensions ['ignore', 'ignore_ament_install']
[0.195s] Level 1:colcon.colcon_core.package_identification:_identify(src/dis_tutorial5) by extension 'ignore'
[0.195s] Level 1:colcon.colcon_core.package_identification:_identify(src/dis_tutorial5) by extension 'ignore_ament_install'
[0.195s] Level 1:colcon.colcon_core.package_identification:_identify(src/dis_tutorial5) by extensions ['colcon_pkg']
[0.195s] Level 1:colcon.colcon_core.package_identification:_identify(src/dis_tutorial5) by extension 'colcon_pkg'
[0.195s] Level 1:colcon.colcon_core.package_identification:_identify(src/dis_tutorial5) by extensions ['colcon_meta']
[0.195s] Level 1:colcon.colcon_core.package_identification:_identify(src/dis_tutorial5) by extension 'colcon_meta'
[0.195s] Level 1:colcon.colcon_core.package_identification:_identify(src/dis_tutorial5) by extensions ['ros']
[0.195s] Level 1:colcon.colcon_core.package_identification:_identify(src/dis_tutorial5) by extension 'ros'
[0.196s] DEBUG:colcon.colcon_core.package_identification:Package 'src/dis_tutorial5' with type 'ros.ament_cmake' and name 'dis_tutorial5'
[0.196s] Level 1:colcon.colcon_core.package_discovery:discover_packages(recursive) using defaults
[0.196s] Level 1:colcon.colcon_core.package_discovery:discover_packages(ignore) discover
[0.196s] Level 1:colcon.colcon_core.package_discovery:discover_packages(ignore) using defaults
[0.196s] Level 1:colcon.colcon_core.package_discovery:discover_packages(path) discover
[0.196s] Level 1:colcon.colcon_core.package_discovery:discover_packages(path) using defaults
[0.223s] INFO:colcon.colcon_core.package_selection:Skipping not selected package 'custom_messages' in 'src/custom_messages'
[0.223s] INFO:colcon.colcon_core.package_selection:Skipping not selected package 'dis_tutorial1' in 'src/dis_tutorial1'
[0.223s] INFO:colcon.colcon_core.package_selection:Skipping not selected package 'dis_tutorial2' in 'src/dis_tutorial2'
[0.223s] INFO:colcon.colcon_core.package_selection:Skipping not selected package 'dis_tutorial3' in 'src/dis_tutorial3'
[0.223s] INFO:colcon.colcon_core.package_selection:Skipping not selected package 'dis_tutorial4' in 'src/dis_tutorial4'
[0.224s] Level 1:colcon.colcon_core.package_discovery:discover_packages(prefix_path) check parameters
[0.224s] Level 1:colcon.colcon_core.package_discovery:discover_packages(prefix_path) discover
[0.226s] DEBUG:colcon.colcon_installed_package_information.package_discovery:Found 6 installed packages in /home/thelegend442/faxic/RINS-kappa/workspace/install
[0.227s] DEBUG:colcon.colcon_installed_package_information.package_discovery:Found 386 installed packages in /opt/ros/humble
[0.229s] Level 1:colcon.colcon_core.package_discovery:discover_packages(prefix_path) using defaults
[0.286s] Level 5:colcon.colcon_core.verb:set package 'dis_tutorial5' build argument 'cmake_args' from command line to 'None'
[0.286s] Level 5:colcon.colcon_core.verb:set package 'dis_tutorial5' build argument 'cmake_target' from command line to 'None'
[0.287s] Level 5:colcon.colcon_core.verb:set package 'dis_tutorial5' build argument 'cmake_target_skip_unavailable' from command line to 'False'
[0.287s] Level 5:colcon.colcon_core.verb:set package 'dis_tutorial5' build argument 'cmake_clean_cache' from command line to 'False'
[0.287s] Level 5:colcon.colcon_core.verb:set package 'dis_tutorial5' build argument 'cmake_clean_first' from command line to 'False'
[0.287s] Level 5:colcon.colcon_core.verb:set package 'dis_tutorial5' build argument 'cmake_force_configure' from command line to 'False'
[0.287s] Level 5:colcon.colcon_core.verb:set package 'dis_tutorial5' build argument 'ament_cmake_args' from command line to 'None'
[0.287s] Level 5:colcon.colcon_core.verb:set package 'dis_tutorial5' build argument 'catkin_cmake_args' from command line to 'None'
[0.287s] Level 5:colcon.colcon_core.verb:set package 'dis_tutorial5' build argument 'catkin_skip_building_tests' from command line to 'False'
[0.287s] DEBUG:colcon.colcon_core.verb:Building package 'dis_tutorial5' with the following arguments: {'ament_cmake_args': None, 'build_base': '/home/thelegend442/faxic/RINS-kappa/workspace/build/dis_tutorial5', 'catkin_cmake_args': None, 'catkin_skip_building_tests': False, 'cmake_args': None, 'cmake_clean_cache': False, 'cmake_clean_first': False, 'cmake_force_configure': False, 'cmake_target': None, 'cmake_target_skip_unavailable': False, 'install_base': '/home/thelegend442/faxic/RINS-kappa/workspace/install/dis_tutorial5', 'merge_install': False, 'path': '/home/thelegend442/faxic/RINS-kappa/workspace/src/dis_tutorial5', 'symlink_install': False, 'test_result_base': None}
[0.287s] INFO:colcon.colcon_core.executor:Executing jobs using 'parallel' executor
[0.289s] DEBUG:colcon.colcon_parallel_executor.executor.parallel:run_until_complete
[0.289s] INFO:colcon.colcon_ros.task.ament_cmake.build:Building ROS package in '/home/thelegend442/faxic/RINS-kappa/workspace/src/dis_tutorial5' with build type 'ament_cmake'
[0.289s] INFO:colcon.colcon_cmake.task.cmake.build:Building CMake package in '/home/thelegend442/faxic/RINS-kappa/workspace/src/dis_tutorial5'
[0.292s] INFO:colcon.colcon_core.plugin_system:Skipping extension 'colcon_core.shell.bat': Not used on non-Windows systems
[0.292s] INFO:colcon.colcon_core.shell:Skip shell extension 'powershell' for command environment: Not usable outside of PowerShell
[0.292s] DEBUG:colcon.colcon_core.shell:Skip shell extension 'dsv' for command environment
[0.305s] DEBUG:colcon.colcon_core.event_handler.log_command:Invoking command in '/home/thelegend442/faxic/RINS-kappa/workspace/build/dis_tutorial5': CMAKE_PREFIX_PATH=${CMAKE_PREFIX_PATH}:/home/thelegend442/faxic/RINS-kappa/workspace/install/dis_tutorial2:/opt/ros/humble /usr/bin/cmake --build /home/thelegend442/faxic/RINS-kappa/workspace/build/dis_tutorial5 -- -j16 -l16
[0.426s] DEBUG:colcon.colcon_core.event_handler.log_command:Invoked command in '/home/thelegend442/faxic/RINS-kappa/workspace/build/dis_tutorial5' returned '0': CMAKE_PREFIX_PATH=${CMAKE_PREFIX_PATH}:/home/thelegend442/faxic/RINS-kappa/workspace/install/dis_tutorial2:/opt/ros/humble /usr/bin/cmake --build /home/thelegend442/faxic/RINS-kappa/workspace/build/dis_tutorial5 -- -j16 -l16
[0.442s] DEBUG:colcon.colcon_core.event_handler.log_command:Invoking command in '/home/thelegend442/faxic/RINS-kappa/workspace/build/dis_tutorial5': CMAKE_PREFIX_PATH=${CMAKE_PREFIX_PATH}:/home/thelegend442/faxic/RINS-kappa/workspace/install/dis_tutorial2:/opt/ros/humble /usr/bin/cmake --install /home/thelegend442/faxic/RINS-kappa/workspace/build/dis_tutorial5
[0.458s] Level 1:colcon.colcon_core.environment:create_environment_scripts_only(dis_tutorial5)
[0.459s] DEBUG:colcon.colcon_core.event_handler.log_command:Invoked command in '/home/thelegend442/faxic/RINS-kappa/workspace/build/dis_tutorial5' returned '0': CMAKE_PREFIX_PATH=${CMAKE_PREFIX_PATH}:/home/thelegend442/faxic/RINS-kappa/workspace/install/dis_tutorial2:/opt/ros/humble /usr/bin/cmake --install /home/thelegend442/faxic/RINS-kappa/workspace/build/dis_tutorial5
[0.461s] Level 1:colcon.colcon_core.environment:checking '/home/thelegend442/faxic/RINS-kappa/workspace/install/dis_tutorial5' for CMake module files
[0.462s] Level 1:colcon.colcon_core.environment:checking '/home/thelegend442/faxic/RINS-kappa/workspace/install/dis_tutorial5' for CMake config files
[0.462s] Level 1:colcon.colcon_core.shell:create_environment_hook('dis_tutorial5', 'cmake_prefix_path')
[0.463s] INFO:colcon.colcon_core.shell:Creating environment hook '/home/thelegend442/faxic/RINS-kappa/workspace/install/dis_tutorial5/share/dis_tutorial5/hook/cmake_prefix_path.ps1'
[0.463s] INFO:colcon.colcon_core.shell:Creating environment descriptor '/home/thelegend442/faxic/RINS-kappa/workspace/install/dis_tutorial5/share/dis_tutorial5/hook/cmake_prefix_path.dsv'
[0.464s] INFO:colcon.colcon_core.shell:Creating environment hook '/home/thelegend442/faxic/RINS-kappa/workspace/install/dis_tutorial5/share/dis_tutorial5/hook/cmake_prefix_path.sh'
[0.465s] Level 1:colcon.colcon_core.environment:checking '/home/thelegend442/faxic/RINS-kappa/workspace/install/dis_tutorial5/lib'
[0.465s] Level 1:colcon.colcon_core.environment:checking '/home/thelegend442/faxic/RINS-kappa/workspace/install/dis_tutorial5/bin'
[0.465s] Level 1:colcon.colcon_core.environment:checking '/home/thelegend442/faxic/RINS-kappa/workspace/install/dis_tutorial5/lib/pkgconfig/dis_tutorial5.pc'
[0.465s] Level 1:colcon.colcon_core.environment:checking '/home/thelegend442/faxic/RINS-kappa/workspace/install/dis_tutorial5/lib/python3.10/site-packages'
[0.466s] Level 1:colcon.colcon_core.environment:checking '/home/thelegend442/faxic/RINS-kappa/workspace/install/dis_tutorial5/bin'
[0.466s] INFO:colcon.colcon_core.shell:Creating package script '/home/thelegend442/faxic/RINS-kappa/workspace/install/dis_tutorial5/share/dis_tutorial5/package.ps1'
[0.467s] INFO:colcon.colcon_core.shell:Creating package descriptor '/home/thelegend442/faxic/RINS-kappa/workspace/install/dis_tutorial5/share/dis_tutorial5/package.dsv'
[0.468s] INFO:colcon.colcon_core.shell:Creating package script '/home/thelegend442/faxic/RINS-kappa/workspace/install/dis_tutorial5/share/dis_tutorial5/package.sh'
[0.468s] INFO:colcon.colcon_core.shell:Creating package script '/home/thelegend442/faxic/RINS-kappa/workspace/install/dis_tutorial5/share/dis_tutorial5/package.bash'
[0.469s] INFO:colcon.colcon_core.shell:Creating package script '/home/thelegend442/faxic/RINS-kappa/workspace/install/dis_tutorial5/share/dis_tutorial5/package.zsh'
[0.470s] Level 1:colcon.colcon_core.environment:create_file_with_runtime_dependencies(/home/thelegend442/faxic/RINS-kappa/workspace/install/dis_tutorial5/share/colcon-core/packages/dis_tutorial5)
[0.472s] Level 1:colcon.colcon_core.environment:create_environment_scripts_only(dis_tutorial5)
[0.472s] Level 1:colcon.colcon_core.environment:checking '/home/thelegend442/faxic/RINS-kappa/workspace/install/dis_tutorial5' for CMake module files
[0.473s] Level 1:colcon.colcon_core.environment:checking '/home/thelegend442/faxic/RINS-kappa/workspace/install/dis_tutorial5' for CMake config files
[0.473s] Level 1:colcon.colcon_core.shell:create_environment_hook('dis_tutorial5', 'cmake_prefix_path')
[0.474s] INFO:colcon.colcon_core.shell:Creating environment hook '/home/thelegend442/faxic/RINS-kappa/workspace/install/dis_tutorial5/share/dis_tutorial5/hook/cmake_prefix_path.ps1'
[0.475s] INFO:colcon.colcon_core.shell:Creating environment descriptor '/home/thelegend442/faxic/RINS-kappa/workspace/install/dis_tutorial5/share/dis_tutorial5/hook/cmake_prefix_path.dsv'
[0.475s] INFO:colcon.colcon_core.shell:Creating environment hook '/home/thelegend442/faxic/RINS-kappa/workspace/install/dis_tutorial5/share/dis_tutorial5/hook/cmake_prefix_path.sh'
[0.476s] Level 1:colcon.colcon_core.environment:checking '/home/thelegend442/faxic/RINS-kappa/workspace/install/dis_tutorial5/lib'
[0.476s] Level 1:colcon.colcon_core.environment:checking '/home/thelegend442/faxic/RINS-kappa/workspace/install/dis_tutorial5/bin'
[0.476s] Level 1:colcon.colcon_core.environment:checking '/home/thelegend442/faxic/RINS-kappa/workspace/install/dis_tutorial5/lib/pkgconfig/dis_tutorial5.pc'
[0.477s] Level 1:colcon.colcon_core.environment:checking '/home/thelegend442/faxic/RINS-kappa/workspace/install/dis_tutorial5/lib/python3.10/site-packages'
[0.477s] Level 1:colcon.colcon_core.environment:checking '/home/thelegend442/faxic/RINS-kappa/workspace/install/dis_tutorial5/bin'
[0.478s] INFO:colcon.colcon_core.shell:Creating package script '/home/thelegend442/faxic/RINS-kappa/workspace/install/dis_tutorial5/share/dis_tutorial5/package.ps1'
[0.478s] INFO:colcon.colcon_core.shell:Creating package descriptor '/home/thelegend442/faxic/RINS-kappa/workspace/install/dis_tutorial5/share/dis_tutorial5/package.dsv'
[0.479s] INFO:colcon.colcon_core.shell:Creating package script '/home/thelegend442/faxic/RINS-kappa/workspace/install/dis_tutorial5/share/dis_tutorial5/package.sh'
[0.480s] INFO:colcon.colcon_core.shell:Creating package script '/home/thelegend442/faxic/RINS-kappa/workspace/install/dis_tutorial5/share/dis_tutorial5/package.bash'
[0.480s] INFO:colcon.colcon_core.shell:Creating package script '/home/thelegend442/faxic/RINS-kappa/workspace/install/dis_tutorial5/share/dis_tutorial5/package.zsh'
[0.481s] Level 1:colcon.colcon_core.environment:create_file_with_runtime_dependencies(/home/thelegend442/faxic/RINS-kappa/workspace/install/dis_tutorial5/share/colcon-core/packages/dis_tutorial5)
[0.481s] DEBUG:colcon.colcon_parallel_executor.executor.parallel:closing loop
[0.481s] DEBUG:colcon.colcon_parallel_executor.executor.parallel:loop closed
[0.481s] DEBUG:colcon.colcon_parallel_executor.executor.parallel:run_until_complete finished with '0'
[0.481s] DEBUG:colcon.colcon_core.event_reactor:joining thread
[0.487s] INFO:colcon.colcon_core.plugin_system:Skipping extension 'colcon_notification.desktop_notification.terminal_notifier': Not used on non-Darwin systems
[0.488s] INFO:colcon.colcon_core.plugin_system:Skipping extension 'colcon_notification.desktop_notification.win32': Not used on non-Windows systems
[0.488s] INFO:colcon.colcon_notification.desktop_notification:Sending desktop notification using 'notify2'
[0.501s] DEBUG:colcon.colcon_core.event_reactor:joined thread
[0.502s] INFO:colcon.colcon_core.shell:Creating prefix script '/home/thelegend442/faxic/RINS-kappa/workspace/install/local_setup.ps1'
[0.503s] INFO:colcon.colcon_core.shell:Creating prefix util module '/home/thelegend442/faxic/RINS-kappa/workspace/install/_local_setup_util_ps1.py'
[0.505s] INFO:colcon.colcon_core.shell:Creating prefix chain script '/home/thelegend442/faxic/RINS-kappa/workspace/install/setup.ps1'
[0.507s] INFO:colcon.colcon_core.shell:Creating prefix script '/home/thelegend442/faxic/RINS-kappa/workspace/install/local_setup.sh'
[0.509s] INFO:colcon.colcon_core.shell:Creating prefix util module '/home/thelegend442/faxic/RINS-kappa/workspace/install/_local_setup_util_sh.py'
[0.510s] INFO:colcon.colcon_core.shell:Creating prefix chain script '/home/thelegend442/faxic/RINS-kappa/workspace/install/setup.sh'
[0.511s] INFO:colcon.colcon_core.shell:Creating prefix script '/home/thelegend442/faxic/RINS-kappa/workspace/install/local_setup.bash'
[0.512s] INFO:colcon.colcon_core.shell:Creating prefix chain script '/home/thelegend442/faxic/RINS-kappa/workspace/install/setup.bash'
[0.514s] INFO:colcon.colcon_core.shell:Creating prefix script '/home/thelegend442/faxic/RINS-kappa/workspace/install/local_setup.zsh'
[0.515s] INFO:colcon.colcon_core.shell:Creating prefix chain script '/home/thelegend442/faxic/RINS-kappa/workspace/install/setup.zsh'
