[ 33%] Built target pcl_forwarder
[ 66%] Built target planes
[100%] Built target cylinder_segmentation
-- Install configuration: ""
-- Up-to-date: /home/thelegend442/faxic/RINS-kappa/workspace/install/dis_tutorial5/lib/dis_tutorial5/pcl_forwarder
-- Up-to-date: /home/thelegend442/faxic/RINS-kappa/workspace/install/dis_tutorial5/lib/dis_tutorial5/planes
-- Up-to-date: /home/thelegend442/faxic/RINS-kappa/workspace/install/dis_tutorial5/lib/dis_tutorial5/cylinder_segmentation
-- Up-to-date: /home/thelegend442/faxic/RINS-kappa/workspace/install/dis_tutorial5/lib/dis_tutorial5/detect_rings.py
-- Installing: /home/thelegend442/faxic/RINS-kappa/workspace/install/dis_tutorial5/lib/dis_tutorial5/detect_rings_final.py
-- Installing: /home/thelegend442/faxic/RINS-kappa/workspace/install/dis_tutorial5/lib/dis_tutorial5/save_rings.py
-- Up-to-date: /home/thelegend442/faxic/RINS-kappa/workspace/install/dis_tutorial5/share/ament_index/resource_index/package_run_dependencies/dis_tutorial5
-- Up-to-date: /home/thelegend442/faxic/RINS-kappa/workspace/install/dis_tutorial5/share/ament_index/resource_index/parent_prefix_path/dis_tutorial5
-- Up-to-date: /home/thelegend442/faxic/RINS-kappa/workspace/install/dis_tutorial5/share/dis_tutorial5/environment/ament_prefix_path.sh
-- Up-to-date: /home/thelegend442/faxic/RINS-kappa/workspace/install/dis_tutorial5/share/dis_tutorial5/environment/ament_prefix_path.dsv
-- Up-to-date: /home/thelegend442/faxic/RINS-kappa/workspace/install/dis_tutorial5/share/dis_tutorial5/environment/path.sh
-- Up-to-date: /home/thelegend442/faxic/RINS-kappa/workspace/install/dis_tutorial5/share/dis_tutorial5/environment/path.dsv
-- Up-to-date: /home/thelegend442/faxic/RINS-kappa/workspace/install/dis_tutorial5/share/dis_tutorial5/local_setup.bash
-- Up-to-date: /home/thelegend442/faxic/RINS-kappa/workspace/install/dis_tutorial5/share/dis_tutorial5/local_setup.sh
-- Up-to-date: /home/thelegend442/faxic/RINS-kappa/workspace/install/dis_tutorial5/share/dis_tutorial5/local_setup.zsh
-- Up-to-date: /home/thelegend442/faxic/RINS-kappa/workspace/install/dis_tutorial5/share/dis_tutorial5/local_setup.dsv
-- Installing: /home/thelegend442/faxic/RINS-kappa/workspace/install/dis_tutorial5/share/dis_tutorial5/package.dsv
-- Up-to-date: /home/thelegend442/faxic/RINS-kappa/workspace/install/dis_tutorial5/share/ament_index/resource_index/packages/dis_tutorial5
-- Up-to-date: /home/thelegend442/faxic/RINS-kappa/workspace/install/dis_tutorial5/share/dis_tutorial5/cmake/dis_tutorial5Config.cmake
-- Up-to-date: /home/thelegend442/faxic/RINS-kappa/workspace/install/dis_tutorial5/share/dis_tutorial5/cmake/dis_tutorial5Config-version.cmake
-- Up-to-date: /home/thelegend442/faxic/RINS-kappa/workspace/install/dis_tutorial5/share/dis_tutorial5/package.xml
