[0.110s] DEBUG:colcon:Command line arguments: ['/usr/bin/colcon', 'build']
[0.110s] DEBUG:colcon:Parsed command line arguments: Namespace(log_base=None, log_level=None, verb_name='build', build_base='build', install_base='install', merge_install=False, symlink_install=False, test_result_base=None, continue_on_error=False, executor='parallel', parallel_workers=12, event_handlers=None, ignore_user_meta=False, metas=['./colcon.meta'], base_paths=['.'], packages_ignore=None, packages_ignore_regex=None, paths=None, packages_up_to=None, packages_up_to_regex=None, packages_above=None, packages_above_and_dependencies=None, packages_above_depth=None, packages_select_by_dep=None, packages_skip_by_dep=None, packages_skip_up_to=None, packages_select_build_failed=False, packages_skip_build_finished=False, packages_select_test_failures=False, packages_skip_test_passed=False, packages_select=None, packages_skip=None, packages_select_regex=None, packages_skip_regex=None, packages_start=None, packages_end=None, allow_overriding=[], cmake_args=None, cmake_target=None, cmake_target_skip_unavailable=False, cmake_clean_cache=False, cmake_clean_first=False, cmake_force_configure=False, ament_cmake_args=None, catkin_cmake_args=None, catkin_skip_building_tests=False, mixin_files=None, mixin=None, verb_parser=<colcon_mixin.mixin.mixin_argument.MixinArgumentDecorator object at 0x7a37d2356b00>, verb_extension=<colcon_core.verb.build.BuildVerb object at 0x7a37d23180d0>, main=<bound method BuildVerb.main of <colcon_core.verb.build.BuildVerb object at 0x7a37d23180d0>>, mixin_verb=('build',))
[0.298s] Level 1:colcon.colcon_core.package_discovery:discover_packages(colcon_meta) check parameters
[0.298s] Level 1:colcon.colcon_core.package_discovery:discover_packages(recursive) check parameters
[0.298s] Level 1:colcon.colcon_core.package_discovery:discover_packages(ignore) check parameters
[0.298s] Level 1:colcon.colcon_core.package_discovery:discover_packages(path) check parameters
[0.298s] Level 1:colcon.colcon_core.package_discovery:discover_packages(colcon_meta) discover
[0.298s] Level 1:colcon.colcon_core.package_discovery:discover_packages(recursive) discover
[0.298s] INFO:colcon.colcon_core.package_discovery:Crawling recursively for packages in '/home/strazi/RINS-kappa/workspace'
[0.298s] Level 1:colcon.colcon_core.package_identification:_identify(.) by extensions ['ignore', 'ignore_ament_install']
[0.298s] Level 1:colcon.colcon_core.package_identification:_identify(.) by extension 'ignore'
[0.298s] Level 1:colcon.colcon_core.package_identification:_identify(.) by extension 'ignore_ament_install'
[0.298s] Level 1:colcon.colcon_core.package_identification:_identify(.) by extensions ['colcon_pkg']
[0.298s] Level 1:colcon.colcon_core.package_identification:_identify(.) by extension 'colcon_pkg'
[0.298s] Level 1:colcon.colcon_core.package_identification:_identify(.) by extensions ['colcon_meta']
[0.298s] Level 1:colcon.colcon_core.package_identification:_identify(.) by extension 'colcon_meta'
[0.298s] Level 1:colcon.colcon_core.package_identification:_identify(.) by extensions ['ros']
[0.298s] Level 1:colcon.colcon_core.package_identification:_identify(.) by extension 'ros'
[0.308s] Level 1:colcon.colcon_core.package_identification:_identify(.) by extensions ['cmake', 'python']
[0.308s] Level 1:colcon.colcon_core.package_identification:_identify(.) by extension 'cmake'
[0.308s] Level 1:colcon.colcon_core.package_identification:_identify(.) by extension 'python'
[0.308s] Level 1:colcon.colcon_core.package_identification:_identify(.) by extensions ['python_setup_py']
[0.308s] Level 1:colcon.colcon_core.package_identification:_identify(.) by extension 'python_setup_py'
[0.308s] Level 1:colcon.colcon_core.package_identification:_identify(build) by extensions ['ignore', 'ignore_ament_install']
[0.308s] Level 1:colcon.colcon_core.package_identification:_identify(build) by extension 'ignore'
[0.308s] Level 1:colcon.colcon_core.package_identification:_identify(build) ignored
[0.308s] Level 1:colcon.colcon_core.package_identification:_identify(install) by extensions ['ignore', 'ignore_ament_install']
[0.309s] Level 1:colcon.colcon_core.package_identification:_identify(install) by extension 'ignore'
[0.309s] Level 1:colcon.colcon_core.package_identification:_identify(install) ignored
[0.309s] Level 1:colcon.colcon_core.package_identification:_identify(log) by extensions ['ignore', 'ignore_ament_install']
[0.309s] Level 1:colcon.colcon_core.package_identification:_identify(log) by extension 'ignore'
[0.309s] Level 1:colcon.colcon_core.package_identification:_identify(log) ignored
[0.309s] Level 1:colcon.colcon_core.package_identification:_identify(src) by extensions ['ignore', 'ignore_ament_install']
[0.309s] Level 1:colcon.colcon_core.package_identification:_identify(src) by extension 'ignore'
[0.309s] Level 1:colcon.colcon_core.package_identification:_identify(src) by extension 'ignore_ament_install'
[0.309s] Level 1:colcon.colcon_core.package_identification:_identify(src) by extensions ['colcon_pkg']
[0.309s] Level 1:colcon.colcon_core.package_identification:_identify(src) by extension 'colcon_pkg'
[0.309s] Level 1:colcon.colcon_core.package_identification:_identify(src) by extensions ['colcon_meta']
[0.309s] Level 1:colcon.colcon_core.package_identification:_identify(src) by extension 'colcon_meta'
[0.309s] Level 1:colcon.colcon_core.package_identification:_identify(src) by extensions ['ros']
[0.309s] Level 1:colcon.colcon_core.package_identification:_identify(src) by extension 'ros'
[0.309s] Level 1:colcon.colcon_core.package_identification:_identify(src) by extensions ['cmake', 'python']
[0.309s] Level 1:colcon.colcon_core.package_identification:_identify(src) by extension 'cmake'
[0.309s] Level 1:colcon.colcon_core.package_identification:_identify(src) by extension 'python'
[0.309s] Level 1:colcon.colcon_core.package_identification:_identify(src) by extensions ['python_setup_py']
[0.309s] Level 1:colcon.colcon_core.package_identification:_identify(src) by extension 'python_setup_py'
[0.310s] Level 1:colcon.colcon_core.package_identification:_identify(src/custom_messages) by extensions ['ignore', 'ignore_ament_install']
[0.310s] Level 1:colcon.colcon_core.package_identification:_identify(src/custom_messages) by extension 'ignore'
[0.310s] Level 1:colcon.colcon_core.package_identification:_identify(src/custom_messages) by extension 'ignore_ament_install'
[0.310s] Level 1:colcon.colcon_core.package_identification:_identify(src/custom_messages) by extensions ['colcon_pkg']
[0.310s] Level 1:colcon.colcon_core.package_identification:_identify(src/custom_messages) by extension 'colcon_pkg'
[0.310s] Level 1:colcon.colcon_core.package_identification:_identify(src/custom_messages) by extensions ['colcon_meta']
[0.310s] Level 1:colcon.colcon_core.package_identification:_identify(src/custom_messages) by extension 'colcon_meta'
[0.310s] Level 1:colcon.colcon_core.package_identification:_identify(src/custom_messages) by extensions ['ros']
[0.310s] Level 1:colcon.colcon_core.package_identification:_identify(src/custom_messages) by extension 'ros'
[0.313s] DEBUG:colcon.colcon_core.package_identification:Package 'src/custom_messages' with type 'ros.ament_cmake' and name 'custom_messages'
[0.313s] Level 1:colcon.colcon_core.package_identification:_identify(src/dis_tutorial1) by extensions ['ignore', 'ignore_ament_install']
[0.313s] Level 1:colcon.colcon_core.package_identification:_identify(src/dis_tutorial1) by extension 'ignore'
[0.313s] Level 1:colcon.colcon_core.package_identification:_identify(src/dis_tutorial1) by extension 'ignore_ament_install'
[0.313s] Level 1:colcon.colcon_core.package_identification:_identify(src/dis_tutorial1) by extensions ['colcon_pkg']
[0.313s] Level 1:colcon.colcon_core.package_identification:_identify(src/dis_tutorial1) by extension 'colcon_pkg'
[0.313s] Level 1:colcon.colcon_core.package_identification:_identify(src/dis_tutorial1) by extensions ['colcon_meta']
[0.313s] Level 1:colcon.colcon_core.package_identification:_identify(src/dis_tutorial1) by extension 'colcon_meta'
[0.313s] Level 1:colcon.colcon_core.package_identification:_identify(src/dis_tutorial1) by extensions ['ros']
[0.313s] Level 1:colcon.colcon_core.package_identification:_identify(src/dis_tutorial1) by extension 'ros'
[0.314s] DEBUG:colcon.colcon_core.package_identification:Package 'src/dis_tutorial1' with type 'ros.ament_cmake' and name 'dis_tutorial1'
[0.314s] Level 1:colcon.colcon_core.package_identification:_identify(src/dis_tutorial2) by extensions ['ignore', 'ignore_ament_install']
[0.314s] Level 1:colcon.colcon_core.package_identification:_identify(src/dis_tutorial2) by extension 'ignore'
[0.314s] Level 1:colcon.colcon_core.package_identification:_identify(src/dis_tutorial2) by extension 'ignore_ament_install'
[0.315s] Level 1:colcon.colcon_core.package_identification:_identify(src/dis_tutorial2) by extensions ['colcon_pkg']
[0.315s] Level 1:colcon.colcon_core.package_identification:_identify(src/dis_tutorial2) by extension 'colcon_pkg'
[0.315s] Level 1:colcon.colcon_core.package_identification:_identify(src/dis_tutorial2) by extensions ['colcon_meta']
[0.315s] Level 1:colcon.colcon_core.package_identification:_identify(src/dis_tutorial2) by extension 'colcon_meta'
[0.315s] Level 1:colcon.colcon_core.package_identification:_identify(src/dis_tutorial2) by extensions ['ros']
[0.315s] Level 1:colcon.colcon_core.package_identification:_identify(src/dis_tutorial2) by extension 'ros'
[0.319s] DEBUG:colcon.colcon_core.package_identification:Package 'src/dis_tutorial2' with type 'ros.ament_python' and name 'dis_tutorial2'
[0.320s] Level 1:colcon.colcon_core.package_identification:_identify(src/dis_tutorial3) by extensions ['ignore', 'ignore_ament_install']
[0.320s] Level 1:colcon.colcon_core.package_identification:_identify(src/dis_tutorial3) by extension 'ignore'
[0.320s] Level 1:colcon.colcon_core.package_identification:_identify(src/dis_tutorial3) by extension 'ignore_ament_install'
[0.320s] Level 1:colcon.colcon_core.package_identification:_identify(src/dis_tutorial3) by extensions ['colcon_pkg']
[0.320s] Level 1:colcon.colcon_core.package_identification:_identify(src/dis_tutorial3) by extension 'colcon_pkg'
[0.320s] Level 1:colcon.colcon_core.package_identification:_identify(src/dis_tutorial3) by extensions ['colcon_meta']
[0.320s] Level 1:colcon.colcon_core.package_identification:_identify(src/dis_tutorial3) by extension 'colcon_meta'
[0.320s] Level 1:colcon.colcon_core.package_identification:_identify(src/dis_tutorial3) by extensions ['ros']
[0.320s] Level 1:colcon.colcon_core.package_identification:_identify(src/dis_tutorial3) by extension 'ros'
[0.321s] DEBUG:colcon.colcon_core.package_identification:Package 'src/dis_tutorial3' with type 'ros.ament_cmake' and name 'dis_tutorial3'
[0.321s] Level 1:colcon.colcon_core.package_identification:_identify(src/dis_tutorial4) by extensions ['ignore', 'ignore_ament_install']
[0.321s] Level 1:colcon.colcon_core.package_identification:_identify(src/dis_tutorial4) by extension 'ignore'
[0.321s] Level 1:colcon.colcon_core.package_identification:_identify(src/dis_tutorial4) by extension 'ignore_ament_install'
[0.321s] Level 1:colcon.colcon_core.package_identification:_identify(src/dis_tutorial4) by extensions ['colcon_pkg']
[0.321s] Level 1:colcon.colcon_core.package_identification:_identify(src/dis_tutorial4) by extension 'colcon_pkg'
[0.321s] Level 1:colcon.colcon_core.package_identification:_identify(src/dis_tutorial4) by extensions ['colcon_meta']
[0.321s] Level 1:colcon.colcon_core.package_identification:_identify(src/dis_tutorial4) by extension 'colcon_meta'
[0.321s] Level 1:colcon.colcon_core.package_identification:_identify(src/dis_tutorial4) by extensions ['ros']
[0.322s] Level 1:colcon.colcon_core.package_identification:_identify(src/dis_tutorial4) by extension 'ros'
[0.322s] DEBUG:colcon.colcon_core.package_identification:Package 'src/dis_tutorial4' with type 'ros.ament_cmake' and name 'dis_tutorial4'
[0.322s] Level 1:colcon.colcon_core.package_discovery:discover_packages(recursive) using defaults
[0.323s] Level 1:colcon.colcon_core.package_discovery:discover_packages(ignore) discover
[0.323s] Level 1:colcon.colcon_core.package_discovery:discover_packages(ignore) using defaults
[0.323s] Level 1:colcon.colcon_core.package_discovery:discover_packages(path) discover
[0.323s] Level 1:colcon.colcon_core.package_discovery:discover_packages(path) using defaults
[0.355s] Level 1:colcon.colcon_core.package_discovery:discover_packages(prefix_path) check parameters
[0.355s] Level 1:colcon.colcon_core.package_discovery:discover_packages(prefix_path) discover
[0.357s] DEBUG:colcon.colcon_installed_package_information.package_discovery:Found 5 installed packages in /home/strazi/RINS-kappa/workspace/install
[0.359s] DEBUG:colcon.colcon_installed_package_information.package_discovery:Found 386 installed packages in /opt/ros/humble
[0.361s] Level 1:colcon.colcon_core.package_discovery:discover_packages(prefix_path) using defaults
[0.413s] Level 5:colcon.colcon_core.verb:set package 'custom_messages' build argument 'cmake_args' from command line to 'None'
[0.413s] Level 5:colcon.colcon_core.verb:set package 'custom_messages' build argument 'cmake_target' from command line to 'None'
[0.413s] Level 5:colcon.colcon_core.verb:set package 'custom_messages' build argument 'cmake_target_skip_unavailable' from command line to 'False'
[0.413s] Level 5:colcon.colcon_core.verb:set package 'custom_messages' build argument 'cmake_clean_cache' from command line to 'False'
[0.413s] Level 5:colcon.colcon_core.verb:set package 'custom_messages' build argument 'cmake_clean_first' from command line to 'False'
[0.413s] Level 5:colcon.colcon_core.verb:set package 'custom_messages' build argument 'cmake_force_configure' from command line to 'False'
[0.413s] Level 5:colcon.colcon_core.verb:set package 'custom_messages' build argument 'ament_cmake_args' from command line to 'None'
[0.413s] Level 5:colcon.colcon_core.verb:set package 'custom_messages' build argument 'catkin_cmake_args' from command line to 'None'
[0.413s] Level 5:colcon.colcon_core.verb:set package 'custom_messages' build argument 'catkin_skip_building_tests' from command line to 'False'
[0.413s] DEBUG:colcon.colcon_core.verb:Building package 'custom_messages' with the following arguments: {'ament_cmake_args': None, 'build_base': '/home/strazi/RINS-kappa/workspace/build/custom_messages', 'catkin_cmake_args': None, 'catkin_skip_building_tests': False, 'cmake_args': None, 'cmake_clean_cache': False, 'cmake_clean_first': False, 'cmake_force_configure': False, 'cmake_target': None, 'cmake_target_skip_unavailable': False, 'install_base': '/home/strazi/RINS-kappa/workspace/install/custom_messages', 'merge_install': False, 'path': '/home/strazi/RINS-kappa/workspace/src/custom_messages', 'symlink_install': False, 'test_result_base': None}
[0.413s] Level 5:colcon.colcon_core.verb:set package 'dis_tutorial1' build argument 'cmake_args' from command line to 'None'
[0.413s] Level 5:colcon.colcon_core.verb:set package 'dis_tutorial1' build argument 'cmake_target' from command line to 'None'
[0.413s] Level 5:colcon.colcon_core.verb:set package 'dis_tutorial1' build argument 'cmake_target_skip_unavailable' from command line to 'False'
[0.413s] Level 5:colcon.colcon_core.verb:set package 'dis_tutorial1' build argument 'cmake_clean_cache' from command line to 'False'
[0.413s] Level 5:colcon.colcon_core.verb:set package 'dis_tutorial1' build argument 'cmake_clean_first' from command line to 'False'
[0.413s] Level 5:colcon.colcon_core.verb:set package 'dis_tutorial1' build argument 'cmake_force_configure' from command line to 'False'
[0.413s] Level 5:colcon.colcon_core.verb:set package 'dis_tutorial1' build argument 'ament_cmake_args' from command line to 'None'
[0.413s] Level 5:colcon.colcon_core.verb:set package 'dis_tutorial1' build argument 'catkin_cmake_args' from command line to 'None'
[0.413s] Level 5:colcon.colcon_core.verb:set package 'dis_tutorial1' build argument 'catkin_skip_building_tests' from command line to 'False'
[0.414s] DEBUG:colcon.colcon_core.verb:Building package 'dis_tutorial1' with the following arguments: {'ament_cmake_args': None, 'build_base': '/home/strazi/RINS-kappa/workspace/build/dis_tutorial1', 'catkin_cmake_args': None, 'catkin_skip_building_tests': False, 'cmake_args': None, 'cmake_clean_cache': False, 'cmake_clean_first': False, 'cmake_force_configure': False, 'cmake_target': None, 'cmake_target_skip_unavailable': False, 'install_base': '/home/strazi/RINS-kappa/workspace/install/dis_tutorial1', 'merge_install': False, 'path': '/home/strazi/RINS-kappa/workspace/src/dis_tutorial1', 'symlink_install': False, 'test_result_base': None}
[0.414s] Level 5:colcon.colcon_core.verb:set package 'dis_tutorial2' build argument 'cmake_args' from command line to 'None'
[0.414s] Level 5:colcon.colcon_core.verb:set package 'dis_tutorial2' build argument 'cmake_target' from command line to 'None'
[0.414s] Level 5:colcon.colcon_core.verb:set package 'dis_tutorial2' build argument 'cmake_target_skip_unavailable' from command line to 'False'
[0.414s] Level 5:colcon.colcon_core.verb:set package 'dis_tutorial2' build argument 'cmake_clean_cache' from command line to 'False'
[0.414s] Level 5:colcon.colcon_core.verb:set package 'dis_tutorial2' build argument 'cmake_clean_first' from command line to 'False'
[0.414s] Level 5:colcon.colcon_core.verb:set package 'dis_tutorial2' build argument 'cmake_force_configure' from command line to 'False'
[0.414s] Level 5:colcon.colcon_core.verb:set package 'dis_tutorial2' build argument 'ament_cmake_args' from command line to 'None'
[0.414s] Level 5:colcon.colcon_core.verb:set package 'dis_tutorial2' build argument 'catkin_cmake_args' from command line to 'None'
[0.414s] Level 5:colcon.colcon_core.verb:set package 'dis_tutorial2' build argument 'catkin_skip_building_tests' from command line to 'False'
[0.414s] DEBUG:colcon.colcon_core.verb:Building package 'dis_tutorial2' with the following arguments: {'ament_cmake_args': None, 'build_base': '/home/strazi/RINS-kappa/workspace/build/dis_tutorial2', 'catkin_cmake_args': None, 'catkin_skip_building_tests': False, 'cmake_args': None, 'cmake_clean_cache': False, 'cmake_clean_first': False, 'cmake_force_configure': False, 'cmake_target': None, 'cmake_target_skip_unavailable': False, 'install_base': '/home/strazi/RINS-kappa/workspace/install/dis_tutorial2', 'merge_install': False, 'path': '/home/strazi/RINS-kappa/workspace/src/dis_tutorial2', 'symlink_install': False, 'test_result_base': None}
[0.414s] Level 5:colcon.colcon_core.verb:set package 'dis_tutorial3' build argument 'cmake_args' from command line to 'None'
[0.414s] Level 5:colcon.colcon_core.verb:set package 'dis_tutorial3' build argument 'cmake_target' from command line to 'None'
[0.414s] Level 5:colcon.colcon_core.verb:set package 'dis_tutorial3' build argument 'cmake_target_skip_unavailable' from command line to 'False'
[0.414s] Level 5:colcon.colcon_core.verb:set package 'dis_tutorial3' build argument 'cmake_clean_cache' from command line to 'False'
[0.415s] Level 5:colcon.colcon_core.verb:set package 'dis_tutorial3' build argument 'cmake_clean_first' from command line to 'False'
[0.415s] Level 5:colcon.colcon_core.verb:set package 'dis_tutorial3' build argument 'cmake_force_configure' from command line to 'False'
[0.415s] Level 5:colcon.colcon_core.verb:set package 'dis_tutorial3' build argument 'ament_cmake_args' from command line to 'None'
[0.415s] Level 5:colcon.colcon_core.verb:set package 'dis_tutorial3' build argument 'catkin_cmake_args' from command line to 'None'
[0.415s] Level 5:colcon.colcon_core.verb:set package 'dis_tutorial3' build argument 'catkin_skip_building_tests' from command line to 'False'
[0.415s] DEBUG:colcon.colcon_core.verb:Building package 'dis_tutorial3' with the following arguments: {'ament_cmake_args': None, 'build_base': '/home/strazi/RINS-kappa/workspace/build/dis_tutorial3', 'catkin_cmake_args': None, 'catkin_skip_building_tests': False, 'cmake_args': None, 'cmake_clean_cache': False, 'cmake_clean_first': False, 'cmake_force_configure': False, 'cmake_target': None, 'cmake_target_skip_unavailable': False, 'install_base': '/home/strazi/RINS-kappa/workspace/install/dis_tutorial3', 'merge_install': False, 'path': '/home/strazi/RINS-kappa/workspace/src/dis_tutorial3', 'symlink_install': False, 'test_result_base': None}
[0.415s] Level 5:colcon.colcon_core.verb:set package 'dis_tutorial4' build argument 'cmake_args' from command line to 'None'
[0.415s] Level 5:colcon.colcon_core.verb:set package 'dis_tutorial4' build argument 'cmake_target' from command line to 'None'
[0.415s] Level 5:colcon.colcon_core.verb:set package 'dis_tutorial4' build argument 'cmake_target_skip_unavailable' from command line to 'False'
[0.415s] Level 5:colcon.colcon_core.verb:set package 'dis_tutorial4' build argument 'cmake_clean_cache' from command line to 'False'
[0.415s] Level 5:colcon.colcon_core.verb:set package 'dis_tutorial4' build argument 'cmake_clean_first' from command line to 'False'
[0.415s] Level 5:colcon.colcon_core.verb:set package 'dis_tutorial4' build argument 'cmake_force_configure' from command line to 'False'
[0.415s] Level 5:colcon.colcon_core.verb:set package 'dis_tutorial4' build argument 'ament_cmake_args' from command line to 'None'
[0.415s] Level 5:colcon.colcon_core.verb:set package 'dis_tutorial4' build argument 'catkin_cmake_args' from command line to 'None'
[0.415s] Level 5:colcon.colcon_core.verb:set package 'dis_tutorial4' build argument 'catkin_skip_building_tests' from command line to 'False'
[0.415s] DEBUG:colcon.colcon_core.verb:Building package 'dis_tutorial4' with the following arguments: {'ament_cmake_args': None, 'build_base': '/home/strazi/RINS-kappa/workspace/build/dis_tutorial4', 'catkin_cmake_args': None, 'catkin_skip_building_tests': False, 'cmake_args': None, 'cmake_clean_cache': False, 'cmake_clean_first': False, 'cmake_force_configure': False, 'cmake_target': None, 'cmake_target_skip_unavailable': False, 'install_base': '/home/strazi/RINS-kappa/workspace/install/dis_tutorial4', 'merge_install': False, 'path': '/home/strazi/RINS-kappa/workspace/src/dis_tutorial4', 'symlink_install': False, 'test_result_base': None}
[0.415s] INFO:colcon.colcon_core.executor:Executing jobs using 'parallel' executor
[0.417s] DEBUG:colcon.colcon_parallel_executor.executor.parallel:run_until_complete
[0.417s] INFO:colcon.colcon_ros.task.ament_cmake.build:Building ROS package in '/home/strazi/RINS-kappa/workspace/src/custom_messages' with build type 'ament_cmake'
[0.417s] INFO:colcon.colcon_cmake.task.cmake.build:Building CMake package in '/home/strazi/RINS-kappa/workspace/src/custom_messages'
[0.420s] INFO:colcon.colcon_core.plugin_system:Skipping extension 'colcon_core.shell.bat': Not used on non-Windows systems
[0.420s] INFO:colcon.colcon_core.shell:Skip shell extension 'powershell' for command environment: Not usable outside of PowerShell
[0.420s] DEBUG:colcon.colcon_core.shell:Skip shell extension 'dsv' for command environment
[0.425s] INFO:colcon.colcon_ros.task.ament_cmake.build:Building ROS package in '/home/strazi/RINS-kappa/workspace/src/dis_tutorial1' with build type 'ament_cmake'
[0.426s] INFO:colcon.colcon_cmake.task.cmake.build:Building CMake package in '/home/strazi/RINS-kappa/workspace/src/dis_tutorial1'
[0.426s] INFO:colcon.colcon_core.shell:Skip shell extension 'powershell' for command environment: Not usable outside of PowerShell
[0.426s] DEBUG:colcon.colcon_core.shell:Skip shell extension 'dsv' for command environment
[0.431s] INFO:colcon.colcon_ros.task.ament_python.build:Building ROS package in '/home/strazi/RINS-kappa/workspace/src/dis_tutorial2' with build type 'ament_python'
[0.431s] Level 1:colcon.colcon_core.shell:create_environment_hook('dis_tutorial2', 'ament_prefix_path')
[0.431s] INFO:colcon.colcon_core.shell:Creating environment hook '/home/strazi/RINS-kappa/workspace/install/dis_tutorial2/share/dis_tutorial2/hook/ament_prefix_path.ps1'
[0.432s] INFO:colcon.colcon_core.shell:Creating environment descriptor '/home/strazi/RINS-kappa/workspace/install/dis_tutorial2/share/dis_tutorial2/hook/ament_prefix_path.dsv'
[0.433s] INFO:colcon.colcon_core.shell:Creating environment hook '/home/strazi/RINS-kappa/workspace/install/dis_tutorial2/share/dis_tutorial2/hook/ament_prefix_path.sh'
[0.433s] INFO:colcon.colcon_core.shell:Skip shell extension 'powershell' for command environment: Not usable outside of PowerShell
[0.433s] DEBUG:colcon.colcon_core.shell:Skip shell extension 'dsv' for command environment
[0.437s] INFO:colcon.colcon_ros.task.ament_cmake.build:Building ROS package in '/home/strazi/RINS-kappa/workspace/src/dis_tutorial3' with build type 'ament_cmake'
[0.437s] INFO:colcon.colcon_cmake.task.cmake.build:Building CMake package in '/home/strazi/RINS-kappa/workspace/src/dis_tutorial3'
[0.437s] INFO:colcon.colcon_core.shell:Skip shell extension 'powershell' for command environment: Not usable outside of PowerShell
[0.438s] DEBUG:colcon.colcon_core.shell:Skip shell extension 'dsv' for command environment
[0.442s] INFO:colcon.colcon_ros.task.ament_cmake.build:Building ROS package in '/home/strazi/RINS-kappa/workspace/src/dis_tutorial4' with build type 'ament_cmake'
[0.442s] INFO:colcon.colcon_cmake.task.cmake.build:Building CMake package in '/home/strazi/RINS-kappa/workspace/src/dis_tutorial4'
[0.442s] INFO:colcon.colcon_core.shell:Skip shell extension 'powershell' for command environment: Not usable outside of PowerShell
[0.443s] DEBUG:colcon.colcon_core.shell:Skip shell extension 'dsv' for command environment
[0.456s] DEBUG:colcon.colcon_core.event_handler.log_command:Invoking command in '/home/strazi/RINS-kappa/workspace/build/custom_messages': CMAKE_PREFIX_PATH=${CMAKE_PREFIX_PATH}:/home/strazi/RINS-kappa/workspace/install/dis_tutorial2:/opt/ros/humble /usr/bin/cmake --build /home/strazi/RINS-kappa/workspace/build/custom_messages -- -j12 -l12
[0.460s] DEBUG:colcon.colcon_core.event_handler.log_command:Invoking command in '/home/strazi/RINS-kappa/workspace/build/dis_tutorial1': CMAKE_PREFIX_PATH=${CMAKE_PREFIX_PATH}:/home/strazi/RINS-kappa/workspace/install/dis_tutorial2:/opt/ros/humble /usr/bin/cmake --build /home/strazi/RINS-kappa/workspace/build/dis_tutorial1 -- -j12 -l12
[0.922s] INFO:colcon.colcon_core.task.python.build:Building Python package in '/home/strazi/RINS-kappa/workspace/src/dis_tutorial2'
[0.923s] INFO:colcon.colcon_core.shell:Skip shell extension 'powershell' for command environment: Not usable outside of PowerShell
[0.923s] DEBUG:colcon.colcon_core.shell:Skip shell extension 'dsv' for command environment
[0.939s] DEBUG:colcon.colcon_core.event_handler.log_command:Invoking command in '/home/strazi/RINS-kappa/workspace/build/dis_tutorial3': CMAKE_PREFIX_PATH=${CMAKE_PREFIX_PATH}:/home/strazi/RINS-kappa/workspace/install/dis_tutorial2:/opt/ros/humble /usr/bin/cmake --build /home/strazi/RINS-kappa/workspace/build/dis_tutorial3 -- -j12 -l12
[0.960s] DEBUG:colcon.colcon_core.event_handler.log_command:Invoking command in '/home/strazi/RINS-kappa/workspace/build/dis_tutorial4': CMAKE_PREFIX_PATH=${CMAKE_PREFIX_PATH}:/home/strazi/RINS-kappa/workspace/install/dis_tutorial2:/opt/ros/humble /usr/bin/cmake --build /home/strazi/RINS-kappa/workspace/build/dis_tutorial4 -- -j12 -l12
[1.022s] DEBUG:colcon.colcon_core.event_handler.log_command:Invoked command in '/home/strazi/RINS-kappa/workspace/build/dis_tutorial3' returned '0': CMAKE_PREFIX_PATH=${CMAKE_PREFIX_PATH}:/home/strazi/RINS-kappa/workspace/install/dis_tutorial2:/opt/ros/humble /usr/bin/cmake --build /home/strazi/RINS-kappa/workspace/build/dis_tutorial3 -- -j12 -l12
[1.042s] DEBUG:colcon.colcon_core.event_handler.log_command:Invoking command in '/home/strazi/RINS-kappa/workspace/build/dis_tutorial3': CMAKE_PREFIX_PATH=${CMAKE_PREFIX_PATH}:/home/strazi/RINS-kappa/workspace/install/dis_tutorial2:/opt/ros/humble /usr/bin/cmake --install /home/strazi/RINS-kappa/workspace/build/dis_tutorial3
[1.050s] DEBUG:colcon.colcon_core.event_handler.log_command:Invoked command in '/home/strazi/RINS-kappa/workspace/build/dis_tutorial4' returned '0': CMAKE_PREFIX_PATH=${CMAKE_PREFIX_PATH}:/home/strazi/RINS-kappa/workspace/install/dis_tutorial2:/opt/ros/humble /usr/bin/cmake --build /home/strazi/RINS-kappa/workspace/build/dis_tutorial4 -- -j12 -l12
[1.050s] DEBUG:colcon.colcon_core.event_handler.log_command:Invoking command in '/home/strazi/RINS-kappa/workspace/build/dis_tutorial4': CMAKE_PREFIX_PATH=${CMAKE_PREFIX_PATH}:/home/strazi/RINS-kappa/workspace/install/dis_tutorial2:/opt/ros/humble /usr/bin/cmake --install /home/strazi/RINS-kappa/workspace/build/dis_tutorial4
[1.073s] Level 1:colcon.colcon_core.environment:create_environment_scripts_only(dis_tutorial4)
[1.081s] Level 1:colcon.colcon_core.environment:checking '/home/strazi/RINS-kappa/workspace/install/dis_tutorial4' for CMake module files
[1.082s] Level 1:colcon.colcon_core.environment:checking '/home/strazi/RINS-kappa/workspace/install/dis_tutorial4' for CMake config files
[1.085s] DEBUG:colcon.colcon_core.event_handler.log_command:Invoked command in '/home/strazi/RINS-kappa/workspace/build/dis_tutorial4' returned '0': CMAKE_PREFIX_PATH=${CMAKE_PREFIX_PATH}:/home/strazi/RINS-kappa/workspace/install/dis_tutorial2:/opt/ros/humble /usr/bin/cmake --install /home/strazi/RINS-kappa/workspace/build/dis_tutorial4
[1.085s] Level 1:colcon.colcon_core.shell:create_environment_hook('dis_tutorial4', 'cmake_prefix_path')
[1.085s] INFO:colcon.colcon_core.shell:Creating environment hook '/home/strazi/RINS-kappa/workspace/install/dis_tutorial4/share/dis_tutorial4/hook/cmake_prefix_path.ps1'
[1.086s] INFO:colcon.colcon_core.shell:Creating environment descriptor '/home/strazi/RINS-kappa/workspace/install/dis_tutorial4/share/dis_tutorial4/hook/cmake_prefix_path.dsv'
[1.086s] INFO:colcon.colcon_core.shell:Creating environment hook '/home/strazi/RINS-kappa/workspace/install/dis_tutorial4/share/dis_tutorial4/hook/cmake_prefix_path.sh'
[1.087s] Level 1:colcon.colcon_core.environment:checking '/home/strazi/RINS-kappa/workspace/install/dis_tutorial4/lib'
[1.087s] Level 1:colcon.colcon_core.environment:checking '/home/strazi/RINS-kappa/workspace/install/dis_tutorial4/bin'
[1.087s] Level 1:colcon.colcon_core.environment:checking '/home/strazi/RINS-kappa/workspace/install/dis_tutorial4/lib/pkgconfig/dis_tutorial4.pc'
[1.088s] Level 1:colcon.colcon_core.environment:checking '/home/strazi/RINS-kappa/workspace/install/dis_tutorial4/lib/python3.10/site-packages'
[1.088s] Level 1:colcon.colcon_core.environment:checking '/home/strazi/RINS-kappa/workspace/install/dis_tutorial4/bin'
[1.088s] INFO:colcon.colcon_core.shell:Creating package script '/home/strazi/RINS-kappa/workspace/install/dis_tutorial4/share/dis_tutorial4/package.ps1'
[1.089s] INFO:colcon.colcon_core.shell:Creating package descriptor '/home/strazi/RINS-kappa/workspace/install/dis_tutorial4/share/dis_tutorial4/package.dsv'
[1.090s] INFO:colcon.colcon_core.shell:Creating package script '/home/strazi/RINS-kappa/workspace/install/dis_tutorial4/share/dis_tutorial4/package.sh'
[1.091s] INFO:colcon.colcon_core.shell:Creating package script '/home/strazi/RINS-kappa/workspace/install/dis_tutorial4/share/dis_tutorial4/package.bash'
[1.092s] INFO:colcon.colcon_core.shell:Creating package script '/home/strazi/RINS-kappa/workspace/install/dis_tutorial4/share/dis_tutorial4/package.zsh'
[1.093s] Level 1:colcon.colcon_core.environment:create_file_with_runtime_dependencies(/home/strazi/RINS-kappa/workspace/install/dis_tutorial4/share/colcon-core/packages/dis_tutorial4)
[1.094s] Level 1:colcon.colcon_core.environment:create_environment_scripts_only(dis_tutorial4)
[1.094s] Level 1:colcon.colcon_core.environment:checking '/home/strazi/RINS-kappa/workspace/install/dis_tutorial4' for CMake module files
[1.094s] Level 1:colcon.colcon_core.environment:checking '/home/strazi/RINS-kappa/workspace/install/dis_tutorial4' for CMake config files
[1.095s] Level 1:colcon.colcon_core.shell:create_environment_hook('dis_tutorial4', 'cmake_prefix_path')
[1.095s] INFO:colcon.colcon_core.shell:Creating environment hook '/home/strazi/RINS-kappa/workspace/install/dis_tutorial4/share/dis_tutorial4/hook/cmake_prefix_path.ps1'
[1.095s] INFO:colcon.colcon_core.shell:Creating environment descriptor '/home/strazi/RINS-kappa/workspace/install/dis_tutorial4/share/dis_tutorial4/hook/cmake_prefix_path.dsv'
[1.096s] INFO:colcon.colcon_core.shell:Creating environment hook '/home/strazi/RINS-kappa/workspace/install/dis_tutorial4/share/dis_tutorial4/hook/cmake_prefix_path.sh'
[1.096s] Level 1:colcon.colcon_core.environment:checking '/home/strazi/RINS-kappa/workspace/install/dis_tutorial4/lib'
[1.097s] Level 1:colcon.colcon_core.environment:checking '/home/strazi/RINS-kappa/workspace/install/dis_tutorial4/bin'
[1.097s] Level 1:colcon.colcon_core.environment:checking '/home/strazi/RINS-kappa/workspace/install/dis_tutorial4/lib/pkgconfig/dis_tutorial4.pc'
[1.097s] Level 1:colcon.colcon_core.environment:checking '/home/strazi/RINS-kappa/workspace/install/dis_tutorial4/lib/python3.10/site-packages'
[1.097s] Level 1:colcon.colcon_core.environment:checking '/home/strazi/RINS-kappa/workspace/install/dis_tutorial4/bin'
[1.098s] INFO:colcon.colcon_core.shell:Creating package script '/home/strazi/RINS-kappa/workspace/install/dis_tutorial4/share/dis_tutorial4/package.ps1'
[1.098s] INFO:colcon.colcon_core.shell:Creating package descriptor '/home/strazi/RINS-kappa/workspace/install/dis_tutorial4/share/dis_tutorial4/package.dsv'
[1.099s] INFO:colcon.colcon_core.shell:Creating package script '/home/strazi/RINS-kappa/workspace/install/dis_tutorial4/share/dis_tutorial4/package.sh'
[1.099s] INFO:colcon.colcon_core.shell:Creating package script '/home/strazi/RINS-kappa/workspace/install/dis_tutorial4/share/dis_tutorial4/package.bash'
[1.100s] INFO:colcon.colcon_core.shell:Creating package script '/home/strazi/RINS-kappa/workspace/install/dis_tutorial4/share/dis_tutorial4/package.zsh'
[1.100s] Level 1:colcon.colcon_core.environment:create_file_with_runtime_dependencies(/home/strazi/RINS-kappa/workspace/install/dis_tutorial4/share/colcon-core/packages/dis_tutorial4)
[1.102s] Level 1:colcon.colcon_core.environment:create_environment_scripts_only(dis_tutorial3)
[1.102s] Level 1:colcon.colcon_core.environment:checking '/home/strazi/RINS-kappa/workspace/install/dis_tutorial3' for CMake module files
[1.103s] DEBUG:colcon.colcon_core.event_handler.log_command:Invoked command in '/home/strazi/RINS-kappa/workspace/build/dis_tutorial3' returned '0': CMAKE_PREFIX_PATH=${CMAKE_PREFIX_PATH}:/home/strazi/RINS-kappa/workspace/install/dis_tutorial2:/opt/ros/humble /usr/bin/cmake --install /home/strazi/RINS-kappa/workspace/build/dis_tutorial3
[1.104s] Level 1:colcon.colcon_core.environment:checking '/home/strazi/RINS-kappa/workspace/install/dis_tutorial3' for CMake config files
[1.104s] Level 1:colcon.colcon_core.shell:create_environment_hook('dis_tutorial3', 'cmake_prefix_path')
[1.104s] INFO:colcon.colcon_core.shell:Creating environment hook '/home/strazi/RINS-kappa/workspace/install/dis_tutorial3/share/dis_tutorial3/hook/cmake_prefix_path.ps1'
[1.105s] INFO:colcon.colcon_core.shell:Creating environment descriptor '/home/strazi/RINS-kappa/workspace/install/dis_tutorial3/share/dis_tutorial3/hook/cmake_prefix_path.dsv'
[1.105s] INFO:colcon.colcon_core.shell:Creating environment hook '/home/strazi/RINS-kappa/workspace/install/dis_tutorial3/share/dis_tutorial3/hook/cmake_prefix_path.sh'
[1.106s] Level 1:colcon.colcon_core.environment:checking '/home/strazi/RINS-kappa/workspace/install/dis_tutorial3/lib'
[1.106s] Level 1:colcon.colcon_core.environment:checking '/home/strazi/RINS-kappa/workspace/install/dis_tutorial3/bin'
[1.106s] Level 1:colcon.colcon_core.environment:checking '/home/strazi/RINS-kappa/workspace/install/dis_tutorial3/lib/pkgconfig/dis_tutorial3.pc'
[1.106s] Level 1:colcon.colcon_core.environment:checking '/home/strazi/RINS-kappa/workspace/install/dis_tutorial3/lib/python3.10/site-packages'
[1.106s] Level 1:colcon.colcon_core.environment:checking '/home/strazi/RINS-kappa/workspace/install/dis_tutorial3/bin'
[1.107s] INFO:colcon.colcon_core.shell:Creating package script '/home/strazi/RINS-kappa/workspace/install/dis_tutorial3/share/dis_tutorial3/package.ps1'
[1.107s] INFO:colcon.colcon_core.shell:Creating package descriptor '/home/strazi/RINS-kappa/workspace/install/dis_tutorial3/share/dis_tutorial3/package.dsv'
[1.107s] INFO:colcon.colcon_core.shell:Creating package script '/home/strazi/RINS-kappa/workspace/install/dis_tutorial3/share/dis_tutorial3/package.sh'
[1.108s] INFO:colcon.colcon_core.shell:Creating package script '/home/strazi/RINS-kappa/workspace/install/dis_tutorial3/share/dis_tutorial3/package.bash'
[1.108s] INFO:colcon.colcon_core.shell:Creating package script '/home/strazi/RINS-kappa/workspace/install/dis_tutorial3/share/dis_tutorial3/package.zsh'
[1.109s] Level 1:colcon.colcon_core.environment:create_file_with_runtime_dependencies(/home/strazi/RINS-kappa/workspace/install/dis_tutorial3/share/colcon-core/packages/dis_tutorial3)
[1.109s] Level 1:colcon.colcon_core.environment:create_environment_scripts_only(dis_tutorial3)
[1.109s] Level 1:colcon.colcon_core.environment:checking '/home/strazi/RINS-kappa/workspace/install/dis_tutorial3' for CMake module files
[1.110s] Level 1:colcon.colcon_core.environment:checking '/home/strazi/RINS-kappa/workspace/install/dis_tutorial3' for CMake config files
[1.110s] Level 1:colcon.colcon_core.shell:create_environment_hook('dis_tutorial3', 'cmake_prefix_path')
[1.110s] INFO:colcon.colcon_core.shell:Creating environment hook '/home/strazi/RINS-kappa/workspace/install/dis_tutorial3/share/dis_tutorial3/hook/cmake_prefix_path.ps1'
[1.111s] INFO:colcon.colcon_core.shell:Creating environment descriptor '/home/strazi/RINS-kappa/workspace/install/dis_tutorial3/share/dis_tutorial3/hook/cmake_prefix_path.dsv'
[1.111s] INFO:colcon.colcon_core.shell:Creating environment hook '/home/strazi/RINS-kappa/workspace/install/dis_tutorial3/share/dis_tutorial3/hook/cmake_prefix_path.sh'
[1.112s] Level 1:colcon.colcon_core.environment:checking '/home/strazi/RINS-kappa/workspace/install/dis_tutorial3/lib'
[1.112s] Level 1:colcon.colcon_core.environment:checking '/home/strazi/RINS-kappa/workspace/install/dis_tutorial3/bin'
[1.112s] Level 1:colcon.colcon_core.environment:checking '/home/strazi/RINS-kappa/workspace/install/dis_tutorial3/lib/pkgconfig/dis_tutorial3.pc'
[1.113s] Level 1:colcon.colcon_core.environment:checking '/home/strazi/RINS-kappa/workspace/install/dis_tutorial3/lib/python3.10/site-packages'
[1.113s] Level 1:colcon.colcon_core.environment:checking '/home/strazi/RINS-kappa/workspace/install/dis_tutorial3/bin'
[1.113s] INFO:colcon.colcon_core.shell:Creating package script '/home/strazi/RINS-kappa/workspace/install/dis_tutorial3/share/dis_tutorial3/package.ps1'
[1.114s] INFO:colcon.colcon_core.shell:Creating package descriptor '/home/strazi/RINS-kappa/workspace/install/dis_tutorial3/share/dis_tutorial3/package.dsv'
[1.114s] INFO:colcon.colcon_core.shell:Creating package script '/home/strazi/RINS-kappa/workspace/install/dis_tutorial3/share/dis_tutorial3/package.sh'
[1.115s] INFO:colcon.colcon_core.shell:Creating package script '/home/strazi/RINS-kappa/workspace/install/dis_tutorial3/share/dis_tutorial3/package.bash'
[1.115s] INFO:colcon.colcon_core.shell:Creating package script '/home/strazi/RINS-kappa/workspace/install/dis_tutorial3/share/dis_tutorial3/package.zsh'
[1.116s] Level 1:colcon.colcon_core.environment:create_file_with_runtime_dependencies(/home/strazi/RINS-kappa/workspace/install/dis_tutorial3/share/colcon-core/packages/dis_tutorial3)
[1.117s] DEBUG:colcon.colcon_core.event_handler.log_command:Invoked command in '/home/strazi/RINS-kappa/workspace/build/dis_tutorial1' returned '0': CMAKE_PREFIX_PATH=${CMAKE_PREFIX_PATH}:/home/strazi/RINS-kappa/workspace/install/dis_tutorial2:/opt/ros/humble /usr/bin/cmake --build /home/strazi/RINS-kappa/workspace/build/dis_tutorial1 -- -j12 -l12
[1.119s] DEBUG:colcon.colcon_core.event_handler.log_command:Invoking command in '/home/strazi/RINS-kappa/workspace/build/dis_tutorial1': CMAKE_PREFIX_PATH=${CMAKE_PREFIX_PATH}:/home/strazi/RINS-kappa/workspace/install/dis_tutorial2:/opt/ros/humble /usr/bin/cmake --install /home/strazi/RINS-kappa/workspace/build/dis_tutorial1
[1.119s] DEBUG:colcon.colcon_core.event_handler.log_command:Invoked command in '/home/strazi/RINS-kappa/workspace/build/custom_messages' returned '0': CMAKE_PREFIX_PATH=${CMAKE_PREFIX_PATH}:/home/strazi/RINS-kappa/workspace/install/dis_tutorial2:/opt/ros/humble /usr/bin/cmake --build /home/strazi/RINS-kappa/workspace/build/custom_messages -- -j12 -l12
[1.122s] DEBUG:colcon.colcon_core.event_handler.log_command:Invoking command in '/home/strazi/RINS-kappa/workspace/build/custom_messages': CMAKE_PREFIX_PATH=${CMAKE_PREFIX_PATH}:/home/strazi/RINS-kappa/workspace/install/dis_tutorial2:/opt/ros/humble /usr/bin/cmake --install /home/strazi/RINS-kappa/workspace/build/custom_messages
[1.208s] Level 1:colcon.colcon_core.environment:create_environment_scripts_only(dis_tutorial1)
[1.209s] Level 1:colcon.colcon_core.environment:checking '/home/strazi/RINS-kappa/workspace/install/dis_tutorial1' for CMake module files
[1.210s] DEBUG:colcon.colcon_core.event_handler.log_command:Invoked command in '/home/strazi/RINS-kappa/workspace/build/dis_tutorial1' returned '0': CMAKE_PREFIX_PATH=${CMAKE_PREFIX_PATH}:/home/strazi/RINS-kappa/workspace/install/dis_tutorial2:/opt/ros/humble /usr/bin/cmake --install /home/strazi/RINS-kappa/workspace/build/dis_tutorial1
[1.213s] Level 1:colcon.colcon_core.environment:checking '/home/strazi/RINS-kappa/workspace/install/dis_tutorial1' for CMake config files
[1.215s] Level 1:colcon.colcon_core.shell:create_environment_hook('dis_tutorial1', 'cmake_prefix_path')
[1.215s] INFO:colcon.colcon_core.shell:Creating environment hook '/home/strazi/RINS-kappa/workspace/install/dis_tutorial1/share/dis_tutorial1/hook/cmake_prefix_path.ps1'
[1.216s] INFO:colcon.colcon_core.shell:Creating environment descriptor '/home/strazi/RINS-kappa/workspace/install/dis_tutorial1/share/dis_tutorial1/hook/cmake_prefix_path.dsv'
[1.216s] INFO:colcon.colcon_core.shell:Creating environment hook '/home/strazi/RINS-kappa/workspace/install/dis_tutorial1/share/dis_tutorial1/hook/cmake_prefix_path.sh'
[1.217s] Level 1:colcon.colcon_core.environment:checking '/home/strazi/RINS-kappa/workspace/install/dis_tutorial1/lib'
[1.217s] Level 1:colcon.colcon_core.shell:create_environment_hook('dis_tutorial1', 'ld_library_path_lib')
[1.217s] INFO:colcon.colcon_core.shell:Creating environment hook '/home/strazi/RINS-kappa/workspace/install/dis_tutorial1/share/dis_tutorial1/hook/ld_library_path_lib.ps1'
[1.217s] INFO:colcon.colcon_core.shell:Creating environment descriptor '/home/strazi/RINS-kappa/workspace/install/dis_tutorial1/share/dis_tutorial1/hook/ld_library_path_lib.dsv'
[1.218s] INFO:colcon.colcon_core.shell:Creating environment hook '/home/strazi/RINS-kappa/workspace/install/dis_tutorial1/share/dis_tutorial1/hook/ld_library_path_lib.sh'
[1.218s] Level 1:colcon.colcon_core.environment:checking '/home/strazi/RINS-kappa/workspace/install/dis_tutorial1/bin'
[1.218s] Level 1:colcon.colcon_core.environment:checking '/home/strazi/RINS-kappa/workspace/install/dis_tutorial1/lib/pkgconfig/dis_tutorial1.pc'
[1.219s] Level 1:colcon.colcon_core.environment:checking '/home/strazi/RINS-kappa/workspace/install/dis_tutorial1/lib/python3.10/site-packages'
[1.219s] Level 1:colcon.colcon_core.environment:checking '/home/strazi/RINS-kappa/workspace/install/dis_tutorial1/bin'
[1.219s] INFO:colcon.colcon_core.shell:Creating package script '/home/strazi/RINS-kappa/workspace/install/dis_tutorial1/share/dis_tutorial1/package.ps1'
[1.220s] INFO:colcon.colcon_core.shell:Creating package descriptor '/home/strazi/RINS-kappa/workspace/install/dis_tutorial1/share/dis_tutorial1/package.dsv'
[1.221s] INFO:colcon.colcon_core.shell:Creating package script '/home/strazi/RINS-kappa/workspace/install/dis_tutorial1/share/dis_tutorial1/package.sh'
[1.221s] INFO:colcon.colcon_core.shell:Creating package script '/home/strazi/RINS-kappa/workspace/install/dis_tutorial1/share/dis_tutorial1/package.bash'
[1.222s] INFO:colcon.colcon_core.shell:Creating package script '/home/strazi/RINS-kappa/workspace/install/dis_tutorial1/share/dis_tutorial1/package.zsh'
[1.222s] Level 1:colcon.colcon_core.environment:create_file_with_runtime_dependencies(/home/strazi/RINS-kappa/workspace/install/dis_tutorial1/share/colcon-core/packages/dis_tutorial1)
[1.223s] Level 1:colcon.colcon_core.environment:create_environment_scripts_only(dis_tutorial1)
[1.223s] Level 1:colcon.colcon_core.environment:checking '/home/strazi/RINS-kappa/workspace/install/dis_tutorial1' for CMake module files
[1.224s] Level 1:colcon.colcon_core.environment:checking '/home/strazi/RINS-kappa/workspace/install/dis_tutorial1' for CMake config files
[1.225s] Level 1:colcon.colcon_core.shell:create_environment_hook('dis_tutorial1', 'cmake_prefix_path')
[1.225s] INFO:colcon.colcon_core.shell:Creating environment hook '/home/strazi/RINS-kappa/workspace/install/dis_tutorial1/share/dis_tutorial1/hook/cmake_prefix_path.ps1'
[1.226s] INFO:colcon.colcon_core.shell:Creating environment descriptor '/home/strazi/RINS-kappa/workspace/install/dis_tutorial1/share/dis_tutorial1/hook/cmake_prefix_path.dsv'
[1.226s] INFO:colcon.colcon_core.shell:Creating environment hook '/home/strazi/RINS-kappa/workspace/install/dis_tutorial1/share/dis_tutorial1/hook/cmake_prefix_path.sh'
[1.227s] Level 1:colcon.colcon_core.environment:checking '/home/strazi/RINS-kappa/workspace/install/dis_tutorial1/lib'
[1.227s] Level 1:colcon.colcon_core.shell:create_environment_hook('dis_tutorial1', 'ld_library_path_lib')
[1.227s] INFO:colcon.colcon_core.shell:Creating environment hook '/home/strazi/RINS-kappa/workspace/install/dis_tutorial1/share/dis_tutorial1/hook/ld_library_path_lib.ps1'
[1.228s] INFO:colcon.colcon_core.shell:Creating environment descriptor '/home/strazi/RINS-kappa/workspace/install/dis_tutorial1/share/dis_tutorial1/hook/ld_library_path_lib.dsv'
[1.228s] INFO:colcon.colcon_core.shell:Creating environment hook '/home/strazi/RINS-kappa/workspace/install/dis_tutorial1/share/dis_tutorial1/hook/ld_library_path_lib.sh'
[1.228s] Level 1:colcon.colcon_core.environment:checking '/home/strazi/RINS-kappa/workspace/install/dis_tutorial1/bin'
[1.229s] Level 1:colcon.colcon_core.environment:checking '/home/strazi/RINS-kappa/workspace/install/dis_tutorial1/lib/pkgconfig/dis_tutorial1.pc'
[1.229s] Level 1:colcon.colcon_core.environment:checking '/home/strazi/RINS-kappa/workspace/install/dis_tutorial1/lib/python3.10/site-packages'
[1.229s] Level 1:colcon.colcon_core.environment:checking '/home/strazi/RINS-kappa/workspace/install/dis_tutorial1/bin'
[1.229s] INFO:colcon.colcon_core.shell:Creating package script '/home/strazi/RINS-kappa/workspace/install/dis_tutorial1/share/dis_tutorial1/package.ps1'
[1.230s] INFO:colcon.colcon_core.shell:Creating package descriptor '/home/strazi/RINS-kappa/workspace/install/dis_tutorial1/share/dis_tutorial1/package.dsv'
[1.230s] INFO:colcon.colcon_core.shell:Creating package script '/home/strazi/RINS-kappa/workspace/install/dis_tutorial1/share/dis_tutorial1/package.sh'
[1.231s] INFO:colcon.colcon_core.shell:Creating package script '/home/strazi/RINS-kappa/workspace/install/dis_tutorial1/share/dis_tutorial1/package.bash'
[1.231s] INFO:colcon.colcon_core.shell:Creating package script '/home/strazi/RINS-kappa/workspace/install/dis_tutorial1/share/dis_tutorial1/package.zsh'
[1.232s] Level 1:colcon.colcon_core.environment:create_file_with_runtime_dependencies(/home/strazi/RINS-kappa/workspace/install/dis_tutorial1/share/colcon-core/packages/dis_tutorial1)
[1.233s] Level 1:colcon.colcon_core.environment:create_environment_scripts_only(custom_messages)
[1.233s] Level 1:colcon.colcon_core.environment:checking '/home/strazi/RINS-kappa/workspace/install/custom_messages' for CMake module files
[1.234s] DEBUG:colcon.colcon_core.event_handler.log_command:Invoked command in '/home/strazi/RINS-kappa/workspace/build/custom_messages' returned '0': CMAKE_PREFIX_PATH=${CMAKE_PREFIX_PATH}:/home/strazi/RINS-kappa/workspace/install/dis_tutorial2:/opt/ros/humble /usr/bin/cmake --install /home/strazi/RINS-kappa/workspace/build/custom_messages
[1.235s] Level 1:colcon.colcon_core.environment:checking '/home/strazi/RINS-kappa/workspace/install/custom_messages' for CMake config files
[1.235s] Level 1:colcon.colcon_core.shell:create_environment_hook('custom_messages', 'cmake_prefix_path')
[1.236s] INFO:colcon.colcon_core.shell:Creating environment hook '/home/strazi/RINS-kappa/workspace/install/custom_messages/share/custom_messages/hook/cmake_prefix_path.ps1'
[1.236s] INFO:colcon.colcon_core.shell:Creating environment descriptor '/home/strazi/RINS-kappa/workspace/install/custom_messages/share/custom_messages/hook/cmake_prefix_path.dsv'
[1.237s] INFO:colcon.colcon_core.shell:Creating environment hook '/home/strazi/RINS-kappa/workspace/install/custom_messages/share/custom_messages/hook/cmake_prefix_path.sh'
[1.237s] Level 1:colcon.colcon_core.environment:checking '/home/strazi/RINS-kappa/workspace/install/custom_messages/lib'
[1.237s] Level 1:colcon.colcon_core.shell:create_environment_hook('custom_messages', 'ld_library_path_lib')
[1.238s] INFO:colcon.colcon_core.shell:Creating environment hook '/home/strazi/RINS-kappa/workspace/install/custom_messages/share/custom_messages/hook/ld_library_path_lib.ps1'
[1.238s] INFO:colcon.colcon_core.shell:Creating environment descriptor '/home/strazi/RINS-kappa/workspace/install/custom_messages/share/custom_messages/hook/ld_library_path_lib.dsv'
[1.238s] INFO:colcon.colcon_core.shell:Creating environment hook '/home/strazi/RINS-kappa/workspace/install/custom_messages/share/custom_messages/hook/ld_library_path_lib.sh'
[1.239s] Level 1:colcon.colcon_core.environment:checking '/home/strazi/RINS-kappa/workspace/install/custom_messages/bin'
[1.239s] Level 1:colcon.colcon_core.environment:checking '/home/strazi/RINS-kappa/workspace/install/custom_messages/lib/pkgconfig/custom_messages.pc'
[1.239s] Level 1:colcon.colcon_core.environment:checking '/home/strazi/RINS-kappa/workspace/install/custom_messages/lib/python3.10/site-packages'
[1.239s] Level 1:colcon.colcon_core.environment:checking '/home/strazi/RINS-kappa/workspace/install/custom_messages/bin'
[1.240s] INFO:colcon.colcon_core.shell:Creating package script '/home/strazi/RINS-kappa/workspace/install/custom_messages/share/custom_messages/package.ps1'
[1.240s] INFO:colcon.colcon_core.shell:Creating package descriptor '/home/strazi/RINS-kappa/workspace/install/custom_messages/share/custom_messages/package.dsv'
[1.241s] INFO:colcon.colcon_core.shell:Creating package script '/home/strazi/RINS-kappa/workspace/install/custom_messages/share/custom_messages/package.sh'
[1.241s] INFO:colcon.colcon_core.shell:Creating package script '/home/strazi/RINS-kappa/workspace/install/custom_messages/share/custom_messages/package.bash'
[1.242s] INFO:colcon.colcon_core.shell:Creating package script '/home/strazi/RINS-kappa/workspace/install/custom_messages/share/custom_messages/package.zsh'
[1.242s] Level 1:colcon.colcon_core.environment:create_file_with_runtime_dependencies(/home/strazi/RINS-kappa/workspace/install/custom_messages/share/colcon-core/packages/custom_messages)
[1.243s] Level 1:colcon.colcon_core.environment:create_environment_scripts_only(custom_messages)
[1.243s] Level 1:colcon.colcon_core.environment:checking '/home/strazi/RINS-kappa/workspace/install/custom_messages' for CMake module files
[1.244s] Level 1:colcon.colcon_core.environment:checking '/home/strazi/RINS-kappa/workspace/install/custom_messages' for CMake config files
[1.245s] Level 1:colcon.colcon_core.shell:create_environment_hook('custom_messages', 'cmake_prefix_path')
[1.245s] INFO:colcon.colcon_core.shell:Creating environment hook '/home/strazi/RINS-kappa/workspace/install/custom_messages/share/custom_messages/hook/cmake_prefix_path.ps1'
[1.246s] INFO:colcon.colcon_core.shell:Creating environment descriptor '/home/strazi/RINS-kappa/workspace/install/custom_messages/share/custom_messages/hook/cmake_prefix_path.dsv'
[1.246s] INFO:colcon.colcon_core.shell:Creating environment hook '/home/strazi/RINS-kappa/workspace/install/custom_messages/share/custom_messages/hook/cmake_prefix_path.sh'
[1.247s] Level 1:colcon.colcon_core.environment:checking '/home/strazi/RINS-kappa/workspace/install/custom_messages/lib'
[1.247s] Level 1:colcon.colcon_core.shell:create_environment_hook('custom_messages', 'ld_library_path_lib')
[1.247s] INFO:colcon.colcon_core.shell:Creating environment hook '/home/strazi/RINS-kappa/workspace/install/custom_messages/share/custom_messages/hook/ld_library_path_lib.ps1'
[1.247s] INFO:colcon.colcon_core.shell:Creating environment descriptor '/home/strazi/RINS-kappa/workspace/install/custom_messages/share/custom_messages/hook/ld_library_path_lib.dsv'
[1.247s] INFO:colcon.colcon_core.shell:Creating environment hook '/home/strazi/RINS-kappa/workspace/install/custom_messages/share/custom_messages/hook/ld_library_path_lib.sh'
[1.248s] Level 1:colcon.colcon_core.environment:checking '/home/strazi/RINS-kappa/workspace/install/custom_messages/bin'
[1.248s] Level 1:colcon.colcon_core.environment:checking '/home/strazi/RINS-kappa/workspace/install/custom_messages/lib/pkgconfig/custom_messages.pc'
[1.248s] Level 1:colcon.colcon_core.environment:checking '/home/strazi/RINS-kappa/workspace/install/custom_messages/lib/python3.10/site-packages'
[1.248s] Level 1:colcon.colcon_core.environment:checking '/home/strazi/RINS-kappa/workspace/install/custom_messages/bin'
[1.249s] INFO:colcon.colcon_core.shell:Creating package script '/home/strazi/RINS-kappa/workspace/install/custom_messages/share/custom_messages/package.ps1'
[1.249s] INFO:colcon.colcon_core.shell:Creating package descriptor '/home/strazi/RINS-kappa/workspace/install/custom_messages/share/custom_messages/package.dsv'
[1.250s] INFO:colcon.colcon_core.shell:Creating package script '/home/strazi/RINS-kappa/workspace/install/custom_messages/share/custom_messages/package.sh'
[1.250s] INFO:colcon.colcon_core.shell:Creating package script '/home/strazi/RINS-kappa/workspace/install/custom_messages/share/custom_messages/package.bash'
[1.250s] INFO:colcon.colcon_core.shell:Creating package script '/home/strazi/RINS-kappa/workspace/install/custom_messages/share/custom_messages/package.zsh'
[1.251s] Level 1:colcon.colcon_core.environment:create_file_with_runtime_dependencies(/home/strazi/RINS-kappa/workspace/install/custom_messages/share/colcon-core/packages/custom_messages)
[1.422s] DEBUG:colcon.colcon_core.event_handler.log_command:Invoking command in '/home/strazi/RINS-kappa/workspace/src/dis_tutorial2': PYTHONPATH=/home/strazi/RINS-kappa/workspace/build/dis_tutorial2/prefix_override:/usr/lib/python3/dist-packages/colcon_core/task/python/colcon_distutils_commands:/home/strazi/RINS-kappa/workspace/install/dis_tutorial2/lib/python3.10/site-packages:${PYTHONPATH} /usr/bin/python3 -W ignore:setup.py install is deprecated -W ignore:easy_install command is deprecated setup.py egg_info --egg-base ../../build/dis_tutorial2 build --build-base /home/strazi/RINS-kappa/workspace/build/dis_tutorial2/build install --record /home/strazi/RINS-kappa/workspace/build/dis_tutorial2/install.log --single-version-externally-managed install_data
[1.754s] Level 1:colcon.colcon_core.environment:checking '/home/strazi/RINS-kappa/workspace/install/dis_tutorial2' for CMake module files
[1.755s] DEBUG:colcon.colcon_core.event_handler.log_command:Invoked command in '/home/strazi/RINS-kappa/workspace/src/dis_tutorial2' returned '0': PYTHONPATH=/home/strazi/RINS-kappa/workspace/build/dis_tutorial2/prefix_override:/usr/lib/python3/dist-packages/colcon_core/task/python/colcon_distutils_commands:/home/strazi/RINS-kappa/workspace/install/dis_tutorial2/lib/python3.10/site-packages:${PYTHONPATH} /usr/bin/python3 -W ignore:setup.py install is deprecated -W ignore:easy_install command is deprecated setup.py egg_info --egg-base ../../build/dis_tutorial2 build --build-base /home/strazi/RINS-kappa/workspace/build/dis_tutorial2/build install --record /home/strazi/RINS-kappa/workspace/build/dis_tutorial2/install.log --single-version-externally-managed install_data
[1.755s] Level 1:colcon.colcon_core.environment:checking '/home/strazi/RINS-kappa/workspace/install/dis_tutorial2' for CMake config files
[1.756s] Level 1:colcon.colcon_core.environment:checking '/home/strazi/RINS-kappa/workspace/install/dis_tutorial2/lib'
[1.756s] Level 1:colcon.colcon_core.environment:checking '/home/strazi/RINS-kappa/workspace/install/dis_tutorial2/bin'
[1.756s] Level 1:colcon.colcon_core.environment:checking '/home/strazi/RINS-kappa/workspace/install/dis_tutorial2/lib/pkgconfig/dis_tutorial2.pc'
[1.757s] Level 1:colcon.colcon_core.environment:checking '/home/strazi/RINS-kappa/workspace/install/dis_tutorial2/lib/python3.10/site-packages'
[1.757s] Level 1:colcon.colcon_core.shell:create_environment_hook('dis_tutorial2', 'pythonpath')
[1.757s] INFO:colcon.colcon_core.shell:Creating environment hook '/home/strazi/RINS-kappa/workspace/install/dis_tutorial2/share/dis_tutorial2/hook/pythonpath.ps1'
[1.758s] INFO:colcon.colcon_core.shell:Creating environment descriptor '/home/strazi/RINS-kappa/workspace/install/dis_tutorial2/share/dis_tutorial2/hook/pythonpath.dsv'
[1.759s] INFO:colcon.colcon_core.shell:Creating environment hook '/home/strazi/RINS-kappa/workspace/install/dis_tutorial2/share/dis_tutorial2/hook/pythonpath.sh'
[1.760s] Level 1:colcon.colcon_core.environment:checking '/home/strazi/RINS-kappa/workspace/install/dis_tutorial2/bin'
[1.760s] Level 1:colcon.colcon_core.environment:create_environment_scripts_only(dis_tutorial2)
[1.760s] INFO:colcon.colcon_core.shell:Creating package script '/home/strazi/RINS-kappa/workspace/install/dis_tutorial2/share/dis_tutorial2/package.ps1'
[1.761s] INFO:colcon.colcon_core.shell:Creating package descriptor '/home/strazi/RINS-kappa/workspace/install/dis_tutorial2/share/dis_tutorial2/package.dsv'
[1.761s] INFO:colcon.colcon_core.shell:Creating package script '/home/strazi/RINS-kappa/workspace/install/dis_tutorial2/share/dis_tutorial2/package.sh'
[1.762s] INFO:colcon.colcon_core.shell:Creating package script '/home/strazi/RINS-kappa/workspace/install/dis_tutorial2/share/dis_tutorial2/package.bash'
[1.762s] INFO:colcon.colcon_core.shell:Creating package script '/home/strazi/RINS-kappa/workspace/install/dis_tutorial2/share/dis_tutorial2/package.zsh'
[1.762s] Level 1:colcon.colcon_core.environment:create_file_with_runtime_dependencies(/home/strazi/RINS-kappa/workspace/install/dis_tutorial2/share/colcon-core/packages/dis_tutorial2)
[1.763s] DEBUG:colcon.colcon_parallel_executor.executor.parallel:closing loop
[1.763s] DEBUG:colcon.colcon_parallel_executor.executor.parallel:loop closed
[1.763s] DEBUG:colcon.colcon_parallel_executor.executor.parallel:run_until_complete finished with '0'
[1.763s] DEBUG:colcon.colcon_core.event_reactor:joining thread
[1.770s] INFO:colcon.colcon_core.plugin_system:Skipping extension 'colcon_notification.desktop_notification.terminal_notifier': Not used on non-Darwin systems
[1.770s] INFO:colcon.colcon_core.plugin_system:Skipping extension 'colcon_notification.desktop_notification.win32': Not used on non-Windows systems
[1.770s] INFO:colcon.colcon_notification.desktop_notification:Sending desktop notification using 'notify2'
[1.781s] DEBUG:colcon.colcon_core.event_reactor:joined thread
[1.781s] INFO:colcon.colcon_core.shell:Creating prefix script '/home/strazi/RINS-kappa/workspace/install/local_setup.ps1'
[1.782s] INFO:colcon.colcon_core.shell:Creating prefix util module '/home/strazi/RINS-kappa/workspace/install/_local_setup_util_ps1.py'
[1.784s] INFO:colcon.colcon_core.shell:Creating prefix chain script '/home/strazi/RINS-kappa/workspace/install/setup.ps1'
[1.786s] INFO:colcon.colcon_core.shell:Creating prefix script '/home/strazi/RINS-kappa/workspace/install/local_setup.sh'
[1.786s] INFO:colcon.colcon_core.shell:Creating prefix util module '/home/strazi/RINS-kappa/workspace/install/_local_setup_util_sh.py'
[1.787s] INFO:colcon.colcon_core.shell:Creating prefix chain script '/home/strazi/RINS-kappa/workspace/install/setup.sh'
[1.788s] INFO:colcon.colcon_core.shell:Creating prefix script '/home/strazi/RINS-kappa/workspace/install/local_setup.bash'
[1.789s] INFO:colcon.colcon_core.shell:Creating prefix chain script '/home/strazi/RINS-kappa/workspace/install/setup.bash'
[1.790s] INFO:colcon.colcon_core.shell:Creating prefix script '/home/strazi/RINS-kappa/workspace/install/local_setup.zsh'
[1.790s] INFO:colcon.colcon_core.shell:Creating prefix chain script '/home/strazi/RINS-kappa/workspace/install/setup.zsh'
