[0.132s] DEBUG:colcon:Command line arguments: ['/usr/bin/colcon', 'build', '--symlink-install']
[0.133s] DEBUG:colcon:Parsed command line arguments: Namespace(log_base=None, log_level=None, verb_name='build', build_base='build', install_base='install', merge_install=False, symlink_install=True, test_result_base=None, continue_on_error=False, executor='parallel', parallel_workers=8, event_handlers=None, ignore_user_meta=False, metas=['./colcon.meta'], base_paths=['.'], packages_ignore=None, packages_ignore_regex=None, paths=None, packages_up_to=None, packages_up_to_regex=None, packages_above=None, packages_above_and_dependencies=None, packages_above_depth=None, packages_select_by_dep=None, packages_skip_by_dep=None, packages_skip_up_to=None, packages_select_build_failed=False, packages_skip_build_finished=False, packages_select_test_failures=False, packages_skip_test_passed=False, packages_select=None, packages_skip=None, packages_select_regex=None, packages_skip_regex=None, packages_start=None, packages_end=None, allow_overriding=[], cmake_args=None, cmake_target=None, cmake_target_skip_unavailable=False, cmake_clean_cache=False, cmake_clean_first=False, cmake_force_configure=False, ament_cmake_args=None, catkin_cmake_args=None, catkin_skip_building_tests=False, verb_parser=<colcon_defaults.argument_parser.defaults.DefaultArgumentsDecorator object at 0x7f99692a3010>, verb_extension=<colcon_core.verb.build.BuildVerb object at 0x7f9969430400>, main=<bound method BuildVerb.main of <colcon_core.verb.build.BuildVerb object at 0x7f9969430400>>)
[0.283s] Level 1:colcon.colcon_core.package_discovery:discover_packages(colcon_meta) check parameters
[0.283s] Level 1:colcon.colcon_core.package_discovery:discover_packages(recursive) check parameters
[0.283s] Level 1:colcon.colcon_core.package_discovery:discover_packages(ignore) check parameters
[0.283s] Level 1:colcon.colcon_core.package_discovery:discover_packages(path) check parameters
[0.283s] Level 1:colcon.colcon_core.package_discovery:discover_packages(colcon_meta) discover
[0.284s] Level 1:colcon.colcon_core.package_discovery:discover_packages(recursive) discover
[0.284s] INFO:colcon.colcon_core.package_discovery:Crawling recursively for packages in '/home/strazi/FAKS/3.letnik/RINS/workspace'
[0.284s] Level 1:colcon.colcon_core.package_identification:_identify(.) by extensions ['ignore', 'ignore_ament_install']
[0.284s] Level 1:colcon.colcon_core.package_identification:_identify(.) by extension 'ignore'
[0.284s] Level 1:colcon.colcon_core.package_identification:_identify(.) by extension 'ignore_ament_install'
[0.284s] Level 1:colcon.colcon_core.package_identification:_identify(.) by extensions ['colcon_pkg']
[0.284s] Level 1:colcon.colcon_core.package_identification:_identify(.) by extension 'colcon_pkg'
[0.284s] Level 1:colcon.colcon_core.package_identification:_identify(.) by extensions ['colcon_meta']
[0.284s] Level 1:colcon.colcon_core.package_identification:_identify(.) by extension 'colcon_meta'
[0.284s] Level 1:colcon.colcon_core.package_identification:_identify(.) by extensions ['ros']
[0.284s] Level 1:colcon.colcon_core.package_identification:_identify(.) by extension 'ros'
[0.306s] Level 1:colcon.colcon_core.package_identification:_identify(.) by extensions ['cmake', 'python']
[0.306s] Level 1:colcon.colcon_core.package_identification:_identify(.) by extension 'cmake'
[0.306s] Level 1:colcon.colcon_core.package_identification:_identify(.) by extension 'python'
[0.307s] Level 1:colcon.colcon_core.package_identification:_identify(.) by extensions ['python_setup_py']
[0.307s] Level 1:colcon.colcon_core.package_identification:_identify(.) by extension 'python_setup_py'
[0.307s] Level 1:colcon.colcon_core.package_identification:_identify(build) by extensions ['ignore', 'ignore_ament_install']
[0.307s] Level 1:colcon.colcon_core.package_identification:_identify(build) by extension 'ignore'
[0.307s] Level 1:colcon.colcon_core.package_identification:_identify(build) ignored
[0.307s] Level 1:colcon.colcon_core.package_identification:_identify(install) by extensions ['ignore', 'ignore_ament_install']
[0.307s] Level 1:colcon.colcon_core.package_identification:_identify(install) by extension 'ignore'
[0.307s] Level 1:colcon.colcon_core.package_identification:_identify(install) ignored
[0.307s] Level 1:colcon.colcon_core.package_identification:_identify(log) by extensions ['ignore', 'ignore_ament_install']
[0.307s] Level 1:colcon.colcon_core.package_identification:_identify(log) by extension 'ignore'
[0.307s] Level 1:colcon.colcon_core.package_identification:_identify(log) ignored
[0.307s] Level 1:colcon.colcon_core.package_identification:_identify(src) by extensions ['ignore', 'ignore_ament_install']
[0.307s] Level 1:colcon.colcon_core.package_identification:_identify(src) by extension 'ignore'
[0.307s] Level 1:colcon.colcon_core.package_identification:_identify(src) by extension 'ignore_ament_install'
[0.307s] Level 1:colcon.colcon_core.package_identification:_identify(src) by extensions ['colcon_pkg']
[0.307s] Level 1:colcon.colcon_core.package_identification:_identify(src) by extension 'colcon_pkg'
[0.307s] Level 1:colcon.colcon_core.package_identification:_identify(src) by extensions ['colcon_meta']
[0.307s] Level 1:colcon.colcon_core.package_identification:_identify(src) by extension 'colcon_meta'
[0.307s] Level 1:colcon.colcon_core.package_identification:_identify(src) by extensions ['ros']
[0.307s] Level 1:colcon.colcon_core.package_identification:_identify(src) by extension 'ros'
[0.308s] Level 1:colcon.colcon_core.package_identification:_identify(src) by extensions ['cmake', 'python']
[0.308s] Level 1:colcon.colcon_core.package_identification:_identify(src) by extension 'cmake'
[0.308s] Level 1:colcon.colcon_core.package_identification:_identify(src) by extension 'python'
[0.308s] Level 1:colcon.colcon_core.package_identification:_identify(src) by extensions ['python_setup_py']
[0.308s] Level 1:colcon.colcon_core.package_identification:_identify(src) by extension 'python_setup_py'
[0.308s] Level 1:colcon.colcon_core.package_identification:_identify(src/dis_tutorial1) by extensions ['ignore', 'ignore_ament_install']
[0.308s] Level 1:colcon.colcon_core.package_identification:_identify(src/dis_tutorial1) by extension 'ignore'
[0.308s] Level 1:colcon.colcon_core.package_identification:_identify(src/dis_tutorial1) by extension 'ignore_ament_install'
[0.308s] Level 1:colcon.colcon_core.package_identification:_identify(src/dis_tutorial1) by extensions ['colcon_pkg']
[0.308s] Level 1:colcon.colcon_core.package_identification:_identify(src/dis_tutorial1) by extension 'colcon_pkg'
[0.308s] Level 1:colcon.colcon_core.package_identification:_identify(src/dis_tutorial1) by extensions ['colcon_meta']
[0.308s] Level 1:colcon.colcon_core.package_identification:_identify(src/dis_tutorial1) by extension 'colcon_meta'
[0.308s] Level 1:colcon.colcon_core.package_identification:_identify(src/dis_tutorial1) by extensions ['ros']
[0.308s] Level 1:colcon.colcon_core.package_identification:_identify(src/dis_tutorial1) by extension 'ros'
[0.310s] DEBUG:colcon.colcon_core.package_identification:Package 'src/dis_tutorial1' with type 'ros.ament_cmake' and name 'dis_tutorial1'
[0.310s] Level 1:colcon.colcon_core.package_identification:_identify(src/dis_tutorial2) by extensions ['ignore', 'ignore_ament_install']
[0.310s] Level 1:colcon.colcon_core.package_identification:_identify(src/dis_tutorial2) by extension 'ignore'
[0.310s] Level 1:colcon.colcon_core.package_identification:_identify(src/dis_tutorial2) by extension 'ignore_ament_install'
[0.310s] Level 1:colcon.colcon_core.package_identification:_identify(src/dis_tutorial2) by extensions ['colcon_pkg']
[0.310s] Level 1:colcon.colcon_core.package_identification:_identify(src/dis_tutorial2) by extension 'colcon_pkg'
[0.310s] Level 1:colcon.colcon_core.package_identification:_identify(src/dis_tutorial2) by extensions ['colcon_meta']
[0.310s] Level 1:colcon.colcon_core.package_identification:_identify(src/dis_tutorial2) by extension 'colcon_meta'
[0.310s] Level 1:colcon.colcon_core.package_identification:_identify(src/dis_tutorial2) by extensions ['ros']
[0.310s] Level 1:colcon.colcon_core.package_identification:_identify(src/dis_tutorial2) by extension 'ros'
[0.311s] DEBUG:colcon.colcon_core.package_identification:Package 'src/dis_tutorial2' with type 'ros.ament_python' and name 'dis_tutorial2'
[0.311s] Level 1:colcon.colcon_core.package_identification:_identify(src/launch) by extensions ['ignore', 'ignore_ament_install']
[0.311s] Level 1:colcon.colcon_core.package_identification:_identify(src/launch) by extension 'ignore'
[0.311s] Level 1:colcon.colcon_core.package_identification:_identify(src/launch) by extension 'ignore_ament_install'
[0.311s] Level 1:colcon.colcon_core.package_identification:_identify(src/launch) by extensions ['colcon_pkg']
[0.311s] Level 1:colcon.colcon_core.package_identification:_identify(src/launch) by extension 'colcon_pkg'
[0.311s] Level 1:colcon.colcon_core.package_identification:_identify(src/launch) by extensions ['colcon_meta']
[0.311s] Level 1:colcon.colcon_core.package_identification:_identify(src/launch) by extension 'colcon_meta'
[0.311s] Level 1:colcon.colcon_core.package_identification:_identify(src/launch) by extensions ['ros']
[0.311s] Level 1:colcon.colcon_core.package_identification:_identify(src/launch) by extension 'ros'
[0.311s] Level 1:colcon.colcon_core.package_identification:_identify(src/launch) by extensions ['cmake', 'python']
[0.311s] Level 1:colcon.colcon_core.package_identification:_identify(src/launch) by extension 'cmake'
[0.311s] Level 1:colcon.colcon_core.package_identification:_identify(src/launch) by extension 'python'
[0.311s] Level 1:colcon.colcon_core.package_identification:_identify(src/launch) by extensions ['python_setup_py']
[0.311s] Level 1:colcon.colcon_core.package_identification:_identify(src/launch) by extension 'python_setup_py'
[0.311s] Level 1:colcon.colcon_core.package_discovery:discover_packages(recursive) using defaults
[0.311s] Level 1:colcon.colcon_core.package_discovery:discover_packages(ignore) discover
[0.311s] Level 1:colcon.colcon_core.package_discovery:discover_packages(ignore) using defaults
[0.311s] Level 1:colcon.colcon_core.package_discovery:discover_packages(path) discover
[0.311s] Level 1:colcon.colcon_core.package_discovery:discover_packages(path) using defaults
[0.326s] Level 1:colcon.colcon_core.package_discovery:discover_packages(prefix_path) check parameters
[0.326s] Level 1:colcon.colcon_core.package_discovery:discover_packages(prefix_path) discover
[0.328s] DEBUG:colcon.colcon_installed_package_information.package_discovery:Found 2 installed packages in /home/strazi/FAKS/3.letnik/RINS/workspace/install
[0.328s] DEBUG:colcon.colcon_installed_package_information.package_discovery:Found 1 installed packages in /home/strazi/FAKS/3.letnik/RINS/dis_tutorial1/install
[0.329s] DEBUG:colcon.colcon_installed_package_information.package_discovery:Found 2 installed packages in /home/strazi/FAKS/3.letnik/RINS/poskus/install
[0.330s] DEBUG:colcon.colcon_installed_package_information.package_discovery:Found 423 installed packages in /opt/ros/humble
[0.331s] Level 1:colcon.colcon_core.package_discovery:discover_packages(prefix_path) using defaults
[0.367s] Level 5:colcon.colcon_core.verb:set package 'dis_tutorial1' build argument 'cmake_args' from command line to 'None'
[0.367s] Level 5:colcon.colcon_core.verb:set package 'dis_tutorial1' build argument 'cmake_target' from command line to 'None'
[0.367s] Level 5:colcon.colcon_core.verb:set package 'dis_tutorial1' build argument 'cmake_target_skip_unavailable' from command line to 'False'
[0.367s] Level 5:colcon.colcon_core.verb:set package 'dis_tutorial1' build argument 'cmake_clean_cache' from command line to 'False'
[0.367s] Level 5:colcon.colcon_core.verb:set package 'dis_tutorial1' build argument 'cmake_clean_first' from command line to 'False'
[0.367s] Level 5:colcon.colcon_core.verb:set package 'dis_tutorial1' build argument 'cmake_force_configure' from command line to 'False'
[0.367s] Level 5:colcon.colcon_core.verb:set package 'dis_tutorial1' build argument 'ament_cmake_args' from command line to 'None'
[0.367s] Level 5:colcon.colcon_core.verb:set package 'dis_tutorial1' build argument 'catkin_cmake_args' from command line to 'None'
[0.367s] Level 5:colcon.colcon_core.verb:set package 'dis_tutorial1' build argument 'catkin_skip_building_tests' from command line to 'False'
[0.367s] DEBUG:colcon.colcon_core.verb:Building package 'dis_tutorial1' with the following arguments: {'ament_cmake_args': None, 'build_base': '/home/strazi/FAKS/3.letnik/RINS/workspace/build/dis_tutorial1', 'catkin_cmake_args': None, 'catkin_skip_building_tests': False, 'cmake_args': None, 'cmake_clean_cache': False, 'cmake_clean_first': False, 'cmake_force_configure': False, 'cmake_target': None, 'cmake_target_skip_unavailable': False, 'install_base': '/home/strazi/FAKS/3.letnik/RINS/workspace/install/dis_tutorial1', 'merge_install': False, 'path': '/home/strazi/FAKS/3.letnik/RINS/workspace/src/dis_tutorial1', 'symlink_install': True, 'test_result_base': None}
[0.368s] Level 5:colcon.colcon_core.verb:set package 'dis_tutorial2' build argument 'cmake_args' from command line to 'None'
[0.368s] Level 5:colcon.colcon_core.verb:set package 'dis_tutorial2' build argument 'cmake_target' from command line to 'None'
[0.368s] Level 5:colcon.colcon_core.verb:set package 'dis_tutorial2' build argument 'cmake_target_skip_unavailable' from command line to 'False'
[0.368s] Level 5:colcon.colcon_core.verb:set package 'dis_tutorial2' build argument 'cmake_clean_cache' from command line to 'False'
[0.368s] Level 5:colcon.colcon_core.verb:set package 'dis_tutorial2' build argument 'cmake_clean_first' from command line to 'False'
[0.368s] Level 5:colcon.colcon_core.verb:set package 'dis_tutorial2' build argument 'cmake_force_configure' from command line to 'False'
[0.368s] Level 5:colcon.colcon_core.verb:set package 'dis_tutorial2' build argument 'ament_cmake_args' from command line to 'None'
[0.368s] Level 5:colcon.colcon_core.verb:set package 'dis_tutorial2' build argument 'catkin_cmake_args' from command line to 'None'
[0.368s] Level 5:colcon.colcon_core.verb:set package 'dis_tutorial2' build argument 'catkin_skip_building_tests' from command line to 'False'
[0.368s] DEBUG:colcon.colcon_core.verb:Building package 'dis_tutorial2' with the following arguments: {'ament_cmake_args': None, 'build_base': '/home/strazi/FAKS/3.letnik/RINS/workspace/build/dis_tutorial2', 'catkin_cmake_args': None, 'catkin_skip_building_tests': False, 'cmake_args': None, 'cmake_clean_cache': False, 'cmake_clean_first': False, 'cmake_force_configure': False, 'cmake_target': None, 'cmake_target_skip_unavailable': False, 'install_base': '/home/strazi/FAKS/3.letnik/RINS/workspace/install/dis_tutorial2', 'merge_install': False, 'path': '/home/strazi/FAKS/3.letnik/RINS/workspace/src/dis_tutorial2', 'symlink_install': True, 'test_result_base': None}
[0.368s] INFO:colcon.colcon_core.executor:Executing jobs using 'parallel' executor
[0.369s] DEBUG:colcon.colcon_parallel_executor.executor.parallel:run_until_complete
[0.369s] INFO:colcon.colcon_ros.task.ament_cmake.build:Building ROS package in '/home/strazi/FAKS/3.letnik/RINS/workspace/src/dis_tutorial1' with build type 'ament_cmake'
[0.369s] INFO:colcon.colcon_cmake.task.cmake.build:Building CMake package in '/home/strazi/FAKS/3.letnik/RINS/workspace/src/dis_tutorial1'
[0.372s] INFO:colcon.colcon_core.plugin_system:Skipping extension 'colcon_core.shell.bat': Not used on non-Windows systems
[0.372s] INFO:colcon.colcon_core.shell:Skip shell extension 'powershell' for command environment: Not usable outside of PowerShell
[0.373s] DEBUG:colcon.colcon_core.shell:Skip shell extension 'dsv' for command environment
[0.376s] INFO:colcon.colcon_ros.task.ament_python.build:Building ROS package in '/home/strazi/FAKS/3.letnik/RINS/workspace/src/dis_tutorial2' with build type 'ament_python'
[0.377s] Level 1:colcon.colcon_core.shell:create_environment_hook('dis_tutorial2', 'ament_prefix_path')
[0.377s] INFO:colcon.colcon_core.shell:Creating environment hook '/home/strazi/FAKS/3.letnik/RINS/workspace/install/dis_tutorial2/share/dis_tutorial2/hook/ament_prefix_path.ps1'
[0.378s] INFO:colcon.colcon_core.shell:Creating environment descriptor '/home/strazi/FAKS/3.letnik/RINS/workspace/install/dis_tutorial2/share/dis_tutorial2/hook/ament_prefix_path.dsv'
[0.378s] INFO:colcon.colcon_core.shell:Creating environment hook '/home/strazi/FAKS/3.letnik/RINS/workspace/install/dis_tutorial2/share/dis_tutorial2/hook/ament_prefix_path.sh'
[0.379s] INFO:colcon.colcon_core.shell:Skip shell extension 'powershell' for command environment: Not usable outside of PowerShell
[0.379s] DEBUG:colcon.colcon_core.shell:Skip shell extension 'dsv' for command environment
[0.387s] DEBUG:colcon.colcon_core.event_handler.log_command:Invoking command in '/home/strazi/FAKS/3.letnik/RINS/workspace/build/dis_tutorial1': CMAKE_PREFIX_PATH=${CMAKE_PREFIX_PATH}:/home/strazi/FAKS/3.letnik/RINS/poskus/install/second_package:/home/strazi/FAKS/3.letnik/RINS/poskus/install/first_package:/home/strazi/FAKS/3.letnik/RINS/workspace/install/dis_tutorial2:/opt/ros/humble /usr/bin/cmake --build /home/strazi/FAKS/3.letnik/RINS/workspace/build/dis_tutorial1 -- -j8 -l8
[0.669s] INFO:colcon.colcon_core.task.python.build:Building Python package in '/home/strazi/FAKS/3.letnik/RINS/workspace/src/dis_tutorial2'
[0.670s] INFO:colcon.colcon_core.shell:Skip shell extension 'powershell' for command environment: Not usable outside of PowerShell
[0.670s] DEBUG:colcon.colcon_core.shell:Skip shell extension 'dsv' for command environment
[0.741s] DEBUG:colcon.colcon_core.event_handler.log_command:Invoked command in '/home/strazi/FAKS/3.letnik/RINS/workspace/build/dis_tutorial1' returned '0': CMAKE_PREFIX_PATH=${CMAKE_PREFIX_PATH}:/home/strazi/FAKS/3.letnik/RINS/poskus/install/second_package:/home/strazi/FAKS/3.letnik/RINS/poskus/install/first_package:/home/strazi/FAKS/3.letnik/RINS/workspace/install/dis_tutorial2:/opt/ros/humble /usr/bin/cmake --build /home/strazi/FAKS/3.letnik/RINS/workspace/build/dis_tutorial1 -- -j8 -l8
[0.751s] DEBUG:colcon.colcon_core.event_handler.log_command:Invoking command in '/home/strazi/FAKS/3.letnik/RINS/workspace/build/dis_tutorial1': CMAKE_PREFIX_PATH=${CMAKE_PREFIX_PATH}:/home/strazi/FAKS/3.letnik/RINS/poskus/install/second_package:/home/strazi/FAKS/3.letnik/RINS/poskus/install/first_package:/home/strazi/FAKS/3.letnik/RINS/workspace/install/dis_tutorial2:/opt/ros/humble /usr/bin/cmake --install /home/strazi/FAKS/3.letnik/RINS/workspace/build/dis_tutorial1
[0.818s] Level 1:colcon.colcon_core.environment:create_environment_scripts_only(dis_tutorial1)
[0.819s] DEBUG:colcon.colcon_core.event_handler.log_command:Invoked command in '/home/strazi/FAKS/3.letnik/RINS/workspace/build/dis_tutorial1' returned '0': CMAKE_PREFIX_PATH=${CMAKE_PREFIX_PATH}:/home/strazi/FAKS/3.letnik/RINS/poskus/install/second_package:/home/strazi/FAKS/3.letnik/RINS/poskus/install/first_package:/home/strazi/FAKS/3.letnik/RINS/workspace/install/dis_tutorial2:/opt/ros/humble /usr/bin/cmake --install /home/strazi/FAKS/3.letnik/RINS/workspace/build/dis_tutorial1
[0.820s] Level 1:colcon.colcon_core.environment:checking '/home/strazi/FAKS/3.letnik/RINS/workspace/install/dis_tutorial1' for CMake module files
[0.821s] Level 1:colcon.colcon_core.environment:checking '/home/strazi/FAKS/3.letnik/RINS/workspace/install/dis_tutorial1' for CMake config files
[0.821s] Level 1:colcon.colcon_core.shell:create_environment_hook('dis_tutorial1', 'cmake_prefix_path')
[0.821s] INFO:colcon.colcon_core.shell:Creating environment hook '/home/strazi/FAKS/3.letnik/RINS/workspace/install/dis_tutorial1/share/dis_tutorial1/hook/cmake_prefix_path.ps1'
[0.822s] INFO:colcon.colcon_core.shell:Creating environment descriptor '/home/strazi/FAKS/3.letnik/RINS/workspace/install/dis_tutorial1/share/dis_tutorial1/hook/cmake_prefix_path.dsv'
[0.822s] INFO:colcon.colcon_core.shell:Creating environment hook '/home/strazi/FAKS/3.letnik/RINS/workspace/install/dis_tutorial1/share/dis_tutorial1/hook/cmake_prefix_path.sh'
[0.823s] Level 1:colcon.colcon_core.environment:checking '/home/strazi/FAKS/3.letnik/RINS/workspace/install/dis_tutorial1/lib'
[0.823s] Level 1:colcon.colcon_core.shell:create_environment_hook('dis_tutorial1', 'ld_library_path_lib')
[0.823s] INFO:colcon.colcon_core.shell:Creating environment hook '/home/strazi/FAKS/3.letnik/RINS/workspace/install/dis_tutorial1/share/dis_tutorial1/hook/ld_library_path_lib.ps1'
[0.824s] INFO:colcon.colcon_core.shell:Creating environment descriptor '/home/strazi/FAKS/3.letnik/RINS/workspace/install/dis_tutorial1/share/dis_tutorial1/hook/ld_library_path_lib.dsv'
[0.824s] INFO:colcon.colcon_core.shell:Creating environment hook '/home/strazi/FAKS/3.letnik/RINS/workspace/install/dis_tutorial1/share/dis_tutorial1/hook/ld_library_path_lib.sh'
[0.824s] Level 1:colcon.colcon_core.environment:checking '/home/strazi/FAKS/3.letnik/RINS/workspace/install/dis_tutorial1/bin'
[0.824s] Level 1:colcon.colcon_core.environment:checking '/home/strazi/FAKS/3.letnik/RINS/workspace/install/dis_tutorial1/lib/pkgconfig/dis_tutorial1.pc'
[0.824s] Level 1:colcon.colcon_core.environment:checking '/home/strazi/FAKS/3.letnik/RINS/workspace/install/dis_tutorial1/lib/python3.10/site-packages'
[0.825s] Level 1:colcon.colcon_core.environment:checking '/home/strazi/FAKS/3.letnik/RINS/workspace/install/dis_tutorial1/bin'
[0.825s] INFO:colcon.colcon_core.shell:Creating package script '/home/strazi/FAKS/3.letnik/RINS/workspace/install/dis_tutorial1/share/dis_tutorial1/package.ps1'
[0.826s] INFO:colcon.colcon_core.shell:Creating package descriptor '/home/strazi/FAKS/3.letnik/RINS/workspace/install/dis_tutorial1/share/dis_tutorial1/package.dsv'
[0.827s] INFO:colcon.colcon_core.shell:Creating package script '/home/strazi/FAKS/3.letnik/RINS/workspace/install/dis_tutorial1/share/dis_tutorial1/package.sh'
[0.828s] INFO:colcon.colcon_core.shell:Creating package script '/home/strazi/FAKS/3.letnik/RINS/workspace/install/dis_tutorial1/share/dis_tutorial1/package.bash'
[0.828s] INFO:colcon.colcon_core.shell:Creating package script '/home/strazi/FAKS/3.letnik/RINS/workspace/install/dis_tutorial1/share/dis_tutorial1/package.zsh'
[0.829s] Level 1:colcon.colcon_core.environment:create_file_with_runtime_dependencies(/home/strazi/FAKS/3.letnik/RINS/workspace/install/dis_tutorial1/share/colcon-core/packages/dis_tutorial1)
[0.829s] Level 1:colcon.colcon_core.environment:create_environment_scripts_only(dis_tutorial1)
[0.830s] Level 1:colcon.colcon_core.environment:checking '/home/strazi/FAKS/3.letnik/RINS/workspace/install/dis_tutorial1' for CMake module files
[0.830s] Level 1:colcon.colcon_core.environment:checking '/home/strazi/FAKS/3.letnik/RINS/workspace/install/dis_tutorial1' for CMake config files
[0.830s] Level 1:colcon.colcon_core.shell:create_environment_hook('dis_tutorial1', 'cmake_prefix_path')
[0.831s] INFO:colcon.colcon_core.shell:Creating environment hook '/home/strazi/FAKS/3.letnik/RINS/workspace/install/dis_tutorial1/share/dis_tutorial1/hook/cmake_prefix_path.ps1'
[0.831s] INFO:colcon.colcon_core.shell:Creating environment descriptor '/home/strazi/FAKS/3.letnik/RINS/workspace/install/dis_tutorial1/share/dis_tutorial1/hook/cmake_prefix_path.dsv'
[0.831s] INFO:colcon.colcon_core.shell:Creating environment hook '/home/strazi/FAKS/3.letnik/RINS/workspace/install/dis_tutorial1/share/dis_tutorial1/hook/cmake_prefix_path.sh'
[0.832s] Level 1:colcon.colcon_core.environment:checking '/home/strazi/FAKS/3.letnik/RINS/workspace/install/dis_tutorial1/lib'
[0.832s] Level 1:colcon.colcon_core.shell:create_environment_hook('dis_tutorial1', 'ld_library_path_lib')
[0.832s] INFO:colcon.colcon_core.shell:Creating environment hook '/home/strazi/FAKS/3.letnik/RINS/workspace/install/dis_tutorial1/share/dis_tutorial1/hook/ld_library_path_lib.ps1'
[0.832s] INFO:colcon.colcon_core.shell:Creating environment descriptor '/home/strazi/FAKS/3.letnik/RINS/workspace/install/dis_tutorial1/share/dis_tutorial1/hook/ld_library_path_lib.dsv'
[0.833s] INFO:colcon.colcon_core.shell:Creating environment hook '/home/strazi/FAKS/3.letnik/RINS/workspace/install/dis_tutorial1/share/dis_tutorial1/hook/ld_library_path_lib.sh'
[0.833s] Level 1:colcon.colcon_core.environment:checking '/home/strazi/FAKS/3.letnik/RINS/workspace/install/dis_tutorial1/bin'
[0.833s] Level 1:colcon.colcon_core.environment:checking '/home/strazi/FAKS/3.letnik/RINS/workspace/install/dis_tutorial1/lib/pkgconfig/dis_tutorial1.pc'
[0.833s] Level 1:colcon.colcon_core.environment:checking '/home/strazi/FAKS/3.letnik/RINS/workspace/install/dis_tutorial1/lib/python3.10/site-packages'
[0.833s] Level 1:colcon.colcon_core.environment:checking '/home/strazi/FAKS/3.letnik/RINS/workspace/install/dis_tutorial1/bin'
[0.833s] INFO:colcon.colcon_core.shell:Creating package script '/home/strazi/FAKS/3.letnik/RINS/workspace/install/dis_tutorial1/share/dis_tutorial1/package.ps1'
[0.834s] INFO:colcon.colcon_core.shell:Creating package descriptor '/home/strazi/FAKS/3.letnik/RINS/workspace/install/dis_tutorial1/share/dis_tutorial1/package.dsv'
[0.834s] INFO:colcon.colcon_core.shell:Creating package script '/home/strazi/FAKS/3.letnik/RINS/workspace/install/dis_tutorial1/share/dis_tutorial1/package.sh'
[0.835s] INFO:colcon.colcon_core.shell:Creating package script '/home/strazi/FAKS/3.letnik/RINS/workspace/install/dis_tutorial1/share/dis_tutorial1/package.bash'
[0.835s] INFO:colcon.colcon_core.shell:Creating package script '/home/strazi/FAKS/3.letnik/RINS/workspace/install/dis_tutorial1/share/dis_tutorial1/package.zsh'
[0.835s] Level 1:colcon.colcon_core.environment:create_file_with_runtime_dependencies(/home/strazi/FAKS/3.letnik/RINS/workspace/install/dis_tutorial1/share/colcon-core/packages/dis_tutorial1)
[0.997s] DEBUG:colcon.colcon_core.event_handler.log_command:Invoking command in '/home/strazi/FAKS/3.letnik/RINS/workspace/build/dis_tutorial2': PYTHONPATH=/home/strazi/FAKS/3.letnik/RINS/workspace/build/dis_tutorial2/prefix_override:/usr/lib/python3/dist-packages/colcon_core/task/python/colcon_distutils_commands:/home/strazi/FAKS/3.letnik/RINS/workspace/install/dis_tutorial2/lib/python3.10/site-packages:${PYTHONPATH} /usr/bin/python3 -W ignore:setup.py install is deprecated -W ignore:easy_install command is deprecated setup.py develop --editable --build-directory /home/strazi/FAKS/3.letnik/RINS/workspace/build/dis_tutorial2/build --no-deps symlink_data
[1.630s] Level 1:colcon.colcon_core.shell:create_environment_hook('dis_tutorial2', 'pythonpath_develop')
[1.631s] INFO:colcon.colcon_core.shell:Creating environment hook '/home/strazi/FAKS/3.letnik/RINS/workspace/build/dis_tutorial2/share/dis_tutorial2/hook/pythonpath_develop.ps1'
[1.631s] DEBUG:colcon.colcon_core.event_handler.log_command:Invoked command in '/home/strazi/FAKS/3.letnik/RINS/workspace/build/dis_tutorial2' returned '0': PYTHONPATH=/home/strazi/FAKS/3.letnik/RINS/workspace/build/dis_tutorial2/prefix_override:/usr/lib/python3/dist-packages/colcon_core/task/python/colcon_distutils_commands:/home/strazi/FAKS/3.letnik/RINS/workspace/install/dis_tutorial2/lib/python3.10/site-packages:${PYTHONPATH} /usr/bin/python3 -W ignore:setup.py install is deprecated -W ignore:easy_install command is deprecated setup.py develop --editable --build-directory /home/strazi/FAKS/3.letnik/RINS/workspace/build/dis_tutorial2/build --no-deps symlink_data
[1.632s] INFO:colcon.colcon_core.shell:Creating environment descriptor '/home/strazi/FAKS/3.letnik/RINS/workspace/build/dis_tutorial2/share/dis_tutorial2/hook/pythonpath_develop.dsv'
[1.632s] INFO:colcon.colcon_core.shell:Creating environment hook '/home/strazi/FAKS/3.letnik/RINS/workspace/build/dis_tutorial2/share/dis_tutorial2/hook/pythonpath_develop.sh'
[1.633s] Level 1:colcon.colcon_core.environment:checking '/home/strazi/FAKS/3.letnik/RINS/workspace/install/dis_tutorial2' for CMake module files
[1.633s] Level 1:colcon.colcon_core.environment:checking '/home/strazi/FAKS/3.letnik/RINS/workspace/install/dis_tutorial2' for CMake config files
[1.634s] Level 1:colcon.colcon_core.environment:checking '/home/strazi/FAKS/3.letnik/RINS/workspace/install/dis_tutorial2/lib'
[1.634s] Level 1:colcon.colcon_core.environment:checking '/home/strazi/FAKS/3.letnik/RINS/workspace/install/dis_tutorial2/bin'
[1.634s] Level 1:colcon.colcon_core.environment:checking '/home/strazi/FAKS/3.letnik/RINS/workspace/install/dis_tutorial2/lib/pkgconfig/dis_tutorial2.pc'
[1.634s] Level 1:colcon.colcon_core.environment:checking '/home/strazi/FAKS/3.letnik/RINS/workspace/install/dis_tutorial2/lib/python3.10/site-packages'
[1.634s] Level 1:colcon.colcon_core.shell:create_environment_hook('dis_tutorial2', 'pythonpath')
[1.634s] INFO:colcon.colcon_core.shell:Creating environment hook '/home/strazi/FAKS/3.letnik/RINS/workspace/install/dis_tutorial2/share/dis_tutorial2/hook/pythonpath.ps1'
[1.635s] INFO:colcon.colcon_core.shell:Creating environment descriptor '/home/strazi/FAKS/3.letnik/RINS/workspace/install/dis_tutorial2/share/dis_tutorial2/hook/pythonpath.dsv'
[1.635s] INFO:colcon.colcon_core.shell:Creating environment hook '/home/strazi/FAKS/3.letnik/RINS/workspace/install/dis_tutorial2/share/dis_tutorial2/hook/pythonpath.sh'
[1.636s] Level 1:colcon.colcon_core.environment:checking '/home/strazi/FAKS/3.letnik/RINS/workspace/install/dis_tutorial2/bin'
[1.636s] Level 1:colcon.colcon_core.environment:create_environment_scripts_only(dis_tutorial2)
[1.636s] INFO:colcon.colcon_core.shell:Creating package script '/home/strazi/FAKS/3.letnik/RINS/workspace/install/dis_tutorial2/share/dis_tutorial2/package.ps1'
[1.637s] INFO:colcon.colcon_core.shell:Creating package descriptor '/home/strazi/FAKS/3.letnik/RINS/workspace/install/dis_tutorial2/share/dis_tutorial2/package.dsv'
[1.637s] INFO:colcon.colcon_core.shell:Creating package script '/home/strazi/FAKS/3.letnik/RINS/workspace/install/dis_tutorial2/share/dis_tutorial2/package.sh'
[1.638s] INFO:colcon.colcon_core.shell:Creating package script '/home/strazi/FAKS/3.letnik/RINS/workspace/install/dis_tutorial2/share/dis_tutorial2/package.bash'
[1.638s] INFO:colcon.colcon_core.shell:Creating package script '/home/strazi/FAKS/3.letnik/RINS/workspace/install/dis_tutorial2/share/dis_tutorial2/package.zsh'
[1.639s] Level 1:colcon.colcon_core.environment:create_file_with_runtime_dependencies(/home/strazi/FAKS/3.letnik/RINS/workspace/install/dis_tutorial2/share/colcon-core/packages/dis_tutorial2)
[1.639s] DEBUG:colcon.colcon_parallel_executor.executor.parallel:closing loop
[1.640s] DEBUG:colcon.colcon_parallel_executor.executor.parallel:loop closed
[1.640s] DEBUG:colcon.colcon_parallel_executor.executor.parallel:run_until_complete finished with '0'
[1.640s] DEBUG:colcon.colcon_core.event_reactor:joining thread
[1.670s] INFO:colcon.colcon_core.plugin_system:Skipping extension 'colcon_notification.desktop_notification.notify_send': Could not find 'notify-send'
[1.670s] INFO:colcon.colcon_core.plugin_system:Skipping extension 'colcon_notification.desktop_notification.terminal_notifier': Not used on non-Darwin systems
[1.670s] INFO:colcon.colcon_core.plugin_system:Skipping extension 'colcon_notification.desktop_notification.win32': Not used on non-Windows systems
[1.670s] INFO:colcon.colcon_notification.desktop_notification:Sending desktop notification using 'notify2'
[1.677s] DEBUG:colcon.colcon_notification.desktop_notification.notify2:Failed to initialize notify2: org.freedesktop.DBus.Error.ServiceUnknown: The name org.freedesktop.Notifications was not provided by any .service files
[1.678s] DEBUG:colcon.colcon_core.event_reactor:joined thread
[1.678s] INFO:colcon.colcon_core.shell:Creating prefix script '/home/strazi/FAKS/3.letnik/RINS/workspace/install/local_setup.ps1'
[1.680s] INFO:colcon.colcon_core.shell:Creating prefix util module '/home/strazi/FAKS/3.letnik/RINS/workspace/install/_local_setup_util_ps1.py'
[1.682s] INFO:colcon.colcon_core.shell:Creating prefix chain script '/home/strazi/FAKS/3.letnik/RINS/workspace/install/setup.ps1'
[1.683s] INFO:colcon.colcon_core.shell:Creating prefix script '/home/strazi/FAKS/3.letnik/RINS/workspace/install/local_setup.sh'
[1.684s] INFO:colcon.colcon_core.shell:Creating prefix util module '/home/strazi/FAKS/3.letnik/RINS/workspace/install/_local_setup_util_sh.py'
[1.684s] INFO:colcon.colcon_core.shell:Creating prefix chain script '/home/strazi/FAKS/3.letnik/RINS/workspace/install/setup.sh'
[1.686s] INFO:colcon.colcon_core.shell:Creating prefix script '/home/strazi/FAKS/3.letnik/RINS/workspace/install/local_setup.bash'
[1.686s] INFO:colcon.colcon_core.shell:Creating prefix chain script '/home/strazi/FAKS/3.letnik/RINS/workspace/install/setup.bash'
[1.687s] INFO:colcon.colcon_core.shell:Creating prefix script '/home/strazi/FAKS/3.letnik/RINS/workspace/install/local_setup.zsh'
[1.688s] INFO:colcon.colcon_core.shell:Creating prefix chain script '/home/strazi/FAKS/3.letnik/RINS/workspace/install/setup.zsh'
