[0.195s] Invoking command in '/home/thelegend442/faxic/RINS-kappa/workspace/build/dis_tutorial3': CMAKE_PREFIX_PATH=${CMAKE_PREFIX_PATH}:/home/thelegend442/faxic/RINS-kappa/workspace/install/dis_tutorial2:/opt/ros/humble /usr/bin/cmake /home/thelegend442/faxic/RINS-kappa/workspace/src/dis_tutorial3 -DCMAKE_INSTALL_PREFIX=/home/thelegend442/faxic/RINS-kappa/workspace/install/dis_tutorial3
[0.247s] -- The C compiler identification is GNU 11.4.0
[0.298s] -- The CXX compiler identification is GNU 11.4.0
[0.304s] -- Detecting C compiler ABI info
[0.382s] -- Detecting C compiler ABI info - done
[0.389s] -- Check for working C compiler: /usr/bin/cc - skipped
[0.389s] -- Detecting C compile features
[0.390s] -- Detecting C compile features - done
[0.392s] -- Detecting CXX compiler ABI info
[0.485s] -- Detecting CXX compiler ABI info - done
[0.492s] -- Check for working CXX compiler: /usr/bin/c++ - skipped
[0.492s] -- Detecting CXX compile features
[0.492s] -- Detecting CXX compile features - done
[0.496s] -- Found ament_cmake: 1.3.11 (/opt/ros/humble/share/ament_cmake/cmake)
[1.181s] -- Found Python3: /usr/bin/python3 (found version "3.10.12") found components: Interpreter 
[1.346s] -- Found rclcpp: 16.0.11 (/opt/ros/humble/share/rclcpp/cmake)
[1.399s] -- Found rosidl_generator_c: 3.1.6 (/opt/ros/humble/share/rosidl_generator_c/cmake)
[1.409s] -- Found rosidl_adapter: 3.1.6 (/opt/ros/humble/share/rosidl_adapter/cmake)
[1.417s] -- Found rosidl_generator_cpp: 3.1.6 (/opt/ros/humble/share/rosidl_generator_cpp/cmake)
[1.432s] -- Using all available rosidl_typesupport_c: rosidl_typesupport_fastrtps_c;rosidl_typesupport_introspection_c
[1.451s] -- Using all available rosidl_typesupport_cpp: rosidl_typesupport_fastrtps_cpp;rosidl_typesupport_introspection_cpp
[1.508s] -- Found rmw_implementation_cmake: 6.1.2 (/opt/ros/humble/share/rmw_implementation_cmake/cmake)
[1.512s] -- Found rmw_fastrtps_cpp: 6.2.7 (/opt/ros/humble/share/rmw_fastrtps_cpp/cmake)
[1.649s] -- Found OpenSSL: /usr/lib/x86_64-linux-gnu/libcrypto.so (found version "3.0.2")  
[1.701s] -- Found FastRTPS: /opt/ros/humble/include  
[1.763s] -- Using RMW implementation 'rmw_fastrtps_cpp' as default
[1.778s] -- Looking for pthread.h
[1.900s] -- Looking for pthread.h - found
[1.900s] -- Performing Test CMAKE_HAVE_LIBC_PTHREAD
[2.015s] -- Performing Test CMAKE_HAVE_LIBC_PTHREAD - Success
[2.016s] -- Found Threads: TRUE  
[2.081s] -- Found rclpy: 3.3.15 (/opt/ros/humble/share/rclpy/cmake)
[2.083s] -- Found std_srvs: 4.2.4 (/opt/ros/humble/share/std_srvs/cmake)
[2.186s] -- Configuring done
[2.196s] -- Generating done
[2.198s] -- Build files have been written to: /home/thelegend442/faxic/RINS-kappa/workspace/build/dis_tutorial3
[2.214s] Invoked command in '/home/thelegend442/faxic/RINS-kappa/workspace/build/dis_tutorial3' returned '0': CMAKE_PREFIX_PATH=${CMAKE_PREFIX_PATH}:/home/thelegend442/faxic/RINS-kappa/workspace/install/dis_tutorial2:/opt/ros/humble /usr/bin/cmake /home/thelegend442/faxic/RINS-kappa/workspace/src/dis_tutorial3 -DCMAKE_INSTALL_PREFIX=/home/thelegend442/faxic/RINS-kappa/workspace/install/dis_tutorial3
[2.216s] Invoking command in '/home/thelegend442/faxic/RINS-kappa/workspace/build/dis_tutorial3': CMAKE_PREFIX_PATH=${CMAKE_PREFIX_PATH}:/home/thelegend442/faxic/RINS-kappa/workspace/install/dis_tutorial2:/opt/ros/humble /usr/bin/cmake --build /home/thelegend442/faxic/RINS-kappa/workspace/build/dis_tutorial3 -- -j16 -l16
[2.283s] Invoked command in '/home/thelegend442/faxic/RINS-kappa/workspace/build/dis_tutorial3' returned '0': CMAKE_PREFIX_PATH=${CMAKE_PREFIX_PATH}:/home/thelegend442/faxic/RINS-kappa/workspace/install/dis_tutorial2:/opt/ros/humble /usr/bin/cmake --build /home/thelegend442/faxic/RINS-kappa/workspace/build/dis_tutorial3 -- -j16 -l16
[2.301s] Invoking command in '/home/thelegend442/faxic/RINS-kappa/workspace/build/dis_tutorial3': CMAKE_PREFIX_PATH=${CMAKE_PREFIX_PATH}:/home/thelegend442/faxic/RINS-kappa/workspace/install/dis_tutorial2:/opt/ros/humble /usr/bin/cmake --install /home/thelegend442/faxic/RINS-kappa/workspace/build/dis_tutorial3
[2.316s] -- Install configuration: ""
[2.316s] -- Installing: /home/thelegend442/faxic/RINS-kappa/workspace/install/dis_tutorial3/share/dis_tutorial3//launch
[2.316s] -- Installing: /home/thelegend442/faxic/RINS-kappa/workspace/install/dis_tutorial3/share/dis_tutorial3//launch/dis_sim.launch.py
[2.316s] -- Installing: /home/thelegend442/faxic/RINS-kappa/workspace/install/dis_tutorial3/share/dis_tutorial3//launch/nav2.launch.py
[2.316s] -- Installing: /home/thelegend442/faxic/RINS-kappa/workspace/install/dis_tutorial3/share/dis_tutorial3//launch/sim_turtlebot_slam.launch.py
[2.316s] -- Installing: /home/thelegend442/faxic/RINS-kappa/workspace/install/dis_tutorial3/share/dis_tutorial3//launch/slam.launch.py
[2.316s] -- Installing: /home/thelegend442/faxic/RINS-kappa/workspace/install/dis_tutorial3/share/dis_tutorial3//launch/create3_nodes.launch.py
[2.316s] -- Installing: /home/thelegend442/faxic/RINS-kappa/workspace/install/dis_tutorial3/share/dis_tutorial3//launch/ignition.launch.py
[2.317s] -- Installing: /home/thelegend442/faxic/RINS-kappa/workspace/install/dis_tutorial3/share/dis_tutorial3//launch/turtlebot4_spawn.launch.py
[2.317s] -- Installing: /home/thelegend442/faxic/RINS-kappa/workspace/install/dis_tutorial3/share/dis_tutorial3//launch/sim_turtlebot_nav.launch.py
[2.317s] -- Installing: /home/thelegend442/faxic/RINS-kappa/workspace/install/dis_tutorial3/share/dis_tutorial3//launch/turtlebot4_spawn_nav.launch.py
[2.317s] -- Installing: /home/thelegend442/faxic/RINS-kappa/workspace/install/dis_tutorial3/share/dis_tutorial3//launch/localization.launch.py
[2.317s] -- Installing: /home/thelegend442/faxic/RINS-kappa/workspace/install/dis_tutorial3/share/dis_tutorial3//config
[2.317s] -- Installing: /home/thelegend442/faxic/RINS-kappa/workspace/install/dis_tutorial3/share/dis_tutorial3//config/laser_filter_chain.yaml
[2.317s] -- Installing: /home/thelegend442/faxic/RINS-kappa/workspace/install/dis_tutorial3/share/dis_tutorial3//config/nav2.yaml
[2.317s] -- Installing: /home/thelegend442/faxic/RINS-kappa/workspace/install/dis_tutorial3/share/dis_tutorial3//config/slam.yaml
[2.318s] -- Installing: /home/thelegend442/faxic/RINS-kappa/workspace/install/dis_tutorial3/share/dis_tutorial3//config/localization.yaml
[2.318s] -- Installing: /home/thelegend442/faxic/RINS-kappa/workspace/install/dis_tutorial3/share/dis_tutorial3//worlds
[2.318s] -- Installing: /home/thelegend442/faxic/RINS-kappa/workspace/install/dis_tutorial3/share/dis_tutorial3//worlds/task2_demo1.sdf
[2.318s] -- Installing: /home/thelegend442/faxic/RINS-kappa/workspace/install/dis_tutorial3/share/dis_tutorial3//worlds/demo1.sdf
[2.318s] -- Installing: /home/thelegend442/faxic/RINS-kappa/workspace/install/dis_tutorial3/share/dis_tutorial3//worlds/task3_meshes
[2.318s] -- Installing: /home/thelegend442/faxic/RINS-kappa/workspace/install/dis_tutorial3/share/dis_tutorial3//worlds/task3_meshes/map_colliders.dae
[2.319s] -- Installing: /home/thelegend442/faxic/RINS-kappa/workspace/install/dis_tutorial3/share/dis_tutorial3//worlds/task3_meshes/fakering1.jpg
[2.319s] -- Installing: /home/thelegend442/faxic/RINS-kappa/workspace/install/dis_tutorial3/share/dis_tutorial3//worlds/task3_meshes/parking_space.jpg
[2.319s] -- Installing: /home/thelegend442/faxic/RINS-kappa/workspace/install/dis_tutorial3/share/dis_tutorial3//worlds/task3_meshes/villager4.png
[2.320s] -- Installing: /home/thelegend442/faxic/RINS-kappa/workspace/install/dis_tutorial3/share/dis_tutorial3//worlds/task3_meshes/qr_cheat.png
[2.320s] -- Installing: /home/thelegend442/faxic/RINS-kappa/workspace/install/dis_tutorial3/share/dis_tutorial3//worlds/task3_meshes/anomona_4.png
[2.320s] -- Installing: /home/thelegend442/faxic/RINS-kappa/workspace/install/dis_tutorial3/share/dis_tutorial3//worlds/task3_meshes/mona.png
[2.321s] -- Installing: /home/thelegend442/faxic/RINS-kappa/workspace/install/dis_tutorial3/share/dis_tutorial3//worlds/task3_meshes/villager1.png
[2.322s] -- Installing: /home/thelegend442/faxic/RINS-kappa/workspace/install/dis_tutorial3/share/dis_tutorial3//worlds/task3_meshes/objects.jpg
[2.324s] -- Installing: /home/thelegend442/faxic/RINS-kappa/workspace/install/dis_tutorial3/share/dis_tutorial3//worlds/task3_meshes/fakering2.jpg
[2.325s] -- Installing: /home/thelegend442/faxic/RINS-kappa/workspace/install/dis_tutorial3/share/dis_tutorial3//worlds/task3_meshes/easy_anomona_0.png
[2.326s] -- Installing: /home/thelegend442/faxic/RINS-kappa/workspace/install/dis_tutorial3/share/dis_tutorial3//worlds/task3_meshes/villager3.png
[2.327s] -- Installing: /home/thelegend442/faxic/RINS-kappa/workspace/install/dis_tutorial3/share/dis_tutorial3//worlds/task3_meshes/qr_url.png
[2.327s] -- Installing: /home/thelegend442/faxic/RINS-kappa/workspace/install/dis_tutorial3/share/dis_tutorial3//worlds/task3_meshes/ground.jpg
[2.328s] -- Installing: /home/thelegend442/faxic/RINS-kappa/workspace/install/dis_tutorial3/share/dis_tutorial3//worlds/task3_meshes/villager5.png
[2.328s] -- Installing: /home/thelegend442/faxic/RINS-kappa/workspace/install/dis_tutorial3/share/dis_tutorial3//worlds/task3_meshes/fakering3.jpg
[2.328s] -- Installing: /home/thelegend442/faxic/RINS-kappa/workspace/install/dis_tutorial3/share/dis_tutorial3//worlds/task3_meshes/cylinders.jpg
[2.329s] -- Installing: /home/thelegend442/faxic/RINS-kappa/workspace/install/dis_tutorial3/share/dis_tutorial3//worlds/task3_meshes/easy_anomona_1.png
[2.329s] -- Installing: /home/thelegend442/faxic/RINS-kappa/workspace/install/dis_tutorial3/share/dis_tutorial3//worlds/task3_meshes/anomona_3.png
[2.330s] -- Installing: /home/thelegend442/faxic/RINS-kappa/workspace/install/dis_tutorial3/share/dis_tutorial3//worlds/task3_meshes/easy_anomona_3.png
[2.330s] -- Installing: /home/thelegend442/faxic/RINS-kappa/workspace/install/dis_tutorial3/share/dis_tutorial3//worlds/task3_meshes/anomona_1.png
[2.331s] -- Installing: /home/thelegend442/faxic/RINS-kappa/workspace/install/dis_tutorial3/share/dis_tutorial3//worlds/task3_meshes/map.dae
[2.332s] -- Installing: /home/thelegend442/faxic/RINS-kappa/workspace/install/dis_tutorial3/share/dis_tutorial3//worlds/task3_meshes/villager2.png
[2.332s] -- Installing: /home/thelegend442/faxic/RINS-kappa/workspace/install/dis_tutorial3/share/dis_tutorial3//worlds/task3_meshes/anomona_0.png
[2.332s] -- Installing: /home/thelegend442/faxic/RINS-kappa/workspace/install/dis_tutorial3/share/dis_tutorial3//worlds/task3_meshes/anomona_2.png
[2.333s] -- Installing: /home/thelegend442/faxic/RINS-kappa/workspace/install/dis_tutorial3/share/dis_tutorial3//worlds/task3_meshes/easy_anomona_2.png
[2.333s] -- Installing: /home/thelegend442/faxic/RINS-kappa/workspace/install/dis_tutorial3/share/dis_tutorial3//worlds/task3_meshes/easy_anomona_4.png
[2.334s] -- Installing: /home/thelegend442/faxic/RINS-kappa/workspace/install/dis_tutorial3/share/dis_tutorial3//worlds/task3_meshes/qr_wrong.png
[2.334s] -- Installing: /home/thelegend442/faxic/RINS-kappa/workspace/install/dis_tutorial3/share/dis_tutorial3//worlds/demo2.sdf
[2.334s] -- Installing: /home/thelegend442/faxic/RINS-kappa/workspace/install/dis_tutorial3/share/dis_tutorial3//worlds/task3.sdf
[2.334s] -- Installing: /home/thelegend442/faxic/RINS-kappa/workspace/install/dis_tutorial3/share/dis_tutorial3//worlds/dis_meshes
[2.334s] -- Installing: /home/thelegend442/faxic/RINS-kappa/workspace/install/dis_tutorial3/share/dis_tutorial3//worlds/dis_meshes/map_colliders.dae
[2.335s] -- Installing: /home/thelegend442/faxic/RINS-kappa/workspace/install/dis_tutorial3/share/dis_tutorial3//worlds/dis_meshes/fakering1.jpg
[2.335s] -- Installing: /home/thelegend442/faxic/RINS-kappa/workspace/install/dis_tutorial3/share/dis_tutorial3//worlds/dis_meshes/parking_space.jpg
[2.335s] -- Installing: /home/thelegend442/faxic/RINS-kappa/workspace/install/dis_tutorial3/share/dis_tutorial3//worlds/dis_meshes/davinci.jpg
[2.335s] -- Installing: /home/thelegend442/faxic/RINS-kappa/workspace/install/dis_tutorial3/share/dis_tutorial3//worlds/dis_meshes/qr1.jpg
[2.336s] -- Installing: /home/thelegend442/faxic/RINS-kappa/workspace/install/dis_tutorial3/share/dis_tutorial3//worlds/dis_meshes/person5.jpg
[2.336s] -- Installing: /home/thelegend442/faxic/RINS-kappa/workspace/install/dis_tutorial3/share/dis_tutorial3//worlds/dis_meshes/objects.jpg
[2.336s] -- Installing: /home/thelegend442/faxic/RINS-kappa/workspace/install/dis_tutorial3/share/dis_tutorial3//worlds/dis_meshes/fakering2.jpg
[2.336s] -- Installing: /home/thelegend442/faxic/RINS-kappa/workspace/install/dis_tutorial3/share/dis_tutorial3//worlds/dis_meshes/wood.jpg
[2.336s] -- Installing: /home/thelegend442/faxic/RINS-kappa/workspace/install/dis_tutorial3/share/dis_tutorial3//worlds/dis_meshes/person4.jpg
[2.337s] -- Installing: /home/thelegend442/faxic/RINS-kappa/workspace/install/dis_tutorial3/share/dis_tutorial3//worlds/dis_meshes/person2.jpg
[2.337s] -- Installing: /home/thelegend442/faxic/RINS-kappa/workspace/install/dis_tutorial3/share/dis_tutorial3//worlds/dis_meshes/qr2.jpg
[2.337s] -- Installing: /home/thelegend442/faxic/RINS-kappa/workspace/install/dis_tutorial3/share/dis_tutorial3//worlds/dis_meshes/person1.jpg
[2.337s] -- Installing: /home/thelegend442/faxic/RINS-kappa/workspace/install/dis_tutorial3/share/dis_tutorial3//worlds/dis_meshes/ground.jpg
[2.338s] -- Installing: /home/thelegend442/faxic/RINS-kappa/workspace/install/dis_tutorial3/share/dis_tutorial3//worlds/dis_meshes/fakering3.jpg
[2.338s] -- Installing: /home/thelegend442/faxic/RINS-kappa/workspace/install/dis_tutorial3/share/dis_tutorial3//worlds/dis_meshes/cylinders.jpg
[2.338s] -- Installing: /home/thelegend442/faxic/RINS-kappa/workspace/install/dis_tutorial3/share/dis_tutorial3//worlds/dis_meshes/map.dae
[2.338s] -- Installing: /home/thelegend442/faxic/RINS-kappa/workspace/install/dis_tutorial3/share/dis_tutorial3//worlds/dis_meshes/person3.jpg
[2.339s] -- Installing: /home/thelegend442/faxic/RINS-kappa/workspace/install/dis_tutorial3/share/dis_tutorial3//worlds/dis_meshes/mona1.jpg
[2.339s] -- Installing: /home/thelegend442/faxic/RINS-kappa/workspace/install/dis_tutorial3/share/dis_tutorial3//worlds/empty.sdf
[2.339s] -- Installing: /home/thelegend442/faxic/RINS-kappa/workspace/install/dis_tutorial3/share/dis_tutorial3//worlds/task2_demo2_meshes
[2.340s] -- Installing: /home/thelegend442/faxic/RINS-kappa/workspace/install/dis_tutorial3/share/dis_tutorial3//worlds/task2_demo2_meshes/map_colliders.dae
[2.342s] -- Installing: /home/thelegend442/faxic/RINS-kappa/workspace/install/dis_tutorial3/share/dis_tutorial3//worlds/task2_demo2_meshes/fakering1.jpg
[2.343s] -- Installing: /home/thelegend442/faxic/RINS-kappa/workspace/install/dis_tutorial3/share/dis_tutorial3//worlds/task2_demo2_meshes/parking_space.jpg
[2.345s] -- Installing: /home/thelegend442/faxic/RINS-kappa/workspace/install/dis_tutorial3/share/dis_tutorial3//worlds/task2_demo2_meshes/objects.jpg
[2.346s] -- Installing: /home/thelegend442/faxic/RINS-kappa/workspace/install/dis_tutorial3/share/dis_tutorial3//worlds/task2_demo2_meshes/fakering2.jpg
[2.346s] -- Installing: /home/thelegend442/faxic/RINS-kappa/workspace/install/dis_tutorial3/share/dis_tutorial3//worlds/task2_demo2_meshes/ground.jpg
[2.346s] -- Installing: /home/thelegend442/faxic/RINS-kappa/workspace/install/dis_tutorial3/share/dis_tutorial3//worlds/task2_demo2_meshes/fakering3.jpg
[2.346s] -- Installing: /home/thelegend442/faxic/RINS-kappa/workspace/install/dis_tutorial3/share/dis_tutorial3//worlds/task2_demo2_meshes/cylinders.jpg
[2.346s] -- Installing: /home/thelegend442/faxic/RINS-kappa/workspace/install/dis_tutorial3/share/dis_tutorial3//worlds/task2_demo2_meshes/map.dae
[2.348s] -- Installing: /home/thelegend442/faxic/RINS-kappa/workspace/install/dis_tutorial3/share/dis_tutorial3//worlds/demo2_meshes
[2.348s] -- Installing: /home/thelegend442/faxic/RINS-kappa/workspace/install/dis_tutorial3/share/dis_tutorial3//worlds/demo2_meshes/map_colliders.dae
[2.348s] -- Installing: /home/thelegend442/faxic/RINS-kappa/workspace/install/dis_tutorial3/share/dis_tutorial3//worlds/demo2_meshes/fakering1.jpg
[2.348s] -- Installing: /home/thelegend442/faxic/RINS-kappa/workspace/install/dis_tutorial3/share/dis_tutorial3//worlds/demo2_meshes/parking_space.jpg
[2.348s] -- Installing: /home/thelegend442/faxic/RINS-kappa/workspace/install/dis_tutorial3/share/dis_tutorial3//worlds/demo2_meshes/qr1.jpg
[2.349s] -- Installing: /home/thelegend442/faxic/RINS-kappa/workspace/install/dis_tutorial3/share/dis_tutorial3//worlds/demo2_meshes/person18.png
[2.349s] -- Installing: /home/thelegend442/faxic/RINS-kappa/workspace/install/dis_tutorial3/share/dis_tutorial3//worlds/demo2_meshes/objects.jpg
[2.349s] -- Installing: /home/thelegend442/faxic/RINS-kappa/workspace/install/dis_tutorial3/share/dis_tutorial3//worlds/demo2_meshes/fakering2.jpg
[2.350s] -- Installing: /home/thelegend442/faxic/RINS-kappa/workspace/install/dis_tutorial3/share/dis_tutorial3//worlds/demo2_meshes/qr2.jpg
[2.350s] -- Installing: /home/thelegend442/faxic/RINS-kappa/workspace/install/dis_tutorial3/share/dis_tutorial3//worlds/demo2_meshes/ground.jpg
[2.350s] -- Installing: /home/thelegend442/faxic/RINS-kappa/workspace/install/dis_tutorial3/share/dis_tutorial3//worlds/demo2_meshes/person7.png
[2.350s] -- Installing: /home/thelegend442/faxic/RINS-kappa/workspace/install/dis_tutorial3/share/dis_tutorial3//worlds/demo2_meshes/fakering3.jpg
[2.351s] -- Installing: /home/thelegend442/faxic/RINS-kappa/workspace/install/dis_tutorial3/share/dis_tutorial3//worlds/demo2_meshes/cylinders.jpg
[2.351s] -- Installing: /home/thelegend442/faxic/RINS-kappa/workspace/install/dis_tutorial3/share/dis_tutorial3//worlds/demo2_meshes/person9.png
[2.351s] -- Installing: /home/thelegend442/faxic/RINS-kappa/workspace/install/dis_tutorial3/share/dis_tutorial3//worlds/demo2_meshes/person20.png
[2.352s] -- Installing: /home/thelegend442/faxic/RINS-kappa/workspace/install/dis_tutorial3/share/dis_tutorial3//worlds/demo2_meshes/person8.png
[2.353s] -- Installing: /home/thelegend442/faxic/RINS-kappa/workspace/install/dis_tutorial3/share/dis_tutorial3//worlds/demo2_meshes/map.dae
[2.353s] -- Installing: /home/thelegend442/faxic/RINS-kappa/workspace/install/dis_tutorial3/share/dis_tutorial3//worlds/demo2_meshes/person6.png
[2.354s] -- Installing: /home/thelegend442/faxic/RINS-kappa/workspace/install/dis_tutorial3/share/dis_tutorial3//worlds/task2_demo1_meshes
[2.354s] -- Installing: /home/thelegend442/faxic/RINS-kappa/workspace/install/dis_tutorial3/share/dis_tutorial3//worlds/task2_demo1_meshes/map_colliders.dae
[2.355s] -- Installing: /home/thelegend442/faxic/RINS-kappa/workspace/install/dis_tutorial3/share/dis_tutorial3//worlds/task2_demo1_meshes/fakering1.jpg
[2.355s] -- Installing: /home/thelegend442/faxic/RINS-kappa/workspace/install/dis_tutorial3/share/dis_tutorial3//worlds/task2_demo1_meshes/parking_space.jpg
[2.355s] -- Installing: /home/thelegend442/faxic/RINS-kappa/workspace/install/dis_tutorial3/share/dis_tutorial3//worlds/task2_demo1_meshes/objects.jpg
[2.355s] -- Installing: /home/thelegend442/faxic/RINS-kappa/workspace/install/dis_tutorial3/share/dis_tutorial3//worlds/task2_demo1_meshes/fakering2.jpg
[2.355s] -- Installing: /home/thelegend442/faxic/RINS-kappa/workspace/install/dis_tutorial3/share/dis_tutorial3//worlds/task2_demo1_meshes/ground.jpg
[2.356s] -- Installing: /home/thelegend442/faxic/RINS-kappa/workspace/install/dis_tutorial3/share/dis_tutorial3//worlds/task2_demo1_meshes/fakering3.jpg
[2.356s] -- Installing: /home/thelegend442/faxic/RINS-kappa/workspace/install/dis_tutorial3/share/dis_tutorial3//worlds/task2_demo1_meshes/cylinders.jpg
[2.356s] -- Installing: /home/thelegend442/faxic/RINS-kappa/workspace/install/dis_tutorial3/share/dis_tutorial3//worlds/task2_demo1_meshes/map.dae
[2.360s] -- Installing: /home/thelegend442/faxic/RINS-kappa/workspace/install/dis_tutorial3/share/dis_tutorial3//worlds/demo1_meshes
[2.362s] -- Installing: /home/thelegend442/faxic/RINS-kappa/workspace/install/dis_tutorial3/share/dis_tutorial3//worlds/demo1_meshes/map_colliders.dae
[2.362s] -- Installing: /home/thelegend442/faxic/RINS-kappa/workspace/install/dis_tutorial3/share/dis_tutorial3//worlds/demo1_meshes/person3.png
[2.363s] -- Installing: /home/thelegend442/faxic/RINS-kappa/workspace/install/dis_tutorial3/share/dis_tutorial3//worlds/demo1_meshes/fakering1.jpg
[2.363s] -- Installing: /home/thelegend442/faxic/RINS-kappa/workspace/install/dis_tutorial3/share/dis_tutorial3//worlds/demo1_meshes/person5.png
[2.364s] -- Installing: /home/thelegend442/faxic/RINS-kappa/workspace/install/dis_tutorial3/share/dis_tutorial3//worlds/demo1_meshes/parking_space.jpg
[2.364s] -- Installing: /home/thelegend442/faxic/RINS-kappa/workspace/install/dis_tutorial3/share/dis_tutorial3//worlds/demo1_meshes/qr1.jpg
[2.364s] -- Installing: /home/thelegend442/faxic/RINS-kappa/workspace/install/dis_tutorial3/share/dis_tutorial3//worlds/demo1_meshes/person2.png
[2.365s] -- Installing: /home/thelegend442/faxic/RINS-kappa/workspace/install/dis_tutorial3/share/dis_tutorial3//worlds/demo1_meshes/objects.jpg
[2.365s] -- Installing: /home/thelegend442/faxic/RINS-kappa/workspace/install/dis_tutorial3/share/dis_tutorial3//worlds/demo1_meshes/fakering2.jpg
[2.365s] -- Installing: /home/thelegend442/faxic/RINS-kappa/workspace/install/dis_tutorial3/share/dis_tutorial3//worlds/demo1_meshes/qr2.jpg
[2.365s] -- Installing: /home/thelegend442/faxic/RINS-kappa/workspace/install/dis_tutorial3/share/dis_tutorial3//worlds/demo1_meshes/ground.jpg
[2.366s] -- Installing: /home/thelegend442/faxic/RINS-kappa/workspace/install/dis_tutorial3/share/dis_tutorial3//worlds/demo1_meshes/fakering3.jpg
[2.366s] -- Installing: /home/thelegend442/faxic/RINS-kappa/workspace/install/dis_tutorial3/share/dis_tutorial3//worlds/demo1_meshes/cylinders.jpg
[2.366s] -- Installing: /home/thelegend442/faxic/RINS-kappa/workspace/install/dis_tutorial3/share/dis_tutorial3//worlds/demo1_meshes/person4.png
[2.367s] -- Installing: /home/thelegend442/faxic/RINS-kappa/workspace/install/dis_tutorial3/share/dis_tutorial3//worlds/demo1_meshes/map.dae
[2.367s] -- Installing: /home/thelegend442/faxic/RINS-kappa/workspace/install/dis_tutorial3/share/dis_tutorial3//worlds/demo1_meshes/person11.png
[2.369s] -- Installing: /home/thelegend442/faxic/RINS-kappa/workspace/install/dis_tutorial3/share/dis_tutorial3//worlds/demo1_meshes/person1.png
[2.369s] -- Installing: /home/thelegend442/faxic/RINS-kappa/workspace/install/dis_tutorial3/share/dis_tutorial3//worlds/dis.sdf
[2.369s] -- Installing: /home/thelegend442/faxic/RINS-kappa/workspace/install/dis_tutorial3/share/dis_tutorial3//worlds/task2_demo2.sdf
[2.369s] -- Installing: /home/thelegend442/faxic/RINS-kappa/workspace/install/dis_tutorial3/share/dis_tutorial3//maps
[2.369s] -- Installing: /home/thelegend442/faxic/RINS-kappa/workspace/install/dis_tutorial3/share/dis_tutorial3//maps/map.pgm
[2.369s] -- Installing: /home/thelegend442/faxic/RINS-kappa/workspace/install/dis_tutorial3/share/dis_tutorial3//maps/map.yaml
[2.370s] -- Installing: /home/thelegend442/faxic/RINS-kappa/workspace/install/dis_tutorial3/lib/dis_tutorial3/detect_people.py
[2.370s] -- Installing: /home/thelegend442/faxic/RINS-kappa/workspace/install/dis_tutorial3/lib/dis_tutorial3/robot_commander.py
[2.370s] -- Installing: /home/thelegend442/faxic/RINS-kappa/workspace/install/dis_tutorial3/lib/dis_tutorial3/save_faces.py
[2.376s] -- Installing: /home/thelegend442/faxic/RINS-kappa/workspace/install/dis_tutorial3/share/ament_index/resource_index/package_run_dependencies/dis_tutorial3
[2.378s] -- Installing: /home/thelegend442/faxic/RINS-kappa/workspace/install/dis_tutorial3/share/ament_index/resource_index/parent_prefix_path/dis_tutorial3
[2.378s] -- Installing: /home/thelegend442/faxic/RINS-kappa/workspace/install/dis_tutorial3/share/dis_tutorial3/environment/ament_prefix_path.sh
[2.378s] -- Installing: /home/thelegend442/faxic/RINS-kappa/workspace/install/dis_tutorial3/share/dis_tutorial3/environment/ament_prefix_path.dsv
[2.378s] -- Installing: /home/thelegend442/faxic/RINS-kappa/workspace/install/dis_tutorial3/share/dis_tutorial3/environment/path.sh
[2.379s] -- Installing: /home/thelegend442/faxic/RINS-kappa/workspace/install/dis_tutorial3/share/dis_tutorial3/environment/path.dsv
[2.379s] -- Installing: /home/thelegend442/faxic/RINS-kappa/workspace/install/dis_tutorial3/share/dis_tutorial3/local_setup.bash
[2.379s] -- Installing: /home/thelegend442/faxic/RINS-kappa/workspace/install/dis_tutorial3/share/dis_tutorial3/local_setup.sh
[2.379s] -- Installing: /home/thelegend442/faxic/RINS-kappa/workspace/install/dis_tutorial3/share/dis_tutorial3/local_setup.zsh
[2.379s] -- Installing: /home/thelegend442/faxic/RINS-kappa/workspace/install/dis_tutorial3/share/dis_tutorial3/local_setup.dsv
[2.379s] -- Installing: /home/thelegend442/faxic/RINS-kappa/workspace/install/dis_tutorial3/share/dis_tutorial3/package.dsv
[2.379s] -- Installing: /home/thelegend442/faxic/RINS-kappa/workspace/install/dis_tutorial3/share/ament_index/resource_index/packages/dis_tutorial3
[2.379s] -- Installing: /home/thelegend442/faxic/RINS-kappa/workspace/install/dis_tutorial3/share/dis_tutorial3/cmake/dis_tutorial3Config.cmake
[2.380s] -- Installing: /home/thelegend442/faxic/RINS-kappa/workspace/install/dis_tutorial3/share/dis_tutorial3/cmake/dis_tutorial3Config-version.cmake
[2.380s] -- Installing: /home/thelegend442/faxic/RINS-kappa/workspace/install/dis_tutorial3/share/dis_tutorial3/package.xml
[2.381s] Invoked command in '/home/thelegend442/faxic/RINS-kappa/workspace/build/dis_tutorial3' returned '0': CMAKE_PREFIX_PATH=${CMAKE_PREFIX_PATH}:/home/thelegend442/faxic/RINS-kappa/workspace/install/dis_tutorial2:/opt/ros/humble /usr/bin/cmake --install /home/thelegend442/faxic/RINS-kappa/workspace/build/dis_tutorial3
