[0.024s] Invoking command in '/home/strazi/RINS-kappa/workspace/build/custom_messages': CMAKE_PREFIX_PATH=${CMAKE_PREFIX_PATH}:/home/strazi/RINS-kappa/workspace/install/dis_tutorial2:/opt/ros/humble /usr/bin/cmake --build /home/strazi/RINS-kappa/workspace/build/custom_messages -- -j12 -l12
[0.250s] [  2%] Built target custom_messages__cpp
[0.250s] [  2%] Built target ament_cmake_python_copy_custom_messages
[0.250s] [35m[1mConsolidate compiler generated dependencies of target custom_messages__rosidl_typesupport_introspection_cpp[0m
[0.250s] [ 12%] Built target custom_messages__rosidl_typesupport_introspection_cpp
[0.335s] running egg_info
[0.336s] writing custom_messages.egg-info/PKG-INFO
[0.337s] writing dependency_links to custom_messages.egg-info/dependency_links.txt
[0.337s] writing top-level names to custom_messages.egg-info/top_level.txt
[0.339s] reading manifest file 'custom_messages.egg-info/SOURCES.txt'
[0.339s] writing manifest file 'custom_messages.egg-info/SOURCES.txt'
[0.361s] [ 12%] Built target ament_cmake_python_build_custom_messages_egg
[0.372s] [35m[1mConsolidate compiler generated dependencies of target custom_messages__rosidl_typesupport_fastrtps_cpp[0m
[0.388s] [ 23%] Built target custom_messages__rosidl_typesupport_fastrtps_cpp
[0.398s] [35m[1mConsolidate compiler generated dependencies of target custom_messages__rosidl_typesupport_cpp[0m
[0.412s] [ 34%] Built target custom_messages__rosidl_typesupport_cpp
[0.422s] [35m[1mConsolidate compiler generated dependencies of target custom_messages__rosidl_generator_c[0m
[0.436s] [ 44%] Built target custom_messages__rosidl_generator_c
[0.447s] [35m[1mConsolidate compiler generated dependencies of target custom_messages__rosidl_typesupport_fastrtps_c[0m
[0.463s] [ 55%] Built target custom_messages__rosidl_typesupport_fastrtps_c
[0.473s] [35m[1mConsolidate compiler generated dependencies of target custom_messages__rosidl_typesupport_c[0m
[0.484s] [ 65%] Built target custom_messages__rosidl_typesupport_c
[0.494s] [35m[1mConsolidate compiler generated dependencies of target custom_messages__rosidl_typesupport_introspection_c[0m
[0.506s] [ 76%] Built target custom_messages__rosidl_typesupport_introspection_c
[0.524s] [ 76%] Built target custom_messages
[0.543s] [ 78%] Built target custom_messages__py
[0.553s] [35m[1mConsolidate compiler generated dependencies of target custom_messages__rosidl_generator_py[0m
[0.567s] [ 87%] Built target custom_messages__rosidl_generator_py
[0.577s] [35m[1mConsolidate compiler generated dependencies of target custom_messages__rosidl_typesupport_fastrtps_c__pyext[0m
[0.590s] [ 91%] Built target custom_messages__rosidl_typesupport_fastrtps_c__pyext
[0.600s] [35m[1mConsolidate compiler generated dependencies of target custom_messages__rosidl_typesupport_c__pyext[0m
[0.614s] [ 95%] Built target custom_messages__rosidl_typesupport_c__pyext
[0.624s] [35m[1mConsolidate compiler generated dependencies of target custom_messages__rosidl_typesupport_introspection_c__pyext[0m
[0.637s] [100%] Built target custom_messages__rosidl_typesupport_introspection_c__pyext
[0.649s] Invoked command in '/home/strazi/RINS-kappa/workspace/build/custom_messages' returned '0': CMAKE_PREFIX_PATH=${CMAKE_PREFIX_PATH}:/home/strazi/RINS-kappa/workspace/install/dis_tutorial2:/opt/ros/humble /usr/bin/cmake --build /home/strazi/RINS-kappa/workspace/build/custom_messages -- -j12 -l12
[0.650s] Invoking command in '/home/strazi/RINS-kappa/workspace/build/custom_messages': CMAKE_PREFIX_PATH=${CMAKE_PREFIX_PATH}:/home/strazi/RINS-kappa/workspace/install/dis_tutorial2:/opt/ros/humble /usr/bin/cmake --install /home/strazi/RINS-kappa/workspace/build/custom_messages
[0.658s] -- Install configuration: ""
[0.658s] -- Up-to-date: /home/strazi/RINS-kappa/workspace/install/custom_messages/share/ament_index/resource_index/rosidl_interfaces/custom_messages
[0.658s] -- Up-to-date: /home/strazi/RINS-kappa/workspace/install/custom_messages/include/custom_messages/custom_messages
[0.658s] -- Up-to-date: /home/strazi/RINS-kappa/workspace/install/custom_messages/include/custom_messages/custom_messages/srv
[0.658s] -- Up-to-date: /home/strazi/RINS-kappa/workspace/install/custom_messages/include/custom_messages/custom_messages/srv/poses_in_front_of_faces.h
[0.658s] -- Up-to-date: /home/strazi/RINS-kappa/workspace/install/custom_messages/include/custom_messages/custom_messages/srv/shape.h
[0.658s] -- Up-to-date: /home/strazi/RINS-kappa/workspace/install/custom_messages/include/custom_messages/custom_messages/srv/detail
[0.658s] -- Up-to-date: /home/strazi/RINS-kappa/workspace/install/custom_messages/include/custom_messages/custom_messages/srv/detail/shape__functions.h
[0.658s] -- Up-to-date: /home/strazi/RINS-kappa/workspace/install/custom_messages/include/custom_messages/custom_messages/srv/detail/poses_in_front_of_faces__functions.h
[0.659s] -- Up-to-date: /home/strazi/RINS-kappa/workspace/install/custom_messages/include/custom_messages/custom_messages/srv/detail/poses_in_front_of_faces__struct.h
[0.659s] -- Up-to-date: /home/strazi/RINS-kappa/workspace/install/custom_messages/include/custom_messages/custom_messages/srv/detail/shape__struct.h
[0.659s] -- Up-to-date: /home/strazi/RINS-kappa/workspace/install/custom_messages/include/custom_messages/custom_messages/srv/detail/poses_in_front_of_faces__functions.c
[0.659s] -- Up-to-date: /home/strazi/RINS-kappa/workspace/install/custom_messages/include/custom_messages/custom_messages/srv/detail/shape__type_support.h
[0.659s] -- Up-to-date: /home/strazi/RINS-kappa/workspace/install/custom_messages/include/custom_messages/custom_messages/srv/detail/shape__functions.c
[0.659s] -- Up-to-date: /home/strazi/RINS-kappa/workspace/install/custom_messages/include/custom_messages/custom_messages/srv/detail/poses_in_front_of_faces__type_support.h
[0.659s] -- Up-to-date: /home/strazi/RINS-kappa/workspace/install/custom_messages/include/custom_messages/custom_messages/msg
[0.659s] -- Up-to-date: /home/strazi/RINS-kappa/workspace/install/custom_messages/include/custom_messages/custom_messages/msg/face_coordinates.h
[0.659s] -- Up-to-date: /home/strazi/RINS-kappa/workspace/install/custom_messages/include/custom_messages/custom_messages/msg/rosidl_generator_c__visibility_control.h
[0.659s] -- Up-to-date: /home/strazi/RINS-kappa/workspace/install/custom_messages/include/custom_messages/custom_messages/msg/detail
[0.659s] -- Up-to-date: /home/strazi/RINS-kappa/workspace/install/custom_messages/include/custom_messages/custom_messages/msg/detail/face_coordinates__functions.h
[0.659s] -- Up-to-date: /home/strazi/RINS-kappa/workspace/install/custom_messages/include/custom_messages/custom_messages/msg/detail/face_coordinates__functions.c
[0.659s] -- Up-to-date: /home/strazi/RINS-kappa/workspace/install/custom_messages/include/custom_messages/custom_messages/msg/detail/face_coordinates__struct.h
[0.660s] -- Up-to-date: /home/strazi/RINS-kappa/workspace/install/custom_messages/include/custom_messages/custom_messages/msg/detail/face_coordinates__type_support.h
[0.660s] -- Up-to-date: /home/strazi/RINS-kappa/workspace/install/custom_messages/share/custom_messages/environment/library_path.sh
[0.660s] -- Up-to-date: /home/strazi/RINS-kappa/workspace/install/custom_messages/share/custom_messages/environment/library_path.dsv
[0.660s] -- Up-to-date: /home/strazi/RINS-kappa/workspace/install/custom_messages/lib/libcustom_messages__rosidl_generator_c.so
[0.660s] -- Up-to-date: /home/strazi/RINS-kappa/workspace/install/custom_messages/include/custom_messages/custom_messages
[0.660s] -- Up-to-date: /home/strazi/RINS-kappa/workspace/install/custom_messages/include/custom_messages/custom_messages/srv
[0.660s] -- Up-to-date: /home/strazi/RINS-kappa/workspace/install/custom_messages/include/custom_messages/custom_messages/srv/detail
[0.660s] -- Up-to-date: /home/strazi/RINS-kappa/workspace/install/custom_messages/include/custom_messages/custom_messages/srv/detail/poses_in_front_of_faces__rosidl_typesupport_fastrtps_c.h
[0.660s] -- Up-to-date: /home/strazi/RINS-kappa/workspace/install/custom_messages/include/custom_messages/custom_messages/srv/detail/shape__rosidl_typesupport_fastrtps_c.h
[0.660s] -- Up-to-date: /home/strazi/RINS-kappa/workspace/install/custom_messages/include/custom_messages/custom_messages/msg
[0.660s] -- Up-to-date: /home/strazi/RINS-kappa/workspace/install/custom_messages/include/custom_messages/custom_messages/msg/rosidl_typesupport_fastrtps_c__visibility_control.h
[0.660s] -- Up-to-date: /home/strazi/RINS-kappa/workspace/install/custom_messages/include/custom_messages/custom_messages/msg/detail
[0.661s] -- Up-to-date: /home/strazi/RINS-kappa/workspace/install/custom_messages/include/custom_messages/custom_messages/msg/detail/face_coordinates__rosidl_typesupport_fastrtps_c.h
[0.661s] -- Up-to-date: /home/strazi/RINS-kappa/workspace/install/custom_messages/lib/libcustom_messages__rosidl_typesupport_fastrtps_c.so
[0.661s] -- Up-to-date: /home/strazi/RINS-kappa/workspace/install/custom_messages/include/custom_messages/custom_messages
[0.661s] -- Up-to-date: /home/strazi/RINS-kappa/workspace/install/custom_messages/include/custom_messages/custom_messages/srv
[0.661s] -- Up-to-date: /home/strazi/RINS-kappa/workspace/install/custom_messages/include/custom_messages/custom_messages/srv/shape.hpp
[0.661s] -- Up-to-date: /home/strazi/RINS-kappa/workspace/install/custom_messages/include/custom_messages/custom_messages/srv/poses_in_front_of_faces.hpp
[0.661s] -- Up-to-date: /home/strazi/RINS-kappa/workspace/install/custom_messages/include/custom_messages/custom_messages/srv/detail
[0.661s] -- Up-to-date: /home/strazi/RINS-kappa/workspace/install/custom_messages/include/custom_messages/custom_messages/srv/detail/shape__traits.hpp
[0.661s] -- Up-to-date: /home/strazi/RINS-kappa/workspace/install/custom_messages/include/custom_messages/custom_messages/srv/detail/poses_in_front_of_faces__struct.hpp
[0.661s] -- Up-to-date: /home/strazi/RINS-kappa/workspace/install/custom_messages/include/custom_messages/custom_messages/srv/detail/shape__struct.hpp
[0.661s] -- Up-to-date: /home/strazi/RINS-kappa/workspace/install/custom_messages/include/custom_messages/custom_messages/srv/detail/shape__builder.hpp
[0.662s] -- Up-to-date: /home/strazi/RINS-kappa/workspace/install/custom_messages/include/custom_messages/custom_messages/srv/detail/shape__type_support.hpp
[0.662s] -- Up-to-date: /home/strazi/RINS-kappa/workspace/install/custom_messages/include/custom_messages/custom_messages/srv/detail/poses_in_front_of_faces__builder.hpp
[0.662s] -- Up-to-date: /home/strazi/RINS-kappa/workspace/install/custom_messages/include/custom_messages/custom_messages/srv/detail/poses_in_front_of_faces__traits.hpp
[0.662s] -- Up-to-date: /home/strazi/RINS-kappa/workspace/install/custom_messages/include/custom_messages/custom_messages/srv/detail/poses_in_front_of_faces__type_support.hpp
[0.662s] -- Up-to-date: /home/strazi/RINS-kappa/workspace/install/custom_messages/include/custom_messages/custom_messages/msg
[0.662s] -- Up-to-date: /home/strazi/RINS-kappa/workspace/install/custom_messages/include/custom_messages/custom_messages/msg/face_coordinates.hpp
[0.662s] -- Up-to-date: /home/strazi/RINS-kappa/workspace/install/custom_messages/include/custom_messages/custom_messages/msg/rosidl_generator_cpp__visibility_control.hpp
[0.662s] -- Up-to-date: /home/strazi/RINS-kappa/workspace/install/custom_messages/include/custom_messages/custom_messages/msg/detail
[0.662s] -- Up-to-date: /home/strazi/RINS-kappa/workspace/install/custom_messages/include/custom_messages/custom_messages/msg/detail/face_coordinates__type_support.hpp
[0.662s] -- Up-to-date: /home/strazi/RINS-kappa/workspace/install/custom_messages/include/custom_messages/custom_messages/msg/detail/face_coordinates__builder.hpp
[0.662s] -- Up-to-date: /home/strazi/RINS-kappa/workspace/install/custom_messages/include/custom_messages/custom_messages/msg/detail/face_coordinates__traits.hpp
[0.662s] -- Up-to-date: /home/strazi/RINS-kappa/workspace/install/custom_messages/include/custom_messages/custom_messages/msg/detail/face_coordinates__struct.hpp
[0.662s] -- Up-to-date: /home/strazi/RINS-kappa/workspace/install/custom_messages/include/custom_messages/custom_messages
[0.662s] -- Up-to-date: /home/strazi/RINS-kappa/workspace/install/custom_messages/include/custom_messages/custom_messages/srv
[0.662s] -- Up-to-date: /home/strazi/RINS-kappa/workspace/install/custom_messages/include/custom_messages/custom_messages/srv/detail
[0.662s] -- Up-to-date: /home/strazi/RINS-kappa/workspace/install/custom_messages/include/custom_messages/custom_messages/srv/detail/shape__rosidl_typesupport_fastrtps_cpp.hpp
[0.663s] -- Up-to-date: /home/strazi/RINS-kappa/workspace/install/custom_messages/include/custom_messages/custom_messages/srv/detail/poses_in_front_of_faces__rosidl_typesupport_fastrtps_cpp.hpp
[0.663s] -- Up-to-date: /home/strazi/RINS-kappa/workspace/install/custom_messages/include/custom_messages/custom_messages/srv/detail/dds_fastrtps
[0.663s] -- Up-to-date: /home/strazi/RINS-kappa/workspace/install/custom_messages/include/custom_messages/custom_messages/msg
[0.663s] -- Up-to-date: /home/strazi/RINS-kappa/workspace/install/custom_messages/include/custom_messages/custom_messages/msg/rosidl_typesupport_fastrtps_cpp__visibility_control.h
[0.663s] -- Up-to-date: /home/strazi/RINS-kappa/workspace/install/custom_messages/include/custom_messages/custom_messages/msg/detail
[0.663s] -- Up-to-date: /home/strazi/RINS-kappa/workspace/install/custom_messages/include/custom_messages/custom_messages/msg/detail/dds_fastrtps
[0.663s] -- Up-to-date: /home/strazi/RINS-kappa/workspace/install/custom_messages/include/custom_messages/custom_messages/msg/detail/face_coordinates__rosidl_typesupport_fastrtps_cpp.hpp
[0.663s] -- Up-to-date: /home/strazi/RINS-kappa/workspace/install/custom_messages/lib/libcustom_messages__rosidl_typesupport_fastrtps_cpp.so
[0.663s] -- Up-to-date: /home/strazi/RINS-kappa/workspace/install/custom_messages/include/custom_messages/custom_messages
[0.663s] -- Up-to-date: /home/strazi/RINS-kappa/workspace/install/custom_messages/include/custom_messages/custom_messages/srv
[0.663s] -- Up-to-date: /home/strazi/RINS-kappa/workspace/install/custom_messages/include/custom_messages/custom_messages/srv/detail
[0.663s] -- Up-to-date: /home/strazi/RINS-kappa/workspace/install/custom_messages/include/custom_messages/custom_messages/srv/detail/shape__type_support.c
[0.663s] -- Up-to-date: /home/strazi/RINS-kappa/workspace/install/custom_messages/include/custom_messages/custom_messages/srv/detail/poses_in_front_of_faces__rosidl_typesupport_introspection_c.h
[0.663s] -- Up-to-date: /home/strazi/RINS-kappa/workspace/install/custom_messages/include/custom_messages/custom_messages/srv/detail/poses_in_front_of_faces__type_support.c
[0.663s] -- Up-to-date: /home/strazi/RINS-kappa/workspace/install/custom_messages/include/custom_messages/custom_messages/srv/detail/shape__rosidl_typesupport_introspection_c.h
[0.663s] -- Up-to-date: /home/strazi/RINS-kappa/workspace/install/custom_messages/include/custom_messages/custom_messages/msg
[0.663s] -- Up-to-date: /home/strazi/RINS-kappa/workspace/install/custom_messages/include/custom_messages/custom_messages/msg/rosidl_typesupport_introspection_c__visibility_control.h
[0.664s] -- Up-to-date: /home/strazi/RINS-kappa/workspace/install/custom_messages/include/custom_messages/custom_messages/msg/detail
[0.664s] -- Up-to-date: /home/strazi/RINS-kappa/workspace/install/custom_messages/include/custom_messages/custom_messages/msg/detail/face_coordinates__type_support.c
[0.664s] -- Up-to-date: /home/strazi/RINS-kappa/workspace/install/custom_messages/include/custom_messages/custom_messages/msg/detail/face_coordinates__rosidl_typesupport_introspection_c.h
[0.664s] -- Up-to-date: /home/strazi/RINS-kappa/workspace/install/custom_messages/lib/libcustom_messages__rosidl_typesupport_introspection_c.so
[0.664s] -- Up-to-date: /home/strazi/RINS-kappa/workspace/install/custom_messages/lib/libcustom_messages__rosidl_typesupport_c.so
[0.664s] -- Up-to-date: /home/strazi/RINS-kappa/workspace/install/custom_messages/include/custom_messages/custom_messages
[0.664s] -- Up-to-date: /home/strazi/RINS-kappa/workspace/install/custom_messages/include/custom_messages/custom_messages/srv
[0.664s] -- Up-to-date: /home/strazi/RINS-kappa/workspace/install/custom_messages/include/custom_messages/custom_messages/srv/detail
[0.664s] -- Up-to-date: /home/strazi/RINS-kappa/workspace/install/custom_messages/include/custom_messages/custom_messages/srv/detail/shape__type_support.cpp
[0.664s] -- Up-to-date: /home/strazi/RINS-kappa/workspace/install/custom_messages/include/custom_messages/custom_messages/srv/detail/poses_in_front_of_faces__rosidl_typesupport_introspection_cpp.hpp
[0.664s] -- Up-to-date: /home/strazi/RINS-kappa/workspace/install/custom_messages/include/custom_messages/custom_messages/srv/detail/shape__rosidl_typesupport_introspection_cpp.hpp
[0.664s] -- Up-to-date: /home/strazi/RINS-kappa/workspace/install/custom_messages/include/custom_messages/custom_messages/srv/detail/poses_in_front_of_faces__type_support.cpp
[0.664s] -- Up-to-date: /home/strazi/RINS-kappa/workspace/install/custom_messages/include/custom_messages/custom_messages/msg
[0.664s] -- Up-to-date: /home/strazi/RINS-kappa/workspace/install/custom_messages/include/custom_messages/custom_messages/msg/detail
[0.664s] -- Up-to-date: /home/strazi/RINS-kappa/workspace/install/custom_messages/include/custom_messages/custom_messages/msg/detail/face_coordinates__rosidl_typesupport_introspection_cpp.hpp
[0.664s] -- Up-to-date: /home/strazi/RINS-kappa/workspace/install/custom_messages/include/custom_messages/custom_messages/msg/detail/face_coordinates__type_support.cpp
[0.664s] -- Up-to-date: /home/strazi/RINS-kappa/workspace/install/custom_messages/lib/libcustom_messages__rosidl_typesupport_introspection_cpp.so
[0.664s] -- Up-to-date: /home/strazi/RINS-kappa/workspace/install/custom_messages/lib/libcustom_messages__rosidl_typesupport_cpp.so
[0.665s] -- Up-to-date: /home/strazi/RINS-kappa/workspace/install/custom_messages/share/custom_messages/environment/pythonpath.sh
[0.665s] -- Up-to-date: /home/strazi/RINS-kappa/workspace/install/custom_messages/share/custom_messages/environment/pythonpath.dsv
[0.665s] -- Up-to-date: /home/strazi/RINS-kappa/workspace/install/custom_messages/local/lib/python3.10/dist-packages/custom_messages-0.0.0-py3.10.egg-info
[0.665s] -- Installing: /home/strazi/RINS-kappa/workspace/install/custom_messages/local/lib/python3.10/dist-packages/custom_messages-0.0.0-py3.10.egg-info/SOURCES.txt
[0.665s] -- Installing: /home/strazi/RINS-kappa/workspace/install/custom_messages/local/lib/python3.10/dist-packages/custom_messages-0.0.0-py3.10.egg-info/top_level.txt
[0.665s] -- Installing: /home/strazi/RINS-kappa/workspace/install/custom_messages/local/lib/python3.10/dist-packages/custom_messages-0.0.0-py3.10.egg-info/dependency_links.txt
[0.665s] -- Installing: /home/strazi/RINS-kappa/workspace/install/custom_messages/local/lib/python3.10/dist-packages/custom_messages-0.0.0-py3.10.egg-info/PKG-INFO
[0.665s] -- Up-to-date: /home/strazi/RINS-kappa/workspace/install/custom_messages/local/lib/python3.10/dist-packages/custom_messages
[0.665s] -- Up-to-date: /home/strazi/RINS-kappa/workspace/install/custom_messages/local/lib/python3.10/dist-packages/custom_messages/_custom_messages_s.ep.rosidl_typesupport_c.c
[0.665s] -- Up-to-date: /home/strazi/RINS-kappa/workspace/install/custom_messages/local/lib/python3.10/dist-packages/custom_messages/custom_messages_s__rosidl_typesupport_introspection_c.cpython-310-x86_64-linux-gnu.so
[0.665s] -- Up-to-date: /home/strazi/RINS-kappa/workspace/install/custom_messages/local/lib/python3.10/dist-packages/custom_messages/libcustom_messages__rosidl_generator_py.so
[0.665s] -- Up-to-date: /home/strazi/RINS-kappa/workspace/install/custom_messages/local/lib/python3.10/dist-packages/custom_messages/custom_messages_s__rosidl_typesupport_fastrtps_c.cpython-310-x86_64-linux-gnu.so
[0.666s] -- Up-to-date: /home/strazi/RINS-kappa/workspace/install/custom_messages/local/lib/python3.10/dist-packages/custom_messages/_custom_messages_s.ep.rosidl_typesupport_fastrtps_c.c
[0.666s] -- Up-to-date: /home/strazi/RINS-kappa/workspace/install/custom_messages/local/lib/python3.10/dist-packages/custom_messages/srv
[0.666s] -- Up-to-date: /home/strazi/RINS-kappa/workspace/install/custom_messages/local/lib/python3.10/dist-packages/custom_messages/srv/_shape.py
[0.666s] -- Up-to-date: /home/strazi/RINS-kappa/workspace/install/custom_messages/local/lib/python3.10/dist-packages/custom_messages/srv/_shape_s.c
[0.666s] -- Up-to-date: /home/strazi/RINS-kappa/workspace/install/custom_messages/local/lib/python3.10/dist-packages/custom_messages/srv/__init__.py
[0.666s] -- Up-to-date: /home/strazi/RINS-kappa/workspace/install/custom_messages/local/lib/python3.10/dist-packages/custom_messages/srv/_poses_in_front_of_faces_s.c
[0.666s] -- Up-to-date: /home/strazi/RINS-kappa/workspace/install/custom_messages/local/lib/python3.10/dist-packages/custom_messages/srv/_poses_in_front_of_faces.py
[0.666s] -- Up-to-date: /home/strazi/RINS-kappa/workspace/install/custom_messages/local/lib/python3.10/dist-packages/custom_messages/__init__.py
[0.666s] -- Up-to-date: /home/strazi/RINS-kappa/workspace/install/custom_messages/local/lib/python3.10/dist-packages/custom_messages/_custom_messages_s.ep.rosidl_typesupport_introspection_c.c
[0.666s] -- Up-to-date: /home/strazi/RINS-kappa/workspace/install/custom_messages/local/lib/python3.10/dist-packages/custom_messages/custom_messages_s__rosidl_typesupport_c.cpython-310-x86_64-linux-gnu.so
[0.666s] -- Up-to-date: /home/strazi/RINS-kappa/workspace/install/custom_messages/local/lib/python3.10/dist-packages/custom_messages/msg
[0.666s] -- Up-to-date: /home/strazi/RINS-kappa/workspace/install/custom_messages/local/lib/python3.10/dist-packages/custom_messages/msg/_face_coordinates.py
[0.666s] -- Up-to-date: /home/strazi/RINS-kappa/workspace/install/custom_messages/local/lib/python3.10/dist-packages/custom_messages/msg/_face_coordinates_s.c
[0.666s] -- Up-to-date: /home/strazi/RINS-kappa/workspace/install/custom_messages/local/lib/python3.10/dist-packages/custom_messages/msg/__init__.py
[0.693s] Listing '/home/strazi/RINS-kappa/workspace/install/custom_messages/local/lib/python3.10/dist-packages/custom_messages'...
[0.693s] Listing '/home/strazi/RINS-kappa/workspace/install/custom_messages/local/lib/python3.10/dist-packages/custom_messages/msg'...
[0.693s] Listing '/home/strazi/RINS-kappa/workspace/install/custom_messages/local/lib/python3.10/dist-packages/custom_messages/srv'...
[0.696s] -- Up-to-date: /home/strazi/RINS-kappa/workspace/install/custom_messages/local/lib/python3.10/dist-packages/custom_messages/custom_messages_s__rosidl_typesupport_fastrtps_c.cpython-310-x86_64-linux-gnu.so
[0.696s] -- Up-to-date: /home/strazi/RINS-kappa/workspace/install/custom_messages/local/lib/python3.10/dist-packages/custom_messages/custom_messages_s__rosidl_typesupport_introspection_c.cpython-310-x86_64-linux-gnu.so
[0.697s] -- Up-to-date: /home/strazi/RINS-kappa/workspace/install/custom_messages/local/lib/python3.10/dist-packages/custom_messages/custom_messages_s__rosidl_typesupport_c.cpython-310-x86_64-linux-gnu.so
[0.697s] -- Up-to-date: /home/strazi/RINS-kappa/workspace/install/custom_messages/lib/libcustom_messages__rosidl_generator_py.so
[0.697s] -- Up-to-date: /home/strazi/RINS-kappa/workspace/install/custom_messages/share/custom_messages/msg/FaceCoordinates.idl
[0.697s] -- Up-to-date: /home/strazi/RINS-kappa/workspace/install/custom_messages/share/custom_messages/srv/Shape.idl
[0.697s] -- Up-to-date: /home/strazi/RINS-kappa/workspace/install/custom_messages/share/custom_messages/srv/PosesInFrontOfFaces.idl
[0.697s] -- Up-to-date: /home/strazi/RINS-kappa/workspace/install/custom_messages/share/custom_messages/msg/FaceCoordinates.msg
[0.697s] -- Up-to-date: /home/strazi/RINS-kappa/workspace/install/custom_messages/share/custom_messages/srv/Shape.srv
[0.698s] -- Up-to-date: /home/strazi/RINS-kappa/workspace/install/custom_messages/share/custom_messages/srv/Shape_Request.msg
[0.698s] -- Up-to-date: /home/strazi/RINS-kappa/workspace/install/custom_messages/share/custom_messages/srv/Shape_Response.msg
[0.698s] -- Up-to-date: /home/strazi/RINS-kappa/workspace/install/custom_messages/share/custom_messages/srv/PosesInFrontOfFaces.srv
[0.698s] -- Up-to-date: /home/strazi/RINS-kappa/workspace/install/custom_messages/share/custom_messages/srv/PosesInFrontOfFaces_Request.msg
[0.698s] -- Up-to-date: /home/strazi/RINS-kappa/workspace/install/custom_messages/share/custom_messages/srv/PosesInFrontOfFaces_Response.msg
[0.698s] -- Up-to-date: /home/strazi/RINS-kappa/workspace/install/custom_messages/share/ament_index/resource_index/package_run_dependencies/custom_messages
[0.698s] -- Up-to-date: /home/strazi/RINS-kappa/workspace/install/custom_messages/share/ament_index/resource_index/parent_prefix_path/custom_messages
[0.698s] -- Up-to-date: /home/strazi/RINS-kappa/workspace/install/custom_messages/share/custom_messages/environment/ament_prefix_path.sh
[0.698s] -- Up-to-date: /home/strazi/RINS-kappa/workspace/install/custom_messages/share/custom_messages/environment/ament_prefix_path.dsv
[0.698s] -- Up-to-date: /home/strazi/RINS-kappa/workspace/install/custom_messages/share/custom_messages/environment/path.sh
[0.698s] -- Up-to-date: /home/strazi/RINS-kappa/workspace/install/custom_messages/share/custom_messages/environment/path.dsv
[0.698s] -- Up-to-date: /home/strazi/RINS-kappa/workspace/install/custom_messages/share/custom_messages/local_setup.bash
[0.698s] -- Up-to-date: /home/strazi/RINS-kappa/workspace/install/custom_messages/share/custom_messages/local_setup.sh
[0.698s] -- Up-to-date: /home/strazi/RINS-kappa/workspace/install/custom_messages/share/custom_messages/local_setup.zsh
[0.698s] -- Up-to-date: /home/strazi/RINS-kappa/workspace/install/custom_messages/share/custom_messages/local_setup.dsv
[0.699s] -- Installing: /home/strazi/RINS-kappa/workspace/install/custom_messages/share/custom_messages/package.dsv
[0.699s] -- Up-to-date: /home/strazi/RINS-kappa/workspace/install/custom_messages/share/ament_index/resource_index/packages/custom_messages
[0.699s] -- Up-to-date: /home/strazi/RINS-kappa/workspace/install/custom_messages/share/custom_messages/cmake/export_custom_messages__rosidl_generator_cExport.cmake
[0.699s] -- Up-to-date: /home/strazi/RINS-kappa/workspace/install/custom_messages/share/custom_messages/cmake/export_custom_messages__rosidl_generator_cExport-noconfig.cmake
[0.699s] -- Up-to-date: /home/strazi/RINS-kappa/workspace/install/custom_messages/share/custom_messages/cmake/export_custom_messages__rosidl_typesupport_fastrtps_cExport.cmake
[0.699s] -- Up-to-date: /home/strazi/RINS-kappa/workspace/install/custom_messages/share/custom_messages/cmake/export_custom_messages__rosidl_typesupport_fastrtps_cExport-noconfig.cmake
[0.699s] -- Up-to-date: /home/strazi/RINS-kappa/workspace/install/custom_messages/share/custom_messages/cmake/export_custom_messages__rosidl_generator_cppExport.cmake
[0.699s] -- Up-to-date: /home/strazi/RINS-kappa/workspace/install/custom_messages/share/custom_messages/cmake/export_custom_messages__rosidl_typesupport_fastrtps_cppExport.cmake
[0.699s] -- Up-to-date: /home/strazi/RINS-kappa/workspace/install/custom_messages/share/custom_messages/cmake/export_custom_messages__rosidl_typesupport_fastrtps_cppExport-noconfig.cmake
[0.699s] -- Up-to-date: /home/strazi/RINS-kappa/workspace/install/custom_messages/share/custom_messages/cmake/custom_messages__rosidl_typesupport_introspection_cExport.cmake
[0.699s] -- Up-to-date: /home/strazi/RINS-kappa/workspace/install/custom_messages/share/custom_messages/cmake/custom_messages__rosidl_typesupport_introspection_cExport-noconfig.cmake
[0.699s] -- Up-to-date: /home/strazi/RINS-kappa/workspace/install/custom_messages/share/custom_messages/cmake/custom_messages__rosidl_typesupport_cExport.cmake
[0.699s] -- Up-to-date: /home/strazi/RINS-kappa/workspace/install/custom_messages/share/custom_messages/cmake/custom_messages__rosidl_typesupport_cExport-noconfig.cmake
[0.700s] -- Up-to-date: /home/strazi/RINS-kappa/workspace/install/custom_messages/share/custom_messages/cmake/custom_messages__rosidl_typesupport_introspection_cppExport.cmake
[0.700s] -- Up-to-date: /home/strazi/RINS-kappa/workspace/install/custom_messages/share/custom_messages/cmake/custom_messages__rosidl_typesupport_introspection_cppExport-noconfig.cmake
[0.700s] -- Up-to-date: /home/strazi/RINS-kappa/workspace/install/custom_messages/share/custom_messages/cmake/custom_messages__rosidl_typesupport_cppExport.cmake
[0.700s] -- Up-to-date: /home/strazi/RINS-kappa/workspace/install/custom_messages/share/custom_messages/cmake/custom_messages__rosidl_typesupport_cppExport-noconfig.cmake
[0.700s] -- Up-to-date: /home/strazi/RINS-kappa/workspace/install/custom_messages/share/custom_messages/cmake/export_custom_messages__rosidl_generator_pyExport.cmake
[0.700s] -- Up-to-date: /home/strazi/RINS-kappa/workspace/install/custom_messages/share/custom_messages/cmake/export_custom_messages__rosidl_generator_pyExport-noconfig.cmake
[0.700s] -- Up-to-date: /home/strazi/RINS-kappa/workspace/install/custom_messages/share/custom_messages/cmake/rosidl_cmake-extras.cmake
[0.700s] -- Up-to-date: /home/strazi/RINS-kappa/workspace/install/custom_messages/share/custom_messages/cmake/ament_cmake_export_dependencies-extras.cmake
[0.700s] -- Up-to-date: /home/strazi/RINS-kappa/workspace/install/custom_messages/share/custom_messages/cmake/ament_cmake_export_include_directories-extras.cmake
[0.700s] -- Up-to-date: /home/strazi/RINS-kappa/workspace/install/custom_messages/share/custom_messages/cmake/ament_cmake_export_libraries-extras.cmake
[0.701s] -- Up-to-date: /home/strazi/RINS-kappa/workspace/install/custom_messages/share/custom_messages/cmake/ament_cmake_export_targets-extras.cmake
[0.701s] -- Up-to-date: /home/strazi/RINS-kappa/workspace/install/custom_messages/share/custom_messages/cmake/rosidl_cmake_export_typesupport_targets-extras.cmake
[0.701s] -- Up-to-date: /home/strazi/RINS-kappa/workspace/install/custom_messages/share/custom_messages/cmake/rosidl_cmake_export_typesupport_libraries-extras.cmake
[0.701s] -- Up-to-date: /home/strazi/RINS-kappa/workspace/install/custom_messages/share/custom_messages/cmake/custom_messagesConfig.cmake
[0.701s] -- Up-to-date: /home/strazi/RINS-kappa/workspace/install/custom_messages/share/custom_messages/cmake/custom_messagesConfig-version.cmake
[0.701s] -- Up-to-date: /home/strazi/RINS-kappa/workspace/install/custom_messages/share/custom_messages/package.xml
[0.703s] Invoked command in '/home/strazi/RINS-kappa/workspace/build/custom_messages' returned '0': CMAKE_PREFIX_PATH=${CMAKE_PREFIX_PATH}:/home/strazi/RINS-kappa/workspace/install/dis_tutorial2:/opt/ros/humble /usr/bin/cmake --install /home/strazi/RINS-kappa/workspace/build/custom_messages
