[0.022s] Invoking command in '/home/strazi/RINS-kappa/workspace/build/custom_messages': CMAKE_PREFIX_PATH=${CMAKE_PREFIX_PATH}:/home/strazi/RINS-kappa/workspace/install/dis_tutorial2:/opt/ros/humble /usr/bin/cmake --build /home/strazi/RINS-kappa/workspace/build/custom_messages -- -j12 -l12
[0.257s] -- Found ament_cmake: 1.3.11 (/opt/ros/humble/share/ament_cmake/cmake)
[0.257s] -- Found geometry_msgs: 4.2.4 (/opt/ros/humble/share/geometry_msgs/cmake)
[0.257s] -- Found rosidl_generator_c: 3.1.6 (/opt/ros/humble/share/rosidl_generator_c/cmake)
[0.257s] -- Found rosidl_adapter: 3.1.6 (/opt/ros/humble/share/rosidl_adapter/cmake)
[0.257s] -- Found rosidl_generator_cpp: 3.1.6 (/opt/ros/humble/share/rosidl_generator_cpp/cmake)
[0.257s] -- Using all available rosidl_typesupport_c: rosidl_typesupport_fastrtps_c;rosidl_typesupport_introspection_c
[0.257s] -- Using all available rosidl_typesupport_cpp: rosidl_typesupport_fastrtps_cpp;rosidl_typesupport_introspection_cpp
[0.257s] -- Found visualization_msgs: 4.2.4 (/opt/ros/humble/share/visualization_msgs/cmake)
[0.279s] -- Found rosidl_default_generators: 1.2.0 (/opt/ros/humble/share/rosidl_default_generators/cmake)
[0.572s] -- Found ament_cmake_ros: 0.10.0 (/opt/ros/humble/share/ament_cmake_ros/cmake)
[1.018s] -- Using all available rosidl_typesupport_c: rosidl_typesupport_fastrtps_c;rosidl_typesupport_introspection_c
[1.189s] -- Using all available rosidl_typesupport_cpp: rosidl_typesupport_fastrtps_cpp;rosidl_typesupport_introspection_cpp
[1.209s] -- Found python_cmake_module: 0.10.0 (/opt/ros/humble/share/python_cmake_module/cmake)
[1.227s] -- Using PYTHON_EXECUTABLE: /usr/bin/python3
[1.227s] -- Using PYTHON_INCLUDE_DIRS: /usr/include/python3.10
[1.227s] -- Using PYTHON_LIBRARIES: /usr/lib/x86_64-linux-gnu/libpython3.10.so
[1.282s] -- Found ament_lint_auto: 0.12.11 (/opt/ros/humble/share/ament_lint_auto/cmake)
[1.289s] -- Added test 'lint_cmake' to check CMake code style
[1.290s] -- Added test 'xmllint' to check XML markup files
[1.292s] -- Configuring done
[1.329s] -- Generating done
[1.342s] -- Build files have been written to: /home/strazi/RINS-kappa/workspace/build/custom_messages
[1.370s] [  2%] [34m[1mGenerating C code for ROS interfaces[0m
[1.375s] [  5%] [34m[1mGenerating C++ code for ROS interfaces[0m
[1.385s] [  5%] Built target ament_cmake_python_copy_custom_messages
[1.614s] running egg_info
[1.615s] writing custom_messages.egg-info/PKG-INFO
[1.615s] writing dependency_links to custom_messages.egg-info/dependency_links.txt
[1.615s] writing top-level names to custom_messages.egg-info/top_level.txt
[1.617s] reading manifest file 'custom_messages.egg-info/SOURCES.txt'
[1.618s] writing manifest file 'custom_messages.egg-info/SOURCES.txt'
[1.644s] [  5%] Built target custom_messages__cpp
[1.645s] [  5%] Built target ament_cmake_python_build_custom_messages_egg
[1.653s] [35m[1mConsolidate compiler generated dependencies of target custom_messages__rosidl_generator_c[0m
[1.654s] [ 10%] [34m[1mGenerating C++ type support dispatch for ROS interfaces[0m
[1.654s] [ 10%] [34m[1mGenerating C++ type support for eProsima Fast-RTPS[0m
[1.654s] [ 12%] [34m[1mGenerating C++ introspection for ROS interfaces[0m
[1.664s] [ 17%] [32mBuilding C object CMakeFiles/custom_messages__rosidl_generator_c.dir/rosidl_generator_c/custom_messages/msg/detail/face_coordinates__functions.c.o[0m
[1.664s] [ 17%] [32mBuilding C object CMakeFiles/custom_messages__rosidl_generator_c.dir/rosidl_generator_c/custom_messages/srv/detail/shape__functions.c.o[0m
[1.680s] In file included from [01m[K/home/strazi/RINS-kappa/workspace/build/custom_messages/rosidl_generator_c/custom_messages/msg/detail/face_coordinates__functions.h:19[m[K,
[1.680s]                  from [01m[K/home/strazi/RINS-kappa/workspace/build/custom_messages/rosidl_generator_c/custom_messages/msg/detail/face_coordinates__functions.c:4[m[K:
[1.680s] [01m[K/home/strazi/RINS-kappa/workspace/build/custom_messages/rosidl_generator_c/custom_messages/msg/detail/face_coordinates__struct.h:24:10:[m[K [01;31m[Kfatal error: [m[Kcustom_messages/msg/detail/marker__struct.h: No such file or directory
[1.680s]    24 | #include [01;31m[K"custom_messages/msg/detail/marker__struct.h"[m[K
[1.680s]       |          [01;31m[K^~~~~~~~~~~~~~~~~~~~~~~~~~~~~~~~~~~~~~~~~~~~~[m[K
[1.680s] compilation terminated.
[1.681s] gmake[2]: *** [CMakeFiles/custom_messages__rosidl_generator_c.dir/build.make:238: CMakeFiles/custom_messages__rosidl_generator_c.dir/rosidl_generator_c/custom_messages/msg/detail/face_coordinates__functions.c.o] Error 1
[1.681s] gmake[2]: *** Waiting for unfinished jobs....
[1.710s] gmake[1]: *** [CMakeFiles/Makefile2:213: CMakeFiles/custom_messages__rosidl_generator_c.dir/all] Error 2
[1.710s] gmake[1]: *** Waiting for unfinished jobs....
[1.848s] [35m[1mConsolidate compiler generated dependencies of target custom_messages__rosidl_typesupport_cpp[0m
[1.861s] [ 23%] [32mBuilding CXX object CMakeFiles/custom_messages__rosidl_typesupport_cpp.dir/rosidl_typesupport_cpp/custom_messages/msg/face_coordinates__type_support.cpp.o[0m
[1.861s] [ 23%] [32mBuilding CXX object CMakeFiles/custom_messages__rosidl_typesupport_cpp.dir/rosidl_typesupport_cpp/custom_messages/srv/shape__type_support.cpp.o[0m
[1.870s] [35m[1mConsolidate compiler generated dependencies of target custom_messages__rosidl_typesupport_introspection_cpp[0m
[1.883s] [ 25%] [32mBuilding CXX object CMakeFiles/custom_messages__rosidl_typesupport_introspection_cpp.dir/rosidl_typesupport_introspection_cpp/custom_messages/srv/detail/shape__type_support.cpp.o[0m
[1.885s] [ 28%] [32mBuilding CXX object CMakeFiles/custom_messages__rosidl_typesupport_introspection_cpp.dir/rosidl_typesupport_introspection_cpp/custom_messages/msg/detail/face_coordinates__type_support.cpp.o[0m
[1.887s] [35m[1mConsolidate compiler generated dependencies of target custom_messages__rosidl_typesupport_fastrtps_cpp[0m
[1.902s] [ 30%] [32mBuilding CXX object CMakeFiles/custom_messages__rosidl_typesupport_fastrtps_cpp.dir/rosidl_typesupport_fastrtps_cpp/custom_messages/srv/detail/dds_fastrtps/shape__type_support.cpp.o[0m
[1.902s] [ 33%] [32mBuilding CXX object CMakeFiles/custom_messages__rosidl_typesupport_fastrtps_cpp.dir/rosidl_typesupport_fastrtps_cpp/custom_messages/msg/detail/dds_fastrtps/face_coordinates__type_support.cpp.o[0m
[1.920s] In file included from [01m[K/home/strazi/RINS-kappa/workspace/build/custom_messages/rosidl_typesupport_cpp/custom_messages/msg/face_coordinates__type_support.cpp:7[m[K:
[1.920s] [01m[K/home/strazi/RINS-kappa/workspace/build/custom_messages/rosidl_generator_cpp/custom_messages/msg/detail/face_coordinates__struct.hpp:22:10:[m[K [01;31m[Kfatal error: [m[Kcustom_messages/msg/detail/marker__struct.hpp: No such file or directory
[1.920s]    22 | #include [01;31m[K"custom_messages/msg/detail/marker__struct.hpp"[m[K
[1.920s]       |          [01;31m[K^~~~~~~~~~~~~~~~~~~~~~~~~~~~~~~~~~~~~~~~~~~~~~~[m[K
[1.920s] compilation terminated.
[1.922s] gmake[2]: *** [CMakeFiles/custom_messages__rosidl_typesupport_cpp.dir/build.make:207: CMakeFiles/custom_messages__rosidl_typesupport_cpp.dir/rosidl_typesupport_cpp/custom_messages/msg/face_coordinates__type_support.cpp.o] Error 1
[1.922s] gmake[2]: *** Waiting for unfinished jobs....
[1.950s] In file included from [01m[K/home/strazi/RINS-kappa/workspace/build/custom_messages/rosidl_typesupport_introspection_cpp/custom_messages/msg/detail/face_coordinates__type_support.cpp:12[m[K:
[1.950s] [01m[K/home/strazi/RINS-kappa/workspace/build/custom_messages/rosidl_generator_cpp/custom_messages/msg/detail/face_coordinates__struct.hpp:22:10:[m[K [01;31m[Kfatal error: [m[Kcustom_messages/msg/detail/marker__struct.hpp: No such file or directory
[1.950s]    22 | #include [01;31m[K"custom_messages/msg/detail/marker__struct.hpp"[m[K
[1.951s]       |          [01;31m[K^~~~~~~~~~~~~~~~~~~~~~~~~~~~~~~~~~~~~~~~~~~~~~~[m[K
[1.951s] compilation terminated.
[1.952s] gmake[2]: *** [CMakeFiles/custom_messages__rosidl_typesupport_introspection_cpp.dir/build.make:215: CMakeFiles/custom_messages__rosidl_typesupport_introspection_cpp.dir/rosidl_typesupport_introspection_cpp/custom_messages/msg/detail/face_coordinates__type_support.cpp.o] Error 1
[1.953s] gmake[2]: *** Waiting for unfinished jobs....
[1.962s] In file included from [01m[K/home/strazi/RINS-kappa/workspace/build/custom_messages/rosidl_typesupport_fastrtps_cpp/custom_messages/msg/detail/face_coordinates__rosidl_typesupport_fastrtps_cpp.hpp:11[m[K,
[1.962s]                  from [01m[K/home/strazi/RINS-kappa/workspace/build/custom_messages/rosidl_typesupport_fastrtps_cpp/custom_messages/msg/detail/dds_fastrtps/face_coordinates__type_support.cpp:4[m[K:
[1.962s] [01m[K/home/strazi/RINS-kappa/workspace/build/custom_messages/rosidl_generator_cpp/custom_messages/msg/detail/face_coordinates__struct.hpp:22:10:[m[K [01;31m[Kfatal error: [m[Kcustom_messages/msg/detail/marker__struct.hpp: No such file or directory
[1.962s]    22 | #include [01;31m[K"custom_messages/msg/detail/marker__struct.hpp"[m[K
[1.962s]       |          [01;31m[K^~~~~~~~~~~~~~~~~~~~~~~~~~~~~~~~~~~~~~~~~~~~~~~[m[K
[1.962s] compilation terminated.
[1.963s] gmake[2]: *** [CMakeFiles/custom_messages__rosidl_typesupport_fastrtps_cpp.dir/build.make:215: CMakeFiles/custom_messages__rosidl_typesupport_fastrtps_cpp.dir/rosidl_typesupport_fastrtps_cpp/custom_messages/msg/detail/dds_fastrtps/face_coordinates__type_support.cpp.o] Error 1
[1.963s] gmake[2]: *** Waiting for unfinished jobs....
[2.066s] gmake[1]: *** [CMakeFiles/Makefile2:395: CMakeFiles/custom_messages__rosidl_typesupport_cpp.dir/all] Error 2
[2.161s] gmake[1]: *** [CMakeFiles/Makefile2:369: CMakeFiles/custom_messages__rosidl_typesupport_introspection_cpp.dir/all] Error 2
[2.198s] gmake[1]: *** [CMakeFiles/Makefile2:291: CMakeFiles/custom_messages__rosidl_typesupport_fastrtps_cpp.dir/all] Error 2
[2.199s] gmake: *** [Makefile:146: all] Error 2
[2.201s] Invoked command in '/home/strazi/RINS-kappa/workspace/build/custom_messages' returned '2': CMAKE_PREFIX_PATH=${CMAKE_PREFIX_PATH}:/home/strazi/RINS-kappa/workspace/install/dis_tutorial2:/opt/ros/humble /usr/bin/cmake --build /home/strazi/RINS-kappa/workspace/build/custom_messages -- -j12 -l12
