[0.383s] Invoking command in '/home/strazi/RINS-kappa/workspace/build/dis_tutorial5': CMAKE_PREFIX_PATH=${CMAKE_PREFIX_PATH}:/home/strazi/RINS-kappa/workspace/install/dis_tutorial2:/opt/ros/humble /usr/bin/cmake --build /home/strazi/RINS-kappa/workspace/build/dis_tutorial5 -- -j12 -l12
[0.507s] [ 33%] Built target pcl_forwarder
[0.559s] [ 66%] Built target cylinder_segmentation
[0.619s] [100%] Built target planes
[0.643s] Invoked command in '/home/strazi/RINS-kappa/workspace/build/dis_tutorial5' returned '0': CMAKE_PREFIX_PATH=${CMAKE_PREFIX_PATH}:/home/strazi/RINS-kappa/workspace/install/dis_tutorial2:/opt/ros/humble /usr/bin/cmake --build /home/strazi/RINS-kappa/workspace/build/dis_tutorial5 -- -j12 -l12
[0.644s] Invoking command in '/home/strazi/RINS-kappa/workspace/build/dis_tutorial5': CMAKE_PREFIX_PATH=${CMAKE_PREFIX_PATH}:/home/strazi/RINS-kappa/workspace/install/dis_tutorial2:/opt/ros/humble /usr/bin/cmake --install /home/strazi/RINS-kappa/workspace/build/dis_tutorial5
[0.655s] -- Install configuration: ""
[0.656s] -- Up-to-date: /home/strazi/RINS-kappa/workspace/install/dis_tutorial5/lib/dis_tutorial5/pcl_forwarder
[0.656s] -- Up-to-date: /home/strazi/RINS-kappa/workspace/install/dis_tutorial5/lib/dis_tutorial5/planes
[0.656s] -- Up-to-date: /home/strazi/RINS-kappa/workspace/install/dis_tutorial5/lib/dis_tutorial5/cylinder_segmentation
[0.656s] -- Installing: /home/strazi/RINS-kappa/workspace/install/dis_tutorial5/lib/dis_tutorial5/detect_rings_final.py
[0.657s] -- Up-to-date: /home/strazi/RINS-kappa/workspace/install/dis_tutorial5/lib/dis_tutorial5/save_rings.py
[0.657s] -- Up-to-date: /home/strazi/RINS-kappa/workspace/install/dis_tutorial5/share/ament_index/resource_index/package_run_dependencies/dis_tutorial5
[0.657s] -- Up-to-date: /home/strazi/RINS-kappa/workspace/install/dis_tutorial5/share/ament_index/resource_index/parent_prefix_path/dis_tutorial5
[0.658s] -- Up-to-date: /home/strazi/RINS-kappa/workspace/install/dis_tutorial5/share/dis_tutorial5/environment/ament_prefix_path.sh
[0.658s] -- Up-to-date: /home/strazi/RINS-kappa/workspace/install/dis_tutorial5/share/dis_tutorial5/environment/ament_prefix_path.dsv
[0.658s] -- Up-to-date: /home/strazi/RINS-kappa/workspace/install/dis_tutorial5/share/dis_tutorial5/environment/path.sh
[0.658s] -- Up-to-date: /home/strazi/RINS-kappa/workspace/install/dis_tutorial5/share/dis_tutorial5/environment/path.dsv
[0.658s] -- Up-to-date: /home/strazi/RINS-kappa/workspace/install/dis_tutorial5/share/dis_tutorial5/local_setup.bash
[0.658s] -- Up-to-date: /home/strazi/RINS-kappa/workspace/install/dis_tutorial5/share/dis_tutorial5/local_setup.sh
[0.658s] -- Up-to-date: /home/strazi/RINS-kappa/workspace/install/dis_tutorial5/share/dis_tutorial5/local_setup.zsh
[0.658s] -- Up-to-date: /home/strazi/RINS-kappa/workspace/install/dis_tutorial5/share/dis_tutorial5/local_setup.dsv
[0.658s] -- Installing: /home/strazi/RINS-kappa/workspace/install/dis_tutorial5/share/dis_tutorial5/package.dsv
[0.658s] -- Up-to-date: /home/strazi/RINS-kappa/workspace/install/dis_tutorial5/share/ament_index/resource_index/packages/dis_tutorial5
[0.659s] -- Up-to-date: /home/strazi/RINS-kappa/workspace/install/dis_tutorial5/share/dis_tutorial5/cmake/dis_tutorial5Config.cmake
[0.659s] -- Up-to-date: /home/strazi/RINS-kappa/workspace/install/dis_tutorial5/share/dis_tutorial5/cmake/dis_tutorial5Config-version.cmake
[0.659s] -- Up-to-date: /home/strazi/RINS-kappa/workspace/install/dis_tutorial5/share/dis_tutorial5/package.xml
[0.662s] Invoked command in '/home/strazi/RINS-kappa/workspace/build/dis_tutorial5' returned '0': CMAKE_PREFIX_PATH=${CMAKE_PREFIX_PATH}:/home/strazi/RINS-kappa/workspace/install/dis_tutorial2:/opt/ros/humble /usr/bin/cmake --install /home/strazi/RINS-kappa/workspace/build/dis_tutorial5
