[0.023s] Invoking command in '/home/thelegend442/faxic/RINS-kappa/workspace/build/dis_tutorial1': CMAKE_PREFIX_PATH=${CMAKE_PREFIX_PATH}:/home/thelegend442/faxic/RINS-kappa/workspace/install/dis_tutorial2:/opt/ros/humble /usr/bin/cmake --build /home/thelegend442/faxic/RINS-kappa/workspace/build/dis_tutorial1 -- -j16 -l16
[0.238s] [35m[1mConsolidate compiler generated dependencies of target simple_publisher[0m
[0.238s] [35m[1mConsolidate compiler generated dependencies of target simple_subscriber[0m
[0.238s] [35m[1mConsolidate compiler generated dependencies of target simple_set_bool_server_node[0m
[0.238s] [35m[1mConsolidate compiler generated dependencies of target dis_tutorial1__rosidl_generator_c[0m
[0.238s] [  1%] Built target dis_tutorial1__cpp
[0.238s] [ 10%] Built target dis_tutorial1__rosidl_generator_c
[0.238s] [ 13%] Built target simple_set_bool_server_node
[0.238s] [ 13%] Built target ament_cmake_python_copy_dis_tutorial1
[0.238s] [ 20%] Built target simple_subscriber
[0.238s] [ 20%] Built target simple_publisher
[0.238s] [35m[1mConsolidate compiler generated dependencies of target dis_tutorial1__rosidl_typesupport_cpp[0m
[0.238s] [35m[1mConsolidate compiler generated dependencies of target dis_tutorial1__rosidl_typesupport_fastrtps_cpp[0m
[0.239s] [35m[1mConsolidate compiler generated dependencies of target dis_tutorial1__rosidl_typesupport_introspection_cpp[0m
[0.239s] [35m[1mConsolidate compiler generated dependencies of target dis_tutorial1__rosidl_typesupport_fastrtps_c[0m
[0.239s] [35m[1mConsolidate compiler generated dependencies of target dis_tutorial1__rosidl_typesupport_introspection_c[0m
[0.239s] [35m[1mConsolidate compiler generated dependencies of target dis_tutorial1__rosidl_typesupport_c[0m
[0.239s] [ 45%] Built target dis_tutorial1__rosidl_typesupport_cpp
[0.239s] [ 45%] Built target dis_tutorial1__rosidl_typesupport_introspection_cpp
[0.239s] [ 45%] Built target dis_tutorial1__rosidl_typesupport_fastrtps_cpp
[0.239s] [ 54%] Built target dis_tutorial1__rosidl_typesupport_fastrtps_c
[0.239s] [ 62%] Built target dis_tutorial1__rosidl_typesupport_introspection_c
[0.239s] [ 71%] Built target dis_tutorial1__rosidl_typesupport_c
[0.239s] [35m[1mConsolidate compiler generated dependencies of target simple_client_node[0m
[0.239s] [35m[1mConsolidate compiler generated dependencies of target complete_node[0m
[0.239s] [35m[1mConsolidate compiler generated dependencies of target simple_server_node[0m
[0.239s] [ 71%] Built target dis_tutorial1
[0.239s] [ 77%] Built target simple_client_node
[0.240s] [ 77%] Built target complete_node
[0.240s] [ 81%] Built target simple_server_node
[0.240s] [ 83%] Built target dis_tutorial1__py
[0.240s] [35m[1mConsolidate compiler generated dependencies of target dis_tutorial1__rosidl_generator_py[0m
[0.240s] [ 89%] Built target dis_tutorial1__rosidl_generator_py
[0.240s] [35m[1mConsolidate compiler generated dependencies of target dis_tutorial1__rosidl_typesupport_fastrtps_c__pyext[0m
[0.240s] [35m[1mConsolidate compiler generated dependencies of target dis_tutorial1__rosidl_typesupport_c__pyext[0m
[0.240s] [35m[1mConsolidate compiler generated dependencies of target dis_tutorial1__rosidl_typesupport_introspection_c__pyext[0m
[0.240s] [ 93%] Built target dis_tutorial1__rosidl_typesupport_introspection_c__pyext
[0.240s] [ 96%] Built target dis_tutorial1__rosidl_typesupport_fastrtps_c__pyext
[0.240s] [100%] Built target dis_tutorial1__rosidl_typesupport_c__pyext
[0.271s] running egg_info
[0.296s] writing dis_tutorial1.egg-info/PKG-INFO
[0.296s] writing dependency_links to dis_tutorial1.egg-info/dependency_links.txt
[0.296s] writing top-level names to dis_tutorial1.egg-info/top_level.txt
[0.330s] reading manifest file 'dis_tutorial1.egg-info/SOURCES.txt'
[0.330s] writing manifest file 'dis_tutorial1.egg-info/SOURCES.txt'
[0.356s] [100%] Built target ament_cmake_python_build_dis_tutorial1_egg
[0.368s] Invoked command in '/home/thelegend442/faxic/RINS-kappa/workspace/build/dis_tutorial1' returned '0': CMAKE_PREFIX_PATH=${CMAKE_PREFIX_PATH}:/home/thelegend442/faxic/RINS-kappa/workspace/install/dis_tutorial2:/opt/ros/humble /usr/bin/cmake --build /home/thelegend442/faxic/RINS-kappa/workspace/build/dis_tutorial1 -- -j16 -l16
[0.369s] Invoking command in '/home/thelegend442/faxic/RINS-kappa/workspace/build/dis_tutorial1': CMAKE_PREFIX_PATH=${CMAKE_PREFIX_PATH}:/home/thelegend442/faxic/RINS-kappa/workspace/install/dis_tutorial2:/opt/ros/humble /usr/bin/cmake --install /home/thelegend442/faxic/RINS-kappa/workspace/build/dis_tutorial1
[0.377s] -- Install configuration: ""
[0.377s] -- Up-to-date: /home/thelegend442/faxic/RINS-kappa/workspace/install/dis_tutorial1/share/ament_index/resource_index/rosidl_interfaces/dis_tutorial1
[0.377s] -- Up-to-date: /home/thelegend442/faxic/RINS-kappa/workspace/install/dis_tutorial1/include/dis_tutorial1/dis_tutorial1
[0.377s] -- Up-to-date: /home/thelegend442/faxic/RINS-kappa/workspace/install/dis_tutorial1/include/dis_tutorial1/dis_tutorial1/msg
[0.377s] -- Up-to-date: /home/thelegend442/faxic/RINS-kappa/workspace/install/dis_tutorial1/include/dis_tutorial1/dis_tutorial1/msg/rosidl_generator_c__visibility_control.h
[0.377s] -- Up-to-date: /home/thelegend442/faxic/RINS-kappa/workspace/install/dis_tutorial1/include/dis_tutorial1/dis_tutorial1/msg/custom_message.h
[0.377s] -- Up-to-date: /home/thelegend442/faxic/RINS-kappa/workspace/install/dis_tutorial1/include/dis_tutorial1/dis_tutorial1/msg/detail
[0.377s] -- Up-to-date: /home/thelegend442/faxic/RINS-kappa/workspace/install/dis_tutorial1/include/dis_tutorial1/dis_tutorial1/msg/detail/custom_message__functions.c
[0.377s] -- Up-to-date: /home/thelegend442/faxic/RINS-kappa/workspace/install/dis_tutorial1/include/dis_tutorial1/dis_tutorial1/msg/detail/custom_message__type_support.h
[0.377s] -- Up-to-date: /home/thelegend442/faxic/RINS-kappa/workspace/install/dis_tutorial1/include/dis_tutorial1/dis_tutorial1/msg/detail/custom_message__struct.h
[0.378s] -- Up-to-date: /home/thelegend442/faxic/RINS-kappa/workspace/install/dis_tutorial1/include/dis_tutorial1/dis_tutorial1/msg/detail/custom_message__functions.h
[0.378s] -- Up-to-date: /home/thelegend442/faxic/RINS-kappa/workspace/install/dis_tutorial1/include/dis_tutorial1/dis_tutorial1/srv
[0.378s] -- Up-to-date: /home/thelegend442/faxic/RINS-kappa/workspace/install/dis_tutorial1/include/dis_tutorial1/dis_tutorial1/srv/add_array.h
[0.378s] -- Up-to-date: /home/thelegend442/faxic/RINS-kappa/workspace/install/dis_tutorial1/include/dis_tutorial1/dis_tutorial1/srv/detail
[0.378s] -- Up-to-date: /home/thelegend442/faxic/RINS-kappa/workspace/install/dis_tutorial1/include/dis_tutorial1/dis_tutorial1/srv/detail/add_two_ints__struct.h
[0.378s] -- Up-to-date: /home/thelegend442/faxic/RINS-kappa/workspace/install/dis_tutorial1/include/dis_tutorial1/dis_tutorial1/srv/detail/add_two_ints__type_support.h
[0.378s] -- Up-to-date: /home/thelegend442/faxic/RINS-kappa/workspace/install/dis_tutorial1/include/dis_tutorial1/dis_tutorial1/srv/detail/add_array__struct.h
[0.378s] -- Up-to-date: /home/thelegend442/faxic/RINS-kappa/workspace/install/dis_tutorial1/include/dis_tutorial1/dis_tutorial1/srv/detail/add_array__type_support.h
[0.378s] -- Up-to-date: /home/thelegend442/faxic/RINS-kappa/workspace/install/dis_tutorial1/include/dis_tutorial1/dis_tutorial1/srv/detail/add_array__functions.c
[0.378s] -- Up-to-date: /home/thelegend442/faxic/RINS-kappa/workspace/install/dis_tutorial1/include/dis_tutorial1/dis_tutorial1/srv/detail/add_two_ints__functions.c
[0.378s] -- Up-to-date: /home/thelegend442/faxic/RINS-kappa/workspace/install/dis_tutorial1/include/dis_tutorial1/dis_tutorial1/srv/detail/add_array__functions.h
[0.378s] -- Up-to-date: /home/thelegend442/faxic/RINS-kappa/workspace/install/dis_tutorial1/include/dis_tutorial1/dis_tutorial1/srv/detail/add_two_ints__functions.h
[0.378s] -- Up-to-date: /home/thelegend442/faxic/RINS-kappa/workspace/install/dis_tutorial1/include/dis_tutorial1/dis_tutorial1/srv/add_two_ints.h
[0.378s] -- Up-to-date: /home/thelegend442/faxic/RINS-kappa/workspace/install/dis_tutorial1/share/dis_tutorial1/environment/library_path.sh
[0.379s] -- Up-to-date: /home/thelegend442/faxic/RINS-kappa/workspace/install/dis_tutorial1/share/dis_tutorial1/environment/library_path.dsv
[0.379s] -- Up-to-date: /home/thelegend442/faxic/RINS-kappa/workspace/install/dis_tutorial1/lib/libdis_tutorial1__rosidl_generator_c.so
[0.379s] -- Up-to-date: /home/thelegend442/faxic/RINS-kappa/workspace/install/dis_tutorial1/include/dis_tutorial1/dis_tutorial1
[0.379s] -- Up-to-date: /home/thelegend442/faxic/RINS-kappa/workspace/install/dis_tutorial1/include/dis_tutorial1/dis_tutorial1/msg
[0.379s] -- Up-to-date: /home/thelegend442/faxic/RINS-kappa/workspace/install/dis_tutorial1/include/dis_tutorial1/dis_tutorial1/msg/rosidl_typesupport_fastrtps_c__visibility_control.h
[0.380s] -- Up-to-date: /home/thelegend442/faxic/RINS-kappa/workspace/install/dis_tutorial1/include/dis_tutorial1/dis_tutorial1/msg/detail
[0.380s] -- Up-to-date: /home/thelegend442/faxic/RINS-kappa/workspace/install/dis_tutorial1/include/dis_tutorial1/dis_tutorial1/msg/detail/custom_message__rosidl_typesupport_fastrtps_c.h
[0.380s] -- Up-to-date: /home/thelegend442/faxic/RINS-kappa/workspace/install/dis_tutorial1/include/dis_tutorial1/dis_tutorial1/srv
[0.380s] -- Up-to-date: /home/thelegend442/faxic/RINS-kappa/workspace/install/dis_tutorial1/include/dis_tutorial1/dis_tutorial1/srv/detail
[0.380s] -- Up-to-date: /home/thelegend442/faxic/RINS-kappa/workspace/install/dis_tutorial1/include/dis_tutorial1/dis_tutorial1/srv/detail/add_array__rosidl_typesupport_fastrtps_c.h
[0.380s] -- Up-to-date: /home/thelegend442/faxic/RINS-kappa/workspace/install/dis_tutorial1/include/dis_tutorial1/dis_tutorial1/srv/detail/add_two_ints__rosidl_typesupport_fastrtps_c.h
[0.380s] -- Up-to-date: /home/thelegend442/faxic/RINS-kappa/workspace/install/dis_tutorial1/lib/libdis_tutorial1__rosidl_typesupport_fastrtps_c.so
[0.380s] -- Up-to-date: /home/thelegend442/faxic/RINS-kappa/workspace/install/dis_tutorial1/include/dis_tutorial1/dis_tutorial1
[0.380s] -- Up-to-date: /home/thelegend442/faxic/RINS-kappa/workspace/install/dis_tutorial1/include/dis_tutorial1/dis_tutorial1/msg
[0.380s] -- Up-to-date: /home/thelegend442/faxic/RINS-kappa/workspace/install/dis_tutorial1/include/dis_tutorial1/dis_tutorial1/msg/custom_message.hpp
[0.381s] -- Up-to-date: /home/thelegend442/faxic/RINS-kappa/workspace/install/dis_tutorial1/include/dis_tutorial1/dis_tutorial1/msg/rosidl_generator_cpp__visibility_control.hpp
[0.381s] -- Up-to-date: /home/thelegend442/faxic/RINS-kappa/workspace/install/dis_tutorial1/include/dis_tutorial1/dis_tutorial1/msg/detail
[0.381s] -- Up-to-date: /home/thelegend442/faxic/RINS-kappa/workspace/install/dis_tutorial1/include/dis_tutorial1/dis_tutorial1/msg/detail/custom_message__type_support.hpp
[0.383s] -- Up-to-date: /home/thelegend442/faxic/RINS-kappa/workspace/install/dis_tutorial1/include/dis_tutorial1/dis_tutorial1/msg/detail/custom_message__traits.hpp
[0.383s] -- Up-to-date: /home/thelegend442/faxic/RINS-kappa/workspace/install/dis_tutorial1/include/dis_tutorial1/dis_tutorial1/msg/detail/custom_message__builder.hpp
[0.383s] -- Up-to-date: /home/thelegend442/faxic/RINS-kappa/workspace/install/dis_tutorial1/include/dis_tutorial1/dis_tutorial1/msg/detail/custom_message__struct.hpp
[0.383s] -- Up-to-date: /home/thelegend442/faxic/RINS-kappa/workspace/install/dis_tutorial1/include/dis_tutorial1/dis_tutorial1/srv
[0.383s] -- Up-to-date: /home/thelegend442/faxic/RINS-kappa/workspace/install/dis_tutorial1/include/dis_tutorial1/dis_tutorial1/srv/add_two_ints.hpp
[0.383s] -- Up-to-date: /home/thelegend442/faxic/RINS-kappa/workspace/install/dis_tutorial1/include/dis_tutorial1/dis_tutorial1/srv/add_array.hpp
[0.383s] -- Up-to-date: /home/thelegend442/faxic/RINS-kappa/workspace/install/dis_tutorial1/include/dis_tutorial1/dis_tutorial1/srv/detail
[0.383s] -- Up-to-date: /home/thelegend442/faxic/RINS-kappa/workspace/install/dis_tutorial1/include/dis_tutorial1/dis_tutorial1/srv/detail/add_array__builder.hpp
[0.383s] -- Up-to-date: /home/thelegend442/faxic/RINS-kappa/workspace/install/dis_tutorial1/include/dis_tutorial1/dis_tutorial1/srv/detail/add_two_ints__traits.hpp
[0.383s] -- Up-to-date: /home/thelegend442/faxic/RINS-kappa/workspace/install/dis_tutorial1/include/dis_tutorial1/dis_tutorial1/srv/detail/add_array__type_support.hpp
[0.383s] -- Up-to-date: /home/thelegend442/faxic/RINS-kappa/workspace/install/dis_tutorial1/include/dis_tutorial1/dis_tutorial1/srv/detail/add_two_ints__struct.hpp
[0.383s] -- Up-to-date: /home/thelegend442/faxic/RINS-kappa/workspace/install/dis_tutorial1/include/dis_tutorial1/dis_tutorial1/srv/detail/add_array__struct.hpp
[0.383s] -- Up-to-date: /home/thelegend442/faxic/RINS-kappa/workspace/install/dis_tutorial1/include/dis_tutorial1/dis_tutorial1/srv/detail/add_two_ints__builder.hpp
[0.384s] -- Up-to-date: /home/thelegend442/faxic/RINS-kappa/workspace/install/dis_tutorial1/include/dis_tutorial1/dis_tutorial1/srv/detail/add_array__traits.hpp
[0.384s] -- Up-to-date: /home/thelegend442/faxic/RINS-kappa/workspace/install/dis_tutorial1/include/dis_tutorial1/dis_tutorial1/srv/detail/add_two_ints__type_support.hpp
[0.384s] -- Up-to-date: /home/thelegend442/faxic/RINS-kappa/workspace/install/dis_tutorial1/include/dis_tutorial1/dis_tutorial1
[0.384s] -- Up-to-date: /home/thelegend442/faxic/RINS-kappa/workspace/install/dis_tutorial1/include/dis_tutorial1/dis_tutorial1/msg
[0.384s] -- Up-to-date: /home/thelegend442/faxic/RINS-kappa/workspace/install/dis_tutorial1/include/dis_tutorial1/dis_tutorial1/msg/rosidl_typesupport_fastrtps_cpp__visibility_control.h
[0.384s] -- Up-to-date: /home/thelegend442/faxic/RINS-kappa/workspace/install/dis_tutorial1/include/dis_tutorial1/dis_tutorial1/msg/detail
[0.384s] -- Up-to-date: /home/thelegend442/faxic/RINS-kappa/workspace/install/dis_tutorial1/include/dis_tutorial1/dis_tutorial1/msg/detail/custom_message__rosidl_typesupport_fastrtps_cpp.hpp
[0.384s] -- Up-to-date: /home/thelegend442/faxic/RINS-kappa/workspace/install/dis_tutorial1/include/dis_tutorial1/dis_tutorial1/msg/detail/dds_fastrtps
[0.384s] -- Up-to-date: /home/thelegend442/faxic/RINS-kappa/workspace/install/dis_tutorial1/include/dis_tutorial1/dis_tutorial1/srv
[0.384s] -- Up-to-date: /home/thelegend442/faxic/RINS-kappa/workspace/install/dis_tutorial1/include/dis_tutorial1/dis_tutorial1/srv/detail
[0.384s] -- Up-to-date: /home/thelegend442/faxic/RINS-kappa/workspace/install/dis_tutorial1/include/dis_tutorial1/dis_tutorial1/srv/detail/add_two_ints__rosidl_typesupport_fastrtps_cpp.hpp
[0.385s] -- Up-to-date: /home/thelegend442/faxic/RINS-kappa/workspace/install/dis_tutorial1/include/dis_tutorial1/dis_tutorial1/srv/detail/add_array__rosidl_typesupport_fastrtps_cpp.hpp
[0.385s] -- Up-to-date: /home/thelegend442/faxic/RINS-kappa/workspace/install/dis_tutorial1/include/dis_tutorial1/dis_tutorial1/srv/detail/dds_fastrtps
[0.385s] -- Up-to-date: /home/thelegend442/faxic/RINS-kappa/workspace/install/dis_tutorial1/lib/libdis_tutorial1__rosidl_typesupport_fastrtps_cpp.so
[0.385s] -- Up-to-date: /home/thelegend442/faxic/RINS-kappa/workspace/install/dis_tutorial1/include/dis_tutorial1/dis_tutorial1
[0.385s] -- Up-to-date: /home/thelegend442/faxic/RINS-kappa/workspace/install/dis_tutorial1/include/dis_tutorial1/dis_tutorial1/msg
[0.385s] -- Up-to-date: /home/thelegend442/faxic/RINS-kappa/workspace/install/dis_tutorial1/include/dis_tutorial1/dis_tutorial1/msg/rosidl_typesupport_introspection_c__visibility_control.h
[0.385s] -- Up-to-date: /home/thelegend442/faxic/RINS-kappa/workspace/install/dis_tutorial1/include/dis_tutorial1/dis_tutorial1/msg/detail
[0.385s] -- Up-to-date: /home/thelegend442/faxic/RINS-kappa/workspace/install/dis_tutorial1/include/dis_tutorial1/dis_tutorial1/msg/detail/custom_message__type_support.c
[0.385s] -- Up-to-date: /home/thelegend442/faxic/RINS-kappa/workspace/install/dis_tutorial1/include/dis_tutorial1/dis_tutorial1/msg/detail/custom_message__rosidl_typesupport_introspection_c.h
[0.385s] -- Up-to-date: /home/thelegend442/faxic/RINS-kappa/workspace/install/dis_tutorial1/include/dis_tutorial1/dis_tutorial1/srv
[0.386s] -- Up-to-date: /home/thelegend442/faxic/RINS-kappa/workspace/install/dis_tutorial1/include/dis_tutorial1/dis_tutorial1/srv/detail
[0.386s] -- Up-to-date: /home/thelegend442/faxic/RINS-kappa/workspace/install/dis_tutorial1/include/dis_tutorial1/dis_tutorial1/srv/detail/add_two_ints__rosidl_typesupport_introspection_c.h
[0.386s] -- Up-to-date: /home/thelegend442/faxic/RINS-kappa/workspace/install/dis_tutorial1/include/dis_tutorial1/dis_tutorial1/srv/detail/add_two_ints__type_support.c
[0.386s] -- Up-to-date: /home/thelegend442/faxic/RINS-kappa/workspace/install/dis_tutorial1/include/dis_tutorial1/dis_tutorial1/srv/detail/add_array__type_support.c
[0.386s] -- Up-to-date: /home/thelegend442/faxic/RINS-kappa/workspace/install/dis_tutorial1/include/dis_tutorial1/dis_tutorial1/srv/detail/add_array__rosidl_typesupport_introspection_c.h
[0.386s] -- Up-to-date: /home/thelegend442/faxic/RINS-kappa/workspace/install/dis_tutorial1/lib/libdis_tutorial1__rosidl_typesupport_introspection_c.so
[0.386s] -- Up-to-date: /home/thelegend442/faxic/RINS-kappa/workspace/install/dis_tutorial1/lib/libdis_tutorial1__rosidl_typesupport_c.so
[0.387s] -- Up-to-date: /home/thelegend442/faxic/RINS-kappa/workspace/install/dis_tutorial1/include/dis_tutorial1/dis_tutorial1
[0.387s] -- Up-to-date: /home/thelegend442/faxic/RINS-kappa/workspace/install/dis_tutorial1/include/dis_tutorial1/dis_tutorial1/msg
[0.387s] -- Up-to-date: /home/thelegend442/faxic/RINS-kappa/workspace/install/dis_tutorial1/include/dis_tutorial1/dis_tutorial1/msg/detail
[0.387s] -- Up-to-date: /home/thelegend442/faxic/RINS-kappa/workspace/install/dis_tutorial1/include/dis_tutorial1/dis_tutorial1/msg/detail/custom_message__rosidl_typesupport_introspection_cpp.hpp
[0.387s] -- Up-to-date: /home/thelegend442/faxic/RINS-kappa/workspace/install/dis_tutorial1/include/dis_tutorial1/dis_tutorial1/msg/detail/custom_message__type_support.cpp
[0.387s] -- Up-to-date: /home/thelegend442/faxic/RINS-kappa/workspace/install/dis_tutorial1/include/dis_tutorial1/dis_tutorial1/srv
[0.387s] -- Up-to-date: /home/thelegend442/faxic/RINS-kappa/workspace/install/dis_tutorial1/include/dis_tutorial1/dis_tutorial1/srv/detail
[0.387s] -- Up-to-date: /home/thelegend442/faxic/RINS-kappa/workspace/install/dis_tutorial1/include/dis_tutorial1/dis_tutorial1/srv/detail/add_two_ints__type_support.cpp
[0.387s] -- Up-to-date: /home/thelegend442/faxic/RINS-kappa/workspace/install/dis_tutorial1/include/dis_tutorial1/dis_tutorial1/srv/detail/add_array__rosidl_typesupport_introspection_cpp.hpp
[0.387s] -- Up-to-date: /home/thelegend442/faxic/RINS-kappa/workspace/install/dis_tutorial1/include/dis_tutorial1/dis_tutorial1/srv/detail/add_two_ints__rosidl_typesupport_introspection_cpp.hpp
[0.387s] -- Up-to-date: /home/thelegend442/faxic/RINS-kappa/workspace/install/dis_tutorial1/include/dis_tutorial1/dis_tutorial1/srv/detail/add_array__type_support.cpp
[0.388s] -- Up-to-date: /home/thelegend442/faxic/RINS-kappa/workspace/install/dis_tutorial1/lib/libdis_tutorial1__rosidl_typesupport_introspection_cpp.so
[0.388s] -- Up-to-date: /home/thelegend442/faxic/RINS-kappa/workspace/install/dis_tutorial1/lib/libdis_tutorial1__rosidl_typesupport_cpp.so
[0.388s] -- Up-to-date: /home/thelegend442/faxic/RINS-kappa/workspace/install/dis_tutorial1/share/dis_tutorial1/environment/pythonpath.sh
[0.388s] -- Up-to-date: /home/thelegend442/faxic/RINS-kappa/workspace/install/dis_tutorial1/share/dis_tutorial1/environment/pythonpath.dsv
[0.388s] -- Up-to-date: /home/thelegend442/faxic/RINS-kappa/workspace/install/dis_tutorial1/local/lib/python3.10/dist-packages/dis_tutorial1-0.0.1-py3.10.egg-info
[0.388s] -- Installing: /home/thelegend442/faxic/RINS-kappa/workspace/install/dis_tutorial1/local/lib/python3.10/dist-packages/dis_tutorial1-0.0.1-py3.10.egg-info/dependency_links.txt
[0.389s] -- Installing: /home/thelegend442/faxic/RINS-kappa/workspace/install/dis_tutorial1/local/lib/python3.10/dist-packages/dis_tutorial1-0.0.1-py3.10.egg-info/SOURCES.txt
[0.389s] -- Installing: /home/thelegend442/faxic/RINS-kappa/workspace/install/dis_tutorial1/local/lib/python3.10/dist-packages/dis_tutorial1-0.0.1-py3.10.egg-info/PKG-INFO
[0.389s] -- Installing: /home/thelegend442/faxic/RINS-kappa/workspace/install/dis_tutorial1/local/lib/python3.10/dist-packages/dis_tutorial1-0.0.1-py3.10.egg-info/top_level.txt
[0.390s] -- Up-to-date: /home/thelegend442/faxic/RINS-kappa/workspace/install/dis_tutorial1/local/lib/python3.10/dist-packages/dis_tutorial1
[0.390s] -- Up-to-date: /home/thelegend442/faxic/RINS-kappa/workspace/install/dis_tutorial1/local/lib/python3.10/dist-packages/dis_tutorial1/_dis_tutorial1_s.ep.rosidl_typesupport_introspection_c.c
[0.390s] -- Up-to-date: /home/thelegend442/faxic/RINS-kappa/workspace/install/dis_tutorial1/local/lib/python3.10/dist-packages/dis_tutorial1/libdis_tutorial1__rosidl_generator_py.so
[0.390s] -- Up-to-date: /home/thelegend442/faxic/RINS-kappa/workspace/install/dis_tutorial1/local/lib/python3.10/dist-packages/dis_tutorial1/_dis_tutorial1_s.ep.rosidl_typesupport_fastrtps_c.c
[0.390s] -- Up-to-date: /home/thelegend442/faxic/RINS-kappa/workspace/install/dis_tutorial1/local/lib/python3.10/dist-packages/dis_tutorial1/msg
[0.390s] -- Up-to-date: /home/thelegend442/faxic/RINS-kappa/workspace/install/dis_tutorial1/local/lib/python3.10/dist-packages/dis_tutorial1/msg/_custom_message.py
[0.390s] -- Up-to-date: /home/thelegend442/faxic/RINS-kappa/workspace/install/dis_tutorial1/local/lib/python3.10/dist-packages/dis_tutorial1/msg/__init__.py
[0.390s] -- Up-to-date: /home/thelegend442/faxic/RINS-kappa/workspace/install/dis_tutorial1/local/lib/python3.10/dist-packages/dis_tutorial1/msg/_custom_message_s.c
[0.390s] -- Up-to-date: /home/thelegend442/faxic/RINS-kappa/workspace/install/dis_tutorial1/local/lib/python3.10/dist-packages/dis_tutorial1/srv
[0.390s] -- Up-to-date: /home/thelegend442/faxic/RINS-kappa/workspace/install/dis_tutorial1/local/lib/python3.10/dist-packages/dis_tutorial1/srv/_add_two_ints.py
[0.390s] -- Up-to-date: /home/thelegend442/faxic/RINS-kappa/workspace/install/dis_tutorial1/local/lib/python3.10/dist-packages/dis_tutorial1/srv/_add_two_ints_s.c
[0.390s] -- Up-to-date: /home/thelegend442/faxic/RINS-kappa/workspace/install/dis_tutorial1/local/lib/python3.10/dist-packages/dis_tutorial1/srv/_add_array_s.c
[0.390s] -- Up-to-date: /home/thelegend442/faxic/RINS-kappa/workspace/install/dis_tutorial1/local/lib/python3.10/dist-packages/dis_tutorial1/srv/__init__.py
[0.390s] -- Up-to-date: /home/thelegend442/faxic/RINS-kappa/workspace/install/dis_tutorial1/local/lib/python3.10/dist-packages/dis_tutorial1/srv/_add_array.py
[0.390s] -- Up-to-date: /home/thelegend442/faxic/RINS-kappa/workspace/install/dis_tutorial1/local/lib/python3.10/dist-packages/dis_tutorial1/dis_tutorial1_s__rosidl_typesupport_introspection_c.cpython-310-x86_64-linux-gnu.so
[0.390s] -- Up-to-date: /home/thelegend442/faxic/RINS-kappa/workspace/install/dis_tutorial1/local/lib/python3.10/dist-packages/dis_tutorial1/__init__.py
[0.390s] -- Up-to-date: /home/thelegend442/faxic/RINS-kappa/workspace/install/dis_tutorial1/local/lib/python3.10/dist-packages/dis_tutorial1/dis_tutorial1_s__rosidl_typesupport_fastrtps_c.cpython-310-x86_64-linux-gnu.so
[0.390s] -- Up-to-date: /home/thelegend442/faxic/RINS-kappa/workspace/install/dis_tutorial1/local/lib/python3.10/dist-packages/dis_tutorial1/_dis_tutorial1_s.ep.rosidl_typesupport_c.c
[0.390s] -- Up-to-date: /home/thelegend442/faxic/RINS-kappa/workspace/install/dis_tutorial1/local/lib/python3.10/dist-packages/dis_tutorial1/dis_tutorial1_s__rosidl_typesupport_c.cpython-310-x86_64-linux-gnu.so
[0.409s] Listing '/home/thelegend442/faxic/RINS-kappa/workspace/install/dis_tutorial1/local/lib/python3.10/dist-packages/dis_tutorial1'...
[0.409s] Listing '/home/thelegend442/faxic/RINS-kappa/workspace/install/dis_tutorial1/local/lib/python3.10/dist-packages/dis_tutorial1/msg'...
[0.409s] Listing '/home/thelegend442/faxic/RINS-kappa/workspace/install/dis_tutorial1/local/lib/python3.10/dist-packages/dis_tutorial1/srv'...
[0.412s] -- Up-to-date: /home/thelegend442/faxic/RINS-kappa/workspace/install/dis_tutorial1/local/lib/python3.10/dist-packages/dis_tutorial1/dis_tutorial1_s__rosidl_typesupport_fastrtps_c.cpython-310-x86_64-linux-gnu.so
[0.412s] -- Up-to-date: /home/thelegend442/faxic/RINS-kappa/workspace/install/dis_tutorial1/local/lib/python3.10/dist-packages/dis_tutorial1/dis_tutorial1_s__rosidl_typesupport_introspection_c.cpython-310-x86_64-linux-gnu.so
[0.413s] -- Up-to-date: /home/thelegend442/faxic/RINS-kappa/workspace/install/dis_tutorial1/local/lib/python3.10/dist-packages/dis_tutorial1/dis_tutorial1_s__rosidl_typesupport_c.cpython-310-x86_64-linux-gnu.so
[0.413s] -- Up-to-date: /home/thelegend442/faxic/RINS-kappa/workspace/install/dis_tutorial1/lib/libdis_tutorial1__rosidl_generator_py.so
[0.413s] -- Up-to-date: /home/thelegend442/faxic/RINS-kappa/workspace/install/dis_tutorial1/share/dis_tutorial1/msg/CustomMessage.idl
[0.413s] -- Up-to-date: /home/thelegend442/faxic/RINS-kappa/workspace/install/dis_tutorial1/share/dis_tutorial1/srv/AddTwoInts.idl
[0.413s] -- Up-to-date: /home/thelegend442/faxic/RINS-kappa/workspace/install/dis_tutorial1/share/dis_tutorial1/srv/AddArray.idl
[0.413s] -- Up-to-date: /home/thelegend442/faxic/RINS-kappa/workspace/install/dis_tutorial1/share/dis_tutorial1/msg/CustomMessage.msg
[0.414s] -- Up-to-date: /home/thelegend442/faxic/RINS-kappa/workspace/install/dis_tutorial1/share/dis_tutorial1/srv/AddTwoInts.srv
[0.414s] -- Up-to-date: /home/thelegend442/faxic/RINS-kappa/workspace/install/dis_tutorial1/share/dis_tutorial1/srv/AddTwoInts_Request.msg
[0.414s] -- Up-to-date: /home/thelegend442/faxic/RINS-kappa/workspace/install/dis_tutorial1/share/dis_tutorial1/srv/AddTwoInts_Response.msg
[0.414s] -- Up-to-date: /home/thelegend442/faxic/RINS-kappa/workspace/install/dis_tutorial1/share/dis_tutorial1/srv/AddArray.srv
[0.414s] -- Up-to-date: /home/thelegend442/faxic/RINS-kappa/workspace/install/dis_tutorial1/share/dis_tutorial1/srv/AddArray_Request.msg
[0.414s] -- Up-to-date: /home/thelegend442/faxic/RINS-kappa/workspace/install/dis_tutorial1/share/dis_tutorial1/srv/AddArray_Response.msg
[0.414s] -- Up-to-date: /home/thelegend442/faxic/RINS-kappa/workspace/install/dis_tutorial1/lib/dis_tutorial1/simple_publisher
[0.414s] -- Up-to-date: /home/thelegend442/faxic/RINS-kappa/workspace/install/dis_tutorial1/lib/dis_tutorial1/simple_subscriber
[0.415s] -- Up-to-date: /home/thelegend442/faxic/RINS-kappa/workspace/install/dis_tutorial1/lib/dis_tutorial1/simple_client_node
[0.415s] -- Up-to-date: /home/thelegend442/faxic/RINS-kappa/workspace/install/dis_tutorial1/lib/dis_tutorial1/simple_server_node
[0.416s] -- Up-to-date: /home/thelegend442/faxic/RINS-kappa/workspace/install/dis_tutorial1/lib/dis_tutorial1/complete_node
[0.416s] -- Up-to-date: /home/thelegend442/faxic/RINS-kappa/workspace/install/dis_tutorial1/lib/dis_tutorial1/simple_set_bool_server_node
[0.417s] -- Up-to-date: /home/thelegend442/faxic/RINS-kappa/workspace/install/dis_tutorial1/lib/dis_tutorial1/py_simple_publisher.py
[0.417s] -- Up-to-date: /home/thelegend442/faxic/RINS-kappa/workspace/install/dis_tutorial1/lib/dis_tutorial1/py_simple_subscriber.py
[0.417s] -- Up-to-date: /home/thelegend442/faxic/RINS-kappa/workspace/install/dis_tutorial1/lib/dis_tutorial1/py_simple_server_node.py
[0.417s] -- Up-to-date: /home/thelegend442/faxic/RINS-kappa/workspace/install/dis_tutorial1/lib/dis_tutorial1/py_simple_client_node.py
[0.417s] -- Up-to-date: /home/thelegend442/faxic/RINS-kappa/workspace/install/dis_tutorial1/lib/dis_tutorial1/py_complete_node.py
[0.417s] -- Up-to-date: /home/thelegend442/faxic/RINS-kappa/workspace/install/dis_tutorial1/lib/dis_tutorial1/py_draw_square.py
[0.417s] -- Up-to-date: /home/thelegend442/faxic/RINS-kappa/workspace/install/dis_tutorial1/share/ament_index/resource_index/package_run_dependencies/dis_tutorial1
[0.417s] -- Up-to-date: /home/thelegend442/faxic/RINS-kappa/workspace/install/dis_tutorial1/share/ament_index/resource_index/parent_prefix_path/dis_tutorial1
[0.418s] -- Up-to-date: /home/thelegend442/faxic/RINS-kappa/workspace/install/dis_tutorial1/share/dis_tutorial1/environment/ament_prefix_path.sh
[0.418s] -- Up-to-date: /home/thelegend442/faxic/RINS-kappa/workspace/install/dis_tutorial1/share/dis_tutorial1/environment/ament_prefix_path.dsv
[0.418s] -- Up-to-date: /home/thelegend442/faxic/RINS-kappa/workspace/install/dis_tutorial1/share/dis_tutorial1/environment/path.sh
[0.418s] -- Up-to-date: /home/thelegend442/faxic/RINS-kappa/workspace/install/dis_tutorial1/share/dis_tutorial1/environment/path.dsv
[0.418s] -- Up-to-date: /home/thelegend442/faxic/RINS-kappa/workspace/install/dis_tutorial1/share/dis_tutorial1/local_setup.bash
[0.418s] -- Up-to-date: /home/thelegend442/faxic/RINS-kappa/workspace/install/dis_tutorial1/share/dis_tutorial1/local_setup.sh
[0.418s] -- Up-to-date: /home/thelegend442/faxic/RINS-kappa/workspace/install/dis_tutorial1/share/dis_tutorial1/local_setup.zsh
[0.418s] -- Up-to-date: /home/thelegend442/faxic/RINS-kappa/workspace/install/dis_tutorial1/share/dis_tutorial1/local_setup.dsv
[0.418s] -- Installing: /home/thelegend442/faxic/RINS-kappa/workspace/install/dis_tutorial1/share/dis_tutorial1/package.dsv
[0.418s] -- Up-to-date: /home/thelegend442/faxic/RINS-kappa/workspace/install/dis_tutorial1/share/ament_index/resource_index/packages/dis_tutorial1
[0.418s] -- Up-to-date: /home/thelegend442/faxic/RINS-kappa/workspace/install/dis_tutorial1/share/dis_tutorial1/cmake/export_dis_tutorial1__rosidl_generator_cExport.cmake
[0.419s] -- Up-to-date: /home/thelegend442/faxic/RINS-kappa/workspace/install/dis_tutorial1/share/dis_tutorial1/cmake/export_dis_tutorial1__rosidl_generator_cExport-noconfig.cmake
[0.419s] -- Up-to-date: /home/thelegend442/faxic/RINS-kappa/workspace/install/dis_tutorial1/share/dis_tutorial1/cmake/export_dis_tutorial1__rosidl_typesupport_fastrtps_cExport.cmake
[0.419s] -- Up-to-date: /home/thelegend442/faxic/RINS-kappa/workspace/install/dis_tutorial1/share/dis_tutorial1/cmake/export_dis_tutorial1__rosidl_typesupport_fastrtps_cExport-noconfig.cmake
[0.419s] -- Up-to-date: /home/thelegend442/faxic/RINS-kappa/workspace/install/dis_tutorial1/share/dis_tutorial1/cmake/export_dis_tutorial1__rosidl_generator_cppExport.cmake
[0.419s] -- Up-to-date: /home/thelegend442/faxic/RINS-kappa/workspace/install/dis_tutorial1/share/dis_tutorial1/cmake/export_dis_tutorial1__rosidl_typesupport_fastrtps_cppExport.cmake
[0.419s] -- Up-to-date: /home/thelegend442/faxic/RINS-kappa/workspace/install/dis_tutorial1/share/dis_tutorial1/cmake/export_dis_tutorial1__rosidl_typesupport_fastrtps_cppExport-noconfig.cmake
[0.419s] -- Up-to-date: /home/thelegend442/faxic/RINS-kappa/workspace/install/dis_tutorial1/share/dis_tutorial1/cmake/dis_tutorial1__rosidl_typesupport_introspection_cExport.cmake
[0.419s] -- Up-to-date: /home/thelegend442/faxic/RINS-kappa/workspace/install/dis_tutorial1/share/dis_tutorial1/cmake/dis_tutorial1__rosidl_typesupport_introspection_cExport-noconfig.cmake
[0.419s] -- Up-to-date: /home/thelegend442/faxic/RINS-kappa/workspace/install/dis_tutorial1/share/dis_tutorial1/cmake/dis_tutorial1__rosidl_typesupport_cExport.cmake
[0.419s] -- Up-to-date: /home/thelegend442/faxic/RINS-kappa/workspace/install/dis_tutorial1/share/dis_tutorial1/cmake/dis_tutorial1__rosidl_typesupport_cExport-noconfig.cmake
[0.419s] -- Up-to-date: /home/thelegend442/faxic/RINS-kappa/workspace/install/dis_tutorial1/share/dis_tutorial1/cmake/dis_tutorial1__rosidl_typesupport_introspection_cppExport.cmake
[0.419s] -- Up-to-date: /home/thelegend442/faxic/RINS-kappa/workspace/install/dis_tutorial1/share/dis_tutorial1/cmake/dis_tutorial1__rosidl_typesupport_introspection_cppExport-noconfig.cmake
[0.419s] -- Up-to-date: /home/thelegend442/faxic/RINS-kappa/workspace/install/dis_tutorial1/share/dis_tutorial1/cmake/dis_tutorial1__rosidl_typesupport_cppExport.cmake
[0.419s] -- Up-to-date: /home/thelegend442/faxic/RINS-kappa/workspace/install/dis_tutorial1/share/dis_tutorial1/cmake/dis_tutorial1__rosidl_typesupport_cppExport-noconfig.cmake
[0.420s] -- Up-to-date: /home/thelegend442/faxic/RINS-kappa/workspace/install/dis_tutorial1/share/dis_tutorial1/cmake/export_dis_tutorial1__rosidl_generator_pyExport.cmake
[0.420s] -- Up-to-date: /home/thelegend442/faxic/RINS-kappa/workspace/install/dis_tutorial1/share/dis_tutorial1/cmake/export_dis_tutorial1__rosidl_generator_pyExport-noconfig.cmake
[0.420s] -- Up-to-date: /home/thelegend442/faxic/RINS-kappa/workspace/install/dis_tutorial1/share/dis_tutorial1/cmake/rosidl_cmake-extras.cmake
[0.420s] -- Up-to-date: /home/thelegend442/faxic/RINS-kappa/workspace/install/dis_tutorial1/share/dis_tutorial1/cmake/ament_cmake_export_dependencies-extras.cmake
[0.420s] -- Up-to-date: /home/thelegend442/faxic/RINS-kappa/workspace/install/dis_tutorial1/share/dis_tutorial1/cmake/ament_cmake_export_include_directories-extras.cmake
[0.420s] -- Up-to-date: /home/thelegend442/faxic/RINS-kappa/workspace/install/dis_tutorial1/share/dis_tutorial1/cmake/ament_cmake_export_libraries-extras.cmake
[0.420s] -- Up-to-date: /home/thelegend442/faxic/RINS-kappa/workspace/install/dis_tutorial1/share/dis_tutorial1/cmake/ament_cmake_export_targets-extras.cmake
[0.420s] -- Up-to-date: /home/thelegend442/faxic/RINS-kappa/workspace/install/dis_tutorial1/share/dis_tutorial1/cmake/rosidl_cmake_export_typesupport_targets-extras.cmake
[0.420s] -- Up-to-date: /home/thelegend442/faxic/RINS-kappa/workspace/install/dis_tutorial1/share/dis_tutorial1/cmake/rosidl_cmake_export_typesupport_libraries-extras.cmake
[0.420s] -- Up-to-date: /home/thelegend442/faxic/RINS-kappa/workspace/install/dis_tutorial1/share/dis_tutorial1/cmake/dis_tutorial1Config.cmake
[0.420s] -- Up-to-date: /home/thelegend442/faxic/RINS-kappa/workspace/install/dis_tutorial1/share/dis_tutorial1/cmake/dis_tutorial1Config-version.cmake
[0.420s] -- Up-to-date: /home/thelegend442/faxic/RINS-kappa/workspace/install/dis_tutorial1/share/dis_tutorial1/package.xml
[0.434s] Invoked command in '/home/thelegend442/faxic/RINS-kappa/workspace/build/dis_tutorial1' returned '0': CMAKE_PREFIX_PATH=${CMAKE_PREFIX_PATH}:/home/thelegend442/faxic/RINS-kappa/workspace/install/dis_tutorial2:/opt/ros/humble /usr/bin/cmake --install /home/thelegend442/faxic/RINS-kappa/workspace/build/dis_tutorial1
