[0.077s] Invoking command in '/home/thelegend442/faxic/RINS-kappa/workspace/build/custom_messages': CMAKE_PREFIX_PATH=${CMAKE_PREFIX_PATH}:/home/thelegend442/faxic/RINS-kappa/workspace/install/dis_tutorial2:/opt/ros/humble /usr/bin/cmake --build /home/thelegend442/faxic/RINS-kappa/workspace/build/custom_messages -- -j16 -l16
[0.441s] [  1%] Built target custom_messages__cpp
[0.442s] [  1%] Built target ament_cmake_python_copy_custom_messages
[0.442s] [ 12%] Built target custom_messages__rosidl_typesupport_introspection_cpp
[0.558s] running egg_info
[0.629s] writing custom_messages.egg-info/PKG-INFO
[0.645s] writing dependency_links to custom_messages.egg-info/dependency_links.txt
[0.646s] writing top-level names to custom_messages.egg-info/top_level.txt
[0.811s] reading manifest file 'custom_messages.egg-info/SOURCES.txt'
[0.811s] writing manifest file 'custom_messages.egg-info/SOURCES.txt'
[0.814s] [ 12%] Built target ament_cmake_python_build_custom_messages_egg
[0.818s] [ 23%] Built target custom_messages__rosidl_typesupport_fastrtps_cpp
[0.838s] [ 34%] Built target custom_messages__rosidl_typesupport_cpp
[0.881s] [ 46%] Built target custom_messages__rosidl_generator_c
[0.924s] [ 57%] Built target custom_messages__rosidl_typesupport_fastrtps_c
[0.961s] [ 68%] Built target custom_messages__rosidl_typesupport_c
[1.000s] [ 79%] Built target custom_messages__rosidl_typesupport_introspection_c
[1.038s] [ 79%] Built target custom_messages
[1.078s] [ 80%] Built target custom_messages__py
[1.115s] [ 90%] Built target custom_messages__rosidl_generator_py
[1.159s] [ 93%] Built target custom_messages__rosidl_typesupport_fastrtps_c__pyext
[1.193s] [ 96%] Built target custom_messages__rosidl_typesupport_c__pyext
[1.227s] [100%] Built target custom_messages__rosidl_typesupport_introspection_c__pyext
[1.250s] Invoked command in '/home/thelegend442/faxic/RINS-kappa/workspace/build/custom_messages' returned '0': CMAKE_PREFIX_PATH=${CMAKE_PREFIX_PATH}:/home/thelegend442/faxic/RINS-kappa/workspace/install/dis_tutorial2:/opt/ros/humble /usr/bin/cmake --build /home/thelegend442/faxic/RINS-kappa/workspace/build/custom_messages -- -j16 -l16
[1.254s] Invoking command in '/home/thelegend442/faxic/RINS-kappa/workspace/build/custom_messages': CMAKE_PREFIX_PATH=${CMAKE_PREFIX_PATH}:/home/thelegend442/faxic/RINS-kappa/workspace/install/dis_tutorial2:/opt/ros/humble /usr/bin/cmake --install /home/thelegend442/faxic/RINS-kappa/workspace/build/custom_messages
[1.266s] -- Install configuration: ""
[1.266s] -- Up-to-date: /home/thelegend442/faxic/RINS-kappa/workspace/install/custom_messages/share/ament_index/resource_index/rosidl_interfaces/custom_messages
[1.266s] -- Up-to-date: /home/thelegend442/faxic/RINS-kappa/workspace/install/custom_messages/include/custom_messages/custom_messages
[1.266s] -- Up-to-date: /home/thelegend442/faxic/RINS-kappa/workspace/install/custom_messages/include/custom_messages/custom_messages/msg
[1.267s] -- Up-to-date: /home/thelegend442/faxic/RINS-kappa/workspace/install/custom_messages/include/custom_messages/custom_messages/msg/ring_coordinates.h
[1.267s] -- Up-to-date: /home/thelegend442/faxic/RINS-kappa/workspace/install/custom_messages/include/custom_messages/custom_messages/msg/rosidl_generator_c__visibility_control.h
[1.267s] -- Up-to-date: /home/thelegend442/faxic/RINS-kappa/workspace/install/custom_messages/include/custom_messages/custom_messages/msg/face_coordinates.h
[1.267s] -- Up-to-date: /home/thelegend442/faxic/RINS-kappa/workspace/install/custom_messages/include/custom_messages/custom_messages/msg/detail
[1.267s] -- Up-to-date: /home/thelegend442/faxic/RINS-kappa/workspace/install/custom_messages/include/custom_messages/custom_messages/msg/detail/ring_coordinates__functions.c
[1.267s] -- Up-to-date: /home/thelegend442/faxic/RINS-kappa/workspace/install/custom_messages/include/custom_messages/custom_messages/msg/detail/face_coordinates__functions.h
[1.267s] -- Up-to-date: /home/thelegend442/faxic/RINS-kappa/workspace/install/custom_messages/include/custom_messages/custom_messages/msg/detail/ring_coordinates__type_support.h
[1.267s] -- Up-to-date: /home/thelegend442/faxic/RINS-kappa/workspace/install/custom_messages/include/custom_messages/custom_messages/msg/detail/face_coordinates__type_support.h
[1.267s] -- Up-to-date: /home/thelegend442/faxic/RINS-kappa/workspace/install/custom_messages/include/custom_messages/custom_messages/msg/detail/face_coordinates__struct.h
[1.268s] -- Up-to-date: /home/thelegend442/faxic/RINS-kappa/workspace/install/custom_messages/include/custom_messages/custom_messages/msg/detail/face_coordinates__functions.c
[1.268s] -- Up-to-date: /home/thelegend442/faxic/RINS-kappa/workspace/install/custom_messages/include/custom_messages/custom_messages/msg/detail/ring_coordinates__struct.h
[1.268s] -- Up-to-date: /home/thelegend442/faxic/RINS-kappa/workspace/install/custom_messages/include/custom_messages/custom_messages/msg/detail/ring_coordinates__functions.h
[1.268s] -- Up-to-date: /home/thelegend442/faxic/RINS-kappa/workspace/install/custom_messages/include/custom_messages/custom_messages/srv
[1.268s] -- Up-to-date: /home/thelegend442/faxic/RINS-kappa/workspace/install/custom_messages/include/custom_messages/custom_messages/srv/shape.h
[1.268s] -- Up-to-date: /home/thelegend442/faxic/RINS-kappa/workspace/install/custom_messages/include/custom_messages/custom_messages/srv/poses_in_front_of_faces.h
[1.268s] -- Up-to-date: /home/thelegend442/faxic/RINS-kappa/workspace/install/custom_messages/include/custom_messages/custom_messages/srv/poses_in_front_of_rings.h
[1.268s] -- Up-to-date: /home/thelegend442/faxic/RINS-kappa/workspace/install/custom_messages/include/custom_messages/custom_messages/srv/detail
[1.268s] -- Up-to-date: /home/thelegend442/faxic/RINS-kappa/workspace/install/custom_messages/include/custom_messages/custom_messages/srv/detail/poses_in_front_of_faces__struct.h
[1.268s] -- Up-to-date: /home/thelegend442/faxic/RINS-kappa/workspace/install/custom_messages/include/custom_messages/custom_messages/srv/detail/poses_in_front_of_faces__functions.c
[1.268s] -- Up-to-date: /home/thelegend442/faxic/RINS-kappa/workspace/install/custom_messages/include/custom_messages/custom_messages/srv/detail/poses_in_front_of_faces__type_support.h
[1.268s] -- Up-to-date: /home/thelegend442/faxic/RINS-kappa/workspace/install/custom_messages/include/custom_messages/custom_messages/srv/detail/poses_in_front_of_rings__struct.h
[1.268s] -- Up-to-date: /home/thelegend442/faxic/RINS-kappa/workspace/install/custom_messages/include/custom_messages/custom_messages/srv/detail/shape__struct.h
[1.268s] -- Up-to-date: /home/thelegend442/faxic/RINS-kappa/workspace/install/custom_messages/include/custom_messages/custom_messages/srv/detail/poses_in_front_of_rings__type_support.h
[1.268s] -- Up-to-date: /home/thelegend442/faxic/RINS-kappa/workspace/install/custom_messages/include/custom_messages/custom_messages/srv/detail/shape__type_support.h
[1.269s] -- Up-to-date: /home/thelegend442/faxic/RINS-kappa/workspace/install/custom_messages/include/custom_messages/custom_messages/srv/detail/poses_in_front_of_rings__functions.c
[1.269s] -- Up-to-date: /home/thelegend442/faxic/RINS-kappa/workspace/install/custom_messages/include/custom_messages/custom_messages/srv/detail/poses_in_front_of_faces__functions.h
[1.269s] -- Up-to-date: /home/thelegend442/faxic/RINS-kappa/workspace/install/custom_messages/include/custom_messages/custom_messages/srv/detail/shape__functions.h
[1.269s] -- Up-to-date: /home/thelegend442/faxic/RINS-kappa/workspace/install/custom_messages/include/custom_messages/custom_messages/srv/detail/shape__functions.c
[1.269s] -- Up-to-date: /home/thelegend442/faxic/RINS-kappa/workspace/install/custom_messages/include/custom_messages/custom_messages/srv/detail/poses_in_front_of_rings__functions.h
[1.269s] -- Up-to-date: /home/thelegend442/faxic/RINS-kappa/workspace/install/custom_messages/share/custom_messages/environment/library_path.sh
[1.269s] -- Up-to-date: /home/thelegend442/faxic/RINS-kappa/workspace/install/custom_messages/share/custom_messages/environment/library_path.dsv
[1.269s] -- Up-to-date: /home/thelegend442/faxic/RINS-kappa/workspace/install/custom_messages/lib/libcustom_messages__rosidl_generator_c.so
[1.269s] -- Up-to-date: /home/thelegend442/faxic/RINS-kappa/workspace/install/custom_messages/include/custom_messages/custom_messages
[1.270s] -- Up-to-date: /home/thelegend442/faxic/RINS-kappa/workspace/install/custom_messages/include/custom_messages/custom_messages/msg
[1.270s] -- Up-to-date: /home/thelegend442/faxic/RINS-kappa/workspace/install/custom_messages/include/custom_messages/custom_messages/msg/rosidl_typesupport_fastrtps_c__visibility_control.h
[1.270s] -- Up-to-date: /home/thelegend442/faxic/RINS-kappa/workspace/install/custom_messages/include/custom_messages/custom_messages/msg/detail
[1.270s] -- Up-to-date: /home/thelegend442/faxic/RINS-kappa/workspace/install/custom_messages/include/custom_messages/custom_messages/msg/detail/ring_coordinates__rosidl_typesupport_fastrtps_c.h
[1.270s] -- Up-to-date: /home/thelegend442/faxic/RINS-kappa/workspace/install/custom_messages/include/custom_messages/custom_messages/msg/detail/face_coordinates__rosidl_typesupport_fastrtps_c.h
[1.270s] -- Up-to-date: /home/thelegend442/faxic/RINS-kappa/workspace/install/custom_messages/include/custom_messages/custom_messages/srv
[1.270s] -- Up-to-date: /home/thelegend442/faxic/RINS-kappa/workspace/install/custom_messages/include/custom_messages/custom_messages/srv/detail
[1.270s] -- Up-to-date: /home/thelegend442/faxic/RINS-kappa/workspace/install/custom_messages/include/custom_messages/custom_messages/srv/detail/poses_in_front_of_rings__rosidl_typesupport_fastrtps_c.h
[1.270s] -- Up-to-date: /home/thelegend442/faxic/RINS-kappa/workspace/install/custom_messages/include/custom_messages/custom_messages/srv/detail/shape__rosidl_typesupport_fastrtps_c.h
[1.270s] -- Up-to-date: /home/thelegend442/faxic/RINS-kappa/workspace/install/custom_messages/include/custom_messages/custom_messages/srv/detail/poses_in_front_of_faces__rosidl_typesupport_fastrtps_c.h
[1.270s] -- Up-to-date: /home/thelegend442/faxic/RINS-kappa/workspace/install/custom_messages/lib/libcustom_messages__rosidl_typesupport_fastrtps_c.so
[1.270s] -- Up-to-date: /home/thelegend442/faxic/RINS-kappa/workspace/install/custom_messages/include/custom_messages/custom_messages
[1.271s] -- Up-to-date: /home/thelegend442/faxic/RINS-kappa/workspace/install/custom_messages/include/custom_messages/custom_messages/msg
[1.271s] -- Up-to-date: /home/thelegend442/faxic/RINS-kappa/workspace/install/custom_messages/include/custom_messages/custom_messages/msg/face_coordinates.hpp
[1.271s] -- Up-to-date: /home/thelegend442/faxic/RINS-kappa/workspace/install/custom_messages/include/custom_messages/custom_messages/msg/ring_coordinates.hpp
[1.271s] -- Up-to-date: /home/thelegend442/faxic/RINS-kappa/workspace/install/custom_messages/include/custom_messages/custom_messages/msg/rosidl_generator_cpp__visibility_control.hpp
[1.271s] -- Up-to-date: /home/thelegend442/faxic/RINS-kappa/workspace/install/custom_messages/include/custom_messages/custom_messages/msg/detail
[1.271s] -- Up-to-date: /home/thelegend442/faxic/RINS-kappa/workspace/install/custom_messages/include/custom_messages/custom_messages/msg/detail/face_coordinates__struct.hpp
[1.271s] -- Up-to-date: /home/thelegend442/faxic/RINS-kappa/workspace/install/custom_messages/include/custom_messages/custom_messages/msg/detail/ring_coordinates__struct.hpp
[1.271s] -- Up-to-date: /home/thelegend442/faxic/RINS-kappa/workspace/install/custom_messages/include/custom_messages/custom_messages/msg/detail/face_coordinates__traits.hpp
[1.271s] -- Up-to-date: /home/thelegend442/faxic/RINS-kappa/workspace/install/custom_messages/include/custom_messages/custom_messages/msg/detail/ring_coordinates__type_support.hpp
[1.271s] -- Up-to-date: /home/thelegend442/faxic/RINS-kappa/workspace/install/custom_messages/include/custom_messages/custom_messages/msg/detail/face_coordinates__type_support.hpp
[1.271s] -- Up-to-date: /home/thelegend442/faxic/RINS-kappa/workspace/install/custom_messages/include/custom_messages/custom_messages/msg/detail/face_coordinates__builder.hpp
[1.271s] -- Up-to-date: /home/thelegend442/faxic/RINS-kappa/workspace/install/custom_messages/include/custom_messages/custom_messages/msg/detail/ring_coordinates__builder.hpp
[1.272s] -- Up-to-date: /home/thelegend442/faxic/RINS-kappa/workspace/install/custom_messages/include/custom_messages/custom_messages/msg/detail/ring_coordinates__traits.hpp
[1.272s] -- Up-to-date: /home/thelegend442/faxic/RINS-kappa/workspace/install/custom_messages/include/custom_messages/custom_messages/srv
[1.272s] -- Up-to-date: /home/thelegend442/faxic/RINS-kappa/workspace/install/custom_messages/include/custom_messages/custom_messages/srv/poses_in_front_of_rings.hpp
[1.272s] -- Up-to-date: /home/thelegend442/faxic/RINS-kappa/workspace/install/custom_messages/include/custom_messages/custom_messages/srv/shape.hpp
[1.272s] -- Up-to-date: /home/thelegend442/faxic/RINS-kappa/workspace/install/custom_messages/include/custom_messages/custom_messages/srv/detail
[1.272s] -- Up-to-date: /home/thelegend442/faxic/RINS-kappa/workspace/install/custom_messages/include/custom_messages/custom_messages/srv/detail/poses_in_front_of_rings__builder.hpp
[1.272s] -- Up-to-date: /home/thelegend442/faxic/RINS-kappa/workspace/install/custom_messages/include/custom_messages/custom_messages/srv/detail/poses_in_front_of_faces__struct.hpp
[1.272s] -- Up-to-date: /home/thelegend442/faxic/RINS-kappa/workspace/install/custom_messages/include/custom_messages/custom_messages/srv/detail/poses_in_front_of_rings__type_support.hpp
[1.272s] -- Up-to-date: /home/thelegend442/faxic/RINS-kappa/workspace/install/custom_messages/include/custom_messages/custom_messages/srv/detail/shape__struct.hpp
[1.272s] -- Up-to-date: /home/thelegend442/faxic/RINS-kappa/workspace/install/custom_messages/include/custom_messages/custom_messages/srv/detail/poses_in_front_of_faces__builder.hpp
[1.272s] -- Up-to-date: /home/thelegend442/faxic/RINS-kappa/workspace/install/custom_messages/include/custom_messages/custom_messages/srv/detail/shape__traits.hpp
[1.272s] -- Up-to-date: /home/thelegend442/faxic/RINS-kappa/workspace/install/custom_messages/include/custom_messages/custom_messages/srv/detail/poses_in_front_of_rings__struct.hpp
[1.272s] -- Up-to-date: /home/thelegend442/faxic/RINS-kappa/workspace/install/custom_messages/include/custom_messages/custom_messages/srv/detail/poses_in_front_of_faces__type_support.hpp
[1.272s] -- Up-to-date: /home/thelegend442/faxic/RINS-kappa/workspace/install/custom_messages/include/custom_messages/custom_messages/srv/detail/shape__builder.hpp
[1.272s] -- Up-to-date: /home/thelegend442/faxic/RINS-kappa/workspace/install/custom_messages/include/custom_messages/custom_messages/srv/detail/poses_in_front_of_rings__traits.hpp
[1.273s] -- Up-to-date: /home/thelegend442/faxic/RINS-kappa/workspace/install/custom_messages/include/custom_messages/custom_messages/srv/detail/shape__type_support.hpp
[1.273s] -- Up-to-date: /home/thelegend442/faxic/RINS-kappa/workspace/install/custom_messages/include/custom_messages/custom_messages/srv/detail/poses_in_front_of_faces__traits.hpp
[1.273s] -- Up-to-date: /home/thelegend442/faxic/RINS-kappa/workspace/install/custom_messages/include/custom_messages/custom_messages/srv/poses_in_front_of_faces.hpp
[1.273s] -- Up-to-date: /home/thelegend442/faxic/RINS-kappa/workspace/install/custom_messages/include/custom_messages/custom_messages
[1.273s] -- Up-to-date: /home/thelegend442/faxic/RINS-kappa/workspace/install/custom_messages/include/custom_messages/custom_messages/msg
[1.273s] -- Up-to-date: /home/thelegend442/faxic/RINS-kappa/workspace/install/custom_messages/include/custom_messages/custom_messages/msg/rosidl_typesupport_fastrtps_cpp__visibility_control.h
[1.273s] -- Up-to-date: /home/thelegend442/faxic/RINS-kappa/workspace/install/custom_messages/include/custom_messages/custom_messages/msg/detail
[1.273s] -- Up-to-date: /home/thelegend442/faxic/RINS-kappa/workspace/install/custom_messages/include/custom_messages/custom_messages/msg/detail/ring_coordinates__rosidl_typesupport_fastrtps_cpp.hpp
[1.273s] -- Up-to-date: /home/thelegend442/faxic/RINS-kappa/workspace/install/custom_messages/include/custom_messages/custom_messages/msg/detail/face_coordinates__rosidl_typesupport_fastrtps_cpp.hpp
[1.273s] -- Up-to-date: /home/thelegend442/faxic/RINS-kappa/workspace/install/custom_messages/include/custom_messages/custom_messages/msg/detail/dds_fastrtps
[1.273s] -- Up-to-date: /home/thelegend442/faxic/RINS-kappa/workspace/install/custom_messages/include/custom_messages/custom_messages/srv
[1.273s] -- Up-to-date: /home/thelegend442/faxic/RINS-kappa/workspace/install/custom_messages/include/custom_messages/custom_messages/srv/detail
[1.274s] -- Up-to-date: /home/thelegend442/faxic/RINS-kappa/workspace/install/custom_messages/include/custom_messages/custom_messages/srv/detail/poses_in_front_of_rings__rosidl_typesupport_fastrtps_cpp.hpp
[1.274s] -- Up-to-date: /home/thelegend442/faxic/RINS-kappa/workspace/install/custom_messages/include/custom_messages/custom_messages/srv/detail/poses_in_front_of_faces__rosidl_typesupport_fastrtps_cpp.hpp
[1.274s] -- Up-to-date: /home/thelegend442/faxic/RINS-kappa/workspace/install/custom_messages/include/custom_messages/custom_messages/srv/detail/dds_fastrtps
[1.274s] -- Up-to-date: /home/thelegend442/faxic/RINS-kappa/workspace/install/custom_messages/include/custom_messages/custom_messages/srv/detail/shape__rosidl_typesupport_fastrtps_cpp.hpp
[1.274s] -- Up-to-date: /home/thelegend442/faxic/RINS-kappa/workspace/install/custom_messages/lib/libcustom_messages__rosidl_typesupport_fastrtps_cpp.so
[1.274s] -- Up-to-date: /home/thelegend442/faxic/RINS-kappa/workspace/install/custom_messages/include/custom_messages/custom_messages
[1.274s] -- Up-to-date: /home/thelegend442/faxic/RINS-kappa/workspace/install/custom_messages/include/custom_messages/custom_messages/msg
[1.274s] -- Up-to-date: /home/thelegend442/faxic/RINS-kappa/workspace/install/custom_messages/include/custom_messages/custom_messages/msg/rosidl_typesupport_introspection_c__visibility_control.h
[1.274s] -- Up-to-date: /home/thelegend442/faxic/RINS-kappa/workspace/install/custom_messages/include/custom_messages/custom_messages/msg/detail
[1.274s] -- Up-to-date: /home/thelegend442/faxic/RINS-kappa/workspace/install/custom_messages/include/custom_messages/custom_messages/msg/detail/ring_coordinates__type_support.c
[1.274s] -- Up-to-date: /home/thelegend442/faxic/RINS-kappa/workspace/install/custom_messages/include/custom_messages/custom_messages/msg/detail/ring_coordinates__rosidl_typesupport_introspection_c.h
[1.274s] -- Up-to-date: /home/thelegend442/faxic/RINS-kappa/workspace/install/custom_messages/include/custom_messages/custom_messages/msg/detail/face_coordinates__type_support.c
[1.275s] -- Up-to-date: /home/thelegend442/faxic/RINS-kappa/workspace/install/custom_messages/include/custom_messages/custom_messages/msg/detail/face_coordinates__rosidl_typesupport_introspection_c.h
[1.275s] -- Up-to-date: /home/thelegend442/faxic/RINS-kappa/workspace/install/custom_messages/include/custom_messages/custom_messages/srv
[1.275s] -- Up-to-date: /home/thelegend442/faxic/RINS-kappa/workspace/install/custom_messages/include/custom_messages/custom_messages/srv/detail
[1.275s] -- Up-to-date: /home/thelegend442/faxic/RINS-kappa/workspace/install/custom_messages/include/custom_messages/custom_messages/srv/detail/poses_in_front_of_rings__rosidl_typesupport_introspection_c.h
[1.275s] -- Up-to-date: /home/thelegend442/faxic/RINS-kappa/workspace/install/custom_messages/include/custom_messages/custom_messages/srv/detail/poses_in_front_of_rings__type_support.c
[1.275s] -- Up-to-date: /home/thelegend442/faxic/RINS-kappa/workspace/install/custom_messages/include/custom_messages/custom_messages/srv/detail/shape__rosidl_typesupport_introspection_c.h
[1.275s] -- Up-to-date: /home/thelegend442/faxic/RINS-kappa/workspace/install/custom_messages/include/custom_messages/custom_messages/srv/detail/poses_in_front_of_faces__rosidl_typesupport_introspection_c.h
[1.275s] -- Up-to-date: /home/thelegend442/faxic/RINS-kappa/workspace/install/custom_messages/include/custom_messages/custom_messages/srv/detail/shape__type_support.c
[1.275s] -- Up-to-date: /home/thelegend442/faxic/RINS-kappa/workspace/install/custom_messages/include/custom_messages/custom_messages/srv/detail/poses_in_front_of_faces__type_support.c
[1.275s] -- Up-to-date: /home/thelegend442/faxic/RINS-kappa/workspace/install/custom_messages/lib/libcustom_messages__rosidl_typesupport_introspection_c.so
[1.275s] -- Up-to-date: /home/thelegend442/faxic/RINS-kappa/workspace/install/custom_messages/lib/libcustom_messages__rosidl_typesupport_c.so
[1.275s] -- Up-to-date: /home/thelegend442/faxic/RINS-kappa/workspace/install/custom_messages/include/custom_messages/custom_messages
[1.275s] -- Up-to-date: /home/thelegend442/faxic/RINS-kappa/workspace/install/custom_messages/include/custom_messages/custom_messages/msg
[1.275s] -- Up-to-date: /home/thelegend442/faxic/RINS-kappa/workspace/install/custom_messages/include/custom_messages/custom_messages/msg/detail
[1.276s] -- Up-to-date: /home/thelegend442/faxic/RINS-kappa/workspace/install/custom_messages/include/custom_messages/custom_messages/msg/detail/ring_coordinates__type_support.cpp
[1.276s] -- Up-to-date: /home/thelegend442/faxic/RINS-kappa/workspace/install/custom_messages/include/custom_messages/custom_messages/msg/detail/face_coordinates__rosidl_typesupport_introspection_cpp.hpp
[1.276s] -- Up-to-date: /home/thelegend442/faxic/RINS-kappa/workspace/install/custom_messages/include/custom_messages/custom_messages/msg/detail/face_coordinates__type_support.cpp
[1.276s] -- Up-to-date: /home/thelegend442/faxic/RINS-kappa/workspace/install/custom_messages/include/custom_messages/custom_messages/msg/detail/ring_coordinates__rosidl_typesupport_introspection_cpp.hpp
[1.276s] -- Up-to-date: /home/thelegend442/faxic/RINS-kappa/workspace/install/custom_messages/include/custom_messages/custom_messages/srv
[1.276s] -- Up-to-date: /home/thelegend442/faxic/RINS-kappa/workspace/install/custom_messages/include/custom_messages/custom_messages/srv/detail
[1.276s] -- Up-to-date: /home/thelegend442/faxic/RINS-kappa/workspace/install/custom_messages/include/custom_messages/custom_messages/srv/detail/poses_in_front_of_rings__type_support.cpp
[1.276s] -- Up-to-date: /home/thelegend442/faxic/RINS-kappa/workspace/install/custom_messages/include/custom_messages/custom_messages/srv/detail/shape__rosidl_typesupport_introspection_cpp.hpp
[1.276s] -- Up-to-date: /home/thelegend442/faxic/RINS-kappa/workspace/install/custom_messages/include/custom_messages/custom_messages/srv/detail/shape__type_support.cpp
[1.276s] -- Up-to-date: /home/thelegend442/faxic/RINS-kappa/workspace/install/custom_messages/include/custom_messages/custom_messages/srv/detail/poses_in_front_of_faces__rosidl_typesupport_introspection_cpp.hpp
[1.276s] -- Up-to-date: /home/thelegend442/faxic/RINS-kappa/workspace/install/custom_messages/include/custom_messages/custom_messages/srv/detail/poses_in_front_of_rings__rosidl_typesupport_introspection_cpp.hpp
[1.276s] -- Up-to-date: /home/thelegend442/faxic/RINS-kappa/workspace/install/custom_messages/include/custom_messages/custom_messages/srv/detail/poses_in_front_of_faces__type_support.cpp
[1.276s] -- Up-to-date: /home/thelegend442/faxic/RINS-kappa/workspace/install/custom_messages/lib/libcustom_messages__rosidl_typesupport_introspection_cpp.so
[1.276s] -- Up-to-date: /home/thelegend442/faxic/RINS-kappa/workspace/install/custom_messages/lib/libcustom_messages__rosidl_typesupport_cpp.so
[1.276s] -- Up-to-date: /home/thelegend442/faxic/RINS-kappa/workspace/install/custom_messages/share/custom_messages/environment/pythonpath.sh
[1.276s] -- Up-to-date: /home/thelegend442/faxic/RINS-kappa/workspace/install/custom_messages/share/custom_messages/environment/pythonpath.dsv
[1.277s] -- Up-to-date: /home/thelegend442/faxic/RINS-kappa/workspace/install/custom_messages/local/lib/python3.10/dist-packages/custom_messages-0.0.0-py3.10.egg-info
[1.277s] -- Installing: /home/thelegend442/faxic/RINS-kappa/workspace/install/custom_messages/local/lib/python3.10/dist-packages/custom_messages-0.0.0-py3.10.egg-info/dependency_links.txt
[1.277s] -- Installing: /home/thelegend442/faxic/RINS-kappa/workspace/install/custom_messages/local/lib/python3.10/dist-packages/custom_messages-0.0.0-py3.10.egg-info/SOURCES.txt
[1.277s] -- Installing: /home/thelegend442/faxic/RINS-kappa/workspace/install/custom_messages/local/lib/python3.10/dist-packages/custom_messages-0.0.0-py3.10.egg-info/PKG-INFO
[1.277s] -- Installing: /home/thelegend442/faxic/RINS-kappa/workspace/install/custom_messages/local/lib/python3.10/dist-packages/custom_messages-0.0.0-py3.10.egg-info/top_level.txt
[1.277s] -- Up-to-date: /home/thelegend442/faxic/RINS-kappa/workspace/install/custom_messages/local/lib/python3.10/dist-packages/custom_messages
[1.277s] -- Up-to-date: /home/thelegend442/faxic/RINS-kappa/workspace/install/custom_messages/local/lib/python3.10/dist-packages/custom_messages/_custom_messages_s.ep.rosidl_typesupport_fastrtps_c.c
[1.277s] -- Up-to-date: /home/thelegend442/faxic/RINS-kappa/workspace/install/custom_messages/local/lib/python3.10/dist-packages/custom_messages/_custom_messages_s.ep.rosidl_typesupport_c.c
[1.277s] -- Up-to-date: /home/thelegend442/faxic/RINS-kappa/workspace/install/custom_messages/local/lib/python3.10/dist-packages/custom_messages/msg
[1.277s] -- Up-to-date: /home/thelegend442/faxic/RINS-kappa/workspace/install/custom_messages/local/lib/python3.10/dist-packages/custom_messages/msg/_face_coordinates_s.c
[1.277s] -- Up-to-date: /home/thelegend442/faxic/RINS-kappa/workspace/install/custom_messages/local/lib/python3.10/dist-packages/custom_messages/msg/_ring_coordinates_s.c
[1.277s] -- Up-to-date: /home/thelegend442/faxic/RINS-kappa/workspace/install/custom_messages/local/lib/python3.10/dist-packages/custom_messages/msg/_ring_coordinates.py
[1.277s] -- Up-to-date: /home/thelegend442/faxic/RINS-kappa/workspace/install/custom_messages/local/lib/python3.10/dist-packages/custom_messages/msg/__init__.py
[1.277s] -- Up-to-date: /home/thelegend442/faxic/RINS-kappa/workspace/install/custom_messages/local/lib/python3.10/dist-packages/custom_messages/msg/_face_coordinates.py
[1.277s] -- Up-to-date: /home/thelegend442/faxic/RINS-kappa/workspace/install/custom_messages/local/lib/python3.10/dist-packages/custom_messages/custom_messages_s__rosidl_typesupport_fastrtps_c.cpython-310-x86_64-linux-gnu.so
[1.277s] -- Up-to-date: /home/thelegend442/faxic/RINS-kappa/workspace/install/custom_messages/local/lib/python3.10/dist-packages/custom_messages/srv
[1.277s] -- Up-to-date: /home/thelegend442/faxic/RINS-kappa/workspace/install/custom_messages/local/lib/python3.10/dist-packages/custom_messages/srv/_poses_in_front_of_rings_s.c
[1.277s] -- Up-to-date: /home/thelegend442/faxic/RINS-kappa/workspace/install/custom_messages/local/lib/python3.10/dist-packages/custom_messages/srv/_shape_s.c
[1.278s] -- Up-to-date: /home/thelegend442/faxic/RINS-kappa/workspace/install/custom_messages/local/lib/python3.10/dist-packages/custom_messages/srv/_poses_in_front_of_faces.py
[1.278s] -- Up-to-date: /home/thelegend442/faxic/RINS-kappa/workspace/install/custom_messages/local/lib/python3.10/dist-packages/custom_messages/srv/_poses_in_front_of_rings.py
[1.278s] -- Up-to-date: /home/thelegend442/faxic/RINS-kappa/workspace/install/custom_messages/local/lib/python3.10/dist-packages/custom_messages/srv/_poses_in_front_of_faces_s.c
[1.278s] -- Up-to-date: /home/thelegend442/faxic/RINS-kappa/workspace/install/custom_messages/local/lib/python3.10/dist-packages/custom_messages/srv/_shape.py
[1.278s] -- Up-to-date: /home/thelegend442/faxic/RINS-kappa/workspace/install/custom_messages/local/lib/python3.10/dist-packages/custom_messages/srv/__init__.py
[1.278s] -- Up-to-date: /home/thelegend442/faxic/RINS-kappa/workspace/install/custom_messages/local/lib/python3.10/dist-packages/custom_messages/libcustom_messages__rosidl_generator_py.so
[1.278s] -- Up-to-date: /home/thelegend442/faxic/RINS-kappa/workspace/install/custom_messages/local/lib/python3.10/dist-packages/custom_messages/_custom_messages_s.ep.rosidl_typesupport_introspection_c.c
[1.278s] -- Up-to-date: /home/thelegend442/faxic/RINS-kappa/workspace/install/custom_messages/local/lib/python3.10/dist-packages/custom_messages/__init__.py
[1.278s] -- Up-to-date: /home/thelegend442/faxic/RINS-kappa/workspace/install/custom_messages/local/lib/python3.10/dist-packages/custom_messages/custom_messages_s__rosidl_typesupport_c.cpython-310-x86_64-linux-gnu.so
[1.278s] -- Up-to-date: /home/thelegend442/faxic/RINS-kappa/workspace/install/custom_messages/local/lib/python3.10/dist-packages/custom_messages/custom_messages_s__rosidl_typesupport_introspection_c.cpython-310-x86_64-linux-gnu.so
[1.325s] Listing '/home/thelegend442/faxic/RINS-kappa/workspace/install/custom_messages/local/lib/python3.10/dist-packages/custom_messages'...
[1.326s] Listing '/home/thelegend442/faxic/RINS-kappa/workspace/install/custom_messages/local/lib/python3.10/dist-packages/custom_messages/msg'...
[1.326s] Listing '/home/thelegend442/faxic/RINS-kappa/workspace/install/custom_messages/local/lib/python3.10/dist-packages/custom_messages/srv'...
[1.339s] -- Up-to-date: /home/thelegend442/faxic/RINS-kappa/workspace/install/custom_messages/local/lib/python3.10/dist-packages/custom_messages/custom_messages_s__rosidl_typesupport_fastrtps_c.cpython-310-x86_64-linux-gnu.so
[1.340s] -- Up-to-date: /home/thelegend442/faxic/RINS-kappa/workspace/install/custom_messages/local/lib/python3.10/dist-packages/custom_messages/custom_messages_s__rosidl_typesupport_introspection_c.cpython-310-x86_64-linux-gnu.so
[1.340s] -- Up-to-date: /home/thelegend442/faxic/RINS-kappa/workspace/install/custom_messages/local/lib/python3.10/dist-packages/custom_messages/custom_messages_s__rosidl_typesupport_c.cpython-310-x86_64-linux-gnu.so
[1.341s] -- Up-to-date: /home/thelegend442/faxic/RINS-kappa/workspace/install/custom_messages/lib/libcustom_messages__rosidl_generator_py.so
[1.341s] -- Up-to-date: /home/thelegend442/faxic/RINS-kappa/workspace/install/custom_messages/share/custom_messages/msg/FaceCoordinates.idl
[1.341s] -- Up-to-date: /home/thelegend442/faxic/RINS-kappa/workspace/install/custom_messages/share/custom_messages/msg/RingCoordinates.idl
[1.342s] -- Up-to-date: /home/thelegend442/faxic/RINS-kappa/workspace/install/custom_messages/share/custom_messages/srv/Shape.idl
[1.342s] -- Up-to-date: /home/thelegend442/faxic/RINS-kappa/workspace/install/custom_messages/share/custom_messages/srv/PosesInFrontOfFaces.idl
[1.342s] -- Up-to-date: /home/thelegend442/faxic/RINS-kappa/workspace/install/custom_messages/share/custom_messages/srv/PosesInFrontOfRings.idl
[1.342s] -- Up-to-date: /home/thelegend442/faxic/RINS-kappa/workspace/install/custom_messages/share/custom_messages/msg/FaceCoordinates.msg
[1.342s] -- Up-to-date: /home/thelegend442/faxic/RINS-kappa/workspace/install/custom_messages/share/custom_messages/msg/RingCoordinates.msg
[1.342s] -- Up-to-date: /home/thelegend442/faxic/RINS-kappa/workspace/install/custom_messages/share/custom_messages/srv/Shape.srv
[1.343s] -- Up-to-date: /home/thelegend442/faxic/RINS-kappa/workspace/install/custom_messages/share/custom_messages/srv/Shape_Request.msg
[1.343s] -- Up-to-date: /home/thelegend442/faxic/RINS-kappa/workspace/install/custom_messages/share/custom_messages/srv/Shape_Response.msg
[1.343s] -- Up-to-date: /home/thelegend442/faxic/RINS-kappa/workspace/install/custom_messages/share/custom_messages/srv/PosesInFrontOfFaces.srv
[1.343s] -- Up-to-date: /home/thelegend442/faxic/RINS-kappa/workspace/install/custom_messages/share/custom_messages/srv/PosesInFrontOfFaces_Request.msg
[1.343s] -- Up-to-date: /home/thelegend442/faxic/RINS-kappa/workspace/install/custom_messages/share/custom_messages/srv/PosesInFrontOfFaces_Response.msg
[1.343s] -- Up-to-date: /home/thelegend442/faxic/RINS-kappa/workspace/install/custom_messages/share/custom_messages/srv/PosesInFrontOfRings.srv
[1.343s] -- Up-to-date: /home/thelegend442/faxic/RINS-kappa/workspace/install/custom_messages/share/custom_messages/srv/PosesInFrontOfRings_Request.msg
[1.343s] -- Up-to-date: /home/thelegend442/faxic/RINS-kappa/workspace/install/custom_messages/share/custom_messages/srv/PosesInFrontOfRings_Response.msg
[1.343s] -- Up-to-date: /home/thelegend442/faxic/RINS-kappa/workspace/install/custom_messages/share/ament_index/resource_index/package_run_dependencies/custom_messages
[1.343s] -- Up-to-date: /home/thelegend442/faxic/RINS-kappa/workspace/install/custom_messages/share/ament_index/resource_index/parent_prefix_path/custom_messages
[1.345s] -- Up-to-date: /home/thelegend442/faxic/RINS-kappa/workspace/install/custom_messages/share/custom_messages/environment/ament_prefix_path.sh
[1.345s] -- Up-to-date: /home/thelegend442/faxic/RINS-kappa/workspace/install/custom_messages/share/custom_messages/environment/ament_prefix_path.dsv
[1.346s] -- Up-to-date: /home/thelegend442/faxic/RINS-kappa/workspace/install/custom_messages/share/custom_messages/environment/path.sh
[1.346s] -- Up-to-date: /home/thelegend442/faxic/RINS-kappa/workspace/install/custom_messages/share/custom_messages/environment/path.dsv
[1.346s] -- Up-to-date: /home/thelegend442/faxic/RINS-kappa/workspace/install/custom_messages/share/custom_messages/local_setup.bash
[1.346s] -- Up-to-date: /home/thelegend442/faxic/RINS-kappa/workspace/install/custom_messages/share/custom_messages/local_setup.sh
[1.346s] -- Up-to-date: /home/thelegend442/faxic/RINS-kappa/workspace/install/custom_messages/share/custom_messages/local_setup.zsh
[1.346s] -- Up-to-date: /home/thelegend442/faxic/RINS-kappa/workspace/install/custom_messages/share/custom_messages/local_setup.dsv
[1.346s] -- Installing: /home/thelegend442/faxic/RINS-kappa/workspace/install/custom_messages/share/custom_messages/package.dsv
[1.346s] -- Up-to-date: /home/thelegend442/faxic/RINS-kappa/workspace/install/custom_messages/share/ament_index/resource_index/packages/custom_messages
[1.346s] -- Up-to-date: /home/thelegend442/faxic/RINS-kappa/workspace/install/custom_messages/share/custom_messages/cmake/export_custom_messages__rosidl_generator_cExport.cmake
[1.346s] -- Up-to-date: /home/thelegend442/faxic/RINS-kappa/workspace/install/custom_messages/share/custom_messages/cmake/export_custom_messages__rosidl_generator_cExport-noconfig.cmake
[1.347s] -- Up-to-date: /home/thelegend442/faxic/RINS-kappa/workspace/install/custom_messages/share/custom_messages/cmake/export_custom_messages__rosidl_typesupport_fastrtps_cExport.cmake
[1.347s] -- Up-to-date: /home/thelegend442/faxic/RINS-kappa/workspace/install/custom_messages/share/custom_messages/cmake/export_custom_messages__rosidl_typesupport_fastrtps_cExport-noconfig.cmake
[1.347s] -- Up-to-date: /home/thelegend442/faxic/RINS-kappa/workspace/install/custom_messages/share/custom_messages/cmake/export_custom_messages__rosidl_generator_cppExport.cmake
[1.347s] -- Up-to-date: /home/thelegend442/faxic/RINS-kappa/workspace/install/custom_messages/share/custom_messages/cmake/export_custom_messages__rosidl_typesupport_fastrtps_cppExport.cmake
[1.347s] -- Up-to-date: /home/thelegend442/faxic/RINS-kappa/workspace/install/custom_messages/share/custom_messages/cmake/export_custom_messages__rosidl_typesupport_fastrtps_cppExport-noconfig.cmake
[1.347s] -- Up-to-date: /home/thelegend442/faxic/RINS-kappa/workspace/install/custom_messages/share/custom_messages/cmake/custom_messages__rosidl_typesupport_introspection_cExport.cmake
[1.347s] -- Up-to-date: /home/thelegend442/faxic/RINS-kappa/workspace/install/custom_messages/share/custom_messages/cmake/custom_messages__rosidl_typesupport_introspection_cExport-noconfig.cmake
[1.347s] -- Up-to-date: /home/thelegend442/faxic/RINS-kappa/workspace/install/custom_messages/share/custom_messages/cmake/custom_messages__rosidl_typesupport_cExport.cmake
[1.347s] -- Up-to-date: /home/thelegend442/faxic/RINS-kappa/workspace/install/custom_messages/share/custom_messages/cmake/custom_messages__rosidl_typesupport_cExport-noconfig.cmake
[1.347s] -- Up-to-date: /home/thelegend442/faxic/RINS-kappa/workspace/install/custom_messages/share/custom_messages/cmake/custom_messages__rosidl_typesupport_introspection_cppExport.cmake
[1.347s] -- Up-to-date: /home/thelegend442/faxic/RINS-kappa/workspace/install/custom_messages/share/custom_messages/cmake/custom_messages__rosidl_typesupport_introspection_cppExport-noconfig.cmake
[1.348s] -- Up-to-date: /home/thelegend442/faxic/RINS-kappa/workspace/install/custom_messages/share/custom_messages/cmake/custom_messages__rosidl_typesupport_cppExport.cmake
[1.348s] -- Up-to-date: /home/thelegend442/faxic/RINS-kappa/workspace/install/custom_messages/share/custom_messages/cmake/custom_messages__rosidl_typesupport_cppExport-noconfig.cmake
[1.348s] -- Up-to-date: /home/thelegend442/faxic/RINS-kappa/workspace/install/custom_messages/share/custom_messages/cmake/export_custom_messages__rosidl_generator_pyExport.cmake
[1.348s] -- Up-to-date: /home/thelegend442/faxic/RINS-kappa/workspace/install/custom_messages/share/custom_messages/cmake/export_custom_messages__rosidl_generator_pyExport-noconfig.cmake
[1.348s] -- Up-to-date: /home/thelegend442/faxic/RINS-kappa/workspace/install/custom_messages/share/custom_messages/cmake/rosidl_cmake-extras.cmake
[1.348s] -- Up-to-date: /home/thelegend442/faxic/RINS-kappa/workspace/install/custom_messages/share/custom_messages/cmake/ament_cmake_export_dependencies-extras.cmake
[1.348s] -- Up-to-date: /home/thelegend442/faxic/RINS-kappa/workspace/install/custom_messages/share/custom_messages/cmake/ament_cmake_export_include_directories-extras.cmake
[1.348s] -- Up-to-date: /home/thelegend442/faxic/RINS-kappa/workspace/install/custom_messages/share/custom_messages/cmake/ament_cmake_export_libraries-extras.cmake
[1.348s] -- Up-to-date: /home/thelegend442/faxic/RINS-kappa/workspace/install/custom_messages/share/custom_messages/cmake/ament_cmake_export_targets-extras.cmake
[1.348s] -- Up-to-date: /home/thelegend442/faxic/RINS-kappa/workspace/install/custom_messages/share/custom_messages/cmake/rosidl_cmake_export_typesupport_targets-extras.cmake
[1.348s] -- Up-to-date: /home/thelegend442/faxic/RINS-kappa/workspace/install/custom_messages/share/custom_messages/cmake/rosidl_cmake_export_typesupport_libraries-extras.cmake
[1.349s] -- Up-to-date: /home/thelegend442/faxic/RINS-kappa/workspace/install/custom_messages/share/custom_messages/cmake/custom_messagesConfig.cmake
[1.349s] -- Up-to-date: /home/thelegend442/faxic/RINS-kappa/workspace/install/custom_messages/share/custom_messages/cmake/custom_messagesConfig-version.cmake
[1.349s] -- Up-to-date: /home/thelegend442/faxic/RINS-kappa/workspace/install/custom_messages/share/custom_messages/package.xml
[1.354s] Invoked command in '/home/thelegend442/faxic/RINS-kappa/workspace/build/custom_messages' returned '0': CMAKE_PREFIX_PATH=${CMAKE_PREFIX_PATH}:/home/thelegend442/faxic/RINS-kappa/workspace/install/dis_tutorial2:/opt/ros/humble /usr/bin/cmake --install /home/thelegend442/faxic/RINS-kappa/workspace/build/custom_messages
