[0.669s] Invoking command in '/home/strazi/FAKS/3.letnik/RINS/workspace/build/dis_tutorial2': PYTHONPATH=/home/strazi/FAKS/3.letnik/RINS/workspace/build/dis_tutorial2/prefix_override:/usr/lib/python3/dist-packages/colcon_core/task/python/colcon_distutils_commands:/home/strazi/FAKS/3.letnik/RINS/workspace/install/dis_tutorial2/lib/python3.10/site-packages:${PYTHONPATH} /usr/bin/python3 -W ignore:setup.py install is deprecated -W ignore:easy_install command is deprecated setup.py develop --editable --build-directory /home/strazi/FAKS/3.letnik/RINS/workspace/build/dis_tutorial2/build --no-deps symlink_data
[0.915s] running develop
[1.088s] running egg_info
[1.088s] writing dis_tutorial2.egg-info/PKG-INFO
[1.088s] writing dependency_links to dis_tutorial2.egg-info/dependency_links.txt
[1.088s] writing entry points to dis_tutorial2.egg-info/entry_points.txt
[1.088s] writing requirements to dis_tutorial2.egg-info/requires.txt
[1.089s] writing top-level names to dis_tutorial2.egg-info/top_level.txt
[1.091s] reading manifest file 'dis_tutorial2.egg-info/SOURCES.txt'
[1.092s] writing manifest file 'dis_tutorial2.egg-info/SOURCES.txt'
[1.094s] running build_ext
[1.094s] Creating /home/strazi/FAKS/3.letnik/RINS/workspace/install/dis_tutorial2/lib/python3.10/site-packages/dis-tutorial2.egg-link (link to .)
[1.095s] Installing achtung_die_turtle script to /home/strazi/FAKS/3.letnik/RINS/workspace/install/dis_tutorial2/lib/dis_tutorial2
[1.095s] Installing go_to_position script to /home/strazi/FAKS/3.letnik/RINS/workspace/install/dis_tutorial2/lib/dis_tutorial2
[1.096s] Installing intersection script to /home/strazi/FAKS/3.letnik/RINS/workspace/install/dis_tutorial2/lib/dis_tutorial2
[1.096s] Installing random_velocity_publisher script to /home/strazi/FAKS/3.letnik/RINS/workspace/install/dis_tutorial2/lib/dis_tutorial2
[1.096s] 
[1.096s] Installed /home/strazi/FAKS/3.letnik/RINS/workspace/build/dis_tutorial2
[1.096s] running symlink_data
[1.129s] Invoked command in '/home/strazi/FAKS/3.letnik/RINS/workspace/build/dis_tutorial2' returned '0': PYTHONPATH=/home/strazi/FAKS/3.letnik/RINS/workspace/build/dis_tutorial2/prefix_override:/usr/lib/python3/dist-packages/colcon_core/task/python/colcon_distutils_commands:/home/strazi/FAKS/3.letnik/RINS/workspace/install/dis_tutorial2/lib/python3.10/site-packages:${PYTHONPATH} /usr/bin/python3 -W ignore:setup.py install is deprecated -W ignore:easy_install command is deprecated setup.py develop --editable --build-directory /home/strazi/FAKS/3.letnik/RINS/workspace/build/dis_tutorial2/build --no-deps symlink_data
