[0.663s] Invoking command in '/home/thelegend442/faxic/RINS-kappa/workspace/src/dis_tutorial2': PYTHONPATH=/home/thelegend442/faxic/RINS-kappa/workspace/build/dis_tutorial2/prefix_override:/usr/lib/python3/dist-packages/colcon_core/task/python/colcon_distutils_commands:/home/thelegend442/faxic/RINS-kappa/workspace/install/dis_tutorial2/lib/python3.10/site-packages:${PYTHONPATH} /usr/bin/python3 -W ignore:setup.py install is deprecated -W ignore:easy_install command is deprecated setup.py egg_info --egg-base ../../build/dis_tutorial2 build --build-base /home/thelegend442/faxic/RINS-kappa/workspace/build/dis_tutorial2/build install --record /home/thelegend442/faxic/RINS-kappa/workspace/build/dis_tutorial2/install.log --single-version-externally-managed install_data
[0.861s] running egg_info
[0.861s] creating ../../build/dis_tutorial2/dis_tutorial2.egg-info
[0.874s] writing ../../build/dis_tutorial2/dis_tutorial2.egg-info/PKG-INFO
[0.874s] writing dependency_links to ../../build/dis_tutorial2/dis_tutorial2.egg-info/dependency_links.txt
[0.874s] writing entry points to ../../build/dis_tutorial2/dis_tutorial2.egg-info/entry_points.txt
[0.874s] writing requirements to ../../build/dis_tutorial2/dis_tutorial2.egg-info/requires.txt
[0.874s] writing top-level names to ../../build/dis_tutorial2/dis_tutorial2.egg-info/top_level.txt
[0.874s] writing manifest file '../../build/dis_tutorial2/dis_tutorial2.egg-info/SOURCES.txt'
[0.901s] reading manifest file '../../build/dis_tutorial2/dis_tutorial2.egg-info/SOURCES.txt'
[0.902s] writing manifest file '../../build/dis_tutorial2/dis_tutorial2.egg-info/SOURCES.txt'
[0.902s] running build
[0.902s] running build_py
[0.902s] creating /home/thelegend442/faxic/RINS-kappa/workspace/build/dis_tutorial2/build
[0.902s] creating /home/thelegend442/faxic/RINS-kappa/workspace/build/dis_tutorial2/build/lib
[0.902s] creating /home/thelegend442/faxic/RINS-kappa/workspace/build/dis_tutorial2/build/lib/dis_tutorial2
[0.902s] copying dis_tutorial2/achtung_die_turtles.py -> /home/thelegend442/faxic/RINS-kappa/workspace/build/dis_tutorial2/build/lib/dis_tutorial2
[0.902s] copying dis_tutorial2/random_velocity_publisher_node.py -> /home/thelegend442/faxic/RINS-kappa/workspace/build/dis_tutorial2/build/lib/dis_tutorial2
[0.902s] copying dis_tutorial2/draw_shape_node.py -> /home/thelegend442/faxic/RINS-kappa/workspace/build/dis_tutorial2/build/lib/dis_tutorial2
[0.902s] copying dis_tutorial2/draw_client.py -> /home/thelegend442/faxic/RINS-kappa/workspace/build/dis_tutorial2/build/lib/dis_tutorial2
[0.903s] copying dis_tutorial2/__init__.py -> /home/thelegend442/faxic/RINS-kappa/workspace/build/dis_tutorial2/build/lib/dis_tutorial2
[0.903s] copying dis_tutorial2/go_to_position_simple_node.py -> /home/thelegend442/faxic/RINS-kappa/workspace/build/dis_tutorial2/build/lib/dis_tutorial2
[0.903s] running install
[0.907s] running install_lib
[0.921s] creating /home/thelegend442/faxic/RINS-kappa/workspace/install/dis_tutorial2/lib/python3.10/site-packages/dis_tutorial2
[0.921s] copying /home/thelegend442/faxic/RINS-kappa/workspace/build/dis_tutorial2/build/lib/dis_tutorial2/achtung_die_turtles.py -> /home/thelegend442/faxic/RINS-kappa/workspace/install/dis_tutorial2/lib/python3.10/site-packages/dis_tutorial2
[0.921s] copying /home/thelegend442/faxic/RINS-kappa/workspace/build/dis_tutorial2/build/lib/dis_tutorial2/random_velocity_publisher_node.py -> /home/thelegend442/faxic/RINS-kappa/workspace/install/dis_tutorial2/lib/python3.10/site-packages/dis_tutorial2
[0.921s] copying /home/thelegend442/faxic/RINS-kappa/workspace/build/dis_tutorial2/build/lib/dis_tutorial2/draw_shape_node.py -> /home/thelegend442/faxic/RINS-kappa/workspace/install/dis_tutorial2/lib/python3.10/site-packages/dis_tutorial2
[0.921s] copying /home/thelegend442/faxic/RINS-kappa/workspace/build/dis_tutorial2/build/lib/dis_tutorial2/draw_client.py -> /home/thelegend442/faxic/RINS-kappa/workspace/install/dis_tutorial2/lib/python3.10/site-packages/dis_tutorial2
[0.921s] copying /home/thelegend442/faxic/RINS-kappa/workspace/build/dis_tutorial2/build/lib/dis_tutorial2/__init__.py -> /home/thelegend442/faxic/RINS-kappa/workspace/install/dis_tutorial2/lib/python3.10/site-packages/dis_tutorial2
[0.921s] copying /home/thelegend442/faxic/RINS-kappa/workspace/build/dis_tutorial2/build/lib/dis_tutorial2/go_to_position_simple_node.py -> /home/thelegend442/faxic/RINS-kappa/workspace/install/dis_tutorial2/lib/python3.10/site-packages/dis_tutorial2
[0.922s] byte-compiling /home/thelegend442/faxic/RINS-kappa/workspace/install/dis_tutorial2/lib/python3.10/site-packages/dis_tutorial2/achtung_die_turtles.py to achtung_die_turtles.cpython-310.pyc
[0.924s] byte-compiling /home/thelegend442/faxic/RINS-kappa/workspace/install/dis_tutorial2/lib/python3.10/site-packages/dis_tutorial2/random_velocity_publisher_node.py to random_velocity_publisher_node.cpython-310.pyc
[0.924s] byte-compiling /home/thelegend442/faxic/RINS-kappa/workspace/install/dis_tutorial2/lib/python3.10/site-packages/dis_tutorial2/draw_shape_node.py to draw_shape_node.cpython-310.pyc
[0.924s] byte-compiling /home/thelegend442/faxic/RINS-kappa/workspace/install/dis_tutorial2/lib/python3.10/site-packages/dis_tutorial2/draw_client.py to draw_client.cpython-310.pyc
[0.925s] byte-compiling /home/thelegend442/faxic/RINS-kappa/workspace/install/dis_tutorial2/lib/python3.10/site-packages/dis_tutorial2/__init__.py to __init__.cpython-310.pyc
[0.925s] byte-compiling /home/thelegend442/faxic/RINS-kappa/workspace/install/dis_tutorial2/lib/python3.10/site-packages/dis_tutorial2/go_to_position_simple_node.py to go_to_position_simple_node.cpython-310.pyc
[0.926s] running install_data
[0.926s] creating /home/thelegend442/faxic/RINS-kappa/workspace/install/dis_tutorial2/share/ament_index
[0.926s] creating /home/thelegend442/faxic/RINS-kappa/workspace/install/dis_tutorial2/share/ament_index/resource_index
[0.926s] creating /home/thelegend442/faxic/RINS-kappa/workspace/install/dis_tutorial2/share/ament_index/resource_index/packages
[0.926s] copying resource/dis_tutorial2 -> /home/thelegend442/faxic/RINS-kappa/workspace/install/dis_tutorial2/share/ament_index/resource_index/packages
[0.926s] copying package.xml -> /home/thelegend442/faxic/RINS-kappa/workspace/install/dis_tutorial2/share/dis_tutorial2
[0.926s] creating /home/thelegend442/faxic/RINS-kappa/workspace/install/dis_tutorial2/share/dis_tutorial2/launch
[0.926s] copying launch/example_launch.py -> /home/thelegend442/faxic/RINS-kappa/workspace/install/dis_tutorial2/share/dis_tutorial2/launch
[0.926s] copying launch/go_to_position_launch.py -> /home/thelegend442/faxic/RINS-kappa/workspace/install/dis_tutorial2/share/dis_tutorial2/launch
[0.926s] copying launch/example_launch.xml -> /home/thelegend442/faxic/RINS-kappa/workspace/install/dis_tutorial2/share/dis_tutorial2/launch
[0.926s] copying launch/example_launch.yaml -> /home/thelegend442/faxic/RINS-kappa/workspace/install/dis_tutorial2/share/dis_tutorial2/launch
[0.927s] running install_egg_info
[0.941s] Copying ../../build/dis_tutorial2/dis_tutorial2.egg-info to /home/thelegend442/faxic/RINS-kappa/workspace/install/dis_tutorial2/lib/python3.10/site-packages/dis_tutorial2-0.0.1-py3.10.egg-info
[0.942s] running install_scripts
[1.067s] Installing achtung_die_turtle script to /home/thelegend442/faxic/RINS-kappa/workspace/install/dis_tutorial2/lib/dis_tutorial2
[1.067s] Installing draw_client script to /home/thelegend442/faxic/RINS-kappa/workspace/install/dis_tutorial2/lib/dis_tutorial2
[1.067s] Installing draw_shape script to /home/thelegend442/faxic/RINS-kappa/workspace/install/dis_tutorial2/lib/dis_tutorial2
[1.067s] Installing go_to_position script to /home/thelegend442/faxic/RINS-kappa/workspace/install/dis_tutorial2/lib/dis_tutorial2
[1.067s] Installing random_velocity_publisher script to /home/thelegend442/faxic/RINS-kappa/workspace/install/dis_tutorial2/lib/dis_tutorial2
[1.068s] writing list of installed files to '/home/thelegend442/faxic/RINS-kappa/workspace/build/dis_tutorial2/install.log'
[1.107s] Invoked command in '/home/thelegend442/faxic/RINS-kappa/workspace/src/dis_tutorial2' returned '0': PYTHONPATH=/home/thelegend442/faxic/RINS-kappa/workspace/build/dis_tutorial2/prefix_override:/usr/lib/python3/dist-packages/colcon_core/task/python/colcon_distutils_commands:/home/thelegend442/faxic/RINS-kappa/workspace/install/dis_tutorial2/lib/python3.10/site-packages:${PYTHONPATH} /usr/bin/python3 -W ignore:setup.py install is deprecated -W ignore:easy_install command is deprecated setup.py egg_info --egg-base ../../build/dis_tutorial2 build --build-base /home/thelegend442/faxic/RINS-kappa/workspace/build/dis_tutorial2/build install --record /home/thelegend442/faxic/RINS-kappa/workspace/build/dis_tutorial2/install.log --single-version-externally-managed install_data
