[0.083s] DEBUG:colcon:Command line arguments: ['/usr/bin/colcon', 'build']
[0.083s] DEBUG:colcon:Parsed command line arguments: Namespace(log_base=None, log_level=None, verb_name='build', build_base='build', install_base='install', merge_install=False, symlink_install=False, test_result_base=None, continue_on_error=False, executor='parallel', parallel_workers=12, event_handlers=None, ignore_user_meta=False, metas=['./colcon.meta'], base_paths=['.'], packages_ignore=None, packages_ignore_regex=None, paths=None, packages_up_to=None, packages_up_to_regex=None, packages_above=None, packages_above_and_dependencies=None, packages_above_depth=None, packages_select_by_dep=None, packages_skip_by_dep=None, packages_skip_up_to=None, packages_select_build_failed=False, packages_skip_build_finished=False, packages_select_test_failures=False, packages_skip_test_passed=False, packages_select=None, packages_skip=None, packages_select_regex=None, packages_skip_regex=None, packages_start=None, packages_end=None, allow_overriding=[], cmake_args=None, cmake_target=None, cmake_target_skip_unavailable=False, cmake_clean_cache=False, cmake_clean_first=False, cmake_force_configure=False, ament_cmake_args=None, catkin_cmake_args=None, catkin_skip_building_tests=False, mixin_files=None, mixin=None, verb_parser=<colcon_mixin.mixin.mixin_argument.MixinArgumentDecorator object at 0x775f5ff52b00>, verb_extension=<colcon_core.verb.build.BuildVerb object at 0x775f5ff100d0>, main=<bound method BuildVerb.main of <colcon_core.verb.build.BuildVerb object at 0x775f5ff100d0>>, mixin_verb=('build',))
[0.224s] Level 1:colcon.colcon_core.package_discovery:discover_packages(colcon_meta) check parameters
[0.224s] Level 1:colcon.colcon_core.package_discovery:discover_packages(recursive) check parameters
[0.224s] Level 1:colcon.colcon_core.package_discovery:discover_packages(ignore) check parameters
[0.224s] Level 1:colcon.colcon_core.package_discovery:discover_packages(path) check parameters
[0.224s] Level 1:colcon.colcon_core.package_discovery:discover_packages(colcon_meta) discover
[0.224s] Level 1:colcon.colcon_core.package_discovery:discover_packages(recursive) discover
[0.224s] INFO:colcon.colcon_core.package_discovery:Crawling recursively for packages in '/home/strazi/RINS-kappa/workspace'
[0.224s] Level 1:colcon.colcon_core.package_identification:_identify(.) by extensions ['ignore', 'ignore_ament_install']
[0.224s] Level 1:colcon.colcon_core.package_identification:_identify(.) by extension 'ignore'
[0.224s] Level 1:colcon.colcon_core.package_identification:_identify(.) by extension 'ignore_ament_install'
[0.225s] Level 1:colcon.colcon_core.package_identification:_identify(.) by extensions ['colcon_pkg']
[0.225s] Level 1:colcon.colcon_core.package_identification:_identify(.) by extension 'colcon_pkg'
[0.225s] Level 1:colcon.colcon_core.package_identification:_identify(.) by extensions ['colcon_meta']
[0.225s] Level 1:colcon.colcon_core.package_identification:_identify(.) by extension 'colcon_meta'
[0.225s] Level 1:colcon.colcon_core.package_identification:_identify(.) by extensions ['ros']
[0.225s] Level 1:colcon.colcon_core.package_identification:_identify(.) by extension 'ros'
[0.233s] Level 1:colcon.colcon_core.package_identification:_identify(.) by extensions ['cmake', 'python']
[0.233s] Level 1:colcon.colcon_core.package_identification:_identify(.) by extension 'cmake'
[0.233s] Level 1:colcon.colcon_core.package_identification:_identify(.) by extension 'python'
[0.233s] Level 1:colcon.colcon_core.package_identification:_identify(.) by extensions ['python_setup_py']
[0.233s] Level 1:colcon.colcon_core.package_identification:_identify(.) by extension 'python_setup_py'
[0.233s] Level 1:colcon.colcon_core.package_identification:_identify(build) by extensions ['ignore', 'ignore_ament_install']
[0.233s] Level 1:colcon.colcon_core.package_identification:_identify(build) by extension 'ignore'
[0.233s] Level 1:colcon.colcon_core.package_identification:_identify(build) ignored
[0.233s] Level 1:colcon.colcon_core.package_identification:_identify(install) by extensions ['ignore', 'ignore_ament_install']
[0.233s] Level 1:colcon.colcon_core.package_identification:_identify(install) by extension 'ignore'
[0.233s] Level 1:colcon.colcon_core.package_identification:_identify(install) ignored
[0.233s] Level 1:colcon.colcon_core.package_identification:_identify(log) by extensions ['ignore', 'ignore_ament_install']
[0.233s] Level 1:colcon.colcon_core.package_identification:_identify(log) by extension 'ignore'
[0.233s] Level 1:colcon.colcon_core.package_identification:_identify(log) ignored
[0.234s] Level 1:colcon.colcon_core.package_identification:_identify(src) by extensions ['ignore', 'ignore_ament_install']
[0.234s] Level 1:colcon.colcon_core.package_identification:_identify(src) by extension 'ignore'
[0.234s] Level 1:colcon.colcon_core.package_identification:_identify(src) by extension 'ignore_ament_install'
[0.234s] Level 1:colcon.colcon_core.package_identification:_identify(src) by extensions ['colcon_pkg']
[0.234s] Level 1:colcon.colcon_core.package_identification:_identify(src) by extension 'colcon_pkg'
[0.234s] Level 1:colcon.colcon_core.package_identification:_identify(src) by extensions ['colcon_meta']
[0.234s] Level 1:colcon.colcon_core.package_identification:_identify(src) by extension 'colcon_meta'
[0.234s] Level 1:colcon.colcon_core.package_identification:_identify(src) by extensions ['ros']
[0.234s] Level 1:colcon.colcon_core.package_identification:_identify(src) by extension 'ros'
[0.234s] Level 1:colcon.colcon_core.package_identification:_identify(src) by extensions ['cmake', 'python']
[0.234s] Level 1:colcon.colcon_core.package_identification:_identify(src) by extension 'cmake'
[0.234s] Level 1:colcon.colcon_core.package_identification:_identify(src) by extension 'python'
[0.234s] Level 1:colcon.colcon_core.package_identification:_identify(src) by extensions ['python_setup_py']
[0.234s] Level 1:colcon.colcon_core.package_identification:_identify(src) by extension 'python_setup_py'
[0.234s] Level 1:colcon.colcon_core.package_identification:_identify(src/custom_messages) by extensions ['ignore', 'ignore_ament_install']
[0.234s] Level 1:colcon.colcon_core.package_identification:_identify(src/custom_messages) by extension 'ignore'
[0.234s] Level 1:colcon.colcon_core.package_identification:_identify(src/custom_messages) by extension 'ignore_ament_install'
[0.234s] Level 1:colcon.colcon_core.package_identification:_identify(src/custom_messages) by extensions ['colcon_pkg']
[0.234s] Level 1:colcon.colcon_core.package_identification:_identify(src/custom_messages) by extension 'colcon_pkg'
[0.234s] Level 1:colcon.colcon_core.package_identification:_identify(src/custom_messages) by extensions ['colcon_meta']
[0.234s] Level 1:colcon.colcon_core.package_identification:_identify(src/custom_messages) by extension 'colcon_meta'
[0.234s] Level 1:colcon.colcon_core.package_identification:_identify(src/custom_messages) by extensions ['ros']
[0.234s] Level 1:colcon.colcon_core.package_identification:_identify(src/custom_messages) by extension 'ros'
[0.236s] DEBUG:colcon.colcon_core.package_identification:Package 'src/custom_messages' with type 'ros.ament_cmake' and name 'custom_messages'
[0.236s] Level 1:colcon.colcon_core.package_identification:_identify(src/dis_tutorial1) by extensions ['ignore', 'ignore_ament_install']
[0.236s] Level 1:colcon.colcon_core.package_identification:_identify(src/dis_tutorial1) by extension 'ignore'
[0.236s] Level 1:colcon.colcon_core.package_identification:_identify(src/dis_tutorial1) by extension 'ignore_ament_install'
[0.236s] Level 1:colcon.colcon_core.package_identification:_identify(src/dis_tutorial1) by extensions ['colcon_pkg']
[0.236s] Level 1:colcon.colcon_core.package_identification:_identify(src/dis_tutorial1) by extension 'colcon_pkg'
[0.236s] Level 1:colcon.colcon_core.package_identification:_identify(src/dis_tutorial1) by extensions ['colcon_meta']
[0.236s] Level 1:colcon.colcon_core.package_identification:_identify(src/dis_tutorial1) by extension 'colcon_meta'
[0.236s] Level 1:colcon.colcon_core.package_identification:_identify(src/dis_tutorial1) by extensions ['ros']
[0.236s] Level 1:colcon.colcon_core.package_identification:_identify(src/dis_tutorial1) by extension 'ros'
[0.237s] DEBUG:colcon.colcon_core.package_identification:Package 'src/dis_tutorial1' with type 'ros.ament_cmake' and name 'dis_tutorial1'
[0.237s] Level 1:colcon.colcon_core.package_identification:_identify(src/dis_tutorial2) by extensions ['ignore', 'ignore_ament_install']
[0.237s] Level 1:colcon.colcon_core.package_identification:_identify(src/dis_tutorial2) by extension 'ignore'
[0.237s] Level 1:colcon.colcon_core.package_identification:_identify(src/dis_tutorial2) by extension 'ignore_ament_install'
[0.237s] Level 1:colcon.colcon_core.package_identification:_identify(src/dis_tutorial2) by extensions ['colcon_pkg']
[0.237s] Level 1:colcon.colcon_core.package_identification:_identify(src/dis_tutorial2) by extension 'colcon_pkg'
[0.237s] Level 1:colcon.colcon_core.package_identification:_identify(src/dis_tutorial2) by extensions ['colcon_meta']
[0.237s] Level 1:colcon.colcon_core.package_identification:_identify(src/dis_tutorial2) by extension 'colcon_meta'
[0.237s] Level 1:colcon.colcon_core.package_identification:_identify(src/dis_tutorial2) by extensions ['ros']
[0.237s] Level 1:colcon.colcon_core.package_identification:_identify(src/dis_tutorial2) by extension 'ros'
[0.240s] DEBUG:colcon.colcon_core.package_identification:Package 'src/dis_tutorial2' with type 'ros.ament_python' and name 'dis_tutorial2'
[0.240s] Level 1:colcon.colcon_core.package_identification:_identify(src/dis_tutorial3) by extensions ['ignore', 'ignore_ament_install']
[0.240s] Level 1:colcon.colcon_core.package_identification:_identify(src/dis_tutorial3) by extension 'ignore'
[0.240s] Level 1:colcon.colcon_core.package_identification:_identify(src/dis_tutorial3) by extension 'ignore_ament_install'
[0.240s] Level 1:colcon.colcon_core.package_identification:_identify(src/dis_tutorial3) by extensions ['colcon_pkg']
[0.240s] Level 1:colcon.colcon_core.package_identification:_identify(src/dis_tutorial3) by extension 'colcon_pkg'
[0.240s] Level 1:colcon.colcon_core.package_identification:_identify(src/dis_tutorial3) by extensions ['colcon_meta']
[0.240s] Level 1:colcon.colcon_core.package_identification:_identify(src/dis_tutorial3) by extension 'colcon_meta'
[0.240s] Level 1:colcon.colcon_core.package_identification:_identify(src/dis_tutorial3) by extensions ['ros']
[0.240s] Level 1:colcon.colcon_core.package_identification:_identify(src/dis_tutorial3) by extension 'ros'
[0.241s] DEBUG:colcon.colcon_core.package_identification:Package 'src/dis_tutorial3' with type 'ros.ament_cmake' and name 'dis_tutorial3'
[0.241s] Level 1:colcon.colcon_core.package_identification:_identify(src/dis_tutorial4) by extensions ['ignore', 'ignore_ament_install']
[0.241s] Level 1:colcon.colcon_core.package_identification:_identify(src/dis_tutorial4) by extension 'ignore'
[0.241s] Level 1:colcon.colcon_core.package_identification:_identify(src/dis_tutorial4) by extension 'ignore_ament_install'
[0.241s] Level 1:colcon.colcon_core.package_identification:_identify(src/dis_tutorial4) by extensions ['colcon_pkg']
[0.241s] Level 1:colcon.colcon_core.package_identification:_identify(src/dis_tutorial4) by extension 'colcon_pkg'
[0.241s] Level 1:colcon.colcon_core.package_identification:_identify(src/dis_tutorial4) by extensions ['colcon_meta']
[0.241s] Level 1:colcon.colcon_core.package_identification:_identify(src/dis_tutorial4) by extension 'colcon_meta'
[0.241s] Level 1:colcon.colcon_core.package_identification:_identify(src/dis_tutorial4) by extensions ['ros']
[0.241s] Level 1:colcon.colcon_core.package_identification:_identify(src/dis_tutorial4) by extension 'ros'
[0.242s] DEBUG:colcon.colcon_core.package_identification:Package 'src/dis_tutorial4' with type 'ros.ament_cmake' and name 'dis_tutorial4'
[0.242s] Level 1:colcon.colcon_core.package_discovery:discover_packages(recursive) using defaults
[0.242s] Level 1:colcon.colcon_core.package_discovery:discover_packages(ignore) discover
[0.242s] Level 1:colcon.colcon_core.package_discovery:discover_packages(ignore) using defaults
[0.242s] Level 1:colcon.colcon_core.package_discovery:discover_packages(path) discover
[0.242s] Level 1:colcon.colcon_core.package_discovery:discover_packages(path) using defaults
[0.263s] Level 1:colcon.colcon_core.package_discovery:discover_packages(prefix_path) check parameters
[0.263s] Level 1:colcon.colcon_core.package_discovery:discover_packages(prefix_path) discover
[0.264s] DEBUG:colcon.colcon_installed_package_information.package_discovery:Found 5 installed packages in /home/strazi/RINS-kappa/workspace/install
[0.266s] DEBUG:colcon.colcon_installed_package_information.package_discovery:Found 386 installed packages in /opt/ros/humble
[0.267s] Level 1:colcon.colcon_core.package_discovery:discover_packages(prefix_path) using defaults
[0.303s] Level 5:colcon.colcon_core.verb:set package 'custom_messages' build argument 'cmake_args' from command line to 'None'
[0.303s] Level 5:colcon.colcon_core.verb:set package 'custom_messages' build argument 'cmake_target' from command line to 'None'
[0.303s] Level 5:colcon.colcon_core.verb:set package 'custom_messages' build argument 'cmake_target_skip_unavailable' from command line to 'False'
[0.303s] Level 5:colcon.colcon_core.verb:set package 'custom_messages' build argument 'cmake_clean_cache' from command line to 'False'
[0.303s] Level 5:colcon.colcon_core.verb:set package 'custom_messages' build argument 'cmake_clean_first' from command line to 'False'
[0.303s] Level 5:colcon.colcon_core.verb:set package 'custom_messages' build argument 'cmake_force_configure' from command line to 'False'
[0.303s] Level 5:colcon.colcon_core.verb:set package 'custom_messages' build argument 'ament_cmake_args' from command line to 'None'
[0.303s] Level 5:colcon.colcon_core.verb:set package 'custom_messages' build argument 'catkin_cmake_args' from command line to 'None'
[0.303s] Level 5:colcon.colcon_core.verb:set package 'custom_messages' build argument 'catkin_skip_building_tests' from command line to 'False'
[0.303s] DEBUG:colcon.colcon_core.verb:Building package 'custom_messages' with the following arguments: {'ament_cmake_args': None, 'build_base': '/home/strazi/RINS-kappa/workspace/build/custom_messages', 'catkin_cmake_args': None, 'catkin_skip_building_tests': False, 'cmake_args': None, 'cmake_clean_cache': False, 'cmake_clean_first': False, 'cmake_force_configure': False, 'cmake_target': None, 'cmake_target_skip_unavailable': False, 'install_base': '/home/strazi/RINS-kappa/workspace/install/custom_messages', 'merge_install': False, 'path': '/home/strazi/RINS-kappa/workspace/src/custom_messages', 'symlink_install': False, 'test_result_base': None}
[0.304s] Level 5:colcon.colcon_core.verb:set package 'dis_tutorial1' build argument 'cmake_args' from command line to 'None'
[0.304s] Level 5:colcon.colcon_core.verb:set package 'dis_tutorial1' build argument 'cmake_target' from command line to 'None'
[0.304s] Level 5:colcon.colcon_core.verb:set package 'dis_tutorial1' build argument 'cmake_target_skip_unavailable' from command line to 'False'
[0.304s] Level 5:colcon.colcon_core.verb:set package 'dis_tutorial1' build argument 'cmake_clean_cache' from command line to 'False'
[0.304s] Level 5:colcon.colcon_core.verb:set package 'dis_tutorial1' build argument 'cmake_clean_first' from command line to 'False'
[0.304s] Level 5:colcon.colcon_core.verb:set package 'dis_tutorial1' build argument 'cmake_force_configure' from command line to 'False'
[0.304s] Level 5:colcon.colcon_core.verb:set package 'dis_tutorial1' build argument 'ament_cmake_args' from command line to 'None'
[0.304s] Level 5:colcon.colcon_core.verb:set package 'dis_tutorial1' build argument 'catkin_cmake_args' from command line to 'None'
[0.304s] Level 5:colcon.colcon_core.verb:set package 'dis_tutorial1' build argument 'catkin_skip_building_tests' from command line to 'False'
[0.304s] DEBUG:colcon.colcon_core.verb:Building package 'dis_tutorial1' with the following arguments: {'ament_cmake_args': None, 'build_base': '/home/strazi/RINS-kappa/workspace/build/dis_tutorial1', 'catkin_cmake_args': None, 'catkin_skip_building_tests': False, 'cmake_args': None, 'cmake_clean_cache': False, 'cmake_clean_first': False, 'cmake_force_configure': False, 'cmake_target': None, 'cmake_target_skip_unavailable': False, 'install_base': '/home/strazi/RINS-kappa/workspace/install/dis_tutorial1', 'merge_install': False, 'path': '/home/strazi/RINS-kappa/workspace/src/dis_tutorial1', 'symlink_install': False, 'test_result_base': None}
[0.304s] Level 5:colcon.colcon_core.verb:set package 'dis_tutorial2' build argument 'cmake_args' from command line to 'None'
[0.304s] Level 5:colcon.colcon_core.verb:set package 'dis_tutorial2' build argument 'cmake_target' from command line to 'None'
[0.304s] Level 5:colcon.colcon_core.verb:set package 'dis_tutorial2' build argument 'cmake_target_skip_unavailable' from command line to 'False'
[0.304s] Level 5:colcon.colcon_core.verb:set package 'dis_tutorial2' build argument 'cmake_clean_cache' from command line to 'False'
[0.304s] Level 5:colcon.colcon_core.verb:set package 'dis_tutorial2' build argument 'cmake_clean_first' from command line to 'False'
[0.304s] Level 5:colcon.colcon_core.verb:set package 'dis_tutorial2' build argument 'cmake_force_configure' from command line to 'False'
[0.304s] Level 5:colcon.colcon_core.verb:set package 'dis_tutorial2' build argument 'ament_cmake_args' from command line to 'None'
[0.304s] Level 5:colcon.colcon_core.verb:set package 'dis_tutorial2' build argument 'catkin_cmake_args' from command line to 'None'
[0.304s] Level 5:colcon.colcon_core.verb:set package 'dis_tutorial2' build argument 'catkin_skip_building_tests' from command line to 'False'
[0.304s] DEBUG:colcon.colcon_core.verb:Building package 'dis_tutorial2' with the following arguments: {'ament_cmake_args': None, 'build_base': '/home/strazi/RINS-kappa/workspace/build/dis_tutorial2', 'catkin_cmake_args': None, 'catkin_skip_building_tests': False, 'cmake_args': None, 'cmake_clean_cache': False, 'cmake_clean_first': False, 'cmake_force_configure': False, 'cmake_target': None, 'cmake_target_skip_unavailable': False, 'install_base': '/home/strazi/RINS-kappa/workspace/install/dis_tutorial2', 'merge_install': False, 'path': '/home/strazi/RINS-kappa/workspace/src/dis_tutorial2', 'symlink_install': False, 'test_result_base': None}
[0.304s] Level 5:colcon.colcon_core.verb:set package 'dis_tutorial3' build argument 'cmake_args' from command line to 'None'
[0.304s] Level 5:colcon.colcon_core.verb:set package 'dis_tutorial3' build argument 'cmake_target' from command line to 'None'
[0.304s] Level 5:colcon.colcon_core.verb:set package 'dis_tutorial3' build argument 'cmake_target_skip_unavailable' from command line to 'False'
[0.304s] Level 5:colcon.colcon_core.verb:set package 'dis_tutorial3' build argument 'cmake_clean_cache' from command line to 'False'
[0.304s] Level 5:colcon.colcon_core.verb:set package 'dis_tutorial3' build argument 'cmake_clean_first' from command line to 'False'
[0.304s] Level 5:colcon.colcon_core.verb:set package 'dis_tutorial3' build argument 'cmake_force_configure' from command line to 'False'
[0.304s] Level 5:colcon.colcon_core.verb:set package 'dis_tutorial3' build argument 'ament_cmake_args' from command line to 'None'
[0.305s] Level 5:colcon.colcon_core.verb:set package 'dis_tutorial3' build argument 'catkin_cmake_args' from command line to 'None'
[0.305s] Level 5:colcon.colcon_core.verb:set package 'dis_tutorial3' build argument 'catkin_skip_building_tests' from command line to 'False'
[0.305s] DEBUG:colcon.colcon_core.verb:Building package 'dis_tutorial3' with the following arguments: {'ament_cmake_args': None, 'build_base': '/home/strazi/RINS-kappa/workspace/build/dis_tutorial3', 'catkin_cmake_args': None, 'catkin_skip_building_tests': False, 'cmake_args': None, 'cmake_clean_cache': False, 'cmake_clean_first': False, 'cmake_force_configure': False, 'cmake_target': None, 'cmake_target_skip_unavailable': False, 'install_base': '/home/strazi/RINS-kappa/workspace/install/dis_tutorial3', 'merge_install': False, 'path': '/home/strazi/RINS-kappa/workspace/src/dis_tutorial3', 'symlink_install': False, 'test_result_base': None}
[0.305s] Level 5:colcon.colcon_core.verb:set package 'dis_tutorial4' build argument 'cmake_args' from command line to 'None'
[0.305s] Level 5:colcon.colcon_core.verb:set package 'dis_tutorial4' build argument 'cmake_target' from command line to 'None'
[0.305s] Level 5:colcon.colcon_core.verb:set package 'dis_tutorial4' build argument 'cmake_target_skip_unavailable' from command line to 'False'
[0.305s] Level 5:colcon.colcon_core.verb:set package 'dis_tutorial4' build argument 'cmake_clean_cache' from command line to 'False'
[0.305s] Level 5:colcon.colcon_core.verb:set package 'dis_tutorial4' build argument 'cmake_clean_first' from command line to 'False'
[0.305s] Level 5:colcon.colcon_core.verb:set package 'dis_tutorial4' build argument 'cmake_force_configure' from command line to 'False'
[0.305s] Level 5:colcon.colcon_core.verb:set package 'dis_tutorial4' build argument 'ament_cmake_args' from command line to 'None'
[0.305s] Level 5:colcon.colcon_core.verb:set package 'dis_tutorial4' build argument 'catkin_cmake_args' from command line to 'None'
[0.305s] Level 5:colcon.colcon_core.verb:set package 'dis_tutorial4' build argument 'catkin_skip_building_tests' from command line to 'False'
[0.305s] DEBUG:colcon.colcon_core.verb:Building package 'dis_tutorial4' with the following arguments: {'ament_cmake_args': None, 'build_base': '/home/strazi/RINS-kappa/workspace/build/dis_tutorial4', 'catkin_cmake_args': None, 'catkin_skip_building_tests': False, 'cmake_args': None, 'cmake_clean_cache': False, 'cmake_clean_first': False, 'cmake_force_configure': False, 'cmake_target': None, 'cmake_target_skip_unavailable': False, 'install_base': '/home/strazi/RINS-kappa/workspace/install/dis_tutorial4', 'merge_install': False, 'path': '/home/strazi/RINS-kappa/workspace/src/dis_tutorial4', 'symlink_install': False, 'test_result_base': None}
[0.305s] INFO:colcon.colcon_core.executor:Executing jobs using 'parallel' executor
[0.306s] DEBUG:colcon.colcon_parallel_executor.executor.parallel:run_until_complete
[0.306s] INFO:colcon.colcon_ros.task.ament_cmake.build:Building ROS package in '/home/strazi/RINS-kappa/workspace/src/custom_messages' with build type 'ament_cmake'
[0.306s] INFO:colcon.colcon_cmake.task.cmake.build:Building CMake package in '/home/strazi/RINS-kappa/workspace/src/custom_messages'
[0.308s] INFO:colcon.colcon_core.plugin_system:Skipping extension 'colcon_core.shell.bat': Not used on non-Windows systems
[0.308s] INFO:colcon.colcon_core.shell:Skip shell extension 'powershell' for command environment: Not usable outside of PowerShell
[0.308s] DEBUG:colcon.colcon_core.shell:Skip shell extension 'dsv' for command environment
[0.311s] INFO:colcon.colcon_ros.task.ament_cmake.build:Building ROS package in '/home/strazi/RINS-kappa/workspace/src/dis_tutorial1' with build type 'ament_cmake'
[0.311s] INFO:colcon.colcon_cmake.task.cmake.build:Building CMake package in '/home/strazi/RINS-kappa/workspace/src/dis_tutorial1'
[0.311s] INFO:colcon.colcon_core.shell:Skip shell extension 'powershell' for command environment: Not usable outside of PowerShell
[0.311s] DEBUG:colcon.colcon_core.shell:Skip shell extension 'dsv' for command environment
[0.314s] INFO:colcon.colcon_ros.task.ament_python.build:Building ROS package in '/home/strazi/RINS-kappa/workspace/src/dis_tutorial2' with build type 'ament_python'
[0.315s] Level 1:colcon.colcon_core.shell:create_environment_hook('dis_tutorial2', 'ament_prefix_path')
[0.315s] INFO:colcon.colcon_core.shell:Creating environment hook '/home/strazi/RINS-kappa/workspace/install/dis_tutorial2/share/dis_tutorial2/hook/ament_prefix_path.ps1'
[0.315s] INFO:colcon.colcon_core.shell:Creating environment descriptor '/home/strazi/RINS-kappa/workspace/install/dis_tutorial2/share/dis_tutorial2/hook/ament_prefix_path.dsv'
[0.316s] INFO:colcon.colcon_core.shell:Creating environment hook '/home/strazi/RINS-kappa/workspace/install/dis_tutorial2/share/dis_tutorial2/hook/ament_prefix_path.sh'
[0.316s] INFO:colcon.colcon_core.shell:Skip shell extension 'powershell' for command environment: Not usable outside of PowerShell
[0.316s] DEBUG:colcon.colcon_core.shell:Skip shell extension 'dsv' for command environment
[0.319s] INFO:colcon.colcon_ros.task.ament_cmake.build:Building ROS package in '/home/strazi/RINS-kappa/workspace/src/dis_tutorial3' with build type 'ament_cmake'
[0.319s] INFO:colcon.colcon_cmake.task.cmake.build:Building CMake package in '/home/strazi/RINS-kappa/workspace/src/dis_tutorial3'
[0.319s] INFO:colcon.colcon_core.shell:Skip shell extension 'powershell' for command environment: Not usable outside of PowerShell
[0.319s] DEBUG:colcon.colcon_core.shell:Skip shell extension 'dsv' for command environment
[0.322s] INFO:colcon.colcon_ros.task.ament_cmake.build:Building ROS package in '/home/strazi/RINS-kappa/workspace/src/dis_tutorial4' with build type 'ament_cmake'
[0.322s] INFO:colcon.colcon_cmake.task.cmake.build:Building CMake package in '/home/strazi/RINS-kappa/workspace/src/dis_tutorial4'
[0.322s] INFO:colcon.colcon_core.shell:Skip shell extension 'powershell' for command environment: Not usable outside of PowerShell
[0.322s] DEBUG:colcon.colcon_core.shell:Skip shell extension 'dsv' for command environment
[0.329s] DEBUG:colcon.colcon_core.event_handler.log_command:Invoking command in '/home/strazi/RINS-kappa/workspace/build/custom_messages': CMAKE_PREFIX_PATH=${CMAKE_PREFIX_PATH}:/home/strazi/RINS-kappa/workspace/install/dis_tutorial2:/opt/ros/humble /usr/bin/cmake --build /home/strazi/RINS-kappa/workspace/build/custom_messages -- -j12 -l12
[0.333s] DEBUG:colcon.colcon_core.event_handler.log_command:Invoking command in '/home/strazi/RINS-kappa/workspace/build/dis_tutorial1': CMAKE_PREFIX_PATH=${CMAKE_PREFIX_PATH}:/home/strazi/RINS-kappa/workspace/install/dis_tutorial2:/opt/ros/humble /usr/bin/cmake --build /home/strazi/RINS-kappa/workspace/build/dis_tutorial1 -- -j12 -l12
[0.556s] INFO:colcon.colcon_core.task.python.build:Building Python package in '/home/strazi/RINS-kappa/workspace/src/dis_tutorial2'
[0.556s] INFO:colcon.colcon_core.shell:Skip shell extension 'powershell' for command environment: Not usable outside of PowerShell
[0.556s] DEBUG:colcon.colcon_core.shell:Skip shell extension 'dsv' for command environment
[0.566s] DEBUG:colcon.colcon_core.event_handler.log_command:Invoking command in '/home/strazi/RINS-kappa/workspace/build/dis_tutorial3': CMAKE_PREFIX_PATH=${CMAKE_PREFIX_PATH}:/home/strazi/RINS-kappa/workspace/install/dis_tutorial2:/opt/ros/humble /usr/bin/cmake --build /home/strazi/RINS-kappa/workspace/build/dis_tutorial3 -- -j12 -l12
[0.573s] DEBUG:colcon.colcon_core.event_handler.log_command:Invoking command in '/home/strazi/RINS-kappa/workspace/build/dis_tutorial4': CMAKE_PREFIX_PATH=${CMAKE_PREFIX_PATH}:/home/strazi/RINS-kappa/workspace/install/dis_tutorial2:/opt/ros/humble /usr/bin/cmake --build /home/strazi/RINS-kappa/workspace/build/dis_tutorial4 -- -j12 -l12
[0.604s] DEBUG:colcon.colcon_core.event_handler.log_command:Invoked command in '/home/strazi/RINS-kappa/workspace/build/dis_tutorial3' returned '0': CMAKE_PREFIX_PATH=${CMAKE_PREFIX_PATH}:/home/strazi/RINS-kappa/workspace/install/dis_tutorial2:/opt/ros/humble /usr/bin/cmake --build /home/strazi/RINS-kappa/workspace/build/dis_tutorial3 -- -j12 -l12
[0.613s] DEBUG:colcon.colcon_core.event_handler.log_command:Invoking command in '/home/strazi/RINS-kappa/workspace/build/dis_tutorial3': CMAKE_PREFIX_PATH=${CMAKE_PREFIX_PATH}:/home/strazi/RINS-kappa/workspace/install/dis_tutorial2:/opt/ros/humble /usr/bin/cmake --install /home/strazi/RINS-kappa/workspace/build/dis_tutorial3
[0.615s] DEBUG:colcon.colcon_core.event_handler.log_command:Invoked command in '/home/strazi/RINS-kappa/workspace/build/dis_tutorial4' returned '0': CMAKE_PREFIX_PATH=${CMAKE_PREFIX_PATH}:/home/strazi/RINS-kappa/workspace/install/dis_tutorial2:/opt/ros/humble /usr/bin/cmake --build /home/strazi/RINS-kappa/workspace/build/dis_tutorial4 -- -j12 -l12
[0.617s] DEBUG:colcon.colcon_core.event_handler.log_command:Invoking command in '/home/strazi/RINS-kappa/workspace/build/dis_tutorial4': CMAKE_PREFIX_PATH=${CMAKE_PREFIX_PATH}:/home/strazi/RINS-kappa/workspace/install/dis_tutorial2:/opt/ros/humble /usr/bin/cmake --install /home/strazi/RINS-kappa/workspace/build/dis_tutorial4
[0.626s] Level 1:colcon.colcon_core.environment:create_environment_scripts_only(dis_tutorial4)
[0.634s] Level 1:colcon.colcon_core.environment:checking '/home/strazi/RINS-kappa/workspace/install/dis_tutorial4' for CMake module files
[0.635s] Level 1:colcon.colcon_core.environment:checking '/home/strazi/RINS-kappa/workspace/install/dis_tutorial4' for CMake config files
[0.636s] Level 1:colcon.colcon_core.shell:create_environment_hook('dis_tutorial4', 'cmake_prefix_path')
[0.636s] INFO:colcon.colcon_core.shell:Creating environment hook '/home/strazi/RINS-kappa/workspace/install/dis_tutorial4/share/dis_tutorial4/hook/cmake_prefix_path.ps1'
[0.637s] INFO:colcon.colcon_core.shell:Creating environment descriptor '/home/strazi/RINS-kappa/workspace/install/dis_tutorial4/share/dis_tutorial4/hook/cmake_prefix_path.dsv'
[0.641s] DEBUG:colcon.colcon_core.event_handler.log_command:Invoked command in '/home/strazi/RINS-kappa/workspace/build/dis_tutorial4' returned '0': CMAKE_PREFIX_PATH=${CMAKE_PREFIX_PATH}:/home/strazi/RINS-kappa/workspace/install/dis_tutorial2:/opt/ros/humble /usr/bin/cmake --install /home/strazi/RINS-kappa/workspace/build/dis_tutorial4
[0.641s] INFO:colcon.colcon_core.shell:Creating environment hook '/home/strazi/RINS-kappa/workspace/install/dis_tutorial4/share/dis_tutorial4/hook/cmake_prefix_path.sh'
[0.642s] Level 1:colcon.colcon_core.environment:checking '/home/strazi/RINS-kappa/workspace/install/dis_tutorial4/lib'
[0.642s] Level 1:colcon.colcon_core.environment:checking '/home/strazi/RINS-kappa/workspace/install/dis_tutorial4/bin'
[0.642s] Level 1:colcon.colcon_core.environment:checking '/home/strazi/RINS-kappa/workspace/install/dis_tutorial4/lib/pkgconfig/dis_tutorial4.pc'
[0.642s] Level 1:colcon.colcon_core.environment:checking '/home/strazi/RINS-kappa/workspace/install/dis_tutorial4/lib/python3.10/site-packages'
[0.643s] Level 1:colcon.colcon_core.environment:checking '/home/strazi/RINS-kappa/workspace/install/dis_tutorial4/bin'
[0.643s] INFO:colcon.colcon_core.shell:Creating package script '/home/strazi/RINS-kappa/workspace/install/dis_tutorial4/share/dis_tutorial4/package.ps1'
[0.643s] INFO:colcon.colcon_core.shell:Creating package descriptor '/home/strazi/RINS-kappa/workspace/install/dis_tutorial4/share/dis_tutorial4/package.dsv'
[0.644s] INFO:colcon.colcon_core.shell:Creating package script '/home/strazi/RINS-kappa/workspace/install/dis_tutorial4/share/dis_tutorial4/package.sh'
[0.644s] INFO:colcon.colcon_core.shell:Creating package script '/home/strazi/RINS-kappa/workspace/install/dis_tutorial4/share/dis_tutorial4/package.bash'
[0.645s] INFO:colcon.colcon_core.shell:Creating package script '/home/strazi/RINS-kappa/workspace/install/dis_tutorial4/share/dis_tutorial4/package.zsh'
[0.645s] Level 1:colcon.colcon_core.environment:create_file_with_runtime_dependencies(/home/strazi/RINS-kappa/workspace/install/dis_tutorial4/share/colcon-core/packages/dis_tutorial4)
[0.646s] Level 1:colcon.colcon_core.environment:create_environment_scripts_only(dis_tutorial4)
[0.646s] Level 1:colcon.colcon_core.environment:checking '/home/strazi/RINS-kappa/workspace/install/dis_tutorial4' for CMake module files
[0.646s] Level 1:colcon.colcon_core.environment:checking '/home/strazi/RINS-kappa/workspace/install/dis_tutorial4' for CMake config files
[0.646s] Level 1:colcon.colcon_core.shell:create_environment_hook('dis_tutorial4', 'cmake_prefix_path')
[0.647s] INFO:colcon.colcon_core.shell:Creating environment hook '/home/strazi/RINS-kappa/workspace/install/dis_tutorial4/share/dis_tutorial4/hook/cmake_prefix_path.ps1'
[0.647s] INFO:colcon.colcon_core.shell:Creating environment descriptor '/home/strazi/RINS-kappa/workspace/install/dis_tutorial4/share/dis_tutorial4/hook/cmake_prefix_path.dsv'
[0.647s] INFO:colcon.colcon_core.shell:Creating environment hook '/home/strazi/RINS-kappa/workspace/install/dis_tutorial4/share/dis_tutorial4/hook/cmake_prefix_path.sh'
[0.648s] Level 1:colcon.colcon_core.environment:checking '/home/strazi/RINS-kappa/workspace/install/dis_tutorial4/lib'
[0.648s] Level 1:colcon.colcon_core.environment:checking '/home/strazi/RINS-kappa/workspace/install/dis_tutorial4/bin'
[0.648s] Level 1:colcon.colcon_core.environment:checking '/home/strazi/RINS-kappa/workspace/install/dis_tutorial4/lib/pkgconfig/dis_tutorial4.pc'
[0.648s] Level 1:colcon.colcon_core.environment:checking '/home/strazi/RINS-kappa/workspace/install/dis_tutorial4/lib/python3.10/site-packages'
[0.648s] Level 1:colcon.colcon_core.environment:checking '/home/strazi/RINS-kappa/workspace/install/dis_tutorial4/bin'
[0.648s] INFO:colcon.colcon_core.shell:Creating package script '/home/strazi/RINS-kappa/workspace/install/dis_tutorial4/share/dis_tutorial4/package.ps1'
[0.649s] INFO:colcon.colcon_core.shell:Creating package descriptor '/home/strazi/RINS-kappa/workspace/install/dis_tutorial4/share/dis_tutorial4/package.dsv'
[0.649s] INFO:colcon.colcon_core.shell:Creating package script '/home/strazi/RINS-kappa/workspace/install/dis_tutorial4/share/dis_tutorial4/package.sh'
[0.649s] INFO:colcon.colcon_core.shell:Creating package script '/home/strazi/RINS-kappa/workspace/install/dis_tutorial4/share/dis_tutorial4/package.bash'
[0.650s] INFO:colcon.colcon_core.shell:Creating package script '/home/strazi/RINS-kappa/workspace/install/dis_tutorial4/share/dis_tutorial4/package.zsh'
[0.650s] Level 1:colcon.colcon_core.environment:create_file_with_runtime_dependencies(/home/strazi/RINS-kappa/workspace/install/dis_tutorial4/share/colcon-core/packages/dis_tutorial4)
[0.651s] Level 1:colcon.colcon_core.environment:create_environment_scripts_only(dis_tutorial3)
[0.651s] Level 1:colcon.colcon_core.environment:checking '/home/strazi/RINS-kappa/workspace/install/dis_tutorial3' for CMake module files
[0.651s] DEBUG:colcon.colcon_core.event_handler.log_command:Invoked command in '/home/strazi/RINS-kappa/workspace/build/dis_tutorial3' returned '0': CMAKE_PREFIX_PATH=${CMAKE_PREFIX_PATH}:/home/strazi/RINS-kappa/workspace/install/dis_tutorial2:/opt/ros/humble /usr/bin/cmake --install /home/strazi/RINS-kappa/workspace/build/dis_tutorial3
[0.652s] Level 1:colcon.colcon_core.environment:checking '/home/strazi/RINS-kappa/workspace/install/dis_tutorial3' for CMake config files
[0.652s] Level 1:colcon.colcon_core.shell:create_environment_hook('dis_tutorial3', 'cmake_prefix_path')
[0.652s] INFO:colcon.colcon_core.shell:Creating environment hook '/home/strazi/RINS-kappa/workspace/install/dis_tutorial3/share/dis_tutorial3/hook/cmake_prefix_path.ps1'
[0.652s] INFO:colcon.colcon_core.shell:Creating environment descriptor '/home/strazi/RINS-kappa/workspace/install/dis_tutorial3/share/dis_tutorial3/hook/cmake_prefix_path.dsv'
[0.653s] INFO:colcon.colcon_core.shell:Creating environment hook '/home/strazi/RINS-kappa/workspace/install/dis_tutorial3/share/dis_tutorial3/hook/cmake_prefix_path.sh'
[0.653s] Level 1:colcon.colcon_core.environment:checking '/home/strazi/RINS-kappa/workspace/install/dis_tutorial3/lib'
[0.653s] Level 1:colcon.colcon_core.environment:checking '/home/strazi/RINS-kappa/workspace/install/dis_tutorial3/bin'
[0.653s] Level 1:colcon.colcon_core.environment:checking '/home/strazi/RINS-kappa/workspace/install/dis_tutorial3/lib/pkgconfig/dis_tutorial3.pc'
[0.653s] Level 1:colcon.colcon_core.environment:checking '/home/strazi/RINS-kappa/workspace/install/dis_tutorial3/lib/python3.10/site-packages'
[0.653s] Level 1:colcon.colcon_core.environment:checking '/home/strazi/RINS-kappa/workspace/install/dis_tutorial3/bin'
[0.654s] INFO:colcon.colcon_core.shell:Creating package script '/home/strazi/RINS-kappa/workspace/install/dis_tutorial3/share/dis_tutorial3/package.ps1'
[0.654s] INFO:colcon.colcon_core.shell:Creating package descriptor '/home/strazi/RINS-kappa/workspace/install/dis_tutorial3/share/dis_tutorial3/package.dsv'
[0.654s] INFO:colcon.colcon_core.shell:Creating package script '/home/strazi/RINS-kappa/workspace/install/dis_tutorial3/share/dis_tutorial3/package.sh'
[0.654s] INFO:colcon.colcon_core.shell:Creating package script '/home/strazi/RINS-kappa/workspace/install/dis_tutorial3/share/dis_tutorial3/package.bash'
[0.655s] INFO:colcon.colcon_core.shell:Creating package script '/home/strazi/RINS-kappa/workspace/install/dis_tutorial3/share/dis_tutorial3/package.zsh'
[0.655s] Level 1:colcon.colcon_core.environment:create_file_with_runtime_dependencies(/home/strazi/RINS-kappa/workspace/install/dis_tutorial3/share/colcon-core/packages/dis_tutorial3)
[0.655s] Level 1:colcon.colcon_core.environment:create_environment_scripts_only(dis_tutorial3)
[0.656s] Level 1:colcon.colcon_core.environment:checking '/home/strazi/RINS-kappa/workspace/install/dis_tutorial3' for CMake module files
[0.656s] Level 1:colcon.colcon_core.environment:checking '/home/strazi/RINS-kappa/workspace/install/dis_tutorial3' for CMake config files
[0.656s] Level 1:colcon.colcon_core.shell:create_environment_hook('dis_tutorial3', 'cmake_prefix_path')
[0.656s] INFO:colcon.colcon_core.shell:Creating environment hook '/home/strazi/RINS-kappa/workspace/install/dis_tutorial3/share/dis_tutorial3/hook/cmake_prefix_path.ps1'
[0.656s] INFO:colcon.colcon_core.shell:Creating environment descriptor '/home/strazi/RINS-kappa/workspace/install/dis_tutorial3/share/dis_tutorial3/hook/cmake_prefix_path.dsv'
[0.657s] INFO:colcon.colcon_core.shell:Creating environment hook '/home/strazi/RINS-kappa/workspace/install/dis_tutorial3/share/dis_tutorial3/hook/cmake_prefix_path.sh'
[0.657s] Level 1:colcon.colcon_core.environment:checking '/home/strazi/RINS-kappa/workspace/install/dis_tutorial3/lib'
[0.657s] Level 1:colcon.colcon_core.environment:checking '/home/strazi/RINS-kappa/workspace/install/dis_tutorial3/bin'
[0.657s] Level 1:colcon.colcon_core.environment:checking '/home/strazi/RINS-kappa/workspace/install/dis_tutorial3/lib/pkgconfig/dis_tutorial3.pc'
[0.657s] Level 1:colcon.colcon_core.environment:checking '/home/strazi/RINS-kappa/workspace/install/dis_tutorial3/lib/python3.10/site-packages'
[0.657s] Level 1:colcon.colcon_core.environment:checking '/home/strazi/RINS-kappa/workspace/install/dis_tutorial3/bin'
[0.658s] INFO:colcon.colcon_core.shell:Creating package script '/home/strazi/RINS-kappa/workspace/install/dis_tutorial3/share/dis_tutorial3/package.ps1'
[0.658s] INFO:colcon.colcon_core.shell:Creating package descriptor '/home/strazi/RINS-kappa/workspace/install/dis_tutorial3/share/dis_tutorial3/package.dsv'
[0.658s] INFO:colcon.colcon_core.shell:Creating package script '/home/strazi/RINS-kappa/workspace/install/dis_tutorial3/share/dis_tutorial3/package.sh'
[0.659s] INFO:colcon.colcon_core.shell:Creating package script '/home/strazi/RINS-kappa/workspace/install/dis_tutorial3/share/dis_tutorial3/package.bash'
[0.659s] INFO:colcon.colcon_core.shell:Creating package script '/home/strazi/RINS-kappa/workspace/install/dis_tutorial3/share/dis_tutorial3/package.zsh'
[0.659s] Level 1:colcon.colcon_core.environment:create_file_with_runtime_dependencies(/home/strazi/RINS-kappa/workspace/install/dis_tutorial3/share/colcon-core/packages/dis_tutorial3)
[0.660s] DEBUG:colcon.colcon_core.event_handler.log_command:Invoked command in '/home/strazi/RINS-kappa/workspace/build/dis_tutorial1' returned '0': CMAKE_PREFIX_PATH=${CMAKE_PREFIX_PATH}:/home/strazi/RINS-kappa/workspace/install/dis_tutorial2:/opt/ros/humble /usr/bin/cmake --build /home/strazi/RINS-kappa/workspace/build/dis_tutorial1 -- -j12 -l12
[0.662s] DEBUG:colcon.colcon_core.event_handler.log_command:Invoking command in '/home/strazi/RINS-kappa/workspace/build/dis_tutorial1': CMAKE_PREFIX_PATH=${CMAKE_PREFIX_PATH}:/home/strazi/RINS-kappa/workspace/install/dis_tutorial2:/opt/ros/humble /usr/bin/cmake --install /home/strazi/RINS-kappa/workspace/build/dis_tutorial1
[0.717s] DEBUG:colcon.colcon_core.event_handler.log_command:Invoked command in '/home/strazi/RINS-kappa/workspace/build/custom_messages' returned '2': CMAKE_PREFIX_PATH=${CMAKE_PREFIX_PATH}:/home/strazi/RINS-kappa/workspace/install/dis_tutorial2:/opt/ros/humble /usr/bin/cmake --build /home/strazi/RINS-kappa/workspace/build/custom_messages -- -j12 -l12
[0.718s] Level 1:colcon.colcon_core.environment:create_environment_scripts_only(custom_messages)
[0.718s] Level 1:colcon.colcon_core.environment:checking '/home/strazi/RINS-kappa/workspace/install/custom_messages' for CMake module files
[0.719s] Level 1:colcon.colcon_core.environment:checking '/home/strazi/RINS-kappa/workspace/install/custom_messages' for CMake config files
[0.720s] Level 1:colcon.colcon_core.shell:create_environment_hook('custom_messages', 'cmake_prefix_path')
[0.720s] INFO:colcon.colcon_core.shell:Creating environment hook '/home/strazi/RINS-kappa/workspace/install/custom_messages/share/custom_messages/hook/cmake_prefix_path.ps1'
[0.721s] INFO:colcon.colcon_core.shell:Creating environment descriptor '/home/strazi/RINS-kappa/workspace/install/custom_messages/share/custom_messages/hook/cmake_prefix_path.dsv'
[0.721s] INFO:colcon.colcon_core.shell:Creating environment hook '/home/strazi/RINS-kappa/workspace/install/custom_messages/share/custom_messages/hook/cmake_prefix_path.sh'
[0.722s] Level 1:colcon.colcon_core.environment:checking '/home/strazi/RINS-kappa/workspace/install/custom_messages/lib'
[0.722s] Level 1:colcon.colcon_core.shell:create_environment_hook('custom_messages', 'ld_library_path_lib')
[0.722s] INFO:colcon.colcon_core.shell:Creating environment hook '/home/strazi/RINS-kappa/workspace/install/custom_messages/share/custom_messages/hook/ld_library_path_lib.ps1'
[0.722s] INFO:colcon.colcon_core.shell:Creating environment descriptor '/home/strazi/RINS-kappa/workspace/install/custom_messages/share/custom_messages/hook/ld_library_path_lib.dsv'
[0.723s] INFO:colcon.colcon_core.shell:Creating environment hook '/home/strazi/RINS-kappa/workspace/install/custom_messages/share/custom_messages/hook/ld_library_path_lib.sh'
[0.723s] Level 1:colcon.colcon_core.environment:checking '/home/strazi/RINS-kappa/workspace/install/custom_messages/bin'
[0.723s] Level 1:colcon.colcon_core.environment:checking '/home/strazi/RINS-kappa/workspace/install/custom_messages/lib/pkgconfig/custom_messages.pc'
[0.723s] Level 1:colcon.colcon_core.environment:checking '/home/strazi/RINS-kappa/workspace/install/custom_messages/lib/python3.10/site-packages'
[0.724s] Level 1:colcon.colcon_core.environment:checking '/home/strazi/RINS-kappa/workspace/install/custom_messages/bin'
[0.724s] INFO:colcon.colcon_core.shell:Creating package script '/home/strazi/RINS-kappa/workspace/install/custom_messages/share/custom_messages/package.ps1'
[0.725s] INFO:colcon.colcon_core.shell:Creating package descriptor '/home/strazi/RINS-kappa/workspace/install/custom_messages/share/custom_messages/package.dsv'
[0.725s] INFO:colcon.colcon_core.shell:Creating package script '/home/strazi/RINS-kappa/workspace/install/custom_messages/share/custom_messages/package.sh'
[0.726s] INFO:colcon.colcon_core.shell:Creating package script '/home/strazi/RINS-kappa/workspace/install/custom_messages/share/custom_messages/package.bash'
[0.726s] INFO:colcon.colcon_core.shell:Creating package script '/home/strazi/RINS-kappa/workspace/install/custom_messages/share/custom_messages/package.zsh'
[0.726s] Level 1:colcon.colcon_core.environment:create_file_with_runtime_dependencies(/home/strazi/RINS-kappa/workspace/install/custom_messages/share/colcon-core/packages/custom_messages)
[0.870s] DEBUG:colcon.colcon_parallel_executor.executor.parallel:closing loop
[0.870s] DEBUG:colcon.colcon_parallel_executor.executor.parallel:loop closed
[0.870s] DEBUG:colcon.colcon_parallel_executor.executor.parallel:run_until_complete finished with '2'
[0.870s] DEBUG:colcon.colcon_core.event_reactor:joining thread
[0.875s] INFO:colcon.colcon_core.plugin_system:Skipping extension 'colcon_notification.desktop_notification.terminal_notifier': Not used on non-Darwin systems
[0.875s] INFO:colcon.colcon_core.plugin_system:Skipping extension 'colcon_notification.desktop_notification.win32': Not used on non-Windows systems
[0.875s] INFO:colcon.colcon_notification.desktop_notification:Sending desktop notification using 'notify2'
[0.888s] DEBUG:colcon.colcon_core.event_reactor:joined thread
[0.888s] INFO:colcon.colcon_core.shell:Creating prefix script '/home/strazi/RINS-kappa/workspace/install/local_setup.ps1'
[0.889s] INFO:colcon.colcon_core.shell:Creating prefix util module '/home/strazi/RINS-kappa/workspace/install/_local_setup_util_ps1.py'
[0.890s] INFO:colcon.colcon_core.shell:Creating prefix chain script '/home/strazi/RINS-kappa/workspace/install/setup.ps1'
[0.891s] INFO:colcon.colcon_core.shell:Creating prefix script '/home/strazi/RINS-kappa/workspace/install/local_setup.sh'
[0.891s] INFO:colcon.colcon_core.shell:Creating prefix util module '/home/strazi/RINS-kappa/workspace/install/_local_setup_util_sh.py'
[0.892s] INFO:colcon.colcon_core.shell:Creating prefix chain script '/home/strazi/RINS-kappa/workspace/install/setup.sh'
[0.893s] INFO:colcon.colcon_core.shell:Creating prefix script '/home/strazi/RINS-kappa/workspace/install/local_setup.bash'
[0.893s] INFO:colcon.colcon_core.shell:Creating prefix chain script '/home/strazi/RINS-kappa/workspace/install/setup.bash'
[0.894s] INFO:colcon.colcon_core.shell:Creating prefix script '/home/strazi/RINS-kappa/workspace/install/local_setup.zsh'
[0.894s] INFO:colcon.colcon_core.shell:Creating prefix chain script '/home/strazi/RINS-kappa/workspace/install/setup.zsh'
