[0.677s] Invoking command in '/home/strazi/FAKS/3.letnik/RINS/workspace/build/dis_tutorial2': PYTHONPATH=/home/strazi/FAKS/3.letnik/RINS/workspace/build/dis_tutorial2/prefix_override:/usr/lib/python3/dist-packages/colcon_core/task/python/colcon_distutils_commands:/home/strazi/FAKS/3.letnik/RINS/workspace/install/dis_tutorial2/lib/python3.10/site-packages:${PYTHONPATH} /usr/bin/python3 -W ignore:setup.py install is deprecated -W ignore:easy_install command is deprecated setup.py develop --uninstall --editable --build-directory /home/strazi/FAKS/3.letnik/RINS/workspace/build/dis_tutorial2/build
[0.932s] running develop
[1.130s] Removing /home/strazi/FAKS/3.letnik/RINS/workspace/install/dis_tutorial2/lib/python3.10/site-packages/dis-tutorial2.egg-link (link to .)
[1.159s] Invoked command in '/home/strazi/FAKS/3.letnik/RINS/workspace/build/dis_tutorial2' returned '0': PYTHONPATH=/home/strazi/FAKS/3.letnik/RINS/workspace/build/dis_tutorial2/prefix_override:/usr/lib/python3/dist-packages/colcon_core/task/python/colcon_distutils_commands:/home/strazi/FAKS/3.letnik/RINS/workspace/install/dis_tutorial2/lib/python3.10/site-packages:${PYTHONPATH} /usr/bin/python3 -W ignore:setup.py install is deprecated -W ignore:easy_install command is deprecated setup.py develop --uninstall --editable --build-directory /home/strazi/FAKS/3.letnik/RINS/workspace/build/dis_tutorial2/build
[1.161s] Invoking command in '/home/strazi/FAKS/3.letnik/RINS/workspace/src/dis_tutorial2': PYTHONPATH=/home/strazi/FAKS/3.letnik/RINS/workspace/build/dis_tutorial2/prefix_override:/usr/lib/python3/dist-packages/colcon_core/task/python/colcon_distutils_commands:/home/strazi/FAKS/3.letnik/RINS/workspace/install/dis_tutorial2/lib/python3.10/site-packages:${PYTHONPATH} /usr/bin/python3 -W ignore:setup.py install is deprecated -W ignore:easy_install command is deprecated setup.py egg_info --egg-base ../../build/dis_tutorial2 build --build-base /home/strazi/FAKS/3.letnik/RINS/workspace/build/dis_tutorial2/build install --record /home/strazi/FAKS/3.letnik/RINS/workspace/build/dis_tutorial2/install.log --single-version-externally-managed install_data --force
[1.404s] running egg_info
[1.405s] writing ../../build/dis_tutorial2/dis_tutorial2.egg-info/PKG-INFO
[1.405s] writing dependency_links to ../../build/dis_tutorial2/dis_tutorial2.egg-info/dependency_links.txt
[1.405s] writing entry points to ../../build/dis_tutorial2/dis_tutorial2.egg-info/entry_points.txt
[1.406s] writing requirements to ../../build/dis_tutorial2/dis_tutorial2.egg-info/requires.txt
[1.406s] writing top-level names to ../../build/dis_tutorial2/dis_tutorial2.egg-info/top_level.txt
[1.412s] reading manifest file '../../build/dis_tutorial2/dis_tutorial2.egg-info/SOURCES.txt'
[1.414s] writing manifest file '../../build/dis_tutorial2/dis_tutorial2.egg-info/SOURCES.txt'
[1.414s] running build
[1.414s] running build_py
[1.415s] creating /home/strazi/FAKS/3.letnik/RINS/workspace/build/dis_tutorial2/build
[1.415s] creating /home/strazi/FAKS/3.letnik/RINS/workspace/build/dis_tutorial2/build/lib
[1.415s] creating /home/strazi/FAKS/3.letnik/RINS/workspace/build/dis_tutorial2/build/lib/dis_tutorial2
[1.415s] copying dis_tutorial2/__init__.py -> /home/strazi/FAKS/3.letnik/RINS/workspace/build/dis_tutorial2/build/lib/dis_tutorial2
[1.415s] copying dis_tutorial2/achtung_die_turtles.py -> /home/strazi/FAKS/3.letnik/RINS/workspace/build/dis_tutorial2/build/lib/dis_tutorial2
[1.415s] copying dis_tutorial2/random_velocity_publisher_node.py -> /home/strazi/FAKS/3.letnik/RINS/workspace/build/dis_tutorial2/build/lib/dis_tutorial2
[1.416s] copying dis_tutorial2/go_to_position_simple_node.py -> /home/strazi/FAKS/3.letnik/RINS/workspace/build/dis_tutorial2/build/lib/dis_tutorial2
[1.417s] running install
[1.417s] running install_lib
[1.418s] creating /home/strazi/FAKS/3.letnik/RINS/workspace/install/dis_tutorial2/lib/python3.10/site-packages/dis_tutorial2
[1.418s] copying /home/strazi/FAKS/3.letnik/RINS/workspace/build/dis_tutorial2/build/lib/dis_tutorial2/__init__.py -> /home/strazi/FAKS/3.letnik/RINS/workspace/install/dis_tutorial2/lib/python3.10/site-packages/dis_tutorial2
[1.418s] copying /home/strazi/FAKS/3.letnik/RINS/workspace/build/dis_tutorial2/build/lib/dis_tutorial2/achtung_die_turtles.py -> /home/strazi/FAKS/3.letnik/RINS/workspace/install/dis_tutorial2/lib/python3.10/site-packages/dis_tutorial2
[1.418s] copying /home/strazi/FAKS/3.letnik/RINS/workspace/build/dis_tutorial2/build/lib/dis_tutorial2/random_velocity_publisher_node.py -> /home/strazi/FAKS/3.letnik/RINS/workspace/install/dis_tutorial2/lib/python3.10/site-packages/dis_tutorial2
[1.418s] copying /home/strazi/FAKS/3.letnik/RINS/workspace/build/dis_tutorial2/build/lib/dis_tutorial2/go_to_position_simple_node.py -> /home/strazi/FAKS/3.letnik/RINS/workspace/install/dis_tutorial2/lib/python3.10/site-packages/dis_tutorial2
[1.419s] byte-compiling /home/strazi/FAKS/3.letnik/RINS/workspace/install/dis_tutorial2/lib/python3.10/site-packages/dis_tutorial2/__init__.py to __init__.cpython-310.pyc
[1.419s] byte-compiling /home/strazi/FAKS/3.letnik/RINS/workspace/install/dis_tutorial2/lib/python3.10/site-packages/dis_tutorial2/achtung_die_turtles.py to achtung_die_turtles.cpython-310.pyc
[1.421s] byte-compiling /home/strazi/FAKS/3.letnik/RINS/workspace/install/dis_tutorial2/lib/python3.10/site-packages/dis_tutorial2/random_velocity_publisher_node.py to random_velocity_publisher_node.cpython-310.pyc
[1.422s] byte-compiling /home/strazi/FAKS/3.letnik/RINS/workspace/install/dis_tutorial2/lib/python3.10/site-packages/dis_tutorial2/go_to_position_simple_node.py to go_to_position_simple_node.cpython-310.pyc
[1.422s] running install_data
[1.422s] copying resource/dis_tutorial2 -> /home/strazi/FAKS/3.letnik/RINS/workspace/install/dis_tutorial2/share/ament_index/resource_index/packages
[1.424s] copying package.xml -> /home/strazi/FAKS/3.letnik/RINS/workspace/install/dis_tutorial2/share/dis_tutorial2
[1.424s] copying launch/example_launch.xml -> /home/strazi/FAKS/3.letnik/RINS/workspace/install/dis_tutorial2/share/dis_tutorial2/launch
[1.425s] copying launch/example_launch.yaml -> /home/strazi/FAKS/3.letnik/RINS/workspace/install/dis_tutorial2/share/dis_tutorial2/launch
[1.426s] copying launch/go_to_position_launch.py -> /home/strazi/FAKS/3.letnik/RINS/workspace/install/dis_tutorial2/share/dis_tutorial2/launch
[1.428s] copying launch/example_launch.py -> /home/strazi/FAKS/3.letnik/RINS/workspace/install/dis_tutorial2/share/dis_tutorial2/launch
[1.429s] running install_egg_info
[1.431s] Copying ../../build/dis_tutorial2/dis_tutorial2.egg-info to /home/strazi/FAKS/3.letnik/RINS/workspace/install/dis_tutorial2/lib/python3.10/site-packages/dis_tutorial2-0.0.1-py3.10.egg-info
[1.432s] running install_scripts
[1.453s] Installing achtung_die_turtle script to /home/strazi/FAKS/3.letnik/RINS/workspace/install/dis_tutorial2/lib/dis_tutorial2
[1.453s] Installing go_to_position script to /home/strazi/FAKS/3.letnik/RINS/workspace/install/dis_tutorial2/lib/dis_tutorial2
[1.453s] Installing intersection script to /home/strazi/FAKS/3.letnik/RINS/workspace/install/dis_tutorial2/lib/dis_tutorial2
[1.453s] Installing random_velocity_publisher script to /home/strazi/FAKS/3.letnik/RINS/workspace/install/dis_tutorial2/lib/dis_tutorial2
[1.453s] writing list of installed files to '/home/strazi/FAKS/3.letnik/RINS/workspace/build/dis_tutorial2/install.log'
[1.474s] Invoked command in '/home/strazi/FAKS/3.letnik/RINS/workspace/src/dis_tutorial2' returned '0': PYTHONPATH=/home/strazi/FAKS/3.letnik/RINS/workspace/build/dis_tutorial2/prefix_override:/usr/lib/python3/dist-packages/colcon_core/task/python/colcon_distutils_commands:/home/strazi/FAKS/3.letnik/RINS/workspace/install/dis_tutorial2/lib/python3.10/site-packages:${PYTHONPATH} /usr/bin/python3 -W ignore:setup.py install is deprecated -W ignore:easy_install command is deprecated setup.py egg_info --egg-base ../../build/dis_tutorial2 build --build-base /home/strazi/FAKS/3.letnik/RINS/workspace/build/dis_tutorial2/build install --record /home/strazi/FAKS/3.letnik/RINS/workspace/build/dis_tutorial2/install.log --single-version-externally-managed install_data --force
