[0.208s] Invoking command in '/home/thelegend442/faxic/RINS-kappa/workspace/build/task_1r': CMAKE_PREFIX_PATH=${CMAKE_PREFIX_PATH}:/home/thelegend442/faxic/RINS-kappa/workspace/install/task_2s:/home/thelegend442/faxic/RINS-kappa/workspace/install/dis_tutorial2:/opt/ros/humble /usr/bin/cmake --build /home/thelegend442/faxic/RINS-kappa/workspace/build/task_1r -- -j16 -l16
[0.283s] Invoked command in '/home/thelegend442/faxic/RINS-kappa/workspace/build/task_1r' returned '0': CMAKE_PREFIX_PATH=${CMAKE_PREFIX_PATH}:/home/thelegend442/faxic/RINS-kappa/workspace/install/task_2s:/home/thelegend442/faxic/RINS-kappa/workspace/install/dis_tutorial2:/opt/ros/humble /usr/bin/cmake --build /home/thelegend442/faxic/RINS-kappa/workspace/build/task_1r -- -j16 -l16
[0.301s] Invoking command in '/home/thelegend442/faxic/RINS-kappa/workspace/build/task_1r': CMAKE_PREFIX_PATH=${CMAKE_PREFIX_PATH}:/home/thelegend442/faxic/RINS-kappa/workspace/install/task_2s:/home/thelegend442/faxic/RINS-kappa/workspace/install/dis_tutorial2:/opt/ros/humble /usr/bin/cmake --install /home/thelegend442/faxic/RINS-kappa/workspace/build/task_1r
[0.312s] -- Install configuration: ""
[0.312s] -- Up-to-date: /home/thelegend442/faxic/RINS-kappa/workspace/install/task_1r/share/task_1r//launch
[0.312s] -- Up-to-date: /home/thelegend442/faxic/RINS-kappa/workspace/install/task_1r/share/task_1r//launch/dis_sim.launch.py
[0.312s] -- Up-to-date: /home/thelegend442/faxic/RINS-kappa/workspace/install/task_1r/share/task_1r//launch/nav2.launch.py
[0.312s] -- Up-to-date: /home/thelegend442/faxic/RINS-kappa/workspace/install/task_1r/share/task_1r//launch/sim_turtlebot_slam.launch.py
[0.312s] -- Up-to-date: /home/thelegend442/faxic/RINS-kappa/workspace/install/task_1r/share/task_1r//launch/slam.launch.py
[0.313s] -- Up-to-date: /home/thelegend442/faxic/RINS-kappa/workspace/install/task_1r/share/task_1r//launch/detect.py
[0.313s] -- Up-to-date: /home/thelegend442/faxic/RINS-kappa/workspace/install/task_1r/share/task_1r//launch/create3_nodes.launch.py
[0.313s] -- Up-to-date: /home/thelegend442/faxic/RINS-kappa/workspace/install/task_1r/share/task_1r//launch/ignition.launch.py
[0.313s] -- Up-to-date: /home/thelegend442/faxic/RINS-kappa/workspace/install/task_1r/share/task_1r//launch/turtlebot4_spawn.launch.py
[0.313s] -- Up-to-date: /home/thelegend442/faxic/RINS-kappa/workspace/install/task_1r/share/task_1r//launch/sim_turtlebot_nav.launch.py
[0.313s] -- Up-to-date: /home/thelegend442/faxic/RINS-kappa/workspace/install/task_1r/share/task_1r//launch/turtlebot4_spawn_nav.launch.py
[0.313s] -- Up-to-date: /home/thelegend442/faxic/RINS-kappa/workspace/install/task_1r/share/task_1r//launch/localization.launch.py
[0.313s] -- Up-to-date: /home/thelegend442/faxic/RINS-kappa/workspace/install/task_1r/share/task_1r//config
[0.313s] -- Up-to-date: /home/thelegend442/faxic/RINS-kappa/workspace/install/task_1r/share/task_1r//config/laser_filter_chain.yaml
[0.313s] -- Up-to-date: /home/thelegend442/faxic/RINS-kappa/workspace/install/task_1r/share/task_1r//config/nav2.yaml
[0.313s] -- Up-to-date: /home/thelegend442/faxic/RINS-kappa/workspace/install/task_1r/share/task_1r//config/slam.yaml
[0.314s] -- Up-to-date: /home/thelegend442/faxic/RINS-kappa/workspace/install/task_1r/share/task_1r//config/localization.yaml
[0.314s] -- Up-to-date: /home/thelegend442/faxic/RINS-kappa/workspace/install/task_1r/share/task_1r//worlds
[0.314s] -- Up-to-date: /home/thelegend442/faxic/RINS-kappa/workspace/install/task_1r/share/task_1r//worlds/demo4.sdf
[0.314s] -- Up-to-date: /home/thelegend442/faxic/RINS-kappa/workspace/install/task_1r/share/task_1r//worlds/demo3_meshes
[0.314s] -- Up-to-date: /home/thelegend442/faxic/RINS-kappa/workspace/install/task_1r/share/task_1r//worlds/demo3_meshes/map_colliders.dae
[0.314s] -- Up-to-date: /home/thelegend442/faxic/RINS-kappa/workspace/install/task_1r/share/task_1r//worlds/demo3_meshes/fakering1.jpg
[0.314s] -- Up-to-date: /home/thelegend442/faxic/RINS-kappa/workspace/install/task_1r/share/task_1r//worlds/demo3_meshes/parking_space.jpg
[0.314s] -- Up-to-date: /home/thelegend442/faxic/RINS-kappa/workspace/install/task_1r/share/task_1r//worlds/demo3_meshes/person15.png
[0.315s] -- Up-to-date: /home/thelegend442/faxic/RINS-kappa/workspace/install/task_1r/share/task_1r//worlds/demo3_meshes/green.jpg
[0.315s] -- Up-to-date: /home/thelegend442/faxic/RINS-kappa/workspace/install/task_1r/share/task_1r//worlds/demo3_meshes/qr1.jpg
[0.315s] -- Up-to-date: /home/thelegend442/faxic/RINS-kappa/workspace/install/task_1r/share/task_1r//worlds/demo3_meshes/person17.png
[0.315s] -- Up-to-date: /home/thelegend442/faxic/RINS-kappa/workspace/install/task_1r/share/task_1r//worlds/demo3_meshes/objects.jpg
[0.315s] -- Up-to-date: /home/thelegend442/faxic/RINS-kappa/workspace/install/task_1r/share/task_1r//worlds/demo3_meshes/fakering2.jpg
[0.315s] -- Up-to-date: /home/thelegend442/faxic/RINS-kappa/workspace/install/task_1r/share/task_1r//worlds/demo3_meshes/qr2.jpg
[0.315s] -- Up-to-date: /home/thelegend442/faxic/RINS-kappa/workspace/install/task_1r/share/task_1r//worlds/demo3_meshes/ground.jpg
[0.328s] -- Up-to-date: /home/thelegend442/faxic/RINS-kappa/workspace/install/task_1r/share/task_1r//worlds/demo3_meshes/blue.jpg
[0.330s] -- Up-to-date: /home/thelegend442/faxic/RINS-kappa/workspace/install/task_1r/share/task_1r//worlds/demo3_meshes/fakering3.jpg
[0.330s] -- Up-to-date: /home/thelegend442/faxic/RINS-kappa/workspace/install/task_1r/share/task_1r//worlds/demo3_meshes/person21.png
[0.330s] -- Up-to-date: /home/thelegend442/faxic/RINS-kappa/workspace/install/task_1r/share/task_1r//worlds/demo3_meshes/person24.png
[0.330s] -- Up-to-date: /home/thelegend442/faxic/RINS-kappa/workspace/install/task_1r/share/task_1r//worlds/demo3_meshes/map.dae
[0.330s] -- Up-to-date: /home/thelegend442/faxic/RINS-kappa/workspace/install/task_1r/share/task_1r//worlds/demo3_meshes/person22.png
[0.330s] -- Up-to-date: /home/thelegend442/faxic/RINS-kappa/workspace/install/task_1r/share/task_1r//worlds/demo3_meshes/red.jpg
[0.330s] -- Up-to-date: /home/thelegend442/faxic/RINS-kappa/workspace/install/task_1r/share/task_1r//worlds/demo3_meshes/yellow.jpg
[0.330s] -- Up-to-date: /home/thelegend442/faxic/RINS-kappa/workspace/install/task_1r/share/task_1r//worlds/demo3_meshes/black.jpg
[0.330s] -- Up-to-date: /home/thelegend442/faxic/RINS-kappa/workspace/install/task_1r/share/task_1r//worlds/demo1.sdf
[0.330s] -- Up-to-date: /home/thelegend442/faxic/RINS-kappa/workspace/install/task_1r/share/task_1r//worlds/2024
[0.330s] -- Up-to-date: /home/thelegend442/faxic/RINS-kappa/workspace/install/task_1r/share/task_1r//worlds/2024/task2_demo1.sdf
[0.331s] -- Up-to-date: /home/thelegend442/faxic/RINS-kappa/workspace/install/task_1r/share/task_1r//worlds/2024/task3_meshes
[0.331s] -- Up-to-date: /home/thelegend442/faxic/RINS-kappa/workspace/install/task_1r/share/task_1r//worlds/2024/task3_meshes/map_colliders.dae
[0.331s] -- Up-to-date: /home/thelegend442/faxic/RINS-kappa/workspace/install/task_1r/share/task_1r//worlds/2024/task3_meshes/fakering1.jpg
[0.331s] -- Up-to-date: /home/thelegend442/faxic/RINS-kappa/workspace/install/task_1r/share/task_1r//worlds/2024/task3_meshes/parking_space.jpg
[0.331s] -- Up-to-date: /home/thelegend442/faxic/RINS-kappa/workspace/install/task_1r/share/task_1r//worlds/2024/task3_meshes/villager4.png
[0.331s] -- Up-to-date: /home/thelegend442/faxic/RINS-kappa/workspace/install/task_1r/share/task_1r//worlds/2024/task3_meshes/qr_cheat.png
[0.331s] -- Up-to-date: /home/thelegend442/faxic/RINS-kappa/workspace/install/task_1r/share/task_1r//worlds/2024/task3_meshes/anomona_4.png
[0.332s] -- Up-to-date: /home/thelegend442/faxic/RINS-kappa/workspace/install/task_1r/share/task_1r//worlds/2024/task3_meshes/mona.png
[0.332s] -- Up-to-date: /home/thelegend442/faxic/RINS-kappa/workspace/install/task_1r/share/task_1r//worlds/2024/task3_meshes/villager1.png
[0.332s] -- Up-to-date: /home/thelegend442/faxic/RINS-kappa/workspace/install/task_1r/share/task_1r//worlds/2024/task3_meshes/objects.jpg
[0.332s] -- Up-to-date: /home/thelegend442/faxic/RINS-kappa/workspace/install/task_1r/share/task_1r//worlds/2024/task3_meshes/fakering2.jpg
[0.332s] -- Up-to-date: /home/thelegend442/faxic/RINS-kappa/workspace/install/task_1r/share/task_1r//worlds/2024/task3_meshes/easy_anomona_0.png
[0.332s] -- Up-to-date: /home/thelegend442/faxic/RINS-kappa/workspace/install/task_1r/share/task_1r//worlds/2024/task3_meshes/villager3.png
[0.332s] -- Up-to-date: /home/thelegend442/faxic/RINS-kappa/workspace/install/task_1r/share/task_1r//worlds/2024/task3_meshes/qr_url.png
[0.332s] -- Up-to-date: /home/thelegend442/faxic/RINS-kappa/workspace/install/task_1r/share/task_1r//worlds/2024/task3_meshes/ground.jpg
[0.332s] -- Up-to-date: /home/thelegend442/faxic/RINS-kappa/workspace/install/task_1r/share/task_1r//worlds/2024/task3_meshes/villager5.png
[0.333s] -- Up-to-date: /home/thelegend442/faxic/RINS-kappa/workspace/install/task_1r/share/task_1r//worlds/2024/task3_meshes/fakering3.jpg
[0.333s] -- Up-to-date: /home/thelegend442/faxic/RINS-kappa/workspace/install/task_1r/share/task_1r//worlds/2024/task3_meshes/cylinders.jpg
[0.333s] -- Up-to-date: /home/thelegend442/faxic/RINS-kappa/workspace/install/task_1r/share/task_1r//worlds/2024/task3_meshes/easy_anomona_1.png
[0.333s] -- Up-to-date: /home/thelegend442/faxic/RINS-kappa/workspace/install/task_1r/share/task_1r//worlds/2024/task3_meshes/anomona_3.png
[0.333s] -- Up-to-date: /home/thelegend442/faxic/RINS-kappa/workspace/install/task_1r/share/task_1r//worlds/2024/task3_meshes/easy_anomona_3.png
[0.333s] -- Up-to-date: /home/thelegend442/faxic/RINS-kappa/workspace/install/task_1r/share/task_1r//worlds/2024/task3_meshes/anomona_1.png
[0.334s] -- Up-to-date: /home/thelegend442/faxic/RINS-kappa/workspace/install/task_1r/share/task_1r//worlds/2024/task3_meshes/map.dae
[0.334s] -- Up-to-date: /home/thelegend442/faxic/RINS-kappa/workspace/install/task_1r/share/task_1r//worlds/2024/task3_meshes/villager2.png
[0.334s] -- Up-to-date: /home/thelegend442/faxic/RINS-kappa/workspace/install/task_1r/share/task_1r//worlds/2024/task3_meshes/anomona_0.png
[0.334s] -- Up-to-date: /home/thelegend442/faxic/RINS-kappa/workspace/install/task_1r/share/task_1r//worlds/2024/task3_meshes/anomona_2.png
[0.334s] -- Up-to-date: /home/thelegend442/faxic/RINS-kappa/workspace/install/task_1r/share/task_1r//worlds/2024/task3_meshes/easy_anomona_2.png
[0.334s] -- Up-to-date: /home/thelegend442/faxic/RINS-kappa/workspace/install/task_1r/share/task_1r//worlds/2024/task3_meshes/easy_anomona_4.png
[0.334s] -- Up-to-date: /home/thelegend442/faxic/RINS-kappa/workspace/install/task_1r/share/task_1r//worlds/2024/task3_meshes/qr_wrong.png
[0.334s] -- Up-to-date: /home/thelegend442/faxic/RINS-kappa/workspace/install/task_1r/share/task_1r//worlds/2024/task3.sdf
[0.334s] -- Up-to-date: /home/thelegend442/faxic/RINS-kappa/workspace/install/task_1r/share/task_1r//worlds/2024/task2_demo2_meshes
[0.335s] -- Up-to-date: /home/thelegend442/faxic/RINS-kappa/workspace/install/task_1r/share/task_1r//worlds/2024/task2_demo2_meshes/map_colliders.dae
[0.335s] -- Up-to-date: /home/thelegend442/faxic/RINS-kappa/workspace/install/task_1r/share/task_1r//worlds/2024/task2_demo2_meshes/fakering1.jpg
[0.336s] -- Up-to-date: /home/thelegend442/faxic/RINS-kappa/workspace/install/task_1r/share/task_1r//worlds/2024/task2_demo2_meshes/parking_space.jpg
[0.336s] -- Up-to-date: /home/thelegend442/faxic/RINS-kappa/workspace/install/task_1r/share/task_1r//worlds/2024/task2_demo2_meshes/objects.jpg
[0.336s] -- Up-to-date: /home/thelegend442/faxic/RINS-kappa/workspace/install/task_1r/share/task_1r//worlds/2024/task2_demo2_meshes/fakering2.jpg
[0.336s] -- Up-to-date: /home/thelegend442/faxic/RINS-kappa/workspace/install/task_1r/share/task_1r//worlds/2024/task2_demo2_meshes/ground.jpg
[0.336s] -- Up-to-date: /home/thelegend442/faxic/RINS-kappa/workspace/install/task_1r/share/task_1r//worlds/2024/task2_demo2_meshes/fakering3.jpg
[0.336s] -- Up-to-date: /home/thelegend442/faxic/RINS-kappa/workspace/install/task_1r/share/task_1r//worlds/2024/task2_demo2_meshes/cylinders.jpg
[0.336s] -- Up-to-date: /home/thelegend442/faxic/RINS-kappa/workspace/install/task_1r/share/task_1r//worlds/2024/task2_demo2_meshes/map.dae
[0.336s] -- Up-to-date: /home/thelegend442/faxic/RINS-kappa/workspace/install/task_1r/share/task_1r//worlds/2024/task2_demo1_meshes
[0.337s] -- Up-to-date: /home/thelegend442/faxic/RINS-kappa/workspace/install/task_1r/share/task_1r//worlds/2024/task2_demo1_meshes/map_colliders.dae
[0.337s] -- Up-to-date: /home/thelegend442/faxic/RINS-kappa/workspace/install/task_1r/share/task_1r//worlds/2024/task2_demo1_meshes/fakering1.jpg
[0.337s] -- Up-to-date: /home/thelegend442/faxic/RINS-kappa/workspace/install/task_1r/share/task_1r//worlds/2024/task2_demo1_meshes/parking_space.jpg
[0.337s] -- Up-to-date: /home/thelegend442/faxic/RINS-kappa/workspace/install/task_1r/share/task_1r//worlds/2024/task2_demo1_meshes/objects.jpg
[0.337s] -- Up-to-date: /home/thelegend442/faxic/RINS-kappa/workspace/install/task_1r/share/task_1r//worlds/2024/task2_demo1_meshes/fakering2.jpg
[0.337s] -- Up-to-date: /home/thelegend442/faxic/RINS-kappa/workspace/install/task_1r/share/task_1r//worlds/2024/task2_demo1_meshes/ground.jpg
[0.337s] -- Up-to-date: /home/thelegend442/faxic/RINS-kappa/workspace/install/task_1r/share/task_1r//worlds/2024/task2_demo1_meshes/fakering3.jpg
[0.337s] -- Up-to-date: /home/thelegend442/faxic/RINS-kappa/workspace/install/task_1r/share/task_1r//worlds/2024/task2_demo1_meshes/cylinders.jpg
[0.338s] -- Up-to-date: /home/thelegend442/faxic/RINS-kappa/workspace/install/task_1r/share/task_1r//worlds/2024/task2_demo1_meshes/map.dae
[0.338s] -- Up-to-date: /home/thelegend442/faxic/RINS-kappa/workspace/install/task_1r/share/task_1r//worlds/2024/task2_demo2.sdf
[0.338s] -- Up-to-date: /home/thelegend442/faxic/RINS-kappa/workspace/install/task_1r/share/task_1r//worlds/demo2.sdf
[0.338s] -- Up-to-date: /home/thelegend442/faxic/RINS-kappa/workspace/install/task_1r/share/task_1r//worlds/dis_meshes
[0.338s] -- Up-to-date: /home/thelegend442/faxic/RINS-kappa/workspace/install/task_1r/share/task_1r//worlds/dis_meshes/map_colliders.dae
[0.338s] -- Up-to-date: /home/thelegend442/faxic/RINS-kappa/workspace/install/task_1r/share/task_1r//worlds/dis_meshes/fakering1.jpg
[0.338s] -- Up-to-date: /home/thelegend442/faxic/RINS-kappa/workspace/install/task_1r/share/task_1r//worlds/dis_meshes/parking_space.jpg
[0.338s] -- Up-to-date: /home/thelegend442/faxic/RINS-kappa/workspace/install/task_1r/share/task_1r//worlds/dis_meshes/davinci.jpg
[0.338s] -- Up-to-date: /home/thelegend442/faxic/RINS-kappa/workspace/install/task_1r/share/task_1r//worlds/dis_meshes/qr1.jpg
[0.338s] -- Up-to-date: /home/thelegend442/faxic/RINS-kappa/workspace/install/task_1r/share/task_1r//worlds/dis_meshes/person5.jpg
[0.339s] -- Up-to-date: /home/thelegend442/faxic/RINS-kappa/workspace/install/task_1r/share/task_1r//worlds/dis_meshes/objects.jpg
[0.339s] -- Up-to-date: /home/thelegend442/faxic/RINS-kappa/workspace/install/task_1r/share/task_1r//worlds/dis_meshes/fakering2.jpg
[0.339s] -- Up-to-date: /home/thelegend442/faxic/RINS-kappa/workspace/install/task_1r/share/task_1r//worlds/dis_meshes/wood.jpg
[0.339s] -- Up-to-date: /home/thelegend442/faxic/RINS-kappa/workspace/install/task_1r/share/task_1r//worlds/dis_meshes/person4.jpg
[0.339s] -- Up-to-date: /home/thelegend442/faxic/RINS-kappa/workspace/install/task_1r/share/task_1r//worlds/dis_meshes/person2.jpg
[0.339s] -- Up-to-date: /home/thelegend442/faxic/RINS-kappa/workspace/install/task_1r/share/task_1r//worlds/dis_meshes/qr2.jpg
[0.339s] -- Up-to-date: /home/thelegend442/faxic/RINS-kappa/workspace/install/task_1r/share/task_1r//worlds/dis_meshes/person1.jpg
[0.339s] -- Up-to-date: /home/thelegend442/faxic/RINS-kappa/workspace/install/task_1r/share/task_1r//worlds/dis_meshes/ground.jpg
[0.339s] -- Up-to-date: /home/thelegend442/faxic/RINS-kappa/workspace/install/task_1r/share/task_1r//worlds/dis_meshes/fakering3.jpg
[0.339s] -- Up-to-date: /home/thelegend442/faxic/RINS-kappa/workspace/install/task_1r/share/task_1r//worlds/dis_meshes/cylinders.jpg
[0.339s] -- Up-to-date: /home/thelegend442/faxic/RINS-kappa/workspace/install/task_1r/share/task_1r//worlds/dis_meshes/map.dae
[0.339s] -- Up-to-date: /home/thelegend442/faxic/RINS-kappa/workspace/install/task_1r/share/task_1r//worlds/dis_meshes/person3.jpg
[0.340s] -- Up-to-date: /home/thelegend442/faxic/RINS-kappa/workspace/install/task_1r/share/task_1r//worlds/dis_meshes/mona1.jpg
[0.340s] -- Up-to-date: /home/thelegend442/faxic/RINS-kappa/workspace/install/task_1r/share/task_1r//worlds/empty.sdf
[0.340s] -- Up-to-date: /home/thelegend442/faxic/RINS-kappa/workspace/install/task_1r/share/task_1r//worlds/demo3.sdf
[0.340s] -- Up-to-date: /home/thelegend442/faxic/RINS-kappa/workspace/install/task_1r/share/task_1r//worlds/demo2_meshes
[0.340s] -- Up-to-date: /home/thelegend442/faxic/RINS-kappa/workspace/install/task_1r/share/task_1r//worlds/demo2_meshes/map_colliders.dae
[0.340s] -- Up-to-date: /home/thelegend442/faxic/RINS-kappa/workspace/install/task_1r/share/task_1r//worlds/demo2_meshes/fakering1.jpg
[0.340s] -- Up-to-date: /home/thelegend442/faxic/RINS-kappa/workspace/install/task_1r/share/task_1r//worlds/demo2_meshes/parking_space.jpg
[0.341s] -- Up-to-date: /home/thelegend442/faxic/RINS-kappa/workspace/install/task_1r/share/task_1r//worlds/demo2_meshes/qr1.jpg
[0.341s] -- Up-to-date: /home/thelegend442/faxic/RINS-kappa/workspace/install/task_1r/share/task_1r//worlds/demo2_meshes/person18.png
[0.341s] -- Up-to-date: /home/thelegend442/faxic/RINS-kappa/workspace/install/task_1r/share/task_1r//worlds/demo2_meshes/objects.jpg
[0.341s] -- Up-to-date: /home/thelegend442/faxic/RINS-kappa/workspace/install/task_1r/share/task_1r//worlds/demo2_meshes/fakering2.jpg
[0.341s] -- Up-to-date: /home/thelegend442/faxic/RINS-kappa/workspace/install/task_1r/share/task_1r//worlds/demo2_meshes/qr2.jpg
[0.341s] -- Up-to-date: /home/thelegend442/faxic/RINS-kappa/workspace/install/task_1r/share/task_1r//worlds/demo2_meshes/ground.jpg
[0.342s] -- Up-to-date: /home/thelegend442/faxic/RINS-kappa/workspace/install/task_1r/share/task_1r//worlds/demo2_meshes/person7.png
[0.342s] -- Up-to-date: /home/thelegend442/faxic/RINS-kappa/workspace/install/task_1r/share/task_1r//worlds/demo2_meshes/fakering3.jpg
[0.342s] -- Up-to-date: /home/thelegend442/faxic/RINS-kappa/workspace/install/task_1r/share/task_1r//worlds/demo2_meshes/cylinders.jpg
[0.342s] -- Up-to-date: /home/thelegend442/faxic/RINS-kappa/workspace/install/task_1r/share/task_1r//worlds/demo2_meshes/person9.png
[0.342s] -- Up-to-date: /home/thelegend442/faxic/RINS-kappa/workspace/install/task_1r/share/task_1r//worlds/demo2_meshes/person20.png
[0.342s] -- Up-to-date: /home/thelegend442/faxic/RINS-kappa/workspace/install/task_1r/share/task_1r//worlds/demo2_meshes/person8.png
[0.342s] -- Up-to-date: /home/thelegend442/faxic/RINS-kappa/workspace/install/task_1r/share/task_1r//worlds/demo2_meshes/map.dae
[0.342s] -- Up-to-date: /home/thelegend442/faxic/RINS-kappa/workspace/install/task_1r/share/task_1r//worlds/demo2_meshes/person6.png
[0.342s] -- Up-to-date: /home/thelegend442/faxic/RINS-kappa/workspace/install/task_1r/share/task_1r//worlds/task1.sdf
[0.342s] -- Up-to-date: /home/thelegend442/faxic/RINS-kappa/workspace/install/task_1r/share/task_1r//worlds/demo1_meshes
[0.342s] -- Up-to-date: /home/thelegend442/faxic/RINS-kappa/workspace/install/task_1r/share/task_1r//worlds/demo1_meshes/map_colliders.dae
[0.342s] -- Up-to-date: /home/thelegend442/faxic/RINS-kappa/workspace/install/task_1r/share/task_1r//worlds/demo1_meshes/person3.png
[0.342s] -- Up-to-date: /home/thelegend442/faxic/RINS-kappa/workspace/install/task_1r/share/task_1r//worlds/demo1_meshes/fakering1.jpg
[0.343s] -- Up-to-date: /home/thelegend442/faxic/RINS-kappa/workspace/install/task_1r/share/task_1r//worlds/demo1_meshes/person5.png
[0.343s] -- Up-to-date: /home/thelegend442/faxic/RINS-kappa/workspace/install/task_1r/share/task_1r//worlds/demo1_meshes/parking_space.jpg
[0.343s] -- Up-to-date: /home/thelegend442/faxic/RINS-kappa/workspace/install/task_1r/share/task_1r//worlds/demo1_meshes/qr1.jpg
[0.343s] -- Up-to-date: /home/thelegend442/faxic/RINS-kappa/workspace/install/task_1r/share/task_1r//worlds/demo1_meshes/person2.png
[0.346s] -- Up-to-date: /home/thelegend442/faxic/RINS-kappa/workspace/install/task_1r/share/task_1r//worlds/demo1_meshes/objects.jpg
[0.348s] -- Up-to-date: /home/thelegend442/faxic/RINS-kappa/workspace/install/task_1r/share/task_1r//worlds/demo1_meshes/fakering2.jpg
[0.348s] -- Up-to-date: /home/thelegend442/faxic/RINS-kappa/workspace/install/task_1r/share/task_1r//worlds/demo1_meshes/qr2.jpg
[0.348s] -- Up-to-date: /home/thelegend442/faxic/RINS-kappa/workspace/install/task_1r/share/task_1r//worlds/demo1_meshes/ground.jpg
[0.348s] -- Up-to-date: /home/thelegend442/faxic/RINS-kappa/workspace/install/task_1r/share/task_1r//worlds/demo1_meshes/fakering3.jpg
[0.348s] -- Up-to-date: /home/thelegend442/faxic/RINS-kappa/workspace/install/task_1r/share/task_1r//worlds/demo1_meshes/cylinders.jpg
[0.348s] -- Up-to-date: /home/thelegend442/faxic/RINS-kappa/workspace/install/task_1r/share/task_1r//worlds/demo1_meshes/person4.png
[0.348s] -- Up-to-date: /home/thelegend442/faxic/RINS-kappa/workspace/install/task_1r/share/task_1r//worlds/demo1_meshes/map.dae
[0.348s] -- Up-to-date: /home/thelegend442/faxic/RINS-kappa/workspace/install/task_1r/share/task_1r//worlds/demo1_meshes/person11.png
[0.349s] -- Up-to-date: /home/thelegend442/faxic/RINS-kappa/workspace/install/task_1r/share/task_1r//worlds/demo1_meshes/person1.png
[0.349s] -- Up-to-date: /home/thelegend442/faxic/RINS-kappa/workspace/install/task_1r/share/task_1r//worlds/dis.sdf
[0.349s] -- Up-to-date: /home/thelegend442/faxic/RINS-kappa/workspace/install/task_1r/share/task_1r//worlds/demo4_meshes
[0.349s] -- Up-to-date: /home/thelegend442/faxic/RINS-kappa/workspace/install/task_1r/share/task_1r//worlds/demo4_meshes/map_colliders.dae
[0.349s] -- Up-to-date: /home/thelegend442/faxic/RINS-kappa/workspace/install/task_1r/share/task_1r//worlds/demo4_meshes/fakering1.jpg
[0.349s] -- Up-to-date: /home/thelegend442/faxic/RINS-kappa/workspace/install/task_1r/share/task_1r//worlds/demo4_meshes/parking_space.jpg
[0.350s] -- Up-to-date: /home/thelegend442/faxic/RINS-kappa/workspace/install/task_1r/share/task_1r//worlds/demo4_meshes/green.jpg
[0.350s] -- Up-to-date: /home/thelegend442/faxic/RINS-kappa/workspace/install/task_1r/share/task_1r//worlds/demo4_meshes/qr1.jpg
[0.350s] -- Up-to-date: /home/thelegend442/faxic/RINS-kappa/workspace/install/task_1r/share/task_1r//worlds/demo4_meshes/objects.jpg
[0.350s] -- Up-to-date: /home/thelegend442/faxic/RINS-kappa/workspace/install/task_1r/share/task_1r//worlds/demo4_meshes/fakering2.jpg
[0.350s] -- Up-to-date: /home/thelegend442/faxic/RINS-kappa/workspace/install/task_1r/share/task_1r//worlds/demo4_meshes/person3.png.001.png
[0.350s] -- Up-to-date: /home/thelegend442/faxic/RINS-kappa/workspace/install/task_1r/share/task_1r//worlds/demo4_meshes/qr2.jpg
[0.350s] -- Up-to-date: /home/thelegend442/faxic/RINS-kappa/workspace/install/task_1r/share/task_1r//worlds/demo4_meshes/ground.jpg
[0.350s] -- Up-to-date: /home/thelegend442/faxic/RINS-kappa/workspace/install/task_1r/share/task_1r//worlds/demo4_meshes/blue.jpg
[0.350s] -- Up-to-date: /home/thelegend442/faxic/RINS-kappa/workspace/install/task_1r/share/task_1r//worlds/demo4_meshes/fakering3.jpg
[0.350s] -- Up-to-date: /home/thelegend442/faxic/RINS-kappa/workspace/install/task_1r/share/task_1r//worlds/demo4_meshes/person13.png
[0.350s] -- Up-to-date: /home/thelegend442/faxic/RINS-kappa/workspace/install/task_1r/share/task_1r//worlds/demo4_meshes/person4.png.001.png
[0.351s] -- Up-to-date: /home/thelegend442/faxic/RINS-kappa/workspace/install/task_1r/share/task_1r//worlds/demo4_meshes/person2.png.001.png
[0.351s] -- Up-to-date: /home/thelegend442/faxic/RINS-kappa/workspace/install/task_1r/share/task_1r//worlds/demo4_meshes/map.dae
[0.351s] -- Up-to-date: /home/thelegend442/faxic/RINS-kappa/workspace/install/task_1r/share/task_1r//worlds/demo4_meshes/person5.png.001.png
[0.351s] -- Up-to-date: /home/thelegend442/faxic/RINS-kappa/workspace/install/task_1r/share/task_1r//worlds/demo4_meshes/red.jpg
[0.351s] -- Up-to-date: /home/thelegend442/faxic/RINS-kappa/workspace/install/task_1r/share/task_1r//worlds/demo4_meshes/person6.png
[0.351s] -- Up-to-date: /home/thelegend442/faxic/RINS-kappa/workspace/install/task_1r/share/task_1r//worlds/demo4_meshes/yellow.jpg
[0.351s] -- Up-to-date: /home/thelegend442/faxic/RINS-kappa/workspace/install/task_1r/share/task_1r//worlds/demo4_meshes/black.jpg
[0.351s] -- Up-to-date: /home/thelegend442/faxic/RINS-kappa/workspace/install/task_1r/share/task_1r//worlds/task1_meshes
[0.351s] -- Up-to-date: /home/thelegend442/faxic/RINS-kappa/workspace/install/task_1r/share/task_1r//worlds/task1_meshes/map_colliders.dae
[0.351s] -- Up-to-date: /home/thelegend442/faxic/RINS-kappa/workspace/install/task_1r/share/task_1r//worlds/task1_meshes/fakering1.jpg
[0.352s] -- Up-to-date: /home/thelegend442/faxic/RINS-kappa/workspace/install/task_1r/share/task_1r//worlds/task1_meshes/parking_space.jpg
[0.352s] -- Up-to-date: /home/thelegend442/faxic/RINS-kappa/workspace/install/task_1r/share/task_1r//worlds/task1_meshes/green.jpg
[0.352s] -- Up-to-date: /home/thelegend442/faxic/RINS-kappa/workspace/install/task_1r/share/task_1r//worlds/task1_meshes/qr1.jpg
[0.352s] -- Up-to-date: /home/thelegend442/faxic/RINS-kappa/workspace/install/task_1r/share/task_1r//worlds/task1_meshes/objects.jpg
[0.352s] -- Up-to-date: /home/thelegend442/faxic/RINS-kappa/workspace/install/task_1r/share/task_1r//worlds/task1_meshes/fakering2.jpg
[0.352s] -- Up-to-date: /home/thelegend442/faxic/RINS-kappa/workspace/install/task_1r/share/task_1r//worlds/task1_meshes/person3.png.001.png
[0.352s] -- Up-to-date: /home/thelegend442/faxic/RINS-kappa/workspace/install/task_1r/share/task_1r//worlds/task1_meshes/qr2.jpg
[0.352s] -- Up-to-date: /home/thelegend442/faxic/RINS-kappa/workspace/install/task_1r/share/task_1r//worlds/task1_meshes/ground.jpg
[0.352s] -- Up-to-date: /home/thelegend442/faxic/RINS-kappa/workspace/install/task_1r/share/task_1r//worlds/task1_meshes/blue.jpg
[0.352s] -- Up-to-date: /home/thelegend442/faxic/RINS-kappa/workspace/install/task_1r/share/task_1r//worlds/task1_meshes/fakering3.jpg
[0.353s] -- Up-to-date: /home/thelegend442/faxic/RINS-kappa/workspace/install/task_1r/share/task_1r//worlds/task1_meshes/person13.png
[0.353s] -- Up-to-date: /home/thelegend442/faxic/RINS-kappa/workspace/install/task_1r/share/task_1r//worlds/task1_meshes/person8.png
[0.353s] -- Up-to-date: /home/thelegend442/faxic/RINS-kappa/workspace/install/task_1r/share/task_1r//worlds/task1_meshes/person2.png.001.png
[0.353s] -- Up-to-date: /home/thelegend442/faxic/RINS-kappa/workspace/install/task_1r/share/task_1r//worlds/task1_meshes/map.dae
[0.353s] -- Up-to-date: /home/thelegend442/faxic/RINS-kappa/workspace/install/task_1r/share/task_1r//worlds/task1_meshes/person5.png.001.png
[0.353s] -- Up-to-date: /home/thelegend442/faxic/RINS-kappa/workspace/install/task_1r/share/task_1r//worlds/task1_meshes/red.jpg
[0.353s] -- Up-to-date: /home/thelegend442/faxic/RINS-kappa/workspace/install/task_1r/share/task_1r//worlds/task1_meshes/person6.png
[0.353s] -- Up-to-date: /home/thelegend442/faxic/RINS-kappa/workspace/install/task_1r/share/task_1r//worlds/task1_meshes/yellow.jpg
[0.353s] -- Up-to-date: /home/thelegend442/faxic/RINS-kappa/workspace/install/task_1r/share/task_1r//worlds/task1_meshes/black.jpg
[0.353s] -- Up-to-date: /home/thelegend442/faxic/RINS-kappa/workspace/install/task_1r/share/task_1r//maps
[0.353s] -- Up-to-date: /home/thelegend442/faxic/RINS-kappa/workspace/install/task_1r/share/task_1r//maps/t1r_map.pgm
[0.353s] -- Up-to-date: /home/thelegend442/faxic/RINS-kappa/workspace/install/task_1r/share/task_1r//maps/t1r_map.yaml
[0.354s] -- Up-to-date: /home/thelegend442/faxic/RINS-kappa/workspace/install/task_1r/share/task_1r//maps/map.pgm
[0.354s] -- Up-to-date: /home/thelegend442/faxic/RINS-kappa/workspace/install/task_1r/share/task_1r//maps/map.yaml
[0.354s] -- Up-to-date: /home/thelegend442/faxic/RINS-kappa/workspace/install/task_1r/lib/task_1r/detect_people.py
[0.354s] -- Up-to-date: /home/thelegend442/faxic/RINS-kappa/workspace/install/task_1r/lib/task_1r/robot_commander.py
[0.354s] -- Up-to-date: /home/thelegend442/faxic/RINS-kappa/workspace/install/task_1r/lib/task_1r/save_faces.py
[0.354s] -- Up-to-date: /home/thelegend442/faxic/RINS-kappa/workspace/install/task_1r/lib/task_1r/talker_node.py
[0.354s] -- Up-to-date: /home/thelegend442/faxic/RINS-kappa/workspace/install/task_1r/lib/task_1r/detect_rings_final.py
[0.354s] -- Up-to-date: /home/thelegend442/faxic/RINS-kappa/workspace/install/task_1r/lib/task_1r/save_rings.py
[0.354s] -- Up-to-date: /home/thelegend442/faxic/RINS-kappa/workspace/install/task_1r/share/ament_index/resource_index/package_run_dependencies/task_1r
[0.354s] -- Up-to-date: /home/thelegend442/faxic/RINS-kappa/workspace/install/task_1r/share/ament_index/resource_index/parent_prefix_path/task_1r
[0.354s] -- Up-to-date: /home/thelegend442/faxic/RINS-kappa/workspace/install/task_1r/share/task_1r/environment/ament_prefix_path.sh
[0.355s] -- Up-to-date: /home/thelegend442/faxic/RINS-kappa/workspace/install/task_1r/share/task_1r/environment/ament_prefix_path.dsv
[0.355s] -- Up-to-date: /home/thelegend442/faxic/RINS-kappa/workspace/install/task_1r/share/task_1r/environment/path.sh
[0.355s] -- Up-to-date: /home/thelegend442/faxic/RINS-kappa/workspace/install/task_1r/share/task_1r/environment/path.dsv
[0.355s] -- Up-to-date: /home/thelegend442/faxic/RINS-kappa/workspace/install/task_1r/share/task_1r/local_setup.bash
[0.355s] -- Up-to-date: /home/thelegend442/faxic/RINS-kappa/workspace/install/task_1r/share/task_1r/local_setup.sh
[0.355s] -- Up-to-date: /home/thelegend442/faxic/RINS-kappa/workspace/install/task_1r/share/task_1r/local_setup.zsh
[0.355s] -- Up-to-date: /home/thelegend442/faxic/RINS-kappa/workspace/install/task_1r/share/task_1r/local_setup.dsv
[0.355s] -- Installing: /home/thelegend442/faxic/RINS-kappa/workspace/install/task_1r/share/task_1r/package.dsv
[0.355s] -- Up-to-date: /home/thelegend442/faxic/RINS-kappa/workspace/install/task_1r/share/ament_index/resource_index/packages/task_1r
[0.355s] -- Up-to-date: /home/thelegend442/faxic/RINS-kappa/workspace/install/task_1r/share/task_1r/cmake/task_1rConfig.cmake
[0.355s] -- Up-to-date: /home/thelegend442/faxic/RINS-kappa/workspace/install/task_1r/share/task_1r/cmake/task_1rConfig-version.cmake
[0.355s] -- Up-to-date: /home/thelegend442/faxic/RINS-kappa/workspace/install/task_1r/share/task_1r/package.xml
[0.379s] Invoked command in '/home/thelegend442/faxic/RINS-kappa/workspace/build/task_1r' returned '0': CMAKE_PREFIX_PATH=${CMAKE_PREFIX_PATH}:/home/thelegend442/faxic/RINS-kappa/workspace/install/task_2s:/home/thelegend442/faxic/RINS-kappa/workspace/install/dis_tutorial2:/opt/ros/humble /usr/bin/cmake --install /home/thelegend442/faxic/RINS-kappa/workspace/build/task_1r
