[0.958s] Invoking command in '/home/strazi/RINS-kappa/workspace/src/dis_tutorial2': PYTHONPATH=/home/strazi/RINS-kappa/workspace/build/dis_tutorial2/prefix_override:/usr/lib/python3/dist-packages/colcon_core/task/python/colcon_distutils_commands:/home/strazi/RINS-kappa/workspace/install/dis_tutorial2/lib/python3.10/site-packages:${PYTHONPATH} /usr/bin/python3 -W ignore:setup.py install is deprecated -W ignore:easy_install command is deprecated setup.py egg_info --egg-base ../../build/dis_tutorial2 build --build-base /home/strazi/RINS-kappa/workspace/build/dis_tutorial2/build install --record /home/strazi/RINS-kappa/workspace/build/dis_tutorial2/install.log --single-version-externally-managed install_data
[1.328s] running egg_info
[1.329s] creating ../../build/dis_tutorial2/dis_tutorial2.egg-info
[1.331s] writing ../../build/dis_tutorial2/dis_tutorial2.egg-info/PKG-INFO
[1.331s] writing dependency_links to ../../build/dis_tutorial2/dis_tutorial2.egg-info/dependency_links.txt
[1.331s] writing entry points to ../../build/dis_tutorial2/dis_tutorial2.egg-info/entry_points.txt
[1.331s] writing requirements to ../../build/dis_tutorial2/dis_tutorial2.egg-info/requires.txt
[1.331s] writing top-level names to ../../build/dis_tutorial2/dis_tutorial2.egg-info/top_level.txt
[1.331s] writing manifest file '../../build/dis_tutorial2/dis_tutorial2.egg-info/SOURCES.txt'
[1.340s] reading manifest file '../../build/dis_tutorial2/dis_tutorial2.egg-info/SOURCES.txt'
[1.340s] writing manifest file '../../build/dis_tutorial2/dis_tutorial2.egg-info/SOURCES.txt'
[1.340s] running build
[1.340s] running build_py
[1.340s] creating /home/strazi/RINS-kappa/workspace/build/dis_tutorial2/build
[1.341s] creating /home/strazi/RINS-kappa/workspace/build/dis_tutorial2/build/lib
[1.341s] creating /home/strazi/RINS-kappa/workspace/build/dis_tutorial2/build/lib/dis_tutorial2
[1.341s] copying dis_tutorial2/achtung_die_turtles.py -> /home/strazi/RINS-kappa/workspace/build/dis_tutorial2/build/lib/dis_tutorial2
[1.341s] copying dis_tutorial2/go_to_position_simple_node.py -> /home/strazi/RINS-kappa/workspace/build/dis_tutorial2/build/lib/dis_tutorial2
[1.341s] copying dis_tutorial2/random_velocity_publisher_node.py -> /home/strazi/RINS-kappa/workspace/build/dis_tutorial2/build/lib/dis_tutorial2
[1.341s] copying dis_tutorial2/__init__.py -> /home/strazi/RINS-kappa/workspace/build/dis_tutorial2/build/lib/dis_tutorial2
[1.341s] copying dis_tutorial2/draw_client.py -> /home/strazi/RINS-kappa/workspace/build/dis_tutorial2/build/lib/dis_tutorial2
[1.341s] copying dis_tutorial2/draw_shape_node.py -> /home/strazi/RINS-kappa/workspace/build/dis_tutorial2/build/lib/dis_tutorial2
[1.341s] running install
[1.342s] running install_lib
[1.344s] creating /home/strazi/RINS-kappa/workspace/install/dis_tutorial2/lib/python3.10/site-packages/dis_tutorial2
[1.344s] copying /home/strazi/RINS-kappa/workspace/build/dis_tutorial2/build/lib/dis_tutorial2/achtung_die_turtles.py -> /home/strazi/RINS-kappa/workspace/install/dis_tutorial2/lib/python3.10/site-packages/dis_tutorial2
[1.344s] copying /home/strazi/RINS-kappa/workspace/build/dis_tutorial2/build/lib/dis_tutorial2/go_to_position_simple_node.py -> /home/strazi/RINS-kappa/workspace/install/dis_tutorial2/lib/python3.10/site-packages/dis_tutorial2
[1.345s] copying /home/strazi/RINS-kappa/workspace/build/dis_tutorial2/build/lib/dis_tutorial2/random_velocity_publisher_node.py -> /home/strazi/RINS-kappa/workspace/install/dis_tutorial2/lib/python3.10/site-packages/dis_tutorial2
[1.345s] copying /home/strazi/RINS-kappa/workspace/build/dis_tutorial2/build/lib/dis_tutorial2/__init__.py -> /home/strazi/RINS-kappa/workspace/install/dis_tutorial2/lib/python3.10/site-packages/dis_tutorial2
[1.345s] copying /home/strazi/RINS-kappa/workspace/build/dis_tutorial2/build/lib/dis_tutorial2/draw_client.py -> /home/strazi/RINS-kappa/workspace/install/dis_tutorial2/lib/python3.10/site-packages/dis_tutorial2
[1.345s] copying /home/strazi/RINS-kappa/workspace/build/dis_tutorial2/build/lib/dis_tutorial2/draw_shape_node.py -> /home/strazi/RINS-kappa/workspace/install/dis_tutorial2/lib/python3.10/site-packages/dis_tutorial2
[1.346s] byte-compiling /home/strazi/RINS-kappa/workspace/install/dis_tutorial2/lib/python3.10/site-packages/dis_tutorial2/achtung_die_turtles.py to achtung_die_turtles.cpython-310.pyc
[1.349s] byte-compiling /home/strazi/RINS-kappa/workspace/install/dis_tutorial2/lib/python3.10/site-packages/dis_tutorial2/go_to_position_simple_node.py to go_to_position_simple_node.cpython-310.pyc
[1.350s] byte-compiling /home/strazi/RINS-kappa/workspace/install/dis_tutorial2/lib/python3.10/site-packages/dis_tutorial2/random_velocity_publisher_node.py to random_velocity_publisher_node.cpython-310.pyc
[1.351s] byte-compiling /home/strazi/RINS-kappa/workspace/install/dis_tutorial2/lib/python3.10/site-packages/dis_tutorial2/__init__.py to __init__.cpython-310.pyc
[1.351s] byte-compiling /home/strazi/RINS-kappa/workspace/install/dis_tutorial2/lib/python3.10/site-packages/dis_tutorial2/draw_client.py to draw_client.cpython-310.pyc
[1.351s] byte-compiling /home/strazi/RINS-kappa/workspace/install/dis_tutorial2/lib/python3.10/site-packages/dis_tutorial2/draw_shape_node.py to draw_shape_node.cpython-310.pyc
[1.351s] running install_data
[1.351s] creating /home/strazi/RINS-kappa/workspace/install/dis_tutorial2/share/ament_index
[1.351s] creating /home/strazi/RINS-kappa/workspace/install/dis_tutorial2/share/ament_index/resource_index
[1.352s] creating /home/strazi/RINS-kappa/workspace/install/dis_tutorial2/share/ament_index/resource_index/packages
[1.352s] copying resource/dis_tutorial2 -> /home/strazi/RINS-kappa/workspace/install/dis_tutorial2/share/ament_index/resource_index/packages
[1.352s] copying package.xml -> /home/strazi/RINS-kappa/workspace/install/dis_tutorial2/share/dis_tutorial2
[1.352s] creating /home/strazi/RINS-kappa/workspace/install/dis_tutorial2/share/dis_tutorial2/launch
[1.352s] copying launch/go_to_position_launch.py -> /home/strazi/RINS-kappa/workspace/install/dis_tutorial2/share/dis_tutorial2/launch
[1.352s] copying launch/example_launch.py -> /home/strazi/RINS-kappa/workspace/install/dis_tutorial2/share/dis_tutorial2/launch
[1.352s] copying launch/example_launch.xml -> /home/strazi/RINS-kappa/workspace/install/dis_tutorial2/share/dis_tutorial2/launch
[1.352s] copying launch/example_launch.yaml -> /home/strazi/RINS-kappa/workspace/install/dis_tutorial2/share/dis_tutorial2/launch
[1.352s] running install_egg_info
[1.356s] Copying ../../build/dis_tutorial2/dis_tutorial2.egg-info to /home/strazi/RINS-kappa/workspace/install/dis_tutorial2/lib/python3.10/site-packages/dis_tutorial2-0.0.1-py3.10.egg-info
[1.357s] running install_scripts
[1.383s] Installing achtung_die_turtle script to /home/strazi/RINS-kappa/workspace/install/dis_tutorial2/lib/dis_tutorial2
[1.383s] Installing draw_client script to /home/strazi/RINS-kappa/workspace/install/dis_tutorial2/lib/dis_tutorial2
[1.383s] Installing draw_shape script to /home/strazi/RINS-kappa/workspace/install/dis_tutorial2/lib/dis_tutorial2
[1.383s] Installing go_to_position script to /home/strazi/RINS-kappa/workspace/install/dis_tutorial2/lib/dis_tutorial2
[1.383s] Installing random_velocity_publisher script to /home/strazi/RINS-kappa/workspace/install/dis_tutorial2/lib/dis_tutorial2
[1.383s] writing list of installed files to '/home/strazi/RINS-kappa/workspace/build/dis_tutorial2/install.log'
[1.436s] Invoked command in '/home/strazi/RINS-kappa/workspace/src/dis_tutorial2' returned '0': PYTHONPATH=/home/strazi/RINS-kappa/workspace/build/dis_tutorial2/prefix_override:/usr/lib/python3/dist-packages/colcon_core/task/python/colcon_distutils_commands:/home/strazi/RINS-kappa/workspace/install/dis_tutorial2/lib/python3.10/site-packages:${PYTHONPATH} /usr/bin/python3 -W ignore:setup.py install is deprecated -W ignore:easy_install command is deprecated setup.py egg_info --egg-base ../../build/dis_tutorial2 build --build-base /home/strazi/RINS-kappa/workspace/build/dis_tutorial2/build install --record /home/strazi/RINS-kappa/workspace/build/dis_tutorial2/install.log --single-version-externally-managed install_data
