[0.329s] Invoking command in '/home/strazi/RINS-kappa/workspace/build/dis_tutorial4': CMAKE_PREFIX_PATH=${CMAKE_PREFIX_PATH}:/home/strazi/RINS-kappa/workspace/install/dis_tutorial2:/opt/ros/humble /usr/bin/cmake /home/strazi/RINS-kappa/workspace/src/dis_tutorial4 -DCMAKE_INSTALL_PREFIX=/home/strazi/RINS-kappa/workspace/install/dis_tutorial4
[0.421s] -- The C compiler identification is GNU 11.4.0
[0.500s] -- The CXX compiler identification is GNU 11.4.0
[0.512s] -- Detecting C compiler ABI info
[0.616s] -- Detecting C compiler ABI info - done
[0.627s] -- Check for working C compiler: /usr/bin/cc - skipped
[0.627s] -- Detecting C compile features
[0.628s] -- Detecting C compile features - done
[0.632s] -- Detecting CXX compiler ABI info
[0.744s] -- Detecting CXX compiler ABI info - done
[0.755s] -- Check for working CXX compiler: /usr/bin/c++ - skipped
[0.755s] -- Detecting CXX compile features
[0.755s] -- Detecting CXX compile features - done
[0.759s] -- Found ament_cmake: 1.3.11 (/opt/ros/humble/share/ament_cmake/cmake)
[0.962s] -- Found Python3: /usr/bin/python3 (found version "3.10.12") found components: Interpreter 
[1.091s] -- Found rclcpp: 16.0.11 (/opt/ros/humble/share/rclcpp/cmake)
[1.154s] -- Found rosidl_generator_c: 3.1.6 (/opt/ros/humble/share/rosidl_generator_c/cmake)
[1.160s] -- Found rosidl_adapter: 3.1.6 (/opt/ros/humble/share/rosidl_adapter/cmake)
[1.172s] -- Found rosidl_generator_cpp: 3.1.6 (/opt/ros/humble/share/rosidl_generator_cpp/cmake)
[1.188s] -- Using all available rosidl_typesupport_c: rosidl_typesupport_fastrtps_c;rosidl_typesupport_introspection_c
[1.208s] -- Using all available rosidl_typesupport_cpp: rosidl_typesupport_fastrtps_cpp;rosidl_typesupport_introspection_cpp
[1.266s] -- Found rmw_implementation_cmake: 6.1.2 (/opt/ros/humble/share/rmw_implementation_cmake/cmake)
[1.270s] -- Found rmw_fastrtps_cpp: 6.2.7 (/opt/ros/humble/share/rmw_fastrtps_cpp/cmake)
[1.396s] -- Found OpenSSL: /usr/lib/x86_64-linux-gnu/libcrypto.so (found version "3.0.2")  
[1.437s] -- Found FastRTPS: /opt/ros/humble/include  
[1.503s] -- Using RMW implementation 'rmw_fastrtps_cpp' as default
[1.516s] -- Looking for pthread.h
[1.629s] -- Looking for pthread.h - found
[1.629s] -- Performing Test CMAKE_HAVE_LIBC_PTHREAD
[1.736s] -- Performing Test CMAKE_HAVE_LIBC_PTHREAD - Success
[1.737s] -- Found Threads: TRUE  
[1.798s] -- Found rclpy: 3.3.15 (/opt/ros/humble/share/rclpy/cmake)
[1.800s] -- Found std_srvs: 4.2.4 (/opt/ros/humble/share/std_srvs/cmake)
[1.813s] -- Found action_msgs: 1.2.1 (/opt/ros/humble/share/action_msgs/cmake)
[1.856s] -- Found nav2_msgs: 1.1.18 (/opt/ros/humble/share/nav2_msgs/cmake)
[1.933s] -- Found visualization_msgs: 4.2.4 (/opt/ros/humble/share/visualization_msgs/cmake)
[2.054s] -- Configuring done
[2.061s] -- Generating done
[2.063s] -- Build files have been written to: /home/strazi/RINS-kappa/workspace/build/dis_tutorial4
[2.077s] Invoked command in '/home/strazi/RINS-kappa/workspace/build/dis_tutorial4' returned '0': CMAKE_PREFIX_PATH=${CMAKE_PREFIX_PATH}:/home/strazi/RINS-kappa/workspace/install/dis_tutorial2:/opt/ros/humble /usr/bin/cmake /home/strazi/RINS-kappa/workspace/src/dis_tutorial4 -DCMAKE_INSTALL_PREFIX=/home/strazi/RINS-kappa/workspace/install/dis_tutorial4
[2.079s] Invoking command in '/home/strazi/RINS-kappa/workspace/build/dis_tutorial4': CMAKE_PREFIX_PATH=${CMAKE_PREFIX_PATH}:/home/strazi/RINS-kappa/workspace/install/dis_tutorial2:/opt/ros/humble /usr/bin/cmake --build /home/strazi/RINS-kappa/workspace/build/dis_tutorial4 -- -j12 -l12
[2.140s] Invoked command in '/home/strazi/RINS-kappa/workspace/build/dis_tutorial4' returned '0': CMAKE_PREFIX_PATH=${CMAKE_PREFIX_PATH}:/home/strazi/RINS-kappa/workspace/install/dis_tutorial2:/opt/ros/humble /usr/bin/cmake --build /home/strazi/RINS-kappa/workspace/build/dis_tutorial4 -- -j12 -l12
[2.141s] Invoking command in '/home/strazi/RINS-kappa/workspace/build/dis_tutorial4': CMAKE_PREFIX_PATH=${CMAKE_PREFIX_PATH}:/home/strazi/RINS-kappa/workspace/install/dis_tutorial2:/opt/ros/humble /usr/bin/cmake --install /home/strazi/RINS-kappa/workspace/build/dis_tutorial4
[2.148s] -- Install configuration: ""
[2.149s] -- Installing: /home/strazi/RINS-kappa/workspace/install/dis_tutorial4/share/dis_tutorial4//launch
[2.149s] -- Installing: /home/strazi/RINS-kappa/workspace/install/dis_tutorial4/share/dis_tutorial4//launch/sim_turtlebot_nav.launch.py
[2.149s] -- Installing: /home/strazi/RINS-kappa/workspace/install/dis_tutorial4/share/dis_tutorial4//launch/ignition.launch.py
[2.149s] -- Installing: /home/strazi/RINS-kappa/workspace/install/dis_tutorial4/share/dis_tutorial4//launch/dis_sim.launch.py
[2.149s] -- Installing: /home/strazi/RINS-kappa/workspace/install/dis_tutorial4/share/dis_tutorial4//launch/create3_nodes.launch.py
[2.149s] -- Installing: /home/strazi/RINS-kappa/workspace/install/dis_tutorial4/share/dis_tutorial4//launch/localization.launch.py
[2.149s] -- Installing: /home/strazi/RINS-kappa/workspace/install/dis_tutorial4/share/dis_tutorial4//launch/turtlebot4_spawn_nav.launch.py
[2.149s] -- Installing: /home/strazi/RINS-kappa/workspace/install/dis_tutorial4/share/dis_tutorial4//launch/turtlebot4_spawn.launch.py
[2.150s] -- Installing: /home/strazi/RINS-kappa/workspace/install/dis_tutorial4/share/dis_tutorial4//launch/slam.launch.py
[2.150s] -- Installing: /home/strazi/RINS-kappa/workspace/install/dis_tutorial4/share/dis_tutorial4//launch/nav2.launch.py
[2.150s] -- Installing: /home/strazi/RINS-kappa/workspace/install/dis_tutorial4/share/dis_tutorial4//launch/sim_turtlebot_slam.launch.py
[2.150s] -- Installing: /home/strazi/RINS-kappa/workspace/install/dis_tutorial4/lib/dis_tutorial4/map_goals.py
[2.150s] -- Installing: /home/strazi/RINS-kappa/workspace/install/dis_tutorial4/lib/dis_tutorial4/transform_point.py
[2.151s] -- Installing: /home/strazi/RINS-kappa/workspace/install/dis_tutorial4/share/ament_index/resource_index/package_run_dependencies/dis_tutorial4
[2.151s] -- Installing: /home/strazi/RINS-kappa/workspace/install/dis_tutorial4/share/ament_index/resource_index/parent_prefix_path/dis_tutorial4
[2.151s] -- Installing: /home/strazi/RINS-kappa/workspace/install/dis_tutorial4/share/dis_tutorial4/environment/ament_prefix_path.sh
[2.151s] -- Installing: /home/strazi/RINS-kappa/workspace/install/dis_tutorial4/share/dis_tutorial4/environment/ament_prefix_path.dsv
[2.152s] -- Installing: /home/strazi/RINS-kappa/workspace/install/dis_tutorial4/share/dis_tutorial4/environment/path.sh
[2.152s] -- Installing: /home/strazi/RINS-kappa/workspace/install/dis_tutorial4/share/dis_tutorial4/environment/path.dsv
[2.152s] -- Installing: /home/strazi/RINS-kappa/workspace/install/dis_tutorial4/share/dis_tutorial4/local_setup.bash
[2.152s] -- Installing: /home/strazi/RINS-kappa/workspace/install/dis_tutorial4/share/dis_tutorial4/local_setup.sh
[2.152s] -- Installing: /home/strazi/RINS-kappa/workspace/install/dis_tutorial4/share/dis_tutorial4/local_setup.zsh
[2.153s] -- Installing: /home/strazi/RINS-kappa/workspace/install/dis_tutorial4/share/dis_tutorial4/local_setup.dsv
[2.153s] -- Installing: /home/strazi/RINS-kappa/workspace/install/dis_tutorial4/share/dis_tutorial4/package.dsv
[2.153s] -- Installing: /home/strazi/RINS-kappa/workspace/install/dis_tutorial4/share/ament_index/resource_index/packages/dis_tutorial4
[2.153s] -- Installing: /home/strazi/RINS-kappa/workspace/install/dis_tutorial4/share/dis_tutorial4/cmake/dis_tutorial4Config.cmake
[2.153s] -- Installing: /home/strazi/RINS-kappa/workspace/install/dis_tutorial4/share/dis_tutorial4/cmake/dis_tutorial4Config-version.cmake
[2.154s] -- Installing: /home/strazi/RINS-kappa/workspace/install/dis_tutorial4/share/dis_tutorial4/package.xml
[2.157s] Invoked command in '/home/strazi/RINS-kappa/workspace/build/dis_tutorial4' returned '0': CMAKE_PREFIX_PATH=${CMAKE_PREFIX_PATH}:/home/strazi/RINS-kappa/workspace/install/dis_tutorial2:/opt/ros/humble /usr/bin/cmake --install /home/strazi/RINS-kappa/workspace/build/dis_tutorial4
