[0.027s] Invoking command in '/home/strazi/FAKS/3.letnik/RINS/workspace/build/dis_tutorial1': CMAKE_PREFIX_PATH=${CMAKE_PREFIX_PATH}:/home/strazi/FAKS/3.letnik/RINS/poskus/install/second_package:/home/strazi/FAKS/3.letnik/RINS/poskus/install/first_package:/home/strazi/FAKS/3.letnik/RINS/workspace/install/dis_tutorial2:/opt/ros/humble /usr/bin/cmake --build /home/strazi/FAKS/3.letnik/RINS/workspace/build/dis_tutorial1 -- -j8 -l8
[0.115s] -- Found ament_cmake: 1.3.11 (/opt/ros/humble/share/ament_cmake/cmake)
[0.239s] -- Override CMake install command with custom implementation using symlinks instead of copying resources
[0.268s] -- Found rclcpp: 16.0.11 (/opt/ros/humble/share/rclcpp/cmake)
[0.413s] -- Found rosidl_generator_c: 3.1.6 (/opt/ros/humble/share/rosidl_generator_c/cmake)
[0.417s] -- Found rosidl_adapter: 3.1.6 (/opt/ros/humble/share/rosidl_adapter/cmake)
[0.427s] -- Found rosidl_generator_cpp: 3.1.6 (/opt/ros/humble/share/rosidl_generator_cpp/cmake)
[0.440s] -- Using all available rosidl_typesupport_c: rosidl_typesupport_fastrtps_c;rosidl_typesupport_introspection_c
[0.456s] -- Using all available rosidl_typesupport_cpp: rosidl_typesupport_fastrtps_cpp;rosidl_typesupport_introspection_cpp
[0.497s] -- Found rmw_implementation_cmake: 6.1.2 (/opt/ros/humble/share/rmw_implementation_cmake/cmake)
[0.500s] -- Found rmw_fastrtps_cpp: 6.2.7 (/opt/ros/humble/share/rmw_fastrtps_cpp/cmake)
[2.946s] -- Using RMW implementation 'rmw_fastrtps_cpp' as default
[3.003s] -- Found rclpy: 3.3.15 (/opt/ros/humble/share/rclpy/cmake)
[3.004s] -- Found std_srvs: 4.2.4 (/opt/ros/humble/share/std_srvs/cmake)
[3.017s] -- Found rosidl_default_generators: 1.2.0 (/opt/ros/humble/share/rosidl_default_generators/cmake)
[3.230s] -- Found ament_cmake_ros: 0.10.0 (/opt/ros/humble/share/ament_cmake_ros/cmake)
[3.505s] -- Using all available rosidl_typesupport_c: rosidl_typesupport_fastrtps_c;rosidl_typesupport_introspection_c
[3.604s] -- Using all available rosidl_typesupport_cpp: rosidl_typesupport_fastrtps_cpp;rosidl_typesupport_introspection_cpp
[3.624s] -- Found python_cmake_module: 0.10.0 (/opt/ros/humble/share/python_cmake_module/cmake)
[3.646s] -- Using PYTHON_EXECUTABLE: /usr/bin/python3
[3.646s] -- Using PYTHON_INCLUDE_DIRS: /usr/include/python3.10
[3.646s] -- Using PYTHON_LIBRARIES: /usr/lib/x86_64-linux-gnu/libpython3.10.so
[3.703s] -- Configuring done
[3.798s] -- Generating done
[3.817s] -- Build files have been written to: /home/strazi/FAKS/3.letnik/RINS/workspace/build/dis_tutorial1
[3.844s] [  1%] [34m[1mGenerating C code for ROS interfaces[0m
[3.846s] [35m[1mConsolidate compiler generated dependencies of target simple_publisher[0m
[3.846s] [35m[1mConsolidate compiler generated dependencies of target simple_set_bool_server_node[0m
[3.846s] [35m[1mConsolidate compiler generated dependencies of target simple_subscriber[0m
[3.854s] [  3%] [34m[1mGenerating C++ code for ROS interfaces[0m
[3.862s] [  3%] Built target ament_cmake_python_symlink_dis_tutorial1
[3.866s] [  6%] Built target simple_set_bool_server_node
[3.867s] [ 11%] Built target simple_subscriber
[3.867s] [ 13%] Built target simple_publisher
[4.152s] running egg_info
[4.152s] writing dis_tutorial1.egg-info/PKG-INFO
[4.153s] writing dependency_links to dis_tutorial1.egg-info/dependency_links.txt
[4.153s] writing top-level names to dis_tutorial1.egg-info/top_level.txt
[4.155s] reading manifest file 'dis_tutorial1.egg-info/SOURCES.txt'
[4.156s] writing manifest file 'dis_tutorial1.egg-info/SOURCES.txt'
[4.181s] [ 13%] Built target ament_cmake_python_build_dis_tutorial1_egg
[4.272s] [35m[1mConsolidate compiler generated dependencies of target dis_tutorial1__rosidl_generator_c[0m
[4.282s] [ 15%] [32mBuilding C object CMakeFiles/dis_tutorial1__rosidl_generator_c.dir/rosidl_generator_c/dis_tutorial1/msg/detail/custom_message__functions.c.o[0m
[4.282s] [ 16%] [32mBuilding C object CMakeFiles/dis_tutorial1__rosidl_generator_c.dir/rosidl_generator_c/dis_tutorial1/srv/detail/add_two_ints__functions.c.o[0m
[4.283s] [ 18%] [32mBuilding C object CMakeFiles/dis_tutorial1__rosidl_generator_c.dir/rosidl_generator_c/dis_tutorial1/srv/detail/add_array__functions.c.o[0m
[4.286s] [ 18%] Built target dis_tutorial1__cpp
[4.295s] [ 22%] [34m[1mGenerating C++ introspection for ROS interfaces[0m
[4.295s] [ 22%] [34m[1mGenerating C++ type support dispatch for ROS interfaces[0m
[4.295s] [ 23%] [34m[1mGenerating C++ type support for eProsima Fast-RTPS[0m
[4.417s] [ 25%] [32m[1mLinking C shared library libdis_tutorial1__rosidl_generator_c.so[0m
[4.511s] [ 25%] Built target dis_tutorial1__rosidl_generator_c
[4.522s] [ 30%] [34m[1mGenerating C type support for eProsima Fast-RTPS[0m
[4.522s] [ 30%] [34m[1mGenerating C introspection for ROS interfaces[0m
[4.522s] [ 30%] [34m[1mGenerating C type support dispatch for ROS interfaces[0m
[4.644s] [35m[1mConsolidate compiler generated dependencies of target dis_tutorial1__rosidl_typesupport_cpp[0m
[4.659s] [ 33%] [32mBuilding CXX object CMakeFiles/dis_tutorial1__rosidl_typesupport_cpp.dir/rosidl_typesupport_cpp/dis_tutorial1/srv/add_two_ints__type_support.cpp.o[0m
[4.659s] [ 35%] [32mBuilding CXX object CMakeFiles/dis_tutorial1__rosidl_typesupport_cpp.dir/rosidl_typesupport_cpp/dis_tutorial1/srv/add_array__type_support.cpp.o[0m
[4.659s] [ 35%] [32mBuilding CXX object CMakeFiles/dis_tutorial1__rosidl_typesupport_cpp.dir/rosidl_typesupport_cpp/dis_tutorial1/msg/custom_message__type_support.cpp.o[0m
[4.700s] [35m[1mConsolidate compiler generated dependencies of target dis_tutorial1__rosidl_typesupport_introspection_cpp[0m
[4.731s] [ 37%] [32mBuilding CXX object CMakeFiles/dis_tutorial1__rosidl_typesupport_introspection_cpp.dir/rosidl_typesupport_introspection_cpp/dis_tutorial1/msg/detail/custom_message__type_support.cpp.o[0m
[4.797s] [35m[1mConsolidate compiler generated dependencies of target dis_tutorial1__rosidl_typesupport_fastrtps_cpp[0m
[4.817s] [ 38%] [32mBuilding CXX object CMakeFiles/dis_tutorial1__rosidl_typesupport_fastrtps_cpp.dir/rosidl_typesupport_fastrtps_cpp/dis_tutorial1/msg/detail/dds_fastrtps/custom_message__type_support.cpp.o[0m
[4.943s] [35m[1mConsolidate compiler generated dependencies of target dis_tutorial1__rosidl_typesupport_c[0m
[4.960s] [ 40%] [32mBuilding CXX object CMakeFiles/dis_tutorial1__rosidl_typesupport_c.dir/rosidl_typesupport_c/dis_tutorial1/msg/custom_message__type_support.cpp.o[0m
[5.037s] [ 42%] [32mBuilding CXX object CMakeFiles/dis_tutorial1__rosidl_typesupport_c.dir/rosidl_typesupport_c/dis_tutorial1/srv/add_two_ints__type_support.cpp.o[0m
[5.125s] [ 44%] [32mBuilding CXX object CMakeFiles/dis_tutorial1__rosidl_typesupport_c.dir/rosidl_typesupport_c/dis_tutorial1/srv/add_array__type_support.cpp.o[0m
[5.131s] [35m[1mConsolidate compiler generated dependencies of target dis_tutorial1__rosidl_typesupport_introspection_c[0m
[5.155s] [ 45%] [32mBuilding CXX object CMakeFiles/dis_tutorial1__rosidl_typesupport_introspection_cpp.dir/rosidl_typesupport_introspection_cpp/dis_tutorial1/srv/detail/add_two_ints__type_support.cpp.o[0m
[5.155s] [ 47%] [32mBuilding CXX object CMakeFiles/dis_tutorial1__rosidl_typesupport_fastrtps_cpp.dir/rosidl_typesupport_fastrtps_cpp/dis_tutorial1/srv/detail/dds_fastrtps/add_two_ints__type_support.cpp.o[0m
[5.156s] [ 49%] [32mBuilding C object CMakeFiles/dis_tutorial1__rosidl_typesupport_introspection_c.dir/rosidl_typesupport_introspection_c/dis_tutorial1/msg/detail/custom_message__type_support.c.o[0m
[5.159s] [ 50%] [32m[1mLinking CXX shared library libdis_tutorial1__rosidl_typesupport_cpp.so[0m
[5.163s] [35m[1mConsolidate compiler generated dependencies of target dis_tutorial1__rosidl_typesupport_fastrtps_c[0m
[5.179s] [ 52%] [32m[1mLinking CXX shared library libdis_tutorial1__rosidl_typesupport_c.so[0m
[5.198s] [ 54%] [32mBuilding CXX object CMakeFiles/dis_tutorial1__rosidl_typesupport_fastrtps_c.dir/rosidl_typesupport_fastrtps_c/dis_tutorial1/msg/detail/custom_message__type_support_c.cpp.o[0m
[5.219s] [ 55%] [32mBuilding C object CMakeFiles/dis_tutorial1__rosidl_typesupport_introspection_c.dir/rosidl_typesupport_introspection_c/dis_tutorial1/srv/detail/add_two_ints__type_support.c.o[0m
[5.281s] [ 57%] [32mBuilding C object CMakeFiles/dis_tutorial1__rosidl_typesupport_introspection_c.dir/rosidl_typesupport_introspection_c/dis_tutorial1/srv/detail/add_array__type_support.c.o[0m
[5.343s] [ 57%] Built target dis_tutorial1__rosidl_typesupport_cpp
[5.345s] [ 59%] [32m[1mLinking C shared library libdis_tutorial1__rosidl_typesupport_introspection_c.so[0m
[5.367s] [ 61%] [32mBuilding CXX object CMakeFiles/dis_tutorial1__rosidl_typesupport_fastrtps_c.dir/rosidl_typesupport_fastrtps_c/dis_tutorial1/srv/detail/add_two_ints__type_support_c.cpp.o[0m
[5.408s] [ 61%] Built target dis_tutorial1__rosidl_typesupport_c
[5.421s] [ 62%] [32mBuilding CXX object CMakeFiles/dis_tutorial1__rosidl_typesupport_fastrtps_cpp.dir/rosidl_typesupport_fastrtps_cpp/dis_tutorial1/srv/detail/dds_fastrtps/add_array__type_support.cpp.o[0m
[5.483s] [ 62%] Built target dis_tutorial1__rosidl_typesupport_introspection_c
[5.495s] [35m[1mConsolidate compiler generated dependencies of target simple_client_node[0m
[5.510s] [35m[1mConsolidate compiler generated dependencies of target simple_server_node[0m
[5.525s] [ 64%] [32mBuilding CXX object CMakeFiles/simple_client_node.dir/src/simple_client_node.cpp.o[0m
[5.545s] [35m[1mConsolidate compiler generated dependencies of target complete_node[0m
[5.565s] [ 66%] [32mBuilding CXX object CMakeFiles/simple_server_node.dir/src/simple_server_node.cpp.o[0m
[5.582s] [ 67%] [32mBuilding CXX object CMakeFiles/complete_node.dir/src/complete_node.cpp.o[0m
[5.705s] [ 69%] [32mBuilding CXX object CMakeFiles/dis_tutorial1__rosidl_typesupport_introspection_cpp.dir/rosidl_typesupport_introspection_cpp/dis_tutorial1/srv/detail/add_array__type_support.cpp.o[0m
[5.810s] [ 71%] [32mBuilding CXX object CMakeFiles/dis_tutorial1__rosidl_typesupport_fastrtps_c.dir/rosidl_typesupport_fastrtps_c/dis_tutorial1/srv/detail/add_array__type_support_c.cpp.o[0m
[6.138s] [ 72%] [32m[1mLinking CXX shared library libdis_tutorial1__rosidl_typesupport_fastrtps_cpp.so[0m
[6.322s] [ 74%] [32m[1mLinking CXX shared library libdis_tutorial1__rosidl_typesupport_fastrtps_c.so[0m
[6.342s] [ 76%] [32m[1mLinking CXX shared library libdis_tutorial1__rosidl_typesupport_introspection_cpp.so[0m
[6.430s] [ 76%] Built target dis_tutorial1__rosidl_typesupport_fastrtps_cpp
[6.571s] [ 76%] Built target dis_tutorial1__rosidl_typesupport_introspection_cpp
[6.583s] [ 76%] Built target dis_tutorial1__rosidl_typesupport_fastrtps_c
[6.605s] [ 76%] Built target dis_tutorial1
[6.642s] [ 77%] [34m[1mGenerating Python code for ROS interfaces[0m
[7.543s] [ 77%] Built target dis_tutorial1__py
[7.560s] [35m[1mConsolidate compiler generated dependencies of target dis_tutorial1__rosidl_generator_py[0m
[7.577s] [ 79%] [32mBuilding C object CMakeFiles/dis_tutorial1__rosidl_generator_py.dir/rosidl_generator_py/dis_tutorial1/msg/_custom_message_s.c.o[0m
[7.580s] [ 81%] [32mBuilding C object CMakeFiles/dis_tutorial1__rosidl_generator_py.dir/rosidl_generator_py/dis_tutorial1/srv/_add_two_ints_s.c.o[0m
[7.584s] [ 83%] [32mBuilding C object CMakeFiles/dis_tutorial1__rosidl_generator_py.dir/rosidl_generator_py/dis_tutorial1/srv/_add_array_s.c.o[0m
[7.876s] [ 84%] [32m[1mLinking C shared library rosidl_generator_py/dis_tutorial1/libdis_tutorial1__rosidl_generator_py.so[0m
[8.025s] [ 84%] Built target dis_tutorial1__rosidl_generator_py
[8.045s] [35m[1mConsolidate compiler generated dependencies of target dis_tutorial1__rosidl_typesupport_c__pyext[0m
[8.051s] [35m[1mConsolidate compiler generated dependencies of target dis_tutorial1__rosidl_typesupport_fastrtps_c__pyext[0m
[8.051s] [35m[1mConsolidate compiler generated dependencies of target dis_tutorial1__rosidl_typesupport_introspection_c__pyext[0m
[8.059s] [ 86%] [32mBuilding C object CMakeFiles/dis_tutorial1__rosidl_typesupport_c__pyext.dir/rosidl_generator_py/dis_tutorial1/_dis_tutorial1_s.ep.rosidl_typesupport_c.c.o[0m
[8.065s] [ 88%] [32mBuilding C object CMakeFiles/dis_tutorial1__rosidl_typesupport_fastrtps_c__pyext.dir/rosidl_generator_py/dis_tutorial1/_dis_tutorial1_s.ep.rosidl_typesupport_fastrtps_c.c.o[0m
[8.081s] [ 89%] [32mBuilding C object CMakeFiles/dis_tutorial1__rosidl_typesupport_introspection_c__pyext.dir/rosidl_generator_py/dis_tutorial1/_dis_tutorial1_s.ep.rosidl_typesupport_introspection_c.c.o[0m
[8.240s] [ 91%] [32m[1mLinking C shared library rosidl_generator_py/dis_tutorial1/dis_tutorial1_s__rosidl_typesupport_c.cpython-310-x86_64-linux-gnu.so[0m
[8.275s] [ 93%] [32m[1mLinking C shared library rosidl_generator_py/dis_tutorial1/dis_tutorial1_s__rosidl_typesupport_fastrtps_c.cpython-310-x86_64-linux-gnu.so[0m
[8.281s] [ 94%] [32m[1mLinking C shared library rosidl_generator_py/dis_tutorial1/dis_tutorial1_s__rosidl_typesupport_introspection_c.cpython-310-x86_64-linux-gnu.so[0m
[8.363s] [ 94%] Built target dis_tutorial1__rosidl_typesupport_c__pyext
[8.455s] [ 94%] Built target dis_tutorial1__rosidl_typesupport_introspection_c__pyext
[8.455s] [ 94%] Built target dis_tutorial1__rosidl_typesupport_fastrtps_c__pyext
[10.669s] [ 96%] [32m[1mLinking CXX executable simple_server_node[0m
[10.857s] [ 98%] [32m[1mLinking CXX executable simple_client_node[0m
[10.990s] [ 98%] Built target simple_server_node
[11.102s] [ 98%] Built target simple_client_node
[16.313s] [100%] [32m[1mLinking CXX executable complete_node[0m
[16.757s] [100%] Built target complete_node
[16.769s] Invoked command in '/home/strazi/FAKS/3.letnik/RINS/workspace/build/dis_tutorial1' returned '0': CMAKE_PREFIX_PATH=${CMAKE_PREFIX_PATH}:/home/strazi/FAKS/3.letnik/RINS/poskus/install/second_package:/home/strazi/FAKS/3.letnik/RINS/poskus/install/first_package:/home/strazi/FAKS/3.letnik/RINS/workspace/install/dis_tutorial2:/opt/ros/humble /usr/bin/cmake --build /home/strazi/FAKS/3.letnik/RINS/workspace/build/dis_tutorial1 -- -j8 -l8
[16.780s] Invoking command in '/home/strazi/FAKS/3.letnik/RINS/workspace/build/dis_tutorial1': CMAKE_PREFIX_PATH=${CMAKE_PREFIX_PATH}:/home/strazi/FAKS/3.letnik/RINS/poskus/install/second_package:/home/strazi/FAKS/3.letnik/RINS/poskus/install/first_package:/home/strazi/FAKS/3.letnik/RINS/workspace/install/dis_tutorial2:/opt/ros/humble /usr/bin/cmake --install /home/strazi/FAKS/3.letnik/RINS/workspace/build/dis_tutorial1
[16.786s] -- Install configuration: ""
[16.787s] -- Execute custom install script
[16.787s] -- Up-to-date symlink: /home/strazi/FAKS/3.letnik/RINS/workspace/install/dis_tutorial1/share/ament_index/resource_index/rosidl_interfaces/dis_tutorial1
[16.787s] -- Up-to-date symlink: /home/strazi/FAKS/3.letnik/RINS/workspace/install/dis_tutorial1/include/dis_tutorial1/dis_tutorial1/msg/custom_message.h
[16.788s] -- Up-to-date symlink: /home/strazi/FAKS/3.letnik/RINS/workspace/install/dis_tutorial1/include/dis_tutorial1/dis_tutorial1/msg/detail/custom_message__functions.h
[16.788s] -- Up-to-date symlink: /home/strazi/FAKS/3.letnik/RINS/workspace/install/dis_tutorial1/include/dis_tutorial1/dis_tutorial1/msg/detail/custom_message__struct.h
[16.788s] -- Up-to-date symlink: /home/strazi/FAKS/3.letnik/RINS/workspace/install/dis_tutorial1/include/dis_tutorial1/dis_tutorial1/msg/detail/custom_message__type_support.h
[16.788s] -- Up-to-date symlink: /home/strazi/FAKS/3.letnik/RINS/workspace/install/dis_tutorial1/include/dis_tutorial1/dis_tutorial1/msg/rosidl_generator_c__visibility_control.h
[16.788s] -- Up-to-date symlink: /home/strazi/FAKS/3.letnik/RINS/workspace/install/dis_tutorial1/include/dis_tutorial1/dis_tutorial1/srv/add_array.h
[16.788s] -- Up-to-date symlink: /home/strazi/FAKS/3.letnik/RINS/workspace/install/dis_tutorial1/include/dis_tutorial1/dis_tutorial1/srv/add_two_ints.h
[16.789s] -- Up-to-date symlink: /home/strazi/FAKS/3.letnik/RINS/workspace/install/dis_tutorial1/include/dis_tutorial1/dis_tutorial1/srv/detail/add_array__functions.h
[16.789s] -- Up-to-date symlink: /home/strazi/FAKS/3.letnik/RINS/workspace/install/dis_tutorial1/include/dis_tutorial1/dis_tutorial1/srv/detail/add_array__struct.h
[16.789s] -- Up-to-date symlink: /home/strazi/FAKS/3.letnik/RINS/workspace/install/dis_tutorial1/include/dis_tutorial1/dis_tutorial1/srv/detail/add_array__type_support.h
[16.789s] -- Up-to-date symlink: /home/strazi/FAKS/3.letnik/RINS/workspace/install/dis_tutorial1/include/dis_tutorial1/dis_tutorial1/srv/detail/add_two_ints__functions.h
[16.789s] -- Up-to-date symlink: /home/strazi/FAKS/3.letnik/RINS/workspace/install/dis_tutorial1/include/dis_tutorial1/dis_tutorial1/srv/detail/add_two_ints__struct.h
[16.789s] -- Up-to-date symlink: /home/strazi/FAKS/3.letnik/RINS/workspace/install/dis_tutorial1/include/dis_tutorial1/dis_tutorial1/srv/detail/add_two_ints__type_support.h
[16.789s] -- Up-to-date symlink: /home/strazi/FAKS/3.letnik/RINS/workspace/install/dis_tutorial1/share/dis_tutorial1/environment/library_path.sh
[16.789s] -- Up-to-date symlink: /home/strazi/FAKS/3.letnik/RINS/workspace/install/dis_tutorial1/share/dis_tutorial1/environment/library_path.dsv
[16.790s] -- Up-to-date symlink: /home/strazi/FAKS/3.letnik/RINS/workspace/install/dis_tutorial1/include/dis_tutorial1/dis_tutorial1/msg/detail/custom_message__rosidl_typesupport_fastrtps_c.h
[16.790s] -- Up-to-date symlink: /home/strazi/FAKS/3.letnik/RINS/workspace/install/dis_tutorial1/include/dis_tutorial1/dis_tutorial1/msg/rosidl_typesupport_fastrtps_c__visibility_control.h
[16.790s] -- Up-to-date symlink: /home/strazi/FAKS/3.letnik/RINS/workspace/install/dis_tutorial1/include/dis_tutorial1/dis_tutorial1/srv/detail/add_array__rosidl_typesupport_fastrtps_c.h
[16.790s] -- Up-to-date symlink: /home/strazi/FAKS/3.letnik/RINS/workspace/install/dis_tutorial1/include/dis_tutorial1/dis_tutorial1/srv/detail/add_two_ints__rosidl_typesupport_fastrtps_c.h
[16.790s] -- Up-to-date symlink: /home/strazi/FAKS/3.letnik/RINS/workspace/install/dis_tutorial1/include/dis_tutorial1/dis_tutorial1/msg/custom_message.hpp
[16.791s] -- Up-to-date symlink: /home/strazi/FAKS/3.letnik/RINS/workspace/install/dis_tutorial1/include/dis_tutorial1/dis_tutorial1/msg/detail/custom_message__builder.hpp
[16.791s] -- Up-to-date symlink: /home/strazi/FAKS/3.letnik/RINS/workspace/install/dis_tutorial1/include/dis_tutorial1/dis_tutorial1/msg/detail/custom_message__struct.hpp
[16.791s] -- Up-to-date symlink: /home/strazi/FAKS/3.letnik/RINS/workspace/install/dis_tutorial1/include/dis_tutorial1/dis_tutorial1/msg/detail/custom_message__traits.hpp
[16.791s] -- Up-to-date symlink: /home/strazi/FAKS/3.letnik/RINS/workspace/install/dis_tutorial1/include/dis_tutorial1/dis_tutorial1/msg/detail/custom_message__type_support.hpp
[16.791s] -- Up-to-date symlink: /home/strazi/FAKS/3.letnik/RINS/workspace/install/dis_tutorial1/include/dis_tutorial1/dis_tutorial1/msg/rosidl_generator_cpp__visibility_control.hpp
[16.791s] -- Up-to-date symlink: /home/strazi/FAKS/3.letnik/RINS/workspace/install/dis_tutorial1/include/dis_tutorial1/dis_tutorial1/srv/add_array.hpp
[16.791s] -- Up-to-date symlink: /home/strazi/FAKS/3.letnik/RINS/workspace/install/dis_tutorial1/include/dis_tutorial1/dis_tutorial1/srv/add_two_ints.hpp
[16.792s] -- Up-to-date symlink: /home/strazi/FAKS/3.letnik/RINS/workspace/install/dis_tutorial1/include/dis_tutorial1/dis_tutorial1/srv/detail/add_array__builder.hpp
[16.792s] -- Up-to-date symlink: /home/strazi/FAKS/3.letnik/RINS/workspace/install/dis_tutorial1/include/dis_tutorial1/dis_tutorial1/srv/detail/add_array__struct.hpp
[16.792s] -- Up-to-date symlink: /home/strazi/FAKS/3.letnik/RINS/workspace/install/dis_tutorial1/include/dis_tutorial1/dis_tutorial1/srv/detail/add_array__traits.hpp
[16.792s] -- Up-to-date symlink: /home/strazi/FAKS/3.letnik/RINS/workspace/install/dis_tutorial1/include/dis_tutorial1/dis_tutorial1/srv/detail/add_array__type_support.hpp
[16.792s] -- Up-to-date symlink: /home/strazi/FAKS/3.letnik/RINS/workspace/install/dis_tutorial1/include/dis_tutorial1/dis_tutorial1/srv/detail/add_two_ints__builder.hpp
[16.792s] -- Up-to-date symlink: /home/strazi/FAKS/3.letnik/RINS/workspace/install/dis_tutorial1/include/dis_tutorial1/dis_tutorial1/srv/detail/add_two_ints__struct.hpp
[16.792s] -- Up-to-date symlink: /home/strazi/FAKS/3.letnik/RINS/workspace/install/dis_tutorial1/include/dis_tutorial1/dis_tutorial1/srv/detail/add_two_ints__traits.hpp
[16.792s] -- Up-to-date symlink: /home/strazi/FAKS/3.letnik/RINS/workspace/install/dis_tutorial1/include/dis_tutorial1/dis_tutorial1/srv/detail/add_two_ints__type_support.hpp
[16.793s] -- Up-to-date symlink: /home/strazi/FAKS/3.letnik/RINS/workspace/install/dis_tutorial1/include/dis_tutorial1/dis_tutorial1/msg/detail/custom_message__rosidl_typesupport_fastrtps_cpp.hpp
[16.793s] -- Up-to-date symlink: /home/strazi/FAKS/3.letnik/RINS/workspace/install/dis_tutorial1/include/dis_tutorial1/dis_tutorial1/msg/rosidl_typesupport_fastrtps_cpp__visibility_control.h
[16.793s] -- Up-to-date symlink: /home/strazi/FAKS/3.letnik/RINS/workspace/install/dis_tutorial1/include/dis_tutorial1/dis_tutorial1/srv/detail/add_array__rosidl_typesupport_fastrtps_cpp.hpp
[16.793s] -- Up-to-date symlink: /home/strazi/FAKS/3.letnik/RINS/workspace/install/dis_tutorial1/include/dis_tutorial1/dis_tutorial1/srv/detail/add_two_ints__rosidl_typesupport_fastrtps_cpp.hpp
[16.794s] -- Up-to-date symlink: /home/strazi/FAKS/3.letnik/RINS/workspace/install/dis_tutorial1/include/dis_tutorial1/dis_tutorial1/msg/detail/custom_message__rosidl_typesupport_introspection_c.h
[16.794s] -- Up-to-date symlink: /home/strazi/FAKS/3.letnik/RINS/workspace/install/dis_tutorial1/include/dis_tutorial1/dis_tutorial1/msg/rosidl_typesupport_introspection_c__visibility_control.h
[16.794s] -- Up-to-date symlink: /home/strazi/FAKS/3.letnik/RINS/workspace/install/dis_tutorial1/include/dis_tutorial1/dis_tutorial1/srv/detail/add_array__rosidl_typesupport_introspection_c.h
[16.795s] -- Up-to-date symlink: /home/strazi/FAKS/3.letnik/RINS/workspace/install/dis_tutorial1/include/dis_tutorial1/dis_tutorial1/srv/detail/add_two_ints__rosidl_typesupport_introspection_c.h
[16.795s] -- Up-to-date symlink: /home/strazi/FAKS/3.letnik/RINS/workspace/install/dis_tutorial1/include/dis_tutorial1/dis_tutorial1/msg/detail/custom_message__rosidl_typesupport_introspection_cpp.hpp
[16.795s] -- Up-to-date symlink: /home/strazi/FAKS/3.letnik/RINS/workspace/install/dis_tutorial1/include/dis_tutorial1/dis_tutorial1/srv/detail/add_array__rosidl_typesupport_introspection_cpp.hpp
[16.795s] -- Up-to-date symlink: /home/strazi/FAKS/3.letnik/RINS/workspace/install/dis_tutorial1/include/dis_tutorial1/dis_tutorial1/srv/detail/add_two_ints__rosidl_typesupport_introspection_cpp.hpp
[16.795s] -- Up-to-date symlink: /home/strazi/FAKS/3.letnik/RINS/workspace/install/dis_tutorial1/share/dis_tutorial1/environment/pythonpath.sh
[16.795s] -- Up-to-date symlink: /home/strazi/FAKS/3.letnik/RINS/workspace/install/dis_tutorial1/share/dis_tutorial1/environment/pythonpath.dsv
[16.796s] -- Up-to-date symlink: /home/strazi/FAKS/3.letnik/RINS/workspace/install/dis_tutorial1/local/lib/python3.10/dist-packages/dis_tutorial1-0.0.1-py3.10.egg-info/PKG-INFO
[16.796s] -- Up-to-date symlink: /home/strazi/FAKS/3.letnik/RINS/workspace/install/dis_tutorial1/local/lib/python3.10/dist-packages/dis_tutorial1-0.0.1-py3.10.egg-info/SOURCES.txt
[16.796s] -- Up-to-date symlink: /home/strazi/FAKS/3.letnik/RINS/workspace/install/dis_tutorial1/local/lib/python3.10/dist-packages/dis_tutorial1-0.0.1-py3.10.egg-info/dependency_links.txt
[16.796s] -- Up-to-date symlink: /home/strazi/FAKS/3.letnik/RINS/workspace/install/dis_tutorial1/local/lib/python3.10/dist-packages/dis_tutorial1-0.0.1-py3.10.egg-info/top_level.txt
[16.797s] -- Up-to-date symlink: /home/strazi/FAKS/3.letnik/RINS/workspace/install/dis_tutorial1/local/lib/python3.10/dist-packages/dis_tutorial1/__init__.py
[16.797s] -- Up-to-date symlink: /home/strazi/FAKS/3.letnik/RINS/workspace/install/dis_tutorial1/local/lib/python3.10/dist-packages/dis_tutorial1/_dis_tutorial1_s.ep.rosidl_typesupport_c.c
[16.797s] -- Up-to-date symlink: /home/strazi/FAKS/3.letnik/RINS/workspace/install/dis_tutorial1/local/lib/python3.10/dist-packages/dis_tutorial1/_dis_tutorial1_s.ep.rosidl_typesupport_fastrtps_c.c
[16.797s] -- Up-to-date symlink: /home/strazi/FAKS/3.letnik/RINS/workspace/install/dis_tutorial1/local/lib/python3.10/dist-packages/dis_tutorial1/_dis_tutorial1_s.ep.rosidl_typesupport_introspection_c.c
[16.797s] -- Up-to-date symlink: /home/strazi/FAKS/3.letnik/RINS/workspace/install/dis_tutorial1/local/lib/python3.10/dist-packages/dis_tutorial1/dis_tutorial1_s__rosidl_typesupport_c.cpython-310-x86_64-linux-gnu.so
[16.798s] -- Up-to-date symlink: /home/strazi/FAKS/3.letnik/RINS/workspace/install/dis_tutorial1/local/lib/python3.10/dist-packages/dis_tutorial1/dis_tutorial1_s__rosidl_typesupport_fastrtps_c.cpython-310-x86_64-linux-gnu.so
[16.798s] -- Up-to-date symlink: /home/strazi/FAKS/3.letnik/RINS/workspace/install/dis_tutorial1/local/lib/python3.10/dist-packages/dis_tutorial1/dis_tutorial1_s__rosidl_typesupport_introspection_c.cpython-310-x86_64-linux-gnu.so
[16.798s] -- Up-to-date symlink: /home/strazi/FAKS/3.letnik/RINS/workspace/install/dis_tutorial1/local/lib/python3.10/dist-packages/dis_tutorial1/libdis_tutorial1__rosidl_generator_py.so
[16.798s] -- Up-to-date symlink: /home/strazi/FAKS/3.letnik/RINS/workspace/install/dis_tutorial1/local/lib/python3.10/dist-packages/dis_tutorial1/msg/__init__.py
[16.798s] -- Up-to-date symlink: /home/strazi/FAKS/3.letnik/RINS/workspace/install/dis_tutorial1/local/lib/python3.10/dist-packages/dis_tutorial1/msg/_custom_message.py
[16.798s] -- Up-to-date symlink: /home/strazi/FAKS/3.letnik/RINS/workspace/install/dis_tutorial1/local/lib/python3.10/dist-packages/dis_tutorial1/msg/_custom_message_s.c
[16.799s] -- Up-to-date symlink: /home/strazi/FAKS/3.letnik/RINS/workspace/install/dis_tutorial1/local/lib/python3.10/dist-packages/dis_tutorial1/srv/__init__.py
[16.799s] -- Up-to-date symlink: /home/strazi/FAKS/3.letnik/RINS/workspace/install/dis_tutorial1/local/lib/python3.10/dist-packages/dis_tutorial1/srv/_add_array.py
[16.799s] -- Up-to-date symlink: /home/strazi/FAKS/3.letnik/RINS/workspace/install/dis_tutorial1/local/lib/python3.10/dist-packages/dis_tutorial1/srv/_add_array_s.c
[16.799s] -- Up-to-date symlink: /home/strazi/FAKS/3.letnik/RINS/workspace/install/dis_tutorial1/local/lib/python3.10/dist-packages/dis_tutorial1/srv/_add_two_ints.py
[16.799s] -- Up-to-date symlink: /home/strazi/FAKS/3.letnik/RINS/workspace/install/dis_tutorial1/local/lib/python3.10/dist-packages/dis_tutorial1/srv/_add_two_ints_s.c
[16.799s] -- Up-to-date symlink: /home/strazi/FAKS/3.letnik/RINS/workspace/install/dis_tutorial1/local/lib/python3.10/dist-packages/dis_tutorial1/dis_tutorial1_s__rosidl_typesupport_fastrtps_c.cpython-310-x86_64-linux-gnu.so
[16.799s] -- Up-to-date symlink: /home/strazi/FAKS/3.letnik/RINS/workspace/install/dis_tutorial1/local/lib/python3.10/dist-packages/dis_tutorial1/dis_tutorial1_s__rosidl_typesupport_introspection_c.cpython-310-x86_64-linux-gnu.so
[16.799s] -- Up-to-date symlink: /home/strazi/FAKS/3.letnik/RINS/workspace/install/dis_tutorial1/local/lib/python3.10/dist-packages/dis_tutorial1/dis_tutorial1_s__rosidl_typesupport_c.cpython-310-x86_64-linux-gnu.so
[16.800s] -- Up-to-date symlink: /home/strazi/FAKS/3.letnik/RINS/workspace/install/dis_tutorial1/share/dis_tutorial1/msg/CustomMessage.idl
[16.800s] -- Up-to-date symlink: /home/strazi/FAKS/3.letnik/RINS/workspace/install/dis_tutorial1/share/dis_tutorial1/srv/AddTwoInts.idl
[16.800s] -- Up-to-date symlink: /home/strazi/FAKS/3.letnik/RINS/workspace/install/dis_tutorial1/share/dis_tutorial1/srv/AddArray.idl
[16.800s] -- Up-to-date symlink: /home/strazi/FAKS/3.letnik/RINS/workspace/install/dis_tutorial1/share/dis_tutorial1/msg/CustomMessage.msg
[16.800s] -- Up-to-date symlink: /home/strazi/FAKS/3.letnik/RINS/workspace/install/dis_tutorial1/share/dis_tutorial1/srv/AddTwoInts.srv
[16.800s] -- Up-to-date symlink: /home/strazi/FAKS/3.letnik/RINS/workspace/install/dis_tutorial1/share/dis_tutorial1/srv/AddTwoInts_Request.msg
[16.800s] -- Up-to-date symlink: /home/strazi/FAKS/3.letnik/RINS/workspace/install/dis_tutorial1/share/dis_tutorial1/srv/AddTwoInts_Response.msg
[16.801s] -- Up-to-date symlink: /home/strazi/FAKS/3.letnik/RINS/workspace/install/dis_tutorial1/share/dis_tutorial1/srv/AddArray.srv
[16.801s] -- Up-to-date symlink: /home/strazi/FAKS/3.letnik/RINS/workspace/install/dis_tutorial1/share/dis_tutorial1/srv/AddArray_Request.msg
[16.801s] -- Up-to-date symlink: /home/strazi/FAKS/3.letnik/RINS/workspace/install/dis_tutorial1/share/dis_tutorial1/srv/AddArray_Response.msg
[16.801s] -- Up-to-date symlink: /home/strazi/FAKS/3.letnik/RINS/workspace/install/dis_tutorial1/lib/dis_tutorial1/simple_publisher
[16.801s] -- Up-to-date symlink: /home/strazi/FAKS/3.letnik/RINS/workspace/install/dis_tutorial1/lib/dis_tutorial1/simple_subscriber
[16.802s] -- Up-to-date symlink: /home/strazi/FAKS/3.letnik/RINS/workspace/install/dis_tutorial1/lib/dis_tutorial1/simple_client_node
[16.802s] -- Up-to-date symlink: /home/strazi/FAKS/3.letnik/RINS/workspace/install/dis_tutorial1/lib/dis_tutorial1/simple_server_node
[16.802s] -- Up-to-date symlink: /home/strazi/FAKS/3.letnik/RINS/workspace/install/dis_tutorial1/lib/dis_tutorial1/complete_node
[16.802s] -- Up-to-date symlink: /home/strazi/FAKS/3.letnik/RINS/workspace/install/dis_tutorial1/lib/dis_tutorial1/simple_set_bool_server_node
[16.802s] -- Up-to-date symlink: /home/strazi/FAKS/3.letnik/RINS/workspace/install/dis_tutorial1/lib/dis_tutorial1/py_simple_publisher.py
[16.802s] -- Up-to-date symlink: /home/strazi/FAKS/3.letnik/RINS/workspace/install/dis_tutorial1/lib/dis_tutorial1/py_simple_subscriber.py
[16.803s] -- Up-to-date symlink: /home/strazi/FAKS/3.letnik/RINS/workspace/install/dis_tutorial1/lib/dis_tutorial1/py_simple_server_node.py
[16.803s] -- Up-to-date symlink: /home/strazi/FAKS/3.letnik/RINS/workspace/install/dis_tutorial1/lib/dis_tutorial1/py_simple_client_node.py
[16.803s] -- Up-to-date symlink: /home/strazi/FAKS/3.letnik/RINS/workspace/install/dis_tutorial1/lib/dis_tutorial1/py_complete_node.py
[16.803s] -- Up-to-date symlink: /home/strazi/FAKS/3.letnik/RINS/workspace/install/dis_tutorial1/lib/dis_tutorial1/py_draw_square.py
[16.803s] -- Up-to-date symlink: /home/strazi/FAKS/3.letnik/RINS/workspace/install/dis_tutorial1/share/ament_index/resource_index/package_run_dependencies/dis_tutorial1
[16.803s] -- Up-to-date symlink: /home/strazi/FAKS/3.letnik/RINS/workspace/install/dis_tutorial1/share/ament_index/resource_index/parent_prefix_path/dis_tutorial1
[16.803s] -- Up-to-date symlink: /home/strazi/FAKS/3.letnik/RINS/workspace/install/dis_tutorial1/share/dis_tutorial1/environment/ament_prefix_path.sh
[16.803s] -- Up-to-date symlink: /home/strazi/FAKS/3.letnik/RINS/workspace/install/dis_tutorial1/share/dis_tutorial1/environment/ament_prefix_path.dsv
[16.803s] -- Up-to-date symlink: /home/strazi/FAKS/3.letnik/RINS/workspace/install/dis_tutorial1/share/dis_tutorial1/environment/path.sh
[16.804s] -- Up-to-date symlink: /home/strazi/FAKS/3.letnik/RINS/workspace/install/dis_tutorial1/share/dis_tutorial1/environment/path.dsv
[16.804s] -- Up-to-date symlink: /home/strazi/FAKS/3.letnik/RINS/workspace/install/dis_tutorial1/share/dis_tutorial1/local_setup.bash
[16.804s] -- Up-to-date symlink: /home/strazi/FAKS/3.letnik/RINS/workspace/install/dis_tutorial1/share/dis_tutorial1/local_setup.sh
[16.804s] -- Up-to-date symlink: /home/strazi/FAKS/3.letnik/RINS/workspace/install/dis_tutorial1/share/dis_tutorial1/local_setup.zsh
[16.804s] -- Up-to-date symlink: /home/strazi/FAKS/3.letnik/RINS/workspace/install/dis_tutorial1/share/dis_tutorial1/local_setup.dsv
[16.804s] -- Symlinking: /home/strazi/FAKS/3.letnik/RINS/workspace/install/dis_tutorial1/share/dis_tutorial1/package.dsv
[16.813s] -- Up-to-date symlink: /home/strazi/FAKS/3.letnik/RINS/workspace/install/dis_tutorial1/share/ament_index/resource_index/packages/dis_tutorial1
[16.813s] -- Up-to-date symlink: /home/strazi/FAKS/3.letnik/RINS/workspace/install/dis_tutorial1/share/dis_tutorial1/cmake/rosidl_cmake-extras.cmake
[16.813s] -- Up-to-date symlink: /home/strazi/FAKS/3.letnik/RINS/workspace/install/dis_tutorial1/share/dis_tutorial1/cmake/ament_cmake_export_dependencies-extras.cmake
[16.813s] -- Up-to-date symlink: /home/strazi/FAKS/3.letnik/RINS/workspace/install/dis_tutorial1/share/dis_tutorial1/cmake/ament_cmake_export_include_directories-extras.cmake
[16.814s] -- Up-to-date symlink: /home/strazi/FAKS/3.letnik/RINS/workspace/install/dis_tutorial1/share/dis_tutorial1/cmake/ament_cmake_export_libraries-extras.cmake
[16.814s] -- Up-to-date symlink: /home/strazi/FAKS/3.letnik/RINS/workspace/install/dis_tutorial1/share/dis_tutorial1/cmake/ament_cmake_export_targets-extras.cmake
[16.814s] -- Up-to-date symlink: /home/strazi/FAKS/3.letnik/RINS/workspace/install/dis_tutorial1/share/dis_tutorial1/cmake/rosidl_cmake_export_typesupport_targets-extras.cmake
[16.814s] -- Up-to-date symlink: /home/strazi/FAKS/3.letnik/RINS/workspace/install/dis_tutorial1/share/dis_tutorial1/cmake/rosidl_cmake_export_typesupport_libraries-extras.cmake
[16.814s] -- Up-to-date symlink: /home/strazi/FAKS/3.letnik/RINS/workspace/install/dis_tutorial1/share/dis_tutorial1/cmake/dis_tutorial1Config.cmake
[16.814s] -- Up-to-date symlink: /home/strazi/FAKS/3.letnik/RINS/workspace/install/dis_tutorial1/share/dis_tutorial1/cmake/dis_tutorial1Config-version.cmake
[16.814s] -- Up-to-date symlink: /home/strazi/FAKS/3.letnik/RINS/workspace/install/dis_tutorial1/share/dis_tutorial1/package.xml
[16.815s] -- Installing: /home/strazi/FAKS/3.letnik/RINS/workspace/install/dis_tutorial1/lib/libdis_tutorial1__rosidl_generator_c.so
[16.815s] -- Set runtime path of "/home/strazi/FAKS/3.letnik/RINS/workspace/install/dis_tutorial1/lib/libdis_tutorial1__rosidl_generator_c.so" to ""
[16.816s] -- Installing: /home/strazi/FAKS/3.letnik/RINS/workspace/install/dis_tutorial1/lib/libdis_tutorial1__rosidl_typesupport_fastrtps_c.so
[16.816s] -- Set runtime path of "/home/strazi/FAKS/3.letnik/RINS/workspace/install/dis_tutorial1/lib/libdis_tutorial1__rosidl_typesupport_fastrtps_c.so" to ""
[16.818s] -- Installing: /home/strazi/FAKS/3.letnik/RINS/workspace/install/dis_tutorial1/lib/libdis_tutorial1__rosidl_typesupport_fastrtps_cpp.so
[16.818s] -- Set runtime path of "/home/strazi/FAKS/3.letnik/RINS/workspace/install/dis_tutorial1/lib/libdis_tutorial1__rosidl_typesupport_fastrtps_cpp.so" to ""
[16.820s] -- Installing: /home/strazi/FAKS/3.letnik/RINS/workspace/install/dis_tutorial1/lib/libdis_tutorial1__rosidl_typesupport_introspection_c.so
[16.820s] -- Set runtime path of "/home/strazi/FAKS/3.letnik/RINS/workspace/install/dis_tutorial1/lib/libdis_tutorial1__rosidl_typesupport_introspection_c.so" to ""
[16.821s] -- Installing: /home/strazi/FAKS/3.letnik/RINS/workspace/install/dis_tutorial1/lib/libdis_tutorial1__rosidl_typesupport_c.so
[16.821s] -- Set runtime path of "/home/strazi/FAKS/3.letnik/RINS/workspace/install/dis_tutorial1/lib/libdis_tutorial1__rosidl_typesupport_c.so" to ""
[16.823s] -- Installing: /home/strazi/FAKS/3.letnik/RINS/workspace/install/dis_tutorial1/lib/libdis_tutorial1__rosidl_typesupport_introspection_cpp.so
[16.823s] -- Set runtime path of "/home/strazi/FAKS/3.letnik/RINS/workspace/install/dis_tutorial1/lib/libdis_tutorial1__rosidl_typesupport_introspection_cpp.so" to ""
[16.824s] -- Installing: /home/strazi/FAKS/3.letnik/RINS/workspace/install/dis_tutorial1/lib/libdis_tutorial1__rosidl_typesupport_cpp.so
[16.825s] -- Set runtime path of "/home/strazi/FAKS/3.letnik/RINS/workspace/install/dis_tutorial1/lib/libdis_tutorial1__rosidl_typesupport_cpp.so" to ""
[16.859s] Listing '/home/strazi/FAKS/3.letnik/RINS/workspace/install/dis_tutorial1/local/lib/python3.10/dist-packages/dis_tutorial1'...
[16.859s] Compiling '/home/strazi/FAKS/3.letnik/RINS/workspace/install/dis_tutorial1/local/lib/python3.10/dist-packages/dis_tutorial1/__init__.py'...
[16.859s] Listing '/home/strazi/FAKS/3.letnik/RINS/workspace/install/dis_tutorial1/local/lib/python3.10/dist-packages/dis_tutorial1/msg'...
[16.859s] Compiling '/home/strazi/FAKS/3.letnik/RINS/workspace/install/dis_tutorial1/local/lib/python3.10/dist-packages/dis_tutorial1/msg/__init__.py'...
[16.859s] Compiling '/home/strazi/FAKS/3.letnik/RINS/workspace/install/dis_tutorial1/local/lib/python3.10/dist-packages/dis_tutorial1/msg/_custom_message.py'...
[16.859s] Listing '/home/strazi/FAKS/3.letnik/RINS/workspace/install/dis_tutorial1/local/lib/python3.10/dist-packages/dis_tutorial1/srv'...
[16.859s] Compiling '/home/strazi/FAKS/3.letnik/RINS/workspace/install/dis_tutorial1/local/lib/python3.10/dist-packages/dis_tutorial1/srv/__init__.py'...
[16.859s] Compiling '/home/strazi/FAKS/3.letnik/RINS/workspace/install/dis_tutorial1/local/lib/python3.10/dist-packages/dis_tutorial1/srv/_add_array.py'...
[16.859s] Compiling '/home/strazi/FAKS/3.letnik/RINS/workspace/install/dis_tutorial1/local/lib/python3.10/dist-packages/dis_tutorial1/srv/_add_two_ints.py'...
[16.864s] -- Installing: /home/strazi/FAKS/3.letnik/RINS/workspace/install/dis_tutorial1/lib/libdis_tutorial1__rosidl_generator_py.so
[16.864s] -- Set runtime path of "/home/strazi/FAKS/3.letnik/RINS/workspace/install/dis_tutorial1/lib/libdis_tutorial1__rosidl_generator_py.so" to ""
[16.865s] -- Up-to-date: /home/strazi/FAKS/3.letnik/RINS/workspace/install/dis_tutorial1/share/dis_tutorial1/cmake/export_dis_tutorial1__rosidl_generator_cExport.cmake
[16.865s] -- Up-to-date: /home/strazi/FAKS/3.letnik/RINS/workspace/install/dis_tutorial1/share/dis_tutorial1/cmake/export_dis_tutorial1__rosidl_generator_cExport-noconfig.cmake
[16.865s] -- Up-to-date: /home/strazi/FAKS/3.letnik/RINS/workspace/install/dis_tutorial1/share/dis_tutorial1/cmake/export_dis_tutorial1__rosidl_typesupport_fastrtps_cExport.cmake
[16.866s] -- Up-to-date: /home/strazi/FAKS/3.letnik/RINS/workspace/install/dis_tutorial1/share/dis_tutorial1/cmake/export_dis_tutorial1__rosidl_typesupport_fastrtps_cExport-noconfig.cmake
[16.866s] -- Up-to-date: /home/strazi/FAKS/3.letnik/RINS/workspace/install/dis_tutorial1/share/dis_tutorial1/cmake/export_dis_tutorial1__rosidl_generator_cppExport.cmake
[16.867s] -- Up-to-date: /home/strazi/FAKS/3.letnik/RINS/workspace/install/dis_tutorial1/share/dis_tutorial1/cmake/export_dis_tutorial1__rosidl_typesupport_fastrtps_cppExport.cmake
[16.867s] -- Up-to-date: /home/strazi/FAKS/3.letnik/RINS/workspace/install/dis_tutorial1/share/dis_tutorial1/cmake/export_dis_tutorial1__rosidl_typesupport_fastrtps_cppExport-noconfig.cmake
[16.867s] -- Up-to-date: /home/strazi/FAKS/3.letnik/RINS/workspace/install/dis_tutorial1/share/dis_tutorial1/cmake/dis_tutorial1__rosidl_typesupport_introspection_cExport.cmake
[16.867s] -- Up-to-date: /home/strazi/FAKS/3.letnik/RINS/workspace/install/dis_tutorial1/share/dis_tutorial1/cmake/dis_tutorial1__rosidl_typesupport_introspection_cExport-noconfig.cmake
[16.868s] -- Up-to-date: /home/strazi/FAKS/3.letnik/RINS/workspace/install/dis_tutorial1/share/dis_tutorial1/cmake/dis_tutorial1__rosidl_typesupport_cExport.cmake
[16.868s] -- Up-to-date: /home/strazi/FAKS/3.letnik/RINS/workspace/install/dis_tutorial1/share/dis_tutorial1/cmake/dis_tutorial1__rosidl_typesupport_cExport-noconfig.cmake
[16.868s] -- Up-to-date: /home/strazi/FAKS/3.letnik/RINS/workspace/install/dis_tutorial1/share/dis_tutorial1/cmake/dis_tutorial1__rosidl_typesupport_introspection_cppExport.cmake
[16.868s] -- Up-to-date: /home/strazi/FAKS/3.letnik/RINS/workspace/install/dis_tutorial1/share/dis_tutorial1/cmake/dis_tutorial1__rosidl_typesupport_introspection_cppExport-noconfig.cmake
[16.869s] -- Up-to-date: /home/strazi/FAKS/3.letnik/RINS/workspace/install/dis_tutorial1/share/dis_tutorial1/cmake/dis_tutorial1__rosidl_typesupport_cppExport.cmake
[16.869s] -- Up-to-date: /home/strazi/FAKS/3.letnik/RINS/workspace/install/dis_tutorial1/share/dis_tutorial1/cmake/dis_tutorial1__rosidl_typesupport_cppExport-noconfig.cmake
[16.869s] -- Up-to-date: /home/strazi/FAKS/3.letnik/RINS/workspace/install/dis_tutorial1/share/dis_tutorial1/cmake/export_dis_tutorial1__rosidl_generator_pyExport.cmake
[16.869s] -- Up-to-date: /home/strazi/FAKS/3.letnik/RINS/workspace/install/dis_tutorial1/share/dis_tutorial1/cmake/export_dis_tutorial1__rosidl_generator_pyExport-noconfig.cmake
[16.872s] Invoked command in '/home/strazi/FAKS/3.letnik/RINS/workspace/build/dis_tutorial1' returned '0': CMAKE_PREFIX_PATH=${CMAKE_PREFIX_PATH}:/home/strazi/FAKS/3.letnik/RINS/poskus/install/second_package:/home/strazi/FAKS/3.letnik/RINS/poskus/install/first_package:/home/strazi/FAKS/3.letnik/RINS/workspace/install/dis_tutorial2:/opt/ros/humble /usr/bin/cmake --install /home/strazi/FAKS/3.letnik/RINS/workspace/build/dis_tutorial1
