[0.118s] DEBUG:colcon:Command line arguments: ['/usr/bin/colcon', 'build']
[0.118s] DEBUG:colcon:Parsed command line arguments: Namespace(log_base=None, log_level=None, verb_name='build', build_base='build', install_base='install', merge_install=False, symlink_install=False, test_result_base=None, continue_on_error=False, executor='parallel', parallel_workers=12, event_handlers=None, ignore_user_meta=False, metas=['./colcon.meta'], base_paths=['.'], packages_ignore=None, packages_ignore_regex=None, paths=None, packages_up_to=None, packages_up_to_regex=None, packages_above=None, packages_above_and_dependencies=None, packages_above_depth=None, packages_select_by_dep=None, packages_skip_by_dep=None, packages_skip_up_to=None, packages_select_build_failed=False, packages_skip_build_finished=False, packages_select_test_failures=False, packages_skip_test_passed=False, packages_select=None, packages_skip=None, packages_select_regex=None, packages_skip_regex=None, packages_start=None, packages_end=None, allow_overriding=[], cmake_args=None, cmake_target=None, cmake_target_skip_unavailable=False, cmake_clean_cache=False, cmake_clean_first=False, cmake_force_configure=False, ament_cmake_args=None, catkin_cmake_args=None, catkin_skip_building_tests=False, mixin_files=None, mixin=None, verb_parser=<colcon_mixin.mixin.mixin_argument.MixinArgumentDecorator object at 0x7139e4362b00>, verb_extension=<colcon_core.verb.build.BuildVerb object at 0x7139e43240d0>, main=<bound method BuildVerb.main of <colcon_core.verb.build.BuildVerb object at 0x7139e43240d0>>, mixin_verb=('build',))
[0.313s] Level 1:colcon.colcon_core.package_discovery:discover_packages(colcon_meta) check parameters
[0.313s] Level 1:colcon.colcon_core.package_discovery:discover_packages(recursive) check parameters
[0.313s] Level 1:colcon.colcon_core.package_discovery:discover_packages(ignore) check parameters
[0.313s] Level 1:colcon.colcon_core.package_discovery:discover_packages(path) check parameters
[0.313s] Level 1:colcon.colcon_core.package_discovery:discover_packages(colcon_meta) discover
[0.313s] Level 1:colcon.colcon_core.package_discovery:discover_packages(recursive) discover
[0.313s] INFO:colcon.colcon_core.package_discovery:Crawling recursively for packages in '/home/strazi/RINS-kappa/workspace'
[0.313s] Level 1:colcon.colcon_core.package_identification:_identify(.) by extensions ['ignore', 'ignore_ament_install']
[0.313s] Level 1:colcon.colcon_core.package_identification:_identify(.) by extension 'ignore'
[0.313s] Level 1:colcon.colcon_core.package_identification:_identify(.) by extension 'ignore_ament_install'
[0.314s] Level 1:colcon.colcon_core.package_identification:_identify(.) by extensions ['colcon_pkg']
[0.314s] Level 1:colcon.colcon_core.package_identification:_identify(.) by extension 'colcon_pkg'
[0.314s] Level 1:colcon.colcon_core.package_identification:_identify(.) by extensions ['colcon_meta']
[0.314s] Level 1:colcon.colcon_core.package_identification:_identify(.) by extension 'colcon_meta'
[0.314s] Level 1:colcon.colcon_core.package_identification:_identify(.) by extensions ['ros']
[0.314s] Level 1:colcon.colcon_core.package_identification:_identify(.) by extension 'ros'
[0.325s] Level 1:colcon.colcon_core.package_identification:_identify(.) by extensions ['cmake', 'python']
[0.325s] Level 1:colcon.colcon_core.package_identification:_identify(.) by extension 'cmake'
[0.325s] Level 1:colcon.colcon_core.package_identification:_identify(.) by extension 'python'
[0.325s] Level 1:colcon.colcon_core.package_identification:_identify(.) by extensions ['python_setup_py']
[0.325s] Level 1:colcon.colcon_core.package_identification:_identify(.) by extension 'python_setup_py'
[0.325s] Level 1:colcon.colcon_core.package_identification:_identify(build) by extensions ['ignore', 'ignore_ament_install']
[0.325s] Level 1:colcon.colcon_core.package_identification:_identify(build) by extension 'ignore'
[0.325s] Level 1:colcon.colcon_core.package_identification:_identify(build) ignored
[0.325s] Level 1:colcon.colcon_core.package_identification:_identify(install) by extensions ['ignore', 'ignore_ament_install']
[0.325s] Level 1:colcon.colcon_core.package_identification:_identify(install) by extension 'ignore'
[0.325s] Level 1:colcon.colcon_core.package_identification:_identify(install) ignored
[0.325s] Level 1:colcon.colcon_core.package_identification:_identify(log) by extensions ['ignore', 'ignore_ament_install']
[0.326s] Level 1:colcon.colcon_core.package_identification:_identify(log) by extension 'ignore'
[0.326s] Level 1:colcon.colcon_core.package_identification:_identify(log) ignored
[0.326s] Level 1:colcon.colcon_core.package_identification:_identify(src) by extensions ['ignore', 'ignore_ament_install']
[0.326s] Level 1:colcon.colcon_core.package_identification:_identify(src) by extension 'ignore'
[0.326s] Level 1:colcon.colcon_core.package_identification:_identify(src) by extension 'ignore_ament_install'
[0.326s] Level 1:colcon.colcon_core.package_identification:_identify(src) by extensions ['colcon_pkg']
[0.326s] Level 1:colcon.colcon_core.package_identification:_identify(src) by extension 'colcon_pkg'
[0.326s] Level 1:colcon.colcon_core.package_identification:_identify(src) by extensions ['colcon_meta']
[0.326s] Level 1:colcon.colcon_core.package_identification:_identify(src) by extension 'colcon_meta'
[0.326s] Level 1:colcon.colcon_core.package_identification:_identify(src) by extensions ['ros']
[0.326s] Level 1:colcon.colcon_core.package_identification:_identify(src) by extension 'ros'
[0.326s] Level 1:colcon.colcon_core.package_identification:_identify(src) by extensions ['cmake', 'python']
[0.326s] Level 1:colcon.colcon_core.package_identification:_identify(src) by extension 'cmake'
[0.326s] Level 1:colcon.colcon_core.package_identification:_identify(src) by extension 'python'
[0.326s] Level 1:colcon.colcon_core.package_identification:_identify(src) by extensions ['python_setup_py']
[0.326s] Level 1:colcon.colcon_core.package_identification:_identify(src) by extension 'python_setup_py'
[0.326s] Level 1:colcon.colcon_core.package_identification:_identify(src/custom_messages) by extensions ['ignore', 'ignore_ament_install']
[0.326s] Level 1:colcon.colcon_core.package_identification:_identify(src/custom_messages) by extension 'ignore'
[0.326s] Level 1:colcon.colcon_core.package_identification:_identify(src/custom_messages) by extension 'ignore_ament_install'
[0.326s] Level 1:colcon.colcon_core.package_identification:_identify(src/custom_messages) by extensions ['colcon_pkg']
[0.326s] Level 1:colcon.colcon_core.package_identification:_identify(src/custom_messages) by extension 'colcon_pkg'
[0.326s] Level 1:colcon.colcon_core.package_identification:_identify(src/custom_messages) by extensions ['colcon_meta']
[0.326s] Level 1:colcon.colcon_core.package_identification:_identify(src/custom_messages) by extension 'colcon_meta'
[0.326s] Level 1:colcon.colcon_core.package_identification:_identify(src/custom_messages) by extensions ['ros']
[0.327s] Level 1:colcon.colcon_core.package_identification:_identify(src/custom_messages) by extension 'ros'
[0.329s] DEBUG:colcon.colcon_core.package_identification:Package 'src/custom_messages' with type 'ros.ament_cmake' and name 'custom_messages'
[0.329s] Level 1:colcon.colcon_core.package_identification:_identify(src/dis_tutorial1) by extensions ['ignore', 'ignore_ament_install']
[0.329s] Level 1:colcon.colcon_core.package_identification:_identify(src/dis_tutorial1) by extension 'ignore'
[0.329s] Level 1:colcon.colcon_core.package_identification:_identify(src/dis_tutorial1) by extension 'ignore_ament_install'
[0.329s] Level 1:colcon.colcon_core.package_identification:_identify(src/dis_tutorial1) by extensions ['colcon_pkg']
[0.329s] Level 1:colcon.colcon_core.package_identification:_identify(src/dis_tutorial1) by extension 'colcon_pkg'
[0.329s] Level 1:colcon.colcon_core.package_identification:_identify(src/dis_tutorial1) by extensions ['colcon_meta']
[0.329s] Level 1:colcon.colcon_core.package_identification:_identify(src/dis_tutorial1) by extension 'colcon_meta'
[0.329s] Level 1:colcon.colcon_core.package_identification:_identify(src/dis_tutorial1) by extensions ['ros']
[0.329s] Level 1:colcon.colcon_core.package_identification:_identify(src/dis_tutorial1) by extension 'ros'
[0.330s] DEBUG:colcon.colcon_core.package_identification:Package 'src/dis_tutorial1' with type 'ros.ament_cmake' and name 'dis_tutorial1'
[0.330s] Level 1:colcon.colcon_core.package_identification:_identify(src/dis_tutorial2) by extensions ['ignore', 'ignore_ament_install']
[0.330s] Level 1:colcon.colcon_core.package_identification:_identify(src/dis_tutorial2) by extension 'ignore'
[0.331s] Level 1:colcon.colcon_core.package_identification:_identify(src/dis_tutorial2) by extension 'ignore_ament_install'
[0.331s] Level 1:colcon.colcon_core.package_identification:_identify(src/dis_tutorial2) by extensions ['colcon_pkg']
[0.331s] Level 1:colcon.colcon_core.package_identification:_identify(src/dis_tutorial2) by extension 'colcon_pkg'
[0.331s] Level 1:colcon.colcon_core.package_identification:_identify(src/dis_tutorial2) by extensions ['colcon_meta']
[0.331s] Level 1:colcon.colcon_core.package_identification:_identify(src/dis_tutorial2) by extension 'colcon_meta'
[0.331s] Level 1:colcon.colcon_core.package_identification:_identify(src/dis_tutorial2) by extensions ['ros']
[0.331s] Level 1:colcon.colcon_core.package_identification:_identify(src/dis_tutorial2) by extension 'ros'
[0.333s] DEBUG:colcon.colcon_core.package_identification:Package 'src/dis_tutorial2' with type 'ros.ament_python' and name 'dis_tutorial2'
[0.333s] Level 1:colcon.colcon_core.package_identification:_identify(src/dis_tutorial3) by extensions ['ignore', 'ignore_ament_install']
[0.333s] Level 1:colcon.colcon_core.package_identification:_identify(src/dis_tutorial3) by extension 'ignore'
[0.333s] Level 1:colcon.colcon_core.package_identification:_identify(src/dis_tutorial3) by extension 'ignore_ament_install'
[0.333s] Level 1:colcon.colcon_core.package_identification:_identify(src/dis_tutorial3) by extensions ['colcon_pkg']
[0.333s] Level 1:colcon.colcon_core.package_identification:_identify(src/dis_tutorial3) by extension 'colcon_pkg'
[0.333s] Level 1:colcon.colcon_core.package_identification:_identify(src/dis_tutorial3) by extensions ['colcon_meta']
[0.333s] Level 1:colcon.colcon_core.package_identification:_identify(src/dis_tutorial3) by extension 'colcon_meta'
[0.334s] Level 1:colcon.colcon_core.package_identification:_identify(src/dis_tutorial3) by extensions ['ros']
[0.334s] Level 1:colcon.colcon_core.package_identification:_identify(src/dis_tutorial3) by extension 'ros'
[0.335s] DEBUG:colcon.colcon_core.package_identification:Package 'src/dis_tutorial3' with type 'ros.ament_cmake' and name 'dis_tutorial3'
[0.335s] Level 1:colcon.colcon_core.package_identification:_identify(src/dis_tutorial4) by extensions ['ignore', 'ignore_ament_install']
[0.335s] Level 1:colcon.colcon_core.package_identification:_identify(src/dis_tutorial4) by extension 'ignore'
[0.335s] Level 1:colcon.colcon_core.package_identification:_identify(src/dis_tutorial4) by extension 'ignore_ament_install'
[0.335s] Level 1:colcon.colcon_core.package_identification:_identify(src/dis_tutorial4) by extensions ['colcon_pkg']
[0.335s] Level 1:colcon.colcon_core.package_identification:_identify(src/dis_tutorial4) by extension 'colcon_pkg'
[0.335s] Level 1:colcon.colcon_core.package_identification:_identify(src/dis_tutorial4) by extensions ['colcon_meta']
[0.335s] Level 1:colcon.colcon_core.package_identification:_identify(src/dis_tutorial4) by extension 'colcon_meta'
[0.335s] Level 1:colcon.colcon_core.package_identification:_identify(src/dis_tutorial4) by extensions ['ros']
[0.335s] Level 1:colcon.colcon_core.package_identification:_identify(src/dis_tutorial4) by extension 'ros'
[0.336s] DEBUG:colcon.colcon_core.package_identification:Package 'src/dis_tutorial4' with type 'ros.ament_cmake' and name 'dis_tutorial4'
[0.336s] Level 1:colcon.colcon_core.package_discovery:discover_packages(recursive) using defaults
[0.336s] Level 1:colcon.colcon_core.package_discovery:discover_packages(ignore) discover
[0.336s] Level 1:colcon.colcon_core.package_discovery:discover_packages(ignore) using defaults
[0.336s] Level 1:colcon.colcon_core.package_discovery:discover_packages(path) discover
[0.336s] Level 1:colcon.colcon_core.package_discovery:discover_packages(path) using defaults
[0.377s] Level 1:colcon.colcon_core.package_discovery:discover_packages(prefix_path) check parameters
[0.377s] Level 1:colcon.colcon_core.package_discovery:discover_packages(prefix_path) discover
[0.378s] DEBUG:colcon.colcon_installed_package_information.package_discovery:Found 5 installed packages in /home/strazi/RINS-kappa/workspace/install
[0.381s] DEBUG:colcon.colcon_installed_package_information.package_discovery:Found 386 installed packages in /opt/ros/humble
[0.383s] Level 1:colcon.colcon_core.package_discovery:discover_packages(prefix_path) using defaults
[0.434s] Level 5:colcon.colcon_core.verb:set package 'custom_messages' build argument 'cmake_args' from command line to 'None'
[0.434s] Level 5:colcon.colcon_core.verb:set package 'custom_messages' build argument 'cmake_target' from command line to 'None'
[0.434s] Level 5:colcon.colcon_core.verb:set package 'custom_messages' build argument 'cmake_target_skip_unavailable' from command line to 'False'
[0.434s] Level 5:colcon.colcon_core.verb:set package 'custom_messages' build argument 'cmake_clean_cache' from command line to 'False'
[0.434s] Level 5:colcon.colcon_core.verb:set package 'custom_messages' build argument 'cmake_clean_first' from command line to 'False'
[0.434s] Level 5:colcon.colcon_core.verb:set package 'custom_messages' build argument 'cmake_force_configure' from command line to 'False'
[0.434s] Level 5:colcon.colcon_core.verb:set package 'custom_messages' build argument 'ament_cmake_args' from command line to 'None'
[0.434s] Level 5:colcon.colcon_core.verb:set package 'custom_messages' build argument 'catkin_cmake_args' from command line to 'None'
[0.434s] Level 5:colcon.colcon_core.verb:set package 'custom_messages' build argument 'catkin_skip_building_tests' from command line to 'False'
[0.434s] DEBUG:colcon.colcon_core.verb:Building package 'custom_messages' with the following arguments: {'ament_cmake_args': None, 'build_base': '/home/strazi/RINS-kappa/workspace/build/custom_messages', 'catkin_cmake_args': None, 'catkin_skip_building_tests': False, 'cmake_args': None, 'cmake_clean_cache': False, 'cmake_clean_first': False, 'cmake_force_configure': False, 'cmake_target': None, 'cmake_target_skip_unavailable': False, 'install_base': '/home/strazi/RINS-kappa/workspace/install/custom_messages', 'merge_install': False, 'path': '/home/strazi/RINS-kappa/workspace/src/custom_messages', 'symlink_install': False, 'test_result_base': None}
[0.435s] Level 5:colcon.colcon_core.verb:set package 'dis_tutorial1' build argument 'cmake_args' from command line to 'None'
[0.435s] Level 5:colcon.colcon_core.verb:set package 'dis_tutorial1' build argument 'cmake_target' from command line to 'None'
[0.435s] Level 5:colcon.colcon_core.verb:set package 'dis_tutorial1' build argument 'cmake_target_skip_unavailable' from command line to 'False'
[0.435s] Level 5:colcon.colcon_core.verb:set package 'dis_tutorial1' build argument 'cmake_clean_cache' from command line to 'False'
[0.435s] Level 5:colcon.colcon_core.verb:set package 'dis_tutorial1' build argument 'cmake_clean_first' from command line to 'False'
[0.435s] Level 5:colcon.colcon_core.verb:set package 'dis_tutorial1' build argument 'cmake_force_configure' from command line to 'False'
[0.435s] Level 5:colcon.colcon_core.verb:set package 'dis_tutorial1' build argument 'ament_cmake_args' from command line to 'None'
[0.435s] Level 5:colcon.colcon_core.verb:set package 'dis_tutorial1' build argument 'catkin_cmake_args' from command line to 'None'
[0.435s] Level 5:colcon.colcon_core.verb:set package 'dis_tutorial1' build argument 'catkin_skip_building_tests' from command line to 'False'
[0.435s] DEBUG:colcon.colcon_core.verb:Building package 'dis_tutorial1' with the following arguments: {'ament_cmake_args': None, 'build_base': '/home/strazi/RINS-kappa/workspace/build/dis_tutorial1', 'catkin_cmake_args': None, 'catkin_skip_building_tests': False, 'cmake_args': None, 'cmake_clean_cache': False, 'cmake_clean_first': False, 'cmake_force_configure': False, 'cmake_target': None, 'cmake_target_skip_unavailable': False, 'install_base': '/home/strazi/RINS-kappa/workspace/install/dis_tutorial1', 'merge_install': False, 'path': '/home/strazi/RINS-kappa/workspace/src/dis_tutorial1', 'symlink_install': False, 'test_result_base': None}
[0.435s] Level 5:colcon.colcon_core.verb:set package 'dis_tutorial2' build argument 'cmake_args' from command line to 'None'
[0.435s] Level 5:colcon.colcon_core.verb:set package 'dis_tutorial2' build argument 'cmake_target' from command line to 'None'
[0.435s] Level 5:colcon.colcon_core.verb:set package 'dis_tutorial2' build argument 'cmake_target_skip_unavailable' from command line to 'False'
[0.435s] Level 5:colcon.colcon_core.verb:set package 'dis_tutorial2' build argument 'cmake_clean_cache' from command line to 'False'
[0.435s] Level 5:colcon.colcon_core.verb:set package 'dis_tutorial2' build argument 'cmake_clean_first' from command line to 'False'
[0.435s] Level 5:colcon.colcon_core.verb:set package 'dis_tutorial2' build argument 'cmake_force_configure' from command line to 'False'
[0.435s] Level 5:colcon.colcon_core.verb:set package 'dis_tutorial2' build argument 'ament_cmake_args' from command line to 'None'
[0.435s] Level 5:colcon.colcon_core.verb:set package 'dis_tutorial2' build argument 'catkin_cmake_args' from command line to 'None'
[0.435s] Level 5:colcon.colcon_core.verb:set package 'dis_tutorial2' build argument 'catkin_skip_building_tests' from command line to 'False'
[0.435s] DEBUG:colcon.colcon_core.verb:Building package 'dis_tutorial2' with the following arguments: {'ament_cmake_args': None, 'build_base': '/home/strazi/RINS-kappa/workspace/build/dis_tutorial2', 'catkin_cmake_args': None, 'catkin_skip_building_tests': False, 'cmake_args': None, 'cmake_clean_cache': False, 'cmake_clean_first': False, 'cmake_force_configure': False, 'cmake_target': None, 'cmake_target_skip_unavailable': False, 'install_base': '/home/strazi/RINS-kappa/workspace/install/dis_tutorial2', 'merge_install': False, 'path': '/home/strazi/RINS-kappa/workspace/src/dis_tutorial2', 'symlink_install': False, 'test_result_base': None}
[0.436s] Level 5:colcon.colcon_core.verb:set package 'dis_tutorial3' build argument 'cmake_args' from command line to 'None'
[0.436s] Level 5:colcon.colcon_core.verb:set package 'dis_tutorial3' build argument 'cmake_target' from command line to 'None'
[0.436s] Level 5:colcon.colcon_core.verb:set package 'dis_tutorial3' build argument 'cmake_target_skip_unavailable' from command line to 'False'
[0.436s] Level 5:colcon.colcon_core.verb:set package 'dis_tutorial3' build argument 'cmake_clean_cache' from command line to 'False'
[0.436s] Level 5:colcon.colcon_core.verb:set package 'dis_tutorial3' build argument 'cmake_clean_first' from command line to 'False'
[0.436s] Level 5:colcon.colcon_core.verb:set package 'dis_tutorial3' build argument 'cmake_force_configure' from command line to 'False'
[0.436s] Level 5:colcon.colcon_core.verb:set package 'dis_tutorial3' build argument 'ament_cmake_args' from command line to 'None'
[0.436s] Level 5:colcon.colcon_core.verb:set package 'dis_tutorial3' build argument 'catkin_cmake_args' from command line to 'None'
[0.436s] Level 5:colcon.colcon_core.verb:set package 'dis_tutorial3' build argument 'catkin_skip_building_tests' from command line to 'False'
[0.436s] DEBUG:colcon.colcon_core.verb:Building package 'dis_tutorial3' with the following arguments: {'ament_cmake_args': None, 'build_base': '/home/strazi/RINS-kappa/workspace/build/dis_tutorial3', 'catkin_cmake_args': None, 'catkin_skip_building_tests': False, 'cmake_args': None, 'cmake_clean_cache': False, 'cmake_clean_first': False, 'cmake_force_configure': False, 'cmake_target': None, 'cmake_target_skip_unavailable': False, 'install_base': '/home/strazi/RINS-kappa/workspace/install/dis_tutorial3', 'merge_install': False, 'path': '/home/strazi/RINS-kappa/workspace/src/dis_tutorial3', 'symlink_install': False, 'test_result_base': None}
[0.436s] Level 5:colcon.colcon_core.verb:set package 'dis_tutorial4' build argument 'cmake_args' from command line to 'None'
[0.436s] Level 5:colcon.colcon_core.verb:set package 'dis_tutorial4' build argument 'cmake_target' from command line to 'None'
[0.436s] Level 5:colcon.colcon_core.verb:set package 'dis_tutorial4' build argument 'cmake_target_skip_unavailable' from command line to 'False'
[0.436s] Level 5:colcon.colcon_core.verb:set package 'dis_tutorial4' build argument 'cmake_clean_cache' from command line to 'False'
[0.436s] Level 5:colcon.colcon_core.verb:set package 'dis_tutorial4' build argument 'cmake_clean_first' from command line to 'False'
[0.436s] Level 5:colcon.colcon_core.verb:set package 'dis_tutorial4' build argument 'cmake_force_configure' from command line to 'False'
[0.436s] Level 5:colcon.colcon_core.verb:set package 'dis_tutorial4' build argument 'ament_cmake_args' from command line to 'None'
[0.436s] Level 5:colcon.colcon_core.verb:set package 'dis_tutorial4' build argument 'catkin_cmake_args' from command line to 'None'
[0.436s] Level 5:colcon.colcon_core.verb:set package 'dis_tutorial4' build argument 'catkin_skip_building_tests' from command line to 'False'
[0.436s] DEBUG:colcon.colcon_core.verb:Building package 'dis_tutorial4' with the following arguments: {'ament_cmake_args': None, 'build_base': '/home/strazi/RINS-kappa/workspace/build/dis_tutorial4', 'catkin_cmake_args': None, 'catkin_skip_building_tests': False, 'cmake_args': None, 'cmake_clean_cache': False, 'cmake_clean_first': False, 'cmake_force_configure': False, 'cmake_target': None, 'cmake_target_skip_unavailable': False, 'install_base': '/home/strazi/RINS-kappa/workspace/install/dis_tutorial4', 'merge_install': False, 'path': '/home/strazi/RINS-kappa/workspace/src/dis_tutorial4', 'symlink_install': False, 'test_result_base': None}
[0.437s] INFO:colcon.colcon_core.executor:Executing jobs using 'parallel' executor
[0.437s] DEBUG:colcon.colcon_parallel_executor.executor.parallel:run_until_complete
[0.438s] INFO:colcon.colcon_ros.task.ament_cmake.build:Building ROS package in '/home/strazi/RINS-kappa/workspace/src/custom_messages' with build type 'ament_cmake'
[0.438s] INFO:colcon.colcon_cmake.task.cmake.build:Building CMake package in '/home/strazi/RINS-kappa/workspace/src/custom_messages'
[0.440s] INFO:colcon.colcon_core.plugin_system:Skipping extension 'colcon_core.shell.bat': Not used on non-Windows systems
[0.440s] INFO:colcon.colcon_core.shell:Skip shell extension 'powershell' for command environment: Not usable outside of PowerShell
[0.440s] DEBUG:colcon.colcon_core.shell:Skip shell extension 'dsv' for command environment
[0.444s] INFO:colcon.colcon_ros.task.ament_cmake.build:Building ROS package in '/home/strazi/RINS-kappa/workspace/src/dis_tutorial1' with build type 'ament_cmake'
[0.444s] INFO:colcon.colcon_cmake.task.cmake.build:Building CMake package in '/home/strazi/RINS-kappa/workspace/src/dis_tutorial1'
[0.444s] INFO:colcon.colcon_core.shell:Skip shell extension 'powershell' for command environment: Not usable outside of PowerShell
[0.444s] DEBUG:colcon.colcon_core.shell:Skip shell extension 'dsv' for command environment
[0.450s] INFO:colcon.colcon_ros.task.ament_python.build:Building ROS package in '/home/strazi/RINS-kappa/workspace/src/dis_tutorial2' with build type 'ament_python'
[0.450s] Level 1:colcon.colcon_core.shell:create_environment_hook('dis_tutorial2', 'ament_prefix_path')
[0.451s] INFO:colcon.colcon_core.shell:Creating environment hook '/home/strazi/RINS-kappa/workspace/install/dis_tutorial2/share/dis_tutorial2/hook/ament_prefix_path.ps1'
[0.452s] INFO:colcon.colcon_core.shell:Creating environment descriptor '/home/strazi/RINS-kappa/workspace/install/dis_tutorial2/share/dis_tutorial2/hook/ament_prefix_path.dsv'
[0.452s] INFO:colcon.colcon_core.shell:Creating environment hook '/home/strazi/RINS-kappa/workspace/install/dis_tutorial2/share/dis_tutorial2/hook/ament_prefix_path.sh'
[0.453s] INFO:colcon.colcon_core.shell:Skip shell extension 'powershell' for command environment: Not usable outside of PowerShell
[0.453s] DEBUG:colcon.colcon_core.shell:Skip shell extension 'dsv' for command environment
[0.459s] INFO:colcon.colcon_ros.task.ament_cmake.build:Building ROS package in '/home/strazi/RINS-kappa/workspace/src/dis_tutorial3' with build type 'ament_cmake'
[0.459s] INFO:colcon.colcon_cmake.task.cmake.build:Building CMake package in '/home/strazi/RINS-kappa/workspace/src/dis_tutorial3'
[0.459s] INFO:colcon.colcon_core.shell:Skip shell extension 'powershell' for command environment: Not usable outside of PowerShell
[0.460s] DEBUG:colcon.colcon_core.shell:Skip shell extension 'dsv' for command environment
[0.464s] INFO:colcon.colcon_ros.task.ament_cmake.build:Building ROS package in '/home/strazi/RINS-kappa/workspace/src/dis_tutorial4' with build type 'ament_cmake'
[0.464s] INFO:colcon.colcon_cmake.task.cmake.build:Building CMake package in '/home/strazi/RINS-kappa/workspace/src/dis_tutorial4'
[0.465s] INFO:colcon.colcon_core.shell:Skip shell extension 'powershell' for command environment: Not usable outside of PowerShell
[0.465s] DEBUG:colcon.colcon_core.shell:Skip shell extension 'dsv' for command environment
[0.476s] DEBUG:colcon.colcon_core.event_handler.log_command:Invoking command in '/home/strazi/RINS-kappa/workspace/build/custom_messages': CMAKE_PREFIX_PATH=${CMAKE_PREFIX_PATH}:/home/strazi/RINS-kappa/workspace/install/dis_tutorial2:/opt/ros/humble /usr/bin/cmake --build /home/strazi/RINS-kappa/workspace/build/custom_messages -- -j12 -l12
[0.479s] DEBUG:colcon.colcon_core.event_handler.log_command:Invoking command in '/home/strazi/RINS-kappa/workspace/build/dis_tutorial1': CMAKE_PREFIX_PATH=${CMAKE_PREFIX_PATH}:/home/strazi/RINS-kappa/workspace/install/dis_tutorial2:/opt/ros/humble /usr/bin/cmake --build /home/strazi/RINS-kappa/workspace/build/dis_tutorial1 -- -j12 -l12
[0.802s] INFO:colcon.colcon_core.task.python.build:Building Python package in '/home/strazi/RINS-kappa/workspace/src/dis_tutorial2'
[0.803s] INFO:colcon.colcon_core.shell:Skip shell extension 'powershell' for command environment: Not usable outside of PowerShell
[0.803s] DEBUG:colcon.colcon_core.shell:Skip shell extension 'dsv' for command environment
[0.812s] DEBUG:colcon.colcon_core.event_handler.log_command:Invoking command in '/home/strazi/RINS-kappa/workspace/build/dis_tutorial3': CMAKE_PREFIX_PATH=${CMAKE_PREFIX_PATH}:/home/strazi/RINS-kappa/workspace/install/dis_tutorial2:/opt/ros/humble /usr/bin/cmake --build /home/strazi/RINS-kappa/workspace/build/dis_tutorial3 -- -j12 -l12
[0.817s] DEBUG:colcon.colcon_core.event_handler.log_command:Invoking command in '/home/strazi/RINS-kappa/workspace/build/dis_tutorial4': CMAKE_PREFIX_PATH=${CMAKE_PREFIX_PATH}:/home/strazi/RINS-kappa/workspace/install/dis_tutorial2:/opt/ros/humble /usr/bin/cmake --build /home/strazi/RINS-kappa/workspace/build/dis_tutorial4 -- -j12 -l12
[0.891s] DEBUG:colcon.colcon_core.event_handler.log_command:Invoked command in '/home/strazi/RINS-kappa/workspace/build/dis_tutorial3' returned '0': CMAKE_PREFIX_PATH=${CMAKE_PREFIX_PATH}:/home/strazi/RINS-kappa/workspace/install/dis_tutorial2:/opt/ros/humble /usr/bin/cmake --build /home/strazi/RINS-kappa/workspace/build/dis_tutorial3 -- -j12 -l12
[0.910s] DEBUG:colcon.colcon_core.event_handler.log_command:Invoking command in '/home/strazi/RINS-kappa/workspace/build/dis_tutorial3': CMAKE_PREFIX_PATH=${CMAKE_PREFIX_PATH}:/home/strazi/RINS-kappa/workspace/install/dis_tutorial2:/opt/ros/humble /usr/bin/cmake --install /home/strazi/RINS-kappa/workspace/build/dis_tutorial3
[0.911s] DEBUG:colcon.colcon_core.event_handler.log_command:Invoked command in '/home/strazi/RINS-kappa/workspace/build/dis_tutorial4' returned '0': CMAKE_PREFIX_PATH=${CMAKE_PREFIX_PATH}:/home/strazi/RINS-kappa/workspace/install/dis_tutorial2:/opt/ros/humble /usr/bin/cmake --build /home/strazi/RINS-kappa/workspace/build/dis_tutorial4 -- -j12 -l12
[0.914s] DEBUG:colcon.colcon_core.event_handler.log_command:Invoking command in '/home/strazi/RINS-kappa/workspace/build/dis_tutorial4': CMAKE_PREFIX_PATH=${CMAKE_PREFIX_PATH}:/home/strazi/RINS-kappa/workspace/install/dis_tutorial2:/opt/ros/humble /usr/bin/cmake --install /home/strazi/RINS-kappa/workspace/build/dis_tutorial4
[0.935s] Level 1:colcon.colcon_core.environment:create_environment_scripts_only(dis_tutorial4)
[0.945s] Level 1:colcon.colcon_core.environment:checking '/home/strazi/RINS-kappa/workspace/install/dis_tutorial4' for CMake module files
[0.946s] Level 1:colcon.colcon_core.environment:checking '/home/strazi/RINS-kappa/workspace/install/dis_tutorial4' for CMake config files
[0.946s] Level 1:colcon.colcon_core.shell:create_environment_hook('dis_tutorial4', 'cmake_prefix_path')
[0.946s] INFO:colcon.colcon_core.shell:Creating environment hook '/home/strazi/RINS-kappa/workspace/install/dis_tutorial4/share/dis_tutorial4/hook/cmake_prefix_path.ps1'
[0.947s] INFO:colcon.colcon_core.shell:Creating environment descriptor '/home/strazi/RINS-kappa/workspace/install/dis_tutorial4/share/dis_tutorial4/hook/cmake_prefix_path.dsv'
[0.947s] INFO:colcon.colcon_core.shell:Creating environment hook '/home/strazi/RINS-kappa/workspace/install/dis_tutorial4/share/dis_tutorial4/hook/cmake_prefix_path.sh'
[0.949s] Level 1:colcon.colcon_core.environment:checking '/home/strazi/RINS-kappa/workspace/install/dis_tutorial4/lib'
[0.950s] Level 1:colcon.colcon_core.environment:checking '/home/strazi/RINS-kappa/workspace/install/dis_tutorial4/bin'
[0.950s] Level 1:colcon.colcon_core.environment:checking '/home/strazi/RINS-kappa/workspace/install/dis_tutorial4/lib/pkgconfig/dis_tutorial4.pc'
[0.950s] Level 1:colcon.colcon_core.environment:checking '/home/strazi/RINS-kappa/workspace/install/dis_tutorial4/lib/python3.10/site-packages'
[0.951s] Level 1:colcon.colcon_core.environment:checking '/home/strazi/RINS-kappa/workspace/install/dis_tutorial4/bin'
[0.951s] INFO:colcon.colcon_core.shell:Creating package script '/home/strazi/RINS-kappa/workspace/install/dis_tutorial4/share/dis_tutorial4/package.ps1'
[0.953s] INFO:colcon.colcon_core.shell:Creating package descriptor '/home/strazi/RINS-kappa/workspace/install/dis_tutorial4/share/dis_tutorial4/package.dsv'
[0.955s] INFO:colcon.colcon_core.shell:Creating package script '/home/strazi/RINS-kappa/workspace/install/dis_tutorial4/share/dis_tutorial4/package.sh'
[0.958s] INFO:colcon.colcon_core.shell:Creating package script '/home/strazi/RINS-kappa/workspace/install/dis_tutorial4/share/dis_tutorial4/package.bash'
[0.961s] DEBUG:colcon.colcon_core.event_handler.log_command:Invoked command in '/home/strazi/RINS-kappa/workspace/build/dis_tutorial4' returned '0': CMAKE_PREFIX_PATH=${CMAKE_PREFIX_PATH}:/home/strazi/RINS-kappa/workspace/install/dis_tutorial2:/opt/ros/humble /usr/bin/cmake --install /home/strazi/RINS-kappa/workspace/build/dis_tutorial4
[0.961s] INFO:colcon.colcon_core.shell:Creating package script '/home/strazi/RINS-kappa/workspace/install/dis_tutorial4/share/dis_tutorial4/package.zsh'
[0.963s] Level 1:colcon.colcon_core.environment:create_file_with_runtime_dependencies(/home/strazi/RINS-kappa/workspace/install/dis_tutorial4/share/colcon-core/packages/dis_tutorial4)
[0.963s] Level 1:colcon.colcon_core.environment:create_environment_scripts_only(dis_tutorial4)
[0.964s] Level 1:colcon.colcon_core.environment:checking '/home/strazi/RINS-kappa/workspace/install/dis_tutorial4' for CMake module files
[0.964s] Level 1:colcon.colcon_core.environment:checking '/home/strazi/RINS-kappa/workspace/install/dis_tutorial4' for CMake config files
[0.964s] Level 1:colcon.colcon_core.shell:create_environment_hook('dis_tutorial4', 'cmake_prefix_path')
[0.965s] INFO:colcon.colcon_core.shell:Creating environment hook '/home/strazi/RINS-kappa/workspace/install/dis_tutorial4/share/dis_tutorial4/hook/cmake_prefix_path.ps1'
[0.965s] INFO:colcon.colcon_core.shell:Creating environment descriptor '/home/strazi/RINS-kappa/workspace/install/dis_tutorial4/share/dis_tutorial4/hook/cmake_prefix_path.dsv'
[0.965s] INFO:colcon.colcon_core.shell:Creating environment hook '/home/strazi/RINS-kappa/workspace/install/dis_tutorial4/share/dis_tutorial4/hook/cmake_prefix_path.sh'
[0.966s] Level 1:colcon.colcon_core.environment:checking '/home/strazi/RINS-kappa/workspace/install/dis_tutorial4/lib'
[0.966s] Level 1:colcon.colcon_core.environment:checking '/home/strazi/RINS-kappa/workspace/install/dis_tutorial4/bin'
[0.966s] Level 1:colcon.colcon_core.environment:checking '/home/strazi/RINS-kappa/workspace/install/dis_tutorial4/lib/pkgconfig/dis_tutorial4.pc'
[0.967s] Level 1:colcon.colcon_core.environment:checking '/home/strazi/RINS-kappa/workspace/install/dis_tutorial4/lib/python3.10/site-packages'
[0.967s] Level 1:colcon.colcon_core.environment:checking '/home/strazi/RINS-kappa/workspace/install/dis_tutorial4/bin'
[0.967s] INFO:colcon.colcon_core.shell:Creating package script '/home/strazi/RINS-kappa/workspace/install/dis_tutorial4/share/dis_tutorial4/package.ps1'
[0.969s] INFO:colcon.colcon_core.shell:Creating package descriptor '/home/strazi/RINS-kappa/workspace/install/dis_tutorial4/share/dis_tutorial4/package.dsv'
[0.969s] INFO:colcon.colcon_core.shell:Creating package script '/home/strazi/RINS-kappa/workspace/install/dis_tutorial4/share/dis_tutorial4/package.sh'
[0.970s] INFO:colcon.colcon_core.shell:Creating package script '/home/strazi/RINS-kappa/workspace/install/dis_tutorial4/share/dis_tutorial4/package.bash'
[0.970s] INFO:colcon.colcon_core.shell:Creating package script '/home/strazi/RINS-kappa/workspace/install/dis_tutorial4/share/dis_tutorial4/package.zsh'
[0.971s] Level 1:colcon.colcon_core.environment:create_file_with_runtime_dependencies(/home/strazi/RINS-kappa/workspace/install/dis_tutorial4/share/colcon-core/packages/dis_tutorial4)
[0.972s] Level 1:colcon.colcon_core.environment:create_environment_scripts_only(dis_tutorial3)
[0.973s] Level 1:colcon.colcon_core.environment:checking '/home/strazi/RINS-kappa/workspace/install/dis_tutorial3' for CMake module files
[0.973s] Level 1:colcon.colcon_core.environment:checking '/home/strazi/RINS-kappa/workspace/install/dis_tutorial3' for CMake config files
[0.974s] Level 1:colcon.colcon_core.shell:create_environment_hook('dis_tutorial3', 'cmake_prefix_path')
[0.974s] INFO:colcon.colcon_core.shell:Creating environment hook '/home/strazi/RINS-kappa/workspace/install/dis_tutorial3/share/dis_tutorial3/hook/cmake_prefix_path.ps1'
[0.975s] DEBUG:colcon.colcon_core.event_handler.log_command:Invoked command in '/home/strazi/RINS-kappa/workspace/build/dis_tutorial3' returned '0': CMAKE_PREFIX_PATH=${CMAKE_PREFIX_PATH}:/home/strazi/RINS-kappa/workspace/install/dis_tutorial2:/opt/ros/humble /usr/bin/cmake --install /home/strazi/RINS-kappa/workspace/build/dis_tutorial3
[0.976s] INFO:colcon.colcon_core.shell:Creating environment descriptor '/home/strazi/RINS-kappa/workspace/install/dis_tutorial3/share/dis_tutorial3/hook/cmake_prefix_path.dsv'
[0.977s] INFO:colcon.colcon_core.shell:Creating environment hook '/home/strazi/RINS-kappa/workspace/install/dis_tutorial3/share/dis_tutorial3/hook/cmake_prefix_path.sh'
[0.977s] Level 1:colcon.colcon_core.environment:checking '/home/strazi/RINS-kappa/workspace/install/dis_tutorial3/lib'
[0.977s] Level 1:colcon.colcon_core.environment:checking '/home/strazi/RINS-kappa/workspace/install/dis_tutorial3/bin'
[0.978s] Level 1:colcon.colcon_core.environment:checking '/home/strazi/RINS-kappa/workspace/install/dis_tutorial3/lib/pkgconfig/dis_tutorial3.pc'
[0.978s] Level 1:colcon.colcon_core.environment:checking '/home/strazi/RINS-kappa/workspace/install/dis_tutorial3/lib/python3.10/site-packages'
[0.978s] Level 1:colcon.colcon_core.environment:checking '/home/strazi/RINS-kappa/workspace/install/dis_tutorial3/bin'
[0.979s] INFO:colcon.colcon_core.shell:Creating package script '/home/strazi/RINS-kappa/workspace/install/dis_tutorial3/share/dis_tutorial3/package.ps1'
[0.979s] INFO:colcon.colcon_core.shell:Creating package descriptor '/home/strazi/RINS-kappa/workspace/install/dis_tutorial3/share/dis_tutorial3/package.dsv'
[0.980s] INFO:colcon.colcon_core.shell:Creating package script '/home/strazi/RINS-kappa/workspace/install/dis_tutorial3/share/dis_tutorial3/package.sh'
[0.980s] INFO:colcon.colcon_core.shell:Creating package script '/home/strazi/RINS-kappa/workspace/install/dis_tutorial3/share/dis_tutorial3/package.bash'
[0.981s] INFO:colcon.colcon_core.shell:Creating package script '/home/strazi/RINS-kappa/workspace/install/dis_tutorial3/share/dis_tutorial3/package.zsh'
[0.982s] Level 1:colcon.colcon_core.environment:create_file_with_runtime_dependencies(/home/strazi/RINS-kappa/workspace/install/dis_tutorial3/share/colcon-core/packages/dis_tutorial3)
[0.983s] Level 1:colcon.colcon_core.environment:create_environment_scripts_only(dis_tutorial3)
[0.983s] Level 1:colcon.colcon_core.environment:checking '/home/strazi/RINS-kappa/workspace/install/dis_tutorial3' for CMake module files
[0.984s] Level 1:colcon.colcon_core.environment:checking '/home/strazi/RINS-kappa/workspace/install/dis_tutorial3' for CMake config files
[0.984s] Level 1:colcon.colcon_core.shell:create_environment_hook('dis_tutorial3', 'cmake_prefix_path')
[0.985s] INFO:colcon.colcon_core.shell:Creating environment hook '/home/strazi/RINS-kappa/workspace/install/dis_tutorial3/share/dis_tutorial3/hook/cmake_prefix_path.ps1'
[0.985s] INFO:colcon.colcon_core.shell:Creating environment descriptor '/home/strazi/RINS-kappa/workspace/install/dis_tutorial3/share/dis_tutorial3/hook/cmake_prefix_path.dsv'
[0.986s] INFO:colcon.colcon_core.shell:Creating environment hook '/home/strazi/RINS-kappa/workspace/install/dis_tutorial3/share/dis_tutorial3/hook/cmake_prefix_path.sh'
[0.986s] Level 1:colcon.colcon_core.environment:checking '/home/strazi/RINS-kappa/workspace/install/dis_tutorial3/lib'
[0.986s] Level 1:colcon.colcon_core.environment:checking '/home/strazi/RINS-kappa/workspace/install/dis_tutorial3/bin'
[0.987s] Level 1:colcon.colcon_core.environment:checking '/home/strazi/RINS-kappa/workspace/install/dis_tutorial3/lib/pkgconfig/dis_tutorial3.pc'
[0.987s] Level 1:colcon.colcon_core.environment:checking '/home/strazi/RINS-kappa/workspace/install/dis_tutorial3/lib/python3.10/site-packages'
[0.987s] Level 1:colcon.colcon_core.environment:checking '/home/strazi/RINS-kappa/workspace/install/dis_tutorial3/bin'
[0.988s] INFO:colcon.colcon_core.shell:Creating package script '/home/strazi/RINS-kappa/workspace/install/dis_tutorial3/share/dis_tutorial3/package.ps1'
[0.989s] INFO:colcon.colcon_core.shell:Creating package descriptor '/home/strazi/RINS-kappa/workspace/install/dis_tutorial3/share/dis_tutorial3/package.dsv'
[0.989s] INFO:colcon.colcon_core.shell:Creating package script '/home/strazi/RINS-kappa/workspace/install/dis_tutorial3/share/dis_tutorial3/package.sh'
[0.990s] INFO:colcon.colcon_core.shell:Creating package script '/home/strazi/RINS-kappa/workspace/install/dis_tutorial3/share/dis_tutorial3/package.bash'
[0.990s] INFO:colcon.colcon_core.shell:Creating package script '/home/strazi/RINS-kappa/workspace/install/dis_tutorial3/share/dis_tutorial3/package.zsh'
[0.991s] Level 1:colcon.colcon_core.environment:create_file_with_runtime_dependencies(/home/strazi/RINS-kappa/workspace/install/dis_tutorial3/share/colcon-core/packages/dis_tutorial3)
[1.309s] DEBUG:colcon.colcon_core.event_handler.log_command:Invoking command in '/home/strazi/RINS-kappa/workspace/src/dis_tutorial2': PYTHONPATH=/home/strazi/RINS-kappa/workspace/build/dis_tutorial2/prefix_override:/usr/lib/python3/dist-packages/colcon_core/task/python/colcon_distutils_commands:/home/strazi/RINS-kappa/workspace/install/dis_tutorial2/lib/python3.10/site-packages:${PYTHONPATH} /usr/bin/python3 -W ignore:setup.py install is deprecated -W ignore:easy_install command is deprecated setup.py egg_info --egg-base ../../build/dis_tutorial2 build --build-base /home/strazi/RINS-kappa/workspace/build/dis_tutorial2/build install --record /home/strazi/RINS-kappa/workspace/build/dis_tutorial2/install.log --single-version-externally-managed install_data
[1.479s] DEBUG:colcon.colcon_core.event_handler.log_command:Invoked command in '/home/strazi/RINS-kappa/workspace/build/custom_messages' returned '0': CMAKE_PREFIX_PATH=${CMAKE_PREFIX_PATH}:/home/strazi/RINS-kappa/workspace/install/dis_tutorial2:/opt/ros/humble /usr/bin/cmake --build /home/strazi/RINS-kappa/workspace/build/custom_messages -- -j12 -l12
[1.481s] DEBUG:colcon.colcon_core.event_handler.log_command:Invoking command in '/home/strazi/RINS-kappa/workspace/build/custom_messages': CMAKE_PREFIX_PATH=${CMAKE_PREFIX_PATH}:/home/strazi/RINS-kappa/workspace/install/dis_tutorial2:/opt/ros/humble /usr/bin/cmake --install /home/strazi/RINS-kappa/workspace/build/custom_messages
[1.559s] Level 1:colcon.colcon_core.environment:create_environment_scripts_only(custom_messages)
[1.559s] Level 1:colcon.colcon_core.environment:checking '/home/strazi/RINS-kappa/workspace/install/custom_messages' for CMake module files
[1.560s] Level 1:colcon.colcon_core.environment:checking '/home/strazi/RINS-kappa/workspace/install/custom_messages' for CMake config files
[1.561s] DEBUG:colcon.colcon_core.event_handler.log_command:Invoked command in '/home/strazi/RINS-kappa/workspace/build/custom_messages' returned '0': CMAKE_PREFIX_PATH=${CMAKE_PREFIX_PATH}:/home/strazi/RINS-kappa/workspace/install/dis_tutorial2:/opt/ros/humble /usr/bin/cmake --install /home/strazi/RINS-kappa/workspace/build/custom_messages
[1.562s] Level 1:colcon.colcon_core.shell:create_environment_hook('custom_messages', 'cmake_prefix_path')
[1.562s] INFO:colcon.colcon_core.shell:Creating environment hook '/home/strazi/RINS-kappa/workspace/install/custom_messages/share/custom_messages/hook/cmake_prefix_path.ps1'
[1.563s] INFO:colcon.colcon_core.shell:Creating environment descriptor '/home/strazi/RINS-kappa/workspace/install/custom_messages/share/custom_messages/hook/cmake_prefix_path.dsv'
[1.563s] INFO:colcon.colcon_core.shell:Creating environment hook '/home/strazi/RINS-kappa/workspace/install/custom_messages/share/custom_messages/hook/cmake_prefix_path.sh'
[1.564s] Level 1:colcon.colcon_core.environment:checking '/home/strazi/RINS-kappa/workspace/install/custom_messages/lib'
[1.564s] Level 1:colcon.colcon_core.shell:create_environment_hook('custom_messages', 'ld_library_path_lib')
[1.564s] INFO:colcon.colcon_core.shell:Creating environment hook '/home/strazi/RINS-kappa/workspace/install/custom_messages/share/custom_messages/hook/ld_library_path_lib.ps1'
[1.564s] INFO:colcon.colcon_core.shell:Creating environment descriptor '/home/strazi/RINS-kappa/workspace/install/custom_messages/share/custom_messages/hook/ld_library_path_lib.dsv'
[1.565s] INFO:colcon.colcon_core.shell:Creating environment hook '/home/strazi/RINS-kappa/workspace/install/custom_messages/share/custom_messages/hook/ld_library_path_lib.sh'
[1.565s] Level 1:colcon.colcon_core.environment:checking '/home/strazi/RINS-kappa/workspace/install/custom_messages/bin'
[1.565s] Level 1:colcon.colcon_core.environment:checking '/home/strazi/RINS-kappa/workspace/install/custom_messages/lib/pkgconfig/custom_messages.pc'
[1.566s] Level 1:colcon.colcon_core.environment:checking '/home/strazi/RINS-kappa/workspace/install/custom_messages/lib/python3.10/site-packages'
[1.566s] Level 1:colcon.colcon_core.environment:checking '/home/strazi/RINS-kappa/workspace/install/custom_messages/bin'
[1.567s] INFO:colcon.colcon_core.shell:Creating package script '/home/strazi/RINS-kappa/workspace/install/custom_messages/share/custom_messages/package.ps1'
[1.567s] INFO:colcon.colcon_core.shell:Creating package descriptor '/home/strazi/RINS-kappa/workspace/install/custom_messages/share/custom_messages/package.dsv'
[1.567s] INFO:colcon.colcon_core.shell:Creating package script '/home/strazi/RINS-kappa/workspace/install/custom_messages/share/custom_messages/package.sh'
[1.569s] INFO:colcon.colcon_core.shell:Creating package script '/home/strazi/RINS-kappa/workspace/install/custom_messages/share/custom_messages/package.bash'
[1.571s] INFO:colcon.colcon_core.shell:Creating package script '/home/strazi/RINS-kappa/workspace/install/custom_messages/share/custom_messages/package.zsh'
[1.573s] Level 1:colcon.colcon_core.environment:create_file_with_runtime_dependencies(/home/strazi/RINS-kappa/workspace/install/custom_messages/share/colcon-core/packages/custom_messages)
[1.576s] Level 1:colcon.colcon_core.environment:create_environment_scripts_only(custom_messages)
[1.576s] Level 1:colcon.colcon_core.environment:checking '/home/strazi/RINS-kappa/workspace/install/custom_messages' for CMake module files
[1.578s] Level 1:colcon.colcon_core.environment:checking '/home/strazi/RINS-kappa/workspace/install/custom_messages' for CMake config files
[1.579s] Level 1:colcon.colcon_core.shell:create_environment_hook('custom_messages', 'cmake_prefix_path')
[1.580s] INFO:colcon.colcon_core.shell:Creating environment hook '/home/strazi/RINS-kappa/workspace/install/custom_messages/share/custom_messages/hook/cmake_prefix_path.ps1'
[1.580s] INFO:colcon.colcon_core.shell:Creating environment descriptor '/home/strazi/RINS-kappa/workspace/install/custom_messages/share/custom_messages/hook/cmake_prefix_path.dsv'
[1.581s] INFO:colcon.colcon_core.shell:Creating environment hook '/home/strazi/RINS-kappa/workspace/install/custom_messages/share/custom_messages/hook/cmake_prefix_path.sh'
[1.582s] Level 1:colcon.colcon_core.environment:checking '/home/strazi/RINS-kappa/workspace/install/custom_messages/lib'
[1.582s] Level 1:colcon.colcon_core.shell:create_environment_hook('custom_messages', 'ld_library_path_lib')
[1.582s] INFO:colcon.colcon_core.shell:Creating environment hook '/home/strazi/RINS-kappa/workspace/install/custom_messages/share/custom_messages/hook/ld_library_path_lib.ps1'
[1.583s] INFO:colcon.colcon_core.shell:Creating environment descriptor '/home/strazi/RINS-kappa/workspace/install/custom_messages/share/custom_messages/hook/ld_library_path_lib.dsv'
[1.583s] INFO:colcon.colcon_core.shell:Creating environment hook '/home/strazi/RINS-kappa/workspace/install/custom_messages/share/custom_messages/hook/ld_library_path_lib.sh'
[1.583s] Level 1:colcon.colcon_core.environment:checking '/home/strazi/RINS-kappa/workspace/install/custom_messages/bin'
[1.583s] Level 1:colcon.colcon_core.environment:checking '/home/strazi/RINS-kappa/workspace/install/custom_messages/lib/pkgconfig/custom_messages.pc'
[1.584s] Level 1:colcon.colcon_core.environment:checking '/home/strazi/RINS-kappa/workspace/install/custom_messages/lib/python3.10/site-packages'
[1.584s] Level 1:colcon.colcon_core.environment:checking '/home/strazi/RINS-kappa/workspace/install/custom_messages/bin'
[1.584s] INFO:colcon.colcon_core.shell:Creating package script '/home/strazi/RINS-kappa/workspace/install/custom_messages/share/custom_messages/package.ps1'
[1.585s] INFO:colcon.colcon_core.shell:Creating package descriptor '/home/strazi/RINS-kappa/workspace/install/custom_messages/share/custom_messages/package.dsv'
[1.586s] INFO:colcon.colcon_core.shell:Creating package script '/home/strazi/RINS-kappa/workspace/install/custom_messages/share/custom_messages/package.sh'
[1.586s] INFO:colcon.colcon_core.shell:Creating package script '/home/strazi/RINS-kappa/workspace/install/custom_messages/share/custom_messages/package.bash'
[1.586s] INFO:colcon.colcon_core.shell:Creating package script '/home/strazi/RINS-kappa/workspace/install/custom_messages/share/custom_messages/package.zsh'
[1.587s] Level 1:colcon.colcon_core.environment:create_file_with_runtime_dependencies(/home/strazi/RINS-kappa/workspace/install/custom_messages/share/colcon-core/packages/custom_messages)
[1.681s] Level 1:colcon.colcon_core.environment:checking '/home/strazi/RINS-kappa/workspace/install/dis_tutorial2' for CMake module files
[1.682s] Level 1:colcon.colcon_core.environment:checking '/home/strazi/RINS-kappa/workspace/install/dis_tutorial2' for CMake config files
[1.683s] Level 1:colcon.colcon_core.environment:checking '/home/strazi/RINS-kappa/workspace/install/dis_tutorial2/lib'
[1.683s] DEBUG:colcon.colcon_core.event_handler.log_command:Invoked command in '/home/strazi/RINS-kappa/workspace/src/dis_tutorial2' returned '0': PYTHONPATH=/home/strazi/RINS-kappa/workspace/build/dis_tutorial2/prefix_override:/usr/lib/python3/dist-packages/colcon_core/task/python/colcon_distutils_commands:/home/strazi/RINS-kappa/workspace/install/dis_tutorial2/lib/python3.10/site-packages:${PYTHONPATH} /usr/bin/python3 -W ignore:setup.py install is deprecated -W ignore:easy_install command is deprecated setup.py egg_info --egg-base ../../build/dis_tutorial2 build --build-base /home/strazi/RINS-kappa/workspace/build/dis_tutorial2/build install --record /home/strazi/RINS-kappa/workspace/build/dis_tutorial2/install.log --single-version-externally-managed install_data
[1.684s] Level 1:colcon.colcon_core.environment:checking '/home/strazi/RINS-kappa/workspace/install/dis_tutorial2/bin'
[1.684s] Level 1:colcon.colcon_core.environment:checking '/home/strazi/RINS-kappa/workspace/install/dis_tutorial2/lib/pkgconfig/dis_tutorial2.pc'
[1.684s] Level 1:colcon.colcon_core.environment:checking '/home/strazi/RINS-kappa/workspace/install/dis_tutorial2/lib/python3.10/site-packages'
[1.684s] Level 1:colcon.colcon_core.shell:create_environment_hook('dis_tutorial2', 'pythonpath')
[1.685s] INFO:colcon.colcon_core.shell:Creating environment hook '/home/strazi/RINS-kappa/workspace/install/dis_tutorial2/share/dis_tutorial2/hook/pythonpath.ps1'
[1.686s] INFO:colcon.colcon_core.shell:Creating environment descriptor '/home/strazi/RINS-kappa/workspace/install/dis_tutorial2/share/dis_tutorial2/hook/pythonpath.dsv'
[1.687s] INFO:colcon.colcon_core.shell:Creating environment hook '/home/strazi/RINS-kappa/workspace/install/dis_tutorial2/share/dis_tutorial2/hook/pythonpath.sh'
[1.687s] Level 1:colcon.colcon_core.environment:checking '/home/strazi/RINS-kappa/workspace/install/dis_tutorial2/bin'
[1.687s] Level 1:colcon.colcon_core.environment:create_environment_scripts_only(dis_tutorial2)
[1.688s] INFO:colcon.colcon_core.shell:Creating package script '/home/strazi/RINS-kappa/workspace/install/dis_tutorial2/share/dis_tutorial2/package.ps1'
[1.689s] INFO:colcon.colcon_core.shell:Creating package descriptor '/home/strazi/RINS-kappa/workspace/install/dis_tutorial2/share/dis_tutorial2/package.dsv'
[1.689s] INFO:colcon.colcon_core.shell:Creating package script '/home/strazi/RINS-kappa/workspace/install/dis_tutorial2/share/dis_tutorial2/package.sh'
[1.690s] INFO:colcon.colcon_core.shell:Creating package script '/home/strazi/RINS-kappa/workspace/install/dis_tutorial2/share/dis_tutorial2/package.bash'
[1.690s] INFO:colcon.colcon_core.shell:Creating package script '/home/strazi/RINS-kappa/workspace/install/dis_tutorial2/share/dis_tutorial2/package.zsh'
[1.690s] Level 1:colcon.colcon_core.environment:create_file_with_runtime_dependencies(/home/strazi/RINS-kappa/workspace/install/dis_tutorial2/share/colcon-core/packages/dis_tutorial2)
[1.736s] DEBUG:colcon.colcon_core.event_handler.log_command:Invoked command in '/home/strazi/RINS-kappa/workspace/build/dis_tutorial1' returned '0': CMAKE_PREFIX_PATH=${CMAKE_PREFIX_PATH}:/home/strazi/RINS-kappa/workspace/install/dis_tutorial2:/opt/ros/humble /usr/bin/cmake --build /home/strazi/RINS-kappa/workspace/build/dis_tutorial1 -- -j12 -l12
[1.738s] DEBUG:colcon.colcon_core.event_handler.log_command:Invoking command in '/home/strazi/RINS-kappa/workspace/build/dis_tutorial1': CMAKE_PREFIX_PATH=${CMAKE_PREFIX_PATH}:/home/strazi/RINS-kappa/workspace/install/dis_tutorial2:/opt/ros/humble /usr/bin/cmake --install /home/strazi/RINS-kappa/workspace/build/dis_tutorial1
[1.815s] Level 1:colcon.colcon_core.environment:create_environment_scripts_only(dis_tutorial1)
[1.816s] Level 1:colcon.colcon_core.environment:checking '/home/strazi/RINS-kappa/workspace/install/dis_tutorial1' for CMake module files
[1.816s] DEBUG:colcon.colcon_core.event_handler.log_command:Invoked command in '/home/strazi/RINS-kappa/workspace/build/dis_tutorial1' returned '0': CMAKE_PREFIX_PATH=${CMAKE_PREFIX_PATH}:/home/strazi/RINS-kappa/workspace/install/dis_tutorial2:/opt/ros/humble /usr/bin/cmake --install /home/strazi/RINS-kappa/workspace/build/dis_tutorial1
[1.817s] Level 1:colcon.colcon_core.environment:checking '/home/strazi/RINS-kappa/workspace/install/dis_tutorial1' for CMake config files
[1.817s] Level 1:colcon.colcon_core.shell:create_environment_hook('dis_tutorial1', 'cmake_prefix_path')
[1.818s] INFO:colcon.colcon_core.shell:Creating environment hook '/home/strazi/RINS-kappa/workspace/install/dis_tutorial1/share/dis_tutorial1/hook/cmake_prefix_path.ps1'
[1.819s] INFO:colcon.colcon_core.shell:Creating environment descriptor '/home/strazi/RINS-kappa/workspace/install/dis_tutorial1/share/dis_tutorial1/hook/cmake_prefix_path.dsv'
[1.819s] INFO:colcon.colcon_core.shell:Creating environment hook '/home/strazi/RINS-kappa/workspace/install/dis_tutorial1/share/dis_tutorial1/hook/cmake_prefix_path.sh'
[1.820s] Level 1:colcon.colcon_core.environment:checking '/home/strazi/RINS-kappa/workspace/install/dis_tutorial1/lib'
[1.820s] Level 1:colcon.colcon_core.shell:create_environment_hook('dis_tutorial1', 'ld_library_path_lib')
[1.820s] INFO:colcon.colcon_core.shell:Creating environment hook '/home/strazi/RINS-kappa/workspace/install/dis_tutorial1/share/dis_tutorial1/hook/ld_library_path_lib.ps1'
[1.821s] INFO:colcon.colcon_core.shell:Creating environment descriptor '/home/strazi/RINS-kappa/workspace/install/dis_tutorial1/share/dis_tutorial1/hook/ld_library_path_lib.dsv'
[1.821s] INFO:colcon.colcon_core.shell:Creating environment hook '/home/strazi/RINS-kappa/workspace/install/dis_tutorial1/share/dis_tutorial1/hook/ld_library_path_lib.sh'
[1.821s] Level 1:colcon.colcon_core.environment:checking '/home/strazi/RINS-kappa/workspace/install/dis_tutorial1/bin'
[1.821s] Level 1:colcon.colcon_core.environment:checking '/home/strazi/RINS-kappa/workspace/install/dis_tutorial1/lib/pkgconfig/dis_tutorial1.pc'
[1.822s] Level 1:colcon.colcon_core.environment:checking '/home/strazi/RINS-kappa/workspace/install/dis_tutorial1/lib/python3.10/site-packages'
[1.822s] Level 1:colcon.colcon_core.environment:checking '/home/strazi/RINS-kappa/workspace/install/dis_tutorial1/bin'
[1.822s] INFO:colcon.colcon_core.shell:Creating package script '/home/strazi/RINS-kappa/workspace/install/dis_tutorial1/share/dis_tutorial1/package.ps1'
[1.823s] INFO:colcon.colcon_core.shell:Creating package descriptor '/home/strazi/RINS-kappa/workspace/install/dis_tutorial1/share/dis_tutorial1/package.dsv'
[1.823s] INFO:colcon.colcon_core.shell:Creating package script '/home/strazi/RINS-kappa/workspace/install/dis_tutorial1/share/dis_tutorial1/package.sh'
[1.824s] INFO:colcon.colcon_core.shell:Creating package script '/home/strazi/RINS-kappa/workspace/install/dis_tutorial1/share/dis_tutorial1/package.bash'
[1.824s] INFO:colcon.colcon_core.shell:Creating package script '/home/strazi/RINS-kappa/workspace/install/dis_tutorial1/share/dis_tutorial1/package.zsh'
[1.824s] Level 1:colcon.colcon_core.environment:create_file_with_runtime_dependencies(/home/strazi/RINS-kappa/workspace/install/dis_tutorial1/share/colcon-core/packages/dis_tutorial1)
[1.825s] Level 1:colcon.colcon_core.environment:create_environment_scripts_only(dis_tutorial1)
[1.825s] Level 1:colcon.colcon_core.environment:checking '/home/strazi/RINS-kappa/workspace/install/dis_tutorial1' for CMake module files
[1.826s] Level 1:colcon.colcon_core.environment:checking '/home/strazi/RINS-kappa/workspace/install/dis_tutorial1' for CMake config files
[1.827s] Level 1:colcon.colcon_core.shell:create_environment_hook('dis_tutorial1', 'cmake_prefix_path')
[1.827s] INFO:colcon.colcon_core.shell:Creating environment hook '/home/strazi/RINS-kappa/workspace/install/dis_tutorial1/share/dis_tutorial1/hook/cmake_prefix_path.ps1'
[1.828s] INFO:colcon.colcon_core.shell:Creating environment descriptor '/home/strazi/RINS-kappa/workspace/install/dis_tutorial1/share/dis_tutorial1/hook/cmake_prefix_path.dsv'
[1.829s] INFO:colcon.colcon_core.shell:Creating environment hook '/home/strazi/RINS-kappa/workspace/install/dis_tutorial1/share/dis_tutorial1/hook/cmake_prefix_path.sh'
[1.829s] Level 1:colcon.colcon_core.environment:checking '/home/strazi/RINS-kappa/workspace/install/dis_tutorial1/lib'
[1.829s] Level 1:colcon.colcon_core.shell:create_environment_hook('dis_tutorial1', 'ld_library_path_lib')
[1.830s] INFO:colcon.colcon_core.shell:Creating environment hook '/home/strazi/RINS-kappa/workspace/install/dis_tutorial1/share/dis_tutorial1/hook/ld_library_path_lib.ps1'
[1.830s] INFO:colcon.colcon_core.shell:Creating environment descriptor '/home/strazi/RINS-kappa/workspace/install/dis_tutorial1/share/dis_tutorial1/hook/ld_library_path_lib.dsv'
[1.831s] INFO:colcon.colcon_core.shell:Creating environment hook '/home/strazi/RINS-kappa/workspace/install/dis_tutorial1/share/dis_tutorial1/hook/ld_library_path_lib.sh'
[1.831s] Level 1:colcon.colcon_core.environment:checking '/home/strazi/RINS-kappa/workspace/install/dis_tutorial1/bin'
[1.831s] Level 1:colcon.colcon_core.environment:checking '/home/strazi/RINS-kappa/workspace/install/dis_tutorial1/lib/pkgconfig/dis_tutorial1.pc'
[1.831s] Level 1:colcon.colcon_core.environment:checking '/home/strazi/RINS-kappa/workspace/install/dis_tutorial1/lib/python3.10/site-packages'
[1.832s] Level 1:colcon.colcon_core.environment:checking '/home/strazi/RINS-kappa/workspace/install/dis_tutorial1/bin'
[1.832s] INFO:colcon.colcon_core.shell:Creating package script '/home/strazi/RINS-kappa/workspace/install/dis_tutorial1/share/dis_tutorial1/package.ps1'
[1.833s] INFO:colcon.colcon_core.shell:Creating package descriptor '/home/strazi/RINS-kappa/workspace/install/dis_tutorial1/share/dis_tutorial1/package.dsv'
[1.833s] INFO:colcon.colcon_core.shell:Creating package script '/home/strazi/RINS-kappa/workspace/install/dis_tutorial1/share/dis_tutorial1/package.sh'
[1.834s] INFO:colcon.colcon_core.shell:Creating package script '/home/strazi/RINS-kappa/workspace/install/dis_tutorial1/share/dis_tutorial1/package.bash'
[1.834s] INFO:colcon.colcon_core.shell:Creating package script '/home/strazi/RINS-kappa/workspace/install/dis_tutorial1/share/dis_tutorial1/package.zsh'
[1.835s] Level 1:colcon.colcon_core.environment:create_file_with_runtime_dependencies(/home/strazi/RINS-kappa/workspace/install/dis_tutorial1/share/colcon-core/packages/dis_tutorial1)
[1.835s] DEBUG:colcon.colcon_parallel_executor.executor.parallel:closing loop
[1.835s] DEBUG:colcon.colcon_parallel_executor.executor.parallel:loop closed
[1.835s] DEBUG:colcon.colcon_parallel_executor.executor.parallel:run_until_complete finished with '0'
[1.836s] DEBUG:colcon.colcon_core.event_reactor:joining thread
[1.842s] INFO:colcon.colcon_core.plugin_system:Skipping extension 'colcon_notification.desktop_notification.terminal_notifier': Not used on non-Darwin systems
[1.842s] INFO:colcon.colcon_core.plugin_system:Skipping extension 'colcon_notification.desktop_notification.win32': Not used on non-Windows systems
[1.842s] INFO:colcon.colcon_notification.desktop_notification:Sending desktop notification using 'notify2'
[1.855s] DEBUG:colcon.colcon_core.event_reactor:joined thread
[1.855s] INFO:colcon.colcon_core.shell:Creating prefix script '/home/strazi/RINS-kappa/workspace/install/local_setup.ps1'
[1.856s] INFO:colcon.colcon_core.shell:Creating prefix util module '/home/strazi/RINS-kappa/workspace/install/_local_setup_util_ps1.py'
[1.858s] INFO:colcon.colcon_core.shell:Creating prefix chain script '/home/strazi/RINS-kappa/workspace/install/setup.ps1'
[1.859s] INFO:colcon.colcon_core.shell:Creating prefix script '/home/strazi/RINS-kappa/workspace/install/local_setup.sh'
[1.859s] INFO:colcon.colcon_core.shell:Creating prefix util module '/home/strazi/RINS-kappa/workspace/install/_local_setup_util_sh.py'
[1.860s] INFO:colcon.colcon_core.shell:Creating prefix chain script '/home/strazi/RINS-kappa/workspace/install/setup.sh'
[1.861s] INFO:colcon.colcon_core.shell:Creating prefix script '/home/strazi/RINS-kappa/workspace/install/local_setup.bash'
[1.862s] INFO:colcon.colcon_core.shell:Creating prefix chain script '/home/strazi/RINS-kappa/workspace/install/setup.bash'
[1.863s] INFO:colcon.colcon_core.shell:Creating prefix script '/home/strazi/RINS-kappa/workspace/install/local_setup.zsh'
[1.864s] INFO:colcon.colcon_core.shell:Creating prefix chain script '/home/strazi/RINS-kappa/workspace/install/setup.zsh'
