[0.335s] Invoking command in '/home/kappa/RINS-kappa/workspace/build/dis_tutorial3': CMAKE_PREFIX_PATH=/opt/ros/humble /usr/bin/cmake --build /home/kappa/RINS-kappa/workspace/build/dis_tutorial3 -- -j16 -l16
[0.374s] Invoked command in '/home/kappa/RINS-kappa/workspace/build/dis_tutorial3' returned '0': CMAKE_PREFIX_PATH=/opt/ros/humble /usr/bin/cmake --build /home/kappa/RINS-kappa/workspace/build/dis_tutorial3 -- -j16 -l16
[0.383s] Invoking command in '/home/kappa/RINS-kappa/workspace/build/dis_tutorial3': CMAKE_PREFIX_PATH=/opt/ros/humble /usr/bin/cmake --install /home/kappa/RINS-kappa/workspace/build/dis_tutorial3
[0.392s] -- Install configuration: ""
[0.392s] -- Up-to-date: /home/kappa/RINS-kappa/workspace/install/dis_tutorial3/share/dis_tutorial3//launch
[0.392s] -- Up-to-date: /home/kappa/RINS-kappa/workspace/install/dis_tutorial3/share/dis_tutorial3//launch/dis_sim.launch.py
[0.392s] -- Up-to-date: /home/kappa/RINS-kappa/workspace/install/dis_tutorial3/share/dis_tutorial3//launch/sim_turtlebot_nav.launch.py
[0.392s] -- Up-to-date: /home/kappa/RINS-kappa/workspace/install/dis_tutorial3/share/dis_tutorial3//launch/localization.launch.py
[0.392s] -- Up-to-date: /home/kappa/RINS-kappa/workspace/install/dis_tutorial3/share/dis_tutorial3//launch/ignition.launch.py
[0.392s] -- Up-to-date: /home/kappa/RINS-kappa/workspace/install/dis_tutorial3/share/dis_tutorial3//launch/task_1_launch.py
[0.392s] -- Up-to-date: /home/kappa/RINS-kappa/workspace/install/dis_tutorial3/share/dis_tutorial3//launch/turtlebot4_spawn.launch.py
[0.392s] -- Up-to-date: /home/kappa/RINS-kappa/workspace/install/dis_tutorial3/share/dis_tutorial3//launch/sim_turtlebot_slam.launch.py
[0.392s] -- Up-to-date: /home/kappa/RINS-kappa/workspace/install/dis_tutorial3/share/dis_tutorial3//launch/nav2.launch.py
[0.392s] -- Up-to-date: /home/kappa/RINS-kappa/workspace/install/dis_tutorial3/share/dis_tutorial3//launch/slam.launch.py
[0.392s] -- Up-to-date: /home/kappa/RINS-kappa/workspace/install/dis_tutorial3/share/dis_tutorial3//launch/create3_nodes.launch.py
[0.392s] -- Up-to-date: /home/kappa/RINS-kappa/workspace/install/dis_tutorial3/share/dis_tutorial3//launch/turtlebot4_spawn_nav.launch.py
[0.392s] -- Up-to-date: /home/kappa/RINS-kappa/workspace/install/dis_tutorial3/share/dis_tutorial3//config
[0.392s] -- Up-to-date: /home/kappa/RINS-kappa/workspace/install/dis_tutorial3/share/dis_tutorial3//config/nav2.yaml
[0.393s] -- Up-to-date: /home/kappa/RINS-kappa/workspace/install/dis_tutorial3/share/dis_tutorial3//config/slam.yaml
[0.393s] -- Up-to-date: /home/kappa/RINS-kappa/workspace/install/dis_tutorial3/share/dis_tutorial3//config/localization.yaml
[0.393s] -- Up-to-date: /home/kappa/RINS-kappa/workspace/install/dis_tutorial3/share/dis_tutorial3//config/laser_filter_chain.yaml
[0.393s] -- Up-to-date: /home/kappa/RINS-kappa/workspace/install/dis_tutorial3/share/dis_tutorial3//worlds
[0.393s] -- Up-to-date: /home/kappa/RINS-kappa/workspace/install/dis_tutorial3/share/dis_tutorial3//worlds/demo1.sdf
[0.393s] -- Up-to-date: /home/kappa/RINS-kappa/workspace/install/dis_tutorial3/share/dis_tutorial3//worlds/task3_meshes
[0.393s] -- Up-to-date: /home/kappa/RINS-kappa/workspace/install/dis_tutorial3/share/dis_tutorial3//worlds/task3_meshes/fakering2.jpg
[0.393s] -- Up-to-date: /home/kappa/RINS-kappa/workspace/install/dis_tutorial3/share/dis_tutorial3//worlds/task3_meshes/fakering1.jpg
[0.393s] -- Up-to-date: /home/kappa/RINS-kappa/workspace/install/dis_tutorial3/share/dis_tutorial3//worlds/task3_meshes/villager2.png
[0.393s] -- Up-to-date: /home/kappa/RINS-kappa/workspace/install/dis_tutorial3/share/dis_tutorial3//worlds/task3_meshes/easy_anomona_0.png
[0.393s] -- Up-to-date: /home/kappa/RINS-kappa/workspace/install/dis_tutorial3/share/dis_tutorial3//worlds/task3_meshes/anomona_4.png
[0.393s] -- Up-to-date: /home/kappa/RINS-kappa/workspace/install/dis_tutorial3/share/dis_tutorial3//worlds/task3_meshes/villager3.png
[0.393s] -- Up-to-date: /home/kappa/RINS-kappa/workspace/install/dis_tutorial3/share/dis_tutorial3//worlds/task3_meshes/cylinders.jpg
[0.393s] -- Up-to-date: /home/kappa/RINS-kappa/workspace/install/dis_tutorial3/share/dis_tutorial3//worlds/task3_meshes/parking_space.jpg
[0.394s] -- Up-to-date: /home/kappa/RINS-kappa/workspace/install/dis_tutorial3/share/dis_tutorial3//worlds/task3_meshes/fakering3.jpg
[0.394s] -- Up-to-date: /home/kappa/RINS-kappa/workspace/install/dis_tutorial3/share/dis_tutorial3//worlds/task3_meshes/qr_cheat.png
[0.395s] -- Up-to-date: /home/kappa/RINS-kappa/workspace/install/dis_tutorial3/share/dis_tutorial3//worlds/task3_meshes/map_colliders.dae
[0.396s] -- Up-to-date: /home/kappa/RINS-kappa/workspace/install/dis_tutorial3/share/dis_tutorial3//worlds/task3_meshes/mona.png
[0.396s] -- Up-to-date: /home/kappa/RINS-kappa/workspace/install/dis_tutorial3/share/dis_tutorial3//worlds/task3_meshes/villager4.png
[0.396s] -- Up-to-date: /home/kappa/RINS-kappa/workspace/install/dis_tutorial3/share/dis_tutorial3//worlds/task3_meshes/villager1.png
[0.396s] -- Up-to-date: /home/kappa/RINS-kappa/workspace/install/dis_tutorial3/share/dis_tutorial3//worlds/task3_meshes/anomona_3.png
[0.397s] -- Up-to-date: /home/kappa/RINS-kappa/workspace/install/dis_tutorial3/share/dis_tutorial3//worlds/task3_meshes/qr_url.png
[0.397s] -- Up-to-date: /home/kappa/RINS-kappa/workspace/install/dis_tutorial3/share/dis_tutorial3//worlds/task3_meshes/easy_anomona_2.png
[0.397s] -- Up-to-date: /home/kappa/RINS-kappa/workspace/install/dis_tutorial3/share/dis_tutorial3//worlds/task3_meshes/easy_anomona_1.png
[0.397s] -- Up-to-date: /home/kappa/RINS-kappa/workspace/install/dis_tutorial3/share/dis_tutorial3//worlds/task3_meshes/anomona_0.png
[0.398s] -- Up-to-date: /home/kappa/RINS-kappa/workspace/install/dis_tutorial3/share/dis_tutorial3//worlds/task3_meshes/anomona_1.png
[0.400s] -- Up-to-date: /home/kappa/RINS-kappa/workspace/install/dis_tutorial3/share/dis_tutorial3//worlds/task3_meshes/qr_wrong.png
[0.400s] -- Up-to-date: /home/kappa/RINS-kappa/workspace/install/dis_tutorial3/share/dis_tutorial3//worlds/task3_meshes/easy_anomona_4.png
[0.401s] -- Up-to-date: /home/kappa/RINS-kappa/workspace/install/dis_tutorial3/share/dis_tutorial3//worlds/task3_meshes/easy_anomona_3.png
[0.401s] -- Up-to-date: /home/kappa/RINS-kappa/workspace/install/dis_tutorial3/share/dis_tutorial3//worlds/task3_meshes/objects.jpg
[0.401s] -- Up-to-date: /home/kappa/RINS-kappa/workspace/install/dis_tutorial3/share/dis_tutorial3//worlds/task3_meshes/villager5.png
[0.401s] -- Up-to-date: /home/kappa/RINS-kappa/workspace/install/dis_tutorial3/share/dis_tutorial3//worlds/task3_meshes/ground.jpg
[0.401s] -- Up-to-date: /home/kappa/RINS-kappa/workspace/install/dis_tutorial3/share/dis_tutorial3//worlds/task3_meshes/map.dae
[0.401s] -- Up-to-date: /home/kappa/RINS-kappa/workspace/install/dis_tutorial3/share/dis_tutorial3//worlds/task3_meshes/anomona_2.png
[0.401s] -- Up-to-date: /home/kappa/RINS-kappa/workspace/install/dis_tutorial3/share/dis_tutorial3//worlds/task2_demo2.sdf
[0.402s] -- Up-to-date: /home/kappa/RINS-kappa/workspace/install/dis_tutorial3/share/dis_tutorial3//worlds/task2_demo1.sdf
[0.403s] -- Up-to-date: /home/kappa/RINS-kappa/workspace/install/dis_tutorial3/share/dis_tutorial3//worlds/task2_demo2_meshes
[0.403s] -- Up-to-date: /home/kappa/RINS-kappa/workspace/install/dis_tutorial3/share/dis_tutorial3//worlds/task2_demo2_meshes/fakering2.jpg
[0.404s] -- Up-to-date: /home/kappa/RINS-kappa/workspace/install/dis_tutorial3/share/dis_tutorial3//worlds/task2_demo2_meshes/fakering1.jpg
[0.404s] -- Up-to-date: /home/kappa/RINS-kappa/workspace/install/dis_tutorial3/share/dis_tutorial3//worlds/task2_demo2_meshes/cylinders.jpg
[0.404s] -- Up-to-date: /home/kappa/RINS-kappa/workspace/install/dis_tutorial3/share/dis_tutorial3//worlds/task2_demo2_meshes/parking_space.jpg
[0.404s] -- Up-to-date: /home/kappa/RINS-kappa/workspace/install/dis_tutorial3/share/dis_tutorial3//worlds/task2_demo2_meshes/fakering3.jpg
[0.404s] -- Up-to-date: /home/kappa/RINS-kappa/workspace/install/dis_tutorial3/share/dis_tutorial3//worlds/task2_demo2_meshes/map_colliders.dae
[0.404s] -- Up-to-date: /home/kappa/RINS-kappa/workspace/install/dis_tutorial3/share/dis_tutorial3//worlds/task2_demo2_meshes/objects.jpg
[0.404s] -- Up-to-date: /home/kappa/RINS-kappa/workspace/install/dis_tutorial3/share/dis_tutorial3//worlds/task2_demo2_meshes/ground.jpg
[0.404s] -- Up-to-date: /home/kappa/RINS-kappa/workspace/install/dis_tutorial3/share/dis_tutorial3//worlds/task2_demo2_meshes/map.dae
[0.404s] -- Up-to-date: /home/kappa/RINS-kappa/workspace/install/dis_tutorial3/share/dis_tutorial3//worlds/task2_demo1_meshes
[0.404s] -- Up-to-date: /home/kappa/RINS-kappa/workspace/install/dis_tutorial3/share/dis_tutorial3//worlds/task2_demo1_meshes/fakering2.jpg
[0.407s] -- Up-to-date: /home/kappa/RINS-kappa/workspace/install/dis_tutorial3/share/dis_tutorial3//worlds/task2_demo1_meshes/fakering1.jpg
[0.408s] -- Up-to-date: /home/kappa/RINS-kappa/workspace/install/dis_tutorial3/share/dis_tutorial3//worlds/task2_demo1_meshes/cylinders.jpg
[0.408s] -- Up-to-date: /home/kappa/RINS-kappa/workspace/install/dis_tutorial3/share/dis_tutorial3//worlds/task2_demo1_meshes/parking_space.jpg
[0.408s] -- Up-to-date: /home/kappa/RINS-kappa/workspace/install/dis_tutorial3/share/dis_tutorial3//worlds/task2_demo1_meshes/fakering3.jpg
[0.408s] -- Up-to-date: /home/kappa/RINS-kappa/workspace/install/dis_tutorial3/share/dis_tutorial3//worlds/task2_demo1_meshes/map_colliders.dae
[0.409s] -- Up-to-date: /home/kappa/RINS-kappa/workspace/install/dis_tutorial3/share/dis_tutorial3//worlds/task2_demo1_meshes/objects.jpg
[0.409s] -- Up-to-date: /home/kappa/RINS-kappa/workspace/install/dis_tutorial3/share/dis_tutorial3//worlds/task2_demo1_meshes/ground.jpg
[0.409s] -- Up-to-date: /home/kappa/RINS-kappa/workspace/install/dis_tutorial3/share/dis_tutorial3//worlds/task2_demo1_meshes/map.dae
[0.409s] -- Up-to-date: /home/kappa/RINS-kappa/workspace/install/dis_tutorial3/share/dis_tutorial3//worlds/task3.sdf
[0.409s] -- Up-to-date: /home/kappa/RINS-kappa/workspace/install/dis_tutorial3/share/dis_tutorial3//worlds/dis.sdf
[0.410s] -- Up-to-date: /home/kappa/RINS-kappa/workspace/install/dis_tutorial3/share/dis_tutorial3//worlds/demo2.sdf
[0.410s] -- Up-to-date: /home/kappa/RINS-kappa/workspace/install/dis_tutorial3/share/dis_tutorial3//worlds/dis_meshes
[0.410s] -- Up-to-date: /home/kappa/RINS-kappa/workspace/install/dis_tutorial3/share/dis_tutorial3//worlds/dis_meshes/fakering2.jpg
[0.410s] -- Up-to-date: /home/kappa/RINS-kappa/workspace/install/dis_tutorial3/share/dis_tutorial3//worlds/dis_meshes/fakering1.jpg
[0.410s] -- Up-to-date: /home/kappa/RINS-kappa/workspace/install/dis_tutorial3/share/dis_tutorial3//worlds/dis_meshes/davinci.jpg
[0.410s] -- Up-to-date: /home/kappa/RINS-kappa/workspace/install/dis_tutorial3/share/dis_tutorial3//worlds/dis_meshes/cylinders.jpg
[0.411s] -- Up-to-date: /home/kappa/RINS-kappa/workspace/install/dis_tutorial3/share/dis_tutorial3//worlds/dis_meshes/person5.jpg
[0.411s] -- Up-to-date: /home/kappa/RINS-kappa/workspace/install/dis_tutorial3/share/dis_tutorial3//worlds/dis_meshes/parking_space.jpg
[0.411s] -- Up-to-date: /home/kappa/RINS-kappa/workspace/install/dis_tutorial3/share/dis_tutorial3//worlds/dis_meshes/fakering3.jpg
[0.412s] -- Up-to-date: /home/kappa/RINS-kappa/workspace/install/dis_tutorial3/share/dis_tutorial3//worlds/dis_meshes/wood.jpg
[0.412s] -- Up-to-date: /home/kappa/RINS-kappa/workspace/install/dis_tutorial3/share/dis_tutorial3//worlds/dis_meshes/person1.jpg
[0.413s] -- Up-to-date: /home/kappa/RINS-kappa/workspace/install/dis_tutorial3/share/dis_tutorial3//worlds/dis_meshes/person3.jpg
[0.413s] -- Up-to-date: /home/kappa/RINS-kappa/workspace/install/dis_tutorial3/share/dis_tutorial3//worlds/dis_meshes/map_colliders.dae
[0.413s] -- Up-to-date: /home/kappa/RINS-kappa/workspace/install/dis_tutorial3/share/dis_tutorial3//worlds/dis_meshes/person4.jpg
[0.413s] -- Up-to-date: /home/kappa/RINS-kappa/workspace/install/dis_tutorial3/share/dis_tutorial3//worlds/dis_meshes/qr2.jpg
[0.413s] -- Up-to-date: /home/kappa/RINS-kappa/workspace/install/dis_tutorial3/share/dis_tutorial3//worlds/dis_meshes/person2.jpg
[0.413s] -- Up-to-date: /home/kappa/RINS-kappa/workspace/install/dis_tutorial3/share/dis_tutorial3//worlds/dis_meshes/qr1.jpg
[0.413s] -- Up-to-date: /home/kappa/RINS-kappa/workspace/install/dis_tutorial3/share/dis_tutorial3//worlds/dis_meshes/mona1.jpg
[0.413s] -- Up-to-date: /home/kappa/RINS-kappa/workspace/install/dis_tutorial3/share/dis_tutorial3//worlds/dis_meshes/objects.jpg
[0.413s] -- Up-to-date: /home/kappa/RINS-kappa/workspace/install/dis_tutorial3/share/dis_tutorial3//worlds/dis_meshes/ground.jpg
[0.413s] -- Up-to-date: /home/kappa/RINS-kappa/workspace/install/dis_tutorial3/share/dis_tutorial3//worlds/dis_meshes/map.dae
[0.414s] -- Up-to-date: /home/kappa/RINS-kappa/workspace/install/dis_tutorial3/share/dis_tutorial3//worlds/demo2_meshes
[0.414s] -- Up-to-date: /home/kappa/RINS-kappa/workspace/install/dis_tutorial3/share/dis_tutorial3//worlds/demo2_meshes/fakering2.jpg
[0.414s] -- Up-to-date: /home/kappa/RINS-kappa/workspace/install/dis_tutorial3/share/dis_tutorial3//worlds/demo2_meshes/fakering1.jpg
[0.414s] -- Up-to-date: /home/kappa/RINS-kappa/workspace/install/dis_tutorial3/share/dis_tutorial3//worlds/demo2_meshes/cylinders.jpg
[0.414s] -- Up-to-date: /home/kappa/RINS-kappa/workspace/install/dis_tutorial3/share/dis_tutorial3//worlds/demo2_meshes/parking_space.jpg
[0.415s] -- Up-to-date: /home/kappa/RINS-kappa/workspace/install/dis_tutorial3/share/dis_tutorial3//worlds/demo2_meshes/fakering3.jpg
[0.415s] -- Up-to-date: /home/kappa/RINS-kappa/workspace/install/dis_tutorial3/share/dis_tutorial3//worlds/demo2_meshes/person8.png
[0.415s] -- Up-to-date: /home/kappa/RINS-kappa/workspace/install/dis_tutorial3/share/dis_tutorial3//worlds/demo2_meshes/map_colliders.dae
[0.415s] -- Up-to-date: /home/kappa/RINS-kappa/workspace/install/dis_tutorial3/share/dis_tutorial3//worlds/demo2_meshes/person7.png
[0.416s] -- Up-to-date: /home/kappa/RINS-kappa/workspace/install/dis_tutorial3/share/dis_tutorial3//worlds/demo2_meshes/person18.png
[0.416s] -- Up-to-date: /home/kappa/RINS-kappa/workspace/install/dis_tutorial3/share/dis_tutorial3//worlds/demo2_meshes/qr2.jpg
[0.416s] -- Up-to-date: /home/kappa/RINS-kappa/workspace/install/dis_tutorial3/share/dis_tutorial3//worlds/demo2_meshes/person20.png
[0.416s] -- Up-to-date: /home/kappa/RINS-kappa/workspace/install/dis_tutorial3/share/dis_tutorial3//worlds/demo2_meshes/qr1.jpg
[0.416s] -- Up-to-date: /home/kappa/RINS-kappa/workspace/install/dis_tutorial3/share/dis_tutorial3//worlds/demo2_meshes/person9.png
[0.416s] -- Up-to-date: /home/kappa/RINS-kappa/workspace/install/dis_tutorial3/share/dis_tutorial3//worlds/demo2_meshes/objects.jpg
[0.416s] -- Up-to-date: /home/kappa/RINS-kappa/workspace/install/dis_tutorial3/share/dis_tutorial3//worlds/demo2_meshes/ground.jpg
[0.416s] -- Up-to-date: /home/kappa/RINS-kappa/workspace/install/dis_tutorial3/share/dis_tutorial3//worlds/demo2_meshes/person6.png
[0.416s] -- Up-to-date: /home/kappa/RINS-kappa/workspace/install/dis_tutorial3/share/dis_tutorial3//worlds/demo2_meshes/map.dae
[0.416s] -- Up-to-date: /home/kappa/RINS-kappa/workspace/install/dis_tutorial3/share/dis_tutorial3//worlds/empty.sdf
[0.416s] -- Up-to-date: /home/kappa/RINS-kappa/workspace/install/dis_tutorial3/share/dis_tutorial3//worlds/demo1_meshes
[0.416s] -- Up-to-date: /home/kappa/RINS-kappa/workspace/install/dis_tutorial3/share/dis_tutorial3//worlds/demo1_meshes/fakering2.jpg
[0.416s] -- Up-to-date: /home/kappa/RINS-kappa/workspace/install/dis_tutorial3/share/dis_tutorial3//worlds/demo1_meshes/fakering1.jpg
[0.416s] -- Up-to-date: /home/kappa/RINS-kappa/workspace/install/dis_tutorial3/share/dis_tutorial3//worlds/demo1_meshes/person1.png
[0.416s] -- Up-to-date: /home/kappa/RINS-kappa/workspace/install/dis_tutorial3/share/dis_tutorial3//worlds/demo1_meshes/person5.png
[0.416s] -- Up-to-date: /home/kappa/RINS-kappa/workspace/install/dis_tutorial3/share/dis_tutorial3//worlds/demo1_meshes/cylinders.jpg
[0.416s] -- Up-to-date: /home/kappa/RINS-kappa/workspace/install/dis_tutorial3/share/dis_tutorial3//worlds/demo1_meshes/parking_space.jpg
[0.417s] -- Up-to-date: /home/kappa/RINS-kappa/workspace/install/dis_tutorial3/share/dis_tutorial3//worlds/demo1_meshes/fakering3.jpg
[0.417s] -- Up-to-date: /home/kappa/RINS-kappa/workspace/install/dis_tutorial3/share/dis_tutorial3//worlds/demo1_meshes/person4.png
[0.417s] -- Up-to-date: /home/kappa/RINS-kappa/workspace/install/dis_tutorial3/share/dis_tutorial3//worlds/demo1_meshes/map_colliders.dae
[0.417s] -- Up-to-date: /home/kappa/RINS-kappa/workspace/install/dis_tutorial3/share/dis_tutorial3//worlds/demo1_meshes/person2.png
[0.417s] -- Up-to-date: /home/kappa/RINS-kappa/workspace/install/dis_tutorial3/share/dis_tutorial3//worlds/demo1_meshes/qr2.jpg
[0.417s] -- Up-to-date: /home/kappa/RINS-kappa/workspace/install/dis_tutorial3/share/dis_tutorial3//worlds/demo1_meshes/qr1.jpg
[0.417s] -- Up-to-date: /home/kappa/RINS-kappa/workspace/install/dis_tutorial3/share/dis_tutorial3//worlds/demo1_meshes/objects.jpg
[0.417s] -- Up-to-date: /home/kappa/RINS-kappa/workspace/install/dis_tutorial3/share/dis_tutorial3//worlds/demo1_meshes/ground.jpg
[0.417s] -- Up-to-date: /home/kappa/RINS-kappa/workspace/install/dis_tutorial3/share/dis_tutorial3//worlds/demo1_meshes/map.dae
[0.417s] -- Up-to-date: /home/kappa/RINS-kappa/workspace/install/dis_tutorial3/share/dis_tutorial3//worlds/demo1_meshes/person11.png
[0.418s] -- Up-to-date: /home/kappa/RINS-kappa/workspace/install/dis_tutorial3/share/dis_tutorial3//worlds/demo1_meshes/person3.png
[0.418s] -- Up-to-date: /home/kappa/RINS-kappa/workspace/install/dis_tutorial3/share/dis_tutorial3//maps
[0.418s] -- Up-to-date: /home/kappa/RINS-kappa/workspace/install/dis_tutorial3/share/dis_tutorial3//maps/nasa_map.yaml
[0.419s] -- Up-to-date: /home/kappa/RINS-kappa/workspace/install/dis_tutorial3/share/dis_tutorial3//maps/map.yaml
[0.419s] -- Up-to-date: /home/kappa/RINS-kappa/workspace/install/dis_tutorial3/share/dis_tutorial3//maps/nasa_mapa.pgm
[0.419s] -- Up-to-date: /home/kappa/RINS-kappa/workspace/install/dis_tutorial3/share/dis_tutorial3//maps/map.pgm
[0.419s] -- Up-to-date: /home/kappa/RINS-kappa/workspace/install/dis_tutorial3/lib/dis_tutorial3/detect_people.py
[0.419s] -- Installing: /home/kappa/RINS-kappa/workspace/install/dis_tutorial3/lib/dis_tutorial3/robot_commander.py
[0.419s] -- Up-to-date: /home/kappa/RINS-kappa/workspace/install/dis_tutorial3/lib/dis_tutorial3/save_faces.py
[0.420s] -- Up-to-date: /home/kappa/RINS-kappa/workspace/install/dis_tutorial3/share/ament_index/resource_index/package_run_dependencies/dis_tutorial3
[0.423s] -- Up-to-date: /home/kappa/RINS-kappa/workspace/install/dis_tutorial3/share/ament_index/resource_index/parent_prefix_path/dis_tutorial3
[0.423s] -- Up-to-date: /home/kappa/RINS-kappa/workspace/install/dis_tutorial3/share/dis_tutorial3/environment/ament_prefix_path.sh
[0.423s] -- Up-to-date: /home/kappa/RINS-kappa/workspace/install/dis_tutorial3/share/dis_tutorial3/environment/ament_prefix_path.dsv
[0.423s] -- Up-to-date: /home/kappa/RINS-kappa/workspace/install/dis_tutorial3/share/dis_tutorial3/environment/path.sh
[0.423s] -- Up-to-date: /home/kappa/RINS-kappa/workspace/install/dis_tutorial3/share/dis_tutorial3/environment/path.dsv
[0.423s] -- Up-to-date: /home/kappa/RINS-kappa/workspace/install/dis_tutorial3/share/dis_tutorial3/local_setup.bash
[0.423s] -- Up-to-date: /home/kappa/RINS-kappa/workspace/install/dis_tutorial3/share/dis_tutorial3/local_setup.sh
[0.424s] -- Up-to-date: /home/kappa/RINS-kappa/workspace/install/dis_tutorial3/share/dis_tutorial3/local_setup.zsh
[0.424s] -- Up-to-date: /home/kappa/RINS-kappa/workspace/install/dis_tutorial3/share/dis_tutorial3/local_setup.dsv
[0.424s] -- Installing: /home/kappa/RINS-kappa/workspace/install/dis_tutorial3/share/dis_tutorial3/package.dsv
[0.424s] -- Up-to-date: /home/kappa/RINS-kappa/workspace/install/dis_tutorial3/share/ament_index/resource_index/packages/dis_tutorial3
[0.424s] -- Up-to-date: /home/kappa/RINS-kappa/workspace/install/dis_tutorial3/share/dis_tutorial3/cmake/dis_tutorial3Config.cmake
[0.425s] -- Up-to-date: /home/kappa/RINS-kappa/workspace/install/dis_tutorial3/share/dis_tutorial3/cmake/dis_tutorial3Config-version.cmake
[0.425s] -- Up-to-date: /home/kappa/RINS-kappa/workspace/install/dis_tutorial3/share/dis_tutorial3/package.xml
[0.436s] Invoked command in '/home/kappa/RINS-kappa/workspace/build/dis_tutorial3' returned '0': CMAKE_PREFIX_PATH=/opt/ros/humble /usr/bin/cmake --install /home/kappa/RINS-kappa/workspace/build/dis_tutorial3
