-- The C compiler identification is GNU 11.4.0
-- The CXX compiler identification is GNU 11.4.0
-- Detecting C compiler ABI info
-- Detecting C compiler ABI info - done
-- Check for working C compiler: /usr/bin/cc - skipped
-- Detecting C compile features
-- Detecting C compile features - done
-- Detecting CXX compiler ABI info
-- Detecting CXX compiler ABI info - done
-- Check for working CXX compiler: /usr/bin/c++ - skipped
-- Detecting CXX compile features
-- Detecting CXX compile features - done
-- Found ament_cmake: 1.3.11 (/opt/ros/humble/share/ament_cmake/cmake)
-- Found Python3: /usr/bin/python3 (found version "3.10.12") found components: Interpreter 
-- Found geometry_msgs: 4.2.4 (/opt/ros/humble/share/geometry_msgs/cmake)
-- Found rosidl_generator_c: 3.1.6 (/opt/ros/humble/share/rosidl_generator_c/cmake)
-- Found rosidl_adapter: 3.1.6 (/opt/ros/humble/share/rosidl_adapter/cmake)
-- Found rosidl_generator_cpp: 3.1.6 (/opt/ros/humble/share/rosidl_generator_cpp/cmake)
-- Using all available rosidl_typesupport_c: rosidl_typesupport_fastrtps_c;rosidl_typesupport_introspection_c
-- Using all available rosidl_typesupport_cpp: rosidl_typesupport_fastrtps_cpp;rosidl_typesupport_introspection_cpp
-- Found rosidl_default_generators: 1.2.0 (/opt/ros/humble/share/rosidl_default_generators/cmake)
-- Found visualization_msgs: 4.2.4 (/opt/ros/humble/share/visualization_msgs/cmake)
-- Found ament_cmake_ros: 0.10.0 (/opt/ros/humble/share/ament_cmake_ros/cmake)
-- Using all available rosidl_typesupport_c: rosidl_typesupport_fastrtps_c;rosidl_typesupport_introspection_c
-- Using all available rosidl_typesupport_cpp: rosidl_typesupport_fastrtps_cpp;rosidl_typesupport_introspection_cpp
-- Found PythonInterp: /usr/bin/python3 (found suitable version "3.10.12", minimum required is "3.6") 
-- Found python_cmake_module: 0.10.0 (/opt/ros/humble/share/python_cmake_module/cmake)
-- Found PythonLibs: /usr/lib/x86_64-linux-gnu/libpython3.10.so (found suitable version "3.10.12", minimum required is "3.5") 
-- Using PYTHON_EXECUTABLE: /usr/bin/python3
-- Using PYTHON_INCLUDE_DIRS: /usr/include/python3.10
-- Using PYTHON_LIBRARIES: /usr/lib/x86_64-linux-gnu/libpython3.10.so
-- Found PythonExtra: .so  
-- Found ament_lint_auto: 0.12.11 (/opt/ros/humble/share/ament_lint_auto/cmake)
-- Added test 'lint_cmake' to check CMake code style
-- Added test 'xmllint' to check XML markup files
-- Configuring done
-- Generating done
-- Build files have been written to: /home/kappa/RINS-kappa/workspace/build/custom_messages
[  2%] [34m[1mGenerating C code for ROS interfaces[0m
[  4%] [34m[1mGenerating C++ code for ROS interfaces[0m
[  4%] Built target ament_cmake_python_copy_custom_messages
running egg_info
creating custom_messages.egg-info
writing custom_messages.egg-info/PKG-INFO
writing dependency_links to custom_messages.egg-info/dependency_links.txt
writing top-level names to custom_messages.egg-info/top_level.txt
writing manifest file 'custom_messages.egg-info/SOURCES.txt'
reading manifest file 'custom_messages.egg-info/SOURCES.txt'
writing manifest file 'custom_messages.egg-info/SOURCES.txt'
[  4%] Built target ament_cmake_python_build_custom_messages_egg
[  6%] [32mBuilding C object CMakeFiles/custom_messages__rosidl_generator_c.dir/rosidl_generator_c/custom_messages/msg/detail/face_coordinates__functions.c.o[0m
[  6%] Built target custom_messages__cpp
[  8%] [32mBuilding C object CMakeFiles/custom_messages__rosidl_generator_c.dir/rosidl_generator_c/custom_messages/srv/detail/poses_in_front_of_faces__functions.c.o[0m
[ 10%] [32mBuilding C object CMakeFiles/custom_messages__rosidl_generator_c.dir/rosidl_generator_c/custom_messages/srv/detail/shape__functions.c.o[0m
[ 14%] [34m[1mGenerating C++ type support for eProsima Fast-RTPS[0m
[ 14%] [34m[1mGenerating C++ introspection for ROS interfaces[0m
[ 17%] [34m[1mGenerating C++ type support dispatch for ROS interfaces[0m
[ 19%] [32m[1mLinking C shared library libcustom_messages__rosidl_generator_c.so[0m
[ 19%] Built target custom_messages__rosidl_generator_c
[ 21%] [34m[1mGenerating C introspection for ROS interfaces[0m
[ 23%] [34m[1mGenerating C type support for eProsima Fast-RTPS[0m
[ 25%] [34m[1mGenerating C type support dispatch for ROS interfaces[0m
[ 27%] [32mBuilding CXX object CMakeFiles/custom_messages__rosidl_typesupport_introspection_cpp.dir/rosidl_typesupport_introspection_cpp/custom_messages/msg/detail/face_coordinates__type_support.cpp.o[0m
[ 31%] [32mBuilding CXX object CMakeFiles/custom_messages__rosidl_typesupport_introspection_cpp.dir/rosidl_typesupport_introspection_cpp/custom_messages/srv/detail/poses_in_front_of_faces__type_support.cpp.o[0m
[ 31%] [32mBuilding CXX object CMakeFiles/custom_messages__rosidl_typesupport_introspection_cpp.dir/rosidl_typesupport_introspection_cpp/custom_messages/srv/detail/shape__type_support.cpp.o[0m
[ 34%] [32mBuilding CXX object CMakeFiles/custom_messages__rosidl_typesupport_cpp.dir/rosidl_typesupport_cpp/custom_messages/msg/face_coordinates__type_support.cpp.o[0m
[ 36%] [32mBuilding CXX object CMakeFiles/custom_messages__rosidl_typesupport_cpp.dir/rosidl_typesupport_cpp/custom_messages/srv/shape__type_support.cpp.o[0m
[ 38%] [32mBuilding CXX object CMakeFiles/custom_messages__rosidl_typesupport_cpp.dir/rosidl_typesupport_cpp/custom_messages/srv/poses_in_front_of_faces__type_support.cpp.o[0m
[ 40%] [32mBuilding CXX object CMakeFiles/custom_messages__rosidl_typesupport_fastrtps_cpp.dir/rosidl_typesupport_fastrtps_cpp/custom_messages/srv/detail/dds_fastrtps/poses_in_front_of_faces__type_support.cpp.o[0m
[ 42%] [32mBuilding CXX object CMakeFiles/custom_messages__rosidl_typesupport_fastrtps_cpp.dir/rosidl_typesupport_fastrtps_cpp/custom_messages/msg/detail/dds_fastrtps/face_coordinates__type_support.cpp.o[0m
[ 44%] [32mBuilding CXX object CMakeFiles/custom_messages__rosidl_typesupport_fastrtps_cpp.dir/rosidl_typesupport_fastrtps_cpp/custom_messages/srv/detail/dds_fastrtps/shape__type_support.cpp.o[0m
[ 46%] [32mBuilding CXX object CMakeFiles/custom_messages__rosidl_typesupport_c.dir/rosidl_typesupport_c/custom_messages/msg/face_coordinates__type_support.cpp.o[0m
[ 48%] [32mBuilding CXX object CMakeFiles/custom_messages__rosidl_typesupport_c.dir/rosidl_typesupport_c/custom_messages/srv/shape__type_support.cpp.o[0m
[ 51%] [32mBuilding CXX object CMakeFiles/custom_messages__rosidl_typesupport_c.dir/rosidl_typesupport_c/custom_messages/srv/poses_in_front_of_faces__type_support.cpp.o[0m
[ 53%] [32mBuilding C object CMakeFiles/custom_messages__rosidl_typesupport_introspection_c.dir/rosidl_typesupport_introspection_c/custom_messages/msg/detail/face_coordinates__type_support.c.o[0m
[ 55%] [32mBuilding C object CMakeFiles/custom_messages__rosidl_typesupport_introspection_c.dir/rosidl_typesupport_introspection_c/custom_messages/srv/detail/shape__type_support.c.o[0m
[ 57%] [32mBuilding C object CMakeFiles/custom_messages__rosidl_typesupport_introspection_c.dir/rosidl_typesupport_introspection_c/custom_messages/srv/detail/poses_in_front_of_faces__type_support.c.o[0m
[ 59%] [32m[1mLinking CXX shared library libcustom_messages__rosidl_typesupport_c.so[0m
[ 61%] [32m[1mLinking C shared library libcustom_messages__rosidl_typesupport_introspection_c.so[0m
[ 61%] Built target custom_messages__rosidl_typesupport_c
[ 61%] Built target custom_messages__rosidl_typesupport_introspection_c
[ 63%] [32mBuilding CXX object CMakeFiles/custom_messages__rosidl_typesupport_fastrtps_c.dir/rosidl_typesupport_fastrtps_c/custom_messages/msg/detail/face_coordinates__type_support_c.cpp.o[0m
[ 65%] [32mBuilding CXX object CMakeFiles/custom_messages__rosidl_typesupport_fastrtps_c.dir/rosidl_typesupport_fastrtps_c/custom_messages/srv/detail/shape__type_support_c.cpp.o[0m
[ 68%] [32mBuilding CXX object CMakeFiles/custom_messages__rosidl_typesupport_fastrtps_c.dir/rosidl_typesupport_fastrtps_c/custom_messages/srv/detail/poses_in_front_of_faces__type_support_c.cpp.o[0m
[ 70%] [32m[1mLinking CXX shared library libcustom_messages__rosidl_typesupport_cpp.so[0m
[ 70%] Built target custom_messages__rosidl_typesupport_cpp
[ 72%] [32m[1mLinking CXX shared library libcustom_messages__rosidl_typesupport_introspection_cpp.so[0m
[ 72%] Built target custom_messages__rosidl_typesupport_introspection_cpp
[ 74%] [32m[1mLinking CXX shared library libcustom_messages__rosidl_typesupport_fastrtps_cpp.so[0m
[ 76%] [32m[1mLinking CXX shared library libcustom_messages__rosidl_typesupport_fastrtps_c.so[0m
[ 76%] Built target custom_messages__rosidl_typesupport_fastrtps_cpp
[ 76%] Built target custom_messages__rosidl_typesupport_fastrtps_c
[ 76%] Built target custom_messages
[ 78%] [34m[1mGenerating Python code for ROS interfaces[0m
[ 78%] Built target custom_messages__py
[ 80%] [32mBuilding C object CMakeFiles/custom_messages__rosidl_generator_py.dir/rosidl_generator_py/custom_messages/msg/_face_coordinates_s.c.o[0m
[ 85%] [32mBuilding C object CMakeFiles/custom_messages__rosidl_generator_py.dir/rosidl_generator_py/custom_messages/srv/_poses_in_front_of_faces_s.c.o[0m
[ 85%] [32mBuilding C object CMakeFiles/custom_messages__rosidl_generator_py.dir/rosidl_generator_py/custom_messages/srv/_shape_s.c.o[0m
[ 87%] [32m[1mLinking C shared library rosidl_generator_py/custom_messages/libcustom_messages__rosidl_generator_py.so[0m
[ 87%] Built target custom_messages__rosidl_generator_py
[ 93%] [32mBuilding C object CMakeFiles/custom_messages__rosidl_typesupport_c__pyext.dir/rosidl_generator_py/custom_messages/_custom_messages_s.ep.rosidl_typesupport_c.c.o[0m
[ 93%] [32mBuilding C object CMakeFiles/custom_messages__rosidl_typesupport_introspection_c__pyext.dir/rosidl_generator_py/custom_messages/_custom_messages_s.ep.rosidl_typesupport_introspection_c.c.o[0m
[ 93%] [32mBuilding C object CMakeFiles/custom_messages__rosidl_typesupport_fastrtps_c__pyext.dir/rosidl_generator_py/custom_messages/_custom_messages_s.ep.rosidl_typesupport_fastrtps_c.c.o[0m
[ 95%] [32m[1mLinking C shared library rosidl_generator_py/custom_messages/custom_messages_s__rosidl_typesupport_fastrtps_c.cpython-310-x86_64-linux-gnu.so[0m
[ 97%] [32m[1mLinking C shared library rosidl_generator_py/custom_messages/custom_messages_s__rosidl_typesupport_c.cpython-310-x86_64-linux-gnu.so[0m
[100%] [32m[1mLinking C shared library rosidl_generator_py/custom_messages/custom_messages_s__rosidl_typesupport_introspection_c.cpython-310-x86_64-linux-gnu.so[0m
[100%] Built target custom_messages__rosidl_typesupport_fastrtps_c__pyext
[100%] Built target custom_messages__rosidl_typesupport_c__pyext
[100%] Built target custom_messages__rosidl_typesupport_introspection_c__pyext
-- Install configuration: ""
-- Installing: /home/kappa/RINS-kappa/workspace/install/custom_messages/share/ament_index/resource_index/rosidl_interfaces/custom_messages
-- Installing: /home/kappa/RINS-kappa/workspace/install/custom_messages/include/custom_messages/custom_messages
-- Installing: /home/kappa/RINS-kappa/workspace/install/custom_messages/include/custom_messages/custom_messages/srv
-- Installing: /home/kappa/RINS-kappa/workspace/install/custom_messages/include/custom_messages/custom_messages/srv/poses_in_front_of_faces.h
-- Installing: /home/kappa/RINS-kappa/workspace/install/custom_messages/include/custom_messages/custom_messages/srv/shape.h
-- Installing: /home/kappa/RINS-kappa/workspace/install/custom_messages/include/custom_messages/custom_messages/srv/detail
-- Installing: /home/kappa/RINS-kappa/workspace/install/custom_messages/include/custom_messages/custom_messages/srv/detail/shape__struct.h
-- Installing: /home/kappa/RINS-kappa/workspace/install/custom_messages/include/custom_messages/custom_messages/srv/detail/poses_in_front_of_faces__struct.h
-- Installing: /home/kappa/RINS-kappa/workspace/install/custom_messages/include/custom_messages/custom_messages/srv/detail/shape__functions.h
-- Installing: /home/kappa/RINS-kappa/workspace/install/custom_messages/include/custom_messages/custom_messages/srv/detail/poses_in_front_of_faces__functions.h
-- Installing: /home/kappa/RINS-kappa/workspace/install/custom_messages/include/custom_messages/custom_messages/srv/detail/shape__type_support.h
-- Installing: /home/kappa/RINS-kappa/workspace/install/custom_messages/include/custom_messages/custom_messages/srv/detail/poses_in_front_of_faces__type_support.h
-- Installing: /home/kappa/RINS-kappa/workspace/install/custom_messages/include/custom_messages/custom_messages/srv/detail/poses_in_front_of_faces__functions.c
-- Installing: /home/kappa/RINS-kappa/workspace/install/custom_messages/include/custom_messages/custom_messages/srv/detail/shape__functions.c
-- Installing: /home/kappa/RINS-kappa/workspace/install/custom_messages/include/custom_messages/custom_messages/msg
-- Installing: /home/kappa/RINS-kappa/workspace/install/custom_messages/include/custom_messages/custom_messages/msg/rosidl_generator_c__visibility_control.h
-- Installing: /home/kappa/RINS-kappa/workspace/install/custom_messages/include/custom_messages/custom_messages/msg/face_coordinates.h
-- Installing: /home/kappa/RINS-kappa/workspace/install/custom_messages/include/custom_messages/custom_messages/msg/detail
-- Installing: /home/kappa/RINS-kappa/workspace/install/custom_messages/include/custom_messages/custom_messages/msg/detail/face_coordinates__functions.h
-- Installing: /home/kappa/RINS-kappa/workspace/install/custom_messages/include/custom_messages/custom_messages/msg/detail/face_coordinates__functions.c
-- Installing: /home/kappa/RINS-kappa/workspace/install/custom_messages/include/custom_messages/custom_messages/msg/detail/face_coordinates__type_support.h
-- Installing: /home/kappa/RINS-kappa/workspace/install/custom_messages/include/custom_messages/custom_messages/msg/detail/face_coordinates__struct.h
-- Installing: /home/kappa/RINS-kappa/workspace/install/custom_messages/share/custom_messages/environment/library_path.sh
-- Installing: /home/kappa/RINS-kappa/workspace/install/custom_messages/share/custom_messages/environment/library_path.dsv
-- Installing: /home/kappa/RINS-kappa/workspace/install/custom_messages/lib/libcustom_messages__rosidl_generator_c.so
-- Set runtime path of "/home/kappa/RINS-kappa/workspace/install/custom_messages/lib/libcustom_messages__rosidl_generator_c.so" to ""
-- Up-to-date: /home/kappa/RINS-kappa/workspace/install/custom_messages/include/custom_messages/custom_messages
-- Up-to-date: /home/kappa/RINS-kappa/workspace/install/custom_messages/include/custom_messages/custom_messages/srv
-- Up-to-date: /home/kappa/RINS-kappa/workspace/install/custom_messages/include/custom_messages/custom_messages/srv/detail
-- Installing: /home/kappa/RINS-kappa/workspace/install/custom_messages/include/custom_messages/custom_messages/srv/detail/poses_in_front_of_faces__rosidl_typesupport_fastrtps_c.h
-- Installing: /home/kappa/RINS-kappa/workspace/install/custom_messages/include/custom_messages/custom_messages/srv/detail/shape__rosidl_typesupport_fastrtps_c.h
-- Up-to-date: /home/kappa/RINS-kappa/workspace/install/custom_messages/include/custom_messages/custom_messages/msg
-- Installing: /home/kappa/RINS-kappa/workspace/install/custom_messages/include/custom_messages/custom_messages/msg/rosidl_typesupport_fastrtps_c__visibility_control.h
-- Up-to-date: /home/kappa/RINS-kappa/workspace/install/custom_messages/include/custom_messages/custom_messages/msg/detail
-- Installing: /home/kappa/RINS-kappa/workspace/install/custom_messages/include/custom_messages/custom_messages/msg/detail/face_coordinates__rosidl_typesupport_fastrtps_c.h
-- Installing: /home/kappa/RINS-kappa/workspace/install/custom_messages/lib/libcustom_messages__rosidl_typesupport_fastrtps_c.so
-- Set runtime path of "/home/kappa/RINS-kappa/workspace/install/custom_messages/lib/libcustom_messages__rosidl_typesupport_fastrtps_c.so" to ""
-- Up-to-date: /home/kappa/RINS-kappa/workspace/install/custom_messages/include/custom_messages/custom_messages
-- Up-to-date: /home/kappa/RINS-kappa/workspace/install/custom_messages/include/custom_messages/custom_messages/srv
-- Installing: /home/kappa/RINS-kappa/workspace/install/custom_messages/include/custom_messages/custom_messages/srv/poses_in_front_of_faces.hpp
-- Installing: /home/kappa/RINS-kappa/workspace/install/custom_messages/include/custom_messages/custom_messages/srv/shape.hpp
-- Up-to-date: /home/kappa/RINS-kappa/workspace/install/custom_messages/include/custom_messages/custom_messages/srv/detail
-- Installing: /home/kappa/RINS-kappa/workspace/install/custom_messages/include/custom_messages/custom_messages/srv/detail/poses_in_front_of_faces__struct.hpp
-- Installing: /home/kappa/RINS-kappa/workspace/install/custom_messages/include/custom_messages/custom_messages/srv/detail/poses_in_front_of_faces__builder.hpp
-- Installing: /home/kappa/RINS-kappa/workspace/install/custom_messages/include/custom_messages/custom_messages/srv/detail/shape__struct.hpp
-- Installing: /home/kappa/RINS-kappa/workspace/install/custom_messages/include/custom_messages/custom_messages/srv/detail/shape__builder.hpp
-- Installing: /home/kappa/RINS-kappa/workspace/install/custom_messages/include/custom_messages/custom_messages/srv/detail/poses_in_front_of_faces__type_support.hpp
-- Installing: /home/kappa/RINS-kappa/workspace/install/custom_messages/include/custom_messages/custom_messages/srv/detail/shape__traits.hpp
-- Installing: /home/kappa/RINS-kappa/workspace/install/custom_messages/include/custom_messages/custom_messages/srv/detail/poses_in_front_of_faces__traits.hpp
-- Installing: /home/kappa/RINS-kappa/workspace/install/custom_messages/include/custom_messages/custom_messages/srv/detail/shape__type_support.hpp
-- Up-to-date: /home/kappa/RINS-kappa/workspace/install/custom_messages/include/custom_messages/custom_messages/msg
-- Installing: /home/kappa/RINS-kappa/workspace/install/custom_messages/include/custom_messages/custom_messages/msg/rosidl_generator_cpp__visibility_control.hpp
-- Up-to-date: /home/kappa/RINS-kappa/workspace/install/custom_messages/include/custom_messages/custom_messages/msg/detail
-- Installing: /home/kappa/RINS-kappa/workspace/install/custom_messages/include/custom_messages/custom_messages/msg/detail/face_coordinates__struct.hpp
-- Installing: /home/kappa/RINS-kappa/workspace/install/custom_messages/include/custom_messages/custom_messages/msg/detail/face_coordinates__traits.hpp
-- Installing: /home/kappa/RINS-kappa/workspace/install/custom_messages/include/custom_messages/custom_messages/msg/detail/face_coordinates__type_support.hpp
-- Installing: /home/kappa/RINS-kappa/workspace/install/custom_messages/include/custom_messages/custom_messages/msg/detail/face_coordinates__builder.hpp
-- Installing: /home/kappa/RINS-kappa/workspace/install/custom_messages/include/custom_messages/custom_messages/msg/face_coordinates.hpp
-- Up-to-date: /home/kappa/RINS-kappa/workspace/install/custom_messages/include/custom_messages/custom_messages
-- Up-to-date: /home/kappa/RINS-kappa/workspace/install/custom_messages/include/custom_messages/custom_messages/srv
-- Up-to-date: /home/kappa/RINS-kappa/workspace/install/custom_messages/include/custom_messages/custom_messages/srv/detail
-- Installing: /home/kappa/RINS-kappa/workspace/install/custom_messages/include/custom_messages/custom_messages/srv/detail/shape__rosidl_typesupport_fastrtps_cpp.hpp
-- Installing: /home/kappa/RINS-kappa/workspace/install/custom_messages/include/custom_messages/custom_messages/srv/detail/dds_fastrtps
-- Installing: /home/kappa/RINS-kappa/workspace/install/custom_messages/include/custom_messages/custom_messages/srv/detail/poses_in_front_of_faces__rosidl_typesupport_fastrtps_cpp.hpp
-- Up-to-date: /home/kappa/RINS-kappa/workspace/install/custom_messages/include/custom_messages/custom_messages/msg
-- Installing: /home/kappa/RINS-kappa/workspace/install/custom_messages/include/custom_messages/custom_messages/msg/rosidl_typesupport_fastrtps_cpp__visibility_control.h
-- Up-to-date: /home/kappa/RINS-kappa/workspace/install/custom_messages/include/custom_messages/custom_messages/msg/detail
-- Installing: /home/kappa/RINS-kappa/workspace/install/custom_messages/include/custom_messages/custom_messages/msg/detail/dds_fastrtps
-- Installing: /home/kappa/RINS-kappa/workspace/install/custom_messages/include/custom_messages/custom_messages/msg/detail/face_coordinates__rosidl_typesupport_fastrtps_cpp.hpp
-- Installing: /home/kappa/RINS-kappa/workspace/install/custom_messages/lib/libcustom_messages__rosidl_typesupport_fastrtps_cpp.so
-- Set runtime path of "/home/kappa/RINS-kappa/workspace/install/custom_messages/lib/libcustom_messages__rosidl_typesupport_fastrtps_cpp.so" to ""
-- Up-to-date: /home/kappa/RINS-kappa/workspace/install/custom_messages/include/custom_messages/custom_messages
-- Up-to-date: /home/kappa/RINS-kappa/workspace/install/custom_messages/include/custom_messages/custom_messages/srv
-- Up-to-date: /home/kappa/RINS-kappa/workspace/install/custom_messages/include/custom_messages/custom_messages/srv/detail
-- Installing: /home/kappa/RINS-kappa/workspace/install/custom_messages/include/custom_messages/custom_messages/srv/detail/poses_in_front_of_faces__rosidl_typesupport_introspection_c.h
-- Installing: /home/kappa/RINS-kappa/workspace/install/custom_messages/include/custom_messages/custom_messages/srv/detail/shape__rosidl_typesupport_introspection_c.h
-- Installing: /home/kappa/RINS-kappa/workspace/install/custom_messages/include/custom_messages/custom_messages/srv/detail/poses_in_front_of_faces__type_support.c
-- Installing: /home/kappa/RINS-kappa/workspace/install/custom_messages/include/custom_messages/custom_messages/srv/detail/shape__type_support.c
-- Up-to-date: /home/kappa/RINS-kappa/workspace/install/custom_messages/include/custom_messages/custom_messages/msg
-- Installing: /home/kappa/RINS-kappa/workspace/install/custom_messages/include/custom_messages/custom_messages/msg/rosidl_typesupport_introspection_c__visibility_control.h
-- Up-to-date: /home/kappa/RINS-kappa/workspace/install/custom_messages/include/custom_messages/custom_messages/msg/detail
-- Installing: /home/kappa/RINS-kappa/workspace/install/custom_messages/include/custom_messages/custom_messages/msg/detail/face_coordinates__type_support.c
-- Installing: /home/kappa/RINS-kappa/workspace/install/custom_messages/include/custom_messages/custom_messages/msg/detail/face_coordinates__rosidl_typesupport_introspection_c.h
-- Installing: /home/kappa/RINS-kappa/workspace/install/custom_messages/lib/libcustom_messages__rosidl_typesupport_introspection_c.so
-- Set runtime path of "/home/kappa/RINS-kappa/workspace/install/custom_messages/lib/libcustom_messages__rosidl_typesupport_introspection_c.so" to ""
-- Installing: /home/kappa/RINS-kappa/workspace/install/custom_messages/lib/libcustom_messages__rosidl_typesupport_c.so
-- Set runtime path of "/home/kappa/RINS-kappa/workspace/install/custom_messages/lib/libcustom_messages__rosidl_typesupport_c.so" to ""
-- Up-to-date: /home/kappa/RINS-kappa/workspace/install/custom_messages/include/custom_messages/custom_messages
-- Up-to-date: /home/kappa/RINS-kappa/workspace/install/custom_messages/include/custom_messages/custom_messages/srv
-- Up-to-date: /home/kappa/RINS-kappa/workspace/install/custom_messages/include/custom_messages/custom_messages/srv/detail
-- Installing: /home/kappa/RINS-kappa/workspace/install/custom_messages/include/custom_messages/custom_messages/srv/detail/shape__type_support.cpp
-- Installing: /home/kappa/RINS-kappa/workspace/install/custom_messages/include/custom_messages/custom_messages/srv/detail/poses_in_front_of_faces__rosidl_typesupport_introspection_cpp.hpp
-- Installing: /home/kappa/RINS-kappa/workspace/install/custom_messages/include/custom_messages/custom_messages/srv/detail/poses_in_front_of_faces__type_support.cpp
-- Installing: /home/kappa/RINS-kappa/workspace/install/custom_messages/include/custom_messages/custom_messages/srv/detail/shape__rosidl_typesupport_introspection_cpp.hpp
-- Up-to-date: /home/kappa/RINS-kappa/workspace/install/custom_messages/include/custom_messages/custom_messages/msg
-- Up-to-date: /home/kappa/RINS-kappa/workspace/install/custom_messages/include/custom_messages/custom_messages/msg/detail
-- Installing: /home/kappa/RINS-kappa/workspace/install/custom_messages/include/custom_messages/custom_messages/msg/detail/face_coordinates__rosidl_typesupport_introspection_cpp.hpp
-- Installing: /home/kappa/RINS-kappa/workspace/install/custom_messages/include/custom_messages/custom_messages/msg/detail/face_coordinates__type_support.cpp
-- Installing: /home/kappa/RINS-kappa/workspace/install/custom_messages/lib/libcustom_messages__rosidl_typesupport_introspection_cpp.so
-- Set runtime path of "/home/kappa/RINS-kappa/workspace/install/custom_messages/lib/libcustom_messages__rosidl_typesupport_introspection_cpp.so" to ""
-- Installing: /home/kappa/RINS-kappa/workspace/install/custom_messages/lib/libcustom_messages__rosidl_typesupport_cpp.so
-- Set runtime path of "/home/kappa/RINS-kappa/workspace/install/custom_messages/lib/libcustom_messages__rosidl_typesupport_cpp.so" to ""
-- Installing: /home/kappa/RINS-kappa/workspace/install/custom_messages/share/custom_messages/environment/pythonpath.sh
-- Installing: /home/kappa/RINS-kappa/workspace/install/custom_messages/share/custom_messages/environment/pythonpath.dsv
-- Installing: /home/kappa/RINS-kappa/workspace/install/custom_messages/local/lib/python3.10/dist-packages/custom_messages-0.0.0-py3.10.egg-info
-- Installing: /home/kappa/RINS-kappa/workspace/install/custom_messages/local/lib/python3.10/dist-packages/custom_messages-0.0.0-py3.10.egg-info/SOURCES.txt
-- Installing: /home/kappa/RINS-kappa/workspace/install/custom_messages/local/lib/python3.10/dist-packages/custom_messages-0.0.0-py3.10.egg-info/top_level.txt
-- Installing: /home/kappa/RINS-kappa/workspace/install/custom_messages/local/lib/python3.10/dist-packages/custom_messages-0.0.0-py3.10.egg-info/PKG-INFO
-- Installing: /home/kappa/RINS-kappa/workspace/install/custom_messages/local/lib/python3.10/dist-packages/custom_messages-0.0.0-py3.10.egg-info/dependency_links.txt
-- Installing: /home/kappa/RINS-kappa/workspace/install/custom_messages/local/lib/python3.10/dist-packages/custom_messages
-- Installing: /home/kappa/RINS-kappa/workspace/install/custom_messages/local/lib/python3.10/dist-packages/custom_messages/_custom_messages_s.ep.rosidl_typesupport_introspection_c.c
-- Installing: /home/kappa/RINS-kappa/workspace/install/custom_messages/local/lib/python3.10/dist-packages/custom_messages/srv
-- Installing: /home/kappa/RINS-kappa/workspace/install/custom_messages/local/lib/python3.10/dist-packages/custom_messages/srv/_poses_in_front_of_faces.py
-- Installing: /home/kappa/RINS-kappa/workspace/install/custom_messages/local/lib/python3.10/dist-packages/custom_messages/srv/__init__.py
-- Installing: /home/kappa/RINS-kappa/workspace/install/custom_messages/local/lib/python3.10/dist-packages/custom_messages/srv/_shape.py
-- Installing: /home/kappa/RINS-kappa/workspace/install/custom_messages/local/lib/python3.10/dist-packages/custom_messages/srv/_poses_in_front_of_faces_s.c
-- Installing: /home/kappa/RINS-kappa/workspace/install/custom_messages/local/lib/python3.10/dist-packages/custom_messages/srv/_shape_s.c
-- Installing: /home/kappa/RINS-kappa/workspace/install/custom_messages/local/lib/python3.10/dist-packages/custom_messages/__init__.py
-- Installing: /home/kappa/RINS-kappa/workspace/install/custom_messages/local/lib/python3.10/dist-packages/custom_messages/custom_messages_s__rosidl_typesupport_introspection_c.cpython-310-x86_64-linux-gnu.so
-- Installing: /home/kappa/RINS-kappa/workspace/install/custom_messages/local/lib/python3.10/dist-packages/custom_messages/libcustom_messages__rosidl_generator_py.so
-- Installing: /home/kappa/RINS-kappa/workspace/install/custom_messages/local/lib/python3.10/dist-packages/custom_messages/msg
-- Installing: /home/kappa/RINS-kappa/workspace/install/custom_messages/local/lib/python3.10/dist-packages/custom_messages/msg/__init__.py
-- Installing: /home/kappa/RINS-kappa/workspace/install/custom_messages/local/lib/python3.10/dist-packages/custom_messages/msg/_face_coordinates_s.c
-- Installing: /home/kappa/RINS-kappa/workspace/install/custom_messages/local/lib/python3.10/dist-packages/custom_messages/msg/_face_coordinates.py
-- Installing: /home/kappa/RINS-kappa/workspace/install/custom_messages/local/lib/python3.10/dist-packages/custom_messages/_custom_messages_s.ep.rosidl_typesupport_fastrtps_c.c
-- Installing: /home/kappa/RINS-kappa/workspace/install/custom_messages/local/lib/python3.10/dist-packages/custom_messages/custom_messages_s__rosidl_typesupport_c.cpython-310-x86_64-linux-gnu.so
-- Installing: /home/kappa/RINS-kappa/workspace/install/custom_messages/local/lib/python3.10/dist-packages/custom_messages/_custom_messages_s.ep.rosidl_typesupport_c.c
-- Installing: /home/kappa/RINS-kappa/workspace/install/custom_messages/local/lib/python3.10/dist-packages/custom_messages/custom_messages_s__rosidl_typesupport_fastrtps_c.cpython-310-x86_64-linux-gnu.so
Listing '/home/kappa/RINS-kappa/workspace/install/custom_messages/local/lib/python3.10/dist-packages/custom_messages'...
Compiling '/home/kappa/RINS-kappa/workspace/install/custom_messages/local/lib/python3.10/dist-packages/custom_messages/__init__.py'...
Listing '/home/kappa/RINS-kappa/workspace/install/custom_messages/local/lib/python3.10/dist-packages/custom_messages/msg'...
Compiling '/home/kappa/RINS-kappa/workspace/install/custom_messages/local/lib/python3.10/dist-packages/custom_messages/msg/__init__.py'...
Compiling '/home/kappa/RINS-kappa/workspace/install/custom_messages/local/lib/python3.10/dist-packages/custom_messages/msg/_face_coordinates.py'...
Listing '/home/kappa/RINS-kappa/workspace/install/custom_messages/local/lib/python3.10/dist-packages/custom_messages/srv'...
Compiling '/home/kappa/RINS-kappa/workspace/install/custom_messages/local/lib/python3.10/dist-packages/custom_messages/srv/__init__.py'...
Compiling '/home/kappa/RINS-kappa/workspace/install/custom_messages/local/lib/python3.10/dist-packages/custom_messages/srv/_poses_in_front_of_faces.py'...
Compiling '/home/kappa/RINS-kappa/workspace/install/custom_messages/local/lib/python3.10/dist-packages/custom_messages/srv/_shape.py'...
-- Installing: /home/kappa/RINS-kappa/workspace/install/custom_messages/local/lib/python3.10/dist-packages/custom_messages/custom_messages_s__rosidl_typesupport_fastrtps_c.cpython-310-x86_64-linux-gnu.so
-- Set runtime path of "/home/kappa/RINS-kappa/workspace/install/custom_messages/local/lib/python3.10/dist-packages/custom_messages/custom_messages_s__rosidl_typesupport_fastrtps_c.cpython-310-x86_64-linux-gnu.so" to ""
-- Installing: /home/kappa/RINS-kappa/workspace/install/custom_messages/local/lib/python3.10/dist-packages/custom_messages/custom_messages_s__rosidl_typesupport_introspection_c.cpython-310-x86_64-linux-gnu.so
-- Set runtime path of "/home/kappa/RINS-kappa/workspace/install/custom_messages/local/lib/python3.10/dist-packages/custom_messages/custom_messages_s__rosidl_typesupport_introspection_c.cpython-310-x86_64-linux-gnu.so" to ""
-- Installing: /home/kappa/RINS-kappa/workspace/install/custom_messages/local/lib/python3.10/dist-packages/custom_messages/custom_messages_s__rosidl_typesupport_c.cpython-310-x86_64-linux-gnu.so
-- Set runtime path of "/home/kappa/RINS-kappa/workspace/install/custom_messages/local/lib/python3.10/dist-packages/custom_messages/custom_messages_s__rosidl_typesupport_c.cpython-310-x86_64-linux-gnu.so" to ""
-- Installing: /home/kappa/RINS-kappa/workspace/install/custom_messages/lib/libcustom_messages__rosidl_generator_py.so
-- Set runtime path of "/home/kappa/RINS-kappa/workspace/install/custom_messages/lib/libcustom_messages__rosidl_generator_py.so" to ""
-- Installing: /home/kappa/RINS-kappa/workspace/install/custom_messages/share/custom_messages/msg/FaceCoordinates.idl
-- Installing: /home/kappa/RINS-kappa/workspace/install/custom_messages/share/custom_messages/srv/Shape.idl
-- Installing: /home/kappa/RINS-kappa/workspace/install/custom_messages/share/custom_messages/srv/PosesInFrontOfFaces.idl
-- Installing: /home/kappa/RINS-kappa/workspace/install/custom_messages/share/custom_messages/msg/FaceCoordinates.msg
-- Installing: /home/kappa/RINS-kappa/workspace/install/custom_messages/share/custom_messages/srv/Shape.srv
-- Installing: /home/kappa/RINS-kappa/workspace/install/custom_messages/share/custom_messages/srv/Shape_Request.msg
-- Installing: /home/kappa/RINS-kappa/workspace/install/custom_messages/share/custom_messages/srv/Shape_Response.msg
-- Installing: /home/kappa/RINS-kappa/workspace/install/custom_messages/share/custom_messages/srv/PosesInFrontOfFaces.srv
-- Installing: /home/kappa/RINS-kappa/workspace/install/custom_messages/share/custom_messages/srv/PosesInFrontOfFaces_Request.msg
-- Installing: /home/kappa/RINS-kappa/workspace/install/custom_messages/share/custom_messages/srv/PosesInFrontOfFaces_Response.msg
-- Installing: /home/kappa/RINS-kappa/workspace/install/custom_messages/share/ament_index/resource_index/package_run_dependencies/custom_messages
-- Installing: /home/kappa/RINS-kappa/workspace/install/custom_messages/share/ament_index/resource_index/parent_prefix_path/custom_messages
-- Installing: /home/kappa/RINS-kappa/workspace/install/custom_messages/share/custom_messages/environment/ament_prefix_path.sh
-- Installing: /home/kappa/RINS-kappa/workspace/install/custom_messages/share/custom_messages/environment/ament_prefix_path.dsv
-- Installing: /home/kappa/RINS-kappa/workspace/install/custom_messages/share/custom_messages/environment/path.sh
-- Installing: /home/kappa/RINS-kappa/workspace/install/custom_messages/share/custom_messages/environment/path.dsv
-- Installing: /home/kappa/RINS-kappa/workspace/install/custom_messages/share/custom_messages/local_setup.bash
-- Installing: /home/kappa/RINS-kappa/workspace/install/custom_messages/share/custom_messages/local_setup.sh
-- Installing: /home/kappa/RINS-kappa/workspace/install/custom_messages/share/custom_messages/local_setup.zsh
-- Installing: /home/kappa/RINS-kappa/workspace/install/custom_messages/share/custom_messages/local_setup.dsv
-- Installing: /home/kappa/RINS-kappa/workspace/install/custom_messages/share/custom_messages/package.dsv
-- Installing: /home/kappa/RINS-kappa/workspace/install/custom_messages/share/ament_index/resource_index/packages/custom_messages
-- Installing: /home/kappa/RINS-kappa/workspace/install/custom_messages/share/custom_messages/cmake/export_custom_messages__rosidl_generator_cExport.cmake
-- Installing: /home/kappa/RINS-kappa/workspace/install/custom_messages/share/custom_messages/cmake/export_custom_messages__rosidl_generator_cExport-noconfig.cmake
-- Installing: /home/kappa/RINS-kappa/workspace/install/custom_messages/share/custom_messages/cmake/export_custom_messages__rosidl_typesupport_fastrtps_cExport.cmake
-- Installing: /home/kappa/RINS-kappa/workspace/install/custom_messages/share/custom_messages/cmake/export_custom_messages__rosidl_typesupport_fastrtps_cExport-noconfig.cmake
-- Installing: /home/kappa/RINS-kappa/workspace/install/custom_messages/share/custom_messages/cmake/export_custom_messages__rosidl_generator_cppExport.cmake
-- Installing: /home/kappa/RINS-kappa/workspace/install/custom_messages/share/custom_messages/cmake/export_custom_messages__rosidl_typesupport_fastrtps_cppExport.cmake
-- Installing: /home/kappa/RINS-kappa/workspace/install/custom_messages/share/custom_messages/cmake/export_custom_messages__rosidl_typesupport_fastrtps_cppExport-noconfig.cmake
-- Installing: /home/kappa/RINS-kappa/workspace/install/custom_messages/share/custom_messages/cmake/custom_messages__rosidl_typesupport_introspection_cExport.cmake
-- Installing: /home/kappa/RINS-kappa/workspace/install/custom_messages/share/custom_messages/cmake/custom_messages__rosidl_typesupport_introspection_cExport-noconfig.cmake
-- Installing: /home/kappa/RINS-kappa/workspace/install/custom_messages/share/custom_messages/cmake/custom_messages__rosidl_typesupport_cExport.cmake
-- Installing: /home/kappa/RINS-kappa/workspace/install/custom_messages/share/custom_messages/cmake/custom_messages__rosidl_typesupport_cExport-noconfig.cmake
-- Installing: /home/kappa/RINS-kappa/workspace/install/custom_messages/share/custom_messages/cmake/custom_messages__rosidl_typesupport_introspection_cppExport.cmake
-- Installing: /home/kappa/RINS-kappa/workspace/install/custom_messages/share/custom_messages/cmake/custom_messages__rosidl_typesupport_introspection_cppExport-noconfig.cmake
-- Installing: /home/kappa/RINS-kappa/workspace/install/custom_messages/share/custom_messages/cmake/custom_messages__rosidl_typesupport_cppExport.cmake
-- Installing: /home/kappa/RINS-kappa/workspace/install/custom_messages/share/custom_messages/cmake/custom_messages__rosidl_typesupport_cppExport-noconfig.cmake
-- Installing: /home/kappa/RINS-kappa/workspace/install/custom_messages/share/custom_messages/cmake/export_custom_messages__rosidl_generator_pyExport.cmake
-- Installing: /home/kappa/RINS-kappa/workspace/install/custom_messages/share/custom_messages/cmake/export_custom_messages__rosidl_generator_pyExport-noconfig.cmake
-- Installing: /home/kappa/RINS-kappa/workspace/install/custom_messages/share/custom_messages/cmake/rosidl_cmake-extras.cmake
-- Installing: /home/kappa/RINS-kappa/workspace/install/custom_messages/share/custom_messages/cmake/ament_cmake_export_dependencies-extras.cmake
-- Installing: /home/kappa/RINS-kappa/workspace/install/custom_messages/share/custom_messages/cmake/ament_cmake_export_include_directories-extras.cmake
-- Installing: /home/kappa/RINS-kappa/workspace/install/custom_messages/share/custom_messages/cmake/ament_cmake_export_libraries-extras.cmake
-- Installing: /home/kappa/RINS-kappa/workspace/install/custom_messages/share/custom_messages/cmake/ament_cmake_export_targets-extras.cmake
-- Installing: /home/kappa/RINS-kappa/workspace/install/custom_messages/share/custom_messages/cmake/rosidl_cmake_export_typesupport_targets-extras.cmake
-- Installing: /home/kappa/RINS-kappa/workspace/install/custom_messages/share/custom_messages/cmake/rosidl_cmake_export_typesupport_libraries-extras.cmake
-- Installing: /home/kappa/RINS-kappa/workspace/install/custom_messages/share/custom_messages/cmake/custom_messagesConfig.cmake
-- Installing: /home/kappa/RINS-kappa/workspace/install/custom_messages/share/custom_messages/cmake/custom_messagesConfig-version.cmake
-- Installing: /home/kappa/RINS-kappa/workspace/install/custom_messages/share/custom_messages/package.xml
