[0.016s] Invoking command in '/home/kappa/RINS-kappa/workspace/build/custom_messages': CMAKE_PREFIX_PATH=/opt/ros/humble /usr/bin/cmake /home/kappa/RINS-kappa/workspace/src/custom_messages -DCMAKE_INSTALL_PREFIX=/home/kappa/RINS-kappa/workspace/install/custom_messages
[0.194s] -- The C compiler identification is GNU 11.4.0
[0.194s] -- The CXX compiler identification is GNU 11.4.0
[0.194s] -- Detecting C compiler ABI info
[0.194s] -- Detecting C compiler ABI info - done
[0.194s] -- Check for working C compiler: /usr/bin/cc - skipped
[0.194s] -- Detecting C compile features
[0.194s] -- Detecting C compile features - done
[0.194s] -- Detecting CXX compiler ABI info
[0.194s] -- Detecting CXX compiler ABI info - done
[0.195s] -- Check for working CXX compiler: /usr/bin/c++ - skipped
[0.195s] -- Detecting CXX compile features
[0.195s] -- Detecting CXX compile features - done
[0.196s] -- Found ament_cmake: 1.3.11 (/opt/ros/humble/share/ament_cmake/cmake)
[0.306s] -- Found Python3: /usr/bin/python3 (found version "3.10.12") found components: Interpreter 
[0.370s] -- Found geometry_msgs: 4.2.4 (/opt/ros/humble/share/geometry_msgs/cmake)
[0.398s] -- Found rosidl_generator_c: 3.1.6 (/opt/ros/humble/share/rosidl_generator_c/cmake)
[0.402s] -- Found rosidl_adapter: 3.1.6 (/opt/ros/humble/share/rosidl_adapter/cmake)
[0.409s] -- Found rosidl_generator_cpp: 3.1.6 (/opt/ros/humble/share/rosidl_generator_cpp/cmake)
[0.418s] -- Using all available rosidl_typesupport_c: rosidl_typesupport_fastrtps_c;rosidl_typesupport_introspection_c
[0.431s] -- Using all available rosidl_typesupport_cpp: rosidl_typesupport_fastrtps_cpp;rosidl_typesupport_introspection_cpp
[0.465s] -- Found rosidl_default_generators: 1.2.0 (/opt/ros/humble/share/rosidl_default_generators/cmake)
[0.471s] -- Found visualization_msgs: 4.2.4 (/opt/ros/humble/share/visualization_msgs/cmake)
[0.742s] -- Found ament_cmake_ros: 0.10.0 (/opt/ros/humble/share/ament_cmake_ros/cmake)
[1.120s] -- Using all available rosidl_typesupport_c: rosidl_typesupport_fastrtps_c;rosidl_typesupport_introspection_c
[1.253s] -- Using all available rosidl_typesupport_cpp: rosidl_typesupport_fastrtps_cpp;rosidl_typesupport_introspection_cpp
[1.267s] -- Found PythonInterp: /usr/bin/python3 (found suitable version "3.10.12", minimum required is "3.6") 
[1.268s] -- Found python_cmake_module: 0.10.0 (/opt/ros/humble/share/python_cmake_module/cmake)
[1.285s] -- Found PythonLibs: /usr/lib/x86_64-linux-gnu/libpython3.10.so (found suitable version "3.10.12", minimum required is "3.5") 
[1.285s] -- Using PYTHON_EXECUTABLE: /usr/bin/python3
[1.285s] -- Using PYTHON_INCLUDE_DIRS: /usr/include/python3.10
[1.285s] -- Using PYTHON_LIBRARIES: /usr/lib/x86_64-linux-gnu/libpython3.10.so
[1.299s] -- Found PythonExtra: .so  
[1.348s] -- Found ament_lint_auto: 0.12.11 (/opt/ros/humble/share/ament_lint_auto/cmake)
[1.359s] -- Added test 'lint_cmake' to check CMake code style
[1.359s] -- Added test 'xmllint' to check XML markup files
[1.361s] -- Configuring done
[1.385s] -- Generating done
[1.397s] -- Build files have been written to: /home/kappa/RINS-kappa/workspace/build/custom_messages
[1.404s] Invoked command in '/home/kappa/RINS-kappa/workspace/build/custom_messages' returned '0': CMAKE_PREFIX_PATH=/opt/ros/humble /usr/bin/cmake /home/kappa/RINS-kappa/workspace/src/custom_messages -DCMAKE_INSTALL_PREFIX=/home/kappa/RINS-kappa/workspace/install/custom_messages
[1.406s] Invoking command in '/home/kappa/RINS-kappa/workspace/build/custom_messages': CMAKE_PREFIX_PATH=/opt/ros/humble /usr/bin/cmake --build /home/kappa/RINS-kappa/workspace/build/custom_messages -- -j16 -l16
[1.430s] [  2%] [34m[1mGenerating C code for ROS interfaces[0m
[1.436s] [  4%] [34m[1mGenerating C++ code for ROS interfaces[0m
[1.440s] [  4%] Built target ament_cmake_python_copy_custom_messages
[1.668s] running egg_info
[1.669s] creating custom_messages.egg-info
[1.669s] writing custom_messages.egg-info/PKG-INFO
[1.669s] writing dependency_links to custom_messages.egg-info/dependency_links.txt
[1.669s] writing top-level names to custom_messages.egg-info/top_level.txt
[1.669s] writing manifest file 'custom_messages.egg-info/SOURCES.txt'
[1.671s] reading manifest file 'custom_messages.egg-info/SOURCES.txt'
[1.671s] writing manifest file 'custom_messages.egg-info/SOURCES.txt'
[1.694s] [  4%] Built target ament_cmake_python_build_custom_messages_egg
[1.824s] [  6%] [32mBuilding C object CMakeFiles/custom_messages__rosidl_generator_c.dir/rosidl_generator_c/custom_messages/msg/detail/face_coordinates__functions.c.o[0m
[1.824s] [  6%] Built target custom_messages__cpp
[1.826s] [  8%] [32mBuilding C object CMakeFiles/custom_messages__rosidl_generator_c.dir/rosidl_generator_c/custom_messages/srv/detail/poses_in_front_of_faces__functions.c.o[0m
[1.826s] [ 10%] [32mBuilding C object CMakeFiles/custom_messages__rosidl_generator_c.dir/rosidl_generator_c/custom_messages/srv/detail/shape__functions.c.o[0m
[1.834s] [ 14%] [34m[1mGenerating C++ type support for eProsima Fast-RTPS[0m
[1.834s] [ 14%] [34m[1mGenerating C++ introspection for ROS interfaces[0m
[1.835s] [ 17%] [34m[1mGenerating C++ type support dispatch for ROS interfaces[0m
[1.897s] [ 19%] [32m[1mLinking C shared library libcustom_messages__rosidl_generator_c.so[0m
[1.932s] [ 19%] Built target custom_messages__rosidl_generator_c
[1.942s] [ 21%] [34m[1mGenerating C introspection for ROS interfaces[0m
[1.943s] [ 23%] [34m[1mGenerating C type support for eProsima Fast-RTPS[0m
[1.943s] [ 25%] [34m[1mGenerating C type support dispatch for ROS interfaces[0m
[2.230s] [ 27%] [32mBuilding CXX object CMakeFiles/custom_messages__rosidl_typesupport_introspection_cpp.dir/rosidl_typesupport_introspection_cpp/custom_messages/msg/detail/face_coordinates__type_support.cpp.o[0m
[2.231s] [ 31%] [32mBuilding CXX object CMakeFiles/custom_messages__rosidl_typesupport_introspection_cpp.dir/rosidl_typesupport_introspection_cpp/custom_messages/srv/detail/poses_in_front_of_faces__type_support.cpp.o[0m
[2.231s] [ 31%] [32mBuilding CXX object CMakeFiles/custom_messages__rosidl_typesupport_introspection_cpp.dir/rosidl_typesupport_introspection_cpp/custom_messages/srv/detail/shape__type_support.cpp.o[0m
[2.319s] [ 34%] [32mBuilding CXX object CMakeFiles/custom_messages__rosidl_typesupport_cpp.dir/rosidl_typesupport_cpp/custom_messages/msg/face_coordinates__type_support.cpp.o[0m
[2.320s] [ 36%] [32mBuilding CXX object CMakeFiles/custom_messages__rosidl_typesupport_cpp.dir/rosidl_typesupport_cpp/custom_messages/srv/shape__type_support.cpp.o[0m
[2.333s] [ 38%] [32mBuilding CXX object CMakeFiles/custom_messages__rosidl_typesupport_cpp.dir/rosidl_typesupport_cpp/custom_messages/srv/poses_in_front_of_faces__type_support.cpp.o[0m
[2.367s] [ 40%] [32mBuilding CXX object CMakeFiles/custom_messages__rosidl_typesupport_fastrtps_cpp.dir/rosidl_typesupport_fastrtps_cpp/custom_messages/srv/detail/dds_fastrtps/poses_in_front_of_faces__type_support.cpp.o[0m
[2.371s] [ 42%] [32mBuilding CXX object CMakeFiles/custom_messages__rosidl_typesupport_fastrtps_cpp.dir/rosidl_typesupport_fastrtps_cpp/custom_messages/msg/detail/dds_fastrtps/face_coordinates__type_support.cpp.o[0m
[2.379s] [ 44%] [32mBuilding CXX object CMakeFiles/custom_messages__rosidl_typesupport_fastrtps_cpp.dir/rosidl_typesupport_fastrtps_cpp/custom_messages/srv/detail/dds_fastrtps/shape__type_support.cpp.o[0m
[2.460s] [ 46%] [32mBuilding CXX object CMakeFiles/custom_messages__rosidl_typesupport_c.dir/rosidl_typesupport_c/custom_messages/msg/face_coordinates__type_support.cpp.o[0m
[2.479s] [ 48%] [32mBuilding CXX object CMakeFiles/custom_messages__rosidl_typesupport_c.dir/rosidl_typesupport_c/custom_messages/srv/shape__type_support.cpp.o[0m
[2.479s] [ 51%] [32mBuilding CXX object CMakeFiles/custom_messages__rosidl_typesupport_c.dir/rosidl_typesupport_c/custom_messages/srv/poses_in_front_of_faces__type_support.cpp.o[0m
[2.526s] [ 53%] [32mBuilding C object CMakeFiles/custom_messages__rosidl_typesupport_introspection_c.dir/rosidl_typesupport_introspection_c/custom_messages/msg/detail/face_coordinates__type_support.c.o[0m
[2.529s] [ 55%] [32mBuilding C object CMakeFiles/custom_messages__rosidl_typesupport_introspection_c.dir/rosidl_typesupport_introspection_c/custom_messages/srv/detail/shape__type_support.c.o[0m
[2.534s] [ 57%] [32mBuilding C object CMakeFiles/custom_messages__rosidl_typesupport_introspection_c.dir/rosidl_typesupport_introspection_c/custom_messages/srv/detail/poses_in_front_of_faces__type_support.c.o[0m
[2.569s] [ 59%] [32m[1mLinking CXX shared library libcustom_messages__rosidl_typesupport_c.so[0m
[2.648s] [ 61%] [32m[1mLinking C shared library libcustom_messages__rosidl_typesupport_introspection_c.so[0m
[2.675s] [ 61%] Built target custom_messages__rosidl_typesupport_c
[2.746s] [ 61%] Built target custom_messages__rosidl_typesupport_introspection_c
[2.788s] [ 63%] [32mBuilding CXX object CMakeFiles/custom_messages__rosidl_typesupport_fastrtps_c.dir/rosidl_typesupport_fastrtps_c/custom_messages/msg/detail/face_coordinates__type_support_c.cpp.o[0m
[2.793s] [ 65%] [32mBuilding CXX object CMakeFiles/custom_messages__rosidl_typesupport_fastrtps_c.dir/rosidl_typesupport_fastrtps_c/custom_messages/srv/detail/shape__type_support_c.cpp.o[0m
[2.794s] [ 68%] [32mBuilding CXX object CMakeFiles/custom_messages__rosidl_typesupport_fastrtps_c.dir/rosidl_typesupport_fastrtps_c/custom_messages/srv/detail/poses_in_front_of_faces__type_support_c.cpp.o[0m
[3.087s] [ 70%] [32m[1mLinking CXX shared library libcustom_messages__rosidl_typesupport_cpp.so[0m
[3.184s] [ 70%] Built target custom_messages__rosidl_typesupport_cpp
[3.285s] [ 72%] [32m[1mLinking CXX shared library libcustom_messages__rosidl_typesupport_introspection_cpp.so[0m
[3.464s] [ 72%] Built target custom_messages__rosidl_typesupport_introspection_cpp
[3.499s] [ 74%] [32m[1mLinking CXX shared library libcustom_messages__rosidl_typesupport_fastrtps_cpp.so[0m
[3.524s] [ 76%] [32m[1mLinking CXX shared library libcustom_messages__rosidl_typesupport_fastrtps_c.so[0m
[3.629s] [ 76%] Built target custom_messages__rosidl_typesupport_fastrtps_cpp
[3.659s] [ 76%] Built target custom_messages__rosidl_typesupport_fastrtps_c
[3.684s] [ 76%] Built target custom_messages
[3.713s] [ 78%] [34m[1mGenerating Python code for ROS interfaces[0m
[4.231s] [ 78%] Built target custom_messages__py
[4.249s] [ 80%] [32mBuilding C object CMakeFiles/custom_messages__rosidl_generator_py.dir/rosidl_generator_py/custom_messages/msg/_face_coordinates_s.c.o[0m
[4.251s] [ 85%] [32mBuilding C object CMakeFiles/custom_messages__rosidl_generator_py.dir/rosidl_generator_py/custom_messages/srv/_poses_in_front_of_faces_s.c.o[0m
[4.251s] [ 85%] [32mBuilding C object CMakeFiles/custom_messages__rosidl_generator_py.dir/rosidl_generator_py/custom_messages/srv/_shape_s.c.o[0m
[4.393s] [ 87%] [32m[1mLinking C shared library rosidl_generator_py/custom_messages/libcustom_messages__rosidl_generator_py.so[0m
[4.446s] [ 87%] Built target custom_messages__rosidl_generator_py
[4.472s] [ 93%] [32mBuilding C object CMakeFiles/custom_messages__rosidl_typesupport_c__pyext.dir/rosidl_generator_py/custom_messages/_custom_messages_s.ep.rosidl_typesupport_c.c.o[0m
[4.473s] [ 93%] [32mBuilding C object CMakeFiles/custom_messages__rosidl_typesupport_introspection_c__pyext.dir/rosidl_generator_py/custom_messages/_custom_messages_s.ep.rosidl_typesupport_introspection_c.c.o[0m
[4.473s] [ 93%] [32mBuilding C object CMakeFiles/custom_messages__rosidl_typesupport_fastrtps_c__pyext.dir/rosidl_generator_py/custom_messages/_custom_messages_s.ep.rosidl_typesupport_fastrtps_c.c.o[0m
[4.581s] [ 95%] [32m[1mLinking C shared library rosidl_generator_py/custom_messages/custom_messages_s__rosidl_typesupport_fastrtps_c.cpython-310-x86_64-linux-gnu.so[0m
[4.610s] [ 97%] [32m[1mLinking C shared library rosidl_generator_py/custom_messages/custom_messages_s__rosidl_typesupport_c.cpython-310-x86_64-linux-gnu.so[0m
[4.627s] [100%] [32m[1mLinking C shared library rosidl_generator_py/custom_messages/custom_messages_s__rosidl_typesupport_introspection_c.cpython-310-x86_64-linux-gnu.so[0m
[4.636s] [100%] Built target custom_messages__rosidl_typesupport_fastrtps_c__pyext
[4.659s] [100%] Built target custom_messages__rosidl_typesupport_c__pyext
[4.675s] [100%] Built target custom_messages__rosidl_typesupport_introspection_c__pyext
[4.690s] Invoked command in '/home/kappa/RINS-kappa/workspace/build/custom_messages' returned '0': CMAKE_PREFIX_PATH=/opt/ros/humble /usr/bin/cmake --build /home/kappa/RINS-kappa/workspace/build/custom_messages -- -j16 -l16
[4.692s] Invoking command in '/home/kappa/RINS-kappa/workspace/build/custom_messages': CMAKE_PREFIX_PATH=/opt/ros/humble /usr/bin/cmake --install /home/kappa/RINS-kappa/workspace/build/custom_messages
[4.702s] -- Install configuration: ""
[4.703s] -- Installing: /home/kappa/RINS-kappa/workspace/install/custom_messages/share/ament_index/resource_index/rosidl_interfaces/custom_messages
[4.703s] -- Installing: /home/kappa/RINS-kappa/workspace/install/custom_messages/include/custom_messages/custom_messages
[4.703s] -- Installing: /home/kappa/RINS-kappa/workspace/install/custom_messages/include/custom_messages/custom_messages/srv
[4.703s] -- Installing: /home/kappa/RINS-kappa/workspace/install/custom_messages/include/custom_messages/custom_messages/srv/poses_in_front_of_faces.h
[4.703s] -- Installing: /home/kappa/RINS-kappa/workspace/install/custom_messages/include/custom_messages/custom_messages/srv/shape.h
[4.703s] -- Installing: /home/kappa/RINS-kappa/workspace/install/custom_messages/include/custom_messages/custom_messages/srv/detail
[4.703s] -- Installing: /home/kappa/RINS-kappa/workspace/install/custom_messages/include/custom_messages/custom_messages/srv/detail/shape__struct.h
[4.703s] -- Installing: /home/kappa/RINS-kappa/workspace/install/custom_messages/include/custom_messages/custom_messages/srv/detail/poses_in_front_of_faces__struct.h
[4.704s] -- Installing: /home/kappa/RINS-kappa/workspace/install/custom_messages/include/custom_messages/custom_messages/srv/detail/shape__functions.h
[4.704s] -- Installing: /home/kappa/RINS-kappa/workspace/install/custom_messages/include/custom_messages/custom_messages/srv/detail/poses_in_front_of_faces__functions.h
[4.704s] -- Installing: /home/kappa/RINS-kappa/workspace/install/custom_messages/include/custom_messages/custom_messages/srv/detail/shape__type_support.h
[4.704s] -- Installing: /home/kappa/RINS-kappa/workspace/install/custom_messages/include/custom_messages/custom_messages/srv/detail/poses_in_front_of_faces__type_support.h
[4.704s] -- Installing: /home/kappa/RINS-kappa/workspace/install/custom_messages/include/custom_messages/custom_messages/srv/detail/poses_in_front_of_faces__functions.c
[4.704s] -- Installing: /home/kappa/RINS-kappa/workspace/install/custom_messages/include/custom_messages/custom_messages/srv/detail/shape__functions.c
[4.704s] -- Installing: /home/kappa/RINS-kappa/workspace/install/custom_messages/include/custom_messages/custom_messages/msg
[4.704s] -- Installing: /home/kappa/RINS-kappa/workspace/install/custom_messages/include/custom_messages/custom_messages/msg/rosidl_generator_c__visibility_control.h
[4.704s] -- Installing: /home/kappa/RINS-kappa/workspace/install/custom_messages/include/custom_messages/custom_messages/msg/face_coordinates.h
[4.704s] -- Installing: /home/kappa/RINS-kappa/workspace/install/custom_messages/include/custom_messages/custom_messages/msg/detail
[4.704s] -- Installing: /home/kappa/RINS-kappa/workspace/install/custom_messages/include/custom_messages/custom_messages/msg/detail/face_coordinates__functions.h
[4.705s] -- Installing: /home/kappa/RINS-kappa/workspace/install/custom_messages/include/custom_messages/custom_messages/msg/detail/face_coordinates__functions.c
[4.705s] -- Installing: /home/kappa/RINS-kappa/workspace/install/custom_messages/include/custom_messages/custom_messages/msg/detail/face_coordinates__type_support.h
[4.705s] -- Installing: /home/kappa/RINS-kappa/workspace/install/custom_messages/include/custom_messages/custom_messages/msg/detail/face_coordinates__struct.h
[4.705s] -- Installing: /home/kappa/RINS-kappa/workspace/install/custom_messages/share/custom_messages/environment/library_path.sh
[4.705s] -- Installing: /home/kappa/RINS-kappa/workspace/install/custom_messages/share/custom_messages/environment/library_path.dsv
[4.705s] -- Installing: /home/kappa/RINS-kappa/workspace/install/custom_messages/lib/libcustom_messages__rosidl_generator_c.so
[4.706s] -- Set runtime path of "/home/kappa/RINS-kappa/workspace/install/custom_messages/lib/libcustom_messages__rosidl_generator_c.so" to ""
[4.706s] -- Up-to-date: /home/kappa/RINS-kappa/workspace/install/custom_messages/include/custom_messages/custom_messages
[4.706s] -- Up-to-date: /home/kappa/RINS-kappa/workspace/install/custom_messages/include/custom_messages/custom_messages/srv
[4.706s] -- Up-to-date: /home/kappa/RINS-kappa/workspace/install/custom_messages/include/custom_messages/custom_messages/srv/detail
[4.706s] -- Installing: /home/kappa/RINS-kappa/workspace/install/custom_messages/include/custom_messages/custom_messages/srv/detail/poses_in_front_of_faces__rosidl_typesupport_fastrtps_c.h
[4.706s] -- Installing: /home/kappa/RINS-kappa/workspace/install/custom_messages/include/custom_messages/custom_messages/srv/detail/shape__rosidl_typesupport_fastrtps_c.h
[4.706s] -- Up-to-date: /home/kappa/RINS-kappa/workspace/install/custom_messages/include/custom_messages/custom_messages/msg
[4.706s] -- Installing: /home/kappa/RINS-kappa/workspace/install/custom_messages/include/custom_messages/custom_messages/msg/rosidl_typesupport_fastrtps_c__visibility_control.h
[4.707s] -- Up-to-date: /home/kappa/RINS-kappa/workspace/install/custom_messages/include/custom_messages/custom_messages/msg/detail
[4.707s] -- Installing: /home/kappa/RINS-kappa/workspace/install/custom_messages/include/custom_messages/custom_messages/msg/detail/face_coordinates__rosidl_typesupport_fastrtps_c.h
[4.707s] -- Installing: /home/kappa/RINS-kappa/workspace/install/custom_messages/lib/libcustom_messages__rosidl_typesupport_fastrtps_c.so
[4.707s] -- Set runtime path of "/home/kappa/RINS-kappa/workspace/install/custom_messages/lib/libcustom_messages__rosidl_typesupport_fastrtps_c.so" to ""
[4.707s] -- Up-to-date: /home/kappa/RINS-kappa/workspace/install/custom_messages/include/custom_messages/custom_messages
[4.707s] -- Up-to-date: /home/kappa/RINS-kappa/workspace/install/custom_messages/include/custom_messages/custom_messages/srv
[4.707s] -- Installing: /home/kappa/RINS-kappa/workspace/install/custom_messages/include/custom_messages/custom_messages/srv/poses_in_front_of_faces.hpp
[4.707s] -- Installing: /home/kappa/RINS-kappa/workspace/install/custom_messages/include/custom_messages/custom_messages/srv/shape.hpp
[4.707s] -- Up-to-date: /home/kappa/RINS-kappa/workspace/install/custom_messages/include/custom_messages/custom_messages/srv/detail
[4.707s] -- Installing: /home/kappa/RINS-kappa/workspace/install/custom_messages/include/custom_messages/custom_messages/srv/detail/poses_in_front_of_faces__struct.hpp
[4.707s] -- Installing: /home/kappa/RINS-kappa/workspace/install/custom_messages/include/custom_messages/custom_messages/srv/detail/poses_in_front_of_faces__builder.hpp
[4.707s] -- Installing: /home/kappa/RINS-kappa/workspace/install/custom_messages/include/custom_messages/custom_messages/srv/detail/shape__struct.hpp
[4.708s] -- Installing: /home/kappa/RINS-kappa/workspace/install/custom_messages/include/custom_messages/custom_messages/srv/detail/shape__builder.hpp
[4.708s] -- Installing: /home/kappa/RINS-kappa/workspace/install/custom_messages/include/custom_messages/custom_messages/srv/detail/poses_in_front_of_faces__type_support.hpp
[4.708s] -- Installing: /home/kappa/RINS-kappa/workspace/install/custom_messages/include/custom_messages/custom_messages/srv/detail/shape__traits.hpp
[4.708s] -- Installing: /home/kappa/RINS-kappa/workspace/install/custom_messages/include/custom_messages/custom_messages/srv/detail/poses_in_front_of_faces__traits.hpp
[4.708s] -- Installing: /home/kappa/RINS-kappa/workspace/install/custom_messages/include/custom_messages/custom_messages/srv/detail/shape__type_support.hpp
[4.708s] -- Up-to-date: /home/kappa/RINS-kappa/workspace/install/custom_messages/include/custom_messages/custom_messages/msg
[4.708s] -- Installing: /home/kappa/RINS-kappa/workspace/install/custom_messages/include/custom_messages/custom_messages/msg/rosidl_generator_cpp__visibility_control.hpp
[4.708s] -- Up-to-date: /home/kappa/RINS-kappa/workspace/install/custom_messages/include/custom_messages/custom_messages/msg/detail
[4.708s] -- Installing: /home/kappa/RINS-kappa/workspace/install/custom_messages/include/custom_messages/custom_messages/msg/detail/face_coordinates__struct.hpp
[4.708s] -- Installing: /home/kappa/RINS-kappa/workspace/install/custom_messages/include/custom_messages/custom_messages/msg/detail/face_coordinates__traits.hpp
[4.708s] -- Installing: /home/kappa/RINS-kappa/workspace/install/custom_messages/include/custom_messages/custom_messages/msg/detail/face_coordinates__type_support.hpp
[4.709s] -- Installing: /home/kappa/RINS-kappa/workspace/install/custom_messages/include/custom_messages/custom_messages/msg/detail/face_coordinates__builder.hpp
[4.709s] -- Installing: /home/kappa/RINS-kappa/workspace/install/custom_messages/include/custom_messages/custom_messages/msg/face_coordinates.hpp
[4.709s] -- Up-to-date: /home/kappa/RINS-kappa/workspace/install/custom_messages/include/custom_messages/custom_messages
[4.709s] -- Up-to-date: /home/kappa/RINS-kappa/workspace/install/custom_messages/include/custom_messages/custom_messages/srv
[4.709s] -- Up-to-date: /home/kappa/RINS-kappa/workspace/install/custom_messages/include/custom_messages/custom_messages/srv/detail
[4.709s] -- Installing: /home/kappa/RINS-kappa/workspace/install/custom_messages/include/custom_messages/custom_messages/srv/detail/shape__rosidl_typesupport_fastrtps_cpp.hpp
[4.709s] -- Installing: /home/kappa/RINS-kappa/workspace/install/custom_messages/include/custom_messages/custom_messages/srv/detail/dds_fastrtps
[4.709s] -- Installing: /home/kappa/RINS-kappa/workspace/install/custom_messages/include/custom_messages/custom_messages/srv/detail/poses_in_front_of_faces__rosidl_typesupport_fastrtps_cpp.hpp
[4.709s] -- Up-to-date: /home/kappa/RINS-kappa/workspace/install/custom_messages/include/custom_messages/custom_messages/msg
[4.710s] -- Installing: /home/kappa/RINS-kappa/workspace/install/custom_messages/include/custom_messages/custom_messages/msg/rosidl_typesupport_fastrtps_cpp__visibility_control.h
[4.710s] -- Up-to-date: /home/kappa/RINS-kappa/workspace/install/custom_messages/include/custom_messages/custom_messages/msg/detail
[4.710s] -- Installing: /home/kappa/RINS-kappa/workspace/install/custom_messages/include/custom_messages/custom_messages/msg/detail/dds_fastrtps
[4.710s] -- Installing: /home/kappa/RINS-kappa/workspace/install/custom_messages/include/custom_messages/custom_messages/msg/detail/face_coordinates__rosidl_typesupport_fastrtps_cpp.hpp
[4.710s] -- Installing: /home/kappa/RINS-kappa/workspace/install/custom_messages/lib/libcustom_messages__rosidl_typesupport_fastrtps_cpp.so
[4.710s] -- Set runtime path of "/home/kappa/RINS-kappa/workspace/install/custom_messages/lib/libcustom_messages__rosidl_typesupport_fastrtps_cpp.so" to ""
[4.710s] -- Up-to-date: /home/kappa/RINS-kappa/workspace/install/custom_messages/include/custom_messages/custom_messages
[4.710s] -- Up-to-date: /home/kappa/RINS-kappa/workspace/install/custom_messages/include/custom_messages/custom_messages/srv
[4.710s] -- Up-to-date: /home/kappa/RINS-kappa/workspace/install/custom_messages/include/custom_messages/custom_messages/srv/detail
[4.710s] -- Installing: /home/kappa/RINS-kappa/workspace/install/custom_messages/include/custom_messages/custom_messages/srv/detail/poses_in_front_of_faces__rosidl_typesupport_introspection_c.h
[4.710s] -- Installing: /home/kappa/RINS-kappa/workspace/install/custom_messages/include/custom_messages/custom_messages/srv/detail/shape__rosidl_typesupport_introspection_c.h
[4.711s] -- Installing: /home/kappa/RINS-kappa/workspace/install/custom_messages/include/custom_messages/custom_messages/srv/detail/poses_in_front_of_faces__type_support.c
[4.711s] -- Installing: /home/kappa/RINS-kappa/workspace/install/custom_messages/include/custom_messages/custom_messages/srv/detail/shape__type_support.c
[4.711s] -- Up-to-date: /home/kappa/RINS-kappa/workspace/install/custom_messages/include/custom_messages/custom_messages/msg
[4.711s] -- Installing: /home/kappa/RINS-kappa/workspace/install/custom_messages/include/custom_messages/custom_messages/msg/rosidl_typesupport_introspection_c__visibility_control.h
[4.711s] -- Up-to-date: /home/kappa/RINS-kappa/workspace/install/custom_messages/include/custom_messages/custom_messages/msg/detail
[4.711s] -- Installing: /home/kappa/RINS-kappa/workspace/install/custom_messages/include/custom_messages/custom_messages/msg/detail/face_coordinates__type_support.c
[4.711s] -- Installing: /home/kappa/RINS-kappa/workspace/install/custom_messages/include/custom_messages/custom_messages/msg/detail/face_coordinates__rosidl_typesupport_introspection_c.h
[4.711s] -- Installing: /home/kappa/RINS-kappa/workspace/install/custom_messages/lib/libcustom_messages__rosidl_typesupport_introspection_c.so
[4.711s] -- Set runtime path of "/home/kappa/RINS-kappa/workspace/install/custom_messages/lib/libcustom_messages__rosidl_typesupport_introspection_c.so" to ""
[4.711s] -- Installing: /home/kappa/RINS-kappa/workspace/install/custom_messages/lib/libcustom_messages__rosidl_typesupport_c.so
[4.712s] -- Set runtime path of "/home/kappa/RINS-kappa/workspace/install/custom_messages/lib/libcustom_messages__rosidl_typesupport_c.so" to ""
[4.712s] -- Up-to-date: /home/kappa/RINS-kappa/workspace/install/custom_messages/include/custom_messages/custom_messages
[4.712s] -- Up-to-date: /home/kappa/RINS-kappa/workspace/install/custom_messages/include/custom_messages/custom_messages/srv
[4.712s] -- Up-to-date: /home/kappa/RINS-kappa/workspace/install/custom_messages/include/custom_messages/custom_messages/srv/detail
[4.712s] -- Installing: /home/kappa/RINS-kappa/workspace/install/custom_messages/include/custom_messages/custom_messages/srv/detail/shape__type_support.cpp
[4.712s] -- Installing: /home/kappa/RINS-kappa/workspace/install/custom_messages/include/custom_messages/custom_messages/srv/detail/poses_in_front_of_faces__rosidl_typesupport_introspection_cpp.hpp
[4.712s] -- Installing: /home/kappa/RINS-kappa/workspace/install/custom_messages/include/custom_messages/custom_messages/srv/detail/poses_in_front_of_faces__type_support.cpp
[4.712s] -- Installing: /home/kappa/RINS-kappa/workspace/install/custom_messages/include/custom_messages/custom_messages/srv/detail/shape__rosidl_typesupport_introspection_cpp.hpp
[4.712s] -- Up-to-date: /home/kappa/RINS-kappa/workspace/install/custom_messages/include/custom_messages/custom_messages/msg
[4.712s] -- Up-to-date: /home/kappa/RINS-kappa/workspace/install/custom_messages/include/custom_messages/custom_messages/msg/detail
[4.712s] -- Installing: /home/kappa/RINS-kappa/workspace/install/custom_messages/include/custom_messages/custom_messages/msg/detail/face_coordinates__rosidl_typesupport_introspection_cpp.hpp
[4.712s] -- Installing: /home/kappa/RINS-kappa/workspace/install/custom_messages/include/custom_messages/custom_messages/msg/detail/face_coordinates__type_support.cpp
[4.713s] -- Installing: /home/kappa/RINS-kappa/workspace/install/custom_messages/lib/libcustom_messages__rosidl_typesupport_introspection_cpp.so
[4.713s] -- Set runtime path of "/home/kappa/RINS-kappa/workspace/install/custom_messages/lib/libcustom_messages__rosidl_typesupport_introspection_cpp.so" to ""
[4.713s] -- Installing: /home/kappa/RINS-kappa/workspace/install/custom_messages/lib/libcustom_messages__rosidl_typesupport_cpp.so
[4.713s] -- Set runtime path of "/home/kappa/RINS-kappa/workspace/install/custom_messages/lib/libcustom_messages__rosidl_typesupport_cpp.so" to ""
[4.713s] -- Installing: /home/kappa/RINS-kappa/workspace/install/custom_messages/share/custom_messages/environment/pythonpath.sh
[4.713s] -- Installing: /home/kappa/RINS-kappa/workspace/install/custom_messages/share/custom_messages/environment/pythonpath.dsv
[4.713s] -- Installing: /home/kappa/RINS-kappa/workspace/install/custom_messages/local/lib/python3.10/dist-packages/custom_messages-0.0.0-py3.10.egg-info
[4.713s] -- Installing: /home/kappa/RINS-kappa/workspace/install/custom_messages/local/lib/python3.10/dist-packages/custom_messages-0.0.0-py3.10.egg-info/SOURCES.txt
[4.713s] -- Installing: /home/kappa/RINS-kappa/workspace/install/custom_messages/local/lib/python3.10/dist-packages/custom_messages-0.0.0-py3.10.egg-info/top_level.txt
[4.713s] -- Installing: /home/kappa/RINS-kappa/workspace/install/custom_messages/local/lib/python3.10/dist-packages/custom_messages-0.0.0-py3.10.egg-info/PKG-INFO
[4.713s] -- Installing: /home/kappa/RINS-kappa/workspace/install/custom_messages/local/lib/python3.10/dist-packages/custom_messages-0.0.0-py3.10.egg-info/dependency_links.txt
[4.713s] -- Installing: /home/kappa/RINS-kappa/workspace/install/custom_messages/local/lib/python3.10/dist-packages/custom_messages
[4.713s] -- Installing: /home/kappa/RINS-kappa/workspace/install/custom_messages/local/lib/python3.10/dist-packages/custom_messages/_custom_messages_s.ep.rosidl_typesupport_introspection_c.c
[4.714s] -- Installing: /home/kappa/RINS-kappa/workspace/install/custom_messages/local/lib/python3.10/dist-packages/custom_messages/srv
[4.714s] -- Installing: /home/kappa/RINS-kappa/workspace/install/custom_messages/local/lib/python3.10/dist-packages/custom_messages/srv/_poses_in_front_of_faces.py
[4.714s] -- Installing: /home/kappa/RINS-kappa/workspace/install/custom_messages/local/lib/python3.10/dist-packages/custom_messages/srv/__init__.py
[4.714s] -- Installing: /home/kappa/RINS-kappa/workspace/install/custom_messages/local/lib/python3.10/dist-packages/custom_messages/srv/_shape.py
[4.714s] -- Installing: /home/kappa/RINS-kappa/workspace/install/custom_messages/local/lib/python3.10/dist-packages/custom_messages/srv/_poses_in_front_of_faces_s.c
[4.714s] -- Installing: /home/kappa/RINS-kappa/workspace/install/custom_messages/local/lib/python3.10/dist-packages/custom_messages/srv/_shape_s.c
[4.714s] -- Installing: /home/kappa/RINS-kappa/workspace/install/custom_messages/local/lib/python3.10/dist-packages/custom_messages/__init__.py
[4.714s] -- Installing: /home/kappa/RINS-kappa/workspace/install/custom_messages/local/lib/python3.10/dist-packages/custom_messages/custom_messages_s__rosidl_typesupport_introspection_c.cpython-310-x86_64-linux-gnu.so
[4.714s] -- Installing: /home/kappa/RINS-kappa/workspace/install/custom_messages/local/lib/python3.10/dist-packages/custom_messages/libcustom_messages__rosidl_generator_py.so
[4.714s] -- Installing: /home/kappa/RINS-kappa/workspace/install/custom_messages/local/lib/python3.10/dist-packages/custom_messages/msg
[4.714s] -- Installing: /home/kappa/RINS-kappa/workspace/install/custom_messages/local/lib/python3.10/dist-packages/custom_messages/msg/__init__.py
[4.714s] -- Installing: /home/kappa/RINS-kappa/workspace/install/custom_messages/local/lib/python3.10/dist-packages/custom_messages/msg/_face_coordinates_s.c
[4.715s] -- Installing: /home/kappa/RINS-kappa/workspace/install/custom_messages/local/lib/python3.10/dist-packages/custom_messages/msg/_face_coordinates.py
[4.715s] -- Installing: /home/kappa/RINS-kappa/workspace/install/custom_messages/local/lib/python3.10/dist-packages/custom_messages/_custom_messages_s.ep.rosidl_typesupport_fastrtps_c.c
[4.715s] -- Installing: /home/kappa/RINS-kappa/workspace/install/custom_messages/local/lib/python3.10/dist-packages/custom_messages/custom_messages_s__rosidl_typesupport_c.cpython-310-x86_64-linux-gnu.so
[4.715s] -- Installing: /home/kappa/RINS-kappa/workspace/install/custom_messages/local/lib/python3.10/dist-packages/custom_messages/_custom_messages_s.ep.rosidl_typesupport_c.c
[4.715s] -- Installing: /home/kappa/RINS-kappa/workspace/install/custom_messages/local/lib/python3.10/dist-packages/custom_messages/custom_messages_s__rosidl_typesupport_fastrtps_c.cpython-310-x86_64-linux-gnu.so
[4.756s] Listing '/home/kappa/RINS-kappa/workspace/install/custom_messages/local/lib/python3.10/dist-packages/custom_messages'...
[4.756s] Compiling '/home/kappa/RINS-kappa/workspace/install/custom_messages/local/lib/python3.10/dist-packages/custom_messages/__init__.py'...
[4.756s] Listing '/home/kappa/RINS-kappa/workspace/install/custom_messages/local/lib/python3.10/dist-packages/custom_messages/msg'...
[4.757s] Compiling '/home/kappa/RINS-kappa/workspace/install/custom_messages/local/lib/python3.10/dist-packages/custom_messages/msg/__init__.py'...
[4.757s] Compiling '/home/kappa/RINS-kappa/workspace/install/custom_messages/local/lib/python3.10/dist-packages/custom_messages/msg/_face_coordinates.py'...
[4.757s] Listing '/home/kappa/RINS-kappa/workspace/install/custom_messages/local/lib/python3.10/dist-packages/custom_messages/srv'...
[4.757s] Compiling '/home/kappa/RINS-kappa/workspace/install/custom_messages/local/lib/python3.10/dist-packages/custom_messages/srv/__init__.py'...
[4.757s] Compiling '/home/kappa/RINS-kappa/workspace/install/custom_messages/local/lib/python3.10/dist-packages/custom_messages/srv/_poses_in_front_of_faces.py'...
[4.757s] Compiling '/home/kappa/RINS-kappa/workspace/install/custom_messages/local/lib/python3.10/dist-packages/custom_messages/srv/_shape.py'...
[4.761s] -- Installing: /home/kappa/RINS-kappa/workspace/install/custom_messages/local/lib/python3.10/dist-packages/custom_messages/custom_messages_s__rosidl_typesupport_fastrtps_c.cpython-310-x86_64-linux-gnu.so
[4.761s] -- Set runtime path of "/home/kappa/RINS-kappa/workspace/install/custom_messages/local/lib/python3.10/dist-packages/custom_messages/custom_messages_s__rosidl_typesupport_fastrtps_c.cpython-310-x86_64-linux-gnu.so" to ""
[4.761s] -- Installing: /home/kappa/RINS-kappa/workspace/install/custom_messages/local/lib/python3.10/dist-packages/custom_messages/custom_messages_s__rosidl_typesupport_introspection_c.cpython-310-x86_64-linux-gnu.so
[4.762s] -- Set runtime path of "/home/kappa/RINS-kappa/workspace/install/custom_messages/local/lib/python3.10/dist-packages/custom_messages/custom_messages_s__rosidl_typesupport_introspection_c.cpython-310-x86_64-linux-gnu.so" to ""
[4.762s] -- Installing: /home/kappa/RINS-kappa/workspace/install/custom_messages/local/lib/python3.10/dist-packages/custom_messages/custom_messages_s__rosidl_typesupport_c.cpython-310-x86_64-linux-gnu.so
[4.762s] -- Set runtime path of "/home/kappa/RINS-kappa/workspace/install/custom_messages/local/lib/python3.10/dist-packages/custom_messages/custom_messages_s__rosidl_typesupport_c.cpython-310-x86_64-linux-gnu.so" to ""
[4.762s] -- Installing: /home/kappa/RINS-kappa/workspace/install/custom_messages/lib/libcustom_messages__rosidl_generator_py.so
[4.763s] -- Set runtime path of "/home/kappa/RINS-kappa/workspace/install/custom_messages/lib/libcustom_messages__rosidl_generator_py.so" to ""
[4.763s] -- Installing: /home/kappa/RINS-kappa/workspace/install/custom_messages/share/custom_messages/msg/FaceCoordinates.idl
[4.763s] -- Installing: /home/kappa/RINS-kappa/workspace/install/custom_messages/share/custom_messages/srv/Shape.idl
[4.763s] -- Installing: /home/kappa/RINS-kappa/workspace/install/custom_messages/share/custom_messages/srv/PosesInFrontOfFaces.idl
[4.764s] -- Installing: /home/kappa/RINS-kappa/workspace/install/custom_messages/share/custom_messages/msg/FaceCoordinates.msg
[4.764s] -- Installing: /home/kappa/RINS-kappa/workspace/install/custom_messages/share/custom_messages/srv/Shape.srv
[4.764s] -- Installing: /home/kappa/RINS-kappa/workspace/install/custom_messages/share/custom_messages/srv/Shape_Request.msg
[4.764s] -- Installing: /home/kappa/RINS-kappa/workspace/install/custom_messages/share/custom_messages/srv/Shape_Response.msg
[4.764s] -- Installing: /home/kappa/RINS-kappa/workspace/install/custom_messages/share/custom_messages/srv/PosesInFrontOfFaces.srv
[4.764s] -- Installing: /home/kappa/RINS-kappa/workspace/install/custom_messages/share/custom_messages/srv/PosesInFrontOfFaces_Request.msg
[4.764s] -- Installing: /home/kappa/RINS-kappa/workspace/install/custom_messages/share/custom_messages/srv/PosesInFrontOfFaces_Response.msg
[4.764s] -- Installing: /home/kappa/RINS-kappa/workspace/install/custom_messages/share/ament_index/resource_index/package_run_dependencies/custom_messages
[4.765s] -- Installing: /home/kappa/RINS-kappa/workspace/install/custom_messages/share/ament_index/resource_index/parent_prefix_path/custom_messages
[4.765s] -- Installing: /home/kappa/RINS-kappa/workspace/install/custom_messages/share/custom_messages/environment/ament_prefix_path.sh
[4.765s] -- Installing: /home/kappa/RINS-kappa/workspace/install/custom_messages/share/custom_messages/environment/ament_prefix_path.dsv
[4.765s] -- Installing: /home/kappa/RINS-kappa/workspace/install/custom_messages/share/custom_messages/environment/path.sh
[4.765s] -- Installing: /home/kappa/RINS-kappa/workspace/install/custom_messages/share/custom_messages/environment/path.dsv
[4.765s] -- Installing: /home/kappa/RINS-kappa/workspace/install/custom_messages/share/custom_messages/local_setup.bash
[4.765s] -- Installing: /home/kappa/RINS-kappa/workspace/install/custom_messages/share/custom_messages/local_setup.sh
[4.766s] -- Installing: /home/kappa/RINS-kappa/workspace/install/custom_messages/share/custom_messages/local_setup.zsh
[4.766s] -- Installing: /home/kappa/RINS-kappa/workspace/install/custom_messages/share/custom_messages/local_setup.dsv
[4.766s] -- Installing: /home/kappa/RINS-kappa/workspace/install/custom_messages/share/custom_messages/package.dsv
[4.766s] -- Installing: /home/kappa/RINS-kappa/workspace/install/custom_messages/share/ament_index/resource_index/packages/custom_messages
[4.766s] -- Installing: /home/kappa/RINS-kappa/workspace/install/custom_messages/share/custom_messages/cmake/export_custom_messages__rosidl_generator_cExport.cmake
[4.766s] -- Installing: /home/kappa/RINS-kappa/workspace/install/custom_messages/share/custom_messages/cmake/export_custom_messages__rosidl_generator_cExport-noconfig.cmake
[4.766s] -- Installing: /home/kappa/RINS-kappa/workspace/install/custom_messages/share/custom_messages/cmake/export_custom_messages__rosidl_typesupport_fastrtps_cExport.cmake
[4.767s] -- Installing: /home/kappa/RINS-kappa/workspace/install/custom_messages/share/custom_messages/cmake/export_custom_messages__rosidl_typesupport_fastrtps_cExport-noconfig.cmake
[4.767s] -- Installing: /home/kappa/RINS-kappa/workspace/install/custom_messages/share/custom_messages/cmake/export_custom_messages__rosidl_generator_cppExport.cmake
[4.767s] -- Installing: /home/kappa/RINS-kappa/workspace/install/custom_messages/share/custom_messages/cmake/export_custom_messages__rosidl_typesupport_fastrtps_cppExport.cmake
[4.767s] -- Installing: /home/kappa/RINS-kappa/workspace/install/custom_messages/share/custom_messages/cmake/export_custom_messages__rosidl_typesupport_fastrtps_cppExport-noconfig.cmake
[4.767s] -- Installing: /home/kappa/RINS-kappa/workspace/install/custom_messages/share/custom_messages/cmake/custom_messages__rosidl_typesupport_introspection_cExport.cmake
[4.767s] -- Installing: /home/kappa/RINS-kappa/workspace/install/custom_messages/share/custom_messages/cmake/custom_messages__rosidl_typesupport_introspection_cExport-noconfig.cmake
[4.767s] -- Installing: /home/kappa/RINS-kappa/workspace/install/custom_messages/share/custom_messages/cmake/custom_messages__rosidl_typesupport_cExport.cmake
[4.767s] -- Installing: /home/kappa/RINS-kappa/workspace/install/custom_messages/share/custom_messages/cmake/custom_messages__rosidl_typesupport_cExport-noconfig.cmake
[4.768s] -- Installing: /home/kappa/RINS-kappa/workspace/install/custom_messages/share/custom_messages/cmake/custom_messages__rosidl_typesupport_introspection_cppExport.cmake
[4.768s] -- Installing: /home/kappa/RINS-kappa/workspace/install/custom_messages/share/custom_messages/cmake/custom_messages__rosidl_typesupport_introspection_cppExport-noconfig.cmake
[4.768s] -- Installing: /home/kappa/RINS-kappa/workspace/install/custom_messages/share/custom_messages/cmake/custom_messages__rosidl_typesupport_cppExport.cmake
[4.768s] -- Installing: /home/kappa/RINS-kappa/workspace/install/custom_messages/share/custom_messages/cmake/custom_messages__rosidl_typesupport_cppExport-noconfig.cmake
[4.768s] -- Installing: /home/kappa/RINS-kappa/workspace/install/custom_messages/share/custom_messages/cmake/export_custom_messages__rosidl_generator_pyExport.cmake
[4.768s] -- Installing: /home/kappa/RINS-kappa/workspace/install/custom_messages/share/custom_messages/cmake/export_custom_messages__rosidl_generator_pyExport-noconfig.cmake
[4.768s] -- Installing: /home/kappa/RINS-kappa/workspace/install/custom_messages/share/custom_messages/cmake/rosidl_cmake-extras.cmake
[4.768s] -- Installing: /home/kappa/RINS-kappa/workspace/install/custom_messages/share/custom_messages/cmake/ament_cmake_export_dependencies-extras.cmake
[4.768s] -- Installing: /home/kappa/RINS-kappa/workspace/install/custom_messages/share/custom_messages/cmake/ament_cmake_export_include_directories-extras.cmake
[4.769s] -- Installing: /home/kappa/RINS-kappa/workspace/install/custom_messages/share/custom_messages/cmake/ament_cmake_export_libraries-extras.cmake
[4.769s] -- Installing: /home/kappa/RINS-kappa/workspace/install/custom_messages/share/custom_messages/cmake/ament_cmake_export_targets-extras.cmake
[4.769s] -- Installing: /home/kappa/RINS-kappa/workspace/install/custom_messages/share/custom_messages/cmake/rosidl_cmake_export_typesupport_targets-extras.cmake
[4.769s] -- Installing: /home/kappa/RINS-kappa/workspace/install/custom_messages/share/custom_messages/cmake/rosidl_cmake_export_typesupport_libraries-extras.cmake
[4.769s] -- Installing: /home/kappa/RINS-kappa/workspace/install/custom_messages/share/custom_messages/cmake/custom_messagesConfig.cmake
[4.769s] -- Installing: /home/kappa/RINS-kappa/workspace/install/custom_messages/share/custom_messages/cmake/custom_messagesConfig-version.cmake
[4.769s] -- Installing: /home/kappa/RINS-kappa/workspace/install/custom_messages/share/custom_messages/package.xml
[4.772s] Invoked command in '/home/kappa/RINS-kappa/workspace/build/custom_messages' returned '0': CMAKE_PREFIX_PATH=/opt/ros/humble /usr/bin/cmake --install /home/kappa/RINS-kappa/workspace/build/custom_messages
