[0.019s] Invoking command in '/home/strazi/FAKS/3.letnik/RINS/workspace/build/dis_tutorial1': CMAKE_PREFIX_PATH=${CMAKE_PREFIX_PATH}:/home/strazi/FAKS/3.letnik/RINS/poskus/install/second_package:/home/strazi/FAKS/3.letnik/RINS/poskus/install/first_package:/home/strazi/FAKS/3.letnik/RINS/workspace/install/dis_tutorial2:/opt/ros/humble /usr/bin/cmake --build /home/strazi/FAKS/3.letnik/RINS/workspace/build/dis_tutorial1 -- -j8 -l8
[0.076s] [35m[1mConsolidate compiler generated dependencies of target dis_tutorial1__rosidl_generator_c[0m
[0.083s] [  1%] Built target dis_tutorial1__cpp
[0.083s] [  9%] Built target dis_tutorial1__rosidl_generator_c
[0.098s] [35m[1mConsolidate compiler generated dependencies of target simple_set_bool_server_node[0m
[0.112s] [ 13%] Built target simple_set_bool_server_node
[0.123s] [35m[1mConsolidate compiler generated dependencies of target dis_tutorial1__rosidl_typesupport_introspection_c[0m
[0.133s] [ 21%] Built target dis_tutorial1__rosidl_typesupport_introspection_c
[0.145s] [35m[1mConsolidate compiler generated dependencies of target dis_tutorial1__rosidl_typesupport_c[0m
[0.153s] [ 29%] Built target dis_tutorial1__rosidl_typesupport_c
[0.165s] [35m[1mConsolidate compiler generated dependencies of target dis_tutorial1__rosidl_typesupport_introspection_cpp[0m
[0.174s] [ 37%] Built target dis_tutorial1__rosidl_typesupport_introspection_cpp
[0.186s] [35m[1mConsolidate compiler generated dependencies of target dis_tutorial1__rosidl_typesupport_fastrtps_cpp[0m
[0.197s] [ 45%] Built target dis_tutorial1__rosidl_typesupport_fastrtps_cpp
[0.211s] [35m[1mConsolidate compiler generated dependencies of target dis_tutorial1__rosidl_typesupport_fastrtps_c[0m
[0.220s] [ 52%] Built target dis_tutorial1__rosidl_typesupport_fastrtps_c
[0.233s] [35m[1mConsolidate compiler generated dependencies of target dis_tutorial1__rosidl_typesupport_cpp[0m
[0.244s] [ 60%] Built target dis_tutorial1__rosidl_typesupport_cpp
[0.256s] [35m[1mConsolidate compiler generated dependencies of target simple_subscriber[0m
[0.268s] [ 64%] Built target simple_subscriber
[0.279s] [35m[1mConsolidate compiler generated dependencies of target complete_node[0m
[0.297s] [ 68%] Built target complete_node
[0.308s] [35m[1mConsolidate compiler generated dependencies of target simple_server_node[0m
[0.323s] [ 72%] Built target simple_server_node
[0.334s] [35m[1mConsolidate compiler generated dependencies of target simple_client_node[0m
[0.353s] [ 76%] Built target simple_client_node
[0.373s] [ 76%] Built target dis_tutorial1
[0.386s] [35m[1mConsolidate compiler generated dependencies of target simple_publisher[0m
[0.403s] [ 80%] Built target simple_publisher
[0.423s] [ 82%] Built target dis_tutorial1__py
[0.451s] [ 82%] Built target ament_cmake_python_symlink_dis_tutorial1
[0.464s] [35m[1mConsolidate compiler generated dependencies of target dis_tutorial1__rosidl_generator_py[0m
[0.475s] [ 88%] Built target dis_tutorial1__rosidl_generator_py
[0.708s] running egg_info
[0.708s] writing dis_tutorial1.egg-info/PKG-INFO
[0.708s] writing dependency_links to dis_tutorial1.egg-info/dependency_links.txt
[0.709s] writing top-level names to dis_tutorial1.egg-info/top_level.txt
[0.711s] reading manifest file 'dis_tutorial1.egg-info/SOURCES.txt'
[0.712s] writing manifest file 'dis_tutorial1.egg-info/SOURCES.txt'
[0.733s] [ 88%] Built target ament_cmake_python_build_dis_tutorial1_egg
[0.740s] [35m[1mConsolidate compiler generated dependencies of target dis_tutorial1__rosidl_typesupport_c__pyext[0m
[0.749s] [ 92%] Built target dis_tutorial1__rosidl_typesupport_c__pyext
[0.757s] [35m[1mConsolidate compiler generated dependencies of target dis_tutorial1__rosidl_typesupport_introspection_c__pyext[0m
[0.767s] [ 96%] Built target dis_tutorial1__rosidl_typesupport_introspection_c__pyext
[0.774s] [35m[1mConsolidate compiler generated dependencies of target dis_tutorial1__rosidl_typesupport_fastrtps_c__pyext[0m
[0.783s] [100%] Built target dis_tutorial1__rosidl_typesupport_fastrtps_c__pyext
[0.791s] Invoked command in '/home/strazi/FAKS/3.letnik/RINS/workspace/build/dis_tutorial1' returned '0': CMAKE_PREFIX_PATH=${CMAKE_PREFIX_PATH}:/home/strazi/FAKS/3.letnik/RINS/poskus/install/second_package:/home/strazi/FAKS/3.letnik/RINS/poskus/install/first_package:/home/strazi/FAKS/3.letnik/RINS/workspace/install/dis_tutorial2:/opt/ros/humble /usr/bin/cmake --build /home/strazi/FAKS/3.letnik/RINS/workspace/build/dis_tutorial1 -- -j8 -l8
[0.801s] Invoking command in '/home/strazi/FAKS/3.letnik/RINS/workspace/build/dis_tutorial1': CMAKE_PREFIX_PATH=${CMAKE_PREFIX_PATH}:/home/strazi/FAKS/3.letnik/RINS/poskus/install/second_package:/home/strazi/FAKS/3.letnik/RINS/poskus/install/first_package:/home/strazi/FAKS/3.letnik/RINS/workspace/install/dis_tutorial2:/opt/ros/humble /usr/bin/cmake --install /home/strazi/FAKS/3.letnik/RINS/workspace/build/dis_tutorial1
[0.808s] -- Install configuration: ""
[0.808s] -- Execute custom install script
[0.809s] -- Up-to-date symlink: /home/strazi/FAKS/3.letnik/RINS/workspace/install/dis_tutorial1/share/ament_index/resource_index/rosidl_interfaces/dis_tutorial1
[0.809s] -- Up-to-date symlink: /home/strazi/FAKS/3.letnik/RINS/workspace/install/dis_tutorial1/include/dis_tutorial1/dis_tutorial1/msg/custom_message.h
[0.809s] -- Up-to-date symlink: /home/strazi/FAKS/3.letnik/RINS/workspace/install/dis_tutorial1/include/dis_tutorial1/dis_tutorial1/msg/detail/custom_message__functions.h
[0.810s] -- Up-to-date symlink: /home/strazi/FAKS/3.letnik/RINS/workspace/install/dis_tutorial1/include/dis_tutorial1/dis_tutorial1/msg/detail/custom_message__struct.h
[0.810s] -- Up-to-date symlink: /home/strazi/FAKS/3.letnik/RINS/workspace/install/dis_tutorial1/include/dis_tutorial1/dis_tutorial1/msg/detail/custom_message__type_support.h
[0.810s] -- Up-to-date symlink: /home/strazi/FAKS/3.letnik/RINS/workspace/install/dis_tutorial1/include/dis_tutorial1/dis_tutorial1/msg/rosidl_generator_c__visibility_control.h
[0.810s] -- Up-to-date symlink: /home/strazi/FAKS/3.letnik/RINS/workspace/install/dis_tutorial1/include/dis_tutorial1/dis_tutorial1/srv/add_two_ints.h
[0.810s] -- Up-to-date symlink: /home/strazi/FAKS/3.letnik/RINS/workspace/install/dis_tutorial1/include/dis_tutorial1/dis_tutorial1/srv/detail/add_two_ints__functions.h
[0.810s] -- Up-to-date symlink: /home/strazi/FAKS/3.letnik/RINS/workspace/install/dis_tutorial1/include/dis_tutorial1/dis_tutorial1/srv/detail/add_two_ints__struct.h
[0.811s] -- Up-to-date symlink: /home/strazi/FAKS/3.letnik/RINS/workspace/install/dis_tutorial1/include/dis_tutorial1/dis_tutorial1/srv/detail/add_two_ints__type_support.h
[0.811s] -- Up-to-date symlink: /home/strazi/FAKS/3.letnik/RINS/workspace/install/dis_tutorial1/share/dis_tutorial1/environment/library_path.sh
[0.811s] -- Up-to-date symlink: /home/strazi/FAKS/3.letnik/RINS/workspace/install/dis_tutorial1/share/dis_tutorial1/environment/library_path.dsv
[0.811s] -- Up-to-date symlink: /home/strazi/FAKS/3.letnik/RINS/workspace/install/dis_tutorial1/include/dis_tutorial1/dis_tutorial1/msg/detail/custom_message__rosidl_typesupport_fastrtps_c.h
[0.811s] -- Up-to-date symlink: /home/strazi/FAKS/3.letnik/RINS/workspace/install/dis_tutorial1/include/dis_tutorial1/dis_tutorial1/msg/rosidl_typesupport_fastrtps_c__visibility_control.h
[0.811s] -- Up-to-date symlink: /home/strazi/FAKS/3.letnik/RINS/workspace/install/dis_tutorial1/include/dis_tutorial1/dis_tutorial1/srv/detail/add_two_ints__rosidl_typesupport_fastrtps_c.h
[0.811s] -- Up-to-date symlink: /home/strazi/FAKS/3.letnik/RINS/workspace/install/dis_tutorial1/include/dis_tutorial1/dis_tutorial1/msg/custom_message.hpp
[0.812s] -- Up-to-date symlink: /home/strazi/FAKS/3.letnik/RINS/workspace/install/dis_tutorial1/include/dis_tutorial1/dis_tutorial1/msg/detail/custom_message__builder.hpp
[0.812s] -- Up-to-date symlink: /home/strazi/FAKS/3.letnik/RINS/workspace/install/dis_tutorial1/include/dis_tutorial1/dis_tutorial1/msg/detail/custom_message__struct.hpp
[0.812s] -- Up-to-date symlink: /home/strazi/FAKS/3.letnik/RINS/workspace/install/dis_tutorial1/include/dis_tutorial1/dis_tutorial1/msg/detail/custom_message__traits.hpp
[0.812s] -- Up-to-date symlink: /home/strazi/FAKS/3.letnik/RINS/workspace/install/dis_tutorial1/include/dis_tutorial1/dis_tutorial1/msg/detail/custom_message__type_support.hpp
[0.812s] -- Up-to-date symlink: /home/strazi/FAKS/3.letnik/RINS/workspace/install/dis_tutorial1/include/dis_tutorial1/dis_tutorial1/msg/rosidl_generator_cpp__visibility_control.hpp
[0.812s] -- Up-to-date symlink: /home/strazi/FAKS/3.letnik/RINS/workspace/install/dis_tutorial1/include/dis_tutorial1/dis_tutorial1/srv/add_two_ints.hpp
[0.813s] -- Up-to-date symlink: /home/strazi/FAKS/3.letnik/RINS/workspace/install/dis_tutorial1/include/dis_tutorial1/dis_tutorial1/srv/detail/add_two_ints__builder.hpp
[0.813s] -- Up-to-date symlink: /home/strazi/FAKS/3.letnik/RINS/workspace/install/dis_tutorial1/include/dis_tutorial1/dis_tutorial1/srv/detail/add_two_ints__struct.hpp
[0.814s] -- Up-to-date symlink: /home/strazi/FAKS/3.letnik/RINS/workspace/install/dis_tutorial1/include/dis_tutorial1/dis_tutorial1/srv/detail/add_two_ints__traits.hpp
[0.814s] -- Up-to-date symlink: /home/strazi/FAKS/3.letnik/RINS/workspace/install/dis_tutorial1/include/dis_tutorial1/dis_tutorial1/srv/detail/add_two_ints__type_support.hpp
[0.814s] -- Up-to-date symlink: /home/strazi/FAKS/3.letnik/RINS/workspace/install/dis_tutorial1/include/dis_tutorial1/dis_tutorial1/msg/detail/custom_message__rosidl_typesupport_fastrtps_cpp.hpp
[0.815s] -- Up-to-date symlink: /home/strazi/FAKS/3.letnik/RINS/workspace/install/dis_tutorial1/include/dis_tutorial1/dis_tutorial1/msg/rosidl_typesupport_fastrtps_cpp__visibility_control.h
[0.815s] -- Up-to-date symlink: /home/strazi/FAKS/3.letnik/RINS/workspace/install/dis_tutorial1/include/dis_tutorial1/dis_tutorial1/srv/detail/add_two_ints__rosidl_typesupport_fastrtps_cpp.hpp
[0.815s] -- Up-to-date symlink: /home/strazi/FAKS/3.letnik/RINS/workspace/install/dis_tutorial1/include/dis_tutorial1/dis_tutorial1/msg/detail/custom_message__rosidl_typesupport_introspection_c.h
[0.815s] -- Up-to-date symlink: /home/strazi/FAKS/3.letnik/RINS/workspace/install/dis_tutorial1/include/dis_tutorial1/dis_tutorial1/msg/rosidl_typesupport_introspection_c__visibility_control.h
[0.815s] -- Up-to-date symlink: /home/strazi/FAKS/3.letnik/RINS/workspace/install/dis_tutorial1/include/dis_tutorial1/dis_tutorial1/srv/detail/add_two_ints__rosidl_typesupport_introspection_c.h
[0.815s] -- Up-to-date symlink: /home/strazi/FAKS/3.letnik/RINS/workspace/install/dis_tutorial1/include/dis_tutorial1/dis_tutorial1/msg/detail/custom_message__rosidl_typesupport_introspection_cpp.hpp
[0.815s] -- Up-to-date symlink: /home/strazi/FAKS/3.letnik/RINS/workspace/install/dis_tutorial1/include/dis_tutorial1/dis_tutorial1/srv/detail/add_two_ints__rosidl_typesupport_introspection_cpp.hpp
[0.815s] -- Up-to-date symlink: /home/strazi/FAKS/3.letnik/RINS/workspace/install/dis_tutorial1/share/dis_tutorial1/environment/pythonpath.sh
[0.815s] -- Up-to-date symlink: /home/strazi/FAKS/3.letnik/RINS/workspace/install/dis_tutorial1/share/dis_tutorial1/environment/pythonpath.dsv
[0.815s] -- Up-to-date symlink: /home/strazi/FAKS/3.letnik/RINS/workspace/install/dis_tutorial1/local/lib/python3.10/dist-packages/dis_tutorial1-0.0.1-py3.10.egg-info/PKG-INFO
[0.815s] -- Up-to-date symlink: /home/strazi/FAKS/3.letnik/RINS/workspace/install/dis_tutorial1/local/lib/python3.10/dist-packages/dis_tutorial1-0.0.1-py3.10.egg-info/SOURCES.txt
[0.816s] -- Up-to-date symlink: /home/strazi/FAKS/3.letnik/RINS/workspace/install/dis_tutorial1/local/lib/python3.10/dist-packages/dis_tutorial1-0.0.1-py3.10.egg-info/dependency_links.txt
[0.816s] -- Up-to-date symlink: /home/strazi/FAKS/3.letnik/RINS/workspace/install/dis_tutorial1/local/lib/python3.10/dist-packages/dis_tutorial1-0.0.1-py3.10.egg-info/top_level.txt
[0.816s] -- Up-to-date symlink: /home/strazi/FAKS/3.letnik/RINS/workspace/install/dis_tutorial1/local/lib/python3.10/dist-packages/dis_tutorial1/__init__.py
[0.816s] -- Up-to-date symlink: /home/strazi/FAKS/3.letnik/RINS/workspace/install/dis_tutorial1/local/lib/python3.10/dist-packages/dis_tutorial1/_dis_tutorial1_s.ep.rosidl_typesupport_c.c
[0.816s] -- Up-to-date symlink: /home/strazi/FAKS/3.letnik/RINS/workspace/install/dis_tutorial1/local/lib/python3.10/dist-packages/dis_tutorial1/_dis_tutorial1_s.ep.rosidl_typesupport_fastrtps_c.c
[0.816s] -- Up-to-date symlink: /home/strazi/FAKS/3.letnik/RINS/workspace/install/dis_tutorial1/local/lib/python3.10/dist-packages/dis_tutorial1/_dis_tutorial1_s.ep.rosidl_typesupport_introspection_c.c
[0.816s] -- Up-to-date symlink: /home/strazi/FAKS/3.letnik/RINS/workspace/install/dis_tutorial1/local/lib/python3.10/dist-packages/dis_tutorial1/dis_tutorial1_s__rosidl_typesupport_c.cpython-310-x86_64-linux-gnu.so
[0.817s] -- Up-to-date symlink: /home/strazi/FAKS/3.letnik/RINS/workspace/install/dis_tutorial1/local/lib/python3.10/dist-packages/dis_tutorial1/dis_tutorial1_s__rosidl_typesupport_fastrtps_c.cpython-310-x86_64-linux-gnu.so
[0.817s] -- Up-to-date symlink: /home/strazi/FAKS/3.letnik/RINS/workspace/install/dis_tutorial1/local/lib/python3.10/dist-packages/dis_tutorial1/dis_tutorial1_s__rosidl_typesupport_introspection_c.cpython-310-x86_64-linux-gnu.so
[0.817s] -- Up-to-date symlink: /home/strazi/FAKS/3.letnik/RINS/workspace/install/dis_tutorial1/local/lib/python3.10/dist-packages/dis_tutorial1/libdis_tutorial1__rosidl_generator_py.so
[0.817s] -- Up-to-date symlink: /home/strazi/FAKS/3.letnik/RINS/workspace/install/dis_tutorial1/local/lib/python3.10/dist-packages/dis_tutorial1/msg/__init__.py
[0.817s] -- Up-to-date symlink: /home/strazi/FAKS/3.letnik/RINS/workspace/install/dis_tutorial1/local/lib/python3.10/dist-packages/dis_tutorial1/msg/_custom_message.py
[0.817s] -- Up-to-date symlink: /home/strazi/FAKS/3.letnik/RINS/workspace/install/dis_tutorial1/local/lib/python3.10/dist-packages/dis_tutorial1/msg/_custom_message_s.c
[0.817s] -- Up-to-date symlink: /home/strazi/FAKS/3.letnik/RINS/workspace/install/dis_tutorial1/local/lib/python3.10/dist-packages/dis_tutorial1/srv/__init__.py
[0.818s] -- Up-to-date symlink: /home/strazi/FAKS/3.letnik/RINS/workspace/install/dis_tutorial1/local/lib/python3.10/dist-packages/dis_tutorial1/srv/_add_two_ints.py
[0.818s] -- Up-to-date symlink: /home/strazi/FAKS/3.letnik/RINS/workspace/install/dis_tutorial1/local/lib/python3.10/dist-packages/dis_tutorial1/srv/_add_two_ints_s.c
[0.818s] -- Up-to-date symlink: /home/strazi/FAKS/3.letnik/RINS/workspace/install/dis_tutorial1/local/lib/python3.10/dist-packages/dis_tutorial1/dis_tutorial1_s__rosidl_typesupport_fastrtps_c.cpython-310-x86_64-linux-gnu.so
[0.818s] -- Up-to-date symlink: /home/strazi/FAKS/3.letnik/RINS/workspace/install/dis_tutorial1/local/lib/python3.10/dist-packages/dis_tutorial1/dis_tutorial1_s__rosidl_typesupport_introspection_c.cpython-310-x86_64-linux-gnu.so
[0.818s] -- Up-to-date symlink: /home/strazi/FAKS/3.letnik/RINS/workspace/install/dis_tutorial1/local/lib/python3.10/dist-packages/dis_tutorial1/dis_tutorial1_s__rosidl_typesupport_c.cpython-310-x86_64-linux-gnu.so
[0.818s] -- Up-to-date symlink: /home/strazi/FAKS/3.letnik/RINS/workspace/install/dis_tutorial1/share/dis_tutorial1/msg/CustomMessage.idl
[0.819s] -- Up-to-date symlink: /home/strazi/FAKS/3.letnik/RINS/workspace/install/dis_tutorial1/share/dis_tutorial1/srv/AddTwoInts.idl
[0.819s] -- Up-to-date symlink: /home/strazi/FAKS/3.letnik/RINS/workspace/install/dis_tutorial1/share/dis_tutorial1/msg/CustomMessage.msg
[0.819s] -- Up-to-date symlink: /home/strazi/FAKS/3.letnik/RINS/workspace/install/dis_tutorial1/share/dis_tutorial1/srv/AddTwoInts.srv
[0.819s] -- Up-to-date symlink: /home/strazi/FAKS/3.letnik/RINS/workspace/install/dis_tutorial1/share/dis_tutorial1/srv/AddTwoInts_Request.msg
[0.819s] -- Up-to-date symlink: /home/strazi/FAKS/3.letnik/RINS/workspace/install/dis_tutorial1/share/dis_tutorial1/srv/AddTwoInts_Response.msg
[0.819s] -- Up-to-date symlink: /home/strazi/FAKS/3.letnik/RINS/workspace/install/dis_tutorial1/lib/dis_tutorial1/simple_publisher
[0.820s] -- Up-to-date symlink: /home/strazi/FAKS/3.letnik/RINS/workspace/install/dis_tutorial1/lib/dis_tutorial1/simple_subscriber
[0.820s] -- Up-to-date symlink: /home/strazi/FAKS/3.letnik/RINS/workspace/install/dis_tutorial1/lib/dis_tutorial1/simple_client_node
[0.820s] -- Up-to-date symlink: /home/strazi/FAKS/3.letnik/RINS/workspace/install/dis_tutorial1/lib/dis_tutorial1/simple_server_node
[0.820s] -- Up-to-date symlink: /home/strazi/FAKS/3.letnik/RINS/workspace/install/dis_tutorial1/lib/dis_tutorial1/complete_node
[0.820s] -- Up-to-date symlink: /home/strazi/FAKS/3.letnik/RINS/workspace/install/dis_tutorial1/lib/dis_tutorial1/simple_set_bool_server_node
[0.820s] -- Up-to-date symlink: /home/strazi/FAKS/3.letnik/RINS/workspace/install/dis_tutorial1/lib/dis_tutorial1/py_simple_publisher.py
[0.820s] -- Up-to-date symlink: /home/strazi/FAKS/3.letnik/RINS/workspace/install/dis_tutorial1/lib/dis_tutorial1/py_simple_subscriber.py
[0.821s] -- Up-to-date symlink: /home/strazi/FAKS/3.letnik/RINS/workspace/install/dis_tutorial1/lib/dis_tutorial1/py_simple_server_node.py
[0.821s] -- Up-to-date symlink: /home/strazi/FAKS/3.letnik/RINS/workspace/install/dis_tutorial1/lib/dis_tutorial1/py_simple_client_node.py
[0.821s] -- Up-to-date symlink: /home/strazi/FAKS/3.letnik/RINS/workspace/install/dis_tutorial1/lib/dis_tutorial1/py_complete_node.py
[0.821s] -- Up-to-date symlink: /home/strazi/FAKS/3.letnik/RINS/workspace/install/dis_tutorial1/lib/dis_tutorial1/py_draw_square.py
[0.821s] -- Up-to-date symlink: /home/strazi/FAKS/3.letnik/RINS/workspace/install/dis_tutorial1/share/ament_index/resource_index/package_run_dependencies/dis_tutorial1
[0.821s] -- Up-to-date symlink: /home/strazi/FAKS/3.letnik/RINS/workspace/install/dis_tutorial1/share/ament_index/resource_index/parent_prefix_path/dis_tutorial1
[0.821s] -- Up-to-date symlink: /home/strazi/FAKS/3.letnik/RINS/workspace/install/dis_tutorial1/share/dis_tutorial1/environment/ament_prefix_path.sh
[0.821s] -- Up-to-date symlink: /home/strazi/FAKS/3.letnik/RINS/workspace/install/dis_tutorial1/share/dis_tutorial1/environment/ament_prefix_path.dsv
[0.821s] -- Up-to-date symlink: /home/strazi/FAKS/3.letnik/RINS/workspace/install/dis_tutorial1/share/dis_tutorial1/environment/path.sh
[0.822s] -- Up-to-date symlink: /home/strazi/FAKS/3.letnik/RINS/workspace/install/dis_tutorial1/share/dis_tutorial1/environment/path.dsv
[0.822s] -- Up-to-date symlink: /home/strazi/FAKS/3.letnik/RINS/workspace/install/dis_tutorial1/share/dis_tutorial1/local_setup.bash
[0.822s] -- Up-to-date symlink: /home/strazi/FAKS/3.letnik/RINS/workspace/install/dis_tutorial1/share/dis_tutorial1/local_setup.sh
[0.822s] -- Up-to-date symlink: /home/strazi/FAKS/3.letnik/RINS/workspace/install/dis_tutorial1/share/dis_tutorial1/local_setup.zsh
[0.822s] -- Up-to-date symlink: /home/strazi/FAKS/3.letnik/RINS/workspace/install/dis_tutorial1/share/dis_tutorial1/local_setup.dsv
[0.822s] -- Symlinking: /home/strazi/FAKS/3.letnik/RINS/workspace/install/dis_tutorial1/share/dis_tutorial1/package.dsv
[0.829s] -- Up-to-date symlink: /home/strazi/FAKS/3.letnik/RINS/workspace/install/dis_tutorial1/share/ament_index/resource_index/packages/dis_tutorial1
[0.829s] -- Up-to-date symlink: /home/strazi/FAKS/3.letnik/RINS/workspace/install/dis_tutorial1/share/dis_tutorial1/cmake/rosidl_cmake-extras.cmake
[0.830s] -- Up-to-date symlink: /home/strazi/FAKS/3.letnik/RINS/workspace/install/dis_tutorial1/share/dis_tutorial1/cmake/ament_cmake_export_dependencies-extras.cmake
[0.830s] -- Up-to-date symlink: /home/strazi/FAKS/3.letnik/RINS/workspace/install/dis_tutorial1/share/dis_tutorial1/cmake/ament_cmake_export_include_directories-extras.cmake
[0.830s] -- Up-to-date symlink: /home/strazi/FAKS/3.letnik/RINS/workspace/install/dis_tutorial1/share/dis_tutorial1/cmake/ament_cmake_export_libraries-extras.cmake
[0.830s] -- Up-to-date symlink: /home/strazi/FAKS/3.letnik/RINS/workspace/install/dis_tutorial1/share/dis_tutorial1/cmake/ament_cmake_export_targets-extras.cmake
[0.830s] -- Up-to-date symlink: /home/strazi/FAKS/3.letnik/RINS/workspace/install/dis_tutorial1/share/dis_tutorial1/cmake/rosidl_cmake_export_typesupport_targets-extras.cmake
[0.830s] -- Up-to-date symlink: /home/strazi/FAKS/3.letnik/RINS/workspace/install/dis_tutorial1/share/dis_tutorial1/cmake/rosidl_cmake_export_typesupport_libraries-extras.cmake
[0.831s] -- Up-to-date symlink: /home/strazi/FAKS/3.letnik/RINS/workspace/install/dis_tutorial1/share/dis_tutorial1/cmake/dis_tutorial1Config.cmake
[0.831s] -- Up-to-date symlink: /home/strazi/FAKS/3.letnik/RINS/workspace/install/dis_tutorial1/share/dis_tutorial1/cmake/dis_tutorial1Config-version.cmake
[0.831s] -- Up-to-date symlink: /home/strazi/FAKS/3.letnik/RINS/workspace/install/dis_tutorial1/share/dis_tutorial1/package.xml
[0.831s] -- Up-to-date: /home/strazi/FAKS/3.letnik/RINS/workspace/install/dis_tutorial1/lib/libdis_tutorial1__rosidl_generator_c.so
[0.831s] -- Up-to-date: /home/strazi/FAKS/3.letnik/RINS/workspace/install/dis_tutorial1/lib/libdis_tutorial1__rosidl_typesupport_fastrtps_c.so
[0.831s] -- Up-to-date: /home/strazi/FAKS/3.letnik/RINS/workspace/install/dis_tutorial1/lib/libdis_tutorial1__rosidl_typesupport_fastrtps_cpp.so
[0.832s] -- Up-to-date: /home/strazi/FAKS/3.letnik/RINS/workspace/install/dis_tutorial1/lib/libdis_tutorial1__rosidl_typesupport_introspection_c.so
[0.832s] -- Up-to-date: /home/strazi/FAKS/3.letnik/RINS/workspace/install/dis_tutorial1/lib/libdis_tutorial1__rosidl_typesupport_c.so
[0.832s] -- Up-to-date: /home/strazi/FAKS/3.letnik/RINS/workspace/install/dis_tutorial1/lib/libdis_tutorial1__rosidl_typesupport_introspection_cpp.so
[0.832s] -- Up-to-date: /home/strazi/FAKS/3.letnik/RINS/workspace/install/dis_tutorial1/lib/libdis_tutorial1__rosidl_typesupport_cpp.so
[0.859s] Listing '/home/strazi/FAKS/3.letnik/RINS/workspace/install/dis_tutorial1/local/lib/python3.10/dist-packages/dis_tutorial1'...
[0.859s] Listing '/home/strazi/FAKS/3.letnik/RINS/workspace/install/dis_tutorial1/local/lib/python3.10/dist-packages/dis_tutorial1/msg'...
[0.859s] Listing '/home/strazi/FAKS/3.letnik/RINS/workspace/install/dis_tutorial1/local/lib/python3.10/dist-packages/dis_tutorial1/srv'...
[0.862s] -- Up-to-date: /home/strazi/FAKS/3.letnik/RINS/workspace/install/dis_tutorial1/lib/libdis_tutorial1__rosidl_generator_py.so
[0.862s] -- Up-to-date: /home/strazi/FAKS/3.letnik/RINS/workspace/install/dis_tutorial1/share/dis_tutorial1/cmake/export_dis_tutorial1__rosidl_generator_cExport.cmake
[0.862s] -- Up-to-date: /home/strazi/FAKS/3.letnik/RINS/workspace/install/dis_tutorial1/share/dis_tutorial1/cmake/export_dis_tutorial1__rosidl_generator_cExport-noconfig.cmake
[0.862s] -- Up-to-date: /home/strazi/FAKS/3.letnik/RINS/workspace/install/dis_tutorial1/share/dis_tutorial1/cmake/export_dis_tutorial1__rosidl_typesupport_fastrtps_cExport.cmake
[0.862s] -- Up-to-date: /home/strazi/FAKS/3.letnik/RINS/workspace/install/dis_tutorial1/share/dis_tutorial1/cmake/export_dis_tutorial1__rosidl_typesupport_fastrtps_cExport-noconfig.cmake
[0.862s] -- Up-to-date: /home/strazi/FAKS/3.letnik/RINS/workspace/install/dis_tutorial1/share/dis_tutorial1/cmake/export_dis_tutorial1__rosidl_generator_cppExport.cmake
[0.863s] -- Up-to-date: /home/strazi/FAKS/3.letnik/RINS/workspace/install/dis_tutorial1/share/dis_tutorial1/cmake/export_dis_tutorial1__rosidl_typesupport_fastrtps_cppExport.cmake
[0.863s] -- Up-to-date: /home/strazi/FAKS/3.letnik/RINS/workspace/install/dis_tutorial1/share/dis_tutorial1/cmake/export_dis_tutorial1__rosidl_typesupport_fastrtps_cppExport-noconfig.cmake
[0.863s] -- Up-to-date: /home/strazi/FAKS/3.letnik/RINS/workspace/install/dis_tutorial1/share/dis_tutorial1/cmake/dis_tutorial1__rosidl_typesupport_introspection_cExport.cmake
[0.863s] -- Up-to-date: /home/strazi/FAKS/3.letnik/RINS/workspace/install/dis_tutorial1/share/dis_tutorial1/cmake/dis_tutorial1__rosidl_typesupport_introspection_cExport-noconfig.cmake
[0.863s] -- Up-to-date: /home/strazi/FAKS/3.letnik/RINS/workspace/install/dis_tutorial1/share/dis_tutorial1/cmake/dis_tutorial1__rosidl_typesupport_cExport.cmake
[0.863s] -- Up-to-date: /home/strazi/FAKS/3.letnik/RINS/workspace/install/dis_tutorial1/share/dis_tutorial1/cmake/dis_tutorial1__rosidl_typesupport_cExport-noconfig.cmake
[0.863s] -- Up-to-date: /home/strazi/FAKS/3.letnik/RINS/workspace/install/dis_tutorial1/share/dis_tutorial1/cmake/dis_tutorial1__rosidl_typesupport_introspection_cppExport.cmake
[0.863s] -- Up-to-date: /home/strazi/FAKS/3.letnik/RINS/workspace/install/dis_tutorial1/share/dis_tutorial1/cmake/dis_tutorial1__rosidl_typesupport_introspection_cppExport-noconfig.cmake
[0.863s] -- Up-to-date: /home/strazi/FAKS/3.letnik/RINS/workspace/install/dis_tutorial1/share/dis_tutorial1/cmake/dis_tutorial1__rosidl_typesupport_cppExport.cmake
[0.863s] -- Up-to-date: /home/strazi/FAKS/3.letnik/RINS/workspace/install/dis_tutorial1/share/dis_tutorial1/cmake/dis_tutorial1__rosidl_typesupport_cppExport-noconfig.cmake
[0.863s] -- Up-to-date: /home/strazi/FAKS/3.letnik/RINS/workspace/install/dis_tutorial1/share/dis_tutorial1/cmake/export_dis_tutorial1__rosidl_generator_pyExport.cmake
[0.863s] -- Up-to-date: /home/strazi/FAKS/3.letnik/RINS/workspace/install/dis_tutorial1/share/dis_tutorial1/cmake/export_dis_tutorial1__rosidl_generator_pyExport-noconfig.cmake
[0.866s] Invoked command in '/home/strazi/FAKS/3.letnik/RINS/workspace/build/dis_tutorial1' returned '0': CMAKE_PREFIX_PATH=${CMAKE_PREFIX_PATH}:/home/strazi/FAKS/3.letnik/RINS/poskus/install/second_package:/home/strazi/FAKS/3.letnik/RINS/poskus/install/first_package:/home/strazi/FAKS/3.letnik/RINS/workspace/install/dis_tutorial2:/opt/ros/humble /usr/bin/cmake --install /home/strazi/FAKS/3.letnik/RINS/workspace/build/dis_tutorial1
