[0.170s] Invoking command in '/home/thelegend442/faxic/RINS-kappa/workspace/build/dis_tutorial5': CMAKE_PREFIX_PATH=${CMAKE_PREFIX_PATH}:/home/thelegend442/faxic/RINS-kappa/workspace/install/dis_tutorial2:/opt/ros/humble /usr/bin/cmake /home/thelegend442/faxic/RINS-kappa/workspace/src/dis_tutorial5 -DCMAKE_INSTALL_PREFIX=/home/thelegend442/faxic/RINS-kappa/workspace/install/dis_tutorial5
[0.213s] -- The C compiler identification is GNU 11.4.0
[0.259s] -- The CXX compiler identification is GNU 11.4.0
[0.265s] -- Detecting C compiler ABI info
[0.324s] -- Detecting C compiler ABI info - done
[0.330s] -- Check for working C compiler: /usr/bin/cc - skipped
[0.330s] -- Detecting C compile features
[0.330s] -- Detecting C compile features - done
[0.332s] -- Detecting CXX compiler ABI info
[0.400s] -- Detecting CXX compiler ABI info - done
[0.406s] -- Check for working CXX compiler: /usr/bin/c++ - skipped
[0.406s] -- Detecting CXX compile features
[0.406s] -- Detecting CXX compile features - done
[0.409s] -- Found ament_cmake: 1.3.11 (/opt/ros/humble/share/ament_cmake/cmake)
[0.705s] -- Found Python3: /usr/bin/python3 (found version "3.10.12") found components: Interpreter 
[0.783s] -- Found rclcpp: 16.0.12 (/opt/ros/humble/share/rclcpp/cmake)
[0.818s] -- Found rosidl_generator_c: 3.1.6 (/opt/ros/humble/share/rosidl_generator_c/cmake)
[0.823s] -- Found rosidl_adapter: 3.1.6 (/opt/ros/humble/share/rosidl_adapter/cmake)
[0.830s] -- Found rosidl_generator_cpp: 3.1.6 (/opt/ros/humble/share/rosidl_generator_cpp/cmake)
[0.839s] -- Using all available rosidl_typesupport_c: rosidl_typesupport_fastrtps_c;rosidl_typesupport_introspection_c
[0.852s] -- Using all available rosidl_typesupport_cpp: rosidl_typesupport_fastrtps_cpp;rosidl_typesupport_introspection_cpp
[0.888s] -- Found rmw_implementation_cmake: 6.1.2 (/opt/ros/humble/share/rmw_implementation_cmake/cmake)
[0.890s] -- Found rmw_fastrtps_cpp: 6.2.7 (/opt/ros/humble/share/rmw_fastrtps_cpp/cmake)
[0.967s] -- Found OpenSSL: /usr/lib/x86_64-linux-gnu/libcrypto.so (found version "3.0.2")  
[0.992s] -- Found FastRTPS: /opt/ros/humble/include  
[1.035s] -- Using RMW implementation 'rmw_fastrtps_cpp' as default
[1.042s] -- Looking for pthread.h
[1.107s] -- Looking for pthread.h - found
[1.107s] -- Performing Test CMAKE_HAVE_LIBC_PTHREAD
[1.172s] -- Performing Test CMAKE_HAVE_LIBC_PTHREAD - Success
[1.173s] -- Found Threads: TRUE  
[1.212s] -- Found rclpy: 3.3.16 (/opt/ros/humble/share/rclpy/cmake)
[1.214s] -- Found geometry_msgs: 4.8.0 (/opt/ros/humble/share/geometry_msgs/cmake)
[1.224s] -- Found visualization_msgs: 4.8.0 (/opt/ros/humble/share/visualization_msgs/cmake)
[1.255s] -- Found tf2: 0.25.12 (/opt/ros/humble/share/tf2/cmake)
[1.265s] -- Found tf2_geometry_msgs: 0.25.12 (/opt/ros/humble/share/tf2_geometry_msgs/cmake)
[1.279s] -- Found eigen3_cmake_module: 0.1.1 (/opt/ros/humble/share/eigen3_cmake_module/cmake)
[1.280s] -- Found Eigen3: TRUE (found version "3.4.0") 
[1.280s] -- Ensuring Eigen3 include directory is part of orocos-kdl CMake target
[1.355s] -- Found pcl_conversions: 2.4.5 (/opt/ros/humble/share/pcl_conversions/cmake)
[1.383s] -- Checking for module 'eigen3'
[1.395s] --   Found eigen3, version 3.4.0
[1.426s] -- Found Eigen: /usr/include/eigen3 (Required is at least version "3.1") 
[1.426s] -- Eigen found (include: /usr/include/eigen3, version: 3.4.0)
[1.460s] -- Checking for module 'flann'
[1.472s] --   Found flann, version 1.9.1
[1.511s] -- Found FLANN: /usr/lib/x86_64-linux-gnu/libflann_cpp.so  
[1.511s] -- FLANN found (include: /usr/include, lib: /usr/lib/x86_64-linux-gnu/libflann_cpp.so)
[2.597s] -- Checking for module 'libusb-1.0'
[2.638s] --   Found libusb-1.0, version 1.0.25
[2.776s] -- Found libusb: /usr/lib/x86_64-linux-gnu/libusb-1.0.so  
[2.776s] -- OpenNI found (version: 1.5.4.0, include: /usr/include/ni, lib: /usr/lib/libOpenNI.so;libusb::libusb)
[2.974s] -- OpenNI2 found (version: 2.2.0.33, include: /usr/include/openni2, lib: /usr/lib/x86_64-linux-gnu/libOpenNI2.so;libusb::libusb)
[3.612s] -- Eigen found (include: /usr/include/eigen3, version: 3.4.0)
[3.648s] -- OpenNI found (version: 1.5.4.0, include: /usr/include/ni, lib: /usr/lib/libOpenNI.so;libusb::libusb)
[3.666s] -- OpenNI2 found (version: 2.2.0.33, include: /usr/include/openni2, lib: /usr/lib/x86_64-linux-gnu/libOpenNI2.so;libusb::libusb)
[4.076s] -- Found Qhull version 8.0.2
[4.293s] -- OpenNI found (version: 1.5.4.0, include: /usr/include/ni, lib: /usr/lib/libOpenNI.so;libusb::libusb)
[4.429s] -- Found PCL_COMMON: /usr/lib/x86_64-linux-gnu/libpcl_common.so  
[4.430s] -- Found PCL_KDTREE: /usr/lib/x86_64-linux-gnu/libpcl_kdtree.so  
[4.431s] -- Found PCL_OCTREE: /usr/lib/x86_64-linux-gnu/libpcl_octree.so  
[4.431s] -- Found PCL_SEARCH: /usr/lib/x86_64-linux-gnu/libpcl_search.so  
[4.432s] -- Found PCL_SAMPLE_CONSENSUS: /usr/lib/x86_64-linux-gnu/libpcl_sample_consensus.so  
[4.433s] -- Found PCL_FILTERS: /usr/lib/x86_64-linux-gnu/libpcl_filters.so  
[4.433s] -- Found PCL_2D: /usr/include/pcl-1.12  
[4.433s] -- Found PCL_GEOMETRY: /usr/include/pcl-1.12  
[4.434s] -- Found PCL_IO: /usr/lib/x86_64-linux-gnu/libpcl_io.so  
[4.435s] -- Found PCL_FEATURES: /usr/lib/x86_64-linux-gnu/libpcl_features.so  
[4.436s] -- Found PCL_ML: /usr/lib/x86_64-linux-gnu/libpcl_ml.so  
[4.436s] -- Found PCL_SEGMENTATION: /usr/lib/x86_64-linux-gnu/libpcl_segmentation.so  
[4.437s] -- Found PCL_VISUALIZATION: /usr/lib/x86_64-linux-gnu/libpcl_visualization.so  
[4.438s] -- Found PCL_SURFACE: /usr/lib/x86_64-linux-gnu/libpcl_surface.so  
[4.439s] -- Found PCL_REGISTRATION: /usr/lib/x86_64-linux-gnu/libpcl_registration.so  
[4.439s] -- Found PCL_KEYPOINTS: /usr/lib/x86_64-linux-gnu/libpcl_keypoints.so  
[4.440s] -- Found PCL_TRACKING: /usr/lib/x86_64-linux-gnu/libpcl_tracking.so  
[4.441s] -- Found PCL_RECOGNITION: /usr/lib/x86_64-linux-gnu/libpcl_recognition.so  
[4.442s] -- Found PCL_STEREO: /usr/lib/x86_64-linux-gnu/libpcl_stereo.so  
[4.442s] -- Found PCL_APPS: /usr/lib/x86_64-linux-gnu/libpcl_apps.so  
[4.443s] -- Found PCL_IN_HAND_SCANNER: /usr/include/pcl-1.12  
[4.443s] -- Found PCL_MODELER: /usr/include/pcl-1.12  
[4.444s] -- Found PCL_POINT_CLOUD_EDITOR: /usr/include/pcl-1.12  
[4.444s] -- Found PCL_OUTOFCORE: /usr/lib/x86_64-linux-gnu/libpcl_outofcore.so  
[4.445s] -- Found PCL_PEOPLE: /usr/lib/x86_64-linux-gnu/libpcl_people.so  
[4.447s] [33mCMake Warning (dev) at CMakeLists.txt:27 (find_package):
[4.447s]   Policy CMP0074 is not set: find_package uses <PackageName>_ROOT variables.
[4.447s]   Run "cmake --help-policy CMP0074" for policy details.  Use the cmake_policy
[4.447s]   command to set the policy and suppress this warning.
[4.447s] 
[4.447s]   CMake variable PCL_ROOT is set to:
[4.447s] 
[4.447s]     /usr
[4.448s] 
[4.448s]   For compatibility, CMake is ignoring the variable.
[4.448s] This warning is for project developers.  Use -Wno-dev to suppress it.
[4.448s] [0m
[4.540s] -- Configuring done
[4.621s] -- Generating done
[4.649s] -- Build files have been written to: /home/thelegend442/faxic/RINS-kappa/workspace/build/dis_tutorial5
[4.674s] Invoked command in '/home/thelegend442/faxic/RINS-kappa/workspace/build/dis_tutorial5' returned '0': CMAKE_PREFIX_PATH=${CMAKE_PREFIX_PATH}:/home/thelegend442/faxic/RINS-kappa/workspace/install/dis_tutorial2:/opt/ros/humble /usr/bin/cmake /home/thelegend442/faxic/RINS-kappa/workspace/src/dis_tutorial5 -DCMAKE_INSTALL_PREFIX=/home/thelegend442/faxic/RINS-kappa/workspace/install/dis_tutorial5
[4.676s] Invoking command in '/home/thelegend442/faxic/RINS-kappa/workspace/build/dis_tutorial5': CMAKE_PREFIX_PATH=${CMAKE_PREFIX_PATH}:/home/thelegend442/faxic/RINS-kappa/workspace/install/dis_tutorial2:/opt/ros/humble /usr/bin/cmake --build /home/thelegend442/faxic/RINS-kappa/workspace/build/dis_tutorial5 -- -j16 -l16
[4.734s] [ 16%] [32mBuilding CXX object CMakeFiles/pcl_forwarder.dir/src/forwarder.cpp.o[0m
[4.738s] [ 33%] [32mBuilding CXX object CMakeFiles/cylinder_segmentation.dir/src/cylinder_segmentation.cpp.o[0m
[4.739s] [ 50%] [32mBuilding CXX object CMakeFiles/planes.dir/src/planes.cpp.o[0m
[14.473s] [ 66%] [32m[1mLinking CXX executable pcl_forwarder[0m
[14.998s] [ 66%] Built target pcl_forwarder
[15.185s] [ 83%] [32m[1mLinking CXX executable planes[0m
[16.193s] [ 83%] Built target planes
[17.641s] [100%] [32m[1mLinking CXX executable cylinder_segmentation[0m
[19.522s] [100%] Built target cylinder_segmentation
[19.533s] Invoked command in '/home/thelegend442/faxic/RINS-kappa/workspace/build/dis_tutorial5' returned '0': CMAKE_PREFIX_PATH=${CMAKE_PREFIX_PATH}:/home/thelegend442/faxic/RINS-kappa/workspace/install/dis_tutorial2:/opt/ros/humble /usr/bin/cmake --build /home/thelegend442/faxic/RINS-kappa/workspace/build/dis_tutorial5 -- -j16 -l16
[19.534s] Invoking command in '/home/thelegend442/faxic/RINS-kappa/workspace/build/dis_tutorial5': CMAKE_PREFIX_PATH=${CMAKE_PREFIX_PATH}:/home/thelegend442/faxic/RINS-kappa/workspace/install/dis_tutorial2:/opt/ros/humble /usr/bin/cmake --install /home/thelegend442/faxic/RINS-kappa/workspace/build/dis_tutorial5
[19.540s] -- Install configuration: ""
[19.540s] -- Installing: /home/thelegend442/faxic/RINS-kappa/workspace/install/dis_tutorial5/lib/dis_tutorial5/pcl_forwarder
[19.543s] -- Set runtime path of "/home/thelegend442/faxic/RINS-kappa/workspace/install/dis_tutorial5/lib/dis_tutorial5/pcl_forwarder" to ""
[19.543s] -- Installing: /home/thelegend442/faxic/RINS-kappa/workspace/install/dis_tutorial5/lib/dis_tutorial5/planes
[19.547s] -- Set runtime path of "/home/thelegend442/faxic/RINS-kappa/workspace/install/dis_tutorial5/lib/dis_tutorial5/planes" to ""
[19.547s] -- Installing: /home/thelegend442/faxic/RINS-kappa/workspace/install/dis_tutorial5/lib/dis_tutorial5/cylinder_segmentation
[19.551s] -- Set runtime path of "/home/thelegend442/faxic/RINS-kappa/workspace/install/dis_tutorial5/lib/dis_tutorial5/cylinder_segmentation" to ""
[19.551s] -- Installing: /home/thelegend442/faxic/RINS-kappa/workspace/install/dis_tutorial5/lib/dis_tutorial5/detect_rings.py
[19.551s] -- Installing: /home/thelegend442/faxic/RINS-kappa/workspace/install/dis_tutorial5/lib/dis_tutorial5/detect_rings_final.py
[19.551s] -- Installing: /home/thelegend442/faxic/RINS-kappa/workspace/install/dis_tutorial5/lib/dis_tutorial5/save_rings.py
[19.551s] -- Installing: /home/thelegend442/faxic/RINS-kappa/workspace/install/dis_tutorial5/share/ament_index/resource_index/package_run_dependencies/dis_tutorial5
[19.551s] -- Installing: /home/thelegend442/faxic/RINS-kappa/workspace/install/dis_tutorial5/share/ament_index/resource_index/parent_prefix_path/dis_tutorial5
[19.551s] -- Installing: /home/thelegend442/faxic/RINS-kappa/workspace/install/dis_tutorial5/share/dis_tutorial5/environment/ament_prefix_path.sh
[19.552s] -- Installing: /home/thelegend442/faxic/RINS-kappa/workspace/install/dis_tutorial5/share/dis_tutorial5/environment/ament_prefix_path.dsv
[19.552s] -- Installing: /home/thelegend442/faxic/RINS-kappa/workspace/install/dis_tutorial5/share/dis_tutorial5/environment/path.sh
[19.552s] -- Installing: /home/thelegend442/faxic/RINS-kappa/workspace/install/dis_tutorial5/share/dis_tutorial5/environment/path.dsv
[19.552s] -- Installing: /home/thelegend442/faxic/RINS-kappa/workspace/install/dis_tutorial5/share/dis_tutorial5/local_setup.bash
[19.552s] -- Installing: /home/thelegend442/faxic/RINS-kappa/workspace/install/dis_tutorial5/share/dis_tutorial5/local_setup.sh
[19.552s] -- Installing: /home/thelegend442/faxic/RINS-kappa/workspace/install/dis_tutorial5/share/dis_tutorial5/local_setup.zsh
[19.552s] -- Installing: /home/thelegend442/faxic/RINS-kappa/workspace/install/dis_tutorial5/share/dis_tutorial5/local_setup.dsv
[19.552s] -- Installing: /home/thelegend442/faxic/RINS-kappa/workspace/install/dis_tutorial5/share/dis_tutorial5/package.dsv
[19.553s] -- Installing: /home/thelegend442/faxic/RINS-kappa/workspace/install/dis_tutorial5/share/ament_index/resource_index/packages/dis_tutorial5
[19.553s] -- Installing: /home/thelegend442/faxic/RINS-kappa/workspace/install/dis_tutorial5/share/dis_tutorial5/cmake/dis_tutorial5Config.cmake
[19.553s] -- Installing: /home/thelegend442/faxic/RINS-kappa/workspace/install/dis_tutorial5/share/dis_tutorial5/cmake/dis_tutorial5Config-version.cmake
[19.553s] -- Installing: /home/thelegend442/faxic/RINS-kappa/workspace/install/dis_tutorial5/share/dis_tutorial5/package.xml
[19.555s] Invoked command in '/home/thelegend442/faxic/RINS-kappa/workspace/build/dis_tutorial5' returned '0': CMAKE_PREFIX_PATH=${CMAKE_PREFIX_PATH}:/home/thelegend442/faxic/RINS-kappa/workspace/install/dis_tutorial2:/opt/ros/humble /usr/bin/cmake --install /home/thelegend442/faxic/RINS-kappa/workspace/build/dis_tutorial5
