running egg_info
writing ../../build/dis_tutorial2/dis_tutorial2.egg-info/PKG-INFO
writing dependency_links to ../../build/dis_tutorial2/dis_tutorial2.egg-info/dependency_links.txt
writing entry points to ../../build/dis_tutorial2/dis_tutorial2.egg-info/entry_points.txt
writing requirements to ../../build/dis_tutorial2/dis_tutorial2.egg-info/requires.txt
writing top-level names to ../../build/dis_tutorial2/dis_tutorial2.egg-info/top_level.txt
reading manifest file '../../build/dis_tutorial2/dis_tutorial2.egg-info/SOURCES.txt'
writing manifest file '../../build/dis_tutorial2/dis_tutorial2.egg-info/SOURCES.txt'
running build
running build_py
running install
running install_lib
running install_data
running install_egg_info
removing '/home/kappa/RINS-kappa/workspace/install/dis_tutorial2/lib/python3.10/site-packages/dis_tutorial2-0.0.1-py3.10.egg-info' (and everything under it)
Copying ../../build/dis_tutorial2/dis_tutorial2.egg-info to /home/kappa/RINS-kappa/workspace/install/dis_tutorial2/lib/python3.10/site-packages/dis_tutorial2-0.0.1-py3.10.egg-info
running install_scripts
Installing achtung_die_turtle script to /home/kappa/RINS-kappa/workspace/install/dis_tutorial2/lib/dis_tutorial2
Installing draw_client script to /home/kappa/RINS-kappa/workspace/install/dis_tutorial2/lib/dis_tutorial2
Installing draw_shape script to /home/kappa/RINS-kappa/workspace/install/dis_tutorial2/lib/dis_tutorial2
Installing go_to_position script to /home/kappa/RINS-kappa/workspace/install/dis_tutorial2/lib/dis_tutorial2
Installing random_velocity_publisher script to /home/kappa/RINS-kappa/workspace/install/dis_tutorial2/lib/dis_tutorial2
writing list of installed files to '/home/kappa/RINS-kappa/workspace/build/dis_tutorial2/install.log'
