[0.372s] Invoking command in '/home/strazi/RINS-kappa/workspace/build/dis_tutorial3': CMAKE_PREFIX_PATH=${CMAKE_PREFIX_PATH}:/home/strazi/RINS-kappa/workspace/install/dis_tutorial2:/opt/ros/humble /usr/bin/cmake /home/strazi/RINS-kappa/workspace/src/dis_tutorial3 -DCMAKE_INSTALL_PREFIX=/home/strazi/RINS-kappa/workspace/install/dis_tutorial3
[0.476s] -- The C compiler identification is GNU 11.4.0
[0.571s] -- The CXX compiler identification is GNU 11.4.0
[0.587s] -- Detecting C compiler ABI info
[0.717s] -- Detecting C compiler ABI info - done
[0.728s] -- Check for working C compiler: /usr/bin/cc - skipped
[0.728s] -- Detecting C compile features
[0.729s] -- Detecting C compile features - done
[0.735s] -- Detecting CXX compiler ABI info
[0.899s] -- Detecting CXX compiler ABI info - done
[0.909s] -- Check for working CXX compiler: /usr/bin/c++ - skipped
[0.909s] -- Detecting CXX compile features
[0.910s] -- Detecting CXX compile features - done
[0.912s] -- Found ament_cmake: 1.3.11 (/opt/ros/humble/share/ament_cmake/cmake)
[1.157s] -- Found Python3: /usr/bin/python3 (found version "3.10.12") found components: Interpreter 
[1.293s] -- Found rclcpp: 16.0.11 (/opt/ros/humble/share/rclcpp/cmake)
[1.363s] -- Found rosidl_generator_c: 3.1.6 (/opt/ros/humble/share/rosidl_generator_c/cmake)
[1.371s] -- Found rosidl_adapter: 3.1.6 (/opt/ros/humble/share/rosidl_adapter/cmake)
[1.382s] -- Found rosidl_generator_cpp: 3.1.6 (/opt/ros/humble/share/rosidl_generator_cpp/cmake)
[1.402s] -- Using all available rosidl_typesupport_c: rosidl_typesupport_fastrtps_c;rosidl_typesupport_introspection_c
[1.427s] -- Using all available rosidl_typesupport_cpp: rosidl_typesupport_fastrtps_cpp;rosidl_typesupport_introspection_cpp
[1.487s] -- Found rmw_implementation_cmake: 6.1.2 (/opt/ros/humble/share/rmw_implementation_cmake/cmake)
[1.491s] -- Found rmw_fastrtps_cpp: 6.2.7 (/opt/ros/humble/share/rmw_fastrtps_cpp/cmake)
[1.657s] -- Found OpenSSL: /usr/lib/x86_64-linux-gnu/libcrypto.so (found version "3.0.2")  
[1.709s] -- Found FastRTPS: /opt/ros/humble/include  
[1.781s] -- Using RMW implementation 'rmw_fastrtps_cpp' as default
[1.794s] -- Looking for pthread.h
[1.934s] -- Looking for pthread.h - found
[1.934s] -- Performing Test CMAKE_HAVE_LIBC_PTHREAD
[2.064s] -- Performing Test CMAKE_HAVE_LIBC_PTHREAD - Success
[2.067s] -- Found Threads: TRUE  
[2.149s] -- Found rclpy: 3.3.15 (/opt/ros/humble/share/rclpy/cmake)
[2.152s] -- Found std_srvs: 4.2.4 (/opt/ros/humble/share/std_srvs/cmake)
[2.249s] -- Configuring done
[2.259s] -- Generating done
[2.261s] -- Build files have been written to: /home/strazi/RINS-kappa/workspace/build/dis_tutorial3
[2.278s] Invoked command in '/home/strazi/RINS-kappa/workspace/build/dis_tutorial3' returned '0': CMAKE_PREFIX_PATH=${CMAKE_PREFIX_PATH}:/home/strazi/RINS-kappa/workspace/install/dis_tutorial2:/opt/ros/humble /usr/bin/cmake /home/strazi/RINS-kappa/workspace/src/dis_tutorial3 -DCMAKE_INSTALL_PREFIX=/home/strazi/RINS-kappa/workspace/install/dis_tutorial3
[2.281s] Invoking command in '/home/strazi/RINS-kappa/workspace/build/dis_tutorial3': CMAKE_PREFIX_PATH=${CMAKE_PREFIX_PATH}:/home/strazi/RINS-kappa/workspace/install/dis_tutorial2:/opt/ros/humble /usr/bin/cmake --build /home/strazi/RINS-kappa/workspace/build/dis_tutorial3 -- -j12 -l12
[2.357s] Invoked command in '/home/strazi/RINS-kappa/workspace/build/dis_tutorial3' returned '0': CMAKE_PREFIX_PATH=${CMAKE_PREFIX_PATH}:/home/strazi/RINS-kappa/workspace/install/dis_tutorial2:/opt/ros/humble /usr/bin/cmake --build /home/strazi/RINS-kappa/workspace/build/dis_tutorial3 -- -j12 -l12
[2.372s] Invoking command in '/home/strazi/RINS-kappa/workspace/build/dis_tutorial3': CMAKE_PREFIX_PATH=${CMAKE_PREFIX_PATH}:/home/strazi/RINS-kappa/workspace/install/dis_tutorial2:/opt/ros/humble /usr/bin/cmake --install /home/strazi/RINS-kappa/workspace/build/dis_tutorial3
[2.386s] -- Install configuration: ""
[2.386s] -- Installing: /home/strazi/RINS-kappa/workspace/install/dis_tutorial3/share/dis_tutorial3//launch
[2.386s] -- Installing: /home/strazi/RINS-kappa/workspace/install/dis_tutorial3/share/dis_tutorial3//launch/sim_turtlebot_nav.launch.py
[2.386s] -- Installing: /home/strazi/RINS-kappa/workspace/install/dis_tutorial3/share/dis_tutorial3//launch/ignition.launch.py
[2.387s] -- Installing: /home/strazi/RINS-kappa/workspace/install/dis_tutorial3/share/dis_tutorial3//launch/dis_sim.launch.py
[2.387s] -- Installing: /home/strazi/RINS-kappa/workspace/install/dis_tutorial3/share/dis_tutorial3//launch/create3_nodes.launch.py
[2.387s] -- Installing: /home/strazi/RINS-kappa/workspace/install/dis_tutorial3/share/dis_tutorial3//launch/localization.launch.py
[2.387s] -- Installing: /home/strazi/RINS-kappa/workspace/install/dis_tutorial3/share/dis_tutorial3//launch/turtlebot4_spawn_nav.launch.py
[2.387s] -- Installing: /home/strazi/RINS-kappa/workspace/install/dis_tutorial3/share/dis_tutorial3//launch/turtlebot4_spawn.launch.py
[2.387s] -- Installing: /home/strazi/RINS-kappa/workspace/install/dis_tutorial3/share/dis_tutorial3//launch/slam.launch.py
[2.387s] -- Installing: /home/strazi/RINS-kappa/workspace/install/dis_tutorial3/share/dis_tutorial3//launch/nav2.launch.py
[2.388s] -- Installing: /home/strazi/RINS-kappa/workspace/install/dis_tutorial3/share/dis_tutorial3//launch/sim_turtlebot_slam.launch.py
[2.388s] -- Installing: /home/strazi/RINS-kappa/workspace/install/dis_tutorial3/share/dis_tutorial3//config
[2.388s] -- Installing: /home/strazi/RINS-kappa/workspace/install/dis_tutorial3/share/dis_tutorial3//config/slam.yaml
[2.388s] -- Installing: /home/strazi/RINS-kappa/workspace/install/dis_tutorial3/share/dis_tutorial3//config/laser_filter_chain.yaml
[2.389s] -- Installing: /home/strazi/RINS-kappa/workspace/install/dis_tutorial3/share/dis_tutorial3//config/nav2.yaml
[2.389s] -- Installing: /home/strazi/RINS-kappa/workspace/install/dis_tutorial3/share/dis_tutorial3//config/localization.yaml
[2.389s] -- Installing: /home/strazi/RINS-kappa/workspace/install/dis_tutorial3/share/dis_tutorial3//worlds
[2.389s] -- Installing: /home/strazi/RINS-kappa/workspace/install/dis_tutorial3/share/dis_tutorial3//worlds/empty.sdf
[2.390s] -- Installing: /home/strazi/RINS-kappa/workspace/install/dis_tutorial3/share/dis_tutorial3//worlds/demo2.sdf
[2.390s] -- Installing: /home/strazi/RINS-kappa/workspace/install/dis_tutorial3/share/dis_tutorial3//worlds/dis_meshes
[2.390s] -- Installing: /home/strazi/RINS-kappa/workspace/install/dis_tutorial3/share/dis_tutorial3//worlds/dis_meshes/map.dae
[2.390s] -- Installing: /home/strazi/RINS-kappa/workspace/install/dis_tutorial3/share/dis_tutorial3//worlds/dis_meshes/qr2.jpg
[2.391s] -- Installing: /home/strazi/RINS-kappa/workspace/install/dis_tutorial3/share/dis_tutorial3//worlds/dis_meshes/davinci.jpg
[2.391s] -- Installing: /home/strazi/RINS-kappa/workspace/install/dis_tutorial3/share/dis_tutorial3//worlds/dis_meshes/person5.jpg
[2.392s] -- Installing: /home/strazi/RINS-kappa/workspace/install/dis_tutorial3/share/dis_tutorial3//worlds/dis_meshes/fakering3.jpg
[2.392s] -- Installing: /home/strazi/RINS-kappa/workspace/install/dis_tutorial3/share/dis_tutorial3//worlds/dis_meshes/cylinders.jpg
[2.393s] -- Installing: /home/strazi/RINS-kappa/workspace/install/dis_tutorial3/share/dis_tutorial3//worlds/dis_meshes/person4.jpg
[2.393s] -- Installing: /home/strazi/RINS-kappa/workspace/install/dis_tutorial3/share/dis_tutorial3//worlds/dis_meshes/fakering1.jpg
[2.394s] -- Installing: /home/strazi/RINS-kappa/workspace/install/dis_tutorial3/share/dis_tutorial3//worlds/dis_meshes/mona1.jpg
[2.394s] -- Installing: /home/strazi/RINS-kappa/workspace/install/dis_tutorial3/share/dis_tutorial3//worlds/dis_meshes/wood.jpg
[2.396s] -- Installing: /home/strazi/RINS-kappa/workspace/install/dis_tutorial3/share/dis_tutorial3//worlds/dis_meshes/objects.jpg
[2.396s] -- Installing: /home/strazi/RINS-kappa/workspace/install/dis_tutorial3/share/dis_tutorial3//worlds/dis_meshes/ground.jpg
[2.396s] -- Installing: /home/strazi/RINS-kappa/workspace/install/dis_tutorial3/share/dis_tutorial3//worlds/dis_meshes/person3.jpg
[2.397s] -- Installing: /home/strazi/RINS-kappa/workspace/install/dis_tutorial3/share/dis_tutorial3//worlds/dis_meshes/map_colliders.dae
[2.397s] -- Installing: /home/strazi/RINS-kappa/workspace/install/dis_tutorial3/share/dis_tutorial3//worlds/dis_meshes/fakering2.jpg
[2.397s] -- Installing: /home/strazi/RINS-kappa/workspace/install/dis_tutorial3/share/dis_tutorial3//worlds/dis_meshes/person1.jpg
[2.398s] -- Installing: /home/strazi/RINS-kappa/workspace/install/dis_tutorial3/share/dis_tutorial3//worlds/dis_meshes/qr1.jpg
[2.398s] -- Installing: /home/strazi/RINS-kappa/workspace/install/dis_tutorial3/share/dis_tutorial3//worlds/dis_meshes/parking_space.jpg
[2.398s] -- Installing: /home/strazi/RINS-kappa/workspace/install/dis_tutorial3/share/dis_tutorial3//worlds/dis_meshes/person2.jpg
[2.399s] -- Installing: /home/strazi/RINS-kappa/workspace/install/dis_tutorial3/share/dis_tutorial3//worlds/demo2_meshes
[2.399s] -- Installing: /home/strazi/RINS-kappa/workspace/install/dis_tutorial3/share/dis_tutorial3//worlds/demo2_meshes/person20.png
[2.399s] -- Installing: /home/strazi/RINS-kappa/workspace/install/dis_tutorial3/share/dis_tutorial3//worlds/demo2_meshes/map.dae
[2.401s] -- Installing: /home/strazi/RINS-kappa/workspace/install/dis_tutorial3/share/dis_tutorial3//worlds/demo2_meshes/qr2.jpg
[2.401s] -- Installing: /home/strazi/RINS-kappa/workspace/install/dis_tutorial3/share/dis_tutorial3//worlds/demo2_meshes/fakering3.jpg
[2.401s] -- Installing: /home/strazi/RINS-kappa/workspace/install/dis_tutorial3/share/dis_tutorial3//worlds/demo2_meshes/cylinders.jpg
[2.401s] -- Installing: /home/strazi/RINS-kappa/workspace/install/dis_tutorial3/share/dis_tutorial3//worlds/demo2_meshes/fakering1.jpg
[2.402s] -- Installing: /home/strazi/RINS-kappa/workspace/install/dis_tutorial3/share/dis_tutorial3//worlds/demo2_meshes/person18.png
[2.402s] -- Installing: /home/strazi/RINS-kappa/workspace/install/dis_tutorial3/share/dis_tutorial3//worlds/demo2_meshes/person9.png
[2.404s] -- Installing: /home/strazi/RINS-kappa/workspace/install/dis_tutorial3/share/dis_tutorial3//worlds/demo2_meshes/objects.jpg
[2.405s] -- Installing: /home/strazi/RINS-kappa/workspace/install/dis_tutorial3/share/dis_tutorial3//worlds/demo2_meshes/person8.png
[2.405s] -- Installing: /home/strazi/RINS-kappa/workspace/install/dis_tutorial3/share/dis_tutorial3//worlds/demo2_meshes/ground.jpg
[2.405s] -- Installing: /home/strazi/RINS-kappa/workspace/install/dis_tutorial3/share/dis_tutorial3//worlds/demo2_meshes/map_colliders.dae
[2.406s] -- Installing: /home/strazi/RINS-kappa/workspace/install/dis_tutorial3/share/dis_tutorial3//worlds/demo2_meshes/fakering2.jpg
[2.407s] -- Installing: /home/strazi/RINS-kappa/workspace/install/dis_tutorial3/share/dis_tutorial3//worlds/demo2_meshes/person6.png
[2.407s] -- Installing: /home/strazi/RINS-kappa/workspace/install/dis_tutorial3/share/dis_tutorial3//worlds/demo2_meshes/qr1.jpg
[2.407s] -- Installing: /home/strazi/RINS-kappa/workspace/install/dis_tutorial3/share/dis_tutorial3//worlds/demo2_meshes/parking_space.jpg
[2.407s] -- Installing: /home/strazi/RINS-kappa/workspace/install/dis_tutorial3/share/dis_tutorial3//worlds/demo2_meshes/person7.png
[2.408s] -- Installing: /home/strazi/RINS-kappa/workspace/install/dis_tutorial3/share/dis_tutorial3//worlds/demo4.sdf
[2.408s] -- Installing: /home/strazi/RINS-kappa/workspace/install/dis_tutorial3/share/dis_tutorial3//worlds/demo4_meshes
[2.408s] -- Installing: /home/strazi/RINS-kappa/workspace/install/dis_tutorial3/share/dis_tutorial3//worlds/demo4_meshes/map.dae
[2.410s] -- Installing: /home/strazi/RINS-kappa/workspace/install/dis_tutorial3/share/dis_tutorial3//worlds/demo4_meshes/qr2.jpg
[2.410s] -- Installing: /home/strazi/RINS-kappa/workspace/install/dis_tutorial3/share/dis_tutorial3//worlds/demo4_meshes/black.jpg
[2.410s] -- Installing: /home/strazi/RINS-kappa/workspace/install/dis_tutorial3/share/dis_tutorial3//worlds/demo4_meshes/yellow.jpg
[2.410s] -- Installing: /home/strazi/RINS-kappa/workspace/install/dis_tutorial3/share/dis_tutorial3//worlds/demo4_meshes/fakering3.jpg
[2.411s] -- Installing: /home/strazi/RINS-kappa/workspace/install/dis_tutorial3/share/dis_tutorial3//worlds/demo4_meshes/red.jpg
[2.411s] -- Installing: /home/strazi/RINS-kappa/workspace/install/dis_tutorial3/share/dis_tutorial3//worlds/demo4_meshes/fakering1.jpg
[2.411s] -- Installing: /home/strazi/RINS-kappa/workspace/install/dis_tutorial3/share/dis_tutorial3//worlds/demo4_meshes/blue.jpg
[2.412s] -- Installing: /home/strazi/RINS-kappa/workspace/install/dis_tutorial3/share/dis_tutorial3//worlds/demo4_meshes/person2.png.001.png
[2.413s] -- Installing: /home/strazi/RINS-kappa/workspace/install/dis_tutorial3/share/dis_tutorial3//worlds/demo4_meshes/person5.png.001.png
[2.414s] -- Installing: /home/strazi/RINS-kappa/workspace/install/dis_tutorial3/share/dis_tutorial3//worlds/demo4_meshes/objects.jpg
[2.414s] -- Installing: /home/strazi/RINS-kappa/workspace/install/dis_tutorial3/share/dis_tutorial3//worlds/demo4_meshes/person4.png.001.png
[2.415s] -- Installing: /home/strazi/RINS-kappa/workspace/install/dis_tutorial3/share/dis_tutorial3//worlds/demo4_meshes/ground.jpg
[2.415s] -- Installing: /home/strazi/RINS-kappa/workspace/install/dis_tutorial3/share/dis_tutorial3//worlds/demo4_meshes/map_colliders.dae
[2.416s] -- Installing: /home/strazi/RINS-kappa/workspace/install/dis_tutorial3/share/dis_tutorial3//worlds/demo4_meshes/person13.png
[2.417s] -- Installing: /home/strazi/RINS-kappa/workspace/install/dis_tutorial3/share/dis_tutorial3//worlds/demo4_meshes/fakering2.jpg
[2.418s] -- Installing: /home/strazi/RINS-kappa/workspace/install/dis_tutorial3/share/dis_tutorial3//worlds/demo4_meshes/person6.png
[2.418s] -- Installing: /home/strazi/RINS-kappa/workspace/install/dis_tutorial3/share/dis_tutorial3//worlds/demo4_meshes/qr1.jpg
[2.419s] -- Installing: /home/strazi/RINS-kappa/workspace/install/dis_tutorial3/share/dis_tutorial3//worlds/demo4_meshes/parking_space.jpg
[2.419s] -- Installing: /home/strazi/RINS-kappa/workspace/install/dis_tutorial3/share/dis_tutorial3//worlds/demo4_meshes/person3.png.001.png
[2.420s] -- Installing: /home/strazi/RINS-kappa/workspace/install/dis_tutorial3/share/dis_tutorial3//worlds/demo4_meshes/green.jpg
[2.420s] -- Installing: /home/strazi/RINS-kappa/workspace/install/dis_tutorial3/share/dis_tutorial3//worlds/demo3.sdf
[2.421s] -- Installing: /home/strazi/RINS-kappa/workspace/install/dis_tutorial3/share/dis_tutorial3//worlds/demo3_meshes
[2.421s] -- Installing: /home/strazi/RINS-kappa/workspace/install/dis_tutorial3/share/dis_tutorial3//worlds/demo3_meshes/map.dae
[2.422s] -- Installing: /home/strazi/RINS-kappa/workspace/install/dis_tutorial3/share/dis_tutorial3//worlds/demo3_meshes/qr2.jpg
[2.422s] -- Installing: /home/strazi/RINS-kappa/workspace/install/dis_tutorial3/share/dis_tutorial3//worlds/demo3_meshes/person24.png
[2.423s] -- Installing: /home/strazi/RINS-kappa/workspace/install/dis_tutorial3/share/dis_tutorial3//worlds/demo3_meshes/black.jpg
[2.423s] -- Installing: /home/strazi/RINS-kappa/workspace/install/dis_tutorial3/share/dis_tutorial3//worlds/demo3_meshes/yellow.jpg
[2.423s] -- Installing: /home/strazi/RINS-kappa/workspace/install/dis_tutorial3/share/dis_tutorial3//worlds/demo3_meshes/fakering3.jpg
[2.423s] -- Installing: /home/strazi/RINS-kappa/workspace/install/dis_tutorial3/share/dis_tutorial3//worlds/demo3_meshes/red.jpg
[2.424s] -- Installing: /home/strazi/RINS-kappa/workspace/install/dis_tutorial3/share/dis_tutorial3//worlds/demo3_meshes/fakering1.jpg
[2.425s] -- Installing: /home/strazi/RINS-kappa/workspace/install/dis_tutorial3/share/dis_tutorial3//worlds/demo3_meshes/blue.jpg
[2.425s] -- Installing: /home/strazi/RINS-kappa/workspace/install/dis_tutorial3/share/dis_tutorial3//worlds/demo3_meshes/person15.png
[2.425s] -- Installing: /home/strazi/RINS-kappa/workspace/install/dis_tutorial3/share/dis_tutorial3//worlds/demo3_meshes/objects.jpg
[2.426s] -- Installing: /home/strazi/RINS-kappa/workspace/install/dis_tutorial3/share/dis_tutorial3//worlds/demo3_meshes/person17.png
[2.426s] -- Installing: /home/strazi/RINS-kappa/workspace/install/dis_tutorial3/share/dis_tutorial3//worlds/demo3_meshes/ground.jpg
[2.427s] -- Installing: /home/strazi/RINS-kappa/workspace/install/dis_tutorial3/share/dis_tutorial3//worlds/demo3_meshes/map_colliders.dae
[2.427s] -- Installing: /home/strazi/RINS-kappa/workspace/install/dis_tutorial3/share/dis_tutorial3//worlds/demo3_meshes/fakering2.jpg
[2.427s] -- Installing: /home/strazi/RINS-kappa/workspace/install/dis_tutorial3/share/dis_tutorial3//worlds/demo3_meshes/qr1.jpg
[2.428s] -- Installing: /home/strazi/RINS-kappa/workspace/install/dis_tutorial3/share/dis_tutorial3//worlds/demo3_meshes/person21.png
[2.429s] -- Installing: /home/strazi/RINS-kappa/workspace/install/dis_tutorial3/share/dis_tutorial3//worlds/demo3_meshes/parking_space.jpg
[2.429s] -- Installing: /home/strazi/RINS-kappa/workspace/install/dis_tutorial3/share/dis_tutorial3//worlds/demo3_meshes/person22.png
[2.430s] -- Installing: /home/strazi/RINS-kappa/workspace/install/dis_tutorial3/share/dis_tutorial3//worlds/demo3_meshes/green.jpg
[2.430s] -- Installing: /home/strazi/RINS-kappa/workspace/install/dis_tutorial3/share/dis_tutorial3//worlds/dis.sdf
[2.431s] -- Installing: /home/strazi/RINS-kappa/workspace/install/dis_tutorial3/share/dis_tutorial3//worlds/demo1_meshes
[2.431s] -- Installing: /home/strazi/RINS-kappa/workspace/install/dis_tutorial3/share/dis_tutorial3//worlds/demo1_meshes/map.dae
[2.432s] -- Installing: /home/strazi/RINS-kappa/workspace/install/dis_tutorial3/share/dis_tutorial3//worlds/demo1_meshes/qr2.jpg
[2.432s] -- Installing: /home/strazi/RINS-kappa/workspace/install/dis_tutorial3/share/dis_tutorial3//worlds/demo1_meshes/person11.png
[2.432s] -- Installing: /home/strazi/RINS-kappa/workspace/install/dis_tutorial3/share/dis_tutorial3//worlds/demo1_meshes/person1.png
[2.433s] -- Installing: /home/strazi/RINS-kappa/workspace/install/dis_tutorial3/share/dis_tutorial3//worlds/demo1_meshes/fakering3.jpg
[2.434s] -- Installing: /home/strazi/RINS-kappa/workspace/install/dis_tutorial3/share/dis_tutorial3//worlds/demo1_meshes/cylinders.jpg
[2.434s] -- Installing: /home/strazi/RINS-kappa/workspace/install/dis_tutorial3/share/dis_tutorial3//worlds/demo1_meshes/person3.png
[2.435s] -- Installing: /home/strazi/RINS-kappa/workspace/install/dis_tutorial3/share/dis_tutorial3//worlds/demo1_meshes/fakering1.jpg
[2.435s] -- Installing: /home/strazi/RINS-kappa/workspace/install/dis_tutorial3/share/dis_tutorial3//worlds/demo1_meshes/objects.jpg
[2.436s] -- Installing: /home/strazi/RINS-kappa/workspace/install/dis_tutorial3/share/dis_tutorial3//worlds/demo1_meshes/person5.png
[2.436s] -- Installing: /home/strazi/RINS-kappa/workspace/install/dis_tutorial3/share/dis_tutorial3//worlds/demo1_meshes/person4.png
[2.437s] -- Installing: /home/strazi/RINS-kappa/workspace/install/dis_tutorial3/share/dis_tutorial3//worlds/demo1_meshes/ground.jpg
[2.437s] -- Installing: /home/strazi/RINS-kappa/workspace/install/dis_tutorial3/share/dis_tutorial3//worlds/demo1_meshes/person2.png
[2.438s] -- Installing: /home/strazi/RINS-kappa/workspace/install/dis_tutorial3/share/dis_tutorial3//worlds/demo1_meshes/map_colliders.dae
[2.439s] -- Installing: /home/strazi/RINS-kappa/workspace/install/dis_tutorial3/share/dis_tutorial3//worlds/demo1_meshes/fakering2.jpg
[2.439s] -- Installing: /home/strazi/RINS-kappa/workspace/install/dis_tutorial3/share/dis_tutorial3//worlds/demo1_meshes/qr1.jpg
[2.439s] -- Installing: /home/strazi/RINS-kappa/workspace/install/dis_tutorial3/share/dis_tutorial3//worlds/demo1_meshes/parking_space.jpg
[2.440s] -- Installing: /home/strazi/RINS-kappa/workspace/install/dis_tutorial3/share/dis_tutorial3//worlds/2024
[2.440s] -- Installing: /home/strazi/RINS-kappa/workspace/install/dis_tutorial3/share/dis_tutorial3//worlds/2024/task3_meshes
[2.440s] -- Installing: /home/strazi/RINS-kappa/workspace/install/dis_tutorial3/share/dis_tutorial3//worlds/2024/task3_meshes/map.dae
[2.442s] -- Installing: /home/strazi/RINS-kappa/workspace/install/dis_tutorial3/share/dis_tutorial3//worlds/2024/task3_meshes/anomona_3.png
[2.442s] -- Installing: /home/strazi/RINS-kappa/workspace/install/dis_tutorial3/share/dis_tutorial3//worlds/2024/task3_meshes/villager1.png
[2.443s] -- Installing: /home/strazi/RINS-kappa/workspace/install/dis_tutorial3/share/dis_tutorial3//worlds/2024/task3_meshes/anomona_4.png
[2.444s] -- Installing: /home/strazi/RINS-kappa/workspace/install/dis_tutorial3/share/dis_tutorial3//worlds/2024/task3_meshes/easy_anomona_4.png
[2.445s] -- Installing: /home/strazi/RINS-kappa/workspace/install/dis_tutorial3/share/dis_tutorial3//worlds/2024/task3_meshes/fakering3.jpg
[2.445s] -- Installing: /home/strazi/RINS-kappa/workspace/install/dis_tutorial3/share/dis_tutorial3//worlds/2024/task3_meshes/cylinders.jpg
[2.446s] -- Installing: /home/strazi/RINS-kappa/workspace/install/dis_tutorial3/share/dis_tutorial3//worlds/2024/task3_meshes/villager5.png
[2.447s] -- Installing: /home/strazi/RINS-kappa/workspace/install/dis_tutorial3/share/dis_tutorial3//worlds/2024/task3_meshes/fakering1.jpg
[2.447s] -- Installing: /home/strazi/RINS-kappa/workspace/install/dis_tutorial3/share/dis_tutorial3//worlds/2024/task3_meshes/anomona_1.png
[2.448s] -- Installing: /home/strazi/RINS-kappa/workspace/install/dis_tutorial3/share/dis_tutorial3//worlds/2024/task3_meshes/easy_anomona_2.png
[2.450s] -- Installing: /home/strazi/RINS-kappa/workspace/install/dis_tutorial3/share/dis_tutorial3//worlds/2024/task3_meshes/villager4.png
[2.450s] -- Installing: /home/strazi/RINS-kappa/workspace/install/dis_tutorial3/share/dis_tutorial3//worlds/2024/task3_meshes/qr_cheat.png
[2.450s] -- Installing: /home/strazi/RINS-kappa/workspace/install/dis_tutorial3/share/dis_tutorial3//worlds/2024/task3_meshes/objects.jpg
[2.451s] -- Installing: /home/strazi/RINS-kappa/workspace/install/dis_tutorial3/share/dis_tutorial3//worlds/2024/task3_meshes/easy_anomona_1.png
[2.452s] -- Installing: /home/strazi/RINS-kappa/workspace/install/dis_tutorial3/share/dis_tutorial3//worlds/2024/task3_meshes/qr_wrong.png
[2.452s] -- Installing: /home/strazi/RINS-kappa/workspace/install/dis_tutorial3/share/dis_tutorial3//worlds/2024/task3_meshes/anomona_0.png
[2.453s] -- Installing: /home/strazi/RINS-kappa/workspace/install/dis_tutorial3/share/dis_tutorial3//worlds/2024/task3_meshes/villager2.png
[2.454s] -- Installing: /home/strazi/RINS-kappa/workspace/install/dis_tutorial3/share/dis_tutorial3//worlds/2024/task3_meshes/ground.jpg
[2.454s] -- Installing: /home/strazi/RINS-kappa/workspace/install/dis_tutorial3/share/dis_tutorial3//worlds/2024/task3_meshes/easy_anomona_3.png
[2.455s] -- Installing: /home/strazi/RINS-kappa/workspace/install/dis_tutorial3/share/dis_tutorial3//worlds/2024/task3_meshes/map_colliders.dae
[2.456s] -- Installing: /home/strazi/RINS-kappa/workspace/install/dis_tutorial3/share/dis_tutorial3//worlds/2024/task3_meshes/qr_url.png
[2.456s] -- Installing: /home/strazi/RINS-kappa/workspace/install/dis_tutorial3/share/dis_tutorial3//worlds/2024/task3_meshes/fakering2.jpg
[2.456s] -- Installing: /home/strazi/RINS-kappa/workspace/install/dis_tutorial3/share/dis_tutorial3//worlds/2024/task3_meshes/mona.png
[2.457s] -- Installing: /home/strazi/RINS-kappa/workspace/install/dis_tutorial3/share/dis_tutorial3//worlds/2024/task3_meshes/easy_anomona_0.png
[2.458s] -- Installing: /home/strazi/RINS-kappa/workspace/install/dis_tutorial3/share/dis_tutorial3//worlds/2024/task3_meshes/villager3.png
[2.459s] -- Installing: /home/strazi/RINS-kappa/workspace/install/dis_tutorial3/share/dis_tutorial3//worlds/2024/task3_meshes/anomona_2.png
[2.459s] -- Installing: /home/strazi/RINS-kappa/workspace/install/dis_tutorial3/share/dis_tutorial3//worlds/2024/task3_meshes/parking_space.jpg
[2.460s] -- Installing: /home/strazi/RINS-kappa/workspace/install/dis_tutorial3/share/dis_tutorial3//worlds/2024/task3.sdf
[2.460s] -- Installing: /home/strazi/RINS-kappa/workspace/install/dis_tutorial3/share/dis_tutorial3//worlds/2024/task2_demo2_meshes
[2.461s] -- Installing: /home/strazi/RINS-kappa/workspace/install/dis_tutorial3/share/dis_tutorial3//worlds/2024/task2_demo2_meshes/map.dae
[2.461s] -- Installing: /home/strazi/RINS-kappa/workspace/install/dis_tutorial3/share/dis_tutorial3//worlds/2024/task2_demo2_meshes/fakering3.jpg
[2.462s] -- Installing: /home/strazi/RINS-kappa/workspace/install/dis_tutorial3/share/dis_tutorial3//worlds/2024/task2_demo2_meshes/cylinders.jpg
[2.462s] -- Installing: /home/strazi/RINS-kappa/workspace/install/dis_tutorial3/share/dis_tutorial3//worlds/2024/task2_demo2_meshes/fakering1.jpg
[2.462s] -- Installing: /home/strazi/RINS-kappa/workspace/install/dis_tutorial3/share/dis_tutorial3//worlds/2024/task2_demo2_meshes/objects.jpg
[2.463s] -- Installing: /home/strazi/RINS-kappa/workspace/install/dis_tutorial3/share/dis_tutorial3//worlds/2024/task2_demo2_meshes/ground.jpg
[2.463s] -- Installing: /home/strazi/RINS-kappa/workspace/install/dis_tutorial3/share/dis_tutorial3//worlds/2024/task2_demo2_meshes/map_colliders.dae
[2.463s] -- Installing: /home/strazi/RINS-kappa/workspace/install/dis_tutorial3/share/dis_tutorial3//worlds/2024/task2_demo2_meshes/fakering2.jpg
[2.463s] -- Installing: /home/strazi/RINS-kappa/workspace/install/dis_tutorial3/share/dis_tutorial3//worlds/2024/task2_demo2_meshes/parking_space.jpg
[2.464s] -- Installing: /home/strazi/RINS-kappa/workspace/install/dis_tutorial3/share/dis_tutorial3//worlds/2024/task2_demo2.sdf
[2.464s] -- Installing: /home/strazi/RINS-kappa/workspace/install/dis_tutorial3/share/dis_tutorial3//worlds/2024/task2_demo1_meshes
[2.464s] -- Installing: /home/strazi/RINS-kappa/workspace/install/dis_tutorial3/share/dis_tutorial3//worlds/2024/task2_demo1_meshes/map.dae
[2.465s] -- Installing: /home/strazi/RINS-kappa/workspace/install/dis_tutorial3/share/dis_tutorial3//worlds/2024/task2_demo1_meshes/fakering3.jpg
[2.465s] -- Installing: /home/strazi/RINS-kappa/workspace/install/dis_tutorial3/share/dis_tutorial3//worlds/2024/task2_demo1_meshes/cylinders.jpg
[2.466s] -- Installing: /home/strazi/RINS-kappa/workspace/install/dis_tutorial3/share/dis_tutorial3//worlds/2024/task2_demo1_meshes/fakering1.jpg
[2.466s] -- Installing: /home/strazi/RINS-kappa/workspace/install/dis_tutorial3/share/dis_tutorial3//worlds/2024/task2_demo1_meshes/objects.jpg
[2.466s] -- Installing: /home/strazi/RINS-kappa/workspace/install/dis_tutorial3/share/dis_tutorial3//worlds/2024/task2_demo1_meshes/ground.jpg
[2.467s] -- Installing: /home/strazi/RINS-kappa/workspace/install/dis_tutorial3/share/dis_tutorial3//worlds/2024/task2_demo1_meshes/map_colliders.dae
[2.467s] -- Installing: /home/strazi/RINS-kappa/workspace/install/dis_tutorial3/share/dis_tutorial3//worlds/2024/task2_demo1_meshes/fakering2.jpg
[2.468s] -- Installing: /home/strazi/RINS-kappa/workspace/install/dis_tutorial3/share/dis_tutorial3//worlds/2024/task2_demo1_meshes/parking_space.jpg
[2.468s] -- Installing: /home/strazi/RINS-kappa/workspace/install/dis_tutorial3/share/dis_tutorial3//worlds/2024/task2_demo1.sdf
[2.468s] -- Installing: /home/strazi/RINS-kappa/workspace/install/dis_tutorial3/share/dis_tutorial3//worlds/demo1.sdf
[2.469s] -- Installing: /home/strazi/RINS-kappa/workspace/install/dis_tutorial3/share/dis_tutorial3//maps
[2.469s] -- Installing: /home/strazi/RINS-kappa/workspace/install/dis_tutorial3/share/dis_tutorial3//maps/map.pgm
[2.469s] -- Installing: /home/strazi/RINS-kappa/workspace/install/dis_tutorial3/share/dis_tutorial3//maps/map.yaml
[2.469s] -- Installing: /home/strazi/RINS-kappa/workspace/install/dis_tutorial3/lib/dis_tutorial3/detect_people.py
[2.469s] -- Installing: /home/strazi/RINS-kappa/workspace/install/dis_tutorial3/lib/dis_tutorial3/robot_commander.py
[2.470s] -- Installing: /home/strazi/RINS-kappa/workspace/install/dis_tutorial3/lib/dis_tutorial3/save_faces.py
[2.470s] -- Installing: /home/strazi/RINS-kappa/workspace/install/dis_tutorial3/share/ament_index/resource_index/package_run_dependencies/dis_tutorial3
[2.470s] -- Installing: /home/strazi/RINS-kappa/workspace/install/dis_tutorial3/share/ament_index/resource_index/parent_prefix_path/dis_tutorial3
[2.471s] -- Installing: /home/strazi/RINS-kappa/workspace/install/dis_tutorial3/share/dis_tutorial3/environment/ament_prefix_path.sh
[2.471s] -- Installing: /home/strazi/RINS-kappa/workspace/install/dis_tutorial3/share/dis_tutorial3/environment/ament_prefix_path.dsv
[2.471s] -- Installing: /home/strazi/RINS-kappa/workspace/install/dis_tutorial3/share/dis_tutorial3/environment/path.sh
[2.472s] -- Installing: /home/strazi/RINS-kappa/workspace/install/dis_tutorial3/share/dis_tutorial3/environment/path.dsv
[2.472s] -- Installing: /home/strazi/RINS-kappa/workspace/install/dis_tutorial3/share/dis_tutorial3/local_setup.bash
[2.472s] -- Installing: /home/strazi/RINS-kappa/workspace/install/dis_tutorial3/share/dis_tutorial3/local_setup.sh
[2.472s] -- Installing: /home/strazi/RINS-kappa/workspace/install/dis_tutorial3/share/dis_tutorial3/local_setup.zsh
[2.472s] -- Installing: /home/strazi/RINS-kappa/workspace/install/dis_tutorial3/share/dis_tutorial3/local_setup.dsv
[2.473s] -- Installing: /home/strazi/RINS-kappa/workspace/install/dis_tutorial3/share/dis_tutorial3/package.dsv
[2.473s] -- Installing: /home/strazi/RINS-kappa/workspace/install/dis_tutorial3/share/ament_index/resource_index/packages/dis_tutorial3
[2.473s] -- Installing: /home/strazi/RINS-kappa/workspace/install/dis_tutorial3/share/dis_tutorial3/cmake/dis_tutorial3Config.cmake
[2.474s] -- Installing: /home/strazi/RINS-kappa/workspace/install/dis_tutorial3/share/dis_tutorial3/cmake/dis_tutorial3Config-version.cmake
[2.474s] -- Installing: /home/strazi/RINS-kappa/workspace/install/dis_tutorial3/share/dis_tutorial3/package.xml
[2.478s] Invoked command in '/home/strazi/RINS-kappa/workspace/build/dis_tutorial3' returned '0': CMAKE_PREFIX_PATH=${CMAKE_PREFIX_PATH}:/home/strazi/RINS-kappa/workspace/install/dis_tutorial2:/opt/ros/humble /usr/bin/cmake --install /home/strazi/RINS-kappa/workspace/build/dis_tutorial3
