-- Install configuration: ""
-- Up-to-date: /home/thelegend442/faxic/RINS-kappa/workspace/install/task_2s/share/task_2s//launch
-- Up-to-date: /home/thelegend442/faxic/RINS-kappa/workspace/install/task_2s/share/task_2s//launch/dis_sim.launch.py
-- Up-to-date: /home/thelegend442/faxic/RINS-kappa/workspace/install/task_2s/share/task_2s//launch/nav2.launch.py
-- Up-to-date: /home/thelegend442/faxic/RINS-kappa/workspace/install/task_2s/share/task_2s//launch/sim_turtlebot_slam.launch.py
-- Up-to-date: /home/thelegend442/faxic/RINS-kappa/workspace/install/task_2s/share/task_2s//launch/slam.launch.py
-- Up-to-date: /home/thelegend442/faxic/RINS-kappa/workspace/install/task_2s/share/task_2s//launch/detect.py
-- Up-to-date: /home/thelegend442/faxic/RINS-kappa/workspace/install/task_2s/share/task_2s//launch/rviz_gazebo.launch.py
-- Up-to-date: /home/thelegend442/faxic/RINS-kappa/workspace/install/task_2s/share/task_2s//launch/create3_nodes.launch.py
-- Up-to-date: /home/thelegend442/faxic/RINS-kappa/workspace/install/task_2s/share/task_2s//launch/ignition.launch.py
-- Up-to-date: /home/thelegend442/faxic/RINS-kappa/workspace/install/task_2s/share/task_2s//launch/turtlebot4_spawn.launch.py
-- Up-to-date: /home/thelegend442/faxic/RINS-kappa/workspace/install/task_2s/share/task_2s//launch/sim_turtlebot_nav.launch.py
-- Up-to-date: /home/thelegend442/faxic/RINS-kappa/workspace/install/task_2s/share/task_2s//launch/turtlebot4_spawn_nav.launch.py
-- Up-to-date: /home/thelegend442/faxic/RINS-kappa/workspace/install/task_2s/share/task_2s//launch/localization.launch.py
-- Up-to-date: /home/thelegend442/faxic/RINS-kappa/workspace/install/task_2s/share/task_2s//config
-- Up-to-date: /home/thelegend442/faxic/RINS-kappa/workspace/install/task_2s/share/task_2s//config/laser_filter_chain.yaml
-- Up-to-date: /home/thelegend442/faxic/RINS-kappa/workspace/install/task_2s/share/task_2s//config/nav2.yaml
-- Up-to-date: /home/thelegend442/faxic/RINS-kappa/workspace/install/task_2s/share/task_2s//config/slam.yaml
-- Up-to-date: /home/thelegend442/faxic/RINS-kappa/workspace/install/task_2s/share/task_2s//config/localization.yaml
-- Up-to-date: /home/thelegend442/faxic/RINS-kappa/workspace/install/task_2s/share/task_2s//worlds
-- Up-to-date: /home/thelegend442/faxic/RINS-kappa/workspace/install/task_2s/share/task_2s//worlds/demo4.sdf
-- Up-to-date: /home/thelegend442/faxic/RINS-kappa/workspace/install/task_2s/share/task_2s//worlds/demo3_meshes
-- Up-to-date: /home/thelegend442/faxic/RINS-kappa/workspace/install/task_2s/share/task_2s//worlds/demo3_meshes/map_colliders.dae
-- Up-to-date: /home/thelegend442/faxic/RINS-kappa/workspace/install/task_2s/share/task_2s//worlds/demo3_meshes/fakering1.jpg
-- Up-to-date: /home/thelegend442/faxic/RINS-kappa/workspace/install/task_2s/share/task_2s//worlds/demo3_meshes/parking_space.jpg
-- Up-to-date: /home/thelegend442/faxic/RINS-kappa/workspace/install/task_2s/share/task_2s//worlds/demo3_meshes/person15.png
-- Up-to-date: /home/thelegend442/faxic/RINS-kappa/workspace/install/task_2s/share/task_2s//worlds/demo3_meshes/green.jpg
-- Up-to-date: /home/thelegend442/faxic/RINS-kappa/workspace/install/task_2s/share/task_2s//worlds/demo3_meshes/qr1.jpg
-- Up-to-date: /home/thelegend442/faxic/RINS-kappa/workspace/install/task_2s/share/task_2s//worlds/demo3_meshes/person17.png
-- Up-to-date: /home/thelegend442/faxic/RINS-kappa/workspace/install/task_2s/share/task_2s//worlds/demo3_meshes/objects.jpg
-- Up-to-date: /home/thelegend442/faxic/RINS-kappa/workspace/install/task_2s/share/task_2s//worlds/demo3_meshes/fakering2.jpg
-- Up-to-date: /home/thelegend442/faxic/RINS-kappa/workspace/install/task_2s/share/task_2s//worlds/demo3_meshes/qr2.jpg
-- Up-to-date: /home/thelegend442/faxic/RINS-kappa/workspace/install/task_2s/share/task_2s//worlds/demo3_meshes/ground.jpg
-- Up-to-date: /home/thelegend442/faxic/RINS-kappa/workspace/install/task_2s/share/task_2s//worlds/demo3_meshes/blue.jpg
-- Up-to-date: /home/thelegend442/faxic/RINS-kappa/workspace/install/task_2s/share/task_2s//worlds/demo3_meshes/fakering3.jpg
-- Up-to-date: /home/thelegend442/faxic/RINS-kappa/workspace/install/task_2s/share/task_2s//worlds/demo3_meshes/person21.png
-- Up-to-date: /home/thelegend442/faxic/RINS-kappa/workspace/install/task_2s/share/task_2s//worlds/demo3_meshes/person24.png
-- Up-to-date: /home/thelegend442/faxic/RINS-kappa/workspace/install/task_2s/share/task_2s//worlds/demo3_meshes/map.dae
-- Up-to-date: /home/thelegend442/faxic/RINS-kappa/workspace/install/task_2s/share/task_2s//worlds/demo3_meshes/person22.png
-- Up-to-date: /home/thelegend442/faxic/RINS-kappa/workspace/install/task_2s/share/task_2s//worlds/demo3_meshes/red.jpg
-- Up-to-date: /home/thelegend442/faxic/RINS-kappa/workspace/install/task_2s/share/task_2s//worlds/demo3_meshes/yellow.jpg
-- Up-to-date: /home/thelegend442/faxic/RINS-kappa/workspace/install/task_2s/share/task_2s//worlds/demo3_meshes/black.jpg
-- Up-to-date: /home/thelegend442/faxic/RINS-kappa/workspace/install/task_2s/share/task_2s//worlds/demo1.sdf
-- Up-to-date: /home/thelegend442/faxic/RINS-kappa/workspace/install/task_2s/share/task_2s//worlds/2024
-- Up-to-date: /home/thelegend442/faxic/RINS-kappa/workspace/install/task_2s/share/task_2s//worlds/2024/task2_demo1.sdf
-- Up-to-date: /home/thelegend442/faxic/RINS-kappa/workspace/install/task_2s/share/task_2s//worlds/2024/task3_meshes
-- Up-to-date: /home/thelegend442/faxic/RINS-kappa/workspace/install/task_2s/share/task_2s//worlds/2024/task3_meshes/map_colliders.dae
-- Up-to-date: /home/thelegend442/faxic/RINS-kappa/workspace/install/task_2s/share/task_2s//worlds/2024/task3_meshes/fakering1.jpg
-- Up-to-date: /home/thelegend442/faxic/RINS-kappa/workspace/install/task_2s/share/task_2s//worlds/2024/task3_meshes/parking_space.jpg
-- Up-to-date: /home/thelegend442/faxic/RINS-kappa/workspace/install/task_2s/share/task_2s//worlds/2024/task3_meshes/villager4.png
-- Up-to-date: /home/thelegend442/faxic/RINS-kappa/workspace/install/task_2s/share/task_2s//worlds/2024/task3_meshes/qr_cheat.png
-- Up-to-date: /home/thelegend442/faxic/RINS-kappa/workspace/install/task_2s/share/task_2s//worlds/2024/task3_meshes/anomona_4.png
-- Up-to-date: /home/thelegend442/faxic/RINS-kappa/workspace/install/task_2s/share/task_2s//worlds/2024/task3_meshes/mona.png
-- Up-to-date: /home/thelegend442/faxic/RINS-kappa/workspace/install/task_2s/share/task_2s//worlds/2024/task3_meshes/villager1.png
-- Up-to-date: /home/thelegend442/faxic/RINS-kappa/workspace/install/task_2s/share/task_2s//worlds/2024/task3_meshes/objects.jpg
-- Up-to-date: /home/thelegend442/faxic/RINS-kappa/workspace/install/task_2s/share/task_2s//worlds/2024/task3_meshes/fakering2.jpg
-- Up-to-date: /home/thelegend442/faxic/RINS-kappa/workspace/install/task_2s/share/task_2s//worlds/2024/task3_meshes/easy_anomona_0.png
-- Up-to-date: /home/thelegend442/faxic/RINS-kappa/workspace/install/task_2s/share/task_2s//worlds/2024/task3_meshes/villager3.png
-- Up-to-date: /home/thelegend442/faxic/RINS-kappa/workspace/install/task_2s/share/task_2s//worlds/2024/task3_meshes/qr_url.png
-- Up-to-date: /home/thelegend442/faxic/RINS-kappa/workspace/install/task_2s/share/task_2s//worlds/2024/task3_meshes/ground.jpg
-- Up-to-date: /home/thelegend442/faxic/RINS-kappa/workspace/install/task_2s/share/task_2s//worlds/2024/task3_meshes/villager5.png
-- Up-to-date: /home/thelegend442/faxic/RINS-kappa/workspace/install/task_2s/share/task_2s//worlds/2024/task3_meshes/fakering3.jpg
-- Up-to-date: /home/thelegend442/faxic/RINS-kappa/workspace/install/task_2s/share/task_2s//worlds/2024/task3_meshes/cylinders.jpg
-- Up-to-date: /home/thelegend442/faxic/RINS-kappa/workspace/install/task_2s/share/task_2s//worlds/2024/task3_meshes/easy_anomona_1.png
-- Up-to-date: /home/thelegend442/faxic/RINS-kappa/workspace/install/task_2s/share/task_2s//worlds/2024/task3_meshes/anomona_3.png
-- Up-to-date: /home/thelegend442/faxic/RINS-kappa/workspace/install/task_2s/share/task_2s//worlds/2024/task3_meshes/easy_anomona_3.png
-- Up-to-date: /home/thelegend442/faxic/RINS-kappa/workspace/install/task_2s/share/task_2s//worlds/2024/task3_meshes/anomona_1.png
-- Up-to-date: /home/thelegend442/faxic/RINS-kappa/workspace/install/task_2s/share/task_2s//worlds/2024/task3_meshes/map.dae
-- Up-to-date: /home/thelegend442/faxic/RINS-kappa/workspace/install/task_2s/share/task_2s//worlds/2024/task3_meshes/villager2.png
-- Up-to-date: /home/thelegend442/faxic/RINS-kappa/workspace/install/task_2s/share/task_2s//worlds/2024/task3_meshes/anomona_0.png
-- Up-to-date: /home/thelegend442/faxic/RINS-kappa/workspace/install/task_2s/share/task_2s//worlds/2024/task3_meshes/anomona_2.png
-- Up-to-date: /home/thelegend442/faxic/RINS-kappa/workspace/install/task_2s/share/task_2s//worlds/2024/task3_meshes/easy_anomona_2.png
-- Up-to-date: /home/thelegend442/faxic/RINS-kappa/workspace/install/task_2s/share/task_2s//worlds/2024/task3_meshes/easy_anomona_4.png
-- Up-to-date: /home/thelegend442/faxic/RINS-kappa/workspace/install/task_2s/share/task_2s//worlds/2024/task3_meshes/qr_wrong.png
-- Up-to-date: /home/thelegend442/faxic/RINS-kappa/workspace/install/task_2s/share/task_2s//worlds/2024/task3.sdf
-- Up-to-date: /home/thelegend442/faxic/RINS-kappa/workspace/install/task_2s/share/task_2s//worlds/2024/task2_demo2_meshes
-- Up-to-date: /home/thelegend442/faxic/RINS-kappa/workspace/install/task_2s/share/task_2s//worlds/2024/task2_demo2_meshes/map_colliders.dae
-- Up-to-date: /home/thelegend442/faxic/RINS-kappa/workspace/install/task_2s/share/task_2s//worlds/2024/task2_demo2_meshes/fakering1.jpg
-- Up-to-date: /home/thelegend442/faxic/RINS-kappa/workspace/install/task_2s/share/task_2s//worlds/2024/task2_demo2_meshes/parking_space.jpg
-- Up-to-date: /home/thelegend442/faxic/RINS-kappa/workspace/install/task_2s/share/task_2s//worlds/2024/task2_demo2_meshes/objects.jpg
-- Up-to-date: /home/thelegend442/faxic/RINS-kappa/workspace/install/task_2s/share/task_2s//worlds/2024/task2_demo2_meshes/fakering2.jpg
-- Up-to-date: /home/thelegend442/faxic/RINS-kappa/workspace/install/task_2s/share/task_2s//worlds/2024/task2_demo2_meshes/ground.jpg
-- Up-to-date: /home/thelegend442/faxic/RINS-kappa/workspace/install/task_2s/share/task_2s//worlds/2024/task2_demo2_meshes/fakering3.jpg
-- Up-to-date: /home/thelegend442/faxic/RINS-kappa/workspace/install/task_2s/share/task_2s//worlds/2024/task2_demo2_meshes/cylinders.jpg
-- Up-to-date: /home/thelegend442/faxic/RINS-kappa/workspace/install/task_2s/share/task_2s//worlds/2024/task2_demo2_meshes/map.dae
-- Up-to-date: /home/thelegend442/faxic/RINS-kappa/workspace/install/task_2s/share/task_2s//worlds/2024/task2_demo1_meshes
-- Up-to-date: /home/thelegend442/faxic/RINS-kappa/workspace/install/task_2s/share/task_2s//worlds/2024/task2_demo1_meshes/map_colliders.dae
-- Up-to-date: /home/thelegend442/faxic/RINS-kappa/workspace/install/task_2s/share/task_2s//worlds/2024/task2_demo1_meshes/fakering1.jpg
-- Up-to-date: /home/thelegend442/faxic/RINS-kappa/workspace/install/task_2s/share/task_2s//worlds/2024/task2_demo1_meshes/parking_space.jpg
-- Up-to-date: /home/thelegend442/faxic/RINS-kappa/workspace/install/task_2s/share/task_2s//worlds/2024/task2_demo1_meshes/objects.jpg
-- Up-to-date: /home/thelegend442/faxic/RINS-kappa/workspace/install/task_2s/share/task_2s//worlds/2024/task2_demo1_meshes/fakering2.jpg
-- Up-to-date: /home/thelegend442/faxic/RINS-kappa/workspace/install/task_2s/share/task_2s//worlds/2024/task2_demo1_meshes/ground.jpg
-- Up-to-date: /home/thelegend442/faxic/RINS-kappa/workspace/install/task_2s/share/task_2s//worlds/2024/task2_demo1_meshes/fakering3.jpg
-- Up-to-date: /home/thelegend442/faxic/RINS-kappa/workspace/install/task_2s/share/task_2s//worlds/2024/task2_demo1_meshes/cylinders.jpg
-- Up-to-date: /home/thelegend442/faxic/RINS-kappa/workspace/install/task_2s/share/task_2s//worlds/2024/task2_demo1_meshes/map.dae
-- Up-to-date: /home/thelegend442/faxic/RINS-kappa/workspace/install/task_2s/share/task_2s//worlds/2024/task2_demo2.sdf
-- Up-to-date: /home/thelegend442/faxic/RINS-kappa/workspace/install/task_2s/share/task_2s//worlds/demo2.sdf
-- Up-to-date: /home/thelegend442/faxic/RINS-kappa/workspace/install/task_2s/share/task_2s//worlds/dis_meshes
-- Up-to-date: /home/thelegend442/faxic/RINS-kappa/workspace/install/task_2s/share/task_2s//worlds/dis_meshes/map_colliders.dae
-- Up-to-date: /home/thelegend442/faxic/RINS-kappa/workspace/install/task_2s/share/task_2s//worlds/dis_meshes/fakering1.jpg
-- Up-to-date: /home/thelegend442/faxic/RINS-kappa/workspace/install/task_2s/share/task_2s//worlds/dis_meshes/parking_space.jpg
-- Up-to-date: /home/thelegend442/faxic/RINS-kappa/workspace/install/task_2s/share/task_2s//worlds/dis_meshes/davinci.jpg
-- Up-to-date: /home/thelegend442/faxic/RINS-kappa/workspace/install/task_2s/share/task_2s//worlds/dis_meshes/qr1.jpg
-- Up-to-date: /home/thelegend442/faxic/RINS-kappa/workspace/install/task_2s/share/task_2s//worlds/dis_meshes/person5.jpg
-- Up-to-date: /home/thelegend442/faxic/RINS-kappa/workspace/install/task_2s/share/task_2s//worlds/dis_meshes/objects.jpg
-- Up-to-date: /home/thelegend442/faxic/RINS-kappa/workspace/install/task_2s/share/task_2s//worlds/dis_meshes/fakering2.jpg
-- Up-to-date: /home/thelegend442/faxic/RINS-kappa/workspace/install/task_2s/share/task_2s//worlds/dis_meshes/wood.jpg
-- Up-to-date: /home/thelegend442/faxic/RINS-kappa/workspace/install/task_2s/share/task_2s//worlds/dis_meshes/person4.jpg
-- Up-to-date: /home/thelegend442/faxic/RINS-kappa/workspace/install/task_2s/share/task_2s//worlds/dis_meshes/person2.jpg
-- Up-to-date: /home/thelegend442/faxic/RINS-kappa/workspace/install/task_2s/share/task_2s//worlds/dis_meshes/qr2.jpg
-- Up-to-date: /home/thelegend442/faxic/RINS-kappa/workspace/install/task_2s/share/task_2s//worlds/dis_meshes/person1.jpg
-- Up-to-date: /home/thelegend442/faxic/RINS-kappa/workspace/install/task_2s/share/task_2s//worlds/dis_meshes/ground.jpg
-- Up-to-date: /home/thelegend442/faxic/RINS-kappa/workspace/install/task_2s/share/task_2s//worlds/dis_meshes/fakering3.jpg
-- Up-to-date: /home/thelegend442/faxic/RINS-kappa/workspace/install/task_2s/share/task_2s//worlds/dis_meshes/cylinders.jpg
-- Up-to-date: /home/thelegend442/faxic/RINS-kappa/workspace/install/task_2s/share/task_2s//worlds/dis_meshes/map.dae
-- Up-to-date: /home/thelegend442/faxic/RINS-kappa/workspace/install/task_2s/share/task_2s//worlds/dis_meshes/person3.jpg
-- Up-to-date: /home/thelegend442/faxic/RINS-kappa/workspace/install/task_2s/share/task_2s//worlds/dis_meshes/mona1.jpg
-- Up-to-date: /home/thelegend442/faxic/RINS-kappa/workspace/install/task_2s/share/task_2s//worlds/empty.sdf
-- Up-to-date: /home/thelegend442/faxic/RINS-kappa/workspace/install/task_2s/share/task_2s//worlds/demo3.sdf
-- Up-to-date: /home/thelegend442/faxic/RINS-kappa/workspace/install/task_2s/share/task_2s//worlds/demo2_meshes
-- Up-to-date: /home/thelegend442/faxic/RINS-kappa/workspace/install/task_2s/share/task_2s//worlds/demo2_meshes/map_colliders.dae
-- Up-to-date: /home/thelegend442/faxic/RINS-kappa/workspace/install/task_2s/share/task_2s//worlds/demo2_meshes/fakering1.jpg
-- Up-to-date: /home/thelegend442/faxic/RINS-kappa/workspace/install/task_2s/share/task_2s//worlds/demo2_meshes/parking_space.jpg
-- Up-to-date: /home/thelegend442/faxic/RINS-kappa/workspace/install/task_2s/share/task_2s//worlds/demo2_meshes/qr1.jpg
-- Up-to-date: /home/thelegend442/faxic/RINS-kappa/workspace/install/task_2s/share/task_2s//worlds/demo2_meshes/person18.png
-- Up-to-date: /home/thelegend442/faxic/RINS-kappa/workspace/install/task_2s/share/task_2s//worlds/demo2_meshes/objects.jpg
-- Up-to-date: /home/thelegend442/faxic/RINS-kappa/workspace/install/task_2s/share/task_2s//worlds/demo2_meshes/fakering2.jpg
-- Up-to-date: /home/thelegend442/faxic/RINS-kappa/workspace/install/task_2s/share/task_2s//worlds/demo2_meshes/qr2.jpg
-- Up-to-date: /home/thelegend442/faxic/RINS-kappa/workspace/install/task_2s/share/task_2s//worlds/demo2_meshes/ground.jpg
-- Up-to-date: /home/thelegend442/faxic/RINS-kappa/workspace/install/task_2s/share/task_2s//worlds/demo2_meshes/person7.png
-- Up-to-date: /home/thelegend442/faxic/RINS-kappa/workspace/install/task_2s/share/task_2s//worlds/demo2_meshes/fakering3.jpg
-- Up-to-date: /home/thelegend442/faxic/RINS-kappa/workspace/install/task_2s/share/task_2s//worlds/demo2_meshes/cylinders.jpg
-- Up-to-date: /home/thelegend442/faxic/RINS-kappa/workspace/install/task_2s/share/task_2s//worlds/demo2_meshes/person9.png
-- Up-to-date: /home/thelegend442/faxic/RINS-kappa/workspace/install/task_2s/share/task_2s//worlds/demo2_meshes/person20.png
-- Up-to-date: /home/thelegend442/faxic/RINS-kappa/workspace/install/task_2s/share/task_2s//worlds/demo2_meshes/person8.png
-- Up-to-date: /home/thelegend442/faxic/RINS-kappa/workspace/install/task_2s/share/task_2s//worlds/demo2_meshes/map.dae
-- Up-to-date: /home/thelegend442/faxic/RINS-kappa/workspace/install/task_2s/share/task_2s//worlds/demo2_meshes/person6.png
-- Up-to-date: /home/thelegend442/faxic/RINS-kappa/workspace/install/task_2s/share/task_2s//worlds/task1.sdf
-- Up-to-date: /home/thelegend442/faxic/RINS-kappa/workspace/install/task_2s/share/task_2s//worlds/demo1_meshes
-- Up-to-date: /home/thelegend442/faxic/RINS-kappa/workspace/install/task_2s/share/task_2s//worlds/demo1_meshes/map_colliders.dae
-- Up-to-date: /home/thelegend442/faxic/RINS-kappa/workspace/install/task_2s/share/task_2s//worlds/demo1_meshes/person3.png
-- Up-to-date: /home/thelegend442/faxic/RINS-kappa/workspace/install/task_2s/share/task_2s//worlds/demo1_meshes/fakering1.jpg
-- Up-to-date: /home/thelegend442/faxic/RINS-kappa/workspace/install/task_2s/share/task_2s//worlds/demo1_meshes/person5.png
-- Up-to-date: /home/thelegend442/faxic/RINS-kappa/workspace/install/task_2s/share/task_2s//worlds/demo1_meshes/parking_space.jpg
-- Up-to-date: /home/thelegend442/faxic/RINS-kappa/workspace/install/task_2s/share/task_2s//worlds/demo1_meshes/qr1.jpg
-- Up-to-date: /home/thelegend442/faxic/RINS-kappa/workspace/install/task_2s/share/task_2s//worlds/demo1_meshes/person2.png
-- Up-to-date: /home/thelegend442/faxic/RINS-kappa/workspace/install/task_2s/share/task_2s//worlds/demo1_meshes/objects.jpg
-- Up-to-date: /home/thelegend442/faxic/RINS-kappa/workspace/install/task_2s/share/task_2s//worlds/demo1_meshes/fakering2.jpg
-- Up-to-date: /home/thelegend442/faxic/RINS-kappa/workspace/install/task_2s/share/task_2s//worlds/demo1_meshes/qr2.jpg
-- Up-to-date: /home/thelegend442/faxic/RINS-kappa/workspace/install/task_2s/share/task_2s//worlds/demo1_meshes/ground.jpg
-- Up-to-date: /home/thelegend442/faxic/RINS-kappa/workspace/install/task_2s/share/task_2s//worlds/demo1_meshes/fakering3.jpg
-- Up-to-date: /home/thelegend442/faxic/RINS-kappa/workspace/install/task_2s/share/task_2s//worlds/demo1_meshes/cylinders.jpg
-- Up-to-date: /home/thelegend442/faxic/RINS-kappa/workspace/install/task_2s/share/task_2s//worlds/demo1_meshes/person4.png
-- Up-to-date: /home/thelegend442/faxic/RINS-kappa/workspace/install/task_2s/share/task_2s//worlds/demo1_meshes/map.dae
-- Up-to-date: /home/thelegend442/faxic/RINS-kappa/workspace/install/task_2s/share/task_2s//worlds/demo1_meshes/person11.png
-- Up-to-date: /home/thelegend442/faxic/RINS-kappa/workspace/install/task_2s/share/task_2s//worlds/demo1_meshes/person1.png
-- Up-to-date: /home/thelegend442/faxic/RINS-kappa/workspace/install/task_2s/share/task_2s//worlds/dis.sdf
-- Up-to-date: /home/thelegend442/faxic/RINS-kappa/workspace/install/task_2s/share/task_2s//worlds/demo4_meshes
-- Up-to-date: /home/thelegend442/faxic/RINS-kappa/workspace/install/task_2s/share/task_2s//worlds/demo4_meshes/map_colliders.dae
-- Up-to-date: /home/thelegend442/faxic/RINS-kappa/workspace/install/task_2s/share/task_2s//worlds/demo4_meshes/fakering1.jpg
-- Up-to-date: /home/thelegend442/faxic/RINS-kappa/workspace/install/task_2s/share/task_2s//worlds/demo4_meshes/parking_space.jpg
-- Up-to-date: /home/thelegend442/faxic/RINS-kappa/workspace/install/task_2s/share/task_2s//worlds/demo4_meshes/green.jpg
-- Up-to-date: /home/thelegend442/faxic/RINS-kappa/workspace/install/task_2s/share/task_2s//worlds/demo4_meshes/qr1.jpg
-- Up-to-date: /home/thelegend442/faxic/RINS-kappa/workspace/install/task_2s/share/task_2s//worlds/demo4_meshes/objects.jpg
-- Up-to-date: /home/thelegend442/faxic/RINS-kappa/workspace/install/task_2s/share/task_2s//worlds/demo4_meshes/fakering2.jpg
-- Up-to-date: /home/thelegend442/faxic/RINS-kappa/workspace/install/task_2s/share/task_2s//worlds/demo4_meshes/person3.png.001.png
-- Up-to-date: /home/thelegend442/faxic/RINS-kappa/workspace/install/task_2s/share/task_2s//worlds/demo4_meshes/qr2.jpg
-- Up-to-date: /home/thelegend442/faxic/RINS-kappa/workspace/install/task_2s/share/task_2s//worlds/demo4_meshes/ground.jpg
-- Up-to-date: /home/thelegend442/faxic/RINS-kappa/workspace/install/task_2s/share/task_2s//worlds/demo4_meshes/blue.jpg
-- Up-to-date: /home/thelegend442/faxic/RINS-kappa/workspace/install/task_2s/share/task_2s//worlds/demo4_meshes/fakering3.jpg
-- Up-to-date: /home/thelegend442/faxic/RINS-kappa/workspace/install/task_2s/share/task_2s//worlds/demo4_meshes/person13.png
-- Up-to-date: /home/thelegend442/faxic/RINS-kappa/workspace/install/task_2s/share/task_2s//worlds/demo4_meshes/person4.png.001.png
-- Up-to-date: /home/thelegend442/faxic/RINS-kappa/workspace/install/task_2s/share/task_2s//worlds/demo4_meshes/person2.png.001.png
-- Up-to-date: /home/thelegend442/faxic/RINS-kappa/workspace/install/task_2s/share/task_2s//worlds/demo4_meshes/map.dae
-- Up-to-date: /home/thelegend442/faxic/RINS-kappa/workspace/install/task_2s/share/task_2s//worlds/demo4_meshes/person5.png.001.png
-- Up-to-date: /home/thelegend442/faxic/RINS-kappa/workspace/install/task_2s/share/task_2s//worlds/demo4_meshes/red.jpg
-- Up-to-date: /home/thelegend442/faxic/RINS-kappa/workspace/install/task_2s/share/task_2s//worlds/demo4_meshes/person6.png
-- Up-to-date: /home/thelegend442/faxic/RINS-kappa/workspace/install/task_2s/share/task_2s//worlds/demo4_meshes/yellow.jpg
-- Up-to-date: /home/thelegend442/faxic/RINS-kappa/workspace/install/task_2s/share/task_2s//worlds/demo4_meshes/black.jpg
-- Up-to-date: /home/thelegend442/faxic/RINS-kappa/workspace/install/task_2s/share/task_2s//worlds/task1_meshes
-- Up-to-date: /home/thelegend442/faxic/RINS-kappa/workspace/install/task_2s/share/task_2s//worlds/task1_meshes/map_colliders.dae
-- Up-to-date: /home/thelegend442/faxic/RINS-kappa/workspace/install/task_2s/share/task_2s//worlds/task1_meshes/fakering1.jpg
-- Up-to-date: /home/thelegend442/faxic/RINS-kappa/workspace/install/task_2s/share/task_2s//worlds/task1_meshes/parking_space.jpg
-- Up-to-date: /home/thelegend442/faxic/RINS-kappa/workspace/install/task_2s/share/task_2s//worlds/task1_meshes/green.jpg
-- Up-to-date: /home/thelegend442/faxic/RINS-kappa/workspace/install/task_2s/share/task_2s//worlds/task1_meshes/qr1.jpg
-- Up-to-date: /home/thelegend442/faxic/RINS-kappa/workspace/install/task_2s/share/task_2s//worlds/task1_meshes/objects.jpg
-- Up-to-date: /home/thelegend442/faxic/RINS-kappa/workspace/install/task_2s/share/task_2s//worlds/task1_meshes/fakering2.jpg
-- Up-to-date: /home/thelegend442/faxic/RINS-kappa/workspace/install/task_2s/share/task_2s//worlds/task1_meshes/person3.png.001.png
-- Up-to-date: /home/thelegend442/faxic/RINS-kappa/workspace/install/task_2s/share/task_2s//worlds/task1_meshes/qr2.jpg
-- Up-to-date: /home/thelegend442/faxic/RINS-kappa/workspace/install/task_2s/share/task_2s//worlds/task1_meshes/ground.jpg
-- Up-to-date: /home/thelegend442/faxic/RINS-kappa/workspace/install/task_2s/share/task_2s//worlds/task1_meshes/blue.jpg
-- Up-to-date: /home/thelegend442/faxic/RINS-kappa/workspace/install/task_2s/share/task_2s//worlds/task1_meshes/fakering3.jpg
-- Up-to-date: /home/thelegend442/faxic/RINS-kappa/workspace/install/task_2s/share/task_2s//worlds/task1_meshes/person13.png
-- Up-to-date: /home/thelegend442/faxic/RINS-kappa/workspace/install/task_2s/share/task_2s//worlds/task1_meshes/person8.png
-- Up-to-date: /home/thelegend442/faxic/RINS-kappa/workspace/install/task_2s/share/task_2s//worlds/task1_meshes/person2.png.001.png
-- Up-to-date: /home/thelegend442/faxic/RINS-kappa/workspace/install/task_2s/share/task_2s//worlds/task1_meshes/map.dae
-- Up-to-date: /home/thelegend442/faxic/RINS-kappa/workspace/install/task_2s/share/task_2s//worlds/task1_meshes/person5.png.001.png
-- Up-to-date: /home/thelegend442/faxic/RINS-kappa/workspace/install/task_2s/share/task_2s//worlds/task1_meshes/red.jpg
-- Up-to-date: /home/thelegend442/faxic/RINS-kappa/workspace/install/task_2s/share/task_2s//worlds/task1_meshes/person6.png
-- Up-to-date: /home/thelegend442/faxic/RINS-kappa/workspace/install/task_2s/share/task_2s//worlds/task1_meshes/yellow.jpg
-- Up-to-date: /home/thelegend442/faxic/RINS-kappa/workspace/install/task_2s/share/task_2s//worlds/task1_meshes/black.jpg
-- Up-to-date: /home/thelegend442/faxic/RINS-kappa/workspace/install/task_2s/share/task_2s//maps
-- Up-to-date: /home/thelegend442/faxic/RINS-kappa/workspace/install/task_2s/share/task_2s//maps/t1r_map.pgm
-- Up-to-date: /home/thelegend442/faxic/RINS-kappa/workspace/install/task_2s/share/task_2s//maps/bird_map.yaml
-- Up-to-date: /home/thelegend442/faxic/RINS-kappa/workspace/install/task_2s/share/task_2s//maps/bird_map.pgm
-- Up-to-date: /home/thelegend442/faxic/RINS-kappa/workspace/install/task_2s/share/task_2s//maps/t1r_map.yaml
-- Up-to-date: /home/thelegend442/faxic/RINS-kappa/workspace/install/task_2s/share/task_2s//maps/map.pgm
-- Up-to-date: /home/thelegend442/faxic/RINS-kappa/workspace/install/task_2s/share/task_2s//maps/map.yaml
-- Up-to-date: /home/thelegend442/faxic/RINS-kappa/workspace/install/task_2s/lib/task_2s/detect_people.py
-- Up-to-date: /home/thelegend442/faxic/RINS-kappa/workspace/install/task_2s/lib/task_2s/robot_commander.py
-- Up-to-date: /home/thelegend442/faxic/RINS-kappa/workspace/install/task_2s/lib/task_2s/save_faces.py
-- Up-to-date: /home/thelegend442/faxic/RINS-kappa/workspace/install/task_2s/lib/task_2s/talker_node.py
-- Up-to-date: /home/thelegend442/faxic/RINS-kappa/workspace/install/task_2s/lib/task_2s/detect_rings_final.py
-- Up-to-date: /home/thelegend442/faxic/RINS-kappa/workspace/install/task_2s/lib/task_2s/save_rings.py
-- Up-to-date: /home/thelegend442/faxic/RINS-kappa/workspace/install/task_2s/lib/task_2s/bridge_follower.py
-- Up-to-date: /home/thelegend442/faxic/RINS-kappa/workspace/install/task_2s/share/ament_index/resource_index/package_run_dependencies/task_2s
-- Up-to-date: /home/thelegend442/faxic/RINS-kappa/workspace/install/task_2s/share/ament_index/resource_index/parent_prefix_path/task_2s
-- Up-to-date: /home/thelegend442/faxic/RINS-kappa/workspace/install/task_2s/share/task_2s/environment/ament_prefix_path.sh
-- Up-to-date: /home/thelegend442/faxic/RINS-kappa/workspace/install/task_2s/share/task_2s/environment/ament_prefix_path.dsv
-- Up-to-date: /home/thelegend442/faxic/RINS-kappa/workspace/install/task_2s/share/task_2s/environment/path.sh
-- Up-to-date: /home/thelegend442/faxic/RINS-kappa/workspace/install/task_2s/share/task_2s/environment/path.dsv
-- Up-to-date: /home/thelegend442/faxic/RINS-kappa/workspace/install/task_2s/share/task_2s/local_setup.bash
-- Up-to-date: /home/thelegend442/faxic/RINS-kappa/workspace/install/task_2s/share/task_2s/local_setup.sh
-- Up-to-date: /home/thelegend442/faxic/RINS-kappa/workspace/install/task_2s/share/task_2s/local_setup.zsh
-- Up-to-date: /home/thelegend442/faxic/RINS-kappa/workspace/install/task_2s/share/task_2s/local_setup.dsv
-- Up-to-date: /home/thelegend442/faxic/RINS-kappa/workspace/install/task_2s/share/task_2s/package.dsv
-- Up-to-date: /home/thelegend442/faxic/RINS-kappa/workspace/install/task_2s/share/ament_index/resource_index/packages/task_2s
-- Up-to-date: /home/thelegend442/faxic/RINS-kappa/workspace/install/task_2s/share/task_2s/cmake/task_2sConfig.cmake
-- Up-to-date: /home/thelegend442/faxic/RINS-kappa/workspace/install/task_2s/share/task_2s/cmake/task_2sConfig-version.cmake
-- Up-to-date: /home/thelegend442/faxic/RINS-kappa/workspace/install/task_2s/share/task_2s/package.xml
