[0.407s] Invoking command in '/home/strazi/RINS-kappa/workspace/build/dis_tutorial3': CMAKE_PREFIX_PATH=${CMAKE_PREFIX_PATH}:/home/strazi/RINS-kappa/workspace/install/dis_tutorial2:/opt/ros/humble /usr/bin/cmake /home/strazi/RINS-kappa/workspace/src/dis_tutorial3 -DCMAKE_INSTALL_PREFIX=/home/strazi/RINS-kappa/workspace/install/dis_tutorial3
[0.519s] -- The C compiler identification is GNU 11.4.0
[0.617s] -- The CXX compiler identification is GNU 11.4.0
[0.636s] -- Detecting C compiler ABI info
[0.773s] -- Detecting C compiler ABI info - done
[0.786s] -- Check for working C compiler: /usr/bin/cc - skipped
[0.787s] -- Detecting C compile features
[0.788s] -- Detecting C compile features - done
[0.791s] -- Detecting CXX compiler ABI info
[0.998s] -- Detecting CXX compiler ABI info - done
[1.014s] -- Check for working CXX compiler: /usr/bin/c++ - skipped
[1.014s] -- Detecting CXX compile features
[1.015s] -- Detecting CXX compile features - done
[1.019s] -- Found ament_cmake: 1.3.11 (/opt/ros/humble/share/ament_cmake/cmake)
[1.271s] -- Found Python3: /usr/bin/python3 (found version "3.10.12") found components: Interpreter 
[1.422s] -- Found rclcpp: 16.0.11 (/opt/ros/humble/share/rclcpp/cmake)
[1.486s] -- Found rosidl_generator_c: 3.1.6 (/opt/ros/humble/share/rosidl_generator_c/cmake)
[1.493s] -- Found rosidl_adapter: 3.1.6 (/opt/ros/humble/share/rosidl_adapter/cmake)
[1.507s] -- Found rosidl_generator_cpp: 3.1.6 (/opt/ros/humble/share/rosidl_generator_cpp/cmake)
[1.523s] -- Using all available rosidl_typesupport_c: rosidl_typesupport_fastrtps_c;rosidl_typesupport_introspection_c
[1.545s] -- Using all available rosidl_typesupport_cpp: rosidl_typesupport_fastrtps_cpp;rosidl_typesupport_introspection_cpp
[1.615s] -- Found rmw_implementation_cmake: 6.1.2 (/opt/ros/humble/share/rmw_implementation_cmake/cmake)
[1.619s] -- Found rmw_fastrtps_cpp: 6.2.7 (/opt/ros/humble/share/rmw_fastrtps_cpp/cmake)
[1.806s] -- Found OpenSSL: /usr/lib/x86_64-linux-gnu/libcrypto.so (found version "3.0.2")  
[1.877s] -- Found FastRTPS: /opt/ros/humble/include  
[1.955s] -- Using RMW implementation 'rmw_fastrtps_cpp' as default
[1.976s] -- Looking for pthread.h
[2.140s] -- Looking for pthread.h - found
[2.140s] -- Performing Test CMAKE_HAVE_LIBC_PTHREAD
[2.282s] -- Performing Test CMAKE_HAVE_LIBC_PTHREAD - Success
[2.282s] -- Found Threads: TRUE  
[2.389s] -- Found rclpy: 3.3.15 (/opt/ros/humble/share/rclpy/cmake)
[2.393s] -- Found std_srvs: 4.2.4 (/opt/ros/humble/share/std_srvs/cmake)
[2.521s] -- Configuring done
[2.529s] -- Generating done
[2.535s] -- Build files have been written to: /home/strazi/RINS-kappa/workspace/build/dis_tutorial3
[2.557s] Invoked command in '/home/strazi/RINS-kappa/workspace/build/dis_tutorial3' returned '0': CMAKE_PREFIX_PATH=${CMAKE_PREFIX_PATH}:/home/strazi/RINS-kappa/workspace/install/dis_tutorial2:/opt/ros/humble /usr/bin/cmake /home/strazi/RINS-kappa/workspace/src/dis_tutorial3 -DCMAKE_INSTALL_PREFIX=/home/strazi/RINS-kappa/workspace/install/dis_tutorial3
[2.560s] Invoking command in '/home/strazi/RINS-kappa/workspace/build/dis_tutorial3': CMAKE_PREFIX_PATH=${CMAKE_PREFIX_PATH}:/home/strazi/RINS-kappa/workspace/install/dis_tutorial2:/opt/ros/humble /usr/bin/cmake --build /home/strazi/RINS-kappa/workspace/build/dis_tutorial3 -- -j12 -l12
[2.658s] Invoked command in '/home/strazi/RINS-kappa/workspace/build/dis_tutorial3' returned '0': CMAKE_PREFIX_PATH=${CMAKE_PREFIX_PATH}:/home/strazi/RINS-kappa/workspace/install/dis_tutorial2:/opt/ros/humble /usr/bin/cmake --build /home/strazi/RINS-kappa/workspace/build/dis_tutorial3 -- -j12 -l12
[2.677s] Invoking command in '/home/strazi/RINS-kappa/workspace/build/dis_tutorial3': CMAKE_PREFIX_PATH=${CMAKE_PREFIX_PATH}:/home/strazi/RINS-kappa/workspace/install/dis_tutorial2:/opt/ros/humble /usr/bin/cmake --install /home/strazi/RINS-kappa/workspace/build/dis_tutorial3
[2.691s] -- Install configuration: ""
[2.691s] -- Installing: /home/strazi/RINS-kappa/workspace/install/dis_tutorial3/share/dis_tutorial3//launch
[2.692s] -- Installing: /home/strazi/RINS-kappa/workspace/install/dis_tutorial3/share/dis_tutorial3//launch/sim_turtlebot_nav.launch.py
[2.694s] -- Installing: /home/strazi/RINS-kappa/workspace/install/dis_tutorial3/share/dis_tutorial3//launch/ignition.launch.py
[2.696s] -- Installing: /home/strazi/RINS-kappa/workspace/install/dis_tutorial3/share/dis_tutorial3//launch/dis_sim.launch.py
[2.701s] -- Installing: /home/strazi/RINS-kappa/workspace/install/dis_tutorial3/share/dis_tutorial3//launch/create3_nodes.launch.py
[2.702s] -- Installing: /home/strazi/RINS-kappa/workspace/install/dis_tutorial3/share/dis_tutorial3//launch/localization.launch.py
[2.702s] -- Installing: /home/strazi/RINS-kappa/workspace/install/dis_tutorial3/share/dis_tutorial3//launch/turtlebot4_spawn_nav.launch.py
[2.702s] -- Installing: /home/strazi/RINS-kappa/workspace/install/dis_tutorial3/share/dis_tutorial3//launch/turtlebot4_spawn.launch.py
[2.702s] -- Installing: /home/strazi/RINS-kappa/workspace/install/dis_tutorial3/share/dis_tutorial3//launch/slam.launch.py
[2.702s] -- Installing: /home/strazi/RINS-kappa/workspace/install/dis_tutorial3/share/dis_tutorial3//launch/nav2.launch.py
[2.702s] -- Installing: /home/strazi/RINS-kappa/workspace/install/dis_tutorial3/share/dis_tutorial3//launch/sim_turtlebot_slam.launch.py
[2.702s] -- Installing: /home/strazi/RINS-kappa/workspace/install/dis_tutorial3/share/dis_tutorial3//config
[2.702s] -- Installing: /home/strazi/RINS-kappa/workspace/install/dis_tutorial3/share/dis_tutorial3//config/slam.yaml
[2.703s] -- Installing: /home/strazi/RINS-kappa/workspace/install/dis_tutorial3/share/dis_tutorial3//config/laser_filter_chain.yaml
[2.703s] -- Installing: /home/strazi/RINS-kappa/workspace/install/dis_tutorial3/share/dis_tutorial3//config/nav2.yaml
[2.704s] -- Installing: /home/strazi/RINS-kappa/workspace/install/dis_tutorial3/share/dis_tutorial3//config/localization.yaml
[2.704s] -- Installing: /home/strazi/RINS-kappa/workspace/install/dis_tutorial3/share/dis_tutorial3//worlds
[2.704s] -- Installing: /home/strazi/RINS-kappa/workspace/install/dis_tutorial3/share/dis_tutorial3//worlds/empty.sdf
[2.705s] -- Installing: /home/strazi/RINS-kappa/workspace/install/dis_tutorial3/share/dis_tutorial3//worlds/demo2.sdf
[2.705s] -- Installing: /home/strazi/RINS-kappa/workspace/install/dis_tutorial3/share/dis_tutorial3//worlds/dis_meshes
[2.705s] -- Installing: /home/strazi/RINS-kappa/workspace/install/dis_tutorial3/share/dis_tutorial3//worlds/dis_meshes/map.dae
[2.709s] -- Installing: /home/strazi/RINS-kappa/workspace/install/dis_tutorial3/share/dis_tutorial3//worlds/dis_meshes/qr2.jpg
[2.709s] -- Installing: /home/strazi/RINS-kappa/workspace/install/dis_tutorial3/share/dis_tutorial3//worlds/dis_meshes/davinci.jpg
[2.710s] -- Installing: /home/strazi/RINS-kappa/workspace/install/dis_tutorial3/share/dis_tutorial3//worlds/dis_meshes/person5.jpg
[2.710s] -- Installing: /home/strazi/RINS-kappa/workspace/install/dis_tutorial3/share/dis_tutorial3//worlds/dis_meshes/fakering3.jpg
[2.710s] -- Installing: /home/strazi/RINS-kappa/workspace/install/dis_tutorial3/share/dis_tutorial3//worlds/dis_meshes/cylinders.jpg
[2.710s] -- Installing: /home/strazi/RINS-kappa/workspace/install/dis_tutorial3/share/dis_tutorial3//worlds/dis_meshes/person4.jpg
[2.711s] -- Installing: /home/strazi/RINS-kappa/workspace/install/dis_tutorial3/share/dis_tutorial3//worlds/dis_meshes/fakering1.jpg
[2.711s] -- Installing: /home/strazi/RINS-kappa/workspace/install/dis_tutorial3/share/dis_tutorial3//worlds/dis_meshes/mona1.jpg
[2.712s] -- Installing: /home/strazi/RINS-kappa/workspace/install/dis_tutorial3/share/dis_tutorial3//worlds/dis_meshes/wood.jpg
[2.712s] -- Installing: /home/strazi/RINS-kappa/workspace/install/dis_tutorial3/share/dis_tutorial3//worlds/dis_meshes/objects.jpg
[2.713s] -- Installing: /home/strazi/RINS-kappa/workspace/install/dis_tutorial3/share/dis_tutorial3//worlds/dis_meshes/ground.jpg
[2.713s] -- Installing: /home/strazi/RINS-kappa/workspace/install/dis_tutorial3/share/dis_tutorial3//worlds/dis_meshes/person3.jpg
[2.714s] -- Installing: /home/strazi/RINS-kappa/workspace/install/dis_tutorial3/share/dis_tutorial3//worlds/dis_meshes/map_colliders.dae
[2.716s] -- Installing: /home/strazi/RINS-kappa/workspace/install/dis_tutorial3/share/dis_tutorial3//worlds/dis_meshes/fakering2.jpg
[2.716s] -- Installing: /home/strazi/RINS-kappa/workspace/install/dis_tutorial3/share/dis_tutorial3//worlds/dis_meshes/person1.jpg
[2.716s] -- Installing: /home/strazi/RINS-kappa/workspace/install/dis_tutorial3/share/dis_tutorial3//worlds/dis_meshes/qr1.jpg
[2.717s] -- Installing: /home/strazi/RINS-kappa/workspace/install/dis_tutorial3/share/dis_tutorial3//worlds/dis_meshes/parking_space.jpg
[2.717s] -- Installing: /home/strazi/RINS-kappa/workspace/install/dis_tutorial3/share/dis_tutorial3//worlds/dis_meshes/person2.jpg
[2.718s] -- Installing: /home/strazi/RINS-kappa/workspace/install/dis_tutorial3/share/dis_tutorial3//worlds/task3_meshes
[2.718s] -- Installing: /home/strazi/RINS-kappa/workspace/install/dis_tutorial3/share/dis_tutorial3//worlds/task3_meshes/map.dae
[2.720s] -- Installing: /home/strazi/RINS-kappa/workspace/install/dis_tutorial3/share/dis_tutorial3//worlds/task3_meshes/anomona_3.png
[2.723s] -- Installing: /home/strazi/RINS-kappa/workspace/install/dis_tutorial3/share/dis_tutorial3//worlds/task3_meshes/villager1.png
[2.723s] -- Installing: /home/strazi/RINS-kappa/workspace/install/dis_tutorial3/share/dis_tutorial3//worlds/task3_meshes/anomona_4.png
[2.725s] -- Installing: /home/strazi/RINS-kappa/workspace/install/dis_tutorial3/share/dis_tutorial3//worlds/task3_meshes/easy_anomona_4.png
[2.727s] -- Installing: /home/strazi/RINS-kappa/workspace/install/dis_tutorial3/share/dis_tutorial3//worlds/task3_meshes/fakering3.jpg
[2.728s] -- Installing: /home/strazi/RINS-kappa/workspace/install/dis_tutorial3/share/dis_tutorial3//worlds/task3_meshes/cylinders.jpg
[2.728s] -- Installing: /home/strazi/RINS-kappa/workspace/install/dis_tutorial3/share/dis_tutorial3//worlds/task3_meshes/villager5.png
[2.730s] -- Installing: /home/strazi/RINS-kappa/workspace/install/dis_tutorial3/share/dis_tutorial3//worlds/task3_meshes/fakering1.jpg
[2.730s] -- Installing: /home/strazi/RINS-kappa/workspace/install/dis_tutorial3/share/dis_tutorial3//worlds/task3_meshes/anomona_1.png
[2.731s] -- Installing: /home/strazi/RINS-kappa/workspace/install/dis_tutorial3/share/dis_tutorial3//worlds/task3_meshes/easy_anomona_2.png
[2.732s] -- Installing: /home/strazi/RINS-kappa/workspace/install/dis_tutorial3/share/dis_tutorial3//worlds/task3_meshes/villager4.png
[2.737s] -- Installing: /home/strazi/RINS-kappa/workspace/install/dis_tutorial3/share/dis_tutorial3//worlds/task3_meshes/qr_cheat.png
[2.738s] -- Installing: /home/strazi/RINS-kappa/workspace/install/dis_tutorial3/share/dis_tutorial3//worlds/task3_meshes/objects.jpg
[2.740s] -- Installing: /home/strazi/RINS-kappa/workspace/install/dis_tutorial3/share/dis_tutorial3//worlds/task3_meshes/easy_anomona_1.png
[2.740s] -- Installing: /home/strazi/RINS-kappa/workspace/install/dis_tutorial3/share/dis_tutorial3//worlds/task3_meshes/qr_wrong.png
[2.740s] -- Installing: /home/strazi/RINS-kappa/workspace/install/dis_tutorial3/share/dis_tutorial3//worlds/task3_meshes/anomona_0.png
[2.741s] -- Installing: /home/strazi/RINS-kappa/workspace/install/dis_tutorial3/share/dis_tutorial3//worlds/task3_meshes/villager2.png
[2.741s] -- Installing: /home/strazi/RINS-kappa/workspace/install/dis_tutorial3/share/dis_tutorial3//worlds/task3_meshes/ground.jpg
[2.742s] -- Installing: /home/strazi/RINS-kappa/workspace/install/dis_tutorial3/share/dis_tutorial3//worlds/task3_meshes/easy_anomona_3.png
[2.743s] -- Installing: /home/strazi/RINS-kappa/workspace/install/dis_tutorial3/share/dis_tutorial3//worlds/task3_meshes/map_colliders.dae
[2.751s] -- Installing: /home/strazi/RINS-kappa/workspace/install/dis_tutorial3/share/dis_tutorial3//worlds/task3_meshes/qr_url.png
[2.751s] -- Installing: /home/strazi/RINS-kappa/workspace/install/dis_tutorial3/share/dis_tutorial3//worlds/task3_meshes/fakering2.jpg
[2.751s] -- Installing: /home/strazi/RINS-kappa/workspace/install/dis_tutorial3/share/dis_tutorial3//worlds/task3_meshes/mona.png
[2.753s] -- Installing: /home/strazi/RINS-kappa/workspace/install/dis_tutorial3/share/dis_tutorial3//worlds/task3_meshes/easy_anomona_0.png
[2.753s] -- Installing: /home/strazi/RINS-kappa/workspace/install/dis_tutorial3/share/dis_tutorial3//worlds/task3_meshes/villager3.png
[2.753s] -- Installing: /home/strazi/RINS-kappa/workspace/install/dis_tutorial3/share/dis_tutorial3//worlds/task3_meshes/anomona_2.png
[2.753s] -- Installing: /home/strazi/RINS-kappa/workspace/install/dis_tutorial3/share/dis_tutorial3//worlds/task3_meshes/parking_space.jpg
[2.753s] -- Installing: /home/strazi/RINS-kappa/workspace/install/dis_tutorial3/share/dis_tutorial3//worlds/demo2_meshes
[2.753s] -- Installing: /home/strazi/RINS-kappa/workspace/install/dis_tutorial3/share/dis_tutorial3//worlds/demo2_meshes/person20.png
[2.754s] -- Installing: /home/strazi/RINS-kappa/workspace/install/dis_tutorial3/share/dis_tutorial3//worlds/demo2_meshes/map.dae
[2.755s] -- Installing: /home/strazi/RINS-kappa/workspace/install/dis_tutorial3/share/dis_tutorial3//worlds/demo2_meshes/qr2.jpg
[2.755s] -- Installing: /home/strazi/RINS-kappa/workspace/install/dis_tutorial3/share/dis_tutorial3//worlds/demo2_meshes/fakering3.jpg
[2.755s] -- Installing: /home/strazi/RINS-kappa/workspace/install/dis_tutorial3/share/dis_tutorial3//worlds/demo2_meshes/cylinders.jpg
[2.755s] -- Installing: /home/strazi/RINS-kappa/workspace/install/dis_tutorial3/share/dis_tutorial3//worlds/demo2_meshes/fakering1.jpg
[2.756s] -- Installing: /home/strazi/RINS-kappa/workspace/install/dis_tutorial3/share/dis_tutorial3//worlds/demo2_meshes/person18.png
[2.757s] -- Installing: /home/strazi/RINS-kappa/workspace/install/dis_tutorial3/share/dis_tutorial3//worlds/demo2_meshes/person9.png
[2.757s] -- Installing: /home/strazi/RINS-kappa/workspace/install/dis_tutorial3/share/dis_tutorial3//worlds/demo2_meshes/objects.jpg
[2.758s] -- Installing: /home/strazi/RINS-kappa/workspace/install/dis_tutorial3/share/dis_tutorial3//worlds/demo2_meshes/person8.png
[2.758s] -- Installing: /home/strazi/RINS-kappa/workspace/install/dis_tutorial3/share/dis_tutorial3//worlds/demo2_meshes/ground.jpg
[2.759s] -- Installing: /home/strazi/RINS-kappa/workspace/install/dis_tutorial3/share/dis_tutorial3//worlds/demo2_meshes/map_colliders.dae
[2.759s] -- Installing: /home/strazi/RINS-kappa/workspace/install/dis_tutorial3/share/dis_tutorial3//worlds/demo2_meshes/fakering2.jpg
[2.760s] -- Installing: /home/strazi/RINS-kappa/workspace/install/dis_tutorial3/share/dis_tutorial3//worlds/demo2_meshes/person6.png
[2.760s] -- Installing: /home/strazi/RINS-kappa/workspace/install/dis_tutorial3/share/dis_tutorial3//worlds/demo2_meshes/qr1.jpg
[2.761s] -- Installing: /home/strazi/RINS-kappa/workspace/install/dis_tutorial3/share/dis_tutorial3//worlds/demo2_meshes/parking_space.jpg
[2.761s] -- Installing: /home/strazi/RINS-kappa/workspace/install/dis_tutorial3/share/dis_tutorial3//worlds/demo2_meshes/person7.png
[2.762s] -- Installing: /home/strazi/RINS-kappa/workspace/install/dis_tutorial3/share/dis_tutorial3//worlds/task3.sdf
[2.764s] -- Installing: /home/strazi/RINS-kappa/workspace/install/dis_tutorial3/share/dis_tutorial3//worlds/task2_demo2_meshes
[2.764s] -- Installing: /home/strazi/RINS-kappa/workspace/install/dis_tutorial3/share/dis_tutorial3//worlds/task2_demo2_meshes/map.dae
[2.769s] -- Installing: /home/strazi/RINS-kappa/workspace/install/dis_tutorial3/share/dis_tutorial3//worlds/task2_demo2_meshes/fakering3.jpg
[2.769s] -- Installing: /home/strazi/RINS-kappa/workspace/install/dis_tutorial3/share/dis_tutorial3//worlds/task2_demo2_meshes/cylinders.jpg
[2.769s] -- Installing: /home/strazi/RINS-kappa/workspace/install/dis_tutorial3/share/dis_tutorial3//worlds/task2_demo2_meshes/fakering1.jpg
[2.769s] -- Installing: /home/strazi/RINS-kappa/workspace/install/dis_tutorial3/share/dis_tutorial3//worlds/task2_demo2_meshes/objects.jpg
[2.769s] -- Installing: /home/strazi/RINS-kappa/workspace/install/dis_tutorial3/share/dis_tutorial3//worlds/task2_demo2_meshes/ground.jpg
[2.769s] -- Installing: /home/strazi/RINS-kappa/workspace/install/dis_tutorial3/share/dis_tutorial3//worlds/task2_demo2_meshes/map_colliders.dae
[2.769s] -- Installing: /home/strazi/RINS-kappa/workspace/install/dis_tutorial3/share/dis_tutorial3//worlds/task2_demo2_meshes/fakering2.jpg
[2.769s] -- Installing: /home/strazi/RINS-kappa/workspace/install/dis_tutorial3/share/dis_tutorial3//worlds/task2_demo2_meshes/parking_space.jpg
[2.769s] -- Installing: /home/strazi/RINS-kappa/workspace/install/dis_tutorial3/share/dis_tutorial3//worlds/task2_demo2.sdf
[2.769s] -- Installing: /home/strazi/RINS-kappa/workspace/install/dis_tutorial3/share/dis_tutorial3//worlds/task2_demo1_meshes
[2.769s] -- Installing: /home/strazi/RINS-kappa/workspace/install/dis_tutorial3/share/dis_tutorial3//worlds/task2_demo1_meshes/map.dae
[2.770s] -- Installing: /home/strazi/RINS-kappa/workspace/install/dis_tutorial3/share/dis_tutorial3//worlds/task2_demo1_meshes/fakering3.jpg
[2.770s] -- Installing: /home/strazi/RINS-kappa/workspace/install/dis_tutorial3/share/dis_tutorial3//worlds/task2_demo1_meshes/cylinders.jpg
[2.770s] -- Installing: /home/strazi/RINS-kappa/workspace/install/dis_tutorial3/share/dis_tutorial3//worlds/task2_demo1_meshes/fakering1.jpg
[2.771s] -- Installing: /home/strazi/RINS-kappa/workspace/install/dis_tutorial3/share/dis_tutorial3//worlds/task2_demo1_meshes/objects.jpg
[2.771s] -- Installing: /home/strazi/RINS-kappa/workspace/install/dis_tutorial3/share/dis_tutorial3//worlds/task2_demo1_meshes/ground.jpg
[2.771s] -- Installing: /home/strazi/RINS-kappa/workspace/install/dis_tutorial3/share/dis_tutorial3//worlds/task2_demo1_meshes/map_colliders.dae
[2.771s] -- Installing: /home/strazi/RINS-kappa/workspace/install/dis_tutorial3/share/dis_tutorial3//worlds/task2_demo1_meshes/fakering2.jpg
[2.772s] -- Installing: /home/strazi/RINS-kappa/workspace/install/dis_tutorial3/share/dis_tutorial3//worlds/task2_demo1_meshes/parking_space.jpg
[2.772s] -- Installing: /home/strazi/RINS-kappa/workspace/install/dis_tutorial3/share/dis_tutorial3//worlds/dis.sdf
[2.772s] -- Installing: /home/strazi/RINS-kappa/workspace/install/dis_tutorial3/share/dis_tutorial3//worlds/demo1_meshes
[2.772s] -- Installing: /home/strazi/RINS-kappa/workspace/install/dis_tutorial3/share/dis_tutorial3//worlds/demo1_meshes/map.dae
[2.772s] -- Installing: /home/strazi/RINS-kappa/workspace/install/dis_tutorial3/share/dis_tutorial3//worlds/demo1_meshes/qr2.jpg
[2.773s] -- Installing: /home/strazi/RINS-kappa/workspace/install/dis_tutorial3/share/dis_tutorial3//worlds/demo1_meshes/person11.png
[2.773s] -- Installing: /home/strazi/RINS-kappa/workspace/install/dis_tutorial3/share/dis_tutorial3//worlds/demo1_meshes/person1.png
[2.775s] -- Installing: /home/strazi/RINS-kappa/workspace/install/dis_tutorial3/share/dis_tutorial3//worlds/demo1_meshes/fakering3.jpg
[2.775s] -- Installing: /home/strazi/RINS-kappa/workspace/install/dis_tutorial3/share/dis_tutorial3//worlds/demo1_meshes/cylinders.jpg
[2.775s] -- Installing: /home/strazi/RINS-kappa/workspace/install/dis_tutorial3/share/dis_tutorial3//worlds/demo1_meshes/person3.png
[2.776s] -- Installing: /home/strazi/RINS-kappa/workspace/install/dis_tutorial3/share/dis_tutorial3//worlds/demo1_meshes/fakering1.jpg
[2.776s] -- Installing: /home/strazi/RINS-kappa/workspace/install/dis_tutorial3/share/dis_tutorial3//worlds/demo1_meshes/objects.jpg
[2.777s] -- Installing: /home/strazi/RINS-kappa/workspace/install/dis_tutorial3/share/dis_tutorial3//worlds/demo1_meshes/person5.png
[2.778s] -- Installing: /home/strazi/RINS-kappa/workspace/install/dis_tutorial3/share/dis_tutorial3//worlds/demo1_meshes/person4.png
[2.779s] -- Installing: /home/strazi/RINS-kappa/workspace/install/dis_tutorial3/share/dis_tutorial3//worlds/demo1_meshes/ground.jpg
[2.779s] -- Installing: /home/strazi/RINS-kappa/workspace/install/dis_tutorial3/share/dis_tutorial3//worlds/demo1_meshes/person2.png
[2.780s] -- Installing: /home/strazi/RINS-kappa/workspace/install/dis_tutorial3/share/dis_tutorial3//worlds/demo1_meshes/map_colliders.dae
[2.782s] -- Installing: /home/strazi/RINS-kappa/workspace/install/dis_tutorial3/share/dis_tutorial3//worlds/demo1_meshes/fakering2.jpg
[2.782s] -- Installing: /home/strazi/RINS-kappa/workspace/install/dis_tutorial3/share/dis_tutorial3//worlds/demo1_meshes/qr1.jpg
[2.788s] -- Installing: /home/strazi/RINS-kappa/workspace/install/dis_tutorial3/share/dis_tutorial3//worlds/demo1_meshes/parking_space.jpg
[2.789s] -- Installing: /home/strazi/RINS-kappa/workspace/install/dis_tutorial3/share/dis_tutorial3//worlds/task2_demo1.sdf
[2.789s] -- Installing: /home/strazi/RINS-kappa/workspace/install/dis_tutorial3/share/dis_tutorial3//worlds/demo1.sdf
[2.789s] -- Installing: /home/strazi/RINS-kappa/workspace/install/dis_tutorial3/share/dis_tutorial3//maps
[2.789s] -- Installing: /home/strazi/RINS-kappa/workspace/install/dis_tutorial3/share/dis_tutorial3//maps/map.pgm
[2.789s] -- Installing: /home/strazi/RINS-kappa/workspace/install/dis_tutorial3/share/dis_tutorial3//maps/map.yaml
[2.789s] -- Installing: /home/strazi/RINS-kappa/workspace/install/dis_tutorial3/lib/dis_tutorial3/detect_people.py
[2.790s] -- Installing: /home/strazi/RINS-kappa/workspace/install/dis_tutorial3/lib/dis_tutorial3/robot_commander.py
[2.790s] -- Installing: /home/strazi/RINS-kappa/workspace/install/dis_tutorial3/lib/dis_tutorial3/save_faces.py
[2.790s] -- Installing: /home/strazi/RINS-kappa/workspace/install/dis_tutorial3/share/ament_index/resource_index/package_run_dependencies/dis_tutorial3
[2.790s] -- Installing: /home/strazi/RINS-kappa/workspace/install/dis_tutorial3/share/ament_index/resource_index/parent_prefix_path/dis_tutorial3
[2.791s] -- Installing: /home/strazi/RINS-kappa/workspace/install/dis_tutorial3/share/dis_tutorial3/environment/ament_prefix_path.sh
[2.791s] -- Installing: /home/strazi/RINS-kappa/workspace/install/dis_tutorial3/share/dis_tutorial3/environment/ament_prefix_path.dsv
[2.791s] -- Installing: /home/strazi/RINS-kappa/workspace/install/dis_tutorial3/share/dis_tutorial3/environment/path.sh
[2.791s] -- Installing: /home/strazi/RINS-kappa/workspace/install/dis_tutorial3/share/dis_tutorial3/environment/path.dsv
[2.791s] -- Installing: /home/strazi/RINS-kappa/workspace/install/dis_tutorial3/share/dis_tutorial3/local_setup.bash
[2.792s] -- Installing: /home/strazi/RINS-kappa/workspace/install/dis_tutorial3/share/dis_tutorial3/local_setup.sh
[2.792s] -- Installing: /home/strazi/RINS-kappa/workspace/install/dis_tutorial3/share/dis_tutorial3/local_setup.zsh
[2.792s] -- Installing: /home/strazi/RINS-kappa/workspace/install/dis_tutorial3/share/dis_tutorial3/local_setup.dsv
[2.792s] -- Installing: /home/strazi/RINS-kappa/workspace/install/dis_tutorial3/share/dis_tutorial3/package.dsv
[2.793s] -- Installing: /home/strazi/RINS-kappa/workspace/install/dis_tutorial3/share/ament_index/resource_index/packages/dis_tutorial3
[2.793s] -- Installing: /home/strazi/RINS-kappa/workspace/install/dis_tutorial3/share/dis_tutorial3/cmake/dis_tutorial3Config.cmake
[2.793s] -- Installing: /home/strazi/RINS-kappa/workspace/install/dis_tutorial3/share/dis_tutorial3/cmake/dis_tutorial3Config-version.cmake
[2.793s] -- Installing: /home/strazi/RINS-kappa/workspace/install/dis_tutorial3/share/dis_tutorial3/package.xml
[2.798s] Invoked command in '/home/strazi/RINS-kappa/workspace/build/dis_tutorial3' returned '0': CMAKE_PREFIX_PATH=${CMAKE_PREFIX_PATH}:/home/strazi/RINS-kappa/workspace/install/dis_tutorial2:/opt/ros/humble /usr/bin/cmake --install /home/strazi/RINS-kappa/workspace/build/dis_tutorial3
