[0.236s] Invoking command in '/home/strazi/RINS-kappa/workspace/build/dis_tutorial3': CMAKE_PREFIX_PATH=${CMAKE_PREFIX_PATH}:/home/strazi/RINS-kappa/workspace/install/dis_tutorial2:/opt/ros/humble /usr/bin/cmake --build /home/strazi/RINS-kappa/workspace/build/dis_tutorial3 -- -j12 -l12
[0.274s] Invoked command in '/home/strazi/RINS-kappa/workspace/build/dis_tutorial3' returned '0': CMAKE_PREFIX_PATH=${CMAKE_PREFIX_PATH}:/home/strazi/RINS-kappa/workspace/install/dis_tutorial2:/opt/ros/humble /usr/bin/cmake --build /home/strazi/RINS-kappa/workspace/build/dis_tutorial3 -- -j12 -l12
[0.283s] Invoking command in '/home/strazi/RINS-kappa/workspace/build/dis_tutorial3': CMAKE_PREFIX_PATH=${CMAKE_PREFIX_PATH}:/home/strazi/RINS-kappa/workspace/install/dis_tutorial2:/opt/ros/humble /usr/bin/cmake --install /home/strazi/RINS-kappa/workspace/build/dis_tutorial3
[0.290s] -- Install configuration: ""
[0.290s] -- Up-to-date: /home/strazi/RINS-kappa/workspace/install/dis_tutorial3/share/dis_tutorial3//launch
[0.291s] -- Up-to-date: /home/strazi/RINS-kappa/workspace/install/dis_tutorial3/share/dis_tutorial3//launch/sim_turtlebot_nav.launch.py
[0.291s] -- Up-to-date: /home/strazi/RINS-kappa/workspace/install/dis_tutorial3/share/dis_tutorial3//launch/ignition.launch.py
[0.291s] -- Up-to-date: /home/strazi/RINS-kappa/workspace/install/dis_tutorial3/share/dis_tutorial3//launch/dis_sim.launch.py
[0.291s] -- Up-to-date: /home/strazi/RINS-kappa/workspace/install/dis_tutorial3/share/dis_tutorial3//launch/create3_nodes.launch.py
[0.291s] -- Up-to-date: /home/strazi/RINS-kappa/workspace/install/dis_tutorial3/share/dis_tutorial3//launch/localization.launch.py
[0.291s] -- Up-to-date: /home/strazi/RINS-kappa/workspace/install/dis_tutorial3/share/dis_tutorial3//launch/turtlebot4_spawn_nav.launch.py
[0.291s] -- Up-to-date: /home/strazi/RINS-kappa/workspace/install/dis_tutorial3/share/dis_tutorial3//launch/turtlebot4_spawn.launch.py
[0.291s] -- Up-to-date: /home/strazi/RINS-kappa/workspace/install/dis_tutorial3/share/dis_tutorial3//launch/slam.launch.py
[0.291s] -- Up-to-date: /home/strazi/RINS-kappa/workspace/install/dis_tutorial3/share/dis_tutorial3//launch/nav2.launch.py
[0.292s] -- Up-to-date: /home/strazi/RINS-kappa/workspace/install/dis_tutorial3/share/dis_tutorial3//launch/sim_turtlebot_slam.launch.py
[0.292s] -- Up-to-date: /home/strazi/RINS-kappa/workspace/install/dis_tutorial3/share/dis_tutorial3//config
[0.292s] -- Up-to-date: /home/strazi/RINS-kappa/workspace/install/dis_tutorial3/share/dis_tutorial3//config/slam.yaml
[0.292s] -- Up-to-date: /home/strazi/RINS-kappa/workspace/install/dis_tutorial3/share/dis_tutorial3//config/laser_filter_chain.yaml
[0.292s] -- Up-to-date: /home/strazi/RINS-kappa/workspace/install/dis_tutorial3/share/dis_tutorial3//config/nav2.yaml
[0.292s] -- Up-to-date: /home/strazi/RINS-kappa/workspace/install/dis_tutorial3/share/dis_tutorial3//config/localization.yaml
[0.292s] -- Up-to-date: /home/strazi/RINS-kappa/workspace/install/dis_tutorial3/share/dis_tutorial3//worlds
[0.292s] -- Up-to-date: /home/strazi/RINS-kappa/workspace/install/dis_tutorial3/share/dis_tutorial3//worlds/empty.sdf
[0.292s] -- Up-to-date: /home/strazi/RINS-kappa/workspace/install/dis_tutorial3/share/dis_tutorial3//worlds/demo2.sdf
[0.292s] -- Up-to-date: /home/strazi/RINS-kappa/workspace/install/dis_tutorial3/share/dis_tutorial3//worlds/dis_meshes
[0.292s] -- Up-to-date: /home/strazi/RINS-kappa/workspace/install/dis_tutorial3/share/dis_tutorial3//worlds/dis_meshes/map.dae
[0.292s] -- Up-to-date: /home/strazi/RINS-kappa/workspace/install/dis_tutorial3/share/dis_tutorial3//worlds/dis_meshes/qr2.jpg
[0.293s] -- Up-to-date: /home/strazi/RINS-kappa/workspace/install/dis_tutorial3/share/dis_tutorial3//worlds/dis_meshes/davinci.jpg
[0.293s] -- Up-to-date: /home/strazi/RINS-kappa/workspace/install/dis_tutorial3/share/dis_tutorial3//worlds/dis_meshes/person5.jpg
[0.293s] -- Up-to-date: /home/strazi/RINS-kappa/workspace/install/dis_tutorial3/share/dis_tutorial3//worlds/dis_meshes/fakering3.jpg
[0.293s] -- Up-to-date: /home/strazi/RINS-kappa/workspace/install/dis_tutorial3/share/dis_tutorial3//worlds/dis_meshes/cylinders.jpg
[0.293s] -- Up-to-date: /home/strazi/RINS-kappa/workspace/install/dis_tutorial3/share/dis_tutorial3//worlds/dis_meshes/person4.jpg
[0.293s] -- Up-to-date: /home/strazi/RINS-kappa/workspace/install/dis_tutorial3/share/dis_tutorial3//worlds/dis_meshes/fakering1.jpg
[0.293s] -- Up-to-date: /home/strazi/RINS-kappa/workspace/install/dis_tutorial3/share/dis_tutorial3//worlds/dis_meshes/mona1.jpg
[0.293s] -- Up-to-date: /home/strazi/RINS-kappa/workspace/install/dis_tutorial3/share/dis_tutorial3//worlds/dis_meshes/wood.jpg
[0.293s] -- Up-to-date: /home/strazi/RINS-kappa/workspace/install/dis_tutorial3/share/dis_tutorial3//worlds/dis_meshes/objects.jpg
[0.293s] -- Up-to-date: /home/strazi/RINS-kappa/workspace/install/dis_tutorial3/share/dis_tutorial3//worlds/dis_meshes/ground.jpg
[0.294s] -- Up-to-date: /home/strazi/RINS-kappa/workspace/install/dis_tutorial3/share/dis_tutorial3//worlds/dis_meshes/person3.jpg
[0.294s] -- Up-to-date: /home/strazi/RINS-kappa/workspace/install/dis_tutorial3/share/dis_tutorial3//worlds/dis_meshes/map_colliders.dae
[0.294s] -- Up-to-date: /home/strazi/RINS-kappa/workspace/install/dis_tutorial3/share/dis_tutorial3//worlds/dis_meshes/fakering2.jpg
[0.294s] -- Up-to-date: /home/strazi/RINS-kappa/workspace/install/dis_tutorial3/share/dis_tutorial3//worlds/dis_meshes/person1.jpg
[0.294s] -- Up-to-date: /home/strazi/RINS-kappa/workspace/install/dis_tutorial3/share/dis_tutorial3//worlds/dis_meshes/qr1.jpg
[0.294s] -- Up-to-date: /home/strazi/RINS-kappa/workspace/install/dis_tutorial3/share/dis_tutorial3//worlds/dis_meshes/parking_space.jpg
[0.294s] -- Up-to-date: /home/strazi/RINS-kappa/workspace/install/dis_tutorial3/share/dis_tutorial3//worlds/dis_meshes/person2.jpg
[0.295s] -- Up-to-date: /home/strazi/RINS-kappa/workspace/install/dis_tutorial3/share/dis_tutorial3//worlds/task3_meshes
[0.295s] -- Up-to-date: /home/strazi/RINS-kappa/workspace/install/dis_tutorial3/share/dis_tutorial3//worlds/task3_meshes/map.dae
[0.295s] -- Up-to-date: /home/strazi/RINS-kappa/workspace/install/dis_tutorial3/share/dis_tutorial3//worlds/task3_meshes/anomona_3.png
[0.295s] -- Up-to-date: /home/strazi/RINS-kappa/workspace/install/dis_tutorial3/share/dis_tutorial3//worlds/task3_meshes/villager1.png
[0.295s] -- Up-to-date: /home/strazi/RINS-kappa/workspace/install/dis_tutorial3/share/dis_tutorial3//worlds/task3_meshes/anomona_4.png
[0.295s] -- Up-to-date: /home/strazi/RINS-kappa/workspace/install/dis_tutorial3/share/dis_tutorial3//worlds/task3_meshes/easy_anomona_4.png
[0.295s] -- Up-to-date: /home/strazi/RINS-kappa/workspace/install/dis_tutorial3/share/dis_tutorial3//worlds/task3_meshes/fakering3.jpg
[0.295s] -- Up-to-date: /home/strazi/RINS-kappa/workspace/install/dis_tutorial3/share/dis_tutorial3//worlds/task3_meshes/cylinders.jpg
[0.295s] -- Up-to-date: /home/strazi/RINS-kappa/workspace/install/dis_tutorial3/share/dis_tutorial3//worlds/task3_meshes/villager5.png
[0.295s] -- Up-to-date: /home/strazi/RINS-kappa/workspace/install/dis_tutorial3/share/dis_tutorial3//worlds/task3_meshes/fakering1.jpg
[0.295s] -- Up-to-date: /home/strazi/RINS-kappa/workspace/install/dis_tutorial3/share/dis_tutorial3//worlds/task3_meshes/anomona_1.png
[0.295s] -- Up-to-date: /home/strazi/RINS-kappa/workspace/install/dis_tutorial3/share/dis_tutorial3//worlds/task3_meshes/easy_anomona_2.png
[0.295s] -- Up-to-date: /home/strazi/RINS-kappa/workspace/install/dis_tutorial3/share/dis_tutorial3//worlds/task3_meshes/villager4.png
[0.295s] -- Up-to-date: /home/strazi/RINS-kappa/workspace/install/dis_tutorial3/share/dis_tutorial3//worlds/task3_meshes/qr_cheat.png
[0.295s] -- Up-to-date: /home/strazi/RINS-kappa/workspace/install/dis_tutorial3/share/dis_tutorial3//worlds/task3_meshes/objects.jpg
[0.296s] -- Up-to-date: /home/strazi/RINS-kappa/workspace/install/dis_tutorial3/share/dis_tutorial3//worlds/task3_meshes/easy_anomona_1.png
[0.296s] -- Up-to-date: /home/strazi/RINS-kappa/workspace/install/dis_tutorial3/share/dis_tutorial3//worlds/task3_meshes/qr_wrong.png
[0.296s] -- Up-to-date: /home/strazi/RINS-kappa/workspace/install/dis_tutorial3/share/dis_tutorial3//worlds/task3_meshes/anomona_0.png
[0.296s] -- Up-to-date: /home/strazi/RINS-kappa/workspace/install/dis_tutorial3/share/dis_tutorial3//worlds/task3_meshes/villager2.png
[0.296s] -- Up-to-date: /home/strazi/RINS-kappa/workspace/install/dis_tutorial3/share/dis_tutorial3//worlds/task3_meshes/ground.jpg
[0.296s] -- Up-to-date: /home/strazi/RINS-kappa/workspace/install/dis_tutorial3/share/dis_tutorial3//worlds/task3_meshes/easy_anomona_3.png
[0.296s] -- Up-to-date: /home/strazi/RINS-kappa/workspace/install/dis_tutorial3/share/dis_tutorial3//worlds/task3_meshes/map_colliders.dae
[0.296s] -- Up-to-date: /home/strazi/RINS-kappa/workspace/install/dis_tutorial3/share/dis_tutorial3//worlds/task3_meshes/qr_url.png
[0.296s] -- Up-to-date: /home/strazi/RINS-kappa/workspace/install/dis_tutorial3/share/dis_tutorial3//worlds/task3_meshes/fakering2.jpg
[0.296s] -- Up-to-date: /home/strazi/RINS-kappa/workspace/install/dis_tutorial3/share/dis_tutorial3//worlds/task3_meshes/mona.png
[0.296s] -- Up-to-date: /home/strazi/RINS-kappa/workspace/install/dis_tutorial3/share/dis_tutorial3//worlds/task3_meshes/easy_anomona_0.png
[0.297s] -- Up-to-date: /home/strazi/RINS-kappa/workspace/install/dis_tutorial3/share/dis_tutorial3//worlds/task3_meshes/villager3.png
[0.297s] -- Up-to-date: /home/strazi/RINS-kappa/workspace/install/dis_tutorial3/share/dis_tutorial3//worlds/task3_meshes/anomona_2.png
[0.297s] -- Up-to-date: /home/strazi/RINS-kappa/workspace/install/dis_tutorial3/share/dis_tutorial3//worlds/task3_meshes/parking_space.jpg
[0.298s] -- Up-to-date: /home/strazi/RINS-kappa/workspace/install/dis_tutorial3/share/dis_tutorial3//worlds/demo2_meshes
[0.298s] -- Up-to-date: /home/strazi/RINS-kappa/workspace/install/dis_tutorial3/share/dis_tutorial3//worlds/demo2_meshes/person20.png
[0.298s] -- Up-to-date: /home/strazi/RINS-kappa/workspace/install/dis_tutorial3/share/dis_tutorial3//worlds/demo2_meshes/map.dae
[0.298s] -- Up-to-date: /home/strazi/RINS-kappa/workspace/install/dis_tutorial3/share/dis_tutorial3//worlds/demo2_meshes/qr2.jpg
[0.299s] -- Up-to-date: /home/strazi/RINS-kappa/workspace/install/dis_tutorial3/share/dis_tutorial3//worlds/demo2_meshes/fakering3.jpg
[0.299s] -- Up-to-date: /home/strazi/RINS-kappa/workspace/install/dis_tutorial3/share/dis_tutorial3//worlds/demo2_meshes/cylinders.jpg
[0.299s] -- Up-to-date: /home/strazi/RINS-kappa/workspace/install/dis_tutorial3/share/dis_tutorial3//worlds/demo2_meshes/fakering1.jpg
[0.299s] -- Up-to-date: /home/strazi/RINS-kappa/workspace/install/dis_tutorial3/share/dis_tutorial3//worlds/demo2_meshes/person18.png
[0.299s] -- Up-to-date: /home/strazi/RINS-kappa/workspace/install/dis_tutorial3/share/dis_tutorial3//worlds/demo2_meshes/person9.png
[0.299s] -- Up-to-date: /home/strazi/RINS-kappa/workspace/install/dis_tutorial3/share/dis_tutorial3//worlds/demo2_meshes/objects.jpg
[0.300s] -- Up-to-date: /home/strazi/RINS-kappa/workspace/install/dis_tutorial3/share/dis_tutorial3//worlds/demo2_meshes/person8.png
[0.300s] -- Up-to-date: /home/strazi/RINS-kappa/workspace/install/dis_tutorial3/share/dis_tutorial3//worlds/demo2_meshes/ground.jpg
[0.300s] -- Up-to-date: /home/strazi/RINS-kappa/workspace/install/dis_tutorial3/share/dis_tutorial3//worlds/demo2_meshes/map_colliders.dae
[0.300s] -- Up-to-date: /home/strazi/RINS-kappa/workspace/install/dis_tutorial3/share/dis_tutorial3//worlds/demo2_meshes/fakering2.jpg
[0.300s] -- Up-to-date: /home/strazi/RINS-kappa/workspace/install/dis_tutorial3/share/dis_tutorial3//worlds/demo2_meshes/person6.png
[0.300s] -- Up-to-date: /home/strazi/RINS-kappa/workspace/install/dis_tutorial3/share/dis_tutorial3//worlds/demo2_meshes/qr1.jpg
[0.300s] -- Up-to-date: /home/strazi/RINS-kappa/workspace/install/dis_tutorial3/share/dis_tutorial3//worlds/demo2_meshes/parking_space.jpg
[0.301s] -- Up-to-date: /home/strazi/RINS-kappa/workspace/install/dis_tutorial3/share/dis_tutorial3//worlds/demo2_meshes/person7.png
[0.301s] -- Up-to-date: /home/strazi/RINS-kappa/workspace/install/dis_tutorial3/share/dis_tutorial3//worlds/task3.sdf
[0.301s] -- Up-to-date: /home/strazi/RINS-kappa/workspace/install/dis_tutorial3/share/dis_tutorial3//worlds/task2_demo2_meshes
[0.301s] -- Up-to-date: /home/strazi/RINS-kappa/workspace/install/dis_tutorial3/share/dis_tutorial3//worlds/task2_demo2_meshes/map.dae
[0.301s] -- Up-to-date: /home/strazi/RINS-kappa/workspace/install/dis_tutorial3/share/dis_tutorial3//worlds/task2_demo2_meshes/fakering3.jpg
[0.302s] -- Up-to-date: /home/strazi/RINS-kappa/workspace/install/dis_tutorial3/share/dis_tutorial3//worlds/task2_demo2_meshes/cylinders.jpg
[0.302s] -- Up-to-date: /home/strazi/RINS-kappa/workspace/install/dis_tutorial3/share/dis_tutorial3//worlds/task2_demo2_meshes/fakering1.jpg
[0.302s] -- Up-to-date: /home/strazi/RINS-kappa/workspace/install/dis_tutorial3/share/dis_tutorial3//worlds/task2_demo2_meshes/objects.jpg
[0.302s] -- Up-to-date: /home/strazi/RINS-kappa/workspace/install/dis_tutorial3/share/dis_tutorial3//worlds/task2_demo2_meshes/ground.jpg
[0.302s] -- Up-to-date: /home/strazi/RINS-kappa/workspace/install/dis_tutorial3/share/dis_tutorial3//worlds/task2_demo2_meshes/map_colliders.dae
[0.302s] -- Up-to-date: /home/strazi/RINS-kappa/workspace/install/dis_tutorial3/share/dis_tutorial3//worlds/task2_demo2_meshes/fakering2.jpg
[0.302s] -- Up-to-date: /home/strazi/RINS-kappa/workspace/install/dis_tutorial3/share/dis_tutorial3//worlds/task2_demo2_meshes/parking_space.jpg
[0.302s] -- Up-to-date: /home/strazi/RINS-kappa/workspace/install/dis_tutorial3/share/dis_tutorial3//worlds/task2_demo2.sdf
[0.303s] -- Up-to-date: /home/strazi/RINS-kappa/workspace/install/dis_tutorial3/share/dis_tutorial3//worlds/task2_demo1_meshes
[0.303s] -- Up-to-date: /home/strazi/RINS-kappa/workspace/install/dis_tutorial3/share/dis_tutorial3//worlds/task2_demo1_meshes/map.dae
[0.304s] -- Up-to-date: /home/strazi/RINS-kappa/workspace/install/dis_tutorial3/share/dis_tutorial3//worlds/task2_demo1_meshes/fakering3.jpg
[0.304s] -- Up-to-date: /home/strazi/RINS-kappa/workspace/install/dis_tutorial3/share/dis_tutorial3//worlds/task2_demo1_meshes/cylinders.jpg
[0.304s] -- Up-to-date: /home/strazi/RINS-kappa/workspace/install/dis_tutorial3/share/dis_tutorial3//worlds/task2_demo1_meshes/fakering1.jpg
[0.304s] -- Up-to-date: /home/strazi/RINS-kappa/workspace/install/dis_tutorial3/share/dis_tutorial3//worlds/task2_demo1_meshes/objects.jpg
[0.304s] -- Up-to-date: /home/strazi/RINS-kappa/workspace/install/dis_tutorial3/share/dis_tutorial3//worlds/task2_demo1_meshes/ground.jpg
[0.304s] -- Up-to-date: /home/strazi/RINS-kappa/workspace/install/dis_tutorial3/share/dis_tutorial3//worlds/task2_demo1_meshes/map_colliders.dae
[0.304s] -- Up-to-date: /home/strazi/RINS-kappa/workspace/install/dis_tutorial3/share/dis_tutorial3//worlds/task2_demo1_meshes/fakering2.jpg
[0.304s] -- Up-to-date: /home/strazi/RINS-kappa/workspace/install/dis_tutorial3/share/dis_tutorial3//worlds/task2_demo1_meshes/parking_space.jpg
[0.304s] -- Up-to-date: /home/strazi/RINS-kappa/workspace/install/dis_tutorial3/share/dis_tutorial3//worlds/dis.sdf
[0.305s] -- Up-to-date: /home/strazi/RINS-kappa/workspace/install/dis_tutorial3/share/dis_tutorial3//worlds/demo1_meshes
[0.305s] -- Up-to-date: /home/strazi/RINS-kappa/workspace/install/dis_tutorial3/share/dis_tutorial3//worlds/demo1_meshes/map.dae
[0.305s] -- Up-to-date: /home/strazi/RINS-kappa/workspace/install/dis_tutorial3/share/dis_tutorial3//worlds/demo1_meshes/qr2.jpg
[0.306s] -- Up-to-date: /home/strazi/RINS-kappa/workspace/install/dis_tutorial3/share/dis_tutorial3//worlds/demo1_meshes/person11.png
[0.306s] -- Up-to-date: /home/strazi/RINS-kappa/workspace/install/dis_tutorial3/share/dis_tutorial3//worlds/demo1_meshes/person1.png
[0.306s] -- Up-to-date: /home/strazi/RINS-kappa/workspace/install/dis_tutorial3/share/dis_tutorial3//worlds/demo1_meshes/fakering3.jpg
[0.307s] -- Up-to-date: /home/strazi/RINS-kappa/workspace/install/dis_tutorial3/share/dis_tutorial3//worlds/demo1_meshes/cylinders.jpg
[0.307s] -- Up-to-date: /home/strazi/RINS-kappa/workspace/install/dis_tutorial3/share/dis_tutorial3//worlds/demo1_meshes/person3.png
[0.307s] -- Up-to-date: /home/strazi/RINS-kappa/workspace/install/dis_tutorial3/share/dis_tutorial3//worlds/demo1_meshes/fakering1.jpg
[0.307s] -- Up-to-date: /home/strazi/RINS-kappa/workspace/install/dis_tutorial3/share/dis_tutorial3//worlds/demo1_meshes/objects.jpg
[0.307s] -- Up-to-date: /home/strazi/RINS-kappa/workspace/install/dis_tutorial3/share/dis_tutorial3//worlds/demo1_meshes/person5.png
[0.307s] -- Up-to-date: /home/strazi/RINS-kappa/workspace/install/dis_tutorial3/share/dis_tutorial3//worlds/demo1_meshes/person4.png
[0.308s] -- Up-to-date: /home/strazi/RINS-kappa/workspace/install/dis_tutorial3/share/dis_tutorial3//worlds/demo1_meshes/ground.jpg
[0.308s] -- Up-to-date: /home/strazi/RINS-kappa/workspace/install/dis_tutorial3/share/dis_tutorial3//worlds/demo1_meshes/person2.png
[0.308s] -- Up-to-date: /home/strazi/RINS-kappa/workspace/install/dis_tutorial3/share/dis_tutorial3//worlds/demo1_meshes/map_colliders.dae
[0.308s] -- Up-to-date: /home/strazi/RINS-kappa/workspace/install/dis_tutorial3/share/dis_tutorial3//worlds/demo1_meshes/fakering2.jpg
[0.310s] -- Up-to-date: /home/strazi/RINS-kappa/workspace/install/dis_tutorial3/share/dis_tutorial3//worlds/demo1_meshes/qr1.jpg
[0.310s] -- Up-to-date: /home/strazi/RINS-kappa/workspace/install/dis_tutorial3/share/dis_tutorial3//worlds/demo1_meshes/parking_space.jpg
[0.310s] -- Up-to-date: /home/strazi/RINS-kappa/workspace/install/dis_tutorial3/share/dis_tutorial3//worlds/task2_demo1.sdf
[0.310s] -- Up-to-date: /home/strazi/RINS-kappa/workspace/install/dis_tutorial3/share/dis_tutorial3//worlds/demo1.sdf
[0.312s] -- Up-to-date: /home/strazi/RINS-kappa/workspace/install/dis_tutorial3/share/dis_tutorial3//maps
[0.312s] -- Up-to-date: /home/strazi/RINS-kappa/workspace/install/dis_tutorial3/share/dis_tutorial3//maps/map.pgm
[0.312s] -- Up-to-date: /home/strazi/RINS-kappa/workspace/install/dis_tutorial3/share/dis_tutorial3//maps/map.yaml
[0.312s] -- Up-to-date: /home/strazi/RINS-kappa/workspace/install/dis_tutorial3/lib/dis_tutorial3/detect_people.py
[0.313s] -- Up-to-date: /home/strazi/RINS-kappa/workspace/install/dis_tutorial3/lib/dis_tutorial3/robot_commander.py
[0.313s] -- Installing: /home/strazi/RINS-kappa/workspace/install/dis_tutorial3/lib/dis_tutorial3/save_faces.py
[0.314s] -- Up-to-date: /home/strazi/RINS-kappa/workspace/install/dis_tutorial3/share/ament_index/resource_index/package_run_dependencies/dis_tutorial3
[0.314s] -- Up-to-date: /home/strazi/RINS-kappa/workspace/install/dis_tutorial3/share/ament_index/resource_index/parent_prefix_path/dis_tutorial3
[0.314s] -- Up-to-date: /home/strazi/RINS-kappa/workspace/install/dis_tutorial3/share/dis_tutorial3/environment/ament_prefix_path.sh
[0.315s] -- Up-to-date: /home/strazi/RINS-kappa/workspace/install/dis_tutorial3/share/dis_tutorial3/environment/ament_prefix_path.dsv
[0.315s] -- Up-to-date: /home/strazi/RINS-kappa/workspace/install/dis_tutorial3/share/dis_tutorial3/environment/path.sh
[0.315s] -- Up-to-date: /home/strazi/RINS-kappa/workspace/install/dis_tutorial3/share/dis_tutorial3/environment/path.dsv
[0.316s] -- Up-to-date: /home/strazi/RINS-kappa/workspace/install/dis_tutorial3/share/dis_tutorial3/local_setup.bash
[0.316s] -- Up-to-date: /home/strazi/RINS-kappa/workspace/install/dis_tutorial3/share/dis_tutorial3/local_setup.sh
[0.316s] -- Up-to-date: /home/strazi/RINS-kappa/workspace/install/dis_tutorial3/share/dis_tutorial3/local_setup.zsh
[0.316s] -- Up-to-date: /home/strazi/RINS-kappa/workspace/install/dis_tutorial3/share/dis_tutorial3/local_setup.dsv
[0.316s] -- Up-to-date: /home/strazi/RINS-kappa/workspace/install/dis_tutorial3/share/dis_tutorial3/package.dsv
[0.317s] -- Up-to-date: /home/strazi/RINS-kappa/workspace/install/dis_tutorial3/share/ament_index/resource_index/packages/dis_tutorial3
[0.317s] -- Up-to-date: /home/strazi/RINS-kappa/workspace/install/dis_tutorial3/share/dis_tutorial3/cmake/dis_tutorial3Config.cmake
[0.318s] -- Up-to-date: /home/strazi/RINS-kappa/workspace/install/dis_tutorial3/share/dis_tutorial3/cmake/dis_tutorial3Config-version.cmake
[0.318s] -- Up-to-date: /home/strazi/RINS-kappa/workspace/install/dis_tutorial3/share/dis_tutorial3/package.xml
[0.321s] Invoked command in '/home/strazi/RINS-kappa/workspace/build/dis_tutorial3' returned '0': CMAKE_PREFIX_PATH=${CMAKE_PREFIX_PATH}:/home/strazi/RINS-kappa/workspace/install/dis_tutorial2:/opt/ros/humble /usr/bin/cmake --install /home/strazi/RINS-kappa/workspace/build/dis_tutorial3
