[0.040s] Invoking command in '/home/strazi/RINS-kappa/workspace/build/dis_tutorial1': CMAKE_PREFIX_PATH=${CMAKE_PREFIX_PATH}:/home/strazi/RINS-kappa/workspace/install/dis_tutorial2:/opt/ros/humble /usr/bin/cmake --build /home/strazi/RINS-kappa/workspace/build/dis_tutorial1 -- -j12 -l12
[0.381s] [  1%] Built target dis_tutorial1__cpp
[0.382s] [  5%] Built target simple_set_bool_server_node
[0.383s] [ 13%] Built target dis_tutorial1__rosidl_typesupport_introspection_cpp
[0.383s] [ 22%] Built target dis_tutorial1__rosidl_typesupport_fastrtps_cpp
[0.383s] [ 30%] Built target dis_tutorial1__rosidl_typesupport_cpp
[0.383s] [ 33%] Built target simple_subscriber
[0.383s] [ 37%] Built target complete_node
[0.383s] [ 40%] Built target simple_server_node
[0.423s] [ 44%] Built target simple_client_node
[0.467s] [ 47%] Built target simple_publisher
[0.521s] [ 47%] Built target ament_cmake_python_copy_dis_tutorial1
[0.565s] [ 55%] Built target dis_tutorial1__rosidl_generator_c
[0.870s] running egg_info
[0.870s] writing dis_tutorial1.egg-info/PKG-INFO
[0.870s] writing dependency_links to dis_tutorial1.egg-info/dependency_links.txt
[0.873s] writing top-level names to dis_tutorial1.egg-info/top_level.txt
[0.874s] reading manifest file 'dis_tutorial1.egg-info/SOURCES.txt'
[0.875s] writing manifest file 'dis_tutorial1.egg-info/SOURCES.txt'
[0.919s] [ 55%] Built target ament_cmake_python_build_dis_tutorial1_egg
[0.950s] [ 64%] Built target dis_tutorial1__rosidl_typesupport_c
[0.982s] [ 72%] Built target dis_tutorial1__rosidl_typesupport_introspection_c
[1.016s] [ 81%] Built target dis_tutorial1__rosidl_typesupport_fastrtps_c
[1.049s] [ 81%] Built target dis_tutorial1
[1.080s] [ 83%] Built target dis_tutorial1__py
[1.116s] [ 89%] Built target dis_tutorial1__rosidl_generator_py
[1.150s] [ 93%] Built target dis_tutorial1__rosidl_typesupport_fastrtps_c__pyext
[1.184s] [ 96%] Built target dis_tutorial1__rosidl_typesupport_c__pyext
[1.218s] [100%] Built target dis_tutorial1__rosidl_typesupport_introspection_c__pyext
[1.239s] Invoked command in '/home/strazi/RINS-kappa/workspace/build/dis_tutorial1' returned '0': CMAKE_PREFIX_PATH=${CMAKE_PREFIX_PATH}:/home/strazi/RINS-kappa/workspace/install/dis_tutorial2:/opt/ros/humble /usr/bin/cmake --build /home/strazi/RINS-kappa/workspace/build/dis_tutorial1 -- -j12 -l12
[1.242s] Invoking command in '/home/strazi/RINS-kappa/workspace/build/dis_tutorial1': CMAKE_PREFIX_PATH=${CMAKE_PREFIX_PATH}:/home/strazi/RINS-kappa/workspace/install/dis_tutorial2:/opt/ros/humble /usr/bin/cmake --install /home/strazi/RINS-kappa/workspace/build/dis_tutorial1
[1.252s] -- Install configuration: ""
[1.252s] -- Up-to-date: /home/strazi/RINS-kappa/workspace/install/dis_tutorial1/share/ament_index/resource_index/rosidl_interfaces/dis_tutorial1
[1.252s] -- Up-to-date: /home/strazi/RINS-kappa/workspace/install/dis_tutorial1/include/dis_tutorial1/dis_tutorial1
[1.252s] -- Up-to-date: /home/strazi/RINS-kappa/workspace/install/dis_tutorial1/include/dis_tutorial1/dis_tutorial1/srv
[1.252s] -- Up-to-date: /home/strazi/RINS-kappa/workspace/install/dis_tutorial1/include/dis_tutorial1/dis_tutorial1/srv/add_array.h
[1.252s] -- Up-to-date: /home/strazi/RINS-kappa/workspace/install/dis_tutorial1/include/dis_tutorial1/dis_tutorial1/srv/add_two_ints.h
[1.252s] -- Up-to-date: /home/strazi/RINS-kappa/workspace/install/dis_tutorial1/include/dis_tutorial1/dis_tutorial1/srv/detail
[1.252s] -- Up-to-date: /home/strazi/RINS-kappa/workspace/install/dis_tutorial1/include/dis_tutorial1/dis_tutorial1/srv/detail/add_two_ints__type_support.h
[1.252s] -- Up-to-date: /home/strazi/RINS-kappa/workspace/install/dis_tutorial1/include/dis_tutorial1/dis_tutorial1/srv/detail/add_array__functions.h
[1.252s] -- Up-to-date: /home/strazi/RINS-kappa/workspace/install/dis_tutorial1/include/dis_tutorial1/dis_tutorial1/srv/detail/add_array__struct.h
[1.252s] -- Up-to-date: /home/strazi/RINS-kappa/workspace/install/dis_tutorial1/include/dis_tutorial1/dis_tutorial1/srv/detail/add_array__functions.c
[1.252s] -- Up-to-date: /home/strazi/RINS-kappa/workspace/install/dis_tutorial1/include/dis_tutorial1/dis_tutorial1/srv/detail/add_two_ints__struct.h
[1.253s] -- Up-to-date: /home/strazi/RINS-kappa/workspace/install/dis_tutorial1/include/dis_tutorial1/dis_tutorial1/srv/detail/add_array__type_support.h
[1.253s] -- Up-to-date: /home/strazi/RINS-kappa/workspace/install/dis_tutorial1/include/dis_tutorial1/dis_tutorial1/srv/detail/add_two_ints__functions.h
[1.253s] -- Up-to-date: /home/strazi/RINS-kappa/workspace/install/dis_tutorial1/include/dis_tutorial1/dis_tutorial1/srv/detail/add_two_ints__functions.c
[1.253s] -- Up-to-date: /home/strazi/RINS-kappa/workspace/install/dis_tutorial1/include/dis_tutorial1/dis_tutorial1/msg
[1.253s] -- Up-to-date: /home/strazi/RINS-kappa/workspace/install/dis_tutorial1/include/dis_tutorial1/dis_tutorial1/msg/custom_message.h
[1.253s] -- Up-to-date: /home/strazi/RINS-kappa/workspace/install/dis_tutorial1/include/dis_tutorial1/dis_tutorial1/msg/rosidl_generator_c__visibility_control.h
[1.254s] -- Up-to-date: /home/strazi/RINS-kappa/workspace/install/dis_tutorial1/include/dis_tutorial1/dis_tutorial1/msg/detail
[1.254s] -- Up-to-date: /home/strazi/RINS-kappa/workspace/install/dis_tutorial1/include/dis_tutorial1/dis_tutorial1/msg/detail/custom_message__struct.h
[1.254s] -- Up-to-date: /home/strazi/RINS-kappa/workspace/install/dis_tutorial1/include/dis_tutorial1/dis_tutorial1/msg/detail/custom_message__functions.c
[1.254s] -- Up-to-date: /home/strazi/RINS-kappa/workspace/install/dis_tutorial1/include/dis_tutorial1/dis_tutorial1/msg/detail/custom_message__type_support.h
[1.254s] -- Up-to-date: /home/strazi/RINS-kappa/workspace/install/dis_tutorial1/include/dis_tutorial1/dis_tutorial1/msg/detail/custom_message__functions.h
[1.254s] -- Up-to-date: /home/strazi/RINS-kappa/workspace/install/dis_tutorial1/share/dis_tutorial1/environment/library_path.sh
[1.254s] -- Up-to-date: /home/strazi/RINS-kappa/workspace/install/dis_tutorial1/share/dis_tutorial1/environment/library_path.dsv
[1.254s] -- Up-to-date: /home/strazi/RINS-kappa/workspace/install/dis_tutorial1/lib/libdis_tutorial1__rosidl_generator_c.so
[1.254s] -- Up-to-date: /home/strazi/RINS-kappa/workspace/install/dis_tutorial1/include/dis_tutorial1/dis_tutorial1
[1.254s] -- Up-to-date: /home/strazi/RINS-kappa/workspace/install/dis_tutorial1/include/dis_tutorial1/dis_tutorial1/srv
[1.254s] -- Up-to-date: /home/strazi/RINS-kappa/workspace/install/dis_tutorial1/include/dis_tutorial1/dis_tutorial1/srv/detail
[1.255s] -- Up-to-date: /home/strazi/RINS-kappa/workspace/install/dis_tutorial1/include/dis_tutorial1/dis_tutorial1/srv/detail/add_two_ints__rosidl_typesupport_fastrtps_c.h
[1.255s] -- Up-to-date: /home/strazi/RINS-kappa/workspace/install/dis_tutorial1/include/dis_tutorial1/dis_tutorial1/srv/detail/add_array__rosidl_typesupport_fastrtps_c.h
[1.255s] -- Up-to-date: /home/strazi/RINS-kappa/workspace/install/dis_tutorial1/include/dis_tutorial1/dis_tutorial1/msg
[1.255s] -- Up-to-date: /home/strazi/RINS-kappa/workspace/install/dis_tutorial1/include/dis_tutorial1/dis_tutorial1/msg/rosidl_typesupport_fastrtps_c__visibility_control.h
[1.255s] -- Up-to-date: /home/strazi/RINS-kappa/workspace/install/dis_tutorial1/include/dis_tutorial1/dis_tutorial1/msg/detail
[1.255s] -- Up-to-date: /home/strazi/RINS-kappa/workspace/install/dis_tutorial1/include/dis_tutorial1/dis_tutorial1/msg/detail/custom_message__rosidl_typesupport_fastrtps_c.h
[1.256s] -- Up-to-date: /home/strazi/RINS-kappa/workspace/install/dis_tutorial1/lib/libdis_tutorial1__rosidl_typesupport_fastrtps_c.so
[1.256s] -- Up-to-date: /home/strazi/RINS-kappa/workspace/install/dis_tutorial1/include/dis_tutorial1/dis_tutorial1
[1.256s] -- Up-to-date: /home/strazi/RINS-kappa/workspace/install/dis_tutorial1/include/dis_tutorial1/dis_tutorial1/srv
[1.256s] -- Up-to-date: /home/strazi/RINS-kappa/workspace/install/dis_tutorial1/include/dis_tutorial1/dis_tutorial1/srv/add_two_ints.hpp
[1.256s] -- Up-to-date: /home/strazi/RINS-kappa/workspace/install/dis_tutorial1/include/dis_tutorial1/dis_tutorial1/srv/add_array.hpp
[1.256s] -- Up-to-date: /home/strazi/RINS-kappa/workspace/install/dis_tutorial1/include/dis_tutorial1/dis_tutorial1/srv/detail
[1.256s] -- Up-to-date: /home/strazi/RINS-kappa/workspace/install/dis_tutorial1/include/dis_tutorial1/dis_tutorial1/srv/detail/add_two_ints__traits.hpp
[1.256s] -- Up-to-date: /home/strazi/RINS-kappa/workspace/install/dis_tutorial1/include/dis_tutorial1/dis_tutorial1/srv/detail/add_array__traits.hpp
[1.256s] -- Up-to-date: /home/strazi/RINS-kappa/workspace/install/dis_tutorial1/include/dis_tutorial1/dis_tutorial1/srv/detail/add_two_ints__type_support.hpp
[1.256s] -- Up-to-date: /home/strazi/RINS-kappa/workspace/install/dis_tutorial1/include/dis_tutorial1/dis_tutorial1/srv/detail/add_array__builder.hpp
[1.256s] -- Up-to-date: /home/strazi/RINS-kappa/workspace/install/dis_tutorial1/include/dis_tutorial1/dis_tutorial1/srv/detail/add_array__type_support.hpp
[1.256s] -- Up-to-date: /home/strazi/RINS-kappa/workspace/install/dis_tutorial1/include/dis_tutorial1/dis_tutorial1/srv/detail/add_array__struct.hpp
[1.256s] -- Up-to-date: /home/strazi/RINS-kappa/workspace/install/dis_tutorial1/include/dis_tutorial1/dis_tutorial1/srv/detail/add_two_ints__struct.hpp
[1.257s] -- Up-to-date: /home/strazi/RINS-kappa/workspace/install/dis_tutorial1/include/dis_tutorial1/dis_tutorial1/srv/detail/add_two_ints__builder.hpp
[1.257s] -- Up-to-date: /home/strazi/RINS-kappa/workspace/install/dis_tutorial1/include/dis_tutorial1/dis_tutorial1/msg
[1.257s] -- Up-to-date: /home/strazi/RINS-kappa/workspace/install/dis_tutorial1/include/dis_tutorial1/dis_tutorial1/msg/rosidl_generator_cpp__visibility_control.hpp
[1.257s] -- Up-to-date: /home/strazi/RINS-kappa/workspace/install/dis_tutorial1/include/dis_tutorial1/dis_tutorial1/msg/custom_message.hpp
[1.257s] -- Up-to-date: /home/strazi/RINS-kappa/workspace/install/dis_tutorial1/include/dis_tutorial1/dis_tutorial1/msg/detail
[1.257s] -- Up-to-date: /home/strazi/RINS-kappa/workspace/install/dis_tutorial1/include/dis_tutorial1/dis_tutorial1/msg/detail/custom_message__type_support.hpp
[1.257s] -- Up-to-date: /home/strazi/RINS-kappa/workspace/install/dis_tutorial1/include/dis_tutorial1/dis_tutorial1/msg/detail/custom_message__traits.hpp
[1.257s] -- Up-to-date: /home/strazi/RINS-kappa/workspace/install/dis_tutorial1/include/dis_tutorial1/dis_tutorial1/msg/detail/custom_message__struct.hpp
[1.258s] -- Up-to-date: /home/strazi/RINS-kappa/workspace/install/dis_tutorial1/include/dis_tutorial1/dis_tutorial1/msg/detail/custom_message__builder.hpp
[1.258s] -- Up-to-date: /home/strazi/RINS-kappa/workspace/install/dis_tutorial1/include/dis_tutorial1/dis_tutorial1
[1.258s] -- Up-to-date: /home/strazi/RINS-kappa/workspace/install/dis_tutorial1/include/dis_tutorial1/dis_tutorial1/srv
[1.258s] -- Up-to-date: /home/strazi/RINS-kappa/workspace/install/dis_tutorial1/include/dis_tutorial1/dis_tutorial1/srv/detail
[1.258s] -- Up-to-date: /home/strazi/RINS-kappa/workspace/install/dis_tutorial1/include/dis_tutorial1/dis_tutorial1/srv/detail/add_two_ints__rosidl_typesupport_fastrtps_cpp.hpp
[1.258s] -- Up-to-date: /home/strazi/RINS-kappa/workspace/install/dis_tutorial1/include/dis_tutorial1/dis_tutorial1/srv/detail/add_array__rosidl_typesupport_fastrtps_cpp.hpp
[1.258s] -- Up-to-date: /home/strazi/RINS-kappa/workspace/install/dis_tutorial1/include/dis_tutorial1/dis_tutorial1/srv/detail/dds_fastrtps
[1.258s] -- Up-to-date: /home/strazi/RINS-kappa/workspace/install/dis_tutorial1/include/dis_tutorial1/dis_tutorial1/msg
[1.258s] -- Up-to-date: /home/strazi/RINS-kappa/workspace/install/dis_tutorial1/include/dis_tutorial1/dis_tutorial1/msg/rosidl_typesupport_fastrtps_cpp__visibility_control.h
[1.258s] -- Up-to-date: /home/strazi/RINS-kappa/workspace/install/dis_tutorial1/include/dis_tutorial1/dis_tutorial1/msg/detail
[1.258s] -- Up-to-date: /home/strazi/RINS-kappa/workspace/install/dis_tutorial1/include/dis_tutorial1/dis_tutorial1/msg/detail/dds_fastrtps
[1.258s] -- Up-to-date: /home/strazi/RINS-kappa/workspace/install/dis_tutorial1/include/dis_tutorial1/dis_tutorial1/msg/detail/custom_message__rosidl_typesupport_fastrtps_cpp.hpp
[1.258s] -- Up-to-date: /home/strazi/RINS-kappa/workspace/install/dis_tutorial1/lib/libdis_tutorial1__rosidl_typesupport_fastrtps_cpp.so
[1.258s] -- Up-to-date: /home/strazi/RINS-kappa/workspace/install/dis_tutorial1/include/dis_tutorial1/dis_tutorial1
[1.258s] -- Up-to-date: /home/strazi/RINS-kappa/workspace/install/dis_tutorial1/include/dis_tutorial1/dis_tutorial1/srv
[1.258s] -- Up-to-date: /home/strazi/RINS-kappa/workspace/install/dis_tutorial1/include/dis_tutorial1/dis_tutorial1/srv/detail
[1.259s] -- Up-to-date: /home/strazi/RINS-kappa/workspace/install/dis_tutorial1/include/dis_tutorial1/dis_tutorial1/srv/detail/add_two_ints__rosidl_typesupport_introspection_c.h
[1.259s] -- Up-to-date: /home/strazi/RINS-kappa/workspace/install/dis_tutorial1/include/dis_tutorial1/dis_tutorial1/srv/detail/add_array__type_support.c
[1.259s] -- Up-to-date: /home/strazi/RINS-kappa/workspace/install/dis_tutorial1/include/dis_tutorial1/dis_tutorial1/srv/detail/add_two_ints__type_support.c
[1.259s] -- Up-to-date: /home/strazi/RINS-kappa/workspace/install/dis_tutorial1/include/dis_tutorial1/dis_tutorial1/srv/detail/add_array__rosidl_typesupport_introspection_c.h
[1.259s] -- Up-to-date: /home/strazi/RINS-kappa/workspace/install/dis_tutorial1/include/dis_tutorial1/dis_tutorial1/msg
[1.259s] -- Up-to-date: /home/strazi/RINS-kappa/workspace/install/dis_tutorial1/include/dis_tutorial1/dis_tutorial1/msg/rosidl_typesupport_introspection_c__visibility_control.h
[1.259s] -- Up-to-date: /home/strazi/RINS-kappa/workspace/install/dis_tutorial1/include/dis_tutorial1/dis_tutorial1/msg/detail
[1.259s] -- Up-to-date: /home/strazi/RINS-kappa/workspace/install/dis_tutorial1/include/dis_tutorial1/dis_tutorial1/msg/detail/custom_message__type_support.c
[1.259s] -- Up-to-date: /home/strazi/RINS-kappa/workspace/install/dis_tutorial1/include/dis_tutorial1/dis_tutorial1/msg/detail/custom_message__rosidl_typesupport_introspection_c.h
[1.260s] -- Up-to-date: /home/strazi/RINS-kappa/workspace/install/dis_tutorial1/lib/libdis_tutorial1__rosidl_typesupport_introspection_c.so
[1.260s] -- Up-to-date: /home/strazi/RINS-kappa/workspace/install/dis_tutorial1/lib/libdis_tutorial1__rosidl_typesupport_c.so
[1.260s] -- Up-to-date: /home/strazi/RINS-kappa/workspace/install/dis_tutorial1/include/dis_tutorial1/dis_tutorial1
[1.260s] -- Up-to-date: /home/strazi/RINS-kappa/workspace/install/dis_tutorial1/include/dis_tutorial1/dis_tutorial1/srv
[1.260s] -- Up-to-date: /home/strazi/RINS-kappa/workspace/install/dis_tutorial1/include/dis_tutorial1/dis_tutorial1/srv/detail
[1.260s] -- Up-to-date: /home/strazi/RINS-kappa/workspace/install/dis_tutorial1/include/dis_tutorial1/dis_tutorial1/srv/detail/add_array__rosidl_typesupport_introspection_cpp.hpp
[1.260s] -- Up-to-date: /home/strazi/RINS-kappa/workspace/install/dis_tutorial1/include/dis_tutorial1/dis_tutorial1/srv/detail/add_array__type_support.cpp
[1.260s] -- Up-to-date: /home/strazi/RINS-kappa/workspace/install/dis_tutorial1/include/dis_tutorial1/dis_tutorial1/srv/detail/add_two_ints__rosidl_typesupport_introspection_cpp.hpp
[1.260s] -- Up-to-date: /home/strazi/RINS-kappa/workspace/install/dis_tutorial1/include/dis_tutorial1/dis_tutorial1/srv/detail/add_two_ints__type_support.cpp
[1.260s] -- Up-to-date: /home/strazi/RINS-kappa/workspace/install/dis_tutorial1/include/dis_tutorial1/dis_tutorial1/msg
[1.260s] -- Up-to-date: /home/strazi/RINS-kappa/workspace/install/dis_tutorial1/include/dis_tutorial1/dis_tutorial1/msg/detail
[1.260s] -- Up-to-date: /home/strazi/RINS-kappa/workspace/install/dis_tutorial1/include/dis_tutorial1/dis_tutorial1/msg/detail/custom_message__rosidl_typesupport_introspection_cpp.hpp
[1.260s] -- Up-to-date: /home/strazi/RINS-kappa/workspace/install/dis_tutorial1/include/dis_tutorial1/dis_tutorial1/msg/detail/custom_message__type_support.cpp
[1.260s] -- Up-to-date: /home/strazi/RINS-kappa/workspace/install/dis_tutorial1/lib/libdis_tutorial1__rosidl_typesupport_introspection_cpp.so
[1.260s] -- Up-to-date: /home/strazi/RINS-kappa/workspace/install/dis_tutorial1/lib/libdis_tutorial1__rosidl_typesupport_cpp.so
[1.261s] -- Up-to-date: /home/strazi/RINS-kappa/workspace/install/dis_tutorial1/share/dis_tutorial1/environment/pythonpath.sh
[1.261s] -- Up-to-date: /home/strazi/RINS-kappa/workspace/install/dis_tutorial1/share/dis_tutorial1/environment/pythonpath.dsv
[1.261s] -- Up-to-date: /home/strazi/RINS-kappa/workspace/install/dis_tutorial1/local/lib/python3.10/dist-packages/dis_tutorial1-0.0.1-py3.10.egg-info
[1.261s] -- Installing: /home/strazi/RINS-kappa/workspace/install/dis_tutorial1/local/lib/python3.10/dist-packages/dis_tutorial1-0.0.1-py3.10.egg-info/SOURCES.txt
[1.261s] -- Installing: /home/strazi/RINS-kappa/workspace/install/dis_tutorial1/local/lib/python3.10/dist-packages/dis_tutorial1-0.0.1-py3.10.egg-info/top_level.txt
[1.261s] -- Installing: /home/strazi/RINS-kappa/workspace/install/dis_tutorial1/local/lib/python3.10/dist-packages/dis_tutorial1-0.0.1-py3.10.egg-info/dependency_links.txt
[1.261s] -- Installing: /home/strazi/RINS-kappa/workspace/install/dis_tutorial1/local/lib/python3.10/dist-packages/dis_tutorial1-0.0.1-py3.10.egg-info/PKG-INFO
[1.261s] -- Up-to-date: /home/strazi/RINS-kappa/workspace/install/dis_tutorial1/local/lib/python3.10/dist-packages/dis_tutorial1
[1.261s] -- Up-to-date: /home/strazi/RINS-kappa/workspace/install/dis_tutorial1/local/lib/python3.10/dist-packages/dis_tutorial1/_dis_tutorial1_s.ep.rosidl_typesupport_fastrtps_c.c
[1.261s] -- Up-to-date: /home/strazi/RINS-kappa/workspace/install/dis_tutorial1/local/lib/python3.10/dist-packages/dis_tutorial1/dis_tutorial1_s__rosidl_typesupport_fastrtps_c.cpython-310-x86_64-linux-gnu.so
[1.261s] -- Up-to-date: /home/strazi/RINS-kappa/workspace/install/dis_tutorial1/local/lib/python3.10/dist-packages/dis_tutorial1/srv
[1.261s] -- Up-to-date: /home/strazi/RINS-kappa/workspace/install/dis_tutorial1/local/lib/python3.10/dist-packages/dis_tutorial1/srv/_add_two_ints.py
[1.261s] -- Up-to-date: /home/strazi/RINS-kappa/workspace/install/dis_tutorial1/local/lib/python3.10/dist-packages/dis_tutorial1/srv/_add_array.py
[1.261s] -- Up-to-date: /home/strazi/RINS-kappa/workspace/install/dis_tutorial1/local/lib/python3.10/dist-packages/dis_tutorial1/srv/__init__.py
[1.261s] -- Up-to-date: /home/strazi/RINS-kappa/workspace/install/dis_tutorial1/local/lib/python3.10/dist-packages/dis_tutorial1/srv/_add_two_ints_s.c
[1.262s] -- Up-to-date: /home/strazi/RINS-kappa/workspace/install/dis_tutorial1/local/lib/python3.10/dist-packages/dis_tutorial1/srv/_add_array_s.c
[1.262s] -- Up-to-date: /home/strazi/RINS-kappa/workspace/install/dis_tutorial1/local/lib/python3.10/dist-packages/dis_tutorial1/_dis_tutorial1_s.ep.rosidl_typesupport_introspection_c.c
[1.262s] -- Up-to-date: /home/strazi/RINS-kappa/workspace/install/dis_tutorial1/local/lib/python3.10/dist-packages/dis_tutorial1/dis_tutorial1_s__rosidl_typesupport_c.cpython-310-x86_64-linux-gnu.so
[1.262s] -- Up-to-date: /home/strazi/RINS-kappa/workspace/install/dis_tutorial1/local/lib/python3.10/dist-packages/dis_tutorial1/__init__.py
[1.262s] -- Up-to-date: /home/strazi/RINS-kappa/workspace/install/dis_tutorial1/local/lib/python3.10/dist-packages/dis_tutorial1/libdis_tutorial1__rosidl_generator_py.so
[1.262s] -- Up-to-date: /home/strazi/RINS-kappa/workspace/install/dis_tutorial1/local/lib/python3.10/dist-packages/dis_tutorial1/msg
[1.262s] -- Up-to-date: /home/strazi/RINS-kappa/workspace/install/dis_tutorial1/local/lib/python3.10/dist-packages/dis_tutorial1/msg/_custom_message_s.c
[1.262s] -- Up-to-date: /home/strazi/RINS-kappa/workspace/install/dis_tutorial1/local/lib/python3.10/dist-packages/dis_tutorial1/msg/_custom_message.py
[1.262s] -- Up-to-date: /home/strazi/RINS-kappa/workspace/install/dis_tutorial1/local/lib/python3.10/dist-packages/dis_tutorial1/msg/__init__.py
[1.262s] -- Up-to-date: /home/strazi/RINS-kappa/workspace/install/dis_tutorial1/local/lib/python3.10/dist-packages/dis_tutorial1/dis_tutorial1_s__rosidl_typesupport_introspection_c.cpython-310-x86_64-linux-gnu.so
[1.262s] -- Up-to-date: /home/strazi/RINS-kappa/workspace/install/dis_tutorial1/local/lib/python3.10/dist-packages/dis_tutorial1/_dis_tutorial1_s.ep.rosidl_typesupport_c.c
[1.295s] Listing '/home/strazi/RINS-kappa/workspace/install/dis_tutorial1/local/lib/python3.10/dist-packages/dis_tutorial1'...
[1.295s] Listing '/home/strazi/RINS-kappa/workspace/install/dis_tutorial1/local/lib/python3.10/dist-packages/dis_tutorial1/msg'...
[1.295s] Listing '/home/strazi/RINS-kappa/workspace/install/dis_tutorial1/local/lib/python3.10/dist-packages/dis_tutorial1/srv'...
[1.300s] -- Up-to-date: /home/strazi/RINS-kappa/workspace/install/dis_tutorial1/local/lib/python3.10/dist-packages/dis_tutorial1/dis_tutorial1_s__rosidl_typesupport_fastrtps_c.cpython-310-x86_64-linux-gnu.so
[1.301s] -- Up-to-date: /home/strazi/RINS-kappa/workspace/install/dis_tutorial1/local/lib/python3.10/dist-packages/dis_tutorial1/dis_tutorial1_s__rosidl_typesupport_introspection_c.cpython-310-x86_64-linux-gnu.so
[1.301s] -- Up-to-date: /home/strazi/RINS-kappa/workspace/install/dis_tutorial1/local/lib/python3.10/dist-packages/dis_tutorial1/dis_tutorial1_s__rosidl_typesupport_c.cpython-310-x86_64-linux-gnu.so
[1.301s] -- Up-to-date: /home/strazi/RINS-kappa/workspace/install/dis_tutorial1/lib/libdis_tutorial1__rosidl_generator_py.so
[1.302s] -- Up-to-date: /home/strazi/RINS-kappa/workspace/install/dis_tutorial1/share/dis_tutorial1/msg/CustomMessage.idl
[1.302s] -- Up-to-date: /home/strazi/RINS-kappa/workspace/install/dis_tutorial1/share/dis_tutorial1/srv/AddTwoInts.idl
[1.302s] -- Up-to-date: /home/strazi/RINS-kappa/workspace/install/dis_tutorial1/share/dis_tutorial1/srv/AddArray.idl
[1.303s] -- Up-to-date: /home/strazi/RINS-kappa/workspace/install/dis_tutorial1/share/dis_tutorial1/msg/CustomMessage.msg
[1.303s] -- Up-to-date: /home/strazi/RINS-kappa/workspace/install/dis_tutorial1/share/dis_tutorial1/srv/AddTwoInts.srv
[1.303s] -- Up-to-date: /home/strazi/RINS-kappa/workspace/install/dis_tutorial1/share/dis_tutorial1/srv/AddTwoInts_Request.msg
[1.303s] -- Up-to-date: /home/strazi/RINS-kappa/workspace/install/dis_tutorial1/share/dis_tutorial1/srv/AddTwoInts_Response.msg
[1.303s] -- Up-to-date: /home/strazi/RINS-kappa/workspace/install/dis_tutorial1/share/dis_tutorial1/srv/AddArray.srv
[1.303s] -- Up-to-date: /home/strazi/RINS-kappa/workspace/install/dis_tutorial1/share/dis_tutorial1/srv/AddArray_Request.msg
[1.303s] -- Up-to-date: /home/strazi/RINS-kappa/workspace/install/dis_tutorial1/share/dis_tutorial1/srv/AddArray_Response.msg
[1.303s] -- Up-to-date: /home/strazi/RINS-kappa/workspace/install/dis_tutorial1/lib/dis_tutorial1/simple_publisher
[1.303s] -- Up-to-date: /home/strazi/RINS-kappa/workspace/install/dis_tutorial1/lib/dis_tutorial1/simple_subscriber
[1.303s] -- Up-to-date: /home/strazi/RINS-kappa/workspace/install/dis_tutorial1/lib/dis_tutorial1/simple_client_node
[1.304s] -- Up-to-date: /home/strazi/RINS-kappa/workspace/install/dis_tutorial1/lib/dis_tutorial1/simple_server_node
[1.304s] -- Up-to-date: /home/strazi/RINS-kappa/workspace/install/dis_tutorial1/lib/dis_tutorial1/complete_node
[1.305s] -- Up-to-date: /home/strazi/RINS-kappa/workspace/install/dis_tutorial1/lib/dis_tutorial1/simple_set_bool_server_node
[1.305s] -- Up-to-date: /home/strazi/RINS-kappa/workspace/install/dis_tutorial1/lib/dis_tutorial1/py_simple_publisher.py
[1.305s] -- Up-to-date: /home/strazi/RINS-kappa/workspace/install/dis_tutorial1/lib/dis_tutorial1/py_simple_subscriber.py
[1.306s] -- Up-to-date: /home/strazi/RINS-kappa/workspace/install/dis_tutorial1/lib/dis_tutorial1/py_simple_server_node.py
[1.306s] -- Up-to-date: /home/strazi/RINS-kappa/workspace/install/dis_tutorial1/lib/dis_tutorial1/py_simple_client_node.py
[1.306s] -- Up-to-date: /home/strazi/RINS-kappa/workspace/install/dis_tutorial1/lib/dis_tutorial1/py_complete_node.py
[1.306s] -- Up-to-date: /home/strazi/RINS-kappa/workspace/install/dis_tutorial1/lib/dis_tutorial1/py_draw_square.py
[1.306s] -- Up-to-date: /home/strazi/RINS-kappa/workspace/install/dis_tutorial1/share/ament_index/resource_index/package_run_dependencies/dis_tutorial1
[1.306s] -- Up-to-date: /home/strazi/RINS-kappa/workspace/install/dis_tutorial1/share/ament_index/resource_index/parent_prefix_path/dis_tutorial1
[1.306s] -- Up-to-date: /home/strazi/RINS-kappa/workspace/install/dis_tutorial1/share/dis_tutorial1/environment/ament_prefix_path.sh
[1.306s] -- Up-to-date: /home/strazi/RINS-kappa/workspace/install/dis_tutorial1/share/dis_tutorial1/environment/ament_prefix_path.dsv
[1.306s] -- Up-to-date: /home/strazi/RINS-kappa/workspace/install/dis_tutorial1/share/dis_tutorial1/environment/path.sh
[1.306s] -- Up-to-date: /home/strazi/RINS-kappa/workspace/install/dis_tutorial1/share/dis_tutorial1/environment/path.dsv
[1.306s] -- Up-to-date: /home/strazi/RINS-kappa/workspace/install/dis_tutorial1/share/dis_tutorial1/local_setup.bash
[1.306s] -- Up-to-date: /home/strazi/RINS-kappa/workspace/install/dis_tutorial1/share/dis_tutorial1/local_setup.sh
[1.307s] -- Up-to-date: /home/strazi/RINS-kappa/workspace/install/dis_tutorial1/share/dis_tutorial1/local_setup.zsh
[1.307s] -- Up-to-date: /home/strazi/RINS-kappa/workspace/install/dis_tutorial1/share/dis_tutorial1/local_setup.dsv
[1.307s] -- Installing: /home/strazi/RINS-kappa/workspace/install/dis_tutorial1/share/dis_tutorial1/package.dsv
[1.307s] -- Up-to-date: /home/strazi/RINS-kappa/workspace/install/dis_tutorial1/share/ament_index/resource_index/packages/dis_tutorial1
[1.307s] -- Up-to-date: /home/strazi/RINS-kappa/workspace/install/dis_tutorial1/share/dis_tutorial1/cmake/export_dis_tutorial1__rosidl_generator_cExport.cmake
[1.307s] -- Up-to-date: /home/strazi/RINS-kappa/workspace/install/dis_tutorial1/share/dis_tutorial1/cmake/export_dis_tutorial1__rosidl_generator_cExport-noconfig.cmake
[1.307s] -- Up-to-date: /home/strazi/RINS-kappa/workspace/install/dis_tutorial1/share/dis_tutorial1/cmake/export_dis_tutorial1__rosidl_typesupport_fastrtps_cExport.cmake
[1.307s] -- Up-to-date: /home/strazi/RINS-kappa/workspace/install/dis_tutorial1/share/dis_tutorial1/cmake/export_dis_tutorial1__rosidl_typesupport_fastrtps_cExport-noconfig.cmake
[1.307s] -- Up-to-date: /home/strazi/RINS-kappa/workspace/install/dis_tutorial1/share/dis_tutorial1/cmake/export_dis_tutorial1__rosidl_generator_cppExport.cmake
[1.307s] -- Up-to-date: /home/strazi/RINS-kappa/workspace/install/dis_tutorial1/share/dis_tutorial1/cmake/export_dis_tutorial1__rosidl_typesupport_fastrtps_cppExport.cmake
[1.307s] -- Up-to-date: /home/strazi/RINS-kappa/workspace/install/dis_tutorial1/share/dis_tutorial1/cmake/export_dis_tutorial1__rosidl_typesupport_fastrtps_cppExport-noconfig.cmake
[1.307s] -- Up-to-date: /home/strazi/RINS-kappa/workspace/install/dis_tutorial1/share/dis_tutorial1/cmake/dis_tutorial1__rosidl_typesupport_introspection_cExport.cmake
[1.307s] -- Up-to-date: /home/strazi/RINS-kappa/workspace/install/dis_tutorial1/share/dis_tutorial1/cmake/dis_tutorial1__rosidl_typesupport_introspection_cExport-noconfig.cmake
[1.307s] -- Up-to-date: /home/strazi/RINS-kappa/workspace/install/dis_tutorial1/share/dis_tutorial1/cmake/dis_tutorial1__rosidl_typesupport_cExport.cmake
[1.308s] -- Up-to-date: /home/strazi/RINS-kappa/workspace/install/dis_tutorial1/share/dis_tutorial1/cmake/dis_tutorial1__rosidl_typesupport_cExport-noconfig.cmake
[1.308s] -- Up-to-date: /home/strazi/RINS-kappa/workspace/install/dis_tutorial1/share/dis_tutorial1/cmake/dis_tutorial1__rosidl_typesupport_introspection_cppExport.cmake
[1.308s] -- Up-to-date: /home/strazi/RINS-kappa/workspace/install/dis_tutorial1/share/dis_tutorial1/cmake/dis_tutorial1__rosidl_typesupport_introspection_cppExport-noconfig.cmake
[1.308s] -- Up-to-date: /home/strazi/RINS-kappa/workspace/install/dis_tutorial1/share/dis_tutorial1/cmake/dis_tutorial1__rosidl_typesupport_cppExport.cmake
[1.308s] -- Up-to-date: /home/strazi/RINS-kappa/workspace/install/dis_tutorial1/share/dis_tutorial1/cmake/dis_tutorial1__rosidl_typesupport_cppExport-noconfig.cmake
[1.308s] -- Up-to-date: /home/strazi/RINS-kappa/workspace/install/dis_tutorial1/share/dis_tutorial1/cmake/export_dis_tutorial1__rosidl_generator_pyExport.cmake
[1.308s] -- Up-to-date: /home/strazi/RINS-kappa/workspace/install/dis_tutorial1/share/dis_tutorial1/cmake/export_dis_tutorial1__rosidl_generator_pyExport-noconfig.cmake
[1.308s] -- Up-to-date: /home/strazi/RINS-kappa/workspace/install/dis_tutorial1/share/dis_tutorial1/cmake/rosidl_cmake-extras.cmake
[1.308s] -- Up-to-date: /home/strazi/RINS-kappa/workspace/install/dis_tutorial1/share/dis_tutorial1/cmake/ament_cmake_export_dependencies-extras.cmake
[1.308s] -- Up-to-date: /home/strazi/RINS-kappa/workspace/install/dis_tutorial1/share/dis_tutorial1/cmake/ament_cmake_export_include_directories-extras.cmake
[1.309s] -- Up-to-date: /home/strazi/RINS-kappa/workspace/install/dis_tutorial1/share/dis_tutorial1/cmake/ament_cmake_export_libraries-extras.cmake
[1.309s] -- Up-to-date: /home/strazi/RINS-kappa/workspace/install/dis_tutorial1/share/dis_tutorial1/cmake/ament_cmake_export_targets-extras.cmake
[1.309s] -- Up-to-date: /home/strazi/RINS-kappa/workspace/install/dis_tutorial1/share/dis_tutorial1/cmake/rosidl_cmake_export_typesupport_targets-extras.cmake
[1.309s] -- Up-to-date: /home/strazi/RINS-kappa/workspace/install/dis_tutorial1/share/dis_tutorial1/cmake/rosidl_cmake_export_typesupport_libraries-extras.cmake
[1.309s] -- Up-to-date: /home/strazi/RINS-kappa/workspace/install/dis_tutorial1/share/dis_tutorial1/cmake/dis_tutorial1Config.cmake
[1.309s] -- Up-to-date: /home/strazi/RINS-kappa/workspace/install/dis_tutorial1/share/dis_tutorial1/cmake/dis_tutorial1Config-version.cmake
[1.309s] -- Up-to-date: /home/strazi/RINS-kappa/workspace/install/dis_tutorial1/share/dis_tutorial1/package.xml
[1.312s] Invoked command in '/home/strazi/RINS-kappa/workspace/build/dis_tutorial1' returned '0': CMAKE_PREFIX_PATH=${CMAKE_PREFIX_PATH}:/home/strazi/RINS-kappa/workspace/install/dis_tutorial2:/opt/ros/humble /usr/bin/cmake --install /home/strazi/RINS-kappa/workspace/build/dis_tutorial1
