[0.044s] Invoking command in '/home/strazi/RINS-kappa/workspace/build/custom_messages': CMAKE_PREFIX_PATH=${CMAKE_PREFIX_PATH}:/home/strazi/RINS-kappa/workspace/install/dis_tutorial2:/opt/ros/humble /usr/bin/cmake /home/strazi/RINS-kappa/workspace/src/custom_messages -DCMAKE_INSTALL_PREFIX=/home/strazi/RINS-kappa/workspace/install/custom_messages
[0.442s] -- The C compiler identification is GNU 11.4.0
[0.442s] -- The CXX compiler identification is GNU 11.4.0
[0.442s] -- Detecting C compiler ABI info
[0.546s] -- Detecting C compiler ABI info - done
[0.565s] -- Check for working C compiler: /usr/bin/cc - skipped
[0.565s] -- Detecting C compile features
[0.567s] -- Detecting C compile features - done
[0.584s] -- Detecting CXX compiler ABI info
[0.806s] -- Detecting CXX compiler ABI info - done
[0.823s] -- Check for working CXX compiler: /usr/bin/c++ - skipped
[0.824s] -- Detecting CXX compile features
[0.824s] -- Detecting CXX compile features - done
[0.830s] -- Found ament_cmake: 1.3.11 (/opt/ros/humble/share/ament_cmake/cmake)
[1.156s] -- Found Python3: /usr/bin/python3 (found version "3.10.12") found components: Interpreter 
[1.325s] -- Found geometry_msgs: 4.2.4 (/opt/ros/humble/share/geometry_msgs/cmake)
[1.412s] -- Found rosidl_generator_c: 3.1.6 (/opt/ros/humble/share/rosidl_generator_c/cmake)
[1.423s] -- Found rosidl_adapter: 3.1.6 (/opt/ros/humble/share/rosidl_adapter/cmake)
[1.441s] -- Found rosidl_generator_cpp: 3.1.6 (/opt/ros/humble/share/rosidl_generator_cpp/cmake)
[1.472s] -- Using all available rosidl_typesupport_c: rosidl_typesupport_fastrtps_c;rosidl_typesupport_introspection_c
[1.503s] -- Using all available rosidl_typesupport_cpp: rosidl_typesupport_fastrtps_cpp;rosidl_typesupport_introspection_cpp
[1.589s] -- Found rosidl_default_generators: 1.2.0 (/opt/ros/humble/share/rosidl_default_generators/cmake)
[1.615s] -- Found visualization_msgs: 4.2.4 (/opt/ros/humble/share/visualization_msgs/cmake)
[2.263s] -- Found ament_cmake_ros: 0.10.0 (/opt/ros/humble/share/ament_cmake_ros/cmake)
[3.078s] -- Using all available rosidl_typesupport_c: rosidl_typesupport_fastrtps_c;rosidl_typesupport_introspection_c
[3.362s] -- Using all available rosidl_typesupport_cpp: rosidl_typesupport_fastrtps_cpp;rosidl_typesupport_introspection_cpp
[3.408s] -- Found PythonInterp: /usr/bin/python3 (found suitable version "3.10.12", minimum required is "3.6") 
[3.412s] -- Found python_cmake_module: 0.10.0 (/opt/ros/humble/share/python_cmake_module/cmake)
[3.468s] -- Found PythonLibs: /usr/lib/x86_64-linux-gnu/libpython3.10.so (found suitable version "3.10.12", minimum required is "3.5") 
[3.468s] -- Using PYTHON_EXECUTABLE: /usr/bin/python3
[3.468s] -- Using PYTHON_INCLUDE_DIRS: /usr/include/python3.10
[3.468s] -- Using PYTHON_LIBRARIES: /usr/lib/x86_64-linux-gnu/libpython3.10.so
[3.503s] -- Found PythonExtra: .so  
[3.627s] -- Found ament_lint_auto: 0.12.11 (/opt/ros/humble/share/ament_lint_auto/cmake)
[3.672s] -- Added test 'lint_cmake' to check CMake code style
[3.676s] -- Added test 'xmllint' to check XML markup files
[3.682s] -- Configuring done
[3.754s] -- Generating done
[3.774s] -- Build files have been written to: /home/strazi/RINS-kappa/workspace/build/custom_messages
[3.803s] Invoked command in '/home/strazi/RINS-kappa/workspace/build/custom_messages' returned '0': CMAKE_PREFIX_PATH=${CMAKE_PREFIX_PATH}:/home/strazi/RINS-kappa/workspace/install/dis_tutorial2:/opt/ros/humble /usr/bin/cmake /home/strazi/RINS-kappa/workspace/src/custom_messages -DCMAKE_INSTALL_PREFIX=/home/strazi/RINS-kappa/workspace/install/custom_messages
[3.804s] Invoking command in '/home/strazi/RINS-kappa/workspace/build/custom_messages': CMAKE_PREFIX_PATH=${CMAKE_PREFIX_PATH}:/home/strazi/RINS-kappa/workspace/install/dis_tutorial2:/opt/ros/humble /usr/bin/cmake --build /home/strazi/RINS-kappa/workspace/build/custom_messages -- -j12 -l12
[3.903s] [  1%] [34m[1mGenerating C++ code for ROS interfaces[0m
[4.784s] [  1%] Built target custom_messages__cpp
[4.840s] [  1%] Built target ament_cmake_python_copy_custom_messages
[4.863s] [  3%] [34m[1mGenerating C++ introspection for ROS interfaces[0m
[5.449s] [  5%] [32mBuilding CXX object CMakeFiles/custom_messages__rosidl_typesupport_introspection_cpp.dir/rosidl_typesupport_introspection_cpp/custom_messages/msg/detail/face_coordinates__type_support.cpp.o[0m
[6.020s] [  7%] [32mBuilding CXX object CMakeFiles/custom_messages__rosidl_typesupport_introspection_cpp.dir/rosidl_typesupport_introspection_cpp/custom_messages/srv/detail/poses_in_front_of_faces__type_support.cpp.o[0m
[6.580s] [  9%] [32mBuilding CXX object CMakeFiles/custom_messages__rosidl_typesupport_introspection_cpp.dir/rosidl_typesupport_introspection_cpp/custom_messages/srv/detail/shape__type_support.cpp.o[0m
[7.050s] [ 10%] [32mBuilding CXX object CMakeFiles/custom_messages__rosidl_typesupport_introspection_cpp.dir/rosidl_typesupport_introspection_cpp/custom_messages/msg/detail/ring_coordinates__type_support.cpp.o[0m
[7.614s] [ 12%] [32m[1mLinking CXX shared library libcustom_messages__rosidl_typesupport_introspection_cpp.so[0m
[7.814s] [ 12%] Built target custom_messages__rosidl_typesupport_introspection_cpp
[8.141s] running egg_info
[8.142s] creating custom_messages.egg-info
[8.142s] writing custom_messages.egg-info/PKG-INFO
[8.142s] writing dependency_links to custom_messages.egg-info/dependency_links.txt
[8.143s] writing top-level names to custom_messages.egg-info/top_level.txt
[8.143s] writing manifest file 'custom_messages.egg-info/SOURCES.txt'
[8.146s] reading manifest file 'custom_messages.egg-info/SOURCES.txt'
[8.146s] writing manifest file 'custom_messages.egg-info/SOURCES.txt'
[8.211s] [ 12%] Built target ament_cmake_python_build_custom_messages_egg
[8.231s] [ 14%] [34m[1mGenerating C++ type support for eProsima Fast-RTPS[0m
[8.865s] [ 16%] [32mBuilding CXX object CMakeFiles/custom_messages__rosidl_typesupport_fastrtps_cpp.dir/rosidl_typesupport_fastrtps_cpp/custom_messages/msg/detail/dds_fastrtps/face_coordinates__type_support.cpp.o[0m
[9.393s] [ 18%] [32mBuilding CXX object CMakeFiles/custom_messages__rosidl_typesupport_fastrtps_cpp.dir/rosidl_typesupport_fastrtps_cpp/custom_messages/srv/detail/dds_fastrtps/poses_in_front_of_faces__type_support.cpp.o[0m
[9.961s] [ 20%] [32mBuilding CXX object CMakeFiles/custom_messages__rosidl_typesupport_fastrtps_cpp.dir/rosidl_typesupport_fastrtps_cpp/custom_messages/srv/detail/dds_fastrtps/shape__type_support.cpp.o[0m
[10.491s] [ 21%] [32mBuilding CXX object CMakeFiles/custom_messages__rosidl_typesupport_fastrtps_cpp.dir/rosidl_typesupport_fastrtps_cpp/custom_messages/msg/detail/dds_fastrtps/ring_coordinates__type_support.cpp.o[0m
[11.029s] [ 23%] [32m[1mLinking CXX shared library libcustom_messages__rosidl_typesupport_fastrtps_cpp.so[0m
[11.248s] [ 23%] Built target custom_messages__rosidl_typesupport_fastrtps_cpp
[11.270s] [ 25%] [34m[1mGenerating C++ type support dispatch for ROS interfaces[0m
[11.744s] [ 27%] [32mBuilding CXX object CMakeFiles/custom_messages__rosidl_typesupport_cpp.dir/rosidl_typesupport_cpp/custom_messages/msg/face_coordinates__type_support.cpp.o[0m
[12.089s] [ 29%] [32mBuilding CXX object CMakeFiles/custom_messages__rosidl_typesupport_cpp.dir/rosidl_typesupport_cpp/custom_messages/srv/poses_in_front_of_faces__type_support.cpp.o[0m
[12.431s] [ 30%] [32mBuilding CXX object CMakeFiles/custom_messages__rosidl_typesupport_cpp.dir/rosidl_typesupport_cpp/custom_messages/srv/shape__type_support.cpp.o[0m
[12.807s] [ 32%] [32mBuilding CXX object CMakeFiles/custom_messages__rosidl_typesupport_cpp.dir/rosidl_typesupport_cpp/custom_messages/msg/ring_coordinates__type_support.cpp.o[0m
[13.150s] [ 34%] [32m[1mLinking CXX shared library libcustom_messages__rosidl_typesupport_cpp.so[0m
[13.218s] [ 34%] Built target custom_messages__rosidl_typesupport_cpp
[13.239s] [ 36%] [34m[1mGenerating C code for ROS interfaces[0m
[14.103s] [ 38%] [32mBuilding C object CMakeFiles/custom_messages__rosidl_generator_c.dir/rosidl_generator_c/custom_messages/msg/detail/face_coordinates__functions.c.o[0m
[14.200s] [ 40%] [32mBuilding C object CMakeFiles/custom_messages__rosidl_generator_c.dir/rosidl_generator_c/custom_messages/srv/detail/poses_in_front_of_faces__functions.c.o[0m
[14.291s] [ 41%] [32mBuilding C object CMakeFiles/custom_messages__rosidl_generator_c.dir/rosidl_generator_c/custom_messages/srv/detail/shape__functions.c.o[0m
[14.387s] [ 43%] [32mBuilding C object CMakeFiles/custom_messages__rosidl_generator_c.dir/rosidl_generator_c/custom_messages/msg/detail/ring_coordinates__functions.c.o[0m
[14.468s] [ 45%] [32m[1mLinking C shared library libcustom_messages__rosidl_generator_c.so[0m
[14.548s] [ 45%] Built target custom_messages__rosidl_generator_c
[14.568s] [ 47%] [34m[1mGenerating C type support for eProsima Fast-RTPS[0m
[15.178s] [ 49%] [32mBuilding CXX object CMakeFiles/custom_messages__rosidl_typesupport_fastrtps_c.dir/rosidl_typesupport_fastrtps_c/custom_messages/msg/detail/face_coordinates__type_support_c.cpp.o[0m
[15.646s] [ 50%] [32mBuilding CXX object CMakeFiles/custom_messages__rosidl_typesupport_fastrtps_c.dir/rosidl_typesupport_fastrtps_c/custom_messages/srv/detail/poses_in_front_of_faces__type_support_c.cpp.o[0m
[16.153s] [ 52%] [32mBuilding CXX object CMakeFiles/custom_messages__rosidl_typesupport_fastrtps_c.dir/rosidl_typesupport_fastrtps_c/custom_messages/srv/detail/shape__type_support_c.cpp.o[0m
[16.627s] [ 54%] [32mBuilding CXX object CMakeFiles/custom_messages__rosidl_typesupport_fastrtps_c.dir/rosidl_typesupport_fastrtps_c/custom_messages/msg/detail/ring_coordinates__type_support_c.cpp.o[0m
[17.047s] [ 56%] [32m[1mLinking CXX shared library libcustom_messages__rosidl_typesupport_fastrtps_c.so[0m
[17.256s] [ 56%] Built target custom_messages__rosidl_typesupport_fastrtps_c
[17.279s] [ 58%] [34m[1mGenerating C type support dispatch for ROS interfaces[0m
[17.738s] [ 60%] [32mBuilding CXX object CMakeFiles/custom_messages__rosidl_typesupport_c.dir/rosidl_typesupport_c/custom_messages/msg/face_coordinates__type_support.cpp.o[0m
[17.799s] [ 61%] [32mBuilding CXX object CMakeFiles/custom_messages__rosidl_typesupport_c.dir/rosidl_typesupport_c/custom_messages/srv/poses_in_front_of_faces__type_support.cpp.o[0m
[17.856s] [ 63%] [32mBuilding CXX object CMakeFiles/custom_messages__rosidl_typesupport_c.dir/rosidl_typesupport_c/custom_messages/srv/shape__type_support.cpp.o[0m
[17.912s] [ 65%] [32mBuilding CXX object CMakeFiles/custom_messages__rosidl_typesupport_c.dir/rosidl_typesupport_c/custom_messages/msg/ring_coordinates__type_support.cpp.o[0m
[17.970s] [ 67%] [32m[1mLinking CXX shared library libcustom_messages__rosidl_typesupport_c.so[0m
[18.037s] [ 67%] Built target custom_messages__rosidl_typesupport_c
[18.060s] [ 69%] [34m[1mGenerating C introspection for ROS interfaces[0m
[18.722s] [ 70%] [32mBuilding C object CMakeFiles/custom_messages__rosidl_typesupport_introspection_c.dir/rosidl_typesupport_introspection_c/custom_messages/msg/detail/face_coordinates__type_support.c.o[0m
[18.792s] [ 72%] [32mBuilding C object CMakeFiles/custom_messages__rosidl_typesupport_introspection_c.dir/rosidl_typesupport_introspection_c/custom_messages/srv/detail/poses_in_front_of_faces__type_support.c.o[0m
[18.860s] [ 74%] [32mBuilding C object CMakeFiles/custom_messages__rosidl_typesupport_introspection_c.dir/rosidl_typesupport_introspection_c/custom_messages/srv/detail/shape__type_support.c.o[0m
[18.923s] [ 76%] [32mBuilding C object CMakeFiles/custom_messages__rosidl_typesupport_introspection_c.dir/rosidl_typesupport_introspection_c/custom_messages/msg/detail/ring_coordinates__type_support.c.o[0m
[18.985s] [ 78%] [32m[1mLinking C shared library libcustom_messages__rosidl_typesupport_introspection_c.so[0m
[19.055s] [ 78%] Built target custom_messages__rosidl_typesupport_introspection_c
[19.100s] [ 78%] Built target custom_messages
[19.140s] [ 80%] [34m[1mGenerating Python code for ROS interfaces[0m
[20.143s] [ 80%] Built target custom_messages__py
[20.186s] [ 81%] [32mBuilding C object CMakeFiles/custom_messages__rosidl_generator_py.dir/rosidl_generator_py/custom_messages/msg/_face_coordinates_s.c.o[0m
[20.382s] [ 83%] [32mBuilding C object CMakeFiles/custom_messages__rosidl_generator_py.dir/rosidl_generator_py/custom_messages/srv/_poses_in_front_of_faces_s.c.o[0m
[20.564s] [ 85%] [32mBuilding C object CMakeFiles/custom_messages__rosidl_generator_py.dir/rosidl_generator_py/custom_messages/srv/_shape_s.c.o[0m
[20.730s] [ 87%] [32mBuilding C object CMakeFiles/custom_messages__rosidl_generator_py.dir/rosidl_generator_py/custom_messages/msg/_ring_coordinates_s.c.o[0m
[20.879s] [ 89%] [32m[1mLinking C shared library rosidl_generator_py/custom_messages/libcustom_messages__rosidl_generator_py.so[0m
[20.966s] [ 89%] Built target custom_messages__rosidl_generator_py
[21.007s] [ 90%] [32mBuilding C object CMakeFiles/custom_messages__rosidl_typesupport_fastrtps_c__pyext.dir/rosidl_generator_py/custom_messages/_custom_messages_s.ep.rosidl_typesupport_fastrtps_c.c.o[0m
[21.195s] [ 92%] [32m[1mLinking C shared library rosidl_generator_py/custom_messages/custom_messages_s__rosidl_typesupport_fastrtps_c.cpython-310-x86_64-linux-gnu.so[0m
[21.269s] [ 92%] Built target custom_messages__rosidl_typesupport_fastrtps_c__pyext
[21.313s] [ 94%] [32mBuilding C object CMakeFiles/custom_messages__rosidl_typesupport_c__pyext.dir/rosidl_generator_py/custom_messages/_custom_messages_s.ep.rosidl_typesupport_c.c.o[0m
[21.512s] [ 96%] [32m[1mLinking C shared library rosidl_generator_py/custom_messages/custom_messages_s__rosidl_typesupport_c.cpython-310-x86_64-linux-gnu.so[0m
[21.592s] [ 96%] Built target custom_messages__rosidl_typesupport_c__pyext
[21.631s] [ 98%] [32mBuilding C object CMakeFiles/custom_messages__rosidl_typesupport_introspection_c__pyext.dir/rosidl_generator_py/custom_messages/_custom_messages_s.ep.rosidl_typesupport_introspection_c.c.o[0m
[21.821s] [100%] [32m[1mLinking C shared library rosidl_generator_py/custom_messages/custom_messages_s__rosidl_typesupport_introspection_c.cpython-310-x86_64-linux-gnu.so[0m
[21.898s] [100%] Built target custom_messages__rosidl_typesupport_introspection_c__pyext
[21.922s] Invoked command in '/home/strazi/RINS-kappa/workspace/build/custom_messages' returned '0': CMAKE_PREFIX_PATH=${CMAKE_PREFIX_PATH}:/home/strazi/RINS-kappa/workspace/install/dis_tutorial2:/opt/ros/humble /usr/bin/cmake --build /home/strazi/RINS-kappa/workspace/build/custom_messages -- -j12 -l12
[21.926s] Invoking command in '/home/strazi/RINS-kappa/workspace/build/custom_messages': CMAKE_PREFIX_PATH=${CMAKE_PREFIX_PATH}:/home/strazi/RINS-kappa/workspace/install/dis_tutorial2:/opt/ros/humble /usr/bin/cmake --install /home/strazi/RINS-kappa/workspace/build/custom_messages
[21.943s] -- Install configuration: ""
[21.943s] -- Installing: /home/strazi/RINS-kappa/workspace/install/custom_messages/share/ament_index/resource_index/rosidl_interfaces/custom_messages
[21.943s] -- Installing: /home/strazi/RINS-kappa/workspace/install/custom_messages/include/custom_messages/custom_messages
[21.943s] -- Installing: /home/strazi/RINS-kappa/workspace/install/custom_messages/include/custom_messages/custom_messages/srv
[21.943s] -- Installing: /home/strazi/RINS-kappa/workspace/install/custom_messages/include/custom_messages/custom_messages/srv/poses_in_front_of_faces.h
[21.943s] -- Installing: /home/strazi/RINS-kappa/workspace/install/custom_messages/include/custom_messages/custom_messages/srv/shape.h
[21.943s] -- Installing: /home/strazi/RINS-kappa/workspace/install/custom_messages/include/custom_messages/custom_messages/srv/detail
[21.943s] -- Installing: /home/strazi/RINS-kappa/workspace/install/custom_messages/include/custom_messages/custom_messages/srv/detail/shape__functions.h
[21.944s] -- Installing: /home/strazi/RINS-kappa/workspace/install/custom_messages/include/custom_messages/custom_messages/srv/detail/poses_in_front_of_faces__functions.h
[21.944s] -- Installing: /home/strazi/RINS-kappa/workspace/install/custom_messages/include/custom_messages/custom_messages/srv/detail/poses_in_front_of_faces__struct.h
[21.944s] -- Installing: /home/strazi/RINS-kappa/workspace/install/custom_messages/include/custom_messages/custom_messages/srv/detail/shape__struct.h
[21.944s] -- Installing: /home/strazi/RINS-kappa/workspace/install/custom_messages/include/custom_messages/custom_messages/srv/detail/poses_in_front_of_faces__functions.c
[21.944s] -- Installing: /home/strazi/RINS-kappa/workspace/install/custom_messages/include/custom_messages/custom_messages/srv/detail/shape__type_support.h
[21.944s] -- Installing: /home/strazi/RINS-kappa/workspace/install/custom_messages/include/custom_messages/custom_messages/srv/detail/shape__functions.c
[21.945s] -- Installing: /home/strazi/RINS-kappa/workspace/install/custom_messages/include/custom_messages/custom_messages/srv/detail/poses_in_front_of_faces__type_support.h
[21.945s] -- Installing: /home/strazi/RINS-kappa/workspace/install/custom_messages/include/custom_messages/custom_messages/msg
[21.945s] -- Installing: /home/strazi/RINS-kappa/workspace/install/custom_messages/include/custom_messages/custom_messages/msg/ring_coordinates.h
[21.946s] -- Installing: /home/strazi/RINS-kappa/workspace/install/custom_messages/include/custom_messages/custom_messages/msg/face_coordinates.h
[21.946s] -- Installing: /home/strazi/RINS-kappa/workspace/install/custom_messages/include/custom_messages/custom_messages/msg/rosidl_generator_c__visibility_control.h
[21.947s] -- Installing: /home/strazi/RINS-kappa/workspace/install/custom_messages/include/custom_messages/custom_messages/msg/detail
[21.947s] -- Installing: /home/strazi/RINS-kappa/workspace/install/custom_messages/include/custom_messages/custom_messages/msg/detail/face_coordinates__functions.h
[21.947s] -- Installing: /home/strazi/RINS-kappa/workspace/install/custom_messages/include/custom_messages/custom_messages/msg/detail/ring_coordinates__struct.h
[21.947s] -- Installing: /home/strazi/RINS-kappa/workspace/install/custom_messages/include/custom_messages/custom_messages/msg/detail/ring_coordinates__functions.h
[21.947s] -- Installing: /home/strazi/RINS-kappa/workspace/install/custom_messages/include/custom_messages/custom_messages/msg/detail/face_coordinates__functions.c
[21.947s] -- Installing: /home/strazi/RINS-kappa/workspace/install/custom_messages/include/custom_messages/custom_messages/msg/detail/ring_coordinates__functions.c
[21.947s] -- Installing: /home/strazi/RINS-kappa/workspace/install/custom_messages/include/custom_messages/custom_messages/msg/detail/ring_coordinates__type_support.h
[21.947s] -- Installing: /home/strazi/RINS-kappa/workspace/install/custom_messages/include/custom_messages/custom_messages/msg/detail/face_coordinates__struct.h
[21.947s] -- Installing: /home/strazi/RINS-kappa/workspace/install/custom_messages/include/custom_messages/custom_messages/msg/detail/face_coordinates__type_support.h
[21.948s] -- Installing: /home/strazi/RINS-kappa/workspace/install/custom_messages/share/custom_messages/environment/library_path.sh
[21.948s] -- Installing: /home/strazi/RINS-kappa/workspace/install/custom_messages/share/custom_messages/environment/library_path.dsv
[21.948s] -- Installing: /home/strazi/RINS-kappa/workspace/install/custom_messages/lib/libcustom_messages__rosidl_generator_c.so
[21.949s] -- Set runtime path of "/home/strazi/RINS-kappa/workspace/install/custom_messages/lib/libcustom_messages__rosidl_generator_c.so" to ""
[21.949s] -- Up-to-date: /home/strazi/RINS-kappa/workspace/install/custom_messages/include/custom_messages/custom_messages
[21.949s] -- Up-to-date: /home/strazi/RINS-kappa/workspace/install/custom_messages/include/custom_messages/custom_messages/srv
[21.949s] -- Up-to-date: /home/strazi/RINS-kappa/workspace/install/custom_messages/include/custom_messages/custom_messages/srv/detail
[21.950s] -- Installing: /home/strazi/RINS-kappa/workspace/install/custom_messages/include/custom_messages/custom_messages/srv/detail/poses_in_front_of_faces__rosidl_typesupport_fastrtps_c.h
[21.950s] -- Installing: /home/strazi/RINS-kappa/workspace/install/custom_messages/include/custom_messages/custom_messages/srv/detail/shape__rosidl_typesupport_fastrtps_c.h
[21.950s] -- Up-to-date: /home/strazi/RINS-kappa/workspace/install/custom_messages/include/custom_messages/custom_messages/msg
[21.951s] -- Installing: /home/strazi/RINS-kappa/workspace/install/custom_messages/include/custom_messages/custom_messages/msg/rosidl_typesupport_fastrtps_c__visibility_control.h
[21.951s] -- Up-to-date: /home/strazi/RINS-kappa/workspace/install/custom_messages/include/custom_messages/custom_messages/msg/detail
[21.951s] -- Installing: /home/strazi/RINS-kappa/workspace/install/custom_messages/include/custom_messages/custom_messages/msg/detail/ring_coordinates__rosidl_typesupport_fastrtps_c.h
[21.951s] -- Installing: /home/strazi/RINS-kappa/workspace/install/custom_messages/include/custom_messages/custom_messages/msg/detail/face_coordinates__rosidl_typesupport_fastrtps_c.h
[21.951s] -- Installing: /home/strazi/RINS-kappa/workspace/install/custom_messages/lib/libcustom_messages__rosidl_typesupport_fastrtps_c.so
[21.952s] -- Set runtime path of "/home/strazi/RINS-kappa/workspace/install/custom_messages/lib/libcustom_messages__rosidl_typesupport_fastrtps_c.so" to ""
[21.952s] -- Up-to-date: /home/strazi/RINS-kappa/workspace/install/custom_messages/include/custom_messages/custom_messages
[21.952s] -- Up-to-date: /home/strazi/RINS-kappa/workspace/install/custom_messages/include/custom_messages/custom_messages/srv
[21.952s] -- Installing: /home/strazi/RINS-kappa/workspace/install/custom_messages/include/custom_messages/custom_messages/srv/shape.hpp
[21.953s] -- Installing: /home/strazi/RINS-kappa/workspace/install/custom_messages/include/custom_messages/custom_messages/srv/poses_in_front_of_faces.hpp
[21.953s] -- Up-to-date: /home/strazi/RINS-kappa/workspace/install/custom_messages/include/custom_messages/custom_messages/srv/detail
[21.953s] -- Installing: /home/strazi/RINS-kappa/workspace/install/custom_messages/include/custom_messages/custom_messages/srv/detail/shape__traits.hpp
[21.953s] -- Installing: /home/strazi/RINS-kappa/workspace/install/custom_messages/include/custom_messages/custom_messages/srv/detail/poses_in_front_of_faces__struct.hpp
[21.953s] -- Installing: /home/strazi/RINS-kappa/workspace/install/custom_messages/include/custom_messages/custom_messages/srv/detail/shape__struct.hpp
[21.953s] -- Installing: /home/strazi/RINS-kappa/workspace/install/custom_messages/include/custom_messages/custom_messages/srv/detail/shape__builder.hpp
[21.953s] -- Installing: /home/strazi/RINS-kappa/workspace/install/custom_messages/include/custom_messages/custom_messages/srv/detail/shape__type_support.hpp
[21.954s] -- Installing: /home/strazi/RINS-kappa/workspace/install/custom_messages/include/custom_messages/custom_messages/srv/detail/poses_in_front_of_faces__builder.hpp
[21.954s] -- Installing: /home/strazi/RINS-kappa/workspace/install/custom_messages/include/custom_messages/custom_messages/srv/detail/poses_in_front_of_faces__traits.hpp
[21.954s] -- Installing: /home/strazi/RINS-kappa/workspace/install/custom_messages/include/custom_messages/custom_messages/srv/detail/poses_in_front_of_faces__type_support.hpp
[21.954s] -- Up-to-date: /home/strazi/RINS-kappa/workspace/install/custom_messages/include/custom_messages/custom_messages/msg
[21.954s] -- Installing: /home/strazi/RINS-kappa/workspace/install/custom_messages/include/custom_messages/custom_messages/msg/face_coordinates.hpp
[21.954s] -- Installing: /home/strazi/RINS-kappa/workspace/install/custom_messages/include/custom_messages/custom_messages/msg/ring_coordinates.hpp
[21.955s] -- Installing: /home/strazi/RINS-kappa/workspace/install/custom_messages/include/custom_messages/custom_messages/msg/rosidl_generator_cpp__visibility_control.hpp
[21.955s] -- Up-to-date: /home/strazi/RINS-kappa/workspace/install/custom_messages/include/custom_messages/custom_messages/msg/detail
[21.955s] -- Installing: /home/strazi/RINS-kappa/workspace/install/custom_messages/include/custom_messages/custom_messages/msg/detail/face_coordinates__type_support.hpp
[21.955s] -- Installing: /home/strazi/RINS-kappa/workspace/install/custom_messages/include/custom_messages/custom_messages/msg/detail/face_coordinates__builder.hpp
[21.956s] -- Installing: /home/strazi/RINS-kappa/workspace/install/custom_messages/include/custom_messages/custom_messages/msg/detail/ring_coordinates__traits.hpp
[21.956s] -- Installing: /home/strazi/RINS-kappa/workspace/install/custom_messages/include/custom_messages/custom_messages/msg/detail/ring_coordinates__struct.hpp
[21.957s] -- Installing: /home/strazi/RINS-kappa/workspace/install/custom_messages/include/custom_messages/custom_messages/msg/detail/face_coordinates__traits.hpp
[21.957s] -- Installing: /home/strazi/RINS-kappa/workspace/install/custom_messages/include/custom_messages/custom_messages/msg/detail/ring_coordinates__type_support.hpp
[21.957s] -- Installing: /home/strazi/RINS-kappa/workspace/install/custom_messages/include/custom_messages/custom_messages/msg/detail/face_coordinates__struct.hpp
[21.957s] -- Installing: /home/strazi/RINS-kappa/workspace/install/custom_messages/include/custom_messages/custom_messages/msg/detail/ring_coordinates__builder.hpp
[21.957s] -- Up-to-date: /home/strazi/RINS-kappa/workspace/install/custom_messages/include/custom_messages/custom_messages
[21.958s] -- Up-to-date: /home/strazi/RINS-kappa/workspace/install/custom_messages/include/custom_messages/custom_messages/srv
[21.958s] -- Up-to-date: /home/strazi/RINS-kappa/workspace/install/custom_messages/include/custom_messages/custom_messages/srv/detail
[21.958s] -- Installing: /home/strazi/RINS-kappa/workspace/install/custom_messages/include/custom_messages/custom_messages/srv/detail/shape__rosidl_typesupport_fastrtps_cpp.hpp
[21.958s] -- Installing: /home/strazi/RINS-kappa/workspace/install/custom_messages/include/custom_messages/custom_messages/srv/detail/poses_in_front_of_faces__rosidl_typesupport_fastrtps_cpp.hpp
[21.958s] -- Installing: /home/strazi/RINS-kappa/workspace/install/custom_messages/include/custom_messages/custom_messages/srv/detail/dds_fastrtps
[21.958s] -- Up-to-date: /home/strazi/RINS-kappa/workspace/install/custom_messages/include/custom_messages/custom_messages/msg
[21.958s] -- Installing: /home/strazi/RINS-kappa/workspace/install/custom_messages/include/custom_messages/custom_messages/msg/rosidl_typesupport_fastrtps_cpp__visibility_control.h
[21.958s] -- Up-to-date: /home/strazi/RINS-kappa/workspace/install/custom_messages/include/custom_messages/custom_messages/msg/detail
[21.958s] -- Installing: /home/strazi/RINS-kappa/workspace/install/custom_messages/include/custom_messages/custom_messages/msg/detail/dds_fastrtps
[21.958s] -- Installing: /home/strazi/RINS-kappa/workspace/install/custom_messages/include/custom_messages/custom_messages/msg/detail/ring_coordinates__rosidl_typesupport_fastrtps_cpp.hpp
[21.958s] -- Installing: /home/strazi/RINS-kappa/workspace/install/custom_messages/include/custom_messages/custom_messages/msg/detail/face_coordinates__rosidl_typesupport_fastrtps_cpp.hpp
[21.959s] -- Installing: /home/strazi/RINS-kappa/workspace/install/custom_messages/lib/libcustom_messages__rosidl_typesupport_fastrtps_cpp.so
[21.959s] -- Set runtime path of "/home/strazi/RINS-kappa/workspace/install/custom_messages/lib/libcustom_messages__rosidl_typesupport_fastrtps_cpp.so" to ""
[21.959s] -- Up-to-date: /home/strazi/RINS-kappa/workspace/install/custom_messages/include/custom_messages/custom_messages
[21.960s] -- Up-to-date: /home/strazi/RINS-kappa/workspace/install/custom_messages/include/custom_messages/custom_messages/srv
[21.960s] -- Up-to-date: /home/strazi/RINS-kappa/workspace/install/custom_messages/include/custom_messages/custom_messages/srv/detail
[21.960s] -- Installing: /home/strazi/RINS-kappa/workspace/install/custom_messages/include/custom_messages/custom_messages/srv/detail/shape__type_support.c
[21.960s] -- Installing: /home/strazi/RINS-kappa/workspace/install/custom_messages/include/custom_messages/custom_messages/srv/detail/poses_in_front_of_faces__rosidl_typesupport_introspection_c.h
[21.960s] -- Installing: /home/strazi/RINS-kappa/workspace/install/custom_messages/include/custom_messages/custom_messages/srv/detail/poses_in_front_of_faces__type_support.c
[21.960s] -- Installing: /home/strazi/RINS-kappa/workspace/install/custom_messages/include/custom_messages/custom_messages/srv/detail/shape__rosidl_typesupport_introspection_c.h
[21.960s] -- Up-to-date: /home/strazi/RINS-kappa/workspace/install/custom_messages/include/custom_messages/custom_messages/msg
[21.960s] -- Installing: /home/strazi/RINS-kappa/workspace/install/custom_messages/include/custom_messages/custom_messages/msg/rosidl_typesupport_introspection_c__visibility_control.h
[21.961s] -- Up-to-date: /home/strazi/RINS-kappa/workspace/install/custom_messages/include/custom_messages/custom_messages/msg/detail
[21.961s] -- Installing: /home/strazi/RINS-kappa/workspace/install/custom_messages/include/custom_messages/custom_messages/msg/detail/ring_coordinates__rosidl_typesupport_introspection_c.h
[21.961s] -- Installing: /home/strazi/RINS-kappa/workspace/install/custom_messages/include/custom_messages/custom_messages/msg/detail/face_coordinates__type_support.c
[21.961s] -- Installing: /home/strazi/RINS-kappa/workspace/install/custom_messages/include/custom_messages/custom_messages/msg/detail/face_coordinates__rosidl_typesupport_introspection_c.h
[21.961s] -- Installing: /home/strazi/RINS-kappa/workspace/install/custom_messages/include/custom_messages/custom_messages/msg/detail/ring_coordinates__type_support.c
[21.961s] -- Installing: /home/strazi/RINS-kappa/workspace/install/custom_messages/lib/libcustom_messages__rosidl_typesupport_introspection_c.so
[21.962s] -- Set runtime path of "/home/strazi/RINS-kappa/workspace/install/custom_messages/lib/libcustom_messages__rosidl_typesupport_introspection_c.so" to ""
[21.962s] -- Installing: /home/strazi/RINS-kappa/workspace/install/custom_messages/lib/libcustom_messages__rosidl_typesupport_c.so
[21.963s] -- Set runtime path of "/home/strazi/RINS-kappa/workspace/install/custom_messages/lib/libcustom_messages__rosidl_typesupport_c.so" to ""
[21.963s] -- Up-to-date: /home/strazi/RINS-kappa/workspace/install/custom_messages/include/custom_messages/custom_messages
[21.963s] -- Up-to-date: /home/strazi/RINS-kappa/workspace/install/custom_messages/include/custom_messages/custom_messages/srv
[21.963s] -- Up-to-date: /home/strazi/RINS-kappa/workspace/install/custom_messages/include/custom_messages/custom_messages/srv/detail
[21.963s] -- Installing: /home/strazi/RINS-kappa/workspace/install/custom_messages/include/custom_messages/custom_messages/srv/detail/shape__type_support.cpp
[21.963s] -- Installing: /home/strazi/RINS-kappa/workspace/install/custom_messages/include/custom_messages/custom_messages/srv/detail/poses_in_front_of_faces__rosidl_typesupport_introspection_cpp.hpp
[21.964s] -- Installing: /home/strazi/RINS-kappa/workspace/install/custom_messages/include/custom_messages/custom_messages/srv/detail/shape__rosidl_typesupport_introspection_cpp.hpp
[21.964s] -- Installing: /home/strazi/RINS-kappa/workspace/install/custom_messages/include/custom_messages/custom_messages/srv/detail/poses_in_front_of_faces__type_support.cpp
[21.964s] -- Up-to-date: /home/strazi/RINS-kappa/workspace/install/custom_messages/include/custom_messages/custom_messages/msg
[21.964s] -- Up-to-date: /home/strazi/RINS-kappa/workspace/install/custom_messages/include/custom_messages/custom_messages/msg/detail
[21.964s] -- Installing: /home/strazi/RINS-kappa/workspace/install/custom_messages/include/custom_messages/custom_messages/msg/detail/ring_coordinates__rosidl_typesupport_introspection_cpp.hpp
[21.965s] -- Installing: /home/strazi/RINS-kappa/workspace/install/custom_messages/include/custom_messages/custom_messages/msg/detail/face_coordinates__rosidl_typesupport_introspection_cpp.hpp
[21.965s] -- Installing: /home/strazi/RINS-kappa/workspace/install/custom_messages/include/custom_messages/custom_messages/msg/detail/face_coordinates__type_support.cpp
[21.965s] -- Installing: /home/strazi/RINS-kappa/workspace/install/custom_messages/include/custom_messages/custom_messages/msg/detail/ring_coordinates__type_support.cpp
[21.965s] -- Installing: /home/strazi/RINS-kappa/workspace/install/custom_messages/lib/libcustom_messages__rosidl_typesupport_introspection_cpp.so
[21.967s] -- Set runtime path of "/home/strazi/RINS-kappa/workspace/install/custom_messages/lib/libcustom_messages__rosidl_typesupport_introspection_cpp.so" to ""
[21.967s] -- Installing: /home/strazi/RINS-kappa/workspace/install/custom_messages/lib/libcustom_messages__rosidl_typesupport_cpp.so
[21.967s] -- Set runtime path of "/home/strazi/RINS-kappa/workspace/install/custom_messages/lib/libcustom_messages__rosidl_typesupport_cpp.so" to ""
[21.967s] -- Installing: /home/strazi/RINS-kappa/workspace/install/custom_messages/share/custom_messages/environment/pythonpath.sh
[21.967s] -- Installing: /home/strazi/RINS-kappa/workspace/install/custom_messages/share/custom_messages/environment/pythonpath.dsv
[21.968s] -- Installing: /home/strazi/RINS-kappa/workspace/install/custom_messages/local/lib/python3.10/dist-packages/custom_messages-0.0.0-py3.10.egg-info
[21.968s] -- Installing: /home/strazi/RINS-kappa/workspace/install/custom_messages/local/lib/python3.10/dist-packages/custom_messages-0.0.0-py3.10.egg-info/SOURCES.txt
[21.969s] -- Installing: /home/strazi/RINS-kappa/workspace/install/custom_messages/local/lib/python3.10/dist-packages/custom_messages-0.0.0-py3.10.egg-info/top_level.txt
[21.969s] -- Installing: /home/strazi/RINS-kappa/workspace/install/custom_messages/local/lib/python3.10/dist-packages/custom_messages-0.0.0-py3.10.egg-info/dependency_links.txt
[21.969s] -- Installing: /home/strazi/RINS-kappa/workspace/install/custom_messages/local/lib/python3.10/dist-packages/custom_messages-0.0.0-py3.10.egg-info/PKG-INFO
[21.969s] -- Installing: /home/strazi/RINS-kappa/workspace/install/custom_messages/local/lib/python3.10/dist-packages/custom_messages
[21.970s] -- Installing: /home/strazi/RINS-kappa/workspace/install/custom_messages/local/lib/python3.10/dist-packages/custom_messages/_custom_messages_s.ep.rosidl_typesupport_c.c
[21.970s] -- Installing: /home/strazi/RINS-kappa/workspace/install/custom_messages/local/lib/python3.10/dist-packages/custom_messages/custom_messages_s__rosidl_typesupport_introspection_c.cpython-310-x86_64-linux-gnu.so
[21.970s] -- Installing: /home/strazi/RINS-kappa/workspace/install/custom_messages/local/lib/python3.10/dist-packages/custom_messages/libcustom_messages__rosidl_generator_py.so
[21.970s] -- Installing: /home/strazi/RINS-kappa/workspace/install/custom_messages/local/lib/python3.10/dist-packages/custom_messages/custom_messages_s__rosidl_typesupport_fastrtps_c.cpython-310-x86_64-linux-gnu.so
[21.971s] -- Installing: /home/strazi/RINS-kappa/workspace/install/custom_messages/local/lib/python3.10/dist-packages/custom_messages/_custom_messages_s.ep.rosidl_typesupport_fastrtps_c.c
[21.971s] -- Installing: /home/strazi/RINS-kappa/workspace/install/custom_messages/local/lib/python3.10/dist-packages/custom_messages/srv
[21.971s] -- Installing: /home/strazi/RINS-kappa/workspace/install/custom_messages/local/lib/python3.10/dist-packages/custom_messages/srv/_shape.py
[21.972s] -- Installing: /home/strazi/RINS-kappa/workspace/install/custom_messages/local/lib/python3.10/dist-packages/custom_messages/srv/_shape_s.c
[21.972s] -- Installing: /home/strazi/RINS-kappa/workspace/install/custom_messages/local/lib/python3.10/dist-packages/custom_messages/srv/__init__.py
[21.972s] -- Installing: /home/strazi/RINS-kappa/workspace/install/custom_messages/local/lib/python3.10/dist-packages/custom_messages/srv/_poses_in_front_of_faces_s.c
[21.972s] -- Installing: /home/strazi/RINS-kappa/workspace/install/custom_messages/local/lib/python3.10/dist-packages/custom_messages/srv/_poses_in_front_of_faces.py
[21.973s] -- Installing: /home/strazi/RINS-kappa/workspace/install/custom_messages/local/lib/python3.10/dist-packages/custom_messages/__init__.py
[21.973s] -- Installing: /home/strazi/RINS-kappa/workspace/install/custom_messages/local/lib/python3.10/dist-packages/custom_messages/_custom_messages_s.ep.rosidl_typesupport_introspection_c.c
[21.973s] -- Installing: /home/strazi/RINS-kappa/workspace/install/custom_messages/local/lib/python3.10/dist-packages/custom_messages/custom_messages_s__rosidl_typesupport_c.cpython-310-x86_64-linux-gnu.so
[21.974s] -- Installing: /home/strazi/RINS-kappa/workspace/install/custom_messages/local/lib/python3.10/dist-packages/custom_messages/msg
[21.974s] -- Installing: /home/strazi/RINS-kappa/workspace/install/custom_messages/local/lib/python3.10/dist-packages/custom_messages/msg/_face_coordinates.py
[21.974s] -- Installing: /home/strazi/RINS-kappa/workspace/install/custom_messages/local/lib/python3.10/dist-packages/custom_messages/msg/_face_coordinates_s.c
[21.974s] -- Installing: /home/strazi/RINS-kappa/workspace/install/custom_messages/local/lib/python3.10/dist-packages/custom_messages/msg/__init__.py
[21.974s] -- Installing: /home/strazi/RINS-kappa/workspace/install/custom_messages/local/lib/python3.10/dist-packages/custom_messages/msg/_ring_coordinates.py
[21.974s] -- Installing: /home/strazi/RINS-kappa/workspace/install/custom_messages/local/lib/python3.10/dist-packages/custom_messages/msg/_ring_coordinates_s.c
[22.033s] Listing '/home/strazi/RINS-kappa/workspace/install/custom_messages/local/lib/python3.10/dist-packages/custom_messages'...
[22.033s] Compiling '/home/strazi/RINS-kappa/workspace/install/custom_messages/local/lib/python3.10/dist-packages/custom_messages/__init__.py'...
[22.034s] Listing '/home/strazi/RINS-kappa/workspace/install/custom_messages/local/lib/python3.10/dist-packages/custom_messages/msg'...
[22.034s] Compiling '/home/strazi/RINS-kappa/workspace/install/custom_messages/local/lib/python3.10/dist-packages/custom_messages/msg/__init__.py'...
[22.034s] Compiling '/home/strazi/RINS-kappa/workspace/install/custom_messages/local/lib/python3.10/dist-packages/custom_messages/msg/_face_coordinates.py'...
[22.034s] Compiling '/home/strazi/RINS-kappa/workspace/install/custom_messages/local/lib/python3.10/dist-packages/custom_messages/msg/_ring_coordinates.py'...
[22.034s] Listing '/home/strazi/RINS-kappa/workspace/install/custom_messages/local/lib/python3.10/dist-packages/custom_messages/srv'...
[22.034s] Compiling '/home/strazi/RINS-kappa/workspace/install/custom_messages/local/lib/python3.10/dist-packages/custom_messages/srv/__init__.py'...
[22.034s] Compiling '/home/strazi/RINS-kappa/workspace/install/custom_messages/local/lib/python3.10/dist-packages/custom_messages/srv/_poses_in_front_of_faces.py'...
[22.034s] Compiling '/home/strazi/RINS-kappa/workspace/install/custom_messages/local/lib/python3.10/dist-packages/custom_messages/srv/_shape.py'...
[22.041s] -- Installing: /home/strazi/RINS-kappa/workspace/install/custom_messages/local/lib/python3.10/dist-packages/custom_messages/custom_messages_s__rosidl_typesupport_fastrtps_c.cpython-310-x86_64-linux-gnu.so
[22.042s] -- Set runtime path of "/home/strazi/RINS-kappa/workspace/install/custom_messages/local/lib/python3.10/dist-packages/custom_messages/custom_messages_s__rosidl_typesupport_fastrtps_c.cpython-310-x86_64-linux-gnu.so" to ""
[22.042s] -- Installing: /home/strazi/RINS-kappa/workspace/install/custom_messages/local/lib/python3.10/dist-packages/custom_messages/custom_messages_s__rosidl_typesupport_introspection_c.cpython-310-x86_64-linux-gnu.so
[22.043s] -- Set runtime path of "/home/strazi/RINS-kappa/workspace/install/custom_messages/local/lib/python3.10/dist-packages/custom_messages/custom_messages_s__rosidl_typesupport_introspection_c.cpython-310-x86_64-linux-gnu.so" to ""
[22.043s] -- Installing: /home/strazi/RINS-kappa/workspace/install/custom_messages/local/lib/python3.10/dist-packages/custom_messages/custom_messages_s__rosidl_typesupport_c.cpython-310-x86_64-linux-gnu.so
[22.043s] -- Set runtime path of "/home/strazi/RINS-kappa/workspace/install/custom_messages/local/lib/python3.10/dist-packages/custom_messages/custom_messages_s__rosidl_typesupport_c.cpython-310-x86_64-linux-gnu.so" to ""
[22.043s] -- Installing: /home/strazi/RINS-kappa/workspace/install/custom_messages/lib/libcustom_messages__rosidl_generator_py.so
[22.043s] -- Set runtime path of "/home/strazi/RINS-kappa/workspace/install/custom_messages/lib/libcustom_messages__rosidl_generator_py.so" to ""
[22.043s] -- Installing: /home/strazi/RINS-kappa/workspace/install/custom_messages/share/custom_messages/msg/FaceCoordinates.idl
[22.043s] -- Installing: /home/strazi/RINS-kappa/workspace/install/custom_messages/share/custom_messages/msg/RingCoordinates.idl
[22.044s] -- Installing: /home/strazi/RINS-kappa/workspace/install/custom_messages/share/custom_messages/srv/Shape.idl
[22.044s] -- Installing: /home/strazi/RINS-kappa/workspace/install/custom_messages/share/custom_messages/srv/PosesInFrontOfFaces.idl
[22.044s] -- Installing: /home/strazi/RINS-kappa/workspace/install/custom_messages/share/custom_messages/msg/FaceCoordinates.msg
[22.045s] -- Installing: /home/strazi/RINS-kappa/workspace/install/custom_messages/share/custom_messages/msg/RingCoordinates.msg
[22.045s] -- Installing: /home/strazi/RINS-kappa/workspace/install/custom_messages/share/custom_messages/srv/Shape.srv
[22.045s] -- Installing: /home/strazi/RINS-kappa/workspace/install/custom_messages/share/custom_messages/srv/Shape_Request.msg
[22.045s] -- Installing: /home/strazi/RINS-kappa/workspace/install/custom_messages/share/custom_messages/srv/Shape_Response.msg
[22.045s] -- Installing: /home/strazi/RINS-kappa/workspace/install/custom_messages/share/custom_messages/srv/PosesInFrontOfFaces.srv
[22.045s] -- Installing: /home/strazi/RINS-kappa/workspace/install/custom_messages/share/custom_messages/srv/PosesInFrontOfFaces_Request.msg
[22.046s] -- Installing: /home/strazi/RINS-kappa/workspace/install/custom_messages/share/custom_messages/srv/PosesInFrontOfFaces_Response.msg
[22.046s] -- Installing: /home/strazi/RINS-kappa/workspace/install/custom_messages/share/ament_index/resource_index/package_run_dependencies/custom_messages
[22.046s] -- Installing: /home/strazi/RINS-kappa/workspace/install/custom_messages/share/ament_index/resource_index/parent_prefix_path/custom_messages
[22.046s] -- Installing: /home/strazi/RINS-kappa/workspace/install/custom_messages/share/custom_messages/environment/ament_prefix_path.sh
[22.046s] -- Installing: /home/strazi/RINS-kappa/workspace/install/custom_messages/share/custom_messages/environment/ament_prefix_path.dsv
[22.047s] -- Installing: /home/strazi/RINS-kappa/workspace/install/custom_messages/share/custom_messages/environment/path.sh
[22.047s] -- Installing: /home/strazi/RINS-kappa/workspace/install/custom_messages/share/custom_messages/environment/path.dsv
[22.047s] -- Installing: /home/strazi/RINS-kappa/workspace/install/custom_messages/share/custom_messages/local_setup.bash
[22.048s] -- Installing: /home/strazi/RINS-kappa/workspace/install/custom_messages/share/custom_messages/local_setup.sh
[22.048s] -- Installing: /home/strazi/RINS-kappa/workspace/install/custom_messages/share/custom_messages/local_setup.zsh
[22.048s] -- Installing: /home/strazi/RINS-kappa/workspace/install/custom_messages/share/custom_messages/local_setup.dsv
[22.048s] -- Installing: /home/strazi/RINS-kappa/workspace/install/custom_messages/share/custom_messages/package.dsv
[22.049s] -- Installing: /home/strazi/RINS-kappa/workspace/install/custom_messages/share/ament_index/resource_index/packages/custom_messages
[22.049s] -- Installing: /home/strazi/RINS-kappa/workspace/install/custom_messages/share/custom_messages/cmake/export_custom_messages__rosidl_generator_cExport.cmake
[22.049s] -- Installing: /home/strazi/RINS-kappa/workspace/install/custom_messages/share/custom_messages/cmake/export_custom_messages__rosidl_generator_cExport-noconfig.cmake
[22.050s] -- Installing: /home/strazi/RINS-kappa/workspace/install/custom_messages/share/custom_messages/cmake/export_custom_messages__rosidl_typesupport_fastrtps_cExport.cmake
[22.050s] -- Installing: /home/strazi/RINS-kappa/workspace/install/custom_messages/share/custom_messages/cmake/export_custom_messages__rosidl_typesupport_fastrtps_cExport-noconfig.cmake
[22.050s] -- Installing: /home/strazi/RINS-kappa/workspace/install/custom_messages/share/custom_messages/cmake/export_custom_messages__rosidl_generator_cppExport.cmake
[22.050s] -- Installing: /home/strazi/RINS-kappa/workspace/install/custom_messages/share/custom_messages/cmake/export_custom_messages__rosidl_typesupport_fastrtps_cppExport.cmake
[22.050s] -- Installing: /home/strazi/RINS-kappa/workspace/install/custom_messages/share/custom_messages/cmake/export_custom_messages__rosidl_typesupport_fastrtps_cppExport-noconfig.cmake
[22.050s] -- Installing: /home/strazi/RINS-kappa/workspace/install/custom_messages/share/custom_messages/cmake/custom_messages__rosidl_typesupport_introspection_cExport.cmake
[22.051s] -- Installing: /home/strazi/RINS-kappa/workspace/install/custom_messages/share/custom_messages/cmake/custom_messages__rosidl_typesupport_introspection_cExport-noconfig.cmake
[22.051s] -- Installing: /home/strazi/RINS-kappa/workspace/install/custom_messages/share/custom_messages/cmake/custom_messages__rosidl_typesupport_cExport.cmake
[22.051s] -- Installing: /home/strazi/RINS-kappa/workspace/install/custom_messages/share/custom_messages/cmake/custom_messages__rosidl_typesupport_cExport-noconfig.cmake
[22.051s] -- Installing: /home/strazi/RINS-kappa/workspace/install/custom_messages/share/custom_messages/cmake/custom_messages__rosidl_typesupport_introspection_cppExport.cmake
[22.051s] -- Installing: /home/strazi/RINS-kappa/workspace/install/custom_messages/share/custom_messages/cmake/custom_messages__rosidl_typesupport_introspection_cppExport-noconfig.cmake
[22.052s] -- Installing: /home/strazi/RINS-kappa/workspace/install/custom_messages/share/custom_messages/cmake/custom_messages__rosidl_typesupport_cppExport.cmake
[22.052s] -- Installing: /home/strazi/RINS-kappa/workspace/install/custom_messages/share/custom_messages/cmake/custom_messages__rosidl_typesupport_cppExport-noconfig.cmake
[22.052s] -- Installing: /home/strazi/RINS-kappa/workspace/install/custom_messages/share/custom_messages/cmake/export_custom_messages__rosidl_generator_pyExport.cmake
[22.052s] -- Installing: /home/strazi/RINS-kappa/workspace/install/custom_messages/share/custom_messages/cmake/export_custom_messages__rosidl_generator_pyExport-noconfig.cmake
[22.053s] -- Installing: /home/strazi/RINS-kappa/workspace/install/custom_messages/share/custom_messages/cmake/rosidl_cmake-extras.cmake
[22.053s] -- Installing: /home/strazi/RINS-kappa/workspace/install/custom_messages/share/custom_messages/cmake/ament_cmake_export_dependencies-extras.cmake
[22.053s] -- Installing: /home/strazi/RINS-kappa/workspace/install/custom_messages/share/custom_messages/cmake/ament_cmake_export_include_directories-extras.cmake
[22.055s] -- Installing: /home/strazi/RINS-kappa/workspace/install/custom_messages/share/custom_messages/cmake/ament_cmake_export_libraries-extras.cmake
[22.055s] -- Installing: /home/strazi/RINS-kappa/workspace/install/custom_messages/share/custom_messages/cmake/ament_cmake_export_targets-extras.cmake
[22.055s] -- Installing: /home/strazi/RINS-kappa/workspace/install/custom_messages/share/custom_messages/cmake/rosidl_cmake_export_typesupport_targets-extras.cmake
[22.055s] -- Installing: /home/strazi/RINS-kappa/workspace/install/custom_messages/share/custom_messages/cmake/rosidl_cmake_export_typesupport_libraries-extras.cmake
[22.055s] -- Installing: /home/strazi/RINS-kappa/workspace/install/custom_messages/share/custom_messages/cmake/custom_messagesConfig.cmake
[22.055s] -- Installing: /home/strazi/RINS-kappa/workspace/install/custom_messages/share/custom_messages/cmake/custom_messagesConfig-version.cmake
[22.055s] -- Installing: /home/strazi/RINS-kappa/workspace/install/custom_messages/share/custom_messages/package.xml
[22.060s] Invoked command in '/home/strazi/RINS-kappa/workspace/build/custom_messages' returned '0': CMAKE_PREFIX_PATH=${CMAKE_PREFIX_PATH}:/home/strazi/RINS-kappa/workspace/install/dis_tutorial2:/opt/ros/humble /usr/bin/cmake --install /home/strazi/RINS-kappa/workspace/build/custom_messages
