In file included from [01m[K/home/strazi/RINS-kappa/workspace/build/custom_messages/rosidl_generator_c/custom_messages/msg/detail/face_coordinates__functions.h:19[m[K,
                 from [01m[K/home/strazi/RINS-kappa/workspace/build/custom_messages/rosidl_generator_c/custom_messages/msg/detail/face_coordinates__functions.c:4[m[K:
[01m[K/home/strazi/RINS-kappa/workspace/build/custom_messages/rosidl_generator_c/custom_messages/msg/detail/face_coordinates__struct.h:24:10:[m[K [01;31m[Kfatal error: [m[Kcustom_messages/msg/detail/marker__struct.h: No such file or directory
   24 | #include [01;31m[K"custom_messages/msg/detail/marker__struct.h"[m[K
      |          [01;31m[K^~~~~~~~~~~~~~~~~~~~~~~~~~~~~~~~~~~~~~~~~~~~~[m[K
compilation terminated.
gmake[2]: *** [CMakeFiles/custom_messages__rosidl_generator_c.dir/build.make:238: CMakeFiles/custom_messages__rosidl_generator_c.dir/rosidl_generator_c/custom_messages/msg/detail/face_coordinates__functions.c.o] Error 1
gmake[2]: *** Waiting for unfinished jobs....
gmake[1]: *** [CMakeFiles/Makefile2:213: CMakeFiles/custom_messages__rosidl_generator_c.dir/all] Error 2
gmake[1]: *** Waiting for unfinished jobs....
In file included from [01m[K/home/strazi/RINS-kappa/workspace/build/custom_messages/rosidl_typesupport_fastrtps_cpp/custom_messages/msg/detail/face_coordinates__rosidl_typesupport_fastrtps_cpp.hpp:11[m[K,
                 from [01m[K/home/strazi/RINS-kappa/workspace/build/custom_messages/rosidl_typesupport_fastrtps_cpp/custom_messages/msg/detail/dds_fastrtps/face_coordinates__type_support.cpp:4[m[K:
[01m[K/home/strazi/RINS-kappa/workspace/build/custom_messages/rosidl_generator_cpp/custom_messages/msg/detail/face_coordinates__struct.hpp:22:10:[m[K [01;31m[Kfatal error: [m[Kcustom_messages/msg/detail/marker__struct.hpp: No such file or directory
   22 | #include [01;31m[K"custom_messages/msg/detail/marker__struct.hpp"[m[K
      |          [01;31m[K^~~~~~~~~~~~~~~~~~~~~~~~~~~~~~~~~~~~~~~~~~~~~~~[m[K
compilation terminated.
gmake[2]: *** [CMakeFiles/custom_messages__rosidl_typesupport_fastrtps_cpp.dir/build.make:215: CMakeFiles/custom_messages__rosidl_typesupport_fastrtps_cpp.dir/rosidl_typesupport_fastrtps_cpp/custom_messages/msg/detail/dds_fastrtps/face_coordinates__type_support.cpp.o] Error 1
gmake[2]: *** Waiting for unfinished jobs....
In file included from [01m[K/home/strazi/RINS-kappa/workspace/build/custom_messages/rosidl_typesupport_cpp/custom_messages/msg/face_coordinates__type_support.cpp:7[m[K:
[01m[K/home/strazi/RINS-kappa/workspace/build/custom_messages/rosidl_generator_cpp/custom_messages/msg/detail/face_coordinates__struct.hpp:22:10:[m[K [01;31m[Kfatal error: [m[Kcustom_messages/msg/detail/marker__struct.hpp: No such file or directory
   22 | #include [01;31m[K"custom_messages/msg/detail/marker__struct.hpp"[m[K
      |          [01;31m[K^~~~~~~~~~~~~~~~~~~~~~~~~~~~~~~~~~~~~~~~~~~~~~~[m[K
compilation terminated.
gmake[2]: *** [CMakeFiles/custom_messages__rosidl_typesupport_cpp.dir/build.make:207: CMakeFiles/custom_messages__rosidl_typesupport_cpp.dir/rosidl_typesupport_cpp/custom_messages/msg/face_coordinates__type_support.cpp.o] Error 1
gmake[2]: *** Waiting for unfinished jobs....
In file included from [01m[K/home/strazi/RINS-kappa/workspace/build/custom_messages/rosidl_typesupport_introspection_cpp/custom_messages/msg/detail/face_coordinates__type_support.cpp:12[m[K:
[01m[K/home/strazi/RINS-kappa/workspace/build/custom_messages/rosidl_generator_cpp/custom_messages/msg/detail/face_coordinates__struct.hpp:22:10:[m[K [01;31m[Kfatal error: [m[Kcustom_messages/msg/detail/marker__struct.hpp: No such file or directory
   22 | #include [01;31m[K"custom_messages/msg/detail/marker__struct.hpp"[m[K
      |          [01;31m[K^~~~~~~~~~~~~~~~~~~~~~~~~~~~~~~~~~~~~~~~~~~~~~~[m[K
compilation terminated.
gmake[2]: *** [CMakeFiles/custom_messages__rosidl_typesupport_introspection_cpp.dir/build.make:215: CMakeFiles/custom_messages__rosidl_typesupport_introspection_cpp.dir/rosidl_typesupport_introspection_cpp/custom_messages/msg/detail/face_coordinates__type_support.cpp.o] Error 1
gmake[2]: *** Waiting for unfinished jobs....
gmake[1]: *** [CMakeFiles/Makefile2:395: CMakeFiles/custom_messages__rosidl_typesupport_cpp.dir/all] Error 2
gmake[1]: *** [CMakeFiles/Makefile2:369: CMakeFiles/custom_messages__rosidl_typesupport_introspection_cpp.dir/all] Error 2
gmake[1]: *** [CMakeFiles/Makefile2:291: CMakeFiles/custom_messages__rosidl_typesupport_fastrtps_cpp.dir/all] Error 2
gmake: *** [Makefile:146: all] Error 2
