-- Found ament_cmake: 1.3.11 (/opt/ros/humble/share/ament_cmake/cmake)
-- Found geometry_msgs: 4.2.4 (/opt/ros/humble/share/geometry_msgs/cmake)
-- Found rosidl_generator_c: 3.1.6 (/opt/ros/humble/share/rosidl_generator_c/cmake)
-- Found rosidl_adapter: 3.1.6 (/opt/ros/humble/share/rosidl_adapter/cmake)
-- Found rosidl_generator_cpp: 3.1.6 (/opt/ros/humble/share/rosidl_generator_cpp/cmake)
-- Using all available rosidl_typesupport_c: rosidl_typesupport_fastrtps_c;rosidl_typesupport_introspection_c
-- Using all available rosidl_typesupport_cpp: rosidl_typesupport_fastrtps_cpp;rosidl_typesupport_introspection_cpp
-- Found visualization_msgs: 4.2.4 (/opt/ros/humble/share/visualization_msgs/cmake)
-- Found rosidl_default_generators: 1.2.0 (/opt/ros/humble/share/rosidl_default_generators/cmake)
-- Found ament_cmake_ros: 0.10.0 (/opt/ros/humble/share/ament_cmake_ros/cmake)
-- Using all available rosidl_typesupport_c: rosidl_typesupport_fastrtps_c;rosidl_typesupport_introspection_c
-- Using all available rosidl_typesupport_cpp: rosidl_typesupport_fastrtps_cpp;rosidl_typesupport_introspection_cpp
-- Found python_cmake_module: 0.10.0 (/opt/ros/humble/share/python_cmake_module/cmake)
-- Using PYTHON_EXECUTABLE: /usr/bin/python3
-- Using PYTHON_INCLUDE_DIRS: /usr/include/python3.10
-- Using PYTHON_LIBRARIES: /usr/lib/x86_64-linux-gnu/libpython3.10.so
-- Found ament_lint_auto: 0.12.11 (/opt/ros/humble/share/ament_lint_auto/cmake)
-- Added test 'lint_cmake' to check CMake code style
-- Added test 'xmllint' to check XML markup files
-- Configuring done
-- Generating done
-- Build files have been written to: /home/strazi/RINS-kappa/workspace/build/custom_messages
[35m[1mConsolidate compiler generated dependencies of target custom_messages__rosidl_generator_c[0m
[  2%] Built target custom_messages__cpp
[  5%] [32mBuilding C object CMakeFiles/custom_messages__rosidl_generator_c.dir/rosidl_generator_c/custom_messages/msg/detail/face_coordinates__functions.c.o[0m
[  7%] [32mBuilding C object CMakeFiles/custom_messages__rosidl_generator_c.dir/rosidl_generator_c/custom_messages/srv/detail/shape__functions.c.o[0m
[  7%] Built target ament_cmake_python_copy_custom_messages
[35m[1mConsolidate compiler generated dependencies of target custom_messages__rosidl_typesupport_fastrtps_cpp[0m
[35m[1mConsolidate compiler generated dependencies of target custom_messages__rosidl_typesupport_introspection_cpp[0m
[35m[1mConsolidate compiler generated dependencies of target custom_messages__rosidl_typesupport_cpp[0m
In file included from [01m[K/home/strazi/RINS-kappa/workspace/build/custom_messages/rosidl_generator_c/custom_messages/msg/detail/face_coordinates__functions.h:19[m[K,
                 from [01m[K/home/strazi/RINS-kappa/workspace/build/custom_messages/rosidl_generator_c/custom_messages/msg/detail/face_coordinates__functions.c:4[m[K:
[01m[K/home/strazi/RINS-kappa/workspace/build/custom_messages/rosidl_generator_c/custom_messages/msg/detail/face_coordinates__struct.h:24:10:[m[K [01;31m[Kfatal error: [m[Kcustom_messages/msg/detail/marker__struct.h: No such file or directory
   24 | #include [01;31m[K"custom_messages/msg/detail/marker__struct.h"[m[K
      |          [01;31m[K^~~~~~~~~~~~~~~~~~~~~~~~~~~~~~~~~~~~~~~~~~~~~[m[K
compilation terminated.
gmake[2]: *** [CMakeFiles/custom_messages__rosidl_generator_c.dir/build.make:238: CMakeFiles/custom_messages__rosidl_generator_c.dir/rosidl_generator_c/custom_messages/msg/detail/face_coordinates__functions.c.o] Error 1
gmake[2]: *** Waiting for unfinished jobs....
[ 10%] [32mBuilding CXX object CMakeFiles/custom_messages__rosidl_typesupport_fastrtps_cpp.dir/rosidl_typesupport_fastrtps_cpp/custom_messages/msg/detail/dds_fastrtps/face_coordinates__type_support.cpp.o[0m
[ 12%] [32mBuilding CXX object CMakeFiles/custom_messages__rosidl_typesupport_fastrtps_cpp.dir/rosidl_typesupport_fastrtps_cpp/custom_messages/srv/detail/dds_fastrtps/shape__type_support.cpp.o[0m
[ 15%] [32mBuilding CXX object CMakeFiles/custom_messages__rosidl_typesupport_cpp.dir/rosidl_typesupport_cpp/custom_messages/srv/shape__type_support.cpp.o[0m
[ 17%] [32mBuilding CXX object CMakeFiles/custom_messages__rosidl_typesupport_introspection_cpp.dir/rosidl_typesupport_introspection_cpp/custom_messages/msg/detail/face_coordinates__type_support.cpp.o[0m
[ 20%] [32mBuilding CXX object CMakeFiles/custom_messages__rosidl_typesupport_cpp.dir/rosidl_typesupport_cpp/custom_messages/msg/face_coordinates__type_support.cpp.o[0m
[ 23%] [32mBuilding CXX object CMakeFiles/custom_messages__rosidl_typesupport_introspection_cpp.dir/rosidl_typesupport_introspection_cpp/custom_messages/srv/detail/shape__type_support.cpp.o[0m
gmake[1]: *** [CMakeFiles/Makefile2:213: CMakeFiles/custom_messages__rosidl_generator_c.dir/all] Error 2
gmake[1]: *** Waiting for unfinished jobs....
In file included from [01m[K/home/strazi/RINS-kappa/workspace/build/custom_messages/rosidl_typesupport_fastrtps_cpp/custom_messages/msg/detail/face_coordinates__rosidl_typesupport_fastrtps_cpp.hpp:11[m[K,
                 from [01m[K/home/strazi/RINS-kappa/workspace/build/custom_messages/rosidl_typesupport_fastrtps_cpp/custom_messages/msg/detail/dds_fastrtps/face_coordinates__type_support.cpp:4[m[K:
[01m[K/home/strazi/RINS-kappa/workspace/build/custom_messages/rosidl_generator_cpp/custom_messages/msg/detail/face_coordinates__struct.hpp:22:10:[m[K [01;31m[Kfatal error: [m[Kcustom_messages/msg/detail/marker__struct.hpp: No such file or directory
   22 | #include [01;31m[K"custom_messages/msg/detail/marker__struct.hpp"[m[K
      |          [01;31m[K^~~~~~~~~~~~~~~~~~~~~~~~~~~~~~~~~~~~~~~~~~~~~~~[m[K
compilation terminated.
gmake[2]: *** [CMakeFiles/custom_messages__rosidl_typesupport_fastrtps_cpp.dir/build.make:215: CMakeFiles/custom_messages__rosidl_typesupport_fastrtps_cpp.dir/rosidl_typesupport_fastrtps_cpp/custom_messages/msg/detail/dds_fastrtps/face_coordinates__type_support.cpp.o] Error 1
gmake[2]: *** Waiting for unfinished jobs....
In file included from [01m[K/home/strazi/RINS-kappa/workspace/build/custom_messages/rosidl_typesupport_cpp/custom_messages/msg/face_coordinates__type_support.cpp:7[m[K:
[01m[K/home/strazi/RINS-kappa/workspace/build/custom_messages/rosidl_generator_cpp/custom_messages/msg/detail/face_coordinates__struct.hpp:22:10:[m[K [01;31m[Kfatal error: [m[Kcustom_messages/msg/detail/marker__struct.hpp: No such file or directory
   22 | #include [01;31m[K"custom_messages/msg/detail/marker__struct.hpp"[m[K
      |          [01;31m[K^~~~~~~~~~~~~~~~~~~~~~~~~~~~~~~~~~~~~~~~~~~~~~~[m[K
compilation terminated.
gmake[2]: *** [CMakeFiles/custom_messages__rosidl_typesupport_cpp.dir/build.make:207: CMakeFiles/custom_messages__rosidl_typesupport_cpp.dir/rosidl_typesupport_cpp/custom_messages/msg/face_coordinates__type_support.cpp.o] Error 1
gmake[2]: *** Waiting for unfinished jobs....
In file included from [01m[K/home/strazi/RINS-kappa/workspace/build/custom_messages/rosidl_typesupport_introspection_cpp/custom_messages/msg/detail/face_coordinates__type_support.cpp:12[m[K:
[01m[K/home/strazi/RINS-kappa/workspace/build/custom_messages/rosidl_generator_cpp/custom_messages/msg/detail/face_coordinates__struct.hpp:22:10:[m[K [01;31m[Kfatal error: [m[Kcustom_messages/msg/detail/marker__struct.hpp: No such file or directory
   22 | #include [01;31m[K"custom_messages/msg/detail/marker__struct.hpp"[m[K
      |          [01;31m[K^~~~~~~~~~~~~~~~~~~~~~~~~~~~~~~~~~~~~~~~~~~~~~~[m[K
compilation terminated.
gmake[2]: *** [CMakeFiles/custom_messages__rosidl_typesupport_introspection_cpp.dir/build.make:215: CMakeFiles/custom_messages__rosidl_typesupport_introspection_cpp.dir/rosidl_typesupport_introspection_cpp/custom_messages/msg/detail/face_coordinates__type_support.cpp.o] Error 1
gmake[2]: *** Waiting for unfinished jobs....
running egg_info
writing custom_messages.egg-info/PKG-INFO
writing dependency_links to custom_messages.egg-info/dependency_links.txt
writing top-level names to custom_messages.egg-info/top_level.txt
reading manifest file 'custom_messages.egg-info/SOURCES.txt'
writing manifest file 'custom_messages.egg-info/SOURCES.txt'
gmake[1]: *** [CMakeFiles/Makefile2:395: CMakeFiles/custom_messages__rosidl_typesupport_cpp.dir/all] Error 2
[ 23%] Built target ament_cmake_python_build_custom_messages_egg
gmake[1]: *** [CMakeFiles/Makefile2:369: CMakeFiles/custom_messages__rosidl_typesupport_introspection_cpp.dir/all] Error 2
gmake[1]: *** [CMakeFiles/Makefile2:291: CMakeFiles/custom_messages__rosidl_typesupport_fastrtps_cpp.dir/all] Error 2
gmake: *** [Makefile:146: all] Error 2
