[0.023s] Invoking command in '/home/strazi/RINS-kappa/workspace/build/custom_messages': CMAKE_PREFIX_PATH=${CMAKE_PREFIX_PATH}:/home/strazi/RINS-kappa/workspace/install/dis_tutorial2:/opt/ros/humble /usr/bin/cmake --build /home/strazi/RINS-kappa/workspace/build/custom_messages -- -j12 -l12
[0.256s] -- Found ament_cmake: 1.3.11 (/opt/ros/humble/share/ament_cmake/cmake)
[0.256s] -- Found geometry_msgs: 4.2.4 (/opt/ros/humble/share/geometry_msgs/cmake)
[0.256s] -- Found rosidl_generator_c: 3.1.6 (/opt/ros/humble/share/rosidl_generator_c/cmake)
[0.256s] -- Found rosidl_adapter: 3.1.6 (/opt/ros/humble/share/rosidl_adapter/cmake)
[0.256s] -- Found rosidl_generator_cpp: 3.1.6 (/opt/ros/humble/share/rosidl_generator_cpp/cmake)
[0.256s] -- Using all available rosidl_typesupport_c: rosidl_typesupport_fastrtps_c;rosidl_typesupport_introspection_c
[0.256s] -- Using all available rosidl_typesupport_cpp: rosidl_typesupport_fastrtps_cpp;rosidl_typesupport_introspection_cpp
[0.257s] -- Found visualization_msgs: 4.2.4 (/opt/ros/humble/share/visualization_msgs/cmake)
[0.279s] -- Found rosidl_default_generators: 1.2.0 (/opt/ros/humble/share/rosidl_default_generators/cmake)
[0.545s] -- Found ament_cmake_ros: 0.10.0 (/opt/ros/humble/share/ament_cmake_ros/cmake)
[0.974s] -- Using all available rosidl_typesupport_c: rosidl_typesupport_fastrtps_c;rosidl_typesupport_introspection_c
[1.147s] -- Using all available rosidl_typesupport_cpp: rosidl_typesupport_fastrtps_cpp;rosidl_typesupport_introspection_cpp
[1.166s] -- Found python_cmake_module: 0.10.0 (/opt/ros/humble/share/python_cmake_module/cmake)
[1.189s] -- Using PYTHON_EXECUTABLE: /usr/bin/python3
[1.189s] -- Using PYTHON_INCLUDE_DIRS: /usr/include/python3.10
[1.189s] -- Using PYTHON_LIBRARIES: /usr/lib/x86_64-linux-gnu/libpython3.10.so
[1.256s] -- Found ament_lint_auto: 0.12.11 (/opt/ros/humble/share/ament_lint_auto/cmake)
[1.264s] -- Added test 'lint_cmake' to check CMake code style
[1.265s] -- Added test 'xmllint' to check XML markup files
[1.266s] -- Configuring done
[1.303s] -- Generating done
[1.316s] -- Build files have been written to: /home/strazi/RINS-kappa/workspace/build/custom_messages
[1.341s] [35m[1mConsolidate compiler generated dependencies of target custom_messages__rosidl_generator_c[0m
[1.351s] [  2%] Built target custom_messages__cpp
[1.352s] [  5%] [32mBuilding C object CMakeFiles/custom_messages__rosidl_generator_c.dir/rosidl_generator_c/custom_messages/msg/detail/face_coordinates__functions.c.o[0m
[1.352s] [  7%] [32mBuilding C object CMakeFiles/custom_messages__rosidl_generator_c.dir/rosidl_generator_c/custom_messages/srv/detail/shape__functions.c.o[0m
[1.360s] [  7%] Built target ament_cmake_python_copy_custom_messages
[1.362s] [35m[1mConsolidate compiler generated dependencies of target custom_messages__rosidl_typesupport_fastrtps_cpp[0m
[1.363s] [35m[1mConsolidate compiler generated dependencies of target custom_messages__rosidl_typesupport_introspection_cpp[0m
[1.364s] [35m[1mConsolidate compiler generated dependencies of target custom_messages__rosidl_typesupport_cpp[0m
[1.371s] In file included from [01m[K/home/strazi/RINS-kappa/workspace/build/custom_messages/rosidl_generator_c/custom_messages/msg/detail/face_coordinates__functions.h:19[m[K,
[1.371s]                  from [01m[K/home/strazi/RINS-kappa/workspace/build/custom_messages/rosidl_generator_c/custom_messages/msg/detail/face_coordinates__functions.c:4[m[K:
[1.371s] [01m[K/home/strazi/RINS-kappa/workspace/build/custom_messages/rosidl_generator_c/custom_messages/msg/detail/face_coordinates__struct.h:24:10:[m[K [01;31m[Kfatal error: [m[Kcustom_messages/msg/detail/marker__struct.h: No such file or directory
[1.372s]    24 | #include [01;31m[K"custom_messages/msg/detail/marker__struct.h"[m[K
[1.372s]       |          [01;31m[K^~~~~~~~~~~~~~~~~~~~~~~~~~~~~~~~~~~~~~~~~~~~~[m[K
[1.372s] compilation terminated.
[1.373s] gmake[2]: *** [CMakeFiles/custom_messages__rosidl_generator_c.dir/build.make:238: CMakeFiles/custom_messages__rosidl_generator_c.dir/rosidl_generator_c/custom_messages/msg/detail/face_coordinates__functions.c.o] Error 1
[1.373s] gmake[2]: *** Waiting for unfinished jobs....
[1.377s] [ 10%] [32mBuilding CXX object CMakeFiles/custom_messages__rosidl_typesupport_fastrtps_cpp.dir/rosidl_typesupport_fastrtps_cpp/custom_messages/msg/detail/dds_fastrtps/face_coordinates__type_support.cpp.o[0m
[1.377s] [ 12%] [32mBuilding CXX object CMakeFiles/custom_messages__rosidl_typesupport_fastrtps_cpp.dir/rosidl_typesupport_fastrtps_cpp/custom_messages/srv/detail/dds_fastrtps/shape__type_support.cpp.o[0m
[1.379s] [ 15%] [32mBuilding CXX object CMakeFiles/custom_messages__rosidl_typesupport_cpp.dir/rosidl_typesupport_cpp/custom_messages/srv/shape__type_support.cpp.o[0m
[1.379s] [ 17%] [32mBuilding CXX object CMakeFiles/custom_messages__rosidl_typesupport_introspection_cpp.dir/rosidl_typesupport_introspection_cpp/custom_messages/msg/detail/face_coordinates__type_support.cpp.o[0m
[1.379s] [ 20%] [32mBuilding CXX object CMakeFiles/custom_messages__rosidl_typesupport_cpp.dir/rosidl_typesupport_cpp/custom_messages/msg/face_coordinates__type_support.cpp.o[0m
[1.380s] [ 23%] [32mBuilding CXX object CMakeFiles/custom_messages__rosidl_typesupport_introspection_cpp.dir/rosidl_typesupport_introspection_cpp/custom_messages/srv/detail/shape__type_support.cpp.o[0m
[1.401s] gmake[1]: *** [CMakeFiles/Makefile2:213: CMakeFiles/custom_messages__rosidl_generator_c.dir/all] Error 2
[1.401s] gmake[1]: *** Waiting for unfinished jobs....
[1.449s] In file included from [01m[K/home/strazi/RINS-kappa/workspace/build/custom_messages/rosidl_typesupport_fastrtps_cpp/custom_messages/msg/detail/face_coordinates__rosidl_typesupport_fastrtps_cpp.hpp:11[m[K,
[1.449s]                  from [01m[K/home/strazi/RINS-kappa/workspace/build/custom_messages/rosidl_typesupport_fastrtps_cpp/custom_messages/msg/detail/dds_fastrtps/face_coordinates__type_support.cpp:4[m[K:
[1.449s] [01m[K/home/strazi/RINS-kappa/workspace/build/custom_messages/rosidl_generator_cpp/custom_messages/msg/detail/face_coordinates__struct.hpp:22:10:[m[K [01;31m[Kfatal error: [m[Kcustom_messages/msg/detail/marker__struct.hpp: No such file or directory
[1.449s]    22 | #include [01;31m[K"custom_messages/msg/detail/marker__struct.hpp"[m[K
[1.449s]       |          [01;31m[K^~~~~~~~~~~~~~~~~~~~~~~~~~~~~~~~~~~~~~~~~~~~~~~[m[K
[1.449s] compilation terminated.
[1.450s] gmake[2]: *** [CMakeFiles/custom_messages__rosidl_typesupport_fastrtps_cpp.dir/build.make:215: CMakeFiles/custom_messages__rosidl_typesupport_fastrtps_cpp.dir/rosidl_typesupport_fastrtps_cpp/custom_messages/msg/detail/dds_fastrtps/face_coordinates__type_support.cpp.o] Error 1
[1.450s] gmake[2]: *** Waiting for unfinished jobs....
[1.455s] In file included from [01m[K/home/strazi/RINS-kappa/workspace/build/custom_messages/rosidl_typesupport_cpp/custom_messages/msg/face_coordinates__type_support.cpp:7[m[K:
[1.455s] [01m[K/home/strazi/RINS-kappa/workspace/build/custom_messages/rosidl_generator_cpp/custom_messages/msg/detail/face_coordinates__struct.hpp:22:10:[m[K [01;31m[Kfatal error: [m[Kcustom_messages/msg/detail/marker__struct.hpp: No such file or directory
[1.455s]    22 | #include [01;31m[K"custom_messages/msg/detail/marker__struct.hpp"[m[K
[1.455s]       |          [01;31m[K^~~~~~~~~~~~~~~~~~~~~~~~~~~~~~~~~~~~~~~~~~~~~~~[m[K
[1.455s] compilation terminated.
[1.457s] gmake[2]: *** [CMakeFiles/custom_messages__rosidl_typesupport_cpp.dir/build.make:207: CMakeFiles/custom_messages__rosidl_typesupport_cpp.dir/rosidl_typesupport_cpp/custom_messages/msg/face_coordinates__type_support.cpp.o] Error 1
[1.457s] gmake[2]: *** Waiting for unfinished jobs....
[1.463s] In file included from [01m[K/home/strazi/RINS-kappa/workspace/build/custom_messages/rosidl_typesupport_introspection_cpp/custom_messages/msg/detail/face_coordinates__type_support.cpp:12[m[K:
[1.463s] [01m[K/home/strazi/RINS-kappa/workspace/build/custom_messages/rosidl_generator_cpp/custom_messages/msg/detail/face_coordinates__struct.hpp:22:10:[m[K [01;31m[Kfatal error: [m[Kcustom_messages/msg/detail/marker__struct.hpp: No such file or directory
[1.463s]    22 | #include [01;31m[K"custom_messages/msg/detail/marker__struct.hpp"[m[K
[1.463s]       |          [01;31m[K^~~~~~~~~~~~~~~~~~~~~~~~~~~~~~~~~~~~~~~~~~~~~~~[m[K
[1.463s] compilation terminated.
[1.465s] gmake[2]: *** [CMakeFiles/custom_messages__rosidl_typesupport_introspection_cpp.dir/build.make:215: CMakeFiles/custom_messages__rosidl_typesupport_introspection_cpp.dir/rosidl_typesupport_introspection_cpp/custom_messages/msg/detail/face_coordinates__type_support.cpp.o] Error 1
[1.465s] gmake[2]: *** Waiting for unfinished jobs....
[1.590s] running egg_info
[1.591s] writing custom_messages.egg-info/PKG-INFO
[1.591s] writing dependency_links to custom_messages.egg-info/dependency_links.txt
[1.591s] writing top-level names to custom_messages.egg-info/top_level.txt
[1.593s] reading manifest file 'custom_messages.egg-info/SOURCES.txt'
[1.593s] writing manifest file 'custom_messages.egg-info/SOURCES.txt'
[1.603s] gmake[1]: *** [CMakeFiles/Makefile2:395: CMakeFiles/custom_messages__rosidl_typesupport_cpp.dir/all] Error 2
[1.613s] [ 23%] Built target ament_cmake_python_build_custom_messages_egg
[1.707s] gmake[1]: *** [CMakeFiles/Makefile2:369: CMakeFiles/custom_messages__rosidl_typesupport_introspection_cpp.dir/all] Error 2
[1.708s] gmake[1]: *** [CMakeFiles/Makefile2:291: CMakeFiles/custom_messages__rosidl_typesupport_fastrtps_cpp.dir/all] Error 2
[1.709s] gmake: *** [Makefile:146: all] Error 2
[1.711s] Invoked command in '/home/strazi/RINS-kappa/workspace/build/custom_messages' returned '2': CMAKE_PREFIX_PATH=${CMAKE_PREFIX_PATH}:/home/strazi/RINS-kappa/workspace/install/dis_tutorial2:/opt/ros/humble /usr/bin/cmake --build /home/strazi/RINS-kappa/workspace/build/custom_messages -- -j12 -l12
