[0.185s] Invoking command in '/home/kappa/RINS-kappa/workspace/build/dis_tutorial4': CMAKE_PREFIX_PATH=/opt/ros/humble /usr/bin/cmake /home/kappa/RINS-kappa/workspace/src/dis_tutorial4 -DCMAKE_INSTALL_PREFIX=/home/kappa/RINS-kappa/workspace/install/dis_tutorial4
[0.219s] -- The C compiler identification is GNU 11.4.0
[0.258s] -- The CXX compiler identification is GNU 11.4.0
[0.263s] -- Detecting C compiler ABI info
[0.310s] -- Detecting C compiler ABI info - done
[0.315s] -- Check for working C compiler: /usr/bin/cc - skipped
[0.315s] -- Detecting C compile features
[0.316s] -- Detecting C compile features - done
[0.319s] -- Detecting CXX compiler ABI info
[0.372s] -- Detecting CXX compiler ABI info - done
[0.378s] -- Check for working CXX compiler: /usr/bin/c++ - skipped
[0.378s] -- Detecting CXX compile features
[0.379s] -- Detecting CXX compile features - done
[0.380s] -- Found ament_cmake: 1.3.11 (/opt/ros/humble/share/ament_cmake/cmake)
[0.497s] -- Found Python3: /usr/bin/python3 (found version "3.10.12") found components: Interpreter 
[0.567s] -- Found rclcpp: 16.0.11 (/opt/ros/humble/share/rclcpp/cmake)
[0.597s] -- Found rosidl_generator_c: 3.1.6 (/opt/ros/humble/share/rosidl_generator_c/cmake)
[0.601s] -- Found rosidl_adapter: 3.1.6 (/opt/ros/humble/share/rosidl_adapter/cmake)
[0.607s] -- Found rosidl_generator_cpp: 3.1.6 (/opt/ros/humble/share/rosidl_generator_cpp/cmake)
[0.615s] -- Using all available rosidl_typesupport_c: rosidl_typesupport_fastrtps_c;rosidl_typesupport_introspection_c
[0.627s] -- Using all available rosidl_typesupport_cpp: rosidl_typesupport_fastrtps_cpp;rosidl_typesupport_introspection_cpp
[0.662s] -- Found rmw_implementation_cmake: 6.1.2 (/opt/ros/humble/share/rmw_implementation_cmake/cmake)
[0.664s] -- Found rmw_fastrtps_cpp: 6.2.7 (/opt/ros/humble/share/rmw_fastrtps_cpp/cmake)
[0.721s] -- Found OpenSSL: /usr/lib/x86_64-linux-gnu/libcrypto.so (found version "3.0.2")  
[0.740s] -- Found FastRTPS: /opt/ros/humble/include  
[0.773s] -- Using RMW implementation 'rmw_fastrtps_cpp' as default
[0.779s] -- Looking for pthread.h
[0.826s] -- Looking for pthread.h - found
[0.826s] -- Performing Test CMAKE_HAVE_LIBC_PTHREAD
[0.878s] -- Performing Test CMAKE_HAVE_LIBC_PTHREAD - Success
[0.879s] -- Found Threads: TRUE  
[0.918s] -- Found rclpy: 3.3.15 (/opt/ros/humble/share/rclpy/cmake)
[0.919s] -- Found std_srvs: 4.2.4 (/opt/ros/humble/share/std_srvs/cmake)
[0.927s] -- Found action_msgs: 1.2.1 (/opt/ros/humble/share/action_msgs/cmake)
[0.946s] -- Found nav2_msgs: 1.1.18 (/opt/ros/humble/share/nav2_msgs/cmake)
[0.991s] -- Found visualization_msgs: 4.2.4 (/opt/ros/humble/share/visualization_msgs/cmake)
[1.072s] -- Configuring done
[1.075s] -- Generating done
[1.077s] -- Build files have been written to: /home/kappa/RINS-kappa/workspace/build/dis_tutorial4
[1.086s] Invoked command in '/home/kappa/RINS-kappa/workspace/build/dis_tutorial4' returned '0': CMAKE_PREFIX_PATH=/opt/ros/humble /usr/bin/cmake /home/kappa/RINS-kappa/workspace/src/dis_tutorial4 -DCMAKE_INSTALL_PREFIX=/home/kappa/RINS-kappa/workspace/install/dis_tutorial4
[1.086s] Invoking command in '/home/kappa/RINS-kappa/workspace/build/dis_tutorial4': CMAKE_PREFIX_PATH=/opt/ros/humble /usr/bin/cmake --build /home/kappa/RINS-kappa/workspace/build/dis_tutorial4 -- -j16 -l16
[1.112s] Invoked command in '/home/kappa/RINS-kappa/workspace/build/dis_tutorial4' returned '0': CMAKE_PREFIX_PATH=/opt/ros/humble /usr/bin/cmake --build /home/kappa/RINS-kappa/workspace/build/dis_tutorial4 -- -j16 -l16
[1.113s] Invoking command in '/home/kappa/RINS-kappa/workspace/build/dis_tutorial4': CMAKE_PREFIX_PATH=/opt/ros/humble /usr/bin/cmake --install /home/kappa/RINS-kappa/workspace/build/dis_tutorial4
[1.118s] -- Install configuration: ""
[1.118s] -- Installing: /home/kappa/RINS-kappa/workspace/install/dis_tutorial4/share/dis_tutorial4//launch
[1.118s] -- Installing: /home/kappa/RINS-kappa/workspace/install/dis_tutorial4/share/dis_tutorial4//launch/dis_sim.launch.py
[1.118s] -- Installing: /home/kappa/RINS-kappa/workspace/install/dis_tutorial4/share/dis_tutorial4//launch/sim_turtlebot_nav.launch.py
[1.118s] -- Installing: /home/kappa/RINS-kappa/workspace/install/dis_tutorial4/share/dis_tutorial4//launch/localization.launch.py
[1.118s] -- Installing: /home/kappa/RINS-kappa/workspace/install/dis_tutorial4/share/dis_tutorial4//launch/ignition.launch.py
[1.118s] -- Installing: /home/kappa/RINS-kappa/workspace/install/dis_tutorial4/share/dis_tutorial4//launch/turtlebot4_spawn.launch.py
[1.118s] -- Installing: /home/kappa/RINS-kappa/workspace/install/dis_tutorial4/share/dis_tutorial4//launch/sim_turtlebot_slam.launch.py
[1.118s] -- Installing: /home/kappa/RINS-kappa/workspace/install/dis_tutorial4/share/dis_tutorial4//launch/nav2.launch.py
[1.118s] -- Installing: /home/kappa/RINS-kappa/workspace/install/dis_tutorial4/share/dis_tutorial4//launch/slam.launch.py
[1.118s] -- Installing: /home/kappa/RINS-kappa/workspace/install/dis_tutorial4/share/dis_tutorial4//launch/create3_nodes.launch.py
[1.118s] -- Installing: /home/kappa/RINS-kappa/workspace/install/dis_tutorial4/share/dis_tutorial4//launch/turtlebot4_spawn_nav.launch.py
[1.119s] -- Installing: /home/kappa/RINS-kappa/workspace/install/dis_tutorial4/lib/dis_tutorial4/map_goals.py
[1.119s] -- Installing: /home/kappa/RINS-kappa/workspace/install/dis_tutorial4/lib/dis_tutorial4/transform_point.py
[1.119s] -- Installing: /home/kappa/RINS-kappa/workspace/install/dis_tutorial4/share/ament_index/resource_index/package_run_dependencies/dis_tutorial4
[1.119s] -- Installing: /home/kappa/RINS-kappa/workspace/install/dis_tutorial4/share/ament_index/resource_index/parent_prefix_path/dis_tutorial4
[1.119s] -- Installing: /home/kappa/RINS-kappa/workspace/install/dis_tutorial4/share/dis_tutorial4/environment/ament_prefix_path.sh
[1.119s] -- Installing: /home/kappa/RINS-kappa/workspace/install/dis_tutorial4/share/dis_tutorial4/environment/ament_prefix_path.dsv
[1.119s] -- Installing: /home/kappa/RINS-kappa/workspace/install/dis_tutorial4/share/dis_tutorial4/environment/path.sh
[1.119s] -- Installing: /home/kappa/RINS-kappa/workspace/install/dis_tutorial4/share/dis_tutorial4/environment/path.dsv
[1.119s] -- Installing: /home/kappa/RINS-kappa/workspace/install/dis_tutorial4/share/dis_tutorial4/local_setup.bash
[1.119s] -- Installing: /home/kappa/RINS-kappa/workspace/install/dis_tutorial4/share/dis_tutorial4/local_setup.sh
[1.119s] -- Installing: /home/kappa/RINS-kappa/workspace/install/dis_tutorial4/share/dis_tutorial4/local_setup.zsh
[1.119s] -- Installing: /home/kappa/RINS-kappa/workspace/install/dis_tutorial4/share/dis_tutorial4/local_setup.dsv
[1.119s] -- Installing: /home/kappa/RINS-kappa/workspace/install/dis_tutorial4/share/dis_tutorial4/package.dsv
[1.119s] -- Installing: /home/kappa/RINS-kappa/workspace/install/dis_tutorial4/share/ament_index/resource_index/packages/dis_tutorial4
[1.120s] -- Installing: /home/kappa/RINS-kappa/workspace/install/dis_tutorial4/share/dis_tutorial4/cmake/dis_tutorial4Config.cmake
[1.120s] -- Installing: /home/kappa/RINS-kappa/workspace/install/dis_tutorial4/share/dis_tutorial4/cmake/dis_tutorial4Config-version.cmake
[1.120s] -- Installing: /home/kappa/RINS-kappa/workspace/install/dis_tutorial4/share/dis_tutorial4/package.xml
[1.121s] Invoked command in '/home/kappa/RINS-kappa/workspace/build/dis_tutorial4' returned '0': CMAKE_PREFIX_PATH=/opt/ros/humble /usr/bin/cmake --install /home/kappa/RINS-kappa/workspace/build/dis_tutorial4
